[2023-07-06 16:59:46] [world] The Player <Enderlava> has said => 建家
[2023-07-06 17:07:06] [world_the_end] The Player <wqe123420> has said => HI
[2023-07-06 17:07:11] [world] The Player <Enderlava> has said => 云服务器还在复制
[2023-07-06 17:07:12] [world] The Player <Enderlava> has said => HI
[2023-07-06 17:07:26] [world] The Player <Enderlava> has said => Receiving objects: 14% (1497/10593), 506.95 MiB | 2.51 MiB/s
[2023-07-06 17:07:33] [world] The Player <Enderlava> has said => 目前情况
[2023-07-06 17:20:52] [world] The Player <Funget114514> has said => ok
[2023-07-06 18:13:40] [world] The Player <wqe123420> has said => LZY咋进不来
[2023-07-06 18:38:07] [world] The Player <Funget114514> has said => 在干嘛
[2023-07-06 18:39:15] [world] The Player <Funget114514> has said => 对不起
[2023-07-06 18:45:57] [world] The Player <Funget114514> has said => c
[2023-07-06 18:46:05] [world] The Player <wqe123420> has said => ?
[2023-07-06 18:49:58] [world] The Player <Funget114514> has said => 别搞了
[2023-07-06 19:16:02] [world] The Player <wqe123420> has said => 打完了
[2023-07-06 19:16:16] [world] The Player <wqe123420> has said => 打完了
[2023-07-06 19:17:52] [world] The Player <Enderlava> has said => ？？？？
[2023-07-06 19:17:56] [world_nether] The Player <wqe123420> has said => ?
[2023-07-06 19:25:35] [world] The Player <Funget114514> has said => 谁有钻石
[2023-07-06 21:09:02] [world] The Player <Funget114514> has said => 谁有钻石
[2023-07-06 22:38:36] [world] The Player <Enderlava> has said => 宝典换新了
[2023-07-06 22:38:45] [world] The Player <wqe123420> has said => ?
[2023-07-06 22:38:45] [world] The Player <Enderlava> has said => 旧的不能用了
[2023-07-06 22:38:50] [world] The Player <Enderlava> has said => 找我换
[2023-07-06 22:40:33] [world] The Player <Enderlava> has said => 给了
[2023-07-06 22:41:36] [world] The Player <Enderlava> has said => 睡了
[2023-07-06 22:41:43] [world] The Player <Enderlava> has said => 明早开
[2023-07-06 22:42:03] [world] The Player <Enderlava> has said => 关了
