[2023-07-10 09:33:44] [world] The Player <Enderlava> has said => 过来
[2023-07-10 09:34:06] [world] The Player <Enderlava> has said => 可以tnt 复制啊
[2023-07-10 09:34:07] [world] The Player <wqe123420> has said => OK
[2023-07-10 09:34:23] [world] The Player <Enderlava> has said => 你机器太旧了吧
[2023-07-10 09:34:30] [world] The Player <wqe123420> has said => 你等一下
[2023-07-10 09:37:28] [world] The Player <wqe123420> has said => 不行啊
[2023-07-10 09:37:34] [world] The Player <Enderlava> has said => ?
[2023-07-10 09:37:34] [world] The Player <wqe123420> has said => COME
[2023-07-10 09:38:04] [world] The Player <Enderlava> has said => 你这机器本身可能有问题
[2023-07-10 09:38:21] [world] The Player <Enderlava> has said => 可能不适配1.19
[2023-07-10 09:38:33] [world] The Player <wqe123420> has said => ????????????????
[2023-07-10 09:38:36] [world] The Player <wqe123420> has said => C
[2023-07-10 09:38:44] [world] The Player <Enderlava> has said => 反正我刚刚那个可以
[2023-07-10 09:39:17] [world] The Player <wqe123420> has said => 我建错了
[2023-07-10 09:39:20] [world] The Player <Enderlava> has said => 6
[2023-07-10 09:39:55] [world] The Player <Enderlava> has said => 廖要来了
[2023-07-10 09:40:00] [world] The Player <wqe123420> has said => ?
[2023-07-10 09:40:18] [world] The Player <wqe123420> has said => CCCCC
[2023-07-10 09:48:54] [world_nether] The Player <Xw114> has said => lyc
[2023-07-10 09:48:57] [world] The Player <wqe123420> has said => ?
[2023-07-10 09:49:17] [world_nether] The Player <Xw114> has said => cloverpixel.com
[2023-07-10 09:49:21] [world] The Player <wqe123420> has said => ?
[2023-07-10 09:57:03] [world] The Player <Enderlava> has said => ?
[2023-07-10 09:58:22] [world] The Player <Enderlava> has said => 你们魔杖是不是用不了了
[2023-07-10 10:00:06] [world] The Player <wqe123420> has said => 杰
[2023-07-10 10:00:28] [world] The Player <Enderlava> has said => ?
[2023-07-10 10:00:29] [world] The Player <wqe123420> has said => 有石头压力板吗
[2023-07-10 10:00:45] [world] The Player <Enderlava> has said => 有石头
[2023-07-10 10:01:02] [world] The Player <wqe123420> has said => 要原石
[2023-07-10 10:01:23] [world] The Player <Enderlava> has said => 对
[2023-07-10 10:06:15] [world] The Player <wqe123420> has said => 东西
[2023-07-10 10:06:26] [world] The Player <Xw114> has said => 去玩起床战争啊
[2023-07-10 10:06:33] [world] The Player <wqe123420> has said => WAIT\\
[2023-07-10 10:07:56] [world] The Player <wqe123420> has said => 杰 红石
[2023-07-10 10:12:57] [world] The Player <Xw114> has said => 玩不玩
[2023-07-10 10:13:02] [world] The Player <wqe123420> has said => NO
[2023-07-10 10:13:53] [world] The Player <Enderlava> has said => ?
[2023-07-10 10:14:15] [world] The Player <Enderlava> has said => 我在修魔杖插件
[2023-07-10 10:15:34] [world] The Player <Xw114> has said => 那我自己去玩了，你要玩的时候微信跟我说一声
[2023-07-10 10:15:38] [world] The Player <wqe123420> has said => OK
[2023-07-10 10:20:13] [world] The Player <Enderlava> has said => 魔杖ok了
[2023-07-10 10:26:44] [world] The Player <wqe123420> has said => OK
[2023-07-10 10:27:01] [world] The Player <wqe123420> has said => 杰 COME
[2023-07-10 10:27:37] [world] The Player <Enderlava> has said => ok
[2023-07-10 10:27:47] [world] The Player <wqe123420> has said => HHHHHHHHH
[2023-07-10 10:28:51] [world] The Player <wqe123420> has said => ???????????
[2023-07-10 10:36:13] [world] The Player <Enderlava> has said => 为什么放漏斗矿车
[2023-07-10 10:36:29] [world] The Player <wqe123420> has said => 整错了
[2023-07-10 10:36:30] [world] The Player <Enderlava> has said => 不直接放矿车
[2023-07-10 10:38:25] [world] The Player <Enderlava> has said => 你这个有防岩浆功能吗
[2023-07-10 10:38:41] [world] The Player <wqe123420> has said => 不清楚
[2023-07-10 10:39:16] [world] The Player <Enderlava> has said => 危
[2023-07-10 10:40:37] [world] The Player <wqe123420> has said => C
[2023-07-10 10:41:43] [world] The Player <Enderlava> has said => 没好东西
[2023-07-10 10:44:18] [world] The Player <wqe123420> has said => MD
[2023-07-10 10:44:23] [world] The Player <Enderlava> has said => ?
[2023-07-10 10:44:30] [world] The Player <wqe123420> has said => 不出矿
[2023-07-10 10:45:27] [world] The Player <wqe123420> has said => 我去找xw了
[2023-07-10 10:45:35] [world] The Player <Enderlava> has said => ok
[2023-07-10 10:45:36] [world] The Player <wqe123420> has said => 拜拜
[2023-07-10 10:45:38] [world] The Player <Enderlava> has said => 四叶草
[2023-07-10 10:45:40] [world] The Player <Enderlava> has said => ?
[2023-07-10 10:45:44] [world] The Player <Enderlava> has said => 我也来
[2023-07-10 10:45:49] [world] The Player <wqe123420> has said => OK
[2023-07-10 13:09:55] [world] The Player <Enderlava> has said => ?
[2023-07-10 13:10:16] [world] The Player <Enderlava> has said => ????????
[2023-07-10 13:11:06] [world] The Player <Enderlava> has said => 嗑药了?
[2023-07-10 13:11:09] [world] The Player <wqe123420> has said => E
[2023-07-10 13:11:35] [world] The Player <wqe123420> has said => 四叶草来不来
[2023-07-10 13:11:50] [world] The Player <Enderlava> has said => lai
[2023-07-10 14:00:02] [world] The Player <wqe123420> has said => ?????
[2023-07-10 14:00:05] [world_nether] The Player <Enderlava> has said => ?
[2023-07-10 14:00:08] [world_nether] The Player <Enderlava> has said => 完了
[2023-07-10 14:01:33] [world_nether] The Player <Enderlava> has said => bzd
[2023-07-10 14:01:39] [world] The Player <wqe123420> has said => E
[2023-07-10 14:01:52] [world_nether] The Player <Enderlava> has said => 你直接来地狱
[2023-07-10 14:02:24] [world_nether] The Player <wqe123420> has said => NB
[2023-07-10 14:03:26] [world_nether] The Player <wqe123420> has said => 开机没
[2023-07-10 14:07:12] [world_nether] The Player <Enderlava> has said => sb
[2023-07-10 14:07:18] [world_nether] The Player <wqe123420> has said => HHHHHHHHHHHHHHHHHH
[2023-07-10 14:08:59] [world_nether] The Player <wqe123420> has said => ???
[2023-07-10 14:12:29] [world_nether] The Player <Enderlava> has said => 草
[2023-07-10 14:12:32] [world_nether] The Player <wqe123420> has said => ?
[2023-07-10 14:12:37] [world_nether] The Player <Enderlava> has said => 这里怎么炸了
[2023-07-10 14:12:53] [world_nether] The Player <Enderlava> has said => 完蛋
[2023-07-10 14:13:44] [world_nether] The Player <Enderlava> has said => 算了
[2023-07-10 14:13:55] [world_nether] The Player <Enderlava> has said => 建个小的算了
[2023-07-10 14:14:27] [world_nether] The Player <wqe123420> has said => ?????????????????????
[2023-07-10 14:14:33] [world_nether] The Player <Enderlava> has said => 炸了
[2023-07-10 14:14:39] [world_nether] The Player <wqe123420> has said => C
[2023-07-10 14:15:48] [world] The Player <wqe123420> has said => C
[2023-07-10 14:15:50] [world_nether] The Player <Enderlava> has said => SB
[2023-07-10 14:16:16] [world_nether] The Player <wqe123420> has said => why
[2023-07-10 14:16:23] [world_nether] The Player <Enderlava> has said => BZD
[2023-07-10 14:16:33] [world_nether] The Player <Enderlava> has said => 大机器就容易坏
[2023-07-10 14:17:00] [world_nether] The Player <wqe123420> has said => 建个绿宝石农场吧
[2023-07-10 14:17:16] [world_nether] The Player <Enderlava> has said => ok
[2023-07-10 14:17:20] [world_nether] The Player <wqe123420> has said => GO
[2023-07-10 14:17:23] [world_nether] The Player <Enderlava> has said => wait
[2023-07-10 14:18:04] [world_nether] The Player <wqe123420> has said => 我先去找劫掠他
[2023-07-10 14:18:12] [world_nether] The Player <wqe123420> has said => ????????????????
[2023-07-10 14:18:17] [world_nether] The Player <Enderlava> has said => 我先建个小树场
[2023-07-10 14:18:42] [world_nether] The Player <wqe123420> has said => 怎么拆掉掉的
[2023-07-10 14:18:59] [world] The Player <Enderlava> has said => 后台
[2023-07-10 14:19:02] [world] The Player <wqe123420> has said => O
[2023-07-10 14:19:22] [world] The Player <Enderlava> has said => 算了
[2023-07-10 14:19:27] [world] The Player <wqe123420> has said => ?
[2023-07-10 14:19:29] [world] The Player <Enderlava> has said => 我先修一下tp
[2023-07-10 14:19:52] [world] The Player <Enderlava> has said => 草
[2023-07-10 14:19:56] [world] The Player <wqe123420> has said => ?
[2023-07-10 14:20:22] [world] The Player <Enderlava> has said => 我本来想加个tp 后3秒抗性提升
[2023-07-10 14:20:39] [world] The Player <wqe123420> has said => ?
[2023-07-10 14:20:41] [world] The Player <Enderlava> has said => 结果把传送那行删掉了
[2023-07-10 14:20:45] [world] The Player <wqe123420> has said => E
[2023-07-10 14:20:51] [world] The Player <wqe123420> has said => NB
[2023-07-10 14:21:13] [world] The Player <Enderlava> has said => 等它编译一下
[2023-07-10 14:22:03] [world] The Player <Enderlava> has said => [INFO] ------------------------------------------------------------------------[INFO] BUILD SUCCESS[INFO] ------------------------------------------------------------------------[INFO] Total time: 6.708 s[INFO] Finished at: 2023-07-10T14:21:54+08:00[INFO]
[2023-07-10 14:22:06] [world] The Player <Enderlava> has said => done
[2023-07-10 14:22:07] [world] The Player <wqe123420> has said => ????????????
[2023-07-10 14:22:11] [world] The Player <Enderlava> has said => 重启一下
[2023-07-10 14:24:10] [world] The Player <wqe123420> has said => C
[2023-07-10 14:24:14] [world] The Player <Enderlava> has said => ?
[2023-07-10 14:24:32] [world] The Player <wqe123420> has said => CAN T
[2023-07-10 14:24:46] [world] The Player <Enderlava> has said => ????????????????????????????????????????????????????????????????????????????????????????????????????????????????????????????
[2023-07-10 15:44:43] [world] The Player <Enderlava> has said => back
[2023-07-10 15:44:48] [world_the_end] The Player <wqe123420> has said => ?
[2023-07-10 15:44:59] [world] The Player <Enderlava> has said => 怎么还是不行
[2023-07-10 21:43:49] [world] The Player <Enderlava> has said => 建哪
[2023-07-10 21:44:04] [world] The Player <wqe123420> has said => 你定
[2023-07-10 21:44:29] [world] The Player <Enderlava> has said => 前哨站
[2023-07-10 21:44:35] [world] The Player <Enderlava> has said => 找到了吗
[2023-07-10 21:44:40] [world] The Player <wqe123420> has said => 没
[2023-07-10 21:44:43] [world] The Player <wqe123420> has said => E
[2023-07-10 21:49:28] [world] The Player <wqe123420> has said => ?
[2023-07-10 21:52:55] [world] The Player <Enderlava> has said => 到了
[2023-07-10 21:52:57] [world] The Player <Enderlava> has said => tp
