[2023-07-17 11:35:20] [world] The Player <wqe123420> has said => MD
[2023-07-17 11:35:24] [world] The Player <Funget114514> has said => ?
[2023-07-17 11:36:00] [world] The Player <wqe123420> has said => 昨天电脑屏幕被台风吹烂了
[2023-07-17 11:36:01] [world] The Player <Funget114514> has said => 干嘛啊
[2023-07-17 11:36:06] [world] The Player <Funget114514> has said => mmm
[2023-07-17 11:36:32] [world] The Player <wqe123420> has said => 现在用电视当屏幕玩
[2023-07-17 11:37:02] [world] The Player <wqe123420> has said => HHH
[2023-07-17 11:37:25] [world] The Player <wqe123420> has said => ?
[2023-07-17 11:37:48] [world] The Player <Funget114514> has said => 666
[2023-07-17 11:38:02] [world] The Player <wqe123420> has said => 6666
[2023-07-17 11:39:20] [world] The Player <wqe123420> has said => 杰
[2023-07-17 11:39:42] [world] The Player <wqe123420> has said => 上线帮我看看
[2023-07-17 11:40:10] [world] The Player <wqe123420> has said => 村民繁殖机啥问题
[2023-07-17 11:40:17] [world] The Player <Funget114514> has said => 在哪啊
[2023-07-17 11:40:25] [world] The Player <wqe123420> has said => WAIT
[2023-07-17 11:40:40] [world] The Player <Funget114514> has said => 村民繁殖
[2023-07-17 11:41:18] [world] The Player <wqe123420> has said => TP
[2023-07-17 11:41:37] [world] The Player <wqe123420> has said => TP ME
[2023-07-17 11:42:22] [world] The Player <Funget114514> has said => hhh
[2023-07-17 11:42:58] [world] The Player <wqe123420> has said => 不行
[2023-07-17 11:43:13] [world] The Player <wqe123420> has said => 电视玩好难受
[2023-07-17 11:43:22] [world] The Player <Funget114514> has said => 玩家给才行啊
[2023-07-17 11:43:25] [world] The Player <wqe123420> has said => 先下了
[2023-07-17 11:43:26] [world] The Player <Funget114514> has said => hhh
[2023-07-17 11:43:45] [world] The Player <wqe123420> has said => 等我买新显示器
[2023-07-17 11:43:50] [world] The Player <Funget114514> has said => o
