[2023-07-18 17:04:50] [world] The Player <Funget114514> has said => .Mai_Shiranui520d
[2023-07-18 17:10:54] [world] The Player <Funget114514> has said => 11
[2023-07-18 17:18:53] [world] The Player <Funget114514> has said => 你在哪
[2023-07-18 17:20:52] [world_nether] The Player <Funget114514> has said => 给你了
[2023-07-18 17:27:55] [world_nether] The Player <Funget114514> has said => 我来
[2023-07-18 17:28:16] [world_nether] The Player <Funget114514> has said => mmm
[2023-07-18 17:35:16] [world] The Player <Funget114514> has said => 无
[2023-07-18 17:35:21] [world] The Player <Funget114514> has said => yes
[2023-07-18 17:38:54] [world] The Player <Funget114514> has said => SB
[2023-07-18 17:39:02] [world] The Player <Funget114514> has said => 我刚挂的
[2023-07-18 17:39:22] [world] The Player <Funget114514> has said => 没事了
[2023-07-18 17:39:42] [world] The Player <Funget114514> has said => 我也要
[2023-07-18 17:39:51] [world] The Player <Funget114514> has said => 点
[2023-07-18 17:45:32] [world] The Player <Funget114514> has said => 别玩了
[2023-07-18 17:45:41] [world] The Player <Funget114514> has said => 僵尸王在家
[2023-07-18 17:46:17] [world] The Player <Funget114514> has said => 对在家
[2023-07-18 17:47:13] [world] The Player <Funget114514> has said => 快来救我
[2023-07-18 17:47:24] [world] The Player <Funget114514> has said => 快
[2023-07-18 17:51:36] [world] The Player <Funget114514> has said => fishing
[2023-07-18 17:51:39] [world] The Player <Funget114514> has said => Enderlava
[2023-07-18 18:35:58] [world] The Player <Funget114514> has said => 干嘛
[2023-07-18 18:41:20] [world] The Player <Enderlava> has said => wdnmd
[2023-07-18 18:41:51] [world] The Player <Enderlava> has said => 乱挖什么
[2023-07-18 18:42:01] [world] The Player <Funget114514> has said => 哇错了
[2023-07-18 18:42:07] [world] The Player <Funget114514> has said => 挖
[2023-07-18 18:48:19] [world] The Player <Funget114514> has said => Enderlava 大浪潮来了
[2023-07-18 18:48:47] [world] The Player <Funget114514> has said => 在下面
[2023-07-18 18:48:53] [world] The Player <Enderlava> has said => 不管
[2023-07-18 18:48:59] [world] The Player <Funget114514> has said => ok
[2023-07-18 19:48:11] [world] The Player <Funget114514> has said => 你在干啥
[2023-07-18 19:48:24] [world] The Player <Funget114514> has said => 伦急了
