[2023-07-19 09:17:27] [world] The Player <Funget114514> has said => 我魔法解锁完第一级了
[2023-07-19 09:17:31] [world] The Player <Enderlava> has said => o
[2023-07-19 09:17:52] [world] The Player <Enderlava> has said => 我魔法解锁完第二级了
[2023-07-19 09:17:56] [world] The Player <Funget114514> has said => hh
[2023-07-19 10:50:06] [world] The Player <Funget114514> has said => .Mai_Shiranui520
[2023-07-19 10:50:22] [world] The Player <Funget114514> has said => 你在干嘛
[2023-07-19 10:50:40] [world] The Player <Funget114514> has said => o
[2023-07-19 10:51:01] [world] The Player <Funget114514> has said => mmm
[2023-07-19 11:00:30] [world] The Player <Funget114514> has said => o
[2023-07-19 11:01:36] [world] The Player <Funget114514> has said => .Mai_Shiranui520
[2023-07-19 11:02:02] [world] The Player <Funget114514> has said => 过来
[2023-07-19 11:02:30] [world] The Player <Funget114514> has said => 右键
[2023-07-19 11:02:54] [world] The Player <Funget114514> has said => 好吧
[2023-07-19 11:07:26] [world] The Player <Enderlava> has said => 你们在哪
[2023-07-19 11:10:20] [world] The Player <Enderlava> has said => e
[2023-07-19 11:13:15] [world] The Player <Enderlava> has said => 够吗
[2023-07-19 11:16:59] [world] The Player <Enderlava> has said => hhh
[2023-07-19 11:21:10] [world] The Player <Funget114514> has said => 我
[2023-07-19 11:21:31] [world] The Player <Funget114514> has said => 还你
[2023-07-19 11:23:42] [world] The Player <Funget114514> has said => 你在哪
[2023-07-19 11:24:18] [world] The Player <Funget114514> has said => 你在哪
[2023-07-19 11:24:25] [world] The Player <Funget114514> has said => 还你
[2023-07-19 11:25:02] [world] The Player <Funget114514> has said => 你在哪
[2023-07-19 11:25:39] [world] The Player <Funget114514> has said => 快
[2023-07-19 11:25:49] [world] The Player <Funget114514> has said => .Mai_Shiranui520
[2023-07-19 11:27:41] [world] The Player <Funget114514> has said => .Mai_Shiranui520 还你了
[2023-07-19 11:28:05] [world] The Player <Funget114514> has said => 本来就6个
[2023-07-19 11:28:18] [world] The Player <Funget114514> has said => sb
[2023-07-19 11:28:28] [world] The Player <Funget114514> has said => 不行
[2023-07-19 11:29:08] [world] The Player <Funget114514> has said => .Mai_Shiranui520 受到伤害可以加经验值
[2023-07-19 11:33:36] [world_nether] The Player <Enderlava> has said => 地狱
[2023-07-19 11:34:43] [world_the_end] The Player <Enderlava> has said => Y=15 最多
[2023-07-19 11:39:27] [world_the_end] The Player <Enderlava> has said => 拿个防火护符
[2023-07-19 11:41:21] [em_adventurers_guild] The Player <Enderlava> has said => 这个买护符
[2023-07-19 11:41:32] [em_adventurers_guild] The Player <Enderlava> has said => 防火护符是皮革材质的
[2023-07-19 11:41:43] [em_adventurers_guild] The Player <Enderlava> has said => 叫沙什么的
[2023-07-19 11:42:50] [em_adventurers_guild] The Player <Enderlava> has said => 多看几次
[2023-07-19 11:42:59] [em_adventurers_guild] The Player <Enderlava> has said => 刷新下
[2023-07-19 11:45:26] [em_adventurers_guild] The Player <Enderlava> has said => 放在副手上
[2023-07-19 11:45:40] [em_adventurers_guild] The Player <Enderlava> has said => ?
[2023-07-19 11:46:52] [em_adventurers_guild] The Player <Enderlava> has said => 我帮你买一个
[2023-07-19 11:47:49] [em_adventurers_guild] The Player <Enderlava> has said => bzd
[2023-07-19 11:48:17] [em_adventurers_guild] The Player <Enderlava> has said => ?
[2023-07-19 11:49:27] [em_adventurers_guild] The Player <Enderlava> has said => ?
[2023-07-19 11:50:07] [em_adventurers_guild] The Player <Enderlava> has said => 对
[2023-07-19 11:50:30] [em_adventurers_guild] The Player <Enderlava> has said => 拿在主手 然后/geyser offhand
[2023-07-19 11:51:14] [em_adventurers_guild] The Player <Enderlava> has said => 带你回去
[2023-07-19 12:01:42] [world] The Player <Enderlava> has said => ?
[2023-07-19 12:01:44] [world] The Player <Enderlava> has said => ?
[2023-07-19 12:01:49] [world] The Player <Enderlava> has said => 怎么了
[2023-07-19 12:03:12] [world_nether] The Player <Enderlava> has said => 建议拿tnt/床 炸
[2023-07-19 12:04:24] [world_nether] The Player <Enderlava> has said => 这位置不太行
[2023-07-19 12:04:28] [world_nether] The Player <Enderlava> has said => 太多岩浆
[2023-07-19 12:08:27] [world_nether] The Player <Enderlava> has said => 今天运气有点小差
[2023-07-19 12:09:29] [world_nether] The Player <Enderlava> has said => 有了
[2023-07-19 12:15:03] [world_nether] The Player <Enderlava> has said => 你有打火石吗
[2023-07-19 12:16:44] [world_nether] The Player <Enderlava> has said => 出了
[2023-07-19 12:17:14] [world_nether] The Player <Enderlava> has said => 出了3个
[2023-07-19 12:19:15] [world_nether] The Player <Enderlava> has said => 一共4个了吧
[2023-07-19 12:19:54] [world_nether] The Player <Enderlava> has said => 可以合一个锭
[2023-07-19 22:11:41] [world] The Player <wqe123420> has said => HI
[2023-07-19 22:11:47] [world] The Player <Enderlava> has said => HI
