[2023-07-20 10:11:25] [world] The Player <wqe123420> has said => HI
[2023-07-20 10:11:30] [world] The Player <Enderlava> has said => HI
[2023-07-20 10:15:07] [world] The Player <Enderlava> has said => 有什么彩虹？
[2023-07-20 10:15:25] [world] The Player <wqe123420> has said => 没了
[2023-07-20 10:15:50] [world] The Player <Enderlava> has said => ?
[2023-07-20 10:16:03] [world] The Player <Enderlava> has said => 什么玩意
[2023-07-20 10:17:33] [world] The Player <Enderlava> has said => 我魔杖现在十点伤害
[2023-07-20 10:17:39] [world] The Player <wqe123420> has said => ?!
[2023-07-20 10:17:56] [world] The Player <Enderlava> has said => 但是不是无视护甲
[2023-07-20 10:18:02] [world] The Player <wqe123420> has said => OOOO
[2023-07-20 10:53:36] [world] The Player <Enderlava> has said => 6
[2023-07-20 10:53:40] [world] The Player <wqe123420> has said => ?
[2023-07-20 10:54:03] [world] The Player <Enderlava> has said => 神同步
[2023-07-20 10:54:09] [world] The Player <wqe123420> has said => ???????????????????????
[2023-07-20 10:56:53] [world] The Player <Enderlava> has said => 你这是什么繁殖机啊
[2023-07-20 10:56:58] [world_nether] The Player <wqe123420> has said => ?????
[2023-07-20 10:57:17] [world] The Player <wqe123420> has said => 咋了
[2023-07-20 10:57:37] [world] The Player <Enderlava> has said => 感觉不太妙
[2023-07-20 11:02:49] [world] The Player <wqe123420> has said => ?
[2023-07-20 11:02:53] [world] The Player <wqe123420> has said => 谁
[2023-07-20 11:20:22] [world] The Player <wqe123420> has said => ????????????????
[2023-07-20 11:24:17] [world] The Player <Enderlava> has said => hypixel 用加速Ip 被ban了7day
[2023-07-20 11:24:19] [world] The Player <Enderlava> has said => C
[2023-07-20 11:24:25] [world] The Player <wqe123420> has said => HHHHHHHHHHHHHHH
[2023-07-20 11:25:17] [world_nether] The Player <Enderlava> has said => 你在干什么
[2023-07-20 11:25:35] [world] The Player <wqe123420> has said => CONME
[2023-07-20 11:25:43] [world] The Player <wqe123420> has said => COME
[2023-07-20 11:32:32] [world] The Player <Enderlava> has said => 大浪潮
[2023-07-20 11:32:36] [world] The Player <wqe123420> has said => C
[2023-07-20 11:32:40] [world] The Player <wqe123420> has said => MD
[2023-07-20 11:32:48] [world] The Player <wqe123420> has said => 天天来
[2023-07-20 11:32:52] [world] The Player <Enderlava> has said => 躲哪
[2023-07-20 11:33:19] [world] The Player <Enderlava> has said => 昨晚我打了29分钟
[2023-07-20 11:33:39] [world] The Player <Enderlava> has said => 你在这挖沙？
[2023-07-20 11:33:45] [world] The Player <wqe123420> has said => YES
[2023-07-20 11:34:07] [world] The Player <Enderlava> has said => 为什么不建刷沙机?
[2023-07-20 11:34:11] [world] The Player <wqe123420> has said => E
[2023-07-20 11:34:20] [world] The Player <wqe123420> has said => 懒
[2023-07-20 11:34:31] [world] The Player <Enderlava> has said => 6
[2023-07-20 11:34:50] [world] The Player <Enderlava> has said => 比你挖简单多了
[2023-07-20 11:37:06] [world] The Player <Enderlava> has said => 群狼之首没了
[2023-07-20 11:37:10] [world] The Player <wqe123420> has said => OK
[2023-07-20 11:37:15] [world] The Player <Enderlava> has said => 但是还会刷一回
[2023-07-20 11:40:23] [world] The Player <wqe123420> has said => ????????????????
[2023-07-20 11:41:07] [world] The Player <wqe123420> has said => ???????????????????????????????
[2023-07-20 11:41:17] [world] The Player <Enderlava> has said => 正常状况
[2023-07-20 11:51:28] [world] The Player <wqe123420> has said => C
[2023-07-20 11:52:59] [world] The Player <wqe123420> has said => E
[2023-07-20 11:55:39] [world] The Player <Enderlava> has said => 快没了
[2023-07-20 11:55:55] [world] The Player <Enderlava> has said => 出这个信息就快没了
[2023-07-20 11:56:02] [world] The Player <Enderlava> has said => C
[2023-07-20 11:56:02] [world] The Player <wqe123420> has said => HHHHHHHHHHHHHHHH
[2023-07-20 11:56:25] [world] The Player <Enderlava> has said => 没事还有
[2023-07-20 11:56:34] [world] The Player <Enderlava> has said => 没了?
[2023-07-20 11:56:53] [world] The Player <wqe123420> has said => WOC
[2023-07-20 11:58:50] [em_adventurers_guild] The Player <Enderlava> has said => 吃饭去了
[2023-07-20 12:20:02] [world] The Player <wqe123420> has said => MD
[2023-07-20 12:20:14] [world] The Player <Funget114514> has said => 干嘛
[2023-07-20 12:20:24] [world] The Player <wqe123420> has said => 还我潜影盒
[2023-07-20 12:20:41] [world] The Player <Funget114514> has said => 以后
[2023-07-20 12:20:44] [world] The Player <wqe123420> has said => 矿物哪个
[2023-07-20 12:20:52] [world] The Player <wqe123420> has said => ???????????????
[2023-07-20 12:20:56] [world] The Player <Funget114514> has said => 矿物我用了
[2023-07-20 12:21:00] [world] The Player <wqe123420> has said => NM
[2023-07-20 12:21:10] [world] The Player <Funget114514> has said => 以后还你
[2023-07-20 12:21:42] [world] The Player <wqe123420> has said => 全用了？
[2023-07-20 12:21:48] [world] The Player <Funget114514> has said => 不是
[2023-07-20 12:22:28] [world] The Player <wqe123420> has said => OK
[2023-07-20 12:22:33] [world] The Player <Funget114514> has said => 你在干嘛
[2023-07-20 12:22:49] [world] The Player <wqe123420> has said => 剩下的不用还了
[2023-07-20 12:22:52] [world] The Player <Funget114514> has said => o
[2023-07-20 12:22:57] [world] The Player <Funget114514> has said => 你在干嘛
[2023-07-20 12:23:13] [world] The Player <wqe123420> has said => 炸沙
[2023-07-20 12:23:16] [world] The Player <Funget114514> has said => o
[2023-07-20 12:23:44] [world] The Player <Funget114514> has said => 我哥说做刷沙机
[2023-07-20 12:23:48] [world] The Player <wqe123420> has said => OK
[2023-07-20 12:24:31] [world] The Player <Funget114514> has said => qwq 你有多余的潜影盒吗
[2023-07-20 12:25:09] [world] The Player <Funget114514> has said => thank
[2023-07-20 12:36:55] [world] The Player <Funget114514> has said => wqe123420
[2023-07-20 12:36:57] [world] The Player <wqe123420> has said => ?
[2023-07-20 12:37:04] [world] The Player <Funget114514> has said => 你在哪
[2023-07-20 12:40:17] [world] The Player <Enderlava> has said => 来建刷沙机
[2023-07-20 12:40:30] [world] The Player <Funget114514> has said => o
[2023-07-20 12:41:14] [world_nether] The Player <Enderlava> has said => 我还没到
[2023-07-20 12:42:47] [world_the_end] The Player <Enderlava> has said => https://www.bilibili.com/video/BV1wW4y1m7pf/
[2023-07-20 12:42:56] [world_the_end] The Player <wqe123420> has said => 微信
[2023-07-20 12:43:47] [world_the_end] The Player <Funget114514> has said => ok
[2023-07-20 12:43:59] [world_the_end] The Player <Funget114514> has said => 再给我发一次
[2023-07-20 12:44:05] [world_the_end] The Player <Enderlava> has said => ?
[2023-07-20 12:44:15] [world_the_end] The Player <Funget114514> has said => 网址
[2023-07-20 12:44:22] [world_the_end] The Player <Enderlava> has said => https://www.bilibili.com/video/BV1wW4y1m7pf/
[2023-07-20 12:44:24] [world_the_end] The Player <wqe123420> has said => 投影给我
[2023-07-20 12:44:31] [world_the_end] The Player <Funget114514> has said => 对呀
[2023-07-20 12:44:32] [world_the_end] The Player <Enderlava> has said => 没有
[2023-07-20 12:44:36] [world_the_end] The Player <wqe123420> has said => C
[2023-07-20 12:44:36] [world_the_end] The Player <Funget114514> has said => MMM
[2023-07-20 12:44:46] [world_the_end] The Player <Enderlava> has said => 等一下
[2023-07-20 12:44:55] [world_the_end] The Player <Enderlava> has said => 我整一个
[2023-07-20 12:45:16] [world_the_end] The Player <Funget114514> has said => 那么牛
[2023-07-20 12:47:30] [world] The Player <wqe123420> has said => EI
[2023-07-20 12:47:53] [world] The Player <wqe123420> has said => NO
[2023-07-20 12:49:31] [world] The Player <Funget114514> has said => wqe123420
[2023-07-20 12:49:33] [world] The Player <wqe123420> has said => ?
[2023-07-20 12:49:45] [world] The Player <Funget114514> has said => 你要好东西吗
[2023-07-20 12:49:49] [world] The Player <wqe123420> has said => 0K
[2023-07-20 12:50:15] [world_the_end] The Player <Enderlava> has said => 投影发了
[2023-07-20 12:50:20] [world] The Player <Funget114514> has said => 在哪
[2023-07-20 12:50:23] [world_the_end] The Player <Enderlava> has said => wx
[2023-07-20 12:51:23] [world_the_end] The Player <Enderlava> has said => 带活塞 活版门 tnt
[2023-07-20 12:51:27] [world] The Player <Funget114514> has said => 咋放
[2023-07-20 12:51:34] [world_the_end] The Player <Enderlava> has said => 要破基岩
[2023-07-20 12:53:55] [world] The Player <Funget114514> has said => 咋搞啊
[2023-07-20 12:54:04] [world] The Player <Funget114514> has said => qwq
[2023-07-20 12:54:50] [world] The Player <wqe123420> has said => OK
[2023-07-20 12:56:31] [world_the_end] The Player <Enderlava> has said => tp me
[2023-07-20 12:57:20] [world_the_end] The Player <Enderlava> has said => 玻璃上放投影
[2023-07-20 12:57:42] [world_the_end] The Player <wqe123420> has said => OK
[2023-07-20 12:59:16] [world_the_end] The Player <Enderlava> has said => 这三个基岩要破
[2023-07-20 12:59:22] [world_the_end] The Player <wqe123420> has said => OK
[2023-07-20 13:01:15] [world_the_end] The Player <wqe123420> has said => C
[2023-07-20 13:01:18] [world_the_end] The Player <Enderlava> has said => ?
[2023-07-20 13:01:32] [world_the_end] The Player <wqe123420> has said => 蘑菇掉了
[2023-07-20 13:01:41] [world_the_end] The Player <Enderlava> has said => 蘑菇能破吗
[2023-07-20 13:01:47] [world_the_end] The Player <Enderlava> has said => 都1.20了
[2023-07-20 13:01:58] [world] The Player <wqe123420> has said => 能啊
[2023-07-20 13:02:05] [world_the_end] The Player <Enderlava> has said => 你确定?
[2023-07-20 13:02:08] [world_the_end] The Player <Funget114514> has said => 1.16好像能
[2023-07-20 13:02:19] [world] The Player <wqe123420> has said => 应该吧
[2023-07-20 13:04:26] [world] The Player <wqe123420> has said => WOC
[2023-07-20 13:04:41] [world] The Player <wqe123420> has said => 我好像不会
[2023-07-20 13:04:43] [world] The Player <wqe123420> has said => C
[2023-07-20 13:04:56] [world_the_end] The Player <Enderlava> has said => ?
[2023-07-20 13:05:23] [world] The Player <wqe123420> has said => WAIT
[2023-07-20 13:09:21] [world] The Player <Enderlava> has said => woc
[2023-07-20 13:09:33] [world_the_end] The Player <wqe123420> has said => ??
[2023-07-20 13:09:36] [world] The Player <Enderlava> has said => 这个流浪商人换蓝冰
[2023-07-20 13:09:45] [world_the_end] The Player <wqe123420> has said => WOC
[2023-07-20 13:09:56] [world] The Player <Enderlava> has said => yp
[2023-07-20 13:09:58] [world] The Player <Enderlava> has said => tp
[2023-07-20 13:10:05] [world] The Player <Enderlava> has said => 666666666666666
[2023-07-20 13:10:15] [world] The Player <wqe123420> has said => WOC
[2023-07-20 13:10:33] [world] The Player <Enderlava> has said => 保护
[2023-07-20 13:10:39] [world] The Player <wqe123420> has said => OK
[2023-07-20 13:10:58] [world] The Player <Enderlava> has said => 好
[2023-07-20 13:15:52] [world_nether] The Player <wqe123420> has said => ?
[2023-07-20 13:15:52] [world_nether] The Player <Enderlava> has said => 6
[2023-07-20 13:15:56] [world_nether] The Player <wqe123420> has said => C
[2023-07-20 13:16:38] [world_nether] The Player <wqe123420> has said => MD
[2023-07-20 13:16:45] [world_nether] The Player <wqe123420> has said => 咋搞
[2023-07-20 13:16:59] [world_nether] The Player <Enderlava> has said => ?
[2023-07-20 13:17:18] [world_nether] The Player <Enderlava> has said => give me one
[2023-07-20 13:17:22] [world_nether] The Player <wqe123420> has said => ?
[2023-07-20 13:21:08] [world] The Player <wqe123420> has said => qwq
[2023-07-20 13:22:05] [world_nether] The Player <wqe123420> has said => ?
[2023-07-20 13:23:28] [world_nether] The Player <wqe123420> has said => ?
[2023-07-20 13:23:34] [world] The Player <Funget114514> has said => qwq
[2023-07-20 13:24:06] [world_nether] The Player <wqe123420> has said => C
[2023-07-20 13:24:23] [world_nether] The Player <Funget114514> has said => 看我
[2023-07-20 13:24:29] [world_nether] The Player <wqe123420> has said => E
[2023-07-20 13:24:34] [world_nether] The Player <Funget114514> has said => hh
[2023-07-20 13:24:40] [world_nether] The Player <Enderlava> has said => 我也
[2023-07-20 13:24:46] [world_nether] The Player <wqe123420> has said => ??????????????
[2023-07-20 13:24:53] [world_nether] The Player <Enderlava> has said => 斗篷
[2023-07-20 13:25:07] [world_nether] The Player <wqe123420> has said => TAP 没你
[2023-07-20 13:25:48] [world_nether] The Player <wqe123420> has said => MD
[2023-07-20 13:26:56] [world_nether] The Player <wqe123420> has said => C
[2023-07-20 13:27:01] [world_nether] The Player <Funget114514> has said => c
[2023-07-20 13:27:05] [world_nether] The Player <Enderlava> has said => 别挖
[2023-07-20 13:28:22] [world_nether] The Player <Funget114514> has said => c
[2023-07-20 13:28:31] [world_nether] The Player <wqe123420> has said => MB
[2023-07-20 13:29:15] [world_nether] The Player <wqe123420> has said => HHHHHHHHHHHHHHHHHHHHHHHHHHHHH
[2023-07-20 13:29:42] [world_nether] The Player <wqe123420> has said => HHHHHHHHHHHHHHHHHHH
[2023-07-20 13:29:43] [world_nether] The Player <Enderlava> has said => 草
[2023-07-20 13:30:40] [world] The Player <wqe123420> has said => ?
[2023-07-20 13:30:51] [world] The Player <Funget114514> has said => 强吗
[2023-07-20 13:31:02] [world] The Player <wqe123420> has said => 还好
[2023-07-20 13:31:13] [world_nether] The Player <Enderlava> has said => ?
[2023-07-20 13:31:17] [world_nether] The Player <wqe123420> has said => E
[2023-07-20 13:31:37] [world_nether] The Player <wqe123420> has said => ?
[2023-07-20 13:31:48] [world_nether] The Player <Funget114514> has said => ???
[2023-07-20 13:31:51] [world_nether] The Player <wqe123420> has said => C
[2023-07-20 13:32:20] [world_nether] The Player <wqe123420> has said => 冰道炸了
[2023-07-20 13:32:23] [world_nether] The Player <Funget114514> has said => wqe123420
[2023-07-20 13:32:26] [world_nether] The Player <wqe123420> has said => ?
[2023-07-20 13:33:10] [world_nether] The Player <Funget114514> has said => 给我个换一抹
[2023-07-20 13:33:14] [world_nether] The Player <wqe123420> has said => ?
[2023-07-20 13:33:39] [world_nether] The Player <Funget114514> has said => 换易模
[2023-07-20 13:33:52] [world_nether] The Player <wqe123420> has said => 没有
[2023-07-20 13:34:20] [world_nether] The Player <Enderlava> has said => 服务器问题好像是
[2023-07-20 13:34:24] [world_nether] The Player <wqe123420> has said => ?
[2023-07-20 13:34:26] [world_nether] The Player <wqe123420> has said => C
[2023-07-20 13:34:30] [world_nether] The Player <Enderlava> has said => 我单人成功了
[2023-07-20 13:34:34] [world_nether] The Player <wqe123420> has said => CCCCCC
[2023-07-20 13:34:45] [world_nether] The Player <wqe123420> has said => 我试试
[2023-07-20 13:37:49] [world_nether] The Player <wqe123420> has said => 是了
[2023-07-20 13:37:58] [world_nether] The Player <wqe123420> has said => 我成功了
[2023-07-20 13:38:14] [world_nether] The Player <wqe123420> has said => ??????????????????
[2023-07-20 13:39:02] [world_nether] The Player <Enderlava> has said => 这个可以给廖用
[2023-07-20 13:39:17] [world_nether] The Player <wqe123420> has said => OOOOOOOOOOOOOO
[2023-07-20 13:39:35] [world_nether] The Player <Enderlava> has said => 他总弄丢鞘翅
[2023-07-20 13:41:19] [world] The Player <Enderlava> has said => 6
[2023-07-20 13:41:24] [world] The Player <wqe123420> has said => OOOOOOOOOOOOOOOOOOOOOOOO
[2023-07-20 13:42:39] [world_the_end] The Player <wqe123420> has said => C
[2023-07-20 13:42:55] [world_the_end] The Player <wqe123420> has said => 咋办
[2023-07-20 13:48:17] [world_the_end] The Player <Funget114514> has said => 谁要
[2023-07-20 13:48:20] [world_the_end] The Player <wqe123420> has said => ?
[2023-07-20 13:48:52] [world_the_end] The Player <Funget114514> has said => 没了
[2023-07-20 13:49:00] [world_the_end] The Player <wqe123420> has said => 啥啊
[2023-07-20 13:49:17] [world_the_end] The Player <Funget114514> has said => 好东西
[2023-07-20 13:49:19] [world_the_end] The Player <wqe123420> has said => ?
[2023-07-20 13:49:41] [world] The Player <Funget114514> has said => 可以飞的
[2023-07-20 13:50:48] [world_the_end] The Player <Funget114514> has said => 给你一个
[2023-07-20 13:50:54] [world_the_end] The Player <Funget114514> has said => 过来
[2023-07-20 13:51:04] [world_the_end] The Player <wqe123420> has said => OOOOOOOOOOOOOOOOOOO
[2023-07-20 13:51:15] [world_the_end] The Player <Funget114514> has said => 左键
[2023-07-20 13:52:04] [world_the_end] The Player <Funget114514> has said => 还能升级 wqe123420
[2023-07-20 13:52:17] [world_the_end] The Player <wqe123420> has said => 咋升
[2023-07-20 13:52:20] [world_the_end] The Player <Funget114514> has said => 但是要鞘翅两个
[2023-07-20 13:52:59] [world_the_end] The Player <Funget114514> has said => 给我我帮你升
[2023-07-20 13:53:26] [world_the_end] The Player <Funget114514> has said => 要两个鞘翅
[2023-07-20 13:53:44] [world_the_end] The Player <Funget114514> has said => 两个鞘翅
[2023-07-20 13:53:50] [world_the_end] The Player <wqe123420> has said => ?
[2023-07-20 13:53:57] [world_the_end] The Player <wqe123420> has said => 算了
[2023-07-20 13:53:57] [world_the_end] The Player <Funget114514> has said => 升级用的
[2023-07-20 13:54:03] [world_the_end] The Player <Funget114514> has said => 一个呢
[2023-07-20 13:54:13] [world_the_end] The Player <wqe123420> has said => 在家
[2023-07-20 13:54:20] [world_the_end] The Player <Funget114514> has said => 给我
[2023-07-20 13:56:41] [world] The Player <wqe123420> has said => NM
[2023-07-20 13:56:50] [world] The Player <wqe123420> has said => 骗我
[2023-07-20 13:56:59] [world_the_end] The Player <Funget114514> has said => 永飞啊
[2023-07-20 13:57:18] [world_the_end] The Player <Funget114514> has said => qwq
[2023-07-20 13:57:30] [world] The Player <wqe123420> has said => ?
[2023-07-20 13:57:33] [world_the_end] The Player <Enderlava> has said => e
[2023-07-20 13:57:50] [world_the_end] The Player <Funget114514> has said => 强吗
[2023-07-20 13:57:55] [world] The Player <wqe123420> has said => NO
[2023-07-20 13:58:02] [world_the_end] The Player <Funget114514> has said => mmm
[2023-07-20 13:58:19] [world_the_end] The Player <Enderlava> has said => 还可以
[2023-07-20 13:58:41] [world_the_end] The Player <Enderlava> has said => ?'
[2023-07-20 13:58:52] [world] The Player <wqe123420> has said => OK
[2023-07-20 13:59:10] [world_the_end] The Player <Funget114514> has said => 好用吗
[2023-07-20 13:59:13] [world] The Player <wqe123420> has said => OK
[2023-07-20 14:00:39] [world] The Player <wqe123420> has said => THANK
[2023-07-20 14:00:44] [world_the_end] The Player <Funget114514> has said => 没事
[2023-07-20 14:00:59] [world_the_end] The Player <Funget114514> has said => 你还要吗
[2023-07-20 14:01:03] [world] The Player <wqe123420> has said => NO
[2023-07-20 14:04:06] [world] The Player <wqe123420> has said => ?
[2023-07-20 14:07:12] [world_the_end] The Player <wqe123420> has said => ????????????????????????????
[2023-07-20 14:07:37] [world_the_end] The Player <wqe123420> has said => COME
[2023-07-20 14:07:44] [world_the_end] The Player <wqe123420> has said => WOC
[2023-07-20 14:07:57] [world_the_end] The Player <wqe123420> has said => 脑袋
[2023-07-20 14:08:08] [world_the_end] The Player <wqe123420> has said => 反了
[2023-07-20 14:09:18] [world_the_end] The Player <Enderlava> has said => hhh
[2023-07-20 14:09:28] [world_the_end] The Player <Enderlava> has said => hhhhhhhhhhhhhhhhhhhhhhhhhhhhhhh
[2023-07-20 14:09:28] [world] The Player <wqe123420> has said => ???????????????????
[2023-07-20 14:10:28] [world] The Player <wqe123420> has said => WOC
[2023-07-20 14:11:21] [world_the_end] The Player <wqe123420> has said => 菜单出问题了
[2023-07-20 14:11:30] [world_the_end] The Player <Enderlava> has said => ?
[2023-07-20 14:11:54] [world_the_end] The Player <wqe123420> has said => 我打不开里面东西
[2023-07-20 14:12:00] [world_the_end] The Player <Enderlava> has said => 可以啊
[2023-07-20 14:12:24] [world_the_end] The Player <wqe123420> has said => 背包和墓碑都打不开
[2023-07-20 14:12:45] [world_the_end] The Player <Enderlava> has said => 可以啊
[2023-07-20 14:13:10] [world_the_end] The Player <wqe123420> has said => C
[2023-07-20 14:13:45] [world_the_end] The Player <wqe123420> has said => OK
[2023-07-20 14:13:50] [world_the_end] The Player <wqe123420> has said => OK了
[2023-07-20 14:14:04] [world_the_end] The Player <Enderlava> has said => 我的评价是
[2023-07-20 14:14:11] [world_the_end] The Player <wqe123420> has said => 我要打龙‘
[2023-07-20 14:14:18] [world_the_end] The Player <Enderlava> has said => 若至
[2023-07-20 14:14:32] [world_the_end] The Player <Enderlava> has said => 那你打啊
[2023-07-20 14:14:46] [world_the_end] The Player <Enderlava> has said => 建了就不能打了
[2023-07-20 14:15:21] [world_the_end] The Player <wqe123420> has said => 恶魂之泪
[2023-07-20 14:15:53] [world_the_end] The Player <wqe123420> has said => 恶魂之泪
[2023-07-20 14:16:28] [world_the_end] The Player <Enderlava> has said => 快来
[2023-07-20 14:16:38] [world_the_end] The Player <wqe123420> has said => NO
[2023-07-20 14:16:47] [world_the_end] The Player <Enderlava> has said => wqe123420 要再打龙
[2023-07-20 14:17:05] [world_the_end] The Player <wqe123420> has said => OOOOOOOOOOOOOOO
[2023-07-20 14:18:13] [world_the_end] The Player <Enderlava> has said => 好
[2023-07-20 14:18:19] [world_the_end] The Player <Enderlava> has said => 末地券成就
[2023-07-20 14:19:36] [world_the_end] The Player <wqe123420> has said => ??????????????
[2023-07-20 14:19:38] [world_the_end] The Player <Enderlava> has said => 没拿床
[2023-07-20 14:20:13] [world_the_end] The Player <wqe123420> has said => OK
[2023-07-20 14:20:27] [world_the_end] The Player <Enderlava> has said => again
[2023-07-20 14:21:05] [world_the_end] The Player <wqe123420> has said => ??????????
[2023-07-20 14:21:18] [world_the_end] The Player <wqe123420> has said => COME
[2023-07-20 14:21:27] [world_the_end] The Player <wqe123420> has said => 廖
[2023-07-20 14:21:31] [world] The Player <Funget114514> has said => 等下
[2023-07-20 14:23:48] [world] The Player <Funget114514> has said => 快
[2023-07-20 14:23:51] [world_nether] The Player <wqe123420> has said => ?
[2023-07-20 14:24:30] [world_the_end] The Player <Enderlava> has said => 3
[2023-07-20 14:24:32] [world_the_end] The Player <Enderlava> has said => 2
[2023-07-20 14:24:33] [world_the_end] The Player <Enderlava> has said => 1
[2023-07-20 14:25:13] [world] The Player <wqe123420> has said => LOOK ME
[2023-07-20 14:26:19] [world] The Player <wqe123420> has said => ?
[2023-07-20 14:26:43] [world] The Player <wqe123420> has said => 能飞
[2023-07-20 14:27:00] [world_nether] The Player <wqe123420> has said => AGAIN
[2023-07-20 14:27:35] [world_the_end] The Player <Enderlava> has said => 在这收龙息呢
[2023-07-20 14:27:46] [world_the_end] The Player <Enderlava> has said => 别射
[2023-07-20 14:28:12] [world_the_end] The Player <Enderlava> has said => 收集水晶
[2023-07-20 14:28:17] [world_the_end] The Player <wqe123420> has said => ?????????????????????????????????
[2023-07-20 14:28:25] [world_the_end] The Player <Enderlava> has said => 只剩三个了
[2023-07-20 14:28:26] [world_the_end] The Player <Enderlava> has said => c
[2023-07-20 14:28:33] [world_the_end] The Player <Enderlava> has said => 别射水晶
[2023-07-20 14:29:51] [world_the_end] The Player <Enderlava> has said => ??????????////
[2023-07-20 14:30:07] [world_the_end] The Player <wqe123420> has said => ?????????????????????
[2023-07-20 14:32:20] [world_the_end] The Player <Funget114514> has said => wqe123420
[2023-07-20 14:32:23] [world_the_end] The Player <wqe123420> has said => ?????????
[2023-07-20 14:32:28] [world_the_end] The Player <Funget114514> has said => 别打
[2023-07-20 14:32:36] [world_the_end] The Player <Funget114514> has said => 我要活成就
[2023-07-20 14:32:47] [world_the_end] The Player <wqe123420> has said => ????????????????????????
[2023-07-20 14:34:27] [world_the_end] The Player <wqe123420> has said => 我没吃的了
[2023-07-20 14:34:35] [world_the_end] The Player <Funget114514> has said => 我有
[2023-07-20 14:34:54] [world_the_end] The Player <wqe123420> has said => 吃的
[2023-07-20 14:35:10] [world_the_end] The Player <wqe123420> has said => THANK
[2023-07-20 14:35:15] [world_the_end] The Player <Funget114514> has said => 别和我抢成就
[2023-07-20 14:35:19] [world_the_end] The Player <wqe123420> has said => OK
[2023-07-20 14:36:05] [world_the_end] The Player <wqe123420> has said => 快
[2023-07-20 14:36:23] [world_the_end] The Player <wqe123420> has said => 待会再打一次
[2023-07-20 14:36:42] [world_the_end] The Player <wqe123420> has said => OK
[2023-07-20 14:37:10] [world_the_end] The Player <wqe123420> has said => OK
[2023-07-20 14:37:24] [world_the_end] The Player <Enderlava> has said => AGAIN
[2023-07-20 14:37:31] [world_the_end] The Player <Enderlava> has said => 但是没水晶了
[2023-07-20 14:37:36] [world_the_end] The Player <wqe123420> has said => AGAIN
[2023-07-20 14:37:41] [world_the_end] The Player <Enderlava> has said => 但是没水晶了
[2023-07-20 14:37:41] [world_the_end] The Player <wqe123420> has said => NOOOOOOOOOOOOOOOOOOOOOOOOOOO
[2023-07-20 14:38:01] [world_the_end] The Player <Enderlava> has said => 我去地整点恶魂指令
[2023-07-20 14:38:06] [world] The Player <wqe123420> has said => OK
[2023-07-20 14:38:23] [world_nether] The Player <Enderlava> has said => xw来不来
[2023-07-20 14:38:30] [world] The Player <wqe123420> has said => BZD
[2023-07-20 14:38:40] [world_nether] The Player <Enderlava> has said => 他不回我信息
[2023-07-20 14:38:57] [world_nether] The Player <wqe123420> has said => 我的也没1回
[2023-07-20 14:41:47] [world] The Player <wqe123420> has said => E
[2023-07-20 14:46:35] [world] The Player <wqe123420> has said => 怎么自动钓鱼啊
[2023-07-20 14:46:36] [world_nether] The Player <Enderlava> has said => 怎么tm没恶魂啊
[2023-07-20 14:46:37] [world_nether] The Player <Enderlava> has said => c
[2023-07-20 14:47:00] [world] The Player <wqe123420> has said => 怎么自动钓鱼啊
[2023-07-20 14:47:07] [world_nether] The Player <Enderlava> has said => 自动钓鱼mod
[2023-07-20 14:47:16] [world] The Player <wqe123420> has said => 咋用
[2023-07-20 14:47:24] [world_nether] The Player <Enderlava> has said => 钓鱼就行了
[2023-07-20 14:47:50] [world] The Player <wqe123420> has said => 我咋不行
[2023-07-20 14:48:32] [world] The Player <wqe123420> has said => 我咋不行
[2023-07-20 14:48:36] [world_nether] The Player <Enderlava> has said => bd
[2023-07-20 14:48:38] [world_nether] The Player <Enderlava> has said => bzd
[2023-07-20 14:49:04] [world] The Player <wqe123420> has said => C
[2023-07-20 14:51:36] [world] The Player <wqe123420> has said => C
[2023-07-20 14:51:42] [world] The Player <wqe123420> has said => 我咋不行
[2023-07-20 14:51:44] [world] The Player <wqe123420> has said => 我咋不行
[2023-07-20 14:51:45] [world] The Player <wqe123420> has said => 我咋不行
[2023-07-20 14:51:46] [world] The Player <wqe123420> has said => 我咋不行
[2023-07-20 14:51:51] [world_nether] The Player <Funget114514> has said => 你没装
[2023-07-20 14:51:55] [world] The Player <wqe123420> has said => C
[2023-07-20 14:52:09] [world] The Player <wqe123420> has said => NOOOOOOOOOOOOOOOOOOOOOOOOOOOOOOOOOOOO
[2023-07-20 14:53:47] [world] The Player <wqe123420> has said => E
[2023-07-20 14:54:37] [world] The Player <wqe123420> has said => 杰
[2023-07-20 14:54:46] [world_nether] The Player <Enderlava> has said => ?
[2023-07-20 14:54:48] [world] The Player <Funget114514> has said => wqe12340
[2023-07-20 14:54:52] [world] The Player <wqe123420> has said => 钓鱼MOD发我
[2023-07-20 14:54:56] [world_nether] The Player <Enderlava> has said => 20r
[2023-07-20 14:55:01] [world] The Player <wqe123420> has said => ?
[2023-07-20 14:55:11] [world] The Player <wqe123420> has said => ?
[2023-07-20 14:55:12] [world_nether] The Player <Enderlava> has said => 20rmb
[2023-07-20 14:55:16] [world] The Player <wqe123420> has said => NM
[2023-07-20 14:55:16] [world] The Player <Funget114514> has said => 送你
[2023-07-20 14:55:22] [world] The Player <wqe123420> has said => OK
[2023-07-20 14:55:26] [world_nether] The Player <Enderlava> has said => 不行
[2023-07-20 14:55:30] [world] The Player <wqe123420> has said => ?
[2023-07-20 14:55:32] [world_nether] The Player <Enderlava> has said => 我自己构建的
[2023-07-20 14:55:36] [world] The Player <Funget114514> has said => 给我点钻石吧
[2023-07-20 14:55:39] [world_nether] The Player <Enderlava> has said => 具有版权
[2023-07-20 14:55:55] [world_nether] The Player <Enderlava> has said => 你这是违法行为
[2023-07-20 14:56:02] [world] The Player <wqe123420> has said => 他给的装备
[2023-07-20 14:56:06] [world] The Player <wqe123420> has said => SB
[2023-07-20 14:56:15] [world_nether] The Player <Enderlava> has said => 我说钓鱼mod
[2023-07-20 14:56:19] [world] The Player <Funget114514> has said => wqe123420 你的钓鱼竿是什么附魔
[2023-07-20 14:56:41] [world] The Player <Funget114514> has said => o
[2023-07-20 14:57:03] [world] The Player <wqe123420> has said => ?
[2023-07-20 14:57:08] [world] The Player <Funget114514> has said => hhh
[2023-07-20 14:57:09] [world] The Player <wqe123420> has said => ????????????????????????????
[2023-07-20 14:57:49] [world_nether] The Player <Enderlava> has said => 2个恶魂之泪了
[2023-07-20 14:57:53] [world] The Player <wqe123420> has said => OOOOOOOOOOOOOOOOOOOOO
[2023-07-20 14:58:11] [world] The Player <wqe123420> has said => 我这有一个
[2023-07-20 15:00:05] [world] The Player <Funget114514> has said => ???
[2023-07-20 15:00:06] [world] The Player <wqe123420> has said => GIVE YOU
[2023-07-20 15:00:11] [world] The Player <wqe123420> has said => ?
[2023-07-20 15:00:15] [world] The Player <Funget114514> has said => 不行
[2023-07-20 15:00:18] [world] The Player <wqe123420> has said => ???????????
[2023-07-20 15:00:28] [world] The Player <wqe123420> has said => IT S MINE
[2023-07-20 15:01:02] [world_nether] The Player <Enderlava> has said => XW终于回我了
[2023-07-20 15:01:08] [world] The Player <wqe123420> has said => ?
[2023-07-20 15:01:19] [world] The Player <wqe123420> has said => 他说啥
[2023-07-20 15:01:26] [world_nether] The Player <Enderlava> has said => 他在玩钢丝
[2023-07-20 15:01:30] [world] The Player <wqe123420> has said => C
[2023-07-20 15:01:34] [world_nether] The Player <Enderlava> has said => "我去复兴德意志社会主义共和国了了"
[2023-07-20 15:01:44] [world] The Player <wqe123420> has said => NM,
[2023-07-20 15:02:02] [world_nether] The Player <Enderlava> has said => 还差1恶魂之泪了
[2023-07-20 15:02:17] [world] The Player <wqe123420> has said => 我有
[2023-07-20 15:02:22] [world_nether] The Player <Enderlava> has said => 好
[2023-07-20 15:04:18] [world] The Player <wqe123420> has said => ?
[2023-07-20 15:04:29] [world] The Player <wqe123420> has said => 我没材料
[2023-07-20 15:04:29] [world] The Player <Enderlava> has said => ?
[2023-07-20 15:04:32] [world] The Player <Enderlava> has said => e
[2023-07-20 15:04:37] [world] The Player <Enderlava> has said => 拿给我
[2023-07-20 15:05:35] [world] The Player <wqe123420> has said => OOOOOOOOOOOOOOOOOOOOOOO
[2023-07-20 15:05:41] [world] The Player <Enderlava> has said => 终于来了
[2023-07-20 15:05:41] [world] The Player <wqe123420> has said => HI
[2023-07-20 15:05:53] [world] The Player <Xw114> has said => hi
[2023-07-20 15:06:08] [world_nether] The Player <Enderlava> has said => 服务器1.20了
[2023-07-20 15:06:32] [world] The Player <Xw114> has said => 我用1.20进的
[2023-07-20 15:07:05] [world] The Player <Xw114> has said => do not talk to me
[2023-07-20 15:07:09] [world_the_end] The Player <wqe123420> has said => OK
[2023-07-20 15:07:26] [world] The Player <Xw114> has said => you can speak to me
[2023-07-20 15:07:38] [world] The Player <Xw114> has said => ol
[2023-07-20 15:07:47] [world_the_end] The Player <Enderlava> has said => come
[2023-07-20 15:07:58] [world_the_end] The Player <Enderlava> has said => 打龙了
[2023-07-20 15:08:17] [world_the_end] The Player <wqe123420> has said => OOOOOOOOOOOOOOOOOOOOOOOO
[2023-07-20 15:10:29] [world_the_end] The Player <Enderlava> has said => hhh
[2023-07-20 15:10:35] [world] The Player <Xw114> has said => 6
[2023-07-20 15:12:03] [world_the_end] The Player <Xw114> has said => aaaaa
[2023-07-20 15:12:24] [world_the_end] The Player <wqe123420> has said => OOOOOOOOOOOOOOOOOOOOOOOOOOOOOOOOOOO
[2023-07-20 15:13:10] [world] The Player <Xw114> has said => 刷石机我见过了
[2023-07-20 15:15:13] [world] The Player <Enderlava> has said => xw
[2023-07-20 15:15:17] [world] The Player <Xw114> has said => A?
[2023-07-20 15:15:23] [world] The Player <Enderlava> has said => 你知道树厂吗
[2023-07-20 15:15:28] [world] The Player <Xw114> has said => NO
[2023-07-20 15:15:37] [world] The Player <Enderlava> has said => 还有高速熔炉
[2023-07-20 15:15:40] [world] The Player <Xw114> has said => H
[2023-07-20 15:15:46] [world] The Player <Enderlava> has said => 袭击塔
[2023-07-20 15:17:31] [world] The Player <Xw114> has said => h
[2023-07-20 15:17:38] [world] The Player <Funget114514> has said => 谁和我Pvp
[2023-07-20 15:18:25] [world] The Player <Funget114514> has said => hhhhhhhhhhhhhh
[2023-07-20 15:18:27] [world] The Player <Xw114> has said => aaaaaaaaaaaaaaa
[2023-07-20 15:18:51] [world] The Player <Funget114514> has said => hhhhhhhhhhhhhhhhhhhhh
[2023-07-20 15:19:01] [world] The Player <Xw114> has said => 66
[2023-07-20 15:19:08] [world] The Player <Funget114514> has said => nizaina
[2023-07-20 15:19:15] [world] The Player <Xw114> has said => no
[2023-07-20 15:19:41] [world] The Player <Funget114514> has said => 伦急了
[2023-07-20 15:20:04] [world] The Player <Enderlava> has said => 去四月草活动
[2023-07-20 15:20:20] [world] The Player <Xw114> has said => bzd
[2023-07-20 15:21:02] [world] The Player <Xw114> has said => 炼药
[2023-07-20 15:21:18] [world] The Player <Xw114> has said => 瞬伤
[2023-07-20 15:22:44] [world] The Player <wqe123420> has said => ?
[2023-07-20 15:22:46] [world] The Player <Xw114> has said => ?
[2023-07-20 15:25:51] [world] The Player <Xw114> has said => DUI
[2023-07-20 15:26:36] [world] The Player <Xw114> has said => 盔甲加掉了
[2023-07-20 15:36:41] [world] The Player <Xw114> has said => ok
[2023-07-20 15:36:46] [world] The Player <Xw114> has said => no
[2023-07-20 15:37:43] [world] The Player <Funget114514> has said => 乞讨1e
[2023-07-20 15:37:54] [world] The Player <Xw114> has said => c
[2023-07-20 15:39:58] [world] The Player <Xw114> has said => bzk
[2023-07-20 15:40:03] [world] The Player <Xw114> has said => bzd
[2023-07-20 15:40:07] [world] The Player <Funget114514> has said => ???
[2023-07-20 15:40:14] [world] The Player <Xw114> has said => a
[2023-07-20 15:40:18] [world] The Player <Xw114> has said => sorry'
[2023-07-20 15:42:11] [world] The Player <Funget114514> has said => wqe123420
[2023-07-20 15:42:13] [world_nether] The Player <wqe123420> has said => ?
[2023-07-20 15:42:18] [world] The Player <Xw114> has said => 合成
[2023-07-20 15:42:26] [world] The Player <Funget114514> has said => 建繁殖机
[2023-07-20 15:42:31] [world] The Player <wqe123420> has said => NO
[2023-07-20 15:42:38] [world] The Player <Funget114514> has said => 为啥
[2023-07-20 15:42:49] [world] The Player <wqe123420> has said => 懒
[2023-07-20 15:42:58] [world] The Player <Funget114514> has said => 来吧
[2023-07-20 15:43:14] [world] The Player <Xw114> has said => 那我也给你看
[2023-07-20 15:43:44] [world] The Player <Xw114> has said => 猪鼻旗帜
[2023-07-20 15:44:57] [world] The Player <wqe123420> has said => HHHHHHHHHHHHHHHH
[2023-07-20 15:46:16] [world] The Player <Enderlava> has said => 刷沙机
[2023-07-20 15:46:34] [world_nether] The Player <Enderlava> has said => 基岩我有办法了
[2023-07-20 15:47:01] [world] The Player <Xw114> has said => tmd
[2023-07-20 15:53:31] [world] The Player <Enderlava> has said => 基岩破了
[2023-07-20 15:53:35] [world] The Player <wqe123420> has said => OOOOOOOOOOOOOOOOOOOOO
[2023-07-20 15:53:36] [world] The Player <Enderlava> has said => 基岩破了
[2023-07-20 15:53:50] [world_nether] The Player <Enderlava> has said => 自动破基岩mod
[2023-07-20 15:54:59] [world_the_end] The Player <Enderlava> has said => xw
[2023-07-20 15:55:08] [world_the_end] The Player <Enderlava> has said => 你会用投影吗
[2023-07-20 15:55:17] [world_the_end] The Player <Xw114> has said => buhui
[2023-07-20 15:55:51] [world_the_end] The Player <wqe123420> has said => WOC
[2023-07-20 15:56:37] [world_the_end] The Player <Enderlava> has said => 怎么才3点
[2023-07-20 15:56:44] [world_the_end] The Player <wqe123420> has said => BZD
[2023-07-20 15:57:02] [world_the_end] The Player <Enderlava> has said => hhh
[2023-07-20 15:57:16] [world_the_end] The Player <wqe123420> has said => WOC
[2023-07-20 15:57:42] [world_the_end] The Player <wqe123420> has said => HHHHHHHHHHHHHHHHHH
[2023-07-20 15:58:01] [world_the_end] The Player <Enderlava> has said => 快建
[2023-07-20 15:58:06] [world_the_end] The Player <Enderlava> has said => 不整了
[2023-07-20 15:58:16] [world_the_end] The Player <wqe123420> has said => 没材料
[2023-07-20 15:58:44] [world_the_end] The Player <Xw114> has said => yes
[2023-07-20 15:58:48] [world_the_end] The Player <Enderlava> has said => 我去拿
[2023-07-20 15:58:52] [world_the_end] The Player <Xw114> has said => 摸鱼
[2023-07-20 15:59:21] [world_the_end] The Player <Xw114> has said => think too nice
[2023-07-20 16:01:06] [world_the_end] The Player <wqe123420> has said => GIVE
[2023-07-20 16:01:20] [world_the_end] The Player <Enderlava> has said => ?
[2023-07-20 16:01:45] [world_the_end] The Player <Enderlava> has said => sb
[2023-07-20 16:01:54] [world_the_end] The Player <Enderlava> has said => 放回去
[2023-07-20 16:02:02] [world_the_end] The Player <Xw114> has said => cao
[2023-07-20 16:02:09] [world_the_end] The Player <Enderlava> has said => 放回去
[2023-07-20 16:02:30] [world_the_end] The Player <Xw114> has said => hui xie
[2023-07-20 16:02:40] [world_the_end] The Player <Xw114> has said => hui xie
[2023-07-20 16:05:08] [world_the_end] The Player <Enderlava> has said => md吧东西放回来
[2023-07-20 16:05:13] [world_the_end] The Player <wqe123420> has said => 有升级模板吗
[2023-07-20 16:05:18] [world_the_end] The Player <Enderlava> has said => 有
[2023-07-20 16:05:29] [world_the_end] The Player <wqe123420> has said => GIVE ME ONE
[2023-07-20 16:05:52] [world_the_end] The Player <Enderlava> has said => 一组钻一个
[2023-07-20 16:05:56] [world_the_end] The Player <wqe123420> has said => NM
[2023-07-20 16:05:57] [world_the_end] The Player <Enderlava> has said => 实惠吧
[2023-07-20 16:06:12] [world] The Player <Enderlava> has said => 那就两组
[2023-07-20 16:06:36] [world] The Player <Enderlava> has said => 那就三组
[2023-07-20 16:06:39] [world_the_end] The Player <wqe123420> has said => NM
[2023-07-20 16:07:53] [world_the_end] The Player <wqe123420> has said => HHHHHHHHHHHHHHHHHHHHHHHHHHHHHHH
[2023-07-20 16:07:58] [world_the_end] The Player <wqe123420> has said => OK
[2023-07-20 16:08:04] [world] The Player <wqe123420> has said => ?
[2023-07-20 16:08:07] [world] The Player <Xw114> has said => G
[2023-07-20 16:08:17] [world] The Player <wqe123420> has said => ?
[2023-07-20 16:09:54] [world_the_end] The Player <wqe123420> has said => HHHHHHHHHHHHHHHHHHHHHHHHHHHH
[2023-07-20 16:11:04] [world_the_end] The Player <wqe123420> has said => 不搞了
[2023-07-20 16:11:22] [world_the_end] The Player <wqe123420> has said => HERE
[2023-07-20 16:12:10] [world_the_end] The Player <wqe123420> has said => 材料
[2023-07-20 16:12:23] [world_the_end] The Player <Enderlava> has said => 没有
[2023-07-20 16:12:26] [world_the_end] The Player <wqe123420> has said => E
[2023-07-20 16:24:14] [world] The Player <wqe123420> has said => GO
[2023-07-20 16:24:29] [world] The Player <wqe123420> has said => 炸残骸
[2023-07-20 16:24:57] [world] The Player <wqe123420> has said => 来不来
[2023-07-20 16:32:08] [world_nether] The Player <wqe123420> has said => OK
[2023-07-20 17:54:27] [world_nether] The Player <wqe123420> has said => xaero-waypoint:Shared Location:S:117:59:232:1:false:0:Internal-the-nether-waypoints
[2023-07-20 18:06:29] [world] The Player <wqe123420> has said => HI
[2023-07-20 18:06:48] [world] The Player <wqe123420> has said => E
[2023-07-20 18:06:52] [world] The Player <wqe123420> has said => ?
[2023-07-20 18:07:03] [world] The Player <wqe123420> has said => COME
[2023-07-20 18:07:27] [world] The Player <wqe123420> has said => WAIT
[2023-07-20 19:12:11] [world_the_end] The Player <wqe123420> has said => HI
[2023-07-20 19:14:41] [world_the_end] The Player <wqe123420> has said => ?
[2023-07-20 19:16:45] [world_the_end] The Player <wqe123420> has said => GO
[2023-07-20 19:16:56] [world_the_end] The Player <wqe123420> has said => GO
[2023-07-20 19:18:05] [world] The Player <wqe123420> has said => WAIT
[2023-07-20 19:20:09] [world_nether] The Player <wqe123420> has said => TP
[2023-07-20 19:21:12] [world_nether] The Player <wqe123420> has said => ?
[2023-07-20 19:23:06] [world_nether] The Player <wqe123420> has said => OOOOOOOOOOOOOOOOOO
[2023-07-20 19:23:09] [world_nether] The Player <wqe123420> has said => COME
[2023-07-20 19:26:19] [world_nether] The Player <wqe123420> has said => TNT
[2023-07-20 19:26:33] [world_nether] The Player <wqe123420> has said => COME
[2023-07-20 19:27:14] [world_nether] The Player <wqe123420> has said => OK?
[2023-07-20 19:28:03] [world_nether] The Player <wqe123420> has said => ?
[2023-07-20 19:29:03] [world_nether] The Player <wqe123420> has said => WOW
[2023-07-20 19:32:50] [world_nether] The Player <wqe123420> has said => ?
[2023-07-20 19:33:35] [world_nether] The Player <wqe123420> has said => HERE
[2023-07-20 19:36:02] [world_nether] The Player <wqe123420> has said => ?
[2023-07-20 19:38:00] [world_nether] The Player <wqe123420> has said => C
[2023-07-20 19:39:23] [world_nether] The Player <wqe123420> has said => 我在岩浆湖里挖
[2023-07-20 19:39:55] [world_nether] The Player <wqe123420> has said => y=15爆率最高
[2023-07-20 19:43:14] [world_nether] The Player <wqe123420> has said => WOW
[2023-07-20 19:43:24] [world_nether] The Player <wqe123420> has said => 12了
[2023-07-20 19:46:13] [world_nether] The Player <wqe123420> has said => HHHHHHHHHHH
[2023-07-20 19:47:00] [world_nether] The Player <wqe123420> has said => OK
[2023-07-20 19:47:28] [world_nether] The Player <wqe123420> has said => 19颗
[2023-07-20 19:47:41] [world_nether] The Player <wqe123420> has said => 你呢
[2023-07-20 19:47:54] [world_nether] The Player <wqe123420> has said => E
[2023-07-20 19:50:36] [world_nether] The Player <wqe123420> has said => 收工
[2023-07-20 19:51:32] [world] The Player <wqe123420> has said => TP
[2023-07-20 19:51:56] [world] The Player <wqe123420> has said => TP
[2023-07-20 19:52:19] [world] The Player <wqe123420> has said => TP ME
[2023-07-20 19:53:21] [world] The Player <wqe123420> has said => GIVE ME
[2023-07-20 19:53:40] [world] The Player <wqe123420> has said => 去烧
[2023-07-20 19:53:53] [world] The Player <wqe123420> has said => HERE
[2023-07-20 19:54:06] [world] The Player <wqe123420> has said => COME
[2023-07-20 19:54:57] [world] The Player <wqe123420> has said => 有高速熔炉
[2023-07-20 19:55:35] [world] The Player <wqe123420> has said => OK
[2023-07-20 19:56:19] [world] The Player <wqe123420> has said => 你不在时
[2023-07-20 19:56:32] [world] The Player <wqe123420> has said => 我挖了36个
[2023-07-20 19:56:42] [world] The Player <wqe123420> has said => LOOK
[2023-07-20 19:56:52] [world] The Player <wqe123420> has said => LOOK
[2023-07-20 19:57:11] [world] The Player <wqe123420> has said => 合金快
[2023-07-20 19:59:39] [world] The Player <wqe123420> has said => 这个可以复制
[2023-07-20 19:59:58] [world] The Player <wqe123420> has said => 但要7个钻石
[2023-07-20 20:00:10] [world] The Player <wqe123420> has said => COME
[2023-07-20 20:00:50] [world] The Player <wqe123420> has said => OK?
[2023-07-20 20:01:14] [world] The Player <wqe123420> has said => 升级钻石装备
[2023-07-20 20:02:16] [world] The Player <wqe123420> has said => MD
[2023-07-20 20:02:28] [world] The Player <wqe123420> has said => 复制模板啊
[2023-07-20 20:06:20] [world] The Player <wqe123420> has said => OK?
[2023-07-20 20:06:26] [world] The Player <wqe123420> has said => 再见
[2023-07-20 20:06:35] [world] The Player <wqe123420> has said => 下了
[2023-07-20 21:20:53] [world] The Player <wqe123420> has said => C
[2023-07-20 21:21:14] [world] The Player <wqe123420> has said => TP
[2023-07-20 21:21:16] [world] The Player <Enderlava> has said => 你们交易了?
[2023-07-20 21:21:30] [world] The Player <Enderlava> has said => 你们交易了?
[2023-07-20 21:21:37] [world] The Player <wqe123420> has said => YES
[2023-07-20 21:21:37] [world] The Player <Enderlava> has said => C
[2023-07-20 21:21:44] [world] The Player <Enderlava> has said => 我的两个钻石
[2023-07-20 21:21:47] [world] The Player <Enderlava> has said => 都怪你
[2023-07-20 21:21:52] [world] The Player <Enderlava> has said => :(
[2023-07-20 21:22:03] [world] The Player <wqe123420> has said => 我给了他43个钻石
[2023-07-20 21:22:09] [world] The Player <Enderlava> has said => :(
[2023-07-20 21:22:17] [world] The Player <wqe123420> has said => OK?
[2023-07-20 21:22:36] [world] The Player <wqe123420> has said => OOOOOOOOOOOOOOOOOOOOOO
[2023-07-20 21:22:45] [world] The Player <wqe123420> has said => WOC
[2023-07-20 21:22:49] [world] The Player <Enderlava> has said => 虽然我只是想坑下他
[2023-07-20 21:22:58] [world] The Player <Enderlava> has said => 好
[2023-07-20 21:22:59] [world] The Player <wqe123420> has said => OOOOOOOOOOOOOOOOOOOOOOOOOOOOOOOO
[2023-07-20 21:23:18] [world] The Player <Enderlava> has said => 我还有个猪鼻的装饰
[2023-07-20 21:23:39] [world] The Player <wqe123420> has said => 是不是要先锁定交易啊
[2023-07-20 21:23:43] [world] The Player <Enderlava> has said => 对
[2023-07-20 21:23:57] [world] The Player <Enderlava> has said => 纸这个好办
[2023-07-20 21:24:17] [world] The Player <Enderlava> has said => ok
[2023-07-20 21:24:26] [world] The Player <Enderlava> has said => 对了
[2023-07-20 21:24:30] [world] The Player <wqe123420> has said => ?
[2023-07-20 21:24:35] [world] The Player <Enderlava> has said => 我整了个共享打折
[2023-07-20 21:24:45] [world] The Player <Enderlava> has said => 只用打一次就行了
[2023-07-20 21:24:52] [world] The Player <wqe123420> has said => OK
[2023-07-20 21:24:55] [world] The Player <Enderlava> has said => woc
[2023-07-20 21:24:59] [world] The Player <wqe123420> has said => :)
[2023-07-20 21:25:01] [world] The Player <Enderlava> has said => 伦
[2023-07-20 21:25:05] [world] The Player <wqe123420> has said => GO
[2023-07-20 21:25:30] [world] The Player <wqe123420> has said => OK
[2023-07-20 21:25:38] [world] The Player <wqe123420> has said => HERE
[2023-07-20 21:28:17] [world] The Player <wqe123420> has said => 不见了
[2023-07-20 21:44:11] [world] The Player <wqe123420> has said => HI
[2023-07-20 21:44:20] [world_the_end] The Player <Funget114514> has said => y
[2023-07-20 21:44:45] [world] The Player <wqe123420> has said => 经验修补刷出来了
[2023-07-20 21:45:08] [world] The Player <wqe123420> has said => 药水
[2023-07-20 21:45:08] [world] The Player <Funget114514> has said => 在哪
[2023-07-20 21:45:32] [world] The Player <Funget114514> has said => 在哪
[2023-07-20 21:45:36] [world] The Player <Funget114514> has said => 在哪
[2023-07-20 21:45:45] [world] The Player <wqe123420> has said => 等会
[2023-07-20 21:45:50] [world] The Player <Funget114514> has said => o
[2023-07-20 21:50:59] [world] The Player <Funget114514> has said => 干嘛
[2023-07-20 21:52:01] [world] The Player <Funget114514> has said => 打折啊
[2023-07-20 21:53:10] [world] The Player <Funget114514> has said => 银石啊
[2023-07-20 21:57:47] [em_shadow_of_the_binder_of_worlds] The Player <wqe123420> has said => ??
[2023-07-20 21:57:54] [world] The Player <Funget114514> has said => 咋啦
[2023-07-20 21:58:05] [em_shadow_of_the_binder_of_worlds] The Player <wqe123420> has said => C
[2023-07-20 22:00:17] [world] The Player <Funget114514> has said => wqe123420 不能搞红石
[2023-07-20 22:00:23] [world] The Player <wqe123420> has said => ?
[2023-07-20 22:00:30] [world] The Player <Funget114514> has said => 全部没用了
[2023-07-20 22:01:17] [world] The Player <wqe123420> has said => YES
[2023-07-20 22:01:17] [world] The Player <Funget114514> has said => no
[2023-07-20 22:01:27] [world] The Player <Funget114514> has said => yes
[2023-07-20 22:01:49] [world] The Player <wqe123420> has said => 做完了
[2023-07-20 22:02:12] [world] The Player <Funget114514> has said => 你在哪 wqe123420
[2023-07-20 22:02:26] [world] The Player <Funget114514> has said => 药水
[2023-07-20 22:03:02] [world] The Player <Enderlava> has said => 对
[2023-07-20 22:03:05] [world] The Player <wqe123420> has said => OK了
[2023-07-20 22:03:18] [world] The Player <Enderlava> has said => byd怎么是这个皮肤啊 .Mai_Shiranui520
[2023-07-20 22:03:46] [world] The Player <wqe123420> has said => YES
[2023-07-20 22:03:49] [world] The Player <Enderlava> has said => 有无铁栅栏
[2023-07-20 22:03:55] [world] The Player <Enderlava> has said => 可以加速
[2023-07-20 22:04:04] [world] The Player <wqe123420> has said => 一堆
[2023-07-20 22:04:12] [world] The Player <Enderlava> has said => 给
[2023-07-20 22:04:24] [world] The Player <Enderlava> has said => 放几个
[2023-07-20 22:04:31] [world] The Player <wqe123420> has said => 没
[2023-07-20 22:04:36] [world] The Player <Enderlava> has said => e
[2023-07-20 22:04:41] [world] The Player <Enderlava> has said => 工作台
[2023-07-20 22:05:57] [world] The Player <Enderlava> has said => 这是真冷知识了吧
[2023-07-20 22:06:02] [world] The Player <wqe123420> has said => E
[2023-07-20 22:06:28] [world] The Player <wqe123420> has said => .Mai_Shiranui520
[2023-07-20 22:06:32] [world] The Player <Enderlava> has said => .Mai_Shiranui520 你好卡啊
[2023-07-20 22:06:47] [world] The Player <Funget114514> has said => 谁有蘑菇
[2023-07-20 22:06:51] [world] The Player <Enderlava> has said => 现在好了
[2023-07-20 22:07:08] [world] The Player <wqe123420> has said => 打折都开始了
[2023-07-20 22:07:23] [world] The Player <Enderlava> has said => done
[2023-07-20 22:07:24] [world] The Player <Funget114514> has said => 你那个用不了
[2023-07-20 22:07:28] [world] The Player <wqe123420> has said => ?
[2023-07-20 22:07:30] [world] The Player <wqe123420> has said => PI
[2023-07-20 22:07:35] [world] The Player <Enderlava> has said => 不行
[2023-07-20 22:07:39] [world] The Player <Enderlava> has said => 再来一次
[2023-07-20 22:07:45] [world] The Player <Enderlava> has said => 打到1
[2023-07-20 22:07:49] [world] The Player <wqe123420> has said => 都打完了
[2023-07-20 22:07:58] [world] The Player <wqe123420> has said => 怎么不行
[2023-07-20 22:08:06] [world] The Player <Enderlava> has said => 再打一次
[2023-07-20 22:08:08] [world] The Player <Enderlava> has said => 打到1
[2023-07-20 22:08:17] [world] The Player <wqe123420> has said => E
[2023-07-20 22:08:25] [world] The Player <Funget114514> has said => 1.30分钟可以
[2023-07-20 22:09:03] [world] The Player <wqe123420> has said => ?
[2023-07-20 22:09:17] [world] The Player <Enderlava> has said => c
[2023-07-20 22:09:25] [world] The Player <Enderlava> has said => 他来了
[2023-07-20 22:09:53] [world] The Player <Enderlava> has said => [Geyser-Spigot] /127.0.0.1:51820 尝试连接!
[2023-07-20 22:10:04] [world] The Player <Enderlava> has said => c
[2023-07-20 22:10:05] [world] The Player <Enderlava> has said => 基岩版IP为: /127.0.0.1 的玩家因 基岩版客户端连接超时 断开连接
[2023-07-20 22:10:07] [world] The Player <wqe123420> has said => ?
[2023-07-20 22:10:13] [world] The Player <Enderlava> has said => 他好像连不上了
[2023-07-20 22:10:17] [world] The Player <wqe123420> has said => E
[2023-07-20 22:10:38] [world] The Player <Enderlava> has said => 再打一遍啊
[2023-07-20 22:10:44] [world] The Player <wqe123420> has said => 晚上
[2023-07-20 22:13:07] [world] The Player <Funget114514> has said => 快
[2023-07-20 22:13:54] [world] The Player <Funget114514> has said => 快
[2023-07-20 22:15:14] [world] The Player <wqe123420> has said => GO
[2023-07-20 22:15:25] [world] The Player <wqe123420> has said => 远离
[2023-07-20 22:15:28] [world] The Player <Funget114514> has said => o
[2023-07-20 22:15:45] [world] The Player <wqe123420> has said => OK
[2023-07-20 22:17:24] [world] The Player <wqe123420> has said => ?
[2023-07-20 22:19:45] [world] The Player <Funget114514> has said => 再来
[2023-07-20 22:19:50] [world] The Player <wqe123420> has said => OKl
[2023-07-20 22:20:03] [world] The Player <wqe123420> has said => .Mai_Shiranui520 TP ME
[2023-07-20 22:20:13] [world] The Player <Funget114514> has said => 纸换绿宝石呢
[2023-07-20 22:20:27] [world] The Player <Funget114514> has said => qwq
[2023-07-20 22:20:39] [world] The Player <wqe123420> has said => 有劫掠塔
[2023-07-20 22:20:57] [world] The Player <Funget114514> has said => 再搞一次
[2023-07-20 22:21:01] [world] The Player <wqe123420> has said => NO
[2023-07-20 22:21:35] [world] The Player <wqe123420> has said => LOOK
[2023-07-20 22:21:51] [world] The Player <wqe123420> has said => 经验修补
[2023-07-20 22:22:07] [world] The Player <Funget114514> has said => wqe123420 你在这等
[2023-07-20 22:22:14] [world] The Player <wqe123420> has said => NO
[2023-07-20 22:22:23] [world] The Player <wqe123420> has said => 别打了
[2023-07-20 22:22:30] [world] The Player <Funget114514> has said => 为啥
[2023-07-20 22:22:43] [world] The Player <wqe123420> has said => 有劫掠塔
[2023-07-20 22:22:57] [world] The Player <wqe123420> has said => 不缺绿宝石
[2023-07-20 22:23:07] [world] The Player <Funget114514> has said => 我知道
[2023-07-20 22:23:11] [world] The Player <Funget114514> has said => 我去拿
[2023-07-20 22:23:20] [world] The Player <wqe123420> has said => 我有
[2023-07-20 22:23:29] [world] The Player <Funget114514> has said => 书呢
[2023-07-20 22:23:32] [world] The Player <wqe123420> has said => E
[2023-07-20 22:24:26] [world] The Player <Funget114514> has said => 给我绿宝石
[2023-07-20 22:24:55] [world] The Player <Funget114514> has said => 给我绿宝石
[2023-07-20 22:25:00] [world] The Player <Funget114514> has said => 2
[2023-07-20 22:25:03] [world] The Player <wqe123420> has said => 给了
[2023-07-20 22:25:34] [world] The Player <wqe123420> has said => 给本书
[2023-07-20 22:25:44] [world] The Player <Funget114514> has said => 我在家
[2023-07-20 22:25:48] [world] The Player <wqe123420> has said => 6
[2023-07-20 22:26:39] [world] The Player <Funget114514> has said => 我退了
[2023-07-20 22:27:19] [world] The Player <wqe123420> has said => ?
[2023-07-20 22:27:33] [world] The Player <wqe123420> has said => ????????????????????????????
