[2023-07-21 15:18:52] [world] The Player <Enderlava> has said => E
[2023-07-21 15:26:44] [world] The Player <Enderlava> has said => c
[2023-07-21 15:28:39] [world] The Player <Enderlava> has said => hhh
[2023-07-21 15:28:44] [world] The Player <Enderlava> has said => 魔杖僵尸
[2023-07-21 16:14:08] [world_nether] The Player <Enderlava> has said => ?
[2023-07-21 16:15:20] [world_nether] The Player <Enderlava> has said => 其他没有了
[2023-07-21 16:15:45] [world_nether] The Player <Enderlava> has said => 好
[2023-07-21 16:20:02] [world_nether] The Player <Enderlava> has said => ok
[2023-07-21 16:26:36] [world_nether] The Player <Funget114514> has said => 给我点tnt
[2023-07-21 16:27:34] [world_nether] The Player <Funget114514> has said => 捡不起来
[2023-07-21 16:29:21] [world_nether] The Player <Enderlava> has said => 别一起挖
[2023-07-21 16:29:25] [world_nether] The Player <Funget114514> has said => o
[2023-07-21 16:29:39] [world_nether] The Player <Funget114514> has said => 我没铁锭
[2023-07-21 16:29:52] [world_nether] The Player <Funget114514> has said => 给我个别
[2023-07-21 16:32:39] [world_nether] The Player <Funget114514> has said => 高度为15 Enderlava
[2023-07-21 16:32:45] [world_nether] The Player <Enderlava> has said => ?
[2023-07-21 16:32:51] [world_nether] The Player <Funget114514> has said => 多一点
[2023-07-21 16:32:56] [world_nether] The Player <Enderlava> has said => ?
[2023-07-21 17:10:23] [world] The Player <Funget114514> has said => 27个远古残骸
[2023-07-21 17:10:33] [world] The Player <Funget114514> has said => wqe123420
[2023-07-21 17:10:36] [world] The Player <wqe123420> has said => ?
[2023-07-21 17:10:47] [world] The Player <Funget114514> has said => 27个远古残骸
[2023-07-21 17:10:52] [world] The Player <wqe123420> has said => ?
[2023-07-21 17:10:59] [world] The Player <Funget114514> has said => 我到了
[2023-07-21 17:11:15] [world] The Player <Funget114514> has said => 挖到了
[2023-07-21 17:11:19] [world] The Player <wqe123420> has said => O
[2023-07-21 17:11:40] [world] The Player <Funget114514> has said => 挖完了
[2023-07-21 17:16:36] [world] The Player <wqe123420> has said => ?
[2023-07-21 17:16:41] [world] The Player <Enderlava> has said => hh
[2023-07-21 17:18:25] [world] The Player <Funget114514> has said => wqe123420
[2023-07-21 17:18:28] [world] The Player <wqe123420> has said => ?
[2023-07-21 17:18:40] [world] The Player <Funget114514> has said => 你在干嘛
[2023-07-21 17:18:55] [world] The Player <wqe123420> has said => FISH
[2023-07-21 17:19:01] [world] The Player <Funget114514> has said => o
[2023-07-21 17:19:21] [world] The Player <wqe123420> has said => ?
[2023-07-21 17:19:34] [world] The Player <Funget114514> has said => ???
[2023-07-21 17:21:38] [world] The Player <Funget114514> has said => wqe123420你在哪
[2023-07-21 17:21:43] [world] The Player <wqe123420> has said => HOME
[2023-07-21 17:23:13] [world] The Player <Funget114514> has said => 干嘛
[2023-07-21 17:23:36] [world] The Player <wqe123420> has said => ?
[2023-07-21 17:24:02] [world] The Player <wqe123420> has said => ?
[2023-07-21 17:24:23] [world] The Player <wqe123420> has said => ?
[2023-07-21 17:24:40] [world] The Player <Funget114514> has said => 干嘛 wqe123420
[2023-07-21 17:24:44] [world] The Player <wqe123420> has said => HH
[2023-07-21 17:25:51] [world] The Player <Funget114514> has said => 有耐久三附魔书吗 wqe123420
[2023-07-21 17:25:58] [world] The Player <wqe123420> has said => NO
[2023-07-21 17:26:37] [world] The Player <Funget114514> has said => 搞个耐久三村民
[2023-07-21 17:26:42] [world] The Player <wqe123420> has said => NM,
[2023-07-21 17:26:49] [world] The Player <wqe123420> has said => Enderlava
[2023-07-21 17:26:51] [world] The Player <wqe123420> has said => NM
[2023-07-21 17:27:14] [world] The Player <wqe123420> has said => NM
[2023-07-21 17:49:13] [world_nether] The Player <wqe123420> has said => OOOOOOOOOOOO
[2023-07-21 17:49:14] [world] The Player <Enderlava> has said => ?
[2023-07-21 17:49:28] [world_nether] The Player <wqe123420> has said => OOOOOOOOOOOO
[2023-07-21 17:49:30] [world] The Player <Enderlava> has said => ?
[2023-07-21 17:49:53] [world_nether] The Player <wqe123420> has said => OOOOOOOOOOOOOOOOOOOOOOOOOOOOOOO
[2023-07-21 17:50:33] [world] The Player <Enderlava> has said => ?
[2023-07-21 17:50:48] [world] The Player <Enderlava> has said => OOOOOOOOOOOOOOOOOOOOOOOOOOOOOOOOOOOOOOOOOOOOOOOOOOOOOOOOO
[2023-07-21 17:50:51] [world_nether] The Player <wqe123420> has said => HH
[2023-07-21 17:50:56] [world_nether] The Player <wqe123420> has said => OOOOOOOOOOOOOOOOOOO
[2023-07-21 17:51:03] [world] The Player <Enderlava> has said => OOOOOOOOOOOOOOOOOOOOOOOOOOOOOOOOOOOOOOOOOOOOOOOOOOOOOOOOO
[2023-07-21 17:51:07] [world_nether] The Player <wqe123420> has said => OOOOOOOOOOOOOOOOOOOOOOO\\
[2023-07-21 17:53:26] [world] The Player <Funget114514> has said => wqe123420
[2023-07-21 17:53:29] [world_nether] The Player <wqe123420> has said => ?
[2023-07-21 17:53:37] [world] The Player <Funget114514> has said => 你在干嘛
[2023-07-21 17:53:46] [world_nether] The Player <wqe123420> has said => 炸残骸
[2023-07-21 17:54:14] [world] The Player <Enderlava> has said => 问： 我们服务器是先有扩展背包还是先有墓碑插件
[2023-07-21 17:54:20] [world] The Player <Funget114514> has said => 和我刷村民吗
[2023-07-21 17:54:24] [world_nether] The Player <wqe123420> has said => 背包
[2023-07-21 17:54:29] [world] The Player <Funget114514> has said => 背包
[2023-07-21 17:54:32] [world] The Player <Enderlava> has said => 正确的
[2023-07-21 17:54:42] [world_nether] The Player <wqe123420> has said => OOOOOOOOOOOOOOOOOOOOOOOOOOOO
[2023-07-21 17:54:48] [world] The Player <Funget114514> has said => wqe123420
[2023-07-21 17:54:51] [world] The Player <Enderlava> has said => 墓是 3 months ago
[2023-07-21 17:54:57] [world_nether] The Player <wqe123420> has said => OOOOOOOOOOOOOOOOOOOOOOOOOOOOOOOOOOOOOO
[2023-07-21 17:54:59] [world] The Player <Funget114514> has said => 刷村民吗
[2023-07-21 17:55:03] [world_nether] The Player <wqe123420> has said => NO
[2023-07-21 17:55:10] [world] The Player <Funget114514> has said => 确定
[2023-07-21 17:55:13] [world_nether] The Player <wqe123420> has said => 炸完先
[2023-07-21 17:57:10] [world_nether] The Player <wqe123420> has said => E
[2023-07-21 17:57:21] [world_nether] The Player <Funget114514> has said => 挖吧
[2023-07-21 17:57:22] [world_nether] The Player <wqe123420> has said => HHH
[2023-07-21 17:57:37] [world_nether] The Player <wqe123420> has said => 给你
[2023-07-21 17:57:50] [world_nether] The Player <Funget114514> has said => 三连
[2023-07-21 17:57:55] [world_nether] The Player <wqe123420> has said => OOOOOOOOOOOOOOOOOOOOOOO
[2023-07-21 17:58:05] [world_nether] The Player <wqe123420> has said => ?
[2023-07-21 17:58:33] [world_nether] The Player <Funget114514> has said => ok
[2023-07-21 17:58:53] [world_nether] The Player <wqe123420> has said => OOOOOOOOOOOOOOOOOOOOOOO
[2023-07-21 18:02:02] [world_nether] The Player <Funget114514> has said => ok了
[2023-07-21 18:02:08] [world_nether] The Player <wqe123420> has said => ?
[2023-07-21 18:04:22] [world_nether] The Player <wqe123420> has said => ?
[2023-07-21 18:05:06] [world] The Player <Enderlava> has said => ｗｗｗｗｗｗｗｗｗｗｗｗｗｗ
[2023-07-21 18:06:34] [world] The Player <Enderlava> has said => 死亡证明我关了
[2023-07-21 18:06:39] [world_nether] The Player <wqe123420> has said => OK
[2023-07-21 18:07:06] [world_nether] The Player <wqe123420> has said => 6
[2023-07-21 18:12:06] [world] The Player <wqe123420> has said => ?
[2023-07-21 18:12:16] [world] The Player <Enderlava> has said => 测试墓碑
[2023-07-21 18:19:26] [world] The Player <Enderlava> has said => 假人德牧可以直接打开了
[2023-07-21 18:19:29] [world] The Player <wqe123420> has said => OK
[2023-07-21 18:20:20] [world] The Player <Enderlava> has said => 打死守墓僵尸回调头
[2023-07-21 18:20:25] [world] The Player <Enderlava> has said => 打死守墓僵尸回掉头
[2023-07-21 18:20:27] [world] The Player <wqe123420> has said => OOOOOOOOOOOOOOOOOOOOOOOOOOOOO
[2023-07-21 18:20:29] [world] The Player <Enderlava> has said => hh
[2023-07-21 18:20:44] [world] The Player <Enderlava> has said => 但是墓保护世界延长至1h
[2023-07-21 18:20:50] [world] The Player <wqe123420> has said => E
[2023-07-21 18:20:51] [world] The Player <Enderlava> has said => 但是墓保护时间延长至1h
[2023-07-21 18:21:19] [world] The Player <wqe123420> has said => 我要你的头
[2023-07-21 18:21:23] [world] The Player <Enderlava> has said => 滚
[2023-07-21 18:21:35] [world] The Player <wqe123420> has said => qwq
[2023-07-21 18:21:53] [world] The Player <wqe123420> has said => qwq
[2023-07-21 18:22:40] [world] The Player <wqe123420> has said => 杰
[2023-07-21 18:23:09] [world] The Player <wqe123420> has said => gamma调亮度没用了
[2023-07-21 18:23:16] [world] The Player <wqe123420> has said => 咋办
[2023-07-21 21:29:47] [world_nether] The Player <wqe123420> has said => ?
[2023-07-21 21:30:20] [world_nether] The Player <wqe123420> has said => E
[2023-07-21 21:30:35] [world_nether] The Player <wqe123420> has said => YES
[2023-07-21 21:36:38] [world] The Player <wqe123420> has said => WOC
[2023-07-21 21:36:50] [world] The Player <Enderlava> has said => ?
[2023-07-21 21:37:10] [world] The Player <wqe123420> has said => 差点死了
[2023-07-21 21:37:16] [world] The Player <Enderlava> has said => 6
[2023-07-21 21:37:51] [world] The Player <wqe123420> has said => 借个纹饰模板
[2023-07-21 21:38:05] [world] The Player <Enderlava> has said => 复制
[2023-07-21 21:38:16] [world] The Player <wqe123420> has said => 谢谢
[2023-07-21 21:38:30] [world] The Player <Enderlava> has said => 好
[2023-07-21 21:38:41] [world] The Player <wqe123420> has said => C
[2023-07-21 21:38:44] [world] The Player <Enderlava> has said => ?
[2023-07-21 21:38:49] [world] The Player <wqe123420> has said => 黑石
[2023-07-21 21:38:59] [world] The Player <Enderlava> has said => 刚好有
[2023-07-21 21:41:52] [world] The Player <wqe123420> has said => ?
[2023-07-21 21:41:56] [world] The Player <Enderlava> has said => ?
[2023-07-21 21:42:01] [world] The Player <wqe123420> has said => MD
[2023-07-21 21:42:03] [world] The Player <Enderlava> has said => ?
[2023-07-21 21:42:50] [world] The Player <wqe123420> has said => 装备放进去就有™穿回来
[2023-07-21 21:43:05] [world] The Player <wqe123420> has said => ??????????????????????
[2023-07-21 21:43:06] [world] The Player <Enderlava> has said => ?
[2023-07-21 21:43:11] [world] The Player <Enderlava> has said => 什么
[2023-07-21 21:43:14] [world] The Player <wqe123420> has said => 装备放进去就有™穿回来
[2023-07-21 21:43:23] [world] The Player <Enderlava> has said => 精英装备?
[2023-07-21 21:43:30] [world] The Player <wqe123420> has said => NO
[2023-07-21 21:43:34] [world] The Player <Enderlava> has said => bzd
[2023-07-21 21:46:05] [world] The Player <Funget114514> has said => 刷耐久三 wqe123420
[2023-07-21 21:47:52] [world] The Player <Funget114514> has said => 给我点钻石
[2023-07-21 21:47:57] [world] The Player <wqe123420> has said => ?
[2023-07-21 21:48:55] [world] The Player <Funget114514> has said => 给我点钻石
[2023-07-21 21:49:02] [world] The Player <wqe123420> has said => ?
[2023-07-21 21:49:13] [world] The Player <Funget114514> has said => 我也搞一个
[2023-07-21 21:50:12] [world] The Player <wqe123420> has said => HI
[2023-07-21 21:51:42] [world_nether] The Player <wqe123420> has said => ?
[2023-07-21 21:51:50] [world] The Player <Funget114514> has said => ?
[2023-07-21 21:56:22] [world_nether] The Player <wqe123420> has said => C
[2023-07-21 21:56:52] [world_nether] The Player <wqe123420> has said => 我的没了
[2023-07-21 21:57:12] [world_nether] The Player <wqe123420> has said => HH
[2023-07-21 21:59:41] [world_nether] The Player <wqe123420> has said => COME
[2023-07-21 22:00:09] [world_nether] The Player <wqe123420> has said => ?
[2023-07-21 22:00:33] [world_nether] The Player <wqe123420> has said => ?
[2023-07-21 22:01:19] [world_nether] The Player <wqe123420> has said => ?
[2023-07-21 22:01:27] [world_nether] The Player <wqe123420> has said => OK
[2023-07-21 22:01:48] [world_nether] The Player <wqe123420> has said => 没TNT了
[2023-07-21 22:02:15] [world_nether] The Player <wqe123420> has said => C
[2023-07-21 22:03:39] [world_nether] The Player <wqe123420> has said => C
[2023-07-21 22:04:27] [world_nether] The Player <wqe123420> has said => 家里也没了
[2023-07-21 22:05:07] [world_nether] The Player <wqe123420> has said => 6
[2023-07-21 22:05:20] [world_nether] The Player <wqe123420> has said => ?
[2023-07-21 22:07:45] [world_nether] The Player <Funget114514> has said => 我也来
[2023-07-21 22:09:08] [world_nether] The Player <Funget114514> has said => wqe123420
[2023-07-21 22:09:12] [world_nether] The Player <Funget114514> has said => 你在哪
[2023-07-21 22:09:31] [world_nether] The Player <wqe123420> has said => ?
[2023-07-21 22:09:37] [world_nether] The Player <Funget114514> has said => wqe123420
[2023-07-21 22:09:40] [world_nether] The Player <Funget114514> has said => 你在哪
[2023-07-21 22:09:48] [world_nether] The Player <wqe123420> has said => TP
[2023-07-21 22:11:38] [world_nether] The Player <Funget114514> has said => 快
[2023-07-21 22:11:41] [world_nether] The Player <Funget114514> has said => 挖
[2023-07-21 22:11:47] [world_nether] The Player <wqe123420> has said => 好饿
[2023-07-21 22:11:47] [world_nether] The Player <Funget114514> has said => .Mai_Shiranui520 无
[2023-07-21 22:15:25] [world_nether] The Player <Funget114514> has said => wqe123420
[2023-07-21 22:15:28] [world_nether] The Player <wqe123420> has said => ?
[2023-07-21 22:15:43] [world_nether] The Player <Funget114514> has said => 回下血吧
[2023-07-21 22:17:12] [world_nether] The Player <Funget114514> has said => 还要吗
[2023-07-21 22:17:17] [world_nether] The Player <wqe123420> has said => YES
[2023-07-21 22:17:27] [world_nether] The Player <wqe123420> has said => THANK
[2023-07-21 22:18:36] [world_nether] The Player <Funget114514> has said => 14个了
[2023-07-21 22:18:38] [world_nether] The Player <wqe123420> has said => NO
[2023-07-21 22:18:39] [world_nether] The Player <Funget114514> has said => wo
[2023-07-21 22:18:49] [world_nether] The Player <wqe123420> has said => 666
[2023-07-21 22:19:01] [world_nether] The Player <Funget114514> has said => 不还了
[2023-07-21 22:19:07] [world_nether] The Player <wqe123420> has said => 6
[2023-07-21 22:19:29] [world_nether] The Player <wqe123420> has said => BZD
[2023-07-21 22:20:05] [world] The Player <wqe123420> has said => Funget114514
[2023-07-21 22:20:08] [world_nether] The Player <Funget114514> has said => 我拿了哦
[2023-07-21 22:20:12] [world] The Player <wqe123420> has said => 拿了
[2023-07-21 22:20:14] [world_nether] The Player <Funget114514> has said => 不换了
[2023-07-21 22:20:18] [world] The Player <wqe123420> has said => 6
[2023-07-21 22:20:27] [world_nether] The Player <Funget114514> has said => 不还了
[2023-07-21 22:20:53] [world_nether] The Player <Funget114514> has said => ？
[2023-07-21 22:20:55] [world_nether] The Player <wqe123420> has said => 还
[2023-07-21 22:20:58] [world_nether] The Player <Funget114514> has said => o
[2023-07-21 22:21:52] [world] The Player <wqe123420> has said => 没了
[2023-07-21 22:22:09] [world_nether] The Player <Funget114514> has said => 我挖到17个先
[2023-07-21 22:22:29] [world] The Player <wqe123420> has said => YES
[2023-07-21 22:22:31] [world_nether] The Player <Funget114514> has said => yes
[2023-07-21 22:22:34] [world] The Player <Enderlava> has said => hhh
[2023-07-21 22:22:41] [world_nether] The Player <Funget114514> has said => hhh
[2023-07-21 22:22:50] [world_nether] The Player <Funget114514> has said => 不欠
[2023-07-21 22:22:55] [world] The Player <wqe123420> has said => 6
[2023-07-21 22:23:27] [world_nether] The Player <Funget114514> has said => 我玩先
[2023-07-21 22:23:37] [world_nether] The Player <Funget114514> has said => 那不是我写的
[2023-07-21 22:23:43] [world] The Player <Enderlava> has said => 一点钻石而已
[2023-07-21 22:24:02] [world_nether] The Player <Funget114514> has said => adalva 写的
[2023-07-21 22:24:02] [world] The Player <wqe123420> has said => 同一个妈
[2023-07-21 22:24:14] [world] The Player <Enderlava> has said => 6
[2023-07-21 22:24:21] [world] The Player <wqe123420> has said => HHHH
[2023-07-21 22:24:29] [world] The Player <Enderlava> has said => 好丑
[2023-07-21 22:24:33] [world] The Player <wqe123420> has said => ?
[2023-07-21 22:24:34] [world] The Player <Enderlava> has said => 真的
[2023-07-21 22:24:39] [world] The Player <wqe123420> has said => C
[2023-07-21 22:24:59] [world_nether] The Player <Funget114514> has said => 又来一个
[2023-07-21 22:25:05] [world] The Player <Enderlava> has said => strange
[2023-07-21 22:25:12] [world] The Player <wqe123420> has said => qwq
[2023-07-21 22:25:30] [world] The Player <wqe123420> has said => NM
[2023-07-21 22:25:37] [world] The Player <Enderlava> has said => 我也觉得
[2023-07-21 22:25:44] [world_nether] The Player <Funget114514> has said => 我找到灵魂沙峡谷了qwq
[2023-07-21 22:26:00] [world] The Player <Enderlava> has said => 不要打架
[2023-07-21 22:26:03] [world_nether] The Player <Funget114514> has said => ???
[2023-07-21 22:27:06] [world] The Player <Enderlava> has said => 其实我觉得紫水晶比较配合金套
[2023-07-21 22:27:15] [world] The Player <wqe123420> has said => OK
[2023-07-21 22:27:23] [world] The Player <wqe123420> has said => 试试
[2023-07-21 22:27:33] [world] The Player <Enderlava> has said => 幻翼
[2023-07-21 22:27:48] [world] The Player <Enderlava> has said => 不睡觉就会有
[2023-07-21 22:28:01] [world] The Player <Enderlava> has said => 取决于你多少跳没睡
[2023-07-21 22:28:12] [world] The Player <wqe123420> has said => HH
[2023-07-21 22:28:47] [world] The Player <wqe123420> has said => .Mai_Shiranui520韦了
[2023-07-21 22:29:02] [world] The Player <wqe123420> has said => .Mai_Shiranui520韦了
[2023-07-21 22:29:28] [world] The Player <wqe123420> has said => ?
[2023-07-21 22:29:35] [world] The Player <wqe123420> has said => ?
[2023-07-21 22:29:40] [world] The Player <Funget114514> has said => 干嘛
[2023-07-21 22:29:53] [world] The Player <wqe123420> has said => 咋装备没了
[2023-07-21 22:29:58] [world_nether] The Player <Funget114514> has said => 死了
[2023-07-21 22:30:01] [world] The Player <wqe123420> has said => HH
[2023-07-21 22:32:10] [world_nether] The Player <wqe123420> has said => OK?
[2023-07-21 22:32:14] [world_nether] The Player <Enderlava> has said => 好点
[2023-07-21 22:32:44] [world_nether] The Player <Enderlava> has said => 你到底死哪了
[2023-07-21 22:32:59] [world_nether] The Player <Funget114514> has said => 挖的地方
[2023-07-21 22:33:24] [world_nether] The Player <Enderlava> has said => 拿个防火护符啊
[2023-07-21 22:33:29] [world_nether] The Player <Funget114514> has said => 无
[2023-07-21 22:33:56] [world_nether] The Player <Enderlava> has said => 去捡
[2023-07-21 22:34:05] [world_nether] The Player <Enderlava> has said => 你有？
[2023-07-21 22:34:10] [world_nether] The Player <Funget114514> has said => 有
[2023-07-21 22:34:10] [world_nether] The Player <Enderlava> has said => 还我药水
[2023-07-21 22:38:29] [world] The Player <Funget114514> has said => 终结者3个
[2023-07-21 22:40:20] [world] The Player <Enderlava> has said => ?
[2023-07-21 22:41:05] [world] The Player <Funget114514> has said => 拿护符
[2023-07-21 22:41:19] [world] The Player <Funget114514> has said => 我
[2023-07-21 22:41:34] [world] The Player <Enderlava> has said => hhh
[2023-07-21 22:42:03] [world] The Player <wqe123420> has said => NO
[2023-07-21 22:42:05] [world] The Player <wqe123420> has said => NO
