[2023-07-22 12:58:44] [world] The Player <wqe123420> has said => 6
[2023-07-22 12:58:55] [world] The Player <Enderlava> has said => ?
[2023-07-22 13:02:32] [world] The Player <Funget114514> has said => wqe123420
[2023-07-22 13:05:35] [world] The Player <Funget114514> has said => wqe123420
[2023-07-22 13:17:55] [world] The Player <Funget114514> has said => hhhh
[2023-07-22 13:18:26] [world] The Player <Funget114514> has said => wge
[2023-07-22 13:35:07] [world] The Player <Funget114514> has said => wqe
[2023-07-22 13:36:35] [world_the_end] The Player <Funget114514> has said => 救我
[2023-07-22 13:36:40] [world_the_end] The Player <wqe123420> has said => ?
[2023-07-22 13:36:59] [world_the_end] The Player <wqe123420> has said => ?
[2023-07-22 13:37:09] [world_the_end] The Player <Funget114514> has said => 主世界
[2023-07-22 13:37:13] [world_the_end] The Player <wqe123420> has said => E
[2023-07-22 13:37:18] [world_the_end] The Player <Funget114514> has said => 有狼
[2023-07-22 13:37:25] [world_the_end] The Player <wqe123420> has said => E
[2023-07-22 13:37:52] [world_the_end] The Player <Funget114514> has said => ???
[2023-07-22 13:37:55] [world_the_end] The Player <wqe123420> has said => GO
[2023-07-22 13:37:59] [world_the_end] The Player <Funget114514> has said => o
[2023-07-22 13:38:18] [world_the_end] The Player <Funget114514> has said => 等等我
[2023-07-22 19:27:36] [world] The Player <Enderlava> has said => 刷沙机好了
[2023-07-22 19:27:38] [world] The Player <Funget114514> has said => p
[2023-07-22 19:27:40] [world] The Player <Funget114514> has said => o
[2023-07-22 19:45:27] [world] The Player <Funget114514> has said => Enderlava
[2023-07-22 20:07:24] [world] The Player <wqe123420> has said => OOOOOOOOOOOOOOOOOOOOOOOOOOOOOO
[2023-07-22 20:08:09] [world_nether] The Player <wqe123420> has said => HI
[2023-07-22 20:08:55] [world] The Player <wqe123420> has said => OOOOOOOOOOOOOOOOOOOOO
[2023-07-22 20:09:23] [world] The Player <wqe123420> has said => OOOOOOOOOOOOOOOOOOOOOOOOOO
[2023-07-22 20:14:32] [world_nether] The Player <wqe123420> has said => xaero-waypoint:Shared Location:S:244:51:1013:15:false:0:Internal-the-nether-waypoints
[2023-07-22 20:26:09] [world] The Player <wqe123420> has said => 杰
[2023-07-22 20:26:25] [world] The Player <wqe123420> has said => FISH
[2023-07-22 20:26:31] [world] The Player <wqe123420> has said => qwq
[2023-07-22 20:32:41] [world] The Player <Enderlava> has said => xaero-waypoint:Shared Location:S:244:51:1013:15:false:0:Internal-the-nether-waypoints
[2023-07-22 20:32:51] [world] The Player <Enderlava> has said => 这是什么
[2023-07-22 20:32:55] [world] The Player <wqe123420> has said => ?
[2023-07-22 20:33:09] [world] The Player <Enderlava> has said => 你分享的
[2023-07-22 20:33:10] [world] The Player <wqe123420> has said => HELP
[2023-07-22 20:33:13] [world] The Player <Enderlava> has said => ?
[2023-07-22 20:33:16] [world] The Player <wqe123420> has said => TPP
[2023-07-22 20:37:11] [world] The Player <wqe123420> has said => ???
[2023-07-22 20:37:22] [world] The Player <wqe123420> has said => ?????????????????????????????
[2023-07-22 20:37:26] [world] The Player <wqe123420> has said => COME
[2023-07-22 20:37:29] [world] The Player <Enderlava> has said => ?
[2023-07-22 20:37:33] [world] The Player <wqe123420> has said => COME
[2023-07-22 20:37:38] [world] The Player <Enderlava> has said => wait
[2023-07-22 20:37:46] [world] The Player <Enderlava> has said => 我清小怪
[2023-07-22 20:40:02] [world] The Player <wqe123420> has said => NOOOOOOOOOOOOOOOOOOOOO
[2023-07-22 20:40:33] [world] The Player <wqe123420> has said => 你的战斗斧头消失了
[2023-07-22 20:40:39] [world] The Player <Enderlava> has said => cao
[2023-07-22 20:41:12] [world] The Player <Enderlava> has said => 你那坐标是啥玩意
[2023-07-22 20:41:30] [world] The Player <wqe123420> has said => 朱令堡垒
[2023-07-22 20:41:34] [world] The Player <wqe123420> has said => E
[2023-07-22 20:41:37] [world] The Player <Enderlava> has said => e
[2023-07-22 20:42:08] [world] The Player <wqe123420> has said => 杰
[2023-07-22 20:42:18] [world] The Player <wqe123420> has said => 钓鱼MOD
[2023-07-22 20:42:22] [world] The Player <wqe123420> has said => qwq
[2023-07-22 20:43:00] [world] The Player <wqe123420> has said => 钓鱼MOD
[2023-07-22 20:43:02] [world] The Player <Enderlava> has said => e
[2023-07-22 20:43:33] [world] The Player <Enderlava> has said => 我找找
[2023-07-22 20:44:33] [world] The Player <Enderlava> has said => 交钻
[2023-07-22 20:44:44] [world] The Player <Enderlava> has said => 行
[2023-07-22 20:47:38] [world] The Player <wqe123420> has said => OK
[2023-07-22 20:48:44] [world] The Player <wqe123420> has said => 咋用
[2023-07-22 20:49:09] [world] The Player <wqe123420> has said => O
[2023-07-22 20:52:46] [world] The Player <wqe123420> has said => OOOOOOOOOOOOOOO
[2023-07-22 20:52:52] [world] The Player <wqe123420> has said => 好用
[2023-07-22 20:53:10] [world] The Player <wqe123420> has said => 来自我的肯定
[2023-07-22 21:26:40] [world] The Player <wqe123420> has said => OK
[2023-07-22 21:27:04] [world] The Player <wqe123420> has said => 你的血量咋刷的啊
[2023-07-22 21:27:14] [world] The Player <wqe123420> has said => 你的血量咋刷的啊
[2023-07-22 21:27:33] [world] The Player <wqe123420> has said => 你的血量咋刷的啊
[2023-07-22 21:27:44] [world] The Player <wqe123420> has said => 这么多
[2023-07-22 21:27:49] [world] The Player <wqe123420> has said => qwq
[2023-07-22 21:30:01] [world] The Player <wqe123420> has said => C
[2023-07-22 21:30:08] [world] The Player <wqe123420> has said => TT
[2023-07-22 21:30:49] [world] The Player <wqe123420> has said => 声望咋搞
[2023-07-22 21:31:13] [world] The Player <wqe123420> has said => 声望咋搞
[2023-07-22 21:31:44] [world] The Player <wqe123420> has said => C
[2023-07-22 21:32:28] [em_adventurers_guild] The Player <wqe123420> has said => C
[2023-07-22 21:32:37] [em_adventurers_guild] The Player <wqe123420> has said => -15605
[2023-07-22 21:32:42] [em_adventurers_guild] The Player <wqe123420> has said => 啊啊啊啊啊啊啊啊啊啊啊啊啊啊啊啊啊
[2023-07-22 21:32:55] [em_adventurers_guild] The Player <wqe123420> has said => 打不打
[2023-07-22 21:33:25] [em_adventurers_guild] The Player <wqe123420> has said => 给个BAFF
[2023-07-22 21:33:38] [em_adventurers_guild] The Player <wqe123420> has said => BUFF
[2023-07-22 21:34:10] [em_adventurers_guild] The Player <wqe123420> has said => 给个BUFF
[2023-07-22 21:34:35] [em_adventurers_guild] The Player <wqe123420> has said => NOOOOOOOOOOOOOOOOOOOOOOOOOOOOOOOOOOOOOOO
[2023-07-22 21:36:16] [em_adventurers_guild] The Player <wqe123420> has said => ?
[2023-07-22 21:56:33] [em_adventurers_guild] The Player <wqe123420> has said => NOOOOOOOOOOOOOOOOOOOOOOOOOO
[2023-07-22 21:56:42] [em_adventurers_guild] The Player <wqe123420> has said => 没金币
[2023-07-22 21:56:42] [em_adventurers_guild] The Player <Enderlava> has said => ?
[2023-07-22 21:56:53] [em_adventurers_guild] The Player <wqe123420> has said => 给个BUFF
[2023-07-22 21:57:16] [em_adventurers_guild] The Player <Enderlava> has said => 等我重启下服务器
[2023-07-22 21:59:07] [em_adventurers_guild] The Player <wqe123420> has said => 给个BUFF
[2023-07-22 21:59:52] [em_adventurers_guild] The Player <wqe123420> has said => qwq
[2023-07-22 22:00:00] [em_adventurers_guild] The Player <wqe123420> has said => 255
[2023-07-22 22:00:07] [em_adventurers_guild] The Player <Enderlava> has said => noway
[2023-07-22 22:00:25] [em_adventurers_guild] The Player <wqe123420> has said => 求求了
[2023-07-22 22:00:28] [em_adventurers_guild] The Player <Enderlava> has said => no
[2023-07-22 22:00:34] [em_adventurers_guild] The Player <wqe123420> has said => qwq
[2023-07-22 22:00:37] [em_adventurers_guild] The Player <wqe123420> has said => TT
[2023-07-22 22:00:48] [em_adventurers_guild] The Player <Enderlava> has said => 都免疫 60% 了
[2023-07-22 22:00:59] [em_adventurers_guild] The Player <wqe123420> has said => qwq、
[2023-07-22 22:01:03] [em_adventurers_guild] The Player <wqe123420> has said => TT
[2023-07-22 22:01:47] [em_adventurers_guild] The Player <wqe123420> has said => HI
[2023-07-22 22:02:06] [em_adventurers_guild] The Player <wqe123420> has said => ?
[2023-07-22 22:02:22] [em_adventurers_guild] The Player <Enderlava> has said => ?
[2023-07-22 22:02:30] [em_adventurers_guild] The Player <wqe123420> has said => ?
[2023-07-22 22:03:29] [em_adventurers_guild] The Player <wqe123420> has said => 666
[2023-07-22 22:03:32] [em_adventurers_guild] The Player <Enderlava> has said => 666
[2023-07-22 22:03:56] [em_adventurers_guild] The Player <wqe123420> has said => 打不打
[2023-07-22 22:07:40] [em_adventurers_guild] The Player <Enderlava> has said => tp
[2023-07-22 22:07:42] [em_adventurers_guild] The Player <Enderlava> has said => 打
[2023-07-22 22:07:56] [em_adventurers_guild] The Player <Enderlava> has said => .Mai_Shiranui520 打不打
[2023-07-22 22:08:09] [em_adventurers_guild] The Player <wqe123420> has said => ?
[2023-07-22 22:08:17] [em_adventurers_guild] The Player <Enderlava> has said => 这个还好
[2023-07-22 22:08:25] [em_adventurers_guild] The Player <wqe123420> has said => BUFF
[2023-07-22 22:08:33] [em_adventurers_guild] The Player <wqe123420> has said => 给个BUFF
[2023-07-22 22:08:52] [em_adventurers_guild] The Player <Enderlava> has said => 不能后加的
[2023-07-22 22:08:52] [em_adventurers_guild] The Player <wqe123420> has said => 给个BUFF
[2023-07-22 22:09:34] [em_adventurers_guild] The Player <Enderlava> has said => 快
[2023-07-22 22:10:28] [em_adventurers_guild] The Player <wqe123420> has said => HHHHH
[2023-07-22 22:12:03] [em_adventurers_guild] The Player <wqe123420> has said => ?
[2023-07-22 22:12:38] [em_adventurers_guild] The Player <Enderlava> has said => 我们打吧
[2023-07-22 22:12:45] [em_adventurers_guild] The Player <wqe123420> has said => OK
[2023-07-22 22:13:29] [em_adventurers_guild] The Player <wqe123420> has said => BUFF
[2023-07-22 22:14:00] [em_adventurers_guild] The Player <wqe123420> has said => ?
[2023-07-22 22:16:50] [em_adventurers_guild] The Player <wqe123420> has said => BUFFS
[2023-07-22 22:16:54] [em_adventurers_guild] The Player <wqe123420> has said => BUFF
[2023-07-22 22:16:56] [em_adventurers_guild] The Player <wqe123420> has said => BUFF
[2023-07-22 22:16:57] [em_adventurers_guild] The Player <wqe123420> has said => BUFF
[2023-07-22 22:16:58] [em_adventurers_guild] The Player <wqe123420> has said => BUFF
[2023-07-22 22:16:58] [em_adventurers_guild] The Player <wqe123420> has said => BUFF
[2023-07-22 22:16:59] [em_adventurers_guild] The Player <wqe123420> has said => BUFF
[2023-07-22 22:17:17] [em_adventurers_guild] The Player <Enderlava> has said => 抗性三还不够吗
[2023-07-22 22:17:22] [em_adventurers_guild] The Player <wqe123420> has said => 没了
[2023-07-22 22:20:42] [em_adventurers_guild] The Player <Enderlava> has said => cccccccccc
[2023-07-22 22:21:11] [em_adventurers_guild] The Player <wqe123420> has said => CCCCCCCCCCCCCCCCCCC
[2023-07-22 22:23:12] [em_adventurers_guild] The Player <wqe123420> has said => C
[2023-07-22 22:23:24] [em_adventurers_guild] The Player <Enderlava> has said => cccccccc
[2023-07-22 22:23:30] [em_adventurers_guild] The Player <wqe123420> has said => XCCC
[2023-07-22 22:23:36] [em_adventurers_guild] The Player <wqe123420> has said => ?
[2023-07-22 22:23:39] [em_adventurers_guild] The Player <Enderlava> has said => 不打了
[2023-07-22 22:23:47] [em_adventurers_guild] The Player <wqe123420> has said => 掉下来了
[2023-07-22 22:23:57] [em_adventurers_guild] The Player <Enderlava> has said => hh
[2023-07-22 22:24:02] [em_adventurers_guild] The Player <wqe123420> has said => HHHH
[2023-07-22 22:24:03] [em_adventurers_guild] The Player <Enderlava> has said => 关服了
