[2023-08-23 13:52:48] [world] The Player <wqe123420> has said => OK
[2023-08-23 13:53:05] [world] The Player <wqe123420> has said => ?
[2023-08-23 13:53:10] [world] The Player <wqe123420> has said => ????
[2023-08-23 13:54:39] [world] The Player <wqe123420> has said => 来？
[2023-08-23 13:55:03] [world] The Player <wqe123420> has said => TP
[2023-08-23 13:58:00] [world] The Player <wqe123420> has said => ?
[2023-08-23 13:59:22] [world] The Player <wqe123420> has said => HI
[2023-08-23 13:59:24] [world] The Player <wqe123420> has said => TP
[2023-08-23 13:59:39] [world] The Player <wqe123420> has said => WTM
[2023-08-23 14:00:02] [world] The Player <wqe123420> has said => ./CD
[2023-08-23 14:00:33] [world] The Player <wqe123420> has said => 有墓
[2023-08-23 14:00:36] [world] The Player <wqe123420> has said => OK
[2023-08-23 14:00:48] [world] The Player <wqe123420> has said => ?
[2023-08-23 14:01:52] [world] The Player <wqe123420> has said => 6
[2023-08-23 14:02:33] [world] The Player <wqe123420> has said => ?
[2023-08-23 14:04:20] [world] The Player <wqe123420> has said => 廖
[2023-08-23 14:04:22] [world] The Player <wqe123420> has said => TP
[2023-08-23 14:05:56] [world] The Player <wqe123420> has said => tp
[2023-08-23 14:06:08] [world] The Player <wqe123420> has said => 6
[2023-08-23 14:06:11] [world] The Player <wqe123420> has said => 6
[2023-08-23 14:06:12] [world] The Player <wqe123420> has said => tp
[2023-08-23 14:06:18] [world] The Player <wqe123420> has said => TP ME
[2023-08-23 14:06:25] [world] The Player <wqe123420> has said => TP ME
[2023-08-23 14:06:26] [world] The Player <wqe123420> has said => TP ME
[2023-08-23 14:06:26] [world] The Player <wqe123420> has said => TP ME
[2023-08-23 14:06:26] [world] The Player <wqe123420> has said => TP ME
[2023-08-23 14:06:39] [world] The Player <wqe123420> has said => TP ME
[2023-08-23 14:06:44] [world] The Player <wqe123420> has said => C
[2023-08-23 14:07:24] [world] The Player <wqe123420> has said => 我建的
[2023-08-23 14:09:12] [world] The Player <wqe123420> has said => 哪呢也穿不了啊
[2023-08-23 14:10:16] [world] The Player <wqe123420> has said => ????
[2023-08-23 14:10:43] [world] The Player <wqe123420> has said => 666
[2023-08-23 14:14:27] [world] The Player <wqe123420> has said => ?
[2023-08-23 14:14:36] [world] The Player <wqe123420> has said => WC
[2023-08-23 14:14:43] [world] The Player <wqe123420> has said => 别搞
[2023-08-23 14:14:55] [world] The Player <wqe123420> has said => C
[2023-08-23 14:15:03] [world] The Player <wqe123420> has said => 还我啊
[2023-08-23 14:15:10] [world] The Player <wqe123420> has said => 3组
[2023-08-23 14:15:17] [world] The Player <wqe123420> has said => 我的家当啊
