[2023-07-23 15:17:48] [world] The Player <Enderlava> has said => 不需要加载?s
[2023-07-23 17:56:00] [em_adventurers_guild] The Player <wqe123420> has said => Jeeves!
[2023-07-23 17:59:16] [world] The Player <wqe123420> has said => ?
[2023-07-23 18:13:18] [world] The Player <Enderlava> has said => ？6
[2023-07-23 18:13:45] [world] The Player <Enderlava> has said => 这牛不掉血
[2023-07-23 18:13:49] [world] The Player <wqe123420> has said => OOOOOOOOOOOOOO
[2023-07-23 18:20:19] [world] The Player <Enderlava> has said => 我把刷杀鸡扩建了
[2023-07-23 18:20:26] [world] The Player <Enderlava> has said => 我把刷沙机扩建了
[2023-07-23 18:20:38] [world] The Player <wqe123420> has said => OK
[2023-07-23 18:20:56] [world] The Player <Enderlava> has said => 四倍速的刷沙机
[2023-07-23 18:21:02] [world] The Player <wqe123420> has said => OOOOOOOOOOOOOOOOO
[2023-07-23 18:23:25] [world] The Player <Enderlava> has said => ?那只巨人怎么不见了
[2023-07-23 20:14:14] [world] The Player <Funget114514> has said => 快
[2023-07-23 20:14:49] [world] The Player <Funget114514> has said => 快
[2023-07-23 20:15:15] [world] The Player <Funget114514> has said => 花纹
[2023-07-23 20:15:42] [world] The Player <Funget114514> has said => ok
[2023-07-23 20:54:25] [world] The Player <wqe123420> has said => COME
[2023-07-23 20:54:41] [world] The Player <wqe123420> has said => COME
[2023-07-23 20:54:43] [world] The Player <wqe123420> has said => TP
[2023-07-23 21:10:50] [world_the_end] The Player <wqe123420> has said => HI
[2023-07-23 21:11:56] [world_the_end] The Player <wqe123420> has said => OK
[2023-07-23 21:12:34] [world_the_end] The Player <wqe123420> has said => 我门种子码多少
[2023-07-23 21:12:51] [world_the_end] The Player <wqe123420> has said => 不行
