[2023-07-06 16:48:54] [world] The Player <Enderlava> has executed => /elitemobs trackcustomboss badcebad-3fb1-4473-aa99-a03dbd82172a
[2023-07-06 16:56:13] [world] The Player <Enderlava> has executed => /E,
[2023-07-06 16:56:15] [world] The Player <Enderlava> has executed => /EM
[2023-07-06 16:56:20] [world] The Player <Enderlava> has executed => /em
[2023-07-06 16:56:51] [world] The Player <Enderlava> has executed => /superrandomcommand run book
[2023-07-06 16:59:53] [world] The Player <Enderlava> has executed => /elitemobs trackcustomboss dd31d420-deb9-4345-83b8-1d35f6c10db0
[2023-07-06 17:04:17] [world] The Player <Funget114514> has executed => /tp -1697 112.5 2518
[2023-07-06 17:20:05] [world] The Player <Funget114514> has executed => /tell Enderlava -1985 61 -1181
[2023-07-06 17:20:11] [world_the_end] The Player <Enderlava> has executed => /tell Funget114514 OK
[2023-07-06 17:20:47] [world_the_end] The Player <Enderlava> has executed => /tell Funget114514 我先建个甘蔗机和竹子机
[2023-07-06 17:21:03] [world] The Player <Funget114514> has executed => /tell Enderlava ok
[2023-07-06 17:21:25] [world_the_end] The Player <Enderlava> has executed => /sk
[2023-07-06 17:22:28] [world_the_end] The Player <Enderlava> has executed => /ag
[2023-07-06 17:25:01] [world_the_end] The Player <Enderlava> has executed => /sk
[2023-07-06 17:27:38] [world] The Player <Funget114514> has executed => /tpj Enderlava
[2023-07-06 17:28:43] [world_nether] The Player <wqe123420> has executed => /tpj Funget114514
[2023-07-06 17:29:22] [world] The Player <wqe123420> has executed => /CDC
[2023-07-06 17:29:27] [world] The Player <wqe123420> has executed => /bag open
[2023-07-06 17:29:31] [world_the_end] The Player <Enderlava> has executed => /tpjaccept
[2023-07-06 17:29:58] [world] The Player <wqe123420> has executed => /bag open
[2023-07-06 17:32:46] [world] The Player <Enderlava> has executed => /tpj:tpj Funget114514
[2023-07-06 17:32:52] [world] The Player <Enderlava> has executed => /tpj Funget114514
[2023-07-06 17:32:59] [world] The Player <Enderlava> has executed => /AG
[2023-07-06 17:33:02] [world] The Player <Enderlava> has executed => /ag
[2023-07-06 17:33:45] [em_adventurers_guild] The Player <Enderlava> has executed => /tpj Funget114514
[2023-07-06 17:34:01] [em_adventurers_guild] The Player <Enderlava> has executed => /tpj Funget114514
[2023-07-06 17:34:09] [world_the_end] The Player <Funget114514> has executed => /tpj:tpjaccept
[2023-07-06 17:34:15] [world_the_end] The Player <Funget114514> has executed => /tpjaccept
[2023-07-06 17:37:54] [world] The Player <wqe123420> has executed => /tpj Enderlava
[2023-07-06 18:10:16] [world] The Player <wqe123420> has executed => /grave
[2023-07-06 18:10:39] [world] The Player <wqe123420> has executed => /tp 2878 -43.5 -1742
[2023-07-06 18:15:49] [world] The Player <wqe123420> has executed => /bag open
[2023-07-06 18:16:40] [world] The Player <wqe123420> has executed => /bag open
[2023-07-06 18:26:06] [world] The Player <wqe123420> has executed => /bot create 23232
[2023-07-06 18:28:36] [world] The Player <wqe123420> has executed => /elitemobs trackcustomboss 00f26cf5-3c6c-47b3-958a-3363fbcb4140
[2023-07-06 18:28:39] [world] The Player <wqe123420> has executed => /elitemobs trackcustomboss 00f26cf5-3c6c-47b3-958a-3363fbcb4140
[2023-07-06 18:32:47] [world] The Player <wqe123420> has executed => /grave
[2023-07-06 18:33:02] [world] The Player <wqe123420> has executed => /grave
[2023-07-06 18:37:28] [world] The Player <Funget114514> has executed => /tpj wqe123420
[2023-07-06 18:37:41] [world] The Player <wqe123420> has executed => /tpjaccept
[2023-07-06 18:44:12] [world] The Player <wqe123420> has executed => /grave
[2023-07-06 18:44:18] [world] The Player <wqe123420> has executed => /grave
[2023-07-06 18:45:01] [world] The Player <Funget114514> has executed => /tp -840 -59.5 -744
[2023-07-06 18:46:04] [world] The Player <Funget114514> has executed => /tpj wqe123420
[2023-07-06 18:46:15] [world] The Player <wqe123420> has executed => /tpjaccept
[2023-07-06 18:48:00] [world] The Player <wqe123420> has executed => /grave
[2023-07-06 18:48:16] [world] The Player <Funget114514> has executed => /tpj wqe123420
[2023-07-06 18:48:25] [world] The Player <wqe123420> has executed => /tpjaccept
[2023-07-06 18:48:36] [world] The Player <Funget114514> has executed => /tpj wqe123420
[2023-07-06 18:48:45] [world] The Player <Enderlava> has executed => /superrandomcommand run book
[2023-07-06 18:48:46] [world] The Player <Enderlava> has executed => /superrandomcommand run book
[2023-07-06 18:48:49] [world] The Player <wqe123420> has executed => /tpjaccept
[2023-07-06 18:48:58] [world] The Player <Funget114514> has executed => /tpj wqe123420
[2023-07-06 18:49:12] [world] The Player <wqe123420> has executed => /tpjaccept
[2023-07-06 18:49:28] [world] The Player <Funget114514> has executed => /tpj wqe123420
[2023-07-06 18:49:33] [world] The Player <wqe123420> has executed => /tpjaccept
[2023-07-06 18:50:02] [world] The Player <Funget114514> has executed => /tpj wqe123420
[2023-07-06 18:50:29] [world] The Player <wqe123420> has executed => /tpjaccept
[2023-07-06 18:52:49] [world] The Player <Funget114514> has executed => /tp -843 80.5 -748
[2023-07-06 19:00:38] [world] The Player <wqe123420> has executed => /elitemobs trackcustomboss e96dcdb9-5683-4bca-ac46-12dd51fdd352
[2023-07-06 19:08:49] [world] The Player <wqe123420> has executed => /grave
[2023-07-06 19:08:56] [world] The Player <wqe123420> has executed => /grave
[2023-07-06 19:11:33] [world] The Player <Funget114514> has executed => /tpj wqe123420
[2023-07-06 19:11:35] [world] The Player <Funget114514> has executed => /elitemobs trackcustomboss fdd8874d-d090-4cdc-a8ab-500f26a48a36
[2023-07-06 19:11:40] [world] The Player <wqe123420> has executed => /tpjaccept
[2023-07-06 19:13:28] [world] The Player <wqe123420> has executed => /grave
[2023-07-06 19:13:33] [world] The Player <wqe123420> has executed => /grave
[2023-07-06 19:14:37] [world] The Player <wqe123420> has executed => /superrandomcommand run book
[2023-07-06 19:15:10] [world] The Player <wqe123420> has executed => /superrandomcommand run book
[2023-07-06 19:15:25] [world] The Player <wqe123420> has executed => /superrandomcommand run book
[2023-07-06 19:15:34] [world] The Player <wqe123420> has executed => /superrandomcommand run book
[2023-07-06 19:15:43] [world] The Player <wqe123420> has executed => /superrandomcommand run book
[2023-07-06 19:16:06] [world] The Player <wqe123420> has executed => /superrandomcommand run book
[2023-07-06 19:16:22] [world] The Player <wqe123420> has executed => /superrandomcommand run book
[2023-07-06 19:22:55] [world] The Player <Enderlava> has executed => /grave
[2023-07-06 19:28:53] [world] The Player <Enderlava> has executed => /superrandomcommand run book
[2023-07-06 19:29:03] [world] The Player <Enderlava> has executed => /superrandomcommand run book
[2023-07-06 19:29:31] [world] The Player <Enderlava> has executed => /superrandomcommand run book
[2023-07-06 19:40:41] [world] The Player <Enderlava> has executed => /superrandomcommand run book
[2023-07-06 19:40:45] [world] The Player <Enderlava> has executed => /superrandomcommand run book
[2023-07-06 19:40:46] [world] The Player <Enderlava> has executed => /superrandomcommand run book
[2023-07-06 19:40:47] [world] The Player <Enderlava> has executed => /superrandomcommand run book
[2023-07-06 19:40:49] [world] The Player <Enderlava> has executed => /superrandomcommand run book
[2023-07-06 19:40:50] [world] The Player <Enderlava> has executed => /superrandomcommand run book
[2023-07-06 19:41:35] [world] The Player <Enderlava> has executed => /superrandomcommand run book
[2023-07-06 20:02:55] [world] The Player <Enderlava> has executed => /superrandomcommand run book
[2023-07-06 20:02:58] [world] The Player <Enderlava> has executed => /superrandomcommand run book
[2023-07-06 20:03:01] [world] The Player <Enderlava> has executed => /superrandomcommand run book
[2023-07-06 20:03:47] [world] The Player <Enderlava> has executed => /superrandomcommand run book
[2023-07-06 20:03:48] [world] The Player <Enderlava> has executed => /superrandomcommand run book
[2023-07-06 20:04:08] [world] The Player <Enderlava> has executed => /superrandomcommand run book
[2023-07-06 20:04:09] [world] The Player <Enderlava> has executed => /superrandomcommand run book
[2023-07-06 20:04:23] [world] The Player <Enderlava> has executed => /superrandomcommand run book
[2023-07-06 20:04:26] [world] The Player <Enderlava> has executed => /superrandomcommand run book
[2023-07-06 20:05:55] [world] The Player <Enderlava> has executed => /superrandomcommand aget_book
[2023-07-06 20:06:02] [world] The Player <Enderlava> has executed => /superrandomcommand run aget_book
[2023-07-06 20:06:46] [world] The Player <Enderlava> has executed => /superrandomcommand run book
[2023-07-06 20:06:57] [world] The Player <Enderlava> has executed => /superrandomcommand run get_book
[2023-07-06 20:09:46] [world] The Player <Enderlava> has executed => /superrandomcommand run book
[2023-07-06 20:09:47] [world] The Player <Enderlava> has executed => /superrandomcommand run book
[2023-07-06 20:09:58] [world] The Player <Enderlava> has executed => /superrandomcommand run book
[2023-07-06 20:10:00] [world] The Player <Enderlava> has executed => /superrandomcommand run book
[2023-07-06 20:10:01] [world] The Player <Enderlava> has executed => /superrandomcommand run book
[2023-07-06 20:12:30] [world] The Player <Enderlava> has executed => /superrandomcommand run book
[2023-07-06 20:12:35] [world] The Player <Enderlava> has executed => /superrandomcommand run book
[2023-07-06 20:12:36] [world] The Player <Enderlava> has executed => /superrandomcommand run book
[2023-07-06 21:10:04] [world] The Player <Funget114514> has executed => /tpj wqe123420
[2023-07-06 21:10:39] [world] The Player <Funget114514> has executed => /tpj wqe123420
[2023-07-06 21:10:46] [world] The Player <Funget114514> has executed => /tpj wqe123420
[2023-07-06 21:11:36] [world] The Player <Funget114514> has executed => /tpj wqe123420
[2023-07-06 21:11:40] [world] The Player <Funget114514> has executed => /tpj wqe123420
[2023-07-06 21:11:43] [world] The Player <Funget114514> has executed => /tpj wqe123420
[2023-07-06 21:41:19] [world] The Player <wqe123420> has executed => /grave
[2023-07-06 21:48:28] [world] The Player <wqe123420> has executed => /grave
[2023-07-06 21:58:54] [world] The Player <wqe123420> has executed => /tpj Funget114514
[2023-07-06 22:37:34] [world] The Player <Enderlava> has executed => /tpj wegwe
[2023-07-06 22:37:39] [world] The Player <Enderlava> has executed => /tpj wqe123420
[2023-07-06 22:37:47] [world] The Player <wqe123420> has executed => /tpjaccept
[2023-07-06 22:37:57] [world] The Player <Enderlava> has executed => /superrandomcommand run book
[2023-07-06 22:38:01] [world] The Player <Enderlava> has executed => /superrandomcommand run book
[2023-07-06 22:38:07] [world] The Player <Enderlava> has executed => /superrandomcommand run book
[2023-07-06 22:40:48] [world] The Player <wqe123420> has executed => /superrandomcommand run book
[2023-07-06 22:41:27] [world] The Player <wqe123420> has executed => /superrandomcommand run book
[2023-07-06 22:42:17] [world] The Player <wqe123420> has executed => /superrandomcommand run book
