[2023-07-07 08:32:16] [world] The Player <wqe123420> has executed => /superrandomcommand run book
[2023-07-07 08:44:55] [world] The Player <wqe123420> has executed => /superrandomcommand run book
[2023-07-07 08:46:31] [world] The Player <wqe123420> has executed => /superrandomcommand run book
[2023-07-07 08:46:35] [world] The Player <wqe123420> has executed => /superrandomcommand run book
[2023-07-07 08:47:43] [world] The Player <wqe123420> has executed => /superrandomcommand run book
[2023-07-07 08:48:00] [world] The Player <wqe123420> has executed => /superrandomcommand run book
[2023-07-07 08:48:02] [world] The Player <wqe123420> has executed => /superrandomcommand run book
[2023-07-07 08:48:05] [world] The Player <wqe123420> has executed => /superrandomcommand run book
[2023-07-07 08:49:56] [world] The Player <wqe123420> has executed => /CD
[2023-07-07 08:50:03] [world] The Player <wqe123420> has executed => /grave
[2023-07-07 08:57:50] [world] The Player <Enderlava> has executed => /em
[2023-07-07 08:57:56] [world] The Player <Enderlava> has executed => /d
[2023-07-07 08:58:21] [world] The Player <Enderlava> has executed => /superrandomcommand run book
[2023-07-07 08:58:21] [world] The Player <wqe123420> has executed => /grave
[2023-07-07 08:58:23] [world] The Player <Enderlava> has executed => /superrandomcommand run book
[2023-07-07 08:58:31] [world] The Player <wqe123420> has executed => /grave
[2023-07-07 09:04:37] [world] The Player <Enderlava> has executed => /grave
[2023-07-07 09:06:07] [world] The Player <Enderlava> has executed => /elitemobs trackcustomboss 89afa6fa-e4ef-4d8b-a509-962de6f1db67
[2023-07-07 09:09:10] [world] The Player <wqe123420> has executed => /superrandomcommand run book
[2023-07-07 09:12:27] [world_the_end] The Player <Xw114> has executed => /tpj wqe123420
[2023-07-07 09:12:33] [world] The Player <wqe123420> has executed => /tpjaccept
[2023-07-07 09:16:18] [world_nether] The Player <Enderlava> has executed => /superrandomcommand run book
[2023-07-07 09:16:37] [world_nether] The Player <Enderlava> has executed => /tpj Xw114
[2023-07-07 09:16:48] [world] The Player <Xw114> has executed => /tpj accept
[2023-07-07 09:16:50] [world_nether] The Player <Enderlava> has executed => /tpj wqe123420
[2023-07-07 09:16:53] [world_nether] The Player <Enderlava> has executed => /tpj wqe123420
[2023-07-07 09:16:54] [world_nether] The Player <Enderlava> has executed => /tpj wqe123420
[2023-07-07 09:16:55] [world_nether] The Player <Enderlava> has executed => /tpj wqe123420
[2023-07-07 09:16:55] [world_nether] The Player <Enderlava> has executed => /tpj wqe123420
[2023-07-07 09:16:56] [world_nether] The Player <Enderlava> has executed => /tpj wqe123420
[2023-07-07 09:16:57] [world_nether] The Player <Enderlava> has executed => /tpj wqe123420
[2023-07-07 09:16:57] [world] The Player <Xw114> has executed => /tpjaccept
[2023-07-07 09:16:58] [world] The Player <wqe123420> has executed => /tpjaccept
[2023-07-07 09:21:20] [world] The Player <Xw114> has executed => /em shop
[2023-07-07 09:22:02] [em_adventurers_guild] The Player <Xw114> has executed => /em start
[2023-07-07 09:22:21] [world] The Player <Enderlava> has executed => /em
[2023-07-07 09:22:29] [world] The Player <Enderlava> has executed => /ag
[2023-07-07 09:23:22] [em_adventurers_guild] The Player <Enderlava> has executed => /superrandomcommand run book
[2023-07-07 09:23:43] [em_adventurers_guild] The Player <Xw114> has executed => /em quit
[2023-07-07 09:23:49] [em_adventurers_guild] The Player <Enderlava> has executed => /em
[2023-07-07 09:24:02] [em_adventurers_guild] The Player <Xw114> has executed => /tpj Enderlava
[2023-07-07 09:24:10] [em_id_the_climb_0] The Player <Enderlava> has executed => /em
[2023-07-07 09:24:22] [em_adventurers_guild] The Player <Xw114> has executed => /em
[2023-07-07 09:24:37] [em_id_the_climb_0] The Player <Enderlava> has executed => /em
[2023-07-07 09:24:43] [em_adventurers_guild] The Player <Xw114> has executed => /em
[2023-07-07 09:25:05] [world] The Player <wqe123420> has executed => /tpj Enderlava
[2023-07-07 09:25:20] [em_id_the_climb_0] The Player <Enderlava> has executed => /superrandomcommand run book
[2023-07-07 09:25:25] [world] The Player <wqe123420> has executed => /em
[2023-07-07 09:25:31] [world] The Player <wqe123420> has executed => /elitemobs dungeontp the_climb_dungeon.yml
[2023-07-07 09:25:43] [em_id_the_climb_0] The Player <Enderlava> has executed => /em
[2023-07-07 09:25:50] [em_adventurers_guild] The Player <Xw114> has executed => /em
[2023-07-07 09:26:04] [em_id_the_climb_0] The Player <Enderlava> has executed => /em
[2023-07-07 09:26:08] [em_adventurers_guild] The Player <Xw114> has executed => /elitemobs dungeontp the_climb_dungeon.yml
[2023-07-07 09:26:40] [em_id_the_climb_1] The Player <Xw114> has executed => /em
[2023-07-07 09:26:43] [em_id_the_climb_1] The Player <Xw114> has executed => /elitemobs dungeontp the_climb_dungeon.yml
[2023-07-07 09:26:54] [em_id_the_climb_1] The Player <Xw114> has executed => /em quit
[2023-07-07 09:27:00] [em_adventurers_guild] The Player <Xw114> has executed => /em
[2023-07-07 09:27:04] [em_adventurers_guild] The Player <Xw114> has executed => /elitemobs dungeontp the_climb_dungeon.yml
[2023-07-07 09:27:13] [em_id_the_climb_0] The Player <Enderlava> has executed => /em start
[2023-07-07 09:27:34] [em_id_the_climb_0] The Player <Enderlava> has executed => /superrandomcommand run book
[2023-07-07 09:29:15] [em_id_the_climb_0] The Player <Enderlava> has executed => /superrandomcommand run book
[2023-07-07 09:29:16] [em_id_the_climb_0] The Player <Enderlava> has executed => /superrandomcommand run book
[2023-07-07 09:29:18] [em_id_the_climb_0] The Player <Enderlava> has executed => /superrandomcommand run book
[2023-07-07 09:29:34] [world] The Player <wegwe> has executed => /tpj
[2023-07-07 09:29:53] [em_id_the_climb_0] The Player <Enderlava> has executed => /superrandomcommand run book
[2023-07-07 09:29:59] [em_id_the_climb_0] The Player <Enderlava> has executed => /em loot
[2023-07-07 09:30:15] [em_id_the_climb_0] The Player <Enderlava> has executed => /em loot
[2023-07-07 09:30:29] [em_id_the_climb_0] The Player <Enderlava> has executed => /em loot
[2023-07-07 09:31:15] [em_id_the_climb_0] The Player <Enderlava> has executed => /superrandomcommand run book
[2023-07-07 09:32:15] [em_id_the_climb_0] The Player <Enderlava> has executed => /superrandomcommand run book
[2023-07-07 09:32:42] [world_the_end] The Player <Funget114514> has executed => /tpj wegwe
[2023-07-07 09:32:44] [em_id_the_climb_0] The Player <Enderlava> has executed => /em loot
[2023-07-07 09:33:27] [em_id_the_climb_0] The Player <Enderlava> has executed => /em loot
[2023-07-07 09:33:45] [em_id_the_climb_0] The Player <Xw114> has executed => /em loot
[2023-07-07 09:34:00] [world] The Player <wegwe> has executed => /tpjaccept
[2023-07-07 09:34:15] [em_id_the_climb_0] The Player <Enderlava> has executed => /em loot
[2023-07-07 09:35:04] [em_id_the_climb_0] The Player <Xw114> has executed => /em quit
[2023-07-07 09:35:10] [em_adventurers_guild] The Player <Xw114> has executed => /tpj wegwe
[2023-07-07 09:35:25] [world] The Player <wegwe> has executed => /tpjaccept
[2023-07-07 09:35:41] [em_id_the_climb_0] The Player <wqe123420> has executed => /EM
[2023-07-07 09:35:59] [em_id_the_climb_0] The Player <wqe123420> has executed => /em loot
[2023-07-07 09:36:15] [em_id_the_climb_0] The Player <Enderlava> has executed => /tpj Xw114
[2023-07-07 09:36:25] [world] The Player <Xw114> has executed => /tpjaccept
[2023-07-07 09:36:44] [em_id_the_climb_0] The Player <Enderlava> has executed => /superrandomcommand run book
[2023-07-07 09:36:47] [em_id_the_climb_0] The Player <Enderlava> has executed => /superrandomcommand run book
[2023-07-07 09:36:48] [em_id_the_climb_0] The Player <Enderlava> has executed => /superrandomcommand run book
[2023-07-07 09:37:37] [world] The Player <Xw114> has executed => /tpj wegwe
[2023-07-07 09:38:04] [world] The Player <wegwe> has executed => /tpjaccept
[2023-07-07 09:38:26] [em_id_the_climb_0] The Player <Enderlava> has executed => /superrandomcommand run book
[2023-07-07 09:38:37] [em_id_the_climb_0] The Player <Enderlava> has executed => /superrandomcommand run book
[2023-07-07 09:39:30] [em_id_the_climb_0] The Player <Enderlava> has executed => /superrandomcommand run book
[2023-07-07 09:40:41] [em_id_the_climb_0] The Player <Enderlava> has executed => /superrandomcommand run book
[2023-07-07 09:40:45] [em_id_the_climb_0] The Player <Enderlava> has executed => /superrandomcommand run book
[2023-07-07 09:40:50] [em_id_the_climb_0] The Player <Enderlava> has executed => /superrandomcommand run book
[2023-07-07 09:41:16] [em_id_the_climb_0] The Player <Enderlava> has executed => /superrandomcommand run book
[2023-07-07 09:42:01] [em_id_the_climb_0] The Player <Enderlava> has executed => /em loot
[2023-07-07 09:42:02] [em_id_the_climb_0] The Player <wqe123420> has executed => /em loot
[2023-07-07 09:42:11] [em_id_the_climb_0] The Player <Enderlava> has executed => /em loot
[2023-07-07 09:42:18] [em_id_the_climb_0] The Player <Enderlava> has executed => /em loot
[2023-07-07 09:42:33] [em_id_the_climb_0] The Player <Enderlava> has executed => /em loot
[2023-07-07 09:42:55] [em_id_the_climb_0] The Player <wqe123420> has executed => /em loot
[2023-07-07 09:43:27] [em_id_the_climb_0] The Player <Enderlava> has executed => /superrandomcommand run book
[2023-07-07 09:43:35] [em_id_the_climb_0] The Player <Enderlava> has executed => /superrandomcommand run book
[2023-07-07 09:43:36] [em_id_the_climb_0] The Player <Enderlava> has executed => /superrandomcommand run book
[2023-07-07 09:43:38] [world] The Player <Xw114> has executed => /tpj wegwe
[2023-07-07 09:43:42] [em_id_the_climb_0] The Player <Enderlava> has executed => /superrandomcommand run book
[2023-07-07 09:43:46] [em_id_the_climb_0] The Player <Enderlava> has executed => /superrandomcommand run book
[2023-07-07 09:43:57] [world] The Player <wegwe> has executed => /tpjaccept
[2023-07-07 09:44:37] [em_id_the_climb_0] The Player <Enderlava> has executed => /superrandomcommand run book
[2023-07-07 09:44:42] [em_id_the_climb_0] The Player <Enderlava> has executed => /superrandomcommand run book
[2023-07-07 09:44:43] [em_id_the_climb_0] The Player <Enderlava> has executed => /superrandomcommand run book
[2023-07-07 09:44:47] [em_id_the_climb_0] The Player <Enderlava> has executed => /superrandomcommand run book
[2023-07-07 09:44:49] [world] The Player <Funget114514> has executed => /tpj Xw114
[2023-07-07 09:44:50] [em_id_the_climb_0] The Player <Enderlava> has executed => /superrandomcommand run book
[2023-07-07 09:44:53] [em_id_the_climb_0] The Player <Enderlava> has executed => /superrandomcommand run book
[2023-07-07 09:45:15] [world] The Player <Xw114> has executed => /tpjaccept
[2023-07-07 09:45:30] [world] The Player <wqe123420> has executed => /tpj wegwe
[2023-07-07 09:45:41] [em_adventurers_guild] The Player <Enderlava> has executed => /tpj wegwe
[2023-07-07 09:45:46] [world] The Player <wegwe> has executed => /tpjaccept
[2023-07-07 09:45:56] [world] The Player <Xw114> has executed => /tpj wegwe
[2023-07-07 09:46:07] [world] The Player <wqe123420> has executed => /tpj wegwe
[2023-07-07 09:46:10] [world] The Player <wegwe> has executed => /tpjaccept
[2023-07-07 09:46:42] [world] The Player <Xw114> has executed => /tpj wegwe
[2023-07-07 09:47:21] [world] The Player <wqe123420> has executed => /em
[2023-07-07 09:47:28] [world] The Player <wqe123420> has executed => /ag
[2023-07-07 09:47:38] [world] The Player <Enderlava> has executed => /superrandomcommand run book
[2023-07-07 09:47:48] [world] The Player <Enderlava> has executed => /superrandomcommand run book
[2023-07-07 09:47:58] [world] The Player <Enderlava> has executed => /e
[2023-07-07 09:48:05] [world] The Player <Xw114> has executed => /tpj wegwe
[2023-07-07 09:48:15] [em_adventurers_guild] The Player <wqe123420> has executed => /tpj Enderlava
[2023-07-07 09:48:18] [world] The Player <wegwe> has executed => /tpjaccept
[2023-07-07 09:48:46] [em_adventurers_guild] The Player <wqe123420> has executed => /tpj wegwe
[2023-07-07 09:50:00] [world] The Player <wqe123420> has executed => /tpj Enderlava
[2023-07-07 09:50:17] [world] The Player <Enderlava> has executed => /tpjaccept
[2023-07-07 09:50:39] [world] The Player <Funget114514> has executed => /tpj wqe123420
[2023-07-07 09:50:47] [world] The Player <wqe123420> has executed => /tpjaccept
[2023-07-07 09:53:43] [world] The Player <Xw114> has executed => /tpj wegwe
[2023-07-07 09:54:16] [world] The Player <wegwe> has executed => /gamerule keeplnventorytrue
[2023-07-07 09:54:23] [world] The Player <Funget114514> has executed => /tpj wqe123420
[2023-07-07 09:54:35] [world] The Player <wqe123420> has executed => /tpjaccept
[2023-07-07 09:54:57] [world] The Player <wegwe> has executed => /tpj
[2023-07-07 09:55:14] [world] The Player <wegwe> has executed => /tpj Enderlava
[2023-07-07 09:55:19] [world] The Player <Enderlava> has executed => /tpjaccept
[2023-07-07 09:55:39] [world] The Player <wqe123420> has executed => /tpj wegwe
[2023-07-07 09:55:54] [world] The Player <wegwe> has executed => /tpjaccept
[2023-07-07 09:57:24] [world] The Player <Xw114> has executed => /tpj wegwe
[2023-07-07 09:57:36] [world] The Player <wegwe> has executed => /tpjaccept
[2023-07-07 09:58:55] [world_the_end] The Player <wqe123420> has executed => /tpj wegwe
[2023-07-07 09:59:11] [world] The Player <wegwe> has executed => /tpjaccept
[2023-07-07 10:01:21] [world] The Player <Funget114514> has executed => /ag
[2023-07-07 10:04:16] [world_the_end] The Player <wegwe> has executed => /tpj Enderlava
[2023-07-07 10:04:27] [world_the_end] The Player <Enderlava> has executed => /tpjaccept
[2023-07-07 10:05:37] [world] The Player <wegwe> has executed => /tpj Enderlava
[2023-07-07 10:05:47] [world_the_end] The Player <Enderlava> has executed => /tpjaccept
[2023-07-07 10:06:31] [world_the_end] The Player <Xw114> has executed => /sk
[2023-07-07 10:06:31] [world] The Player <Funget114514> has executed => /tpj Enderlava
[2023-07-07 10:06:54] [world] The Player <Funget114514> has executed => /tpj Enderlava
[2023-07-07 10:06:58] [world] The Player <Funget114514> has executed => /tpj Enderlava
[2023-07-07 10:07:02] [world] The Player <Funget114514> has executed => /tpj Enderlava
[2023-07-07 10:07:06] [world] The Player <Funget114514> has executed => /tpj Enderlava
[2023-07-07 10:07:39] [world_the_end] The Player <Xw114> has executed => /sk
[2023-07-07 10:08:04] [world] The Player <wegwe> has executed => /tpj Enderlava
[2023-07-07 10:08:59] [world_the_end] The Player <Enderlava> has executed => /tpjaccept
[2023-07-07 10:09:48] [world_the_end] The Player <Xw114> has executed => /tpj wqe123420
[2023-07-07 10:09:48] [world_the_end] The Player <Enderlava> has executed => /superrandomcommand run book
[2023-07-07 10:09:54] [world_the_end] The Player <wqe123420> has executed => /tpjaccept
[2023-07-07 10:10:00] [world_the_end] The Player <wegwe> has executed => /tpj wqe123420
[2023-07-07 10:10:03] [world] The Player <Funget114514> has executed => /tpj wqe123420
[2023-07-07 10:10:06] [world_the_end] The Player <wqe123420> has executed => /tpjaccept
[2023-07-07 10:10:13] [world_the_end] The Player <wqe123420> has executed => /tpjaccept
[2023-07-07 10:12:49] [world] The Player <Xw114> has executed => /tpj wqe123420
[2023-07-07 10:12:54] [world] The Player <Funget114514> has executed => /tpj wqe123420
[2023-07-07 10:12:54] [world_the_end] The Player <wqe123420> has executed => /tpjaccept
[2023-07-07 10:13:28] [world] The Player <Xw114> has executed => /tpj wqe123420
[2023-07-07 10:13:33] [world_the_end] The Player <wqe123420> has executed => /tpjaccept
[2023-07-07 10:13:53] [world] The Player <Enderlava> has executed => /tpj wegwe
[2023-07-07 10:14:01] [world] The Player <Xw114> has executed => /tpj wqe123420
[2023-07-07 10:14:04] [world] The Player <wegwe> has executed => /tpjaccept
[2023-07-07 10:14:06] [world_the_end] The Player <wqe123420> has executed => /tpjaccept
[2023-07-07 10:14:19] [world] The Player <wegwe> has executed => /tpj:tpjaccept
[2023-07-07 10:14:53] [world] The Player <wegwe> has executed => /superrandomcommand run book
[2023-07-07 10:15:17] [world] The Player <Funget114514> has executed => /tpj wqe123420
[2023-07-07 10:15:23] [world_the_end] The Player <wqe123420> has executed => /tpjaccept
[2023-07-07 10:16:04] [world] The Player <wegwe> has executed => /wand
[2023-07-07 10:16:10] [world_the_end] The Player <Funget114514> has executed => /wand
[2023-07-07 10:16:16] [world] The Player <Enderlava> has executed => /wand
[2023-07-07 10:17:53] [world] The Player <Enderlava> has executed => /tpj wegwe
[2023-07-07 10:18:04] [world] The Player <wegwe> has executed => /tpjaccept
[2023-07-07 10:19:00] [world] The Player <wegwe> has executed => /superrandomcommand run book
[2023-07-07 10:19:11] [world] The Player <wegwe> has executed => /superrandomcommand run book
[2023-07-07 10:19:22] [world] The Player <wegwe> has executed => /superrandomcommand run book
[2023-07-07 10:19:44] [world] The Player <wegwe> has executed => /superrandomcommand run book
[2023-07-07 10:19:50] [world] The Player <wegwe> has executed => /superrandomcommand run book
[2023-07-07 10:19:52] [world] The Player <wegwe> has executed => /superrandomcommand run book
[2023-07-07 10:20:07] [world] The Player <wegwe> has executed => /tpj Funget114514
[2023-07-07 10:20:08] [world] The Player <wegwe> has executed => /superrandomcommand run book
[2023-07-07 10:20:19] [world] The Player <Funget114514> has executed => /tpj
[2023-07-07 10:20:28] [world] The Player <Funget114514> has executed => /tp
[2023-07-07 10:20:42] [world] The Player <Funget114514> has executed => /tpjaccept
[2023-07-07 10:22:02] [world] The Player <Enderlava> has executed => /tpj Xw114
[2023-07-07 10:22:36] [world] The Player <Xw114> has executed => /tpjaccept
[2023-07-07 10:24:55] [world_nether] The Player <wqe123420> has executed => /tpj Xw114
[2023-07-07 10:25:08] [world] The Player <Xw114> has executed => /tpjaccept
[2023-07-07 10:25:33] [world] The Player <Enderlava> has executed => /graves
[2023-07-07 10:29:03] [world] The Player <Enderlava> has executed => /elitemobs trackcustomboss d57456d3-ccec-4623-8774-723e78ca85e2
[2023-07-07 10:29:06] [world] The Player <wegwe> has executed => /elitemobs trackcustomboss d57456d3-ccec-4623-8774-723e78ca85e2
[2023-07-07 10:29:27] [world] The Player <Enderlava> has executed => /grave
[2023-07-07 10:29:56] [world] The Player <Enderlava> has executed => /grave
[2023-07-07 10:30:00] [world] The Player <Enderlava> has executed => /grave
[2023-07-07 10:31:38] [world] The Player <wqe123420> has executed => /grave
[2023-07-07 10:32:15] [world] The Player <Funget114514> has executed => /elitemobs trackcustomboss d57456d3-ccec-4623-8774-723e78ca85e2
[2023-07-07 10:32:33] [world] The Player <Funget114514> has executed => /tpj Enderlava
[2023-07-07 10:32:43] [world] The Player <Xw114> has executed => /em loot
[2023-07-07 10:32:43] [world] The Player <Enderlava> has executed => /tpjaccept
[2023-07-07 10:33:25] [world] The Player <wqe123420> has executed => /tpj Funget114514
[2023-07-07 10:37:35] [world] The Player <wqe123420> has executed => /elitemobs trackcustomboss 367b4c83-4c9a-4169-9cdc-b3382fe4d4fd
[2023-07-07 10:37:49] [world] The Player <Enderlava> has executed => /elitemobs trackcustomboss 367b4c83-4c9a-4169-9cdc-b3382fe4d4fd
[2023-07-07 10:37:56] [world] The Player <Xw114> has executed => /elitemobs trackcustomboss 367b4c83-4c9a-4169-9cdc-b3382fe4d4fd
[2023-07-07 10:39:13] [world] The Player <wqe123420> has executed => /grave
[2023-07-07 10:39:49] [world] The Player <wqe123420> has executed => /grave
[2023-07-07 10:40:12] [world] The Player <Funget114514> has executed => /elitemobs trackcustomboss 46156aa0-394a-4eb8-9e11-b8d3756c7369
[2023-07-07 10:40:33] [world_the_end] The Player <wegwe> has executed => /superrandomcommand run book
[2023-07-07 10:40:40] [world] The Player <Enderlava> has executed => /grave
[2023-07-07 10:40:45] [world_the_end] The Player <wegwe> has executed => /superrandomcommand run book
[2023-07-07 10:40:46] [world_the_end] The Player <wegwe> has executed => /superrandomcommand run book
[2023-07-07 10:40:48] [world_the_end] The Player <wegwe> has executed => /superrandomcommand run book
[2023-07-07 10:41:56] [world] The Player <Enderlava> has executed => /grave
[2023-07-07 10:42:05] [world] The Player <wqe123420> has executed => /grave
[2023-07-07 10:42:16] [world] The Player <wqe123420> has executed => /grave
[2023-07-07 10:43:37] [world] The Player <Enderlava> has executed => /superrandomcommand run get_book
[2023-07-07 10:44:08] [world] The Player <wqe123420> has executed => /grave
[2023-07-07 10:44:23] [world] The Player <wqe123420> has executed => /grave
[2023-07-07 10:46:18] [world] The Player <Enderlava> has executed => /grave
[2023-07-07 10:46:38] [world] The Player <Enderlava> has executed => /superrandomcommand run book
[2023-07-07 10:46:44] [world] The Player <Enderlava> has executed => /superrandomcommand run book
[2023-07-07 10:46:46] [world] The Player <Enderlava> has executed => /superrandomcommand run book
[2023-07-07 10:47:44] [world] The Player <Enderlava> has executed => /superrandomcommand run book
[2023-07-07 10:47:59] [world] The Player <Enderlava> has executed => /superrandomcommand run book
[2023-07-07 10:48:01] [world] The Player <Enderlava> has executed => /superrandomcommand run book
[2023-07-07 10:48:03] [world] The Player <Enderlava> has executed => /superrandomcommand run book
[2023-07-07 10:48:04] [world] The Player <Enderlava> has executed => /superrandomcommand run book
[2023-07-07 10:48:05] [world] The Player <Enderlava> has executed => /superrandomcommand run book
[2023-07-07 10:48:06] [world] The Player <Enderlava> has executed => /superrandomcommand run book
[2023-07-07 10:50:18] [world] The Player <Enderlava> has executed => /superrandomcommand run book
[2023-07-07 10:50:20] [world] The Player <Enderlava> has executed => /superrandomcommand run book
[2023-07-07 10:51:10] [world] The Player <Enderlava> has executed => /superrandomcommand run book
[2023-07-07 10:57:50] [world] The Player <wqe123420> has executed => /grave
[2023-07-07 10:57:55] [world] The Player <wqe123420> has executed => /grave
[2023-07-07 11:00:20] [world] The Player <Xw114> has executed => /tpj wqe123420
[2023-07-07 11:00:26] [world] The Player <wqe123420> has executed => /tpj Funget114514
[2023-07-07 11:00:32] [world] The Player <wqe123420> has executed => /tpjaccept
[2023-07-07 11:01:17] [world] The Player <Funget114514> has executed => /tpjaccept
[2023-07-07 11:01:58] [world] The Player <Xw114> has executed => /em shop
[2023-07-07 11:02:05] [world] The Player <wqe123420> has executed => /em
[2023-07-07 11:02:11] [world] The Player <wqe123420> has executed => /elitemobs dungeontp binder_of_worlds_sanctum.yml
[2023-07-07 11:02:12] [em_adventurers_guild] The Player <Xw114> has executed => /em
[2023-07-07 11:02:17] [em_adventurers_guild] The Player <Xw114> has executed => /elitemobs dungeontp the_climb_dungeon.yml
[2023-07-07 11:02:24] [em_adventurers_guild] The Player <Xw114> has executed => /em
[2023-07-07 11:02:40] [em_adventurers_guild] The Player <Xw114> has executed => /elitemobs dungeontp the_climb_dungeon.yml
[2023-07-07 11:03:20] [em_adventurers_guild] The Player <Xw114> has executed => /tpj wqe123420
[2023-07-07 11:03:28] [world] The Player <wqe123420> has executed => /tpjaccept
[2023-07-07 11:07:29] [world] The Player <Xw114> has executed => /tpj wqe123420
[2023-07-07 11:07:54] [world] The Player <Xw114> has executed => /tpj wqe123420
[2023-07-07 11:09:10] [world] The Player <Xw114> has executed => /tpj wqe123420
[2023-07-07 11:14:34] [world] The Player <Funget114514> has executed => /tp -25 75.5 -214
[2023-07-07 11:15:17] [world] The Player <Funget114514> has executed => /tpj Funget114514
[2023-07-07 11:15:21] [world] The Player <Funget114514> has executed => /tpjaccept
[2023-07-07 11:17:44] [world] The Player <Xw114> has executed => /tpj Xw114
[2023-07-07 11:17:53] [world] The Player <Xw114> has executed => /tpjaccept
[2023-07-07 12:36:55] [world] The Player <wqe123420> has executed => /grave
[2023-07-07 12:37:00] [world] The Player <wqe123420> has executed => /bag open
