[2023-08-07 13:02:39] [world] The Player <Funget114514> has executed => /kill
[2023-08-07 13:05:53] [world] The Player <Funget114514> has executed => /tpj Funget114514
[2023-08-07 13:06:01] [world] The Player <Funget114514> has executed => /tpj Funget114514
[2023-08-07 13:06:07] [world] The Player <Funget114514> has executed => /y
[2023-08-07 13:06:07] [world] The Player <Funget114514> has executed => /y
[2023-08-07 13:07:16] [world] The Player <Funget114514> has executed => /bag open
[2023-08-07 13:07:41] [world] The Player <Funget114514> has executed => /bag open
[2023-08-07 18:08:42] [world] The Player <Funget114514> has executed => /bag open
[2023-08-07 18:08:53] [world] The Player <Funget114514> has executed => /bag open
[2023-08-07 18:09:28] [world] The Player <Funget114514> has executed => /bag open
[2023-08-07 18:09:56] [world] The Player <Funget114514> has executed => /bag open
[2023-08-07 18:12:17] [world] The Player <Funget114514> has executed => /bag open
[2023-08-07 18:13:14] [world] The Player <Funget114514> has executed => /bag open
[2023-08-07 18:16:17] [world_the_end] The Player <Funget114514> has executed => /bag open
[2023-08-07 18:23:02] [world] The Player <Funget114514> has executed => /bag open
[2023-08-07 18:23:12] [world] The Player <Funget114514> has executed => /bag open
[2023-08-07 18:24:29] [world_nether] The Player <Funget114514> has executed => /bag open
[2023-08-07 18:25:47] [world_the_end] The Player <Funget114514> has executed => /bag open
[2023-08-07 18:26:11] [world_the_end] The Player <Funget114514> has executed => /bag open
[2023-08-07 18:26:23] [world_the_end] The Player <Funget114514> has executed => /bag open
[2023-08-07 18:26:31] [world_the_end] The Player <Funget114514> has executed => /bag open
[2023-08-07 18:26:46] [world_the_end] The Player <Funget114514> has executed => /bag open
[2023-08-07 18:29:07] [world] The Player <Funget114514> has executed => /elitemobs trackcustomboss 3a67950d-6e6e-4c0c-b932-6fe03495900e
[2023-08-07 18:29:08] [world] The Player <Funget114514> has executed => /elitemobs trackcustomboss 3a67950d-6e6e-4c0c-b932-6fe03495900e
