[2023-07-10 09:33:10] [world] The Player <Enderlava> has executed => /grave
[2023-07-10 09:33:51] [world] The Player <wqe123420> has executed => /tpj Enderlava
[2023-07-10 09:33:57] [world] The Player <Enderlava> has executed => /tpjaccept
[2023-07-10 09:36:15] [world] The Player <wqe123420> has executed => /grave
[2023-07-10 09:37:39] [world] The Player <Enderlava> has executed => /tpj wqe123420
[2023-07-10 09:37:44] [world] The Player <wqe123420> has executed => /tpjaccept
[2023-07-10 09:42:39] [world] The Player <Enderlava> has executed => /wand
[2023-07-10 09:42:56] [world] The Player <Enderlava> has executed => /grave
[2023-07-10 09:43:06] [world_nether] The Player <Enderlava> has executed => /grave
[2023-07-10 09:43:52] [world] The Player <Enderlava> has executed => /wand
[2023-07-10 09:44:16] [world] The Player <Enderlava> has executed => /wand
[2023-07-10 09:48:34] [world] The Player <wqe123420> has executed => /grave
[2023-07-10 09:53:03] [world_nether] The Player <Xw114> has executed => /tpj wqe123420
[2023-07-10 09:53:09] [world] The Player <wqe123420> has executed => /tpjaccept
[2023-07-10 09:56:14] [world] The Player <wqe123420> has executed => /bag open
[2023-07-10 09:56:57] [world] The Player <wqe123420> has executed => /bag open
[2023-07-10 10:02:37] [world] The Player <wqe123420> has executed => /bag open
[2023-07-10 10:02:42] [world] The Player <wqe123420> has executed => /grave
[2023-07-10 10:09:44] [world] The Player <wqe123420> has executed => /grave
[2023-07-10 10:13:38] [world] The Player <wqe123420> has executed => /grave
[2023-07-10 10:21:51] [world] The Player <Enderlava> has executed => /wand
[2023-07-10 10:21:56] [world] The Player <Enderlava> has executed => /wand
[2023-07-10 10:22:11] [world] The Player <Enderlava> has executed => /elitemobs trackcustomboss c80951d8-fd5e-4b63-9997-2708faa67673
[2023-07-10 10:22:56] [world] The Player <wqe123420> has executed => /grave
[2023-07-10 10:27:14] [world] The Player <Enderlava> has executed => /grave
[2023-07-10 10:27:23] [world] The Player <Enderlava> has executed => /tpj wqe123420
[2023-07-10 10:27:28] [world] The Player <wqe123420> has executed => /tpjaccept
[2023-07-10 11:02:29] [world] The Player <Enderlava> has executed => /wand add
[2023-07-10 11:02:36] [world] The Player <Enderlava> has executed => /wand add Magic_Missile
[2023-07-10 11:02:48] [world] The Player <Enderlava> has executed => /wand add recall
[2023-07-10 11:03:18] [world] The Player <Enderlava> has executed => /wand restore
[2023-07-10 11:03:54] [world] The Player <Enderlava> has executed => /wand list
[2023-07-10 11:04:18] [world] The Player <Enderlava> has executed => /wand list
[2023-07-10 11:04:27] [world] The Player <Enderlava> has executed => /wand restore
[2023-07-10 11:05:05] [world] The Player <Enderlava> has executed => /wand restore
[2023-07-10 11:05:16] [world] The Player <Enderlava> has executed => /wand restore
[2023-07-10 11:05:28] [world] The Player <Enderlava> has executed => /grave
[2023-07-10 11:05:42] [world] The Player <Enderlava> has executed => /wand restore
[2023-07-10 11:06:32] [world] The Player <Enderlava> has executed => /wand restore
[2023-07-10 11:07:13] [world] The Player <Enderlava> has executed => /wand
[2023-07-10 11:07:36] [world] The Player <Enderlava> has executed => /wand add addspell Magic_Missile
[2023-07-10 11:07:47] [world] The Player <Enderlava> has executed => /wand add Magic_Missile
[2023-07-10 11:07:52] [world] The Player <Enderlava> has executed => /spells
[2023-07-10 11:08:01] [world] The Player <Enderlava> has executed => /spells 1
[2023-07-10 11:08:04] [world] The Player <Enderlava> has executed => /spells 2
[2023-07-10 11:08:08] [world] The Player <Enderlava> has executed => /spells 3
[2023-07-10 11:08:12] [world] The Player <Enderlava> has executed => /spells 4
[2023-07-10 11:08:20] [world] The Player <Enderlava> has executed => /spells 5
[2023-07-10 11:08:49] [world] The Player <Enderlava> has executed => /wand add recall
[2023-07-10 11:09:39] [world] The Player <Enderlava> has executed => /wand add recall
[2023-07-10 11:10:28] [world] The Player <Enderlava> has executed => /wand add workbench
[2023-07-10 11:16:21] [world] The Player <Enderlava> has executed => /magic:mitem skull
[2023-07-10 11:18:21] [world] The Player <Enderlava> has executed => /cast
[2023-07-10 11:21:13] [world] The Player <Enderlava> has executed => /grave
[2023-07-10 12:53:12] [world] The Player <wqe123420> has executed => /grave
[2023-07-10 13:03:06] [world] The Player <Enderlava> has executed => /bag open
[2023-07-10 13:03:38] [world] The Player <Enderlava> has executed => /wand new
[2023-07-10 13:03:45] [world] The Player <Enderlava> has executed => /wand default
[2023-07-10 13:03:52] [world] The Player <Enderlava> has executed => /wand default
[2023-07-10 13:04:13] [world] The Player <Enderlava> has executed => /wand admin
[2023-07-10 13:05:26] [world] The Player <Enderlava> has executed => /wand airtide
[2023-07-10 13:06:37] [world] The Player <Enderlava> has executed => /wand airtide
[2023-07-10 13:06:48] [world] The Player <Enderlava> has executed => /wand antihunger
[2023-07-10 13:07:09] [world] The Player <Enderlava> has executed => /wand alphabetizer
[2023-07-10 13:07:18] [world] The Player <Enderlava> has executed => /wand appearance_book
[2023-07-10 13:07:36] [world] The Player <Enderlava> has executed => /wand basic_wand
[2023-07-10 13:08:00] [world] The Player <Enderlava> has executed => /wand base_wand
[2023-07-10 13:08:09] [world] The Player <Enderlava> has executed => /grave
[2023-07-10 13:08:15] [world_nether] The Player <Enderlava> has executed => /grave
[2023-07-10 13:08:44] [world] The Player <Enderlava> has executed => /wand master
[2023-07-10 13:09:17] [world] The Player <Enderlava> has executed => /wand
[2023-07-10 13:23:59] [world] The Player <wqe123420> has executed => /grave
[2023-07-10 13:24:06] [world] The Player <wqe123420> has executed => /grave
[2023-07-10 13:59:26] [world] The Player <wqe123420> has executed => /tpj Enderlava
[2023-07-10 13:59:52] [world_nether] The Player <Enderlava> has executed => /tpjaccept
[2023-07-10 13:59:58] [world_nether] The Player <Enderlava> has executed => /tpjaccept
[2023-07-10 14:00:00] [world_nether] The Player <Enderlava> has executed => /tpjaccept
[2023-07-10 14:15:53] [world] The Player <wqe123420> has executed => /grave
[2023-07-10 14:17:40] [world_nether] The Player <Enderlava> has executed => /fill 12 129 -54 -1 154 -35 air
[2023-07-10 14:23:34] [world] The Player <Enderlava> has executed => /tpj
[2023-07-10 14:23:38] [world] The Player <Enderlava> has executed => /tpjhelp
[2023-07-10 14:23:40] [world] The Player <Enderlava> has executed => /tpjhelp
[2023-07-10 14:23:45] [world] The Player <Enderlava> has executed => /tpjhelp
[2023-07-10 14:23:59] [world] The Player <Enderlava> has executed => /tpj wqe123420
[2023-07-10 14:24:07] [world] The Player <wqe123420> has executed => /tpjaccept
[2023-07-10 14:24:29] [world] The Player <Enderlava> has executed => /tpj wqe123420
[2023-07-10 14:24:43] [world] The Player <wqe123420> has executed => /tpjaccept
[2023-07-10 14:30:21] [world] The Player <Enderlava> has executed => /gamma
[2023-07-10 14:30:22] [world] The Player <Enderlava> has executed => /gamma
[2023-07-10 14:32:31] [world] The Player <Enderlava> has executed => /tpjhelp
[2023-07-10 14:32:34] [world] The Player <Enderlava> has executed => /tpjhelp
[2023-07-10 14:32:37] [world] The Player <Enderlava> has executed => /tpj Enderlava
[2023-07-10 14:32:40] [world] The Player <Enderlava> has executed => /tpjaccept
[2023-07-10 14:32:54] [world] The Player <Enderlava> has executed => /tpjaccept
[2023-07-10 14:32:55] [world] The Player <Enderlava> has executed => /tpjaccept
[2023-07-10 14:32:57] [world] The Player <Enderlava> has executed => /tpjaccept
[2023-07-10 14:32:58] [world] The Player <Enderlava> has executed => /tpjaccept
[2023-07-10 14:33:04] [world] The Player <Enderlava> has executed => /tpjaccept
[2023-07-10 14:58:25] [world] The Player <wqe123420> has executed => /grave
[2023-07-10 15:43:17] [world] The Player <wqe123420> has executed => /grave
[2023-07-10 15:44:48] [world] The Player <Enderlava> has executed => /tpj wqe123420
[2023-07-10 15:44:52] [world_the_end] The Player <wqe123420> has executed => /tpjaccept
[2023-07-10 15:44:59] [world_the_end] The Player <wqe123420> has executed => /??????
[2023-07-10 15:48:16] [world] The Player <Enderlava> has executed => /elitemobs trackcustomboss c4a493c1-8c75-483a-8477-74dfffe4c48e
[2023-07-10 15:48:17] [world] The Player <Enderlava> has executed => /elitemobs trackcustomboss c4a493c1-8c75-483a-8477-74dfffe4c48e
[2023-07-10 15:48:18] [world] The Player <Enderlava> has executed => /elitemobs trackcustomboss c4a493c1-8c75-483a-8477-74dfffe4c48e
[2023-07-10 15:48:18] [world] The Player <Enderlava> has executed => /elitemobs trackcustomboss c4a493c1-8c75-483a-8477-74dfffe4c48e
[2023-07-10 15:48:18] [world] The Player <Enderlava> has executed => /elitemobs trackcustomboss c4a493c1-8c75-483a-8477-74dfffe4c48e
[2023-07-10 15:48:18] [world] The Player <Enderlava> has executed => /elitemobs trackcustomboss c4a493c1-8c75-483a-8477-74dfffe4c48e
[2023-07-10 15:48:19] [world] The Player <Enderlava> has executed => /elitemobs trackcustomboss c4a493c1-8c75-483a-8477-74dfffe4c48e
[2023-07-10 15:51:22] [world] The Player <Enderlava> has executed => /tpj Enderlava
[2023-07-10 15:51:26] [world] The Player <Enderlava> has executed => /tpjaccept
[2023-07-10 15:51:30] [world] The Player <Enderlava> has executed => /tpjaccept
[2023-07-10 15:51:34] [world] The Player <Enderlava> has executed => /tpj Enderlava
[2023-07-10 15:51:45] [world] The Player <Enderlava> has executed => /tpjaccept
[2023-07-10 16:15:29] [world] The Player <Enderlava> has executed => /tpj Enderlava
[2023-07-10 16:15:43] [world] The Player <Enderlava> has executed => /tpjaccept
[2023-07-10 16:28:49] [world] The Player <Enderlava> has executed => /elitemobs trackcustomboss 1fd0eb14-7f4f-4a5e-aff9-aaebd31d04e1
[2023-07-10 16:28:51] [world] The Player <Enderlava> has executed => /elitemobs trackcustomboss 7467d88a-657d-4017-bae8-16db96693838
[2023-07-10 16:31:15] [world] The Player <Enderlava> has executed => /superrandomcommand run Summonsuper
[2023-07-10 16:32:00] [world] The Player <Enderlava> has executed => /superrandomcommand run summonsuper
[2023-07-10 16:32:41] [world] The Player <Enderlava> has executed => /superrandomcommand run summonsuper
[2023-07-10 16:35:19] [world] The Player <Enderlava> has executed => /superrandomcommand run summonsuper
[2023-07-10 16:40:58] [world] The Player <Enderlava> has executed => /elitemobs trackcustomboss 73382105-da68-445f-aa2a-3dc621688509
[2023-07-10 16:40:59] [world] The Player <Enderlava> has executed => /elitemobs trackcustomboss a1941e9f-826b-46e8-aa21-9e41d8dd6362
[2023-07-10 19:19:52] [world] The Player <Enderlava> has executed => /grave
[2023-07-10 19:40:22] [world] The Player <Enderlava> has executed => /ag
[2023-07-10 20:01:33] [world_the_end] The Player <Enderlava> has executed => /sk
[2023-07-10 20:06:51] [world_the_end] The Player <Enderlava> has executed => /c
[2023-07-10 20:06:53] [world_the_end] The Player <Enderlava> has executed => /sk
[2023-07-10 20:11:03] [world_the_end] The Player <Enderlava> has executed => /em
[2023-07-10 20:51:34] [world_the_end] The Player <Enderlava> has executed => /CD
[2023-07-10 20:51:42] [world_the_end] The Player <Enderlava> has executed => /sk
[2023-07-10 20:54:09] [world_the_end] The Player <Enderlava> has executed => /CD
[2023-07-10 21:27:48] [world] The Player <wqe123420> has executed => /grave
[2023-07-10 21:43:28] [world] The Player <Enderlava> has executed => /tpj wqe123420
[2023-07-10 21:43:35] [world] The Player <wqe123420> has executed => /tpjaccept
[2023-07-10 21:45:11] [world] The Player <Enderlava> has executed => /seed
[2023-07-10 21:48:33] [world] The Player <wqe123420> has executed => /tpj Enderlava
[2023-07-10 21:49:17] [world] The Player <wqe123420> has executed => /tpj Enderlava
[2023-07-10 21:49:24] [world] The Player <Enderlava> has executed => /tpjaccept
[2023-07-10 21:53:06] [world] The Player <wqe123420> has executed => /tpj Enderlava
[2023-07-10 21:53:12] [world] The Player <Enderlava> has executed => /tpjaccept
