[2023-07-11 09:00:54] [world_nether] The Player <Enderlava> has executed => /fill 13 128 -48 -1 153 -55 minecraft:air
[2023-07-11 09:03:32] [world_nether] The Player <Enderlava> has executed => /tpj
[2023-07-11 09:03:36] [world_nether] The Player <Enderlava> has executed => /tpj Enderlava
[2023-07-11 09:09:54] [world_nether] The Player <Enderlava> has executed => /superrandomcommand run book
[2023-07-11 09:17:36] [world] The Player <Enderlava> has executed => /bag open
[2023-07-11 09:19:32] [world] The Player <Enderlava> has executed => /bag open
[2023-07-11 09:22:10] [world] The Player <Enderlava> has executed => /elitemobs trackcustomboss abf43a2e-c75a-4129-a964-604f1cf8e46b
[2023-07-11 09:24:03] [world] The Player <Enderlava> has executed => /elitemobs trackcustomboss 3d4fed7f-3b26-4106-8915-632ce189b626
[2023-07-11 09:25:10] [world] The Player <Funget114514> has executed => /tpj Enderlava
[2023-07-11 09:25:17] [world_the_end] The Player <Enderlava> has executed => /tpjaccept
[2023-07-11 09:26:22] [world] The Player <Funget114514> has executed => /tpj Enderlava
[2023-07-11 09:26:43] [world] The Player <Funget114514> has executed => /tpj Enderlava
[2023-07-11 09:36:03] [world] The Player <Enderlava> has executed => /tpj Funget114514
[2023-07-11 09:36:24] [world_the_end] The Player <Funget114514> has executed => /tpjaccept
[2023-07-11 09:37:12] [world] The Player <Enderlava> has executed => /em
[2023-07-11 09:37:21] [world] The Player <Enderlava> has executed => /em
[2023-07-11 09:45:49] [world] The Player <Enderlava> has executed => /superrandomcommand run book
[2023-07-11 09:46:05] [world] The Player <Enderlava> has executed => /superrandomcommand run book
[2023-07-11 09:46:10] [world] The Player <Enderlava> has executed => /superrandomcommand run book
[2023-07-11 09:52:59] [world] The Player <Enderlava> has executed => /superrandomcommand run book
[2023-07-11 09:53:07] [world] The Player <Enderlava> has executed => /superrandomcommand run book
[2023-07-11 09:53:15] [world] The Player <Enderlava> has executed => /superrandomcommand run book
[2023-07-11 09:53:40] [world] The Player <Enderlava> has executed => /superrandomcommand run book
[2023-07-11 09:53:41] [world] The Player <Enderlava> has executed => /superrandomcommand run book
[2023-07-11 09:53:42] [world] The Player <Enderlava> has executed => /superrandomcommand run book
[2023-07-11 10:04:48] [world_the_end] The Player <Enderlava> has executed => /superrandomcommand run book
[2023-07-11 10:31:39] [world] The Player <Enderlava> has executed => /tpjaccept
[2023-07-11 10:32:38] [world] The Player <Enderlava> has executed => /tpjaccept
[2023-07-11 10:34:25] [world] The Player <Enderlava> has executed => /superrandomcommand run book
[2023-07-11 10:35:34] [world] The Player <Enderlava> has executed => /tpj .Mai_Shiranui520
[2023-07-11 10:45:20] [world] The Player <Enderlava> has executed => /bag open
[2023-07-11 10:58:11] [world] The Player <Enderlava> has executed => /grave
[2023-07-11 11:00:48] [world] The Player <Enderlava> has executed => /tpj Enderlava
[2023-07-11 11:00:54] [world] The Player <Enderlava> has executed => /tpj .Mai_Shiranui520
[2023-07-11 11:05:26] [world] The Player <Funget114514> has executed => /tpj .Mai_Shiranui520
[2023-07-11 11:14:16] [world_nether] The Player <Funget114514> has executed => /bag open
[2023-07-11 11:14:45] [world_nether] The Player <Funget114514> has executed => /grave
[2023-07-11 11:16:25] [world] The Player <Funget114514> has executed => /tpj 我
[2023-07-11 11:17:12] [world] The Player <Funget114514> has executed => /tpj .Mai_Shiranui520
[2023-07-11 11:22:28] [world] The Player <Enderlava> has executed => /WAMD
[2023-07-11 11:22:31] [world] The Player <Enderlava> has executed => /wand
[2023-07-11 11:24:21] [world] The Player <Funget114514> has executed => /grave
[2023-07-11 11:24:26] [world] The Player <Funget114514> has executed => /bag open
[2023-07-11 11:38:36] [world] The Player <Enderlava> has executed => /wand
[2023-07-11 11:53:11] [world] The Player <Xw114> has executed => /tpj .Mai_Shiranui520
[2023-07-11 11:58:22] [world] The Player <Xw114> has executed => /tpj Enderlava
[2023-07-11 11:58:28] [world] The Player <Enderlava> has executed => /tpjaccept
[2023-07-11 12:06:41] [world] The Player <Enderlava> has executed => /tpj Funget114514
[2023-07-11 12:07:11] [world] The Player <Funget114514> has executed => /tpjaccept
[2023-07-11 12:08:14] [world] The Player <Enderlava> has executed => /grave
[2023-07-11 12:08:22] [world] The Player <Enderlava> has executed => /grave
[2023-07-11 12:24:20] [world] The Player <Enderlava> has executed => /getrp off
[2023-07-11 12:50:36] [world] The Player <Enderlava> has executed => /fill 8 58 -280
[2023-07-11 12:51:06] [world] The Player <Enderlava> has executed => /fill 8 58 -280 -5 58 -291 minecraft:iron_block
[2023-07-11 13:24:06] [world] The Player <wqe123420> has executed => /tpj wqe123420
[2023-07-11 13:24:23] [world] The Player <wqe123420> has executed => /tpj Enderlava
[2023-07-11 13:29:13] [world] The Player <Enderlava> has executed => /ag
[2023-07-11 13:33:11] [world] The Player <Enderlava> has executed => /ag
[2023-07-11 13:34:13] [em_adventurers_guild] The Player <Enderlava> has executed => /ag
[2023-07-11 13:34:38] [world] The Player <Enderlava> has executed => /em
[2023-07-11 13:47:42] [world] The Player <Enderlava> has executed => /ag
[2023-07-11 13:49:51] [em_adventurers_guild] The Player <Enderlava> has executed => /tpj Funget114514
[2023-07-11 13:51:43] [em_adventurers_guild] The Player <Enderlava> has executed => /bag open
[2023-07-11 13:51:55] [em_adventurers_guild] The Player <Enderlava> has executed => /superrandomcommand run book
[2023-07-11 13:52:51] [world] The Player <Funget114514> has executed => /ag
[2023-07-11 13:53:01] [em_adventurers_guild] The Player <Funget114514> has executed => /tpjaccept
[2023-07-11 13:53:53] [world] The Player <Enderlava> has executed => /tpj Funget114514
[2023-07-11 13:54:10] [em_adventurers_guild] The Player <Funget114514> has executed => /tpjaccept
[2023-07-11 13:56:17] [em_adventurers_guild] The Player <Funget114514> has executed => /tpj Enderlava
[2023-07-11 13:56:22] [em_adventurers_guild] The Player <Enderlava> has executed => /tpjaccept
[2023-07-11 13:56:41] [em_adventurers_guild] The Player <Enderlava> has executed => /em start
[2023-07-11 13:57:37] [em_adventurers_guild] The Player <Enderlava> has executed => /superrandomcommand run book
[2023-07-11 13:58:02] [em_adventurers_guild] The Player <Enderlava> has executed => /superrandomcommand run book
[2023-07-11 13:58:15] [em_adventurers_guild] The Player <Enderlava> has executed => /superrandomcommand run book
[2023-07-11 13:59:23] [em_adventurers_guild] The Player <Enderlava> has executed => /superrandomcommand run book
[2023-07-11 14:00:11] [em_adventurers_guild] The Player <Enderlava> has executed => /superrandomcommand run book
[2023-07-11 14:00:24] [em_adventurers_guild] The Player <Enderlava> has executed => /superrandomcommand run book
[2023-07-11 14:00:28] [em_adventurers_guild] The Player <Enderlava> has executed => /superrandomcommand run book
[2023-07-11 14:00:41] [em_adventurers_guild] The Player <Enderlava> has executed => /superrandomcommand run book
[2023-07-11 14:00:56] [em_adventurers_guild] The Player <Enderlava> has executed => /superrandomcommand run book
[2023-07-11 14:02:34] [em_adventurers_guild] The Player <Enderlava> has executed => /superrandomcommand run book
[2023-07-11 14:04:01] [em_adventurers_guild] The Player <Enderlava> has executed => /superrandomcommand run book
[2023-07-11 14:04:15] [em_adventurers_guild] The Player <Enderlava> has executed => /superrandomcommand run book
[2023-07-11 14:04:30] [em_adventurers_guild] The Player <Enderlava> has executed => /superrandomcommand run book
[2023-07-11 14:04:48] [em_adventurers_guild] The Player <Enderlava> has executed => /superrandomcommand run book
[2023-07-11 14:05:07] [em_adventurers_guild] The Player <Enderlava> has executed => /superrandomcommand run book
[2023-07-11 14:05:14] [em_adventurers_guild] The Player <Enderlava> has executed => /superrandomcommand run book
[2023-07-11 14:05:22] [em_adventurers_guild] The Player <Enderlava> has executed => /superrandomcommand run book
[2023-07-11 14:05:39] [em_adventurers_guild] The Player <Enderlava> has executed => /superrandomcommand run book
[2023-07-11 14:05:44] [em_adventurers_guild] The Player <Enderlava> has executed => /superrandomcommand run book
[2023-07-11 14:05:46] [em_adventurers_guild] The Player <Enderlava> has executed => /superrandomcommand run book
[2023-07-11 14:05:47] [em_adventurers_guild] The Player <Enderlava> has executed => /superrandomcommand run book
[2023-07-11 14:05:48] [em_adventurers_guild] The Player <Enderlava> has executed => /superrandomcommand run book
[2023-07-11 14:06:00] [em_adventurers_guild] The Player <Enderlava> has executed => /superrandomcommand run book
[2023-07-11 14:06:14] [em_adventurers_guild] The Player <Enderlava> has executed => /superrandomcommand run book
[2023-07-11 14:06:15] [em_adventurers_guild] The Player <Enderlava> has executed => /superrandomcommand run book
[2023-07-11 14:06:52] [em_adventurers_guild] The Player <Enderlava> has executed => /superrandomcommand run book
[2023-07-11 14:07:07] [em_adventurers_guild] The Player <Enderlava> has executed => /superrandomcommand run book
[2023-07-11 14:07:12] [em_adventurers_guild] The Player <Enderlava> has executed => /superrandomcommand run book
[2023-07-11 14:07:14] [em_adventurers_guild] The Player <Enderlava> has executed => /superrandomcommand run book
[2023-07-11 14:07:47] [em_adventurers_guild] The Player <Enderlava> has executed => /superrandomcommand run book
[2023-07-11 14:08:31] [em_adventurers_guild] The Player <Enderlava> has executed => /superrandomcommand run book
[2023-07-11 14:09:26] [em_adventurers_guild] The Player <Enderlava> has executed => /superrandomcommand run book
[2023-07-11 14:10:08] [em_adventurers_guild] The Player <Funget114514> has executed => /tpj Enderlava
[2023-07-11 14:10:14] [em_adventurers_guild] The Player <Enderlava> has executed => /tpjaccept
[2023-07-11 14:10:25] [em_adventurers_guild] The Player <Enderlava> has executed => /superrandomcommand run book
[2023-07-11 14:10:27] [em_adventurers_guild] The Player <Enderlava> has executed => /superrandomcommand run book
[2023-07-11 14:10:32] [em_adventurers_guild] The Player <Enderlava> has executed => /superrandomcommand run book
[2023-07-11 14:10:36] [em_adventurers_guild] The Player <Enderlava> has executed => /superrandomcommand run book
[2023-07-11 14:10:38] [em_adventurers_guild] The Player <Enderlava> has executed => /superrandomcommand run book
[2023-07-11 14:10:44] [em_adventurers_guild] The Player <Enderlava> has executed => /superrandomcommand run book
[2023-07-11 14:10:45] [em_adventurers_guild] The Player <Enderlava> has executed => /superrandomcommand run book
[2023-07-11 14:10:48] [em_adventurers_guild] The Player <Enderlava> has executed => /superrandomcommand run book
[2023-07-11 14:10:52] [em_adventurers_guild] The Player <Enderlava> has executed => /superrandomcommand run book
[2023-07-11 14:10:54] [em_adventurers_guild] The Player <Enderlava> has executed => /superrandomcommand run book
[2023-07-11 14:10:57] [em_adventurers_guild] The Player <Enderlava> has executed => /superrandomcommand run book
[2023-07-11 14:11:47] [world] The Player <Funget114514> has executed => /grave
[2023-07-11 14:12:00] [em_adventurers_guild] The Player <Enderlava> has executed => /superrandomcommand run book
[2023-07-11 14:12:30] [em_adventurers_guild] The Player <Enderlava> has executed => /tpj .Mai_Shiranui520
[2023-07-11 14:12:50] [em_adventurers_guild] The Player <Enderlava> has executed => /superrandomcommand run getbook
[2023-07-11 14:12:57] [em_adventurers_guild] The Player <Enderlava> has executed => /superrandomcommand run get_book
[2023-07-11 14:13:09] [em_adventurers_guild] The Player <Enderlava> has executed => /superrandomcommand run get_book
[2023-07-11 14:13:13] [em_adventurers_guild] The Player <Enderlava> has executed => /superrandomcommand run book
[2023-07-11 14:13:16] [em_adventurers_guild] The Player <Enderlava> has executed => /superrandomcommand run book
[2023-07-11 14:13:17] [em_adventurers_guild] The Player <Enderlava> has executed => /superrandomcommand run book
[2023-07-11 14:13:21] [em_adventurers_guild] The Player <Enderlava> has executed => /superrandomcommand run book
[2023-07-11 14:13:23] [em_adventurers_guild] The Player <Enderlava> has executed => /superrandomcommand run book
[2023-07-11 14:14:23] [world] The Player <Enderlava> has executed => /superrandomcommand run book
[2023-07-11 14:14:24] [world] The Player <Enderlava> has executed => /superrandomcommand run book
[2023-07-11 14:14:26] [world] The Player <Enderlava> has executed => /superrandomcommand run book
[2023-07-11 14:14:28] [world] The Player <Enderlava> has executed => /superrandomcommand run book
[2023-07-11 14:14:30] [world] The Player <Enderlava> has executed => /superrandomcommand run book
[2023-07-11 14:14:32] [world] The Player <Enderlava> has executed => /superrandomcommand run book
[2023-07-11 14:14:34] [world] The Player <Enderlava> has executed => /superrandomcommand run book
[2023-07-11 14:14:35] [world] The Player <Enderlava> has executed => /superrandomcommand run book
[2023-07-11 14:14:37] [world] The Player <Enderlava> has executed => /superrandomcommand run book
[2023-07-11 14:14:38] [world] The Player <Enderlava> has executed => /superrandomcommand run book
[2023-07-11 14:14:43] [world] The Player <Enderlava> has executed => /superrandomcommand run get_book
[2023-07-11 14:14:45] [world] The Player <Enderlava> has executed => /superrandomcommand run book
[2023-07-11 14:14:46] [world] The Player <Enderlava> has executed => /superrandomcommand run book
[2023-07-11 14:14:47] [world] The Player <Enderlava> has executed => /superrandomcommand run book
[2023-07-11 14:14:49] [world] The Player <Enderlava> has executed => /superrandomcommand run book
[2023-07-11 14:14:50] [world] The Player <Enderlava> has executed => /superrandomcommand run book
[2023-07-11 14:14:51] [world] The Player <Enderlava> has executed => /superrandomcommand run book
[2023-07-11 14:14:57] [world] The Player <Enderlava> has executed => /superrandomcommand run book
[2023-07-11 14:15:39] [world] The Player <Enderlava> has executed => /superrandomcommand run book
[2023-07-11 14:21:31] [world_the_end] The Player <Enderlava> has executed => /superrandomcommand run book
[2023-07-11 14:21:40] [world_the_end] The Player <Enderlava> has executed => /superrandomcommand run book
[2023-07-11 14:21:54] [world_the_end] The Player <Enderlava> has executed => /superrandomcommand run book
[2023-07-11 14:21:55] [world_the_end] The Player <Enderlava> has executed => /superrandomcommand run book
[2023-07-11 14:21:56] [world_the_end] The Player <Enderlava> has executed => /superrandomcommand run book
[2023-07-11 15:39:04] [world] The Player <Enderlava> has executed => /day
[2023-07-11 15:39:10] [world] The Player <Enderlava> has executed => /elitemobs trackcustomboss b0984dea-7813-4a3b-8a85-030b6ddc879c
[2023-07-11 15:40:07] [world] The Player <Enderlava> has executed => /sk
[2023-07-11 15:45:30] [world] The Player <Enderlava> has executed => /seed
[2023-07-11 15:57:13] [world] The Player <Enderlava> has executed => /superrandomcommand run book
[2023-07-11 15:58:38] [world] The Player <Enderlava> has executed => /superrandomcommand run book
[2023-07-11 16:12:34] [world] The Player <Enderlava> has executed => /elitemobs trackcustomboss c7a48f74-d4d8-43d9-8a47-139c4d433f41
[2023-07-11 16:12:36] [world] The Player <Enderlava> has executed => /elitemobs trackcustomboss c7a48f74-d4d8-43d9-8a47-139c4d433f41
[2023-07-11 16:52:21] [em_adventurers_guild] The Player <Funget114514> has executed => /tpj .FavoriteBread57
[2023-07-11 16:54:07] [world] The Player <Funget114514> has executed => /tpjaccept
[2023-07-11 16:57:51] [world] The Player <Funget114514> has executed => /grave
[2023-07-11 16:57:56] [world] The Player <Funget114514> has executed => /bag open
[2023-07-11 16:58:51] [world] The Player <wqe123420> has executed => /tpj .FavoriteBread57
[2023-07-11 17:03:32] [world] The Player <Enderlava> has executed => /elitemobs trackcustomboss 668e8145-2870-479d-9fae-a3d8bd76e884
[2023-07-11 17:04:02] [world] The Player <wqe123420> has executed => /elitemobs trackcustomboss 668e8145-2870-479d-9fae-a3d8bd76e884
[2023-07-11 17:04:23] [world] The Player <wqe123420> has executed => /tpj:tpj Enderlava
[2023-07-11 17:04:32] [world] The Player <wqe123420> has executed => /tpj Enderlava
[2023-07-11 17:05:06] [world] The Player <Enderlava> has executed => /tpjaccept
[2023-07-11 17:06:01] [world] The Player <Funget114514> has executed => /tpj Enderlava
[2023-07-11 17:06:06] [world] The Player <Enderlava> has executed => /tpjaccept
[2023-07-11 17:08:12] [world] The Player <Funget114514> has executed => /wand
[2023-07-11 17:10:16] [world] The Player <Enderlava> has executed => /tpj Funget114514
[2023-07-11 17:10:25] [world] The Player <Funget114514> has executed => /tpjaccept
[2023-07-11 17:11:52] [world] The Player <wqe123420> has executed => /tpj .Mai_Shiranui520
[2023-07-11 17:12:39] [world] The Player <Enderlava> has executed => /ag
[2023-07-11 17:14:52] [world] The Player <Funget114514> has executed => /tell Enderlava 在家
[2023-07-11 17:15:43] [world] The Player <wqe123420> has executed => /grave
[2023-07-11 17:21:46] [world] The Player <Enderlava> has executed => /grave
[2023-07-11 17:21:53] [world] The Player <Enderlava> has executed => /em
[2023-07-11 17:24:40] [world] The Player <wqe123420> has executed => /tpj Enderlava
[2023-07-11 17:24:45] [world] The Player <Enderlava> has executed => /tpjaccept
[2023-07-11 17:25:57] [world] The Player <wqe123420> has executed => /tpj .Mai_Shiranui520
[2023-07-11 17:29:59] [world] The Player <Enderlava> has executed => /tpj .Mai_Shiranui520
[2023-07-11 17:30:32] [world] The Player <wqe123420> has executed => /grave
[2023-07-11 17:38:35] [world] The Player <Enderlava> has executed => /tell .Mai_Shiranui520 传送我
[2023-07-11 17:39:08] [world] The Player <Enderlava> has executed => /grave
[2023-07-11 17:39:44] [world] The Player <Enderlava> has executed => /grave
[2023-07-11 17:39:57] [world] The Player <Enderlava> has executed => /dc
[2023-07-11 17:40:09] [world] The Player <Enderlava> has executed => /em
[2023-07-11 17:41:25] [world] The Player <Enderlava> has executed => /grave
[2023-07-11 17:41:36] [world] The Player <Enderlava> has executed => /elitemobs trackcustomboss aa7183a3-8c57-452c-82f6-aef6319f2b0f
[2023-07-11 17:43:35] [world] The Player <Enderlava> has executed => /tpjaccept
[2023-07-11 17:45:04] [world] The Player <Enderlava> has executed => /grave
[2023-07-11 17:46:30] [world] The Player <Enderlava> has executed => /tpj wqe123420
[2023-07-11 17:49:20] [world] The Player <wqe123420> has executed => /tpj Enderlava
[2023-07-11 17:49:23] [world] The Player <Enderlava> has executed => /tpjaccept
[2023-07-11 19:09:37] [world] The Player <Enderlava> has executed => /linkaccount Enderlava
[2023-07-11 19:33:17] [world] The Player <Enderlava> has executed => /linkaccount .FavoriteBread57
[2023-07-11 19:33:20] [world] The Player <Enderlava> has executed => /linkaccount .FavoriteBread57
[2023-07-11 19:38:39] [world] The Player <Enderlava> has executed => /linkaccount .FavoriteBread57
[2023-07-11 19:39:41] [world] The Player <Enderlava> has executed => /linkaccount .FavoriteBread57
[2023-07-11 19:46:46] [world] The Player <Enderlava> has executed => /linkaccount .FavoriteBread57
[2023-07-11 19:48:22] [world] The Player <Enderlava> has executed => /linkaccount .FavoriteBread57
[2023-07-11 19:51:29] [world] The Player <Enderlava> has executed => /linkaccount .FavoriteBread57
[2023-07-11 19:58:52] [world] The Player <Funget114514> has executed => /tpj Enderlava
[2023-07-11 20:22:21] [world] The Player <Funget114514> has executed => /tpj Enderlava
[2023-07-11 20:22:55] [world] The Player <Funget114514> has executed => /tpj Enderlava
[2023-07-11 20:40:38] [world] The Player <Funget114514> has executed => /bag open
