[2023-07-18 11:34:16] [world] The Player <Enderlava> has executed => /bag open
[2023-07-18 11:37:23] [world] The Player <Enderlava> has executed => /bag open
[2023-07-18 11:37:37] [world] The Player <Enderlava> has executed => /em
[2023-07-18 11:43:50] [em_steamworks_lair] The Player <Enderlava> has executed => /superrandomcommand run book
[2023-07-18 11:44:33] [em_steamworks_lair] The Player <Enderlava> has executed => /superrandomcommand run book
[2023-07-18 11:45:28] [em_steamworks_lair] The Player <Enderlava> has executed => /superrandomcommand run book
[2023-07-18 11:46:12] [world] The Player <Enderlava> has executed => /dc
[2023-07-18 11:46:46] [world] The Player <Enderlava> has executed => /dc
[2023-07-18 11:46:52] [em_steamworks_lair] The Player <Enderlava> has executed => /superrandomcommand run book
[2023-07-18 11:47:26] [em_steamworks_lair] The Player <Enderlava> has executed => /superrandomcommand run book
[2023-07-18 11:48:47] [em_steamworks_lair] The Player <Enderlava> has executed => /em
[2023-07-18 12:00:59] [em_sewer_maze] The Player <Enderlava> has executed => /em
[2023-07-18 12:01:17] [em_sewer_maze] The Player <Enderlava> has executed => /em
[2023-07-18 12:01:59] [em_id_binder_of_worlds_0] The Player <Enderlava> has executed => /EM
[2023-07-18 12:02:04] [em_id_binder_of_worlds_0] The Player <Enderlava> has executed => /em
[2023-07-18 12:02:18] [world] The Player <Enderlava> has executed => /superrandomcommand run book
[2023-07-18 14:06:38] [world] The Player <Enderlava> has executed => /carpet
[2023-07-18 14:06:41] [world] The Player <Enderlava> has executed => /superrandomcommand run book
[2023-07-18 14:06:54] [world] The Player <Enderlava> has executed => /carpet
[2023-07-18 17:13:32] [world] The Player <Funget114514> has executed => /wand
[2023-07-18 17:19:01] [world] The Player <Funget114514> has executed => /tpj .Mai_Shiranui520
[2023-07-18 17:22:50] [world] The Player <Funget114514> has executed => /bot create shuaguaita
[2023-07-18 17:26:21] [world] The Player <Funget114514> has executed => /hub
[2023-07-18 17:26:26] [world] The Player <Funget114514> has executed => /bag open
[2023-07-18 17:26:32] [world] The Player <Funget114514> has executed => /grave
[2023-07-18 17:27:29] [world] The Player <Funget114514> has executed => /tpj .Mai_Shiranui520
[2023-07-18 17:28:32] [world_nether] The Player <Funget114514> has executed => /tpj Enderlava
[2023-07-18 17:33:15] [world] The Player <Funget114514> has executed => /tell
[2023-07-18 17:33:25] [world] The Player <Funget114514> has executed => /tell Enderlava o
[2023-07-18 17:48:06] [world] The Player <Funget114514> has executed => /elitemobs trackcustomboss 56e82b6b-5f07-4575-ab84-4fe40d23553d
[2023-07-18 17:49:53] [world] The Player <Funget114514> has executed => /elitemobs trackcustomboss 56e82b6b-5f07-4575-ab84-4fe40d23553d
[2023-07-18 17:49:54] [world] The Player <Funget114514> has executed => /elitemobs trackcustomboss 56e82b6b-5f07-4575-ab84-4fe40d23553d
[2023-07-18 17:52:03] [world] The Player <Funget114514> has executed => /tell Enderlava 建树场
[2023-07-18 17:52:30] [world] The Player <Funget114514> has executed => /tell Enderlava 好吧
[2023-07-18 17:53:29] [world] The Player <Funget114514> has executed => /bag open
[2023-07-18 17:56:34] [world_nether] The Player <Funget114514> has executed => /grave
[2023-07-18 18:19:10] [world] The Player <Funget114514> has executed => /grave
[2023-07-18 18:19:56] [world] The Player <Funget114514> has executed => /bag open
[2023-07-18 18:20:15] [world] The Player <Funget114514> has executed => /bag open
[2023-07-18 18:20:46] [world] The Player <Funget114514> has executed => /bag open
[2023-07-18 18:20:59] [world] The Player <Funget114514> has executed => /bag open
[2023-07-18 18:21:06] [world] The Player <Funget114514> has executed => /bag open
[2023-07-18 18:21:21] [world] The Player <Funget114514> has executed => /bag open
[2023-07-18 18:21:59] [world] The Player <Funget114514> has executed => /bag open
[2023-07-18 18:22:14] [world] The Player <Funget114514> has executed => /grave
[2023-07-18 18:22:17] [world] The Player <Funget114514> has executed => /grave
[2023-07-18 18:22:20] [world] The Player <Funget114514> has executed => /bag open
[2023-07-18 18:22:44] [world] The Player <Funget114514> has executed => /bag open
[2023-07-18 18:22:54] [world] The Player <Funget114514> has executed => /bag open
[2023-07-18 18:45:26] [world] The Player <Funget114514> has executed => /bag open
[2023-07-18 18:45:34] [world] The Player <Funget114514> has executed => /bag open
[2023-07-18 18:45:49] [world] The Player <Funget114514> has executed => /bag open
[2023-07-18 18:46:17] [world] The Player <Funget114514> has executed => /elitemobs trackcustomboss e874444c-68d9-44e2-a51b-a7fec4e21891
[2023-07-18 18:48:27] [world] The Player <Enderlava> has executed => /em
[2023-07-18 18:49:48] [world] The Player <Enderlava> has executed => /em
[2023-07-18 18:53:07] [world] The Player <Funget114514> has executed => /bag open
[2023-07-18 19:03:30] [world] The Player <Enderlava> has executed => /em
[2023-07-18 19:11:41] [world] The Player <Funget114514> has executed => /elitemobs trackcustomboss 4dc63377-c127-43be-a83f-b567a65552c0
[2023-07-18 19:25:39] [world] The Player <Funget114514> has executed => /grave
[2023-07-18 19:48:01] [world] The Player <Funget114514> has executed => /tpj Enderlava
[2023-07-18 19:50:05] [world] The Player <Enderlava> has executed => /bag open
[2023-07-18 19:51:10] [world] The Player <Funget114514> has executed => /elitemobs trackcustomboss 1d296ea3-dca0-4c74-a78c-fda2d51bc739
[2023-07-18 19:51:44] [world] The Player <Enderlava> has executed => /bot action fishing fish
[2023-07-18 19:55:36] [world] The Player <Funget114514> has executed => /bag open
[2023-07-18 19:55:40] [world] The Player <Funget114514> has executed => /grave
[2023-07-18 20:00:55] [world] The Player <Enderlava> has executed => /DC
[2023-07-18 20:00:58] [world] The Player <Enderlava> has executed => /dc
[2023-07-18 20:01:41] [world] The Player <Enderlava> has executed => /DC
[2023-07-18 20:01:42] [world] The Player <Enderlava> has executed => /dc
[2023-07-18 20:01:47] [world] The Player <Enderlava> has executed => /dc
[2023-07-18 20:02:19] [world] The Player <Funget114514> has executed => /grave
[2023-07-18 21:43:33] [world] The Player <Enderlava> has executed => /bag open
[2023-07-18 21:51:12] [world] The Player <Enderlava> has executed => /superrandomcommand run book
