[2023-07-19 09:19:51] [world] The Player <Funget114514> has executed => /grave
[2023-07-19 09:21:09] [world] The Player <Funget114514> has executed => /bag open
[2023-07-19 09:21:14] [world] The Player <Funget114514> has executed => /bag open
[2023-07-19 10:50:44] [world] The Player <Funget114514> has executed => /bag open
[2023-07-19 10:51:21] [world] The Player <Funget114514> has executed => /bag open
[2023-07-19 10:55:34] [world] The Player <Funget114514> has executed => /bag open
[2023-07-19 10:56:28] [world] The Player <Funget114514> has executed => /bag open
[2023-07-19 10:58:41] [world] The Player <Funget114514> has executed => /bag open
[2023-07-19 11:01:49] [world] The Player <Funget114514> has executed => /tpj 我
[2023-07-19 11:09:38] [world] The Player <Enderlava> has executed => /bot create tree
[2023-07-19 11:09:45] [world] The Player <Enderlava> has executed => /bot create tree
[2023-07-19 11:09:55] [world] The Player <Enderlava> has executed => /bot create tree
[2023-07-19 11:10:11] [world] The Player <Enderlava> has executed => /bot action tree use
[2023-07-19 11:10:39] [world] The Player <Enderlava> has executed => /bot action tree look -1375 -245
[2023-07-19 11:10:43] [world] The Player <Enderlava> has executed => /bot action tree look -1375 -245
[2023-07-19 11:17:08] [world] The Player <Enderlava> has executed => /em
[2023-07-19 11:19:57] [world] The Player <Enderlava> has executed => /dc
[2023-07-19 11:20:11] [world] The Player <Funget114514> has executed => /grave
[2023-07-19 11:20:50] [world] The Player <Funget114514> has executed => /grave
[2023-07-19 11:21:34] [world] The Player <Funget114514> has executed => /grave
[2023-07-19 11:21:37] [world] The Player <Funget114514> has executed => /bag open
[2023-07-19 11:21:55] [world] The Player <Funget114514> has executed => /grave
[2023-07-19 11:23:54] [world] The Player <Funget114514> has executed => /bag open
[2023-07-19 11:24:34] [world] The Player <Funget114514> has executed => /tpj .Mai_Shiranui520
[2023-07-19 11:24:39] [world] The Player <Funget114514> has executed => /elitemobs trackcustomboss 4ae41660-76d2-43ba-aa3c-2b04f675436a
[2023-07-19 11:24:39] [world] The Player <Funget114514> has executed => /elitemobs trackcustomboss 27c49de0-9eec-497b-8e77-d4d3d1da2a5c
[2023-07-19 11:24:40] [world] The Player <Funget114514> has executed => /elitemobs trackcustomboss 27c49de0-9eec-497b-8e77-d4d3d1da2a5c
[2023-07-19 11:24:40] [world] The Player <Funget114514> has executed => /elitemobs trackcustomboss 27c49de0-9eec-497b-8e77-d4d3d1da2a5c
[2023-07-19 11:24:41] [world] The Player <Funget114514> has executed => /elitemobs trackcustomboss c6139d56-d703-40c6-ab22-4312199be62e
[2023-07-19 11:24:47] [world] The Player <Funget114514> has executed => /elitemobs trackcustomboss 4ae41660-76d2-43ba-aa3c-2b04f675436a
[2023-07-19 11:24:48] [world] The Player <Funget114514> has executed => /elitemobs trackcustomboss 27c49de0-9eec-497b-8e77-d4d3d1da2a5c
[2023-07-19 11:24:49] [world] The Player <Funget114514> has executed => /elitemobs trackcustomboss c6139d56-d703-40c6-ab22-4312199be62e
[2023-07-19 11:24:51] [world] The Player <Funget114514> has executed => /elitemobs trackcustomboss c6139d56-d703-40c6-ab22-4312199be62e
[2023-07-19 11:24:52] [world] The Player <Funget114514> has executed => /elitemobs trackcustomboss c6139d56-d703-40c6-ab22-4312199be62e
[2023-07-19 11:24:54] [world] The Player <Funget114514> has executed => /elitemobs trackcustomboss d94efb3b-edd1-454d-8e1e-3322fa705f17
[2023-07-19 11:24:54] [world] The Player <Funget114514> has executed => /elitemobs trackcustomboss d94efb3b-edd1-454d-8e1e-3322fa705f17
[2023-07-19 11:24:55] [world] The Player <Funget114514> has executed => /elitemobs trackcustomboss bce8d9f9-96c6-432a-8909-7c2b49a4790a
[2023-07-19 11:26:05] [world] The Player <Enderlava> has executed => /tpj Funget114514
[2023-07-19 11:26:15] [world] The Player <Enderlava> has executed => /tpj Funget114514
[2023-07-19 11:26:27] [world] The Player <Enderlava> has executed => /em
[2023-07-19 11:26:45] [world] The Player <Enderlava> has executed => /e,
[2023-07-19 11:26:47] [world] The Player <Enderlava> has executed => /elitemobs trackcustomboss c331edc8-aa99-42b2-a462-3ce01e9f5daa
[2023-07-19 11:29:42] [world] The Player <Funget114514> has executed => /bag open
[2023-07-19 11:32:04] [world] The Player <Funget114514> has executed => /bag open
[2023-07-19 11:36:15] [world_the_end] The Player <Enderlava> has executed => /superrandomcommand run book
[2023-07-19 11:36:54] [world] The Player <Enderlava> has executed => /DC
[2023-07-19 11:36:57] [world] The Player <Enderlava> has executed => /dc
[2023-07-19 11:37:30] [world_the_end] The Player <Enderlava> has executed => /superrandomcommand run book
[2023-07-19 11:37:33] [world_the_end] The Player <Enderlava> has executed => /superrandomcommand run book
[2023-07-19 11:37:36] [world_the_end] The Player <Enderlava> has executed => /superrandomcommand run book
[2023-07-19 11:38:09] [world] The Player <Enderlava> has executed => /dc
[2023-07-19 11:40:16] [world_the_end] The Player <Enderlava> has executed => /em
[2023-07-19 11:40:43] [em_adventurers_guild] The Player <Enderlava> has executed => /y
[2023-07-19 11:49:40] [em_adventurers_guild] The Player <Enderlava> has executed => /e,
[2023-07-19 11:49:42] [em_adventurers_guild] The Player <Enderlava> has executed => /em
[2023-07-19 12:02:35] [world] The Player <Enderlava> has executed => /tpj .Mai_Shiranui520
[2023-07-19 12:12:32] [world] The Player <Enderlava> has executed => /dc
[2023-07-19 12:17:50] [world_nether] The Player <Enderlava> has executed => /DC
[2023-07-19 12:18:25] [world_nether] The Player <Enderlava> has executed => /Y
[2023-07-19 12:18:28] [world_nether] The Player <Enderlava> has executed => /y
[2023-07-19 12:21:05] [world_nether] The Player <Enderlava> has executed => /dc
[2023-07-19 12:36:19] [world] The Player <Funget114514> has executed => /em
[2023-07-19 12:37:42] [world] The Player <Funget114514> has executed => /elitemobs trackcustomboss 95d1208a-21e2-492a-8fa7-3e7513947bc7
[2023-07-19 12:39:07] [world] The Player <Funget114514> has executed => /bag open
[2023-07-19 12:39:16] [world] The Player <Funget114514> has executed => /bag open
[2023-07-19 12:39:24] [world] The Player <Funget114514> has executed => /bag open
[2023-07-19 12:39:35] [world] The Player <Funget114514> has executed => /bag open
[2023-07-19 12:39:42] [world] The Player <Funget114514> has executed => /bag open
[2023-07-19 12:39:52] [world] The Player <Funget114514> has executed => /dcd
[2023-07-19 12:39:55] [world] The Player <Funget114514> has executed => /bag open
[2023-07-19 12:40:05] [world] The Player <Funget114514> has executed => /bag open
[2023-07-19 12:41:42] [world] The Player <Funget114514> has executed => /bag open
[2023-07-19 12:41:50] [world] The Player <Funget114514> has executed => /em
[2023-07-19 12:42:24] [world] The Player <Funget114514> has executed => /bag open
[2023-07-19 12:43:09] [world] The Player <Funget114514> has executed => /bag open
[2023-07-19 12:43:27] [world] The Player <Funget114514> has executed => /bag open
[2023-07-19 16:47:01] [world] The Player <Funget114514> has executed => /bag open
[2023-07-19 16:47:22] [world] The Player <Funget114514> has executed => /bag open
[2023-07-19 16:56:34] [world_the_end] The Player <Funget114514> has executed => /bag open
[2023-07-19 17:01:25] [world_the_end] The Player <Funget114514> has executed => /bag open
[2023-07-19 17:01:41] [world_the_end] The Player <Funget114514> has executed => /bag open
[2023-07-19 17:02:11] [world_the_end] The Player <Funget114514> has executed => /bag open
[2023-07-19 17:06:23] [world] The Player <Funget114514> has executed => /c
[2023-07-19 21:43:20] [world_the_end] The Player <Funget114514> has executed => /bag open
[2023-07-19 21:43:42] [world_the_end] The Player <Funget114514> has executed => /bag open
[2023-07-19 22:14:41] [world] The Player <Enderlava> has executed => /em
[2023-07-19 22:16:40] [world] The Player <Enderlava> has executed => /dc
[2023-07-19 22:16:52] [world] The Player <Enderlava> has executed => /dc
[2023-07-19 22:17:10] [world] The Player <Enderlava> has executed => /dc
[2023-07-19 22:18:28] [world] The Player <Enderlava> has executed => /dc
[2023-07-19 22:19:25] [world] The Player <Enderlava> has executed => /em
[2023-07-19 22:20:14] [world] The Player <Enderlava> has executed => /dc
[2023-07-19 22:31:00] [world] The Player <Enderlava> has executed => /elitemobs trackcustomboss 862033e1-47c3-47bf-ae8d-288238588c0c
