[2023-07-20 10:18:20] [world_nether] The Player <Enderlava> has executed => /em
[2023-07-20 10:57:03] [world_nether] The Player <wqe123420> has executed => /tpj Enderlava
[2023-07-20 10:57:05] [world] The Player <Enderlava> has executed => /y
[2023-07-20 10:57:39] [world] The Player <Enderlava> has executed => /elitemobs trackcustomboss 738d7690-16d9-48c0-b326-fbf14d10682b
[2023-07-20 11:01:02] [world] The Player <Enderlava> has executed => /dc
[2023-07-20 11:02:28] [world] The Player <Enderlava> has executed => /bot create JZK
[2023-07-20 11:02:34] [world] The Player <Enderlava> has executed => /bot create JZKJZK
[2023-07-20 11:06:25] [world] The Player <Enderlava> has executed => /bot create shuaguaita
[2023-07-20 11:33:03] [world] The Player <Enderlava> has executed => /tpj wqe123420
[2023-07-20 11:33:14] [world] The Player <wqe123420> has executed => /y
[2023-07-20 11:34:34] [world] The Player <Enderlava> has executed => /em
[2023-07-20 11:36:19] [world] The Player <Enderlava> has executed => /em
[2023-07-20 11:36:26] [world] The Player <wqe123420> has executed => /tpj Enderlava
[2023-07-20 11:36:50] [world] The Player <Enderlava> has executed => /y
[2023-07-20 11:43:13] [world] The Player <Enderlava> has executed => /superrandomcommand run book
[2023-07-20 11:43:14] [world] The Player <Enderlava> has executed => /superrandomcommand run book
[2023-07-20 11:43:16] [world] The Player <Enderlava> has executed => /superrandomcommand run book
[2023-07-20 11:43:17] [world] The Player <Enderlava> has executed => /superrandomcommand run book
[2023-07-20 11:43:18] [world] The Player <Enderlava> has executed => /superrandomcommand run book
[2023-07-20 11:43:20] [world] The Player <Enderlava> has executed => /superrandomcommand run book
[2023-07-20 11:43:21] [world] The Player <Enderlava> has executed => /superrandomcommand run book
[2023-07-20 11:43:22] [world] The Player <Enderlava> has executed => /superrandomcommand run book
[2023-07-20 11:43:23] [world] The Player <Enderlava> has executed => /superrandomcommand run book
[2023-07-20 11:43:24] [world] The Player <Enderlava> has executed => /superrandomcommand run book
[2023-07-20 11:43:25] [world] The Player <Enderlava> has executed => /superrandomcommand run book
[2023-07-20 11:43:27] [world] The Player <Enderlava> has executed => /superrandomcommand run book
[2023-07-20 11:43:32] [world] The Player <Enderlava> has executed => /superrandomcommand run book
[2023-07-20 11:43:33] [world] The Player <Enderlava> has executed => /superrandomcommand run book
[2023-07-20 11:43:34] [world] The Player <Enderlava> has executed => /superrandomcommand run book
[2023-07-20 11:43:35] [world] The Player <Enderlava> has executed => /superrandomcommand run book
[2023-07-20 11:43:40] [world] The Player <Enderlava> has executed => /superrandomcommand run book
[2023-07-20 11:43:41] [world] The Player <Enderlava> has executed => /superrandomcommand run book
[2023-07-20 11:43:42] [world] The Player <Enderlava> has executed => /superrandomcommand run book
[2023-07-20 11:43:44] [world] The Player <Enderlava> has executed => /superrandomcommand run book
[2023-07-20 11:43:45] [world] The Player <Enderlava> has executed => /superrandomcommand run book
[2023-07-20 11:43:47] [world] The Player <Enderlava> has executed => /superrandomcommand run book
[2023-07-20 11:43:48] [world] The Player <Enderlava> has executed => /superrandomcommand run book
[2023-07-20 11:43:49] [world] The Player <Enderlava> has executed => /superrandomcommand run book
[2023-07-20 11:43:50] [world] The Player <Enderlava> has executed => /superrandomcommand run book
[2023-07-20 11:43:53] [world] The Player <Enderlava> has executed => /superrandomcommand run book
[2023-07-20 11:43:54] [world] The Player <Enderlava> has executed => /superrandomcommand run book
[2023-07-20 11:43:56] [world] The Player <Enderlava> has executed => /superrandomcommand run book
[2023-07-20 11:43:57] [world] The Player <Enderlava> has executed => /superrandomcommand run book
[2023-07-20 11:43:59] [world] The Player <Enderlava> has executed => /superrandomcommand run book
[2023-07-20 11:44:00] [world] The Player <Enderlava> has executed => /superrandomcommand run book
[2023-07-20 11:44:01] [world] The Player <Enderlava> has executed => /superrandomcommand run book
[2023-07-20 11:44:03] [world] The Player <Enderlava> has executed => /superrandomcommand run book
[2023-07-20 11:44:04] [world] The Player <Enderlava> has executed => /superrandomcommand run book
[2023-07-20 11:44:05] [world] The Player <Enderlava> has executed => /superrandomcommand run book
[2023-07-20 11:44:07] [world] The Player <Enderlava> has executed => /superrandomcommand run book
[2023-07-20 11:44:08] [world] The Player <Enderlava> has executed => /superrandomcommand run book
[2023-07-20 11:44:10] [world] The Player <Enderlava> has executed => /superrandomcommand run book
[2023-07-20 11:44:11] [world] The Player <Enderlava> has executed => /superrandomcommand run book
[2023-07-20 11:44:12] [world] The Player <Enderlava> has executed => /superrandomcommand run book
[2023-07-20 11:44:13] [world] The Player <Enderlava> has executed => /superrandomcommand run book
[2023-07-20 11:44:15] [world] The Player <Enderlava> has executed => /superrandomcommand run book
[2023-07-20 11:44:16] [world] The Player <Enderlava> has executed => /superrandomcommand run book
[2023-07-20 11:44:17] [world] The Player <Enderlava> has executed => /superrandomcommand run book
[2023-07-20 11:44:18] [world] The Player <Enderlava> has executed => /superrandomcommand run book
[2023-07-20 11:44:19] [world] The Player <Enderlava> has executed => /superrandomcommand run book
[2023-07-20 11:44:20] [world] The Player <Enderlava> has executed => /superrandomcommand run book
[2023-07-20 11:44:26] [world] The Player <Enderlava> has executed => /superrandomcommand run book
[2023-07-20 11:44:27] [world] The Player <Enderlava> has executed => /superrandomcommand run book
[2023-07-20 11:44:28] [world] The Player <Enderlava> has executed => /superrandomcommand run book
[2023-07-20 11:44:29] [world] The Player <Enderlava> has executed => /superrandomcommand run book
[2023-07-20 11:44:31] [world] The Player <Enderlava> has executed => /superrandomcommand run book
[2023-07-20 11:44:32] [world] The Player <Enderlava> has executed => /superrandomcommand run book
[2023-07-20 11:44:33] [world] The Player <Enderlava> has executed => /superrandomcommand run book
[2023-07-20 11:44:35] [world] The Player <Enderlava> has executed => /superrandomcommand run book
[2023-07-20 11:44:36] [world] The Player <Enderlava> has executed => /superrandomcommand run book
[2023-07-20 11:44:38] [world] The Player <Enderlava> has executed => /superrandomcommand run book
[2023-07-20 11:44:40] [world] The Player <Enderlava> has executed => /superrandomcommand run book
[2023-07-20 11:44:41] [world] The Player <Enderlava> has executed => /superrandomcommand run book
[2023-07-20 11:44:42] [world] The Player <Enderlava> has executed => /superrandomcommand run book
[2023-07-20 11:44:43] [world] The Player <Enderlava> has executed => /superrandomcommand run book
[2023-07-20 11:44:45] [world] The Player <Enderlava> has executed => /superrandomcommand run book
[2023-07-20 11:44:46] [world] The Player <Enderlava> has executed => /superrandomcommand run book
[2023-07-20 11:44:47] [world] The Player <Enderlava> has executed => /superrandomcommand run book
[2023-07-20 11:44:48] [world] The Player <Enderlava> has executed => /superrandomcommand run book
[2023-07-20 11:44:50] [world] The Player <Enderlava> has executed => /superrandomcommand run book
[2023-07-20 11:44:51] [world] The Player <Enderlava> has executed => /superrandomcommand run book
[2023-07-20 11:44:52] [world] The Player <Enderlava> has executed => /superrandomcommand run book
[2023-07-20 11:44:53] [world] The Player <Enderlava> has executed => /superrandomcommand run book
[2023-07-20 11:44:54] [world] The Player <Enderlava> has executed => /superrandomcommand run book
[2023-07-20 11:44:56] [world] The Player <Enderlava> has executed => /superrandomcommand run book
[2023-07-20 11:44:57] [world] The Player <Enderlava> has executed => /superrandomcommand run book
[2023-07-20 11:44:58] [world] The Player <Enderlava> has executed => /superrandomcommand run book
[2023-07-20 11:45:01] [world] The Player <Enderlava> has executed => /superrandomcommand run book
[2023-07-20 11:45:02] [world] The Player <Enderlava> has executed => /superrandomcommand run book
[2023-07-20 11:45:03] [world] The Player <Enderlava> has executed => /superrandomcommand run book
[2023-07-20 11:45:05] [world] The Player <Enderlava> has executed => /superrandomcommand run book
[2023-07-20 11:45:07] [world] The Player <Enderlava> has executed => /superrandomcommand run book
[2023-07-20 11:45:08] [world] The Player <Enderlava> has executed => /superrandomcommand run book
[2023-07-20 11:45:09] [world] The Player <Enderlava> has executed => /superrandomcommand run book
[2023-07-20 11:45:10] [world] The Player <Enderlava> has executed => /superrandomcommand run book
[2023-07-20 11:45:11] [world] The Player <Enderlava> has executed => /superrandomcommand run book
[2023-07-20 11:45:12] [world] The Player <Enderlava> has executed => /superrandomcommand run book
[2023-07-20 11:45:13] [world] The Player <Enderlava> has executed => /superrandomcommand run book
[2023-07-20 11:45:14] [world] The Player <Enderlava> has executed => /superrandomcommand run book
[2023-07-20 11:45:25] [world] The Player <Enderlava> has executed => /superrandomcommand run book
[2023-07-20 11:45:27] [world] The Player <Enderlava> has executed => /superrandomcommand run book
[2023-07-20 11:45:31] [world] The Player <Enderlava> has executed => /superrandomcommand run book
[2023-07-20 11:45:37] [world] The Player <Enderlava> has executed => /superrandomcommand run book
[2023-07-20 11:45:38] [world] The Player <Enderlava> has executed => /superrandomcommand run book
[2023-07-20 11:45:46] [world] The Player <Enderlava> has executed => /superrandomcommand run book
[2023-07-20 11:45:47] [world] The Player <Enderlava> has executed => /superrandomcommand run book
[2023-07-20 11:45:48] [world] The Player <Enderlava> has executed => /superrandomcommand run book
[2023-07-20 11:45:49] [world] The Player <Enderlava> has executed => /superrandomcommand run book
[2023-07-20 11:45:51] [world] The Player <Enderlava> has executed => /superrandomcommand run book
[2023-07-20 11:45:52] [world] The Player <Enderlava> has executed => /superrandomcommand run book
[2023-07-20 11:45:53] [world] The Player <Enderlava> has executed => /superrandomcommand run book
[2023-07-20 11:45:54] [world] The Player <Enderlava> has executed => /superrandomcommand run book
[2023-07-20 11:45:55] [world] The Player <Enderlava> has executed => /superrandomcommand run book
[2023-07-20 11:45:56] [world] The Player <Enderlava> has executed => /superrandomcommand run book
[2023-07-20 11:45:57] [world] The Player <Enderlava> has executed => /superrandomcommand run book
[2023-07-20 11:45:58] [world] The Player <Enderlava> has executed => /superrandomcommand run book
[2023-07-20 11:45:59] [world] The Player <Enderlava> has executed => /superrandomcommand run book
[2023-07-20 11:46:00] [world] The Player <Enderlava> has executed => /superrandomcommand run book
[2023-07-20 11:46:02] [world] The Player <Enderlava> has executed => /superrandomcommand run book
[2023-07-20 11:46:03] [world] The Player <Enderlava> has executed => /superrandomcommand run book
[2023-07-20 11:46:05] [world] The Player <Enderlava> has executed => /superrandomcommand run book
[2023-07-20 11:46:06] [world] The Player <Enderlava> has executed => /superrandomcommand run book
[2023-07-20 11:46:07] [world] The Player <Enderlava> has executed => /superrandomcommand run book
[2023-07-20 11:46:08] [world] The Player <Enderlava> has executed => /superrandomcommand run book
[2023-07-20 11:46:09] [world] The Player <Enderlava> has executed => /superrandomcommand run book
[2023-07-20 11:46:11] [world] The Player <Enderlava> has executed => /superrandomcommand run book
[2023-07-20 11:46:12] [world] The Player <Enderlava> has executed => /superrandomcommand run book
[2023-07-20 11:46:13] [world] The Player <Enderlava> has executed => /superrandomcommand run book
[2023-07-20 11:46:16] [world] The Player <Enderlava> has executed => /superrandomcommand run book
[2023-07-20 11:46:17] [world] The Player <Enderlava> has executed => /superrandomcommand run book
[2023-07-20 11:46:18] [world] The Player <Enderlava> has executed => /superrandomcommand run book
[2023-07-20 11:46:20] [world] The Player <Enderlava> has executed => /superrandomcommand run book
[2023-07-20 11:46:21] [world] The Player <Enderlava> has executed => /superrandomcommand run book
[2023-07-20 11:46:22] [world] The Player <Enderlava> has executed => /superrandomcommand run book
[2023-07-20 11:46:23] [world] The Player <Enderlava> has executed => /superrandomcommand run book
[2023-07-20 11:46:24] [world] The Player <Enderlava> has executed => /superrandomcommand run book
[2023-07-20 11:46:30] [world] The Player <Enderlava> has executed => /superrandomcommand run book
[2023-07-20 11:46:31] [world] The Player <Enderlava> has executed => /superrandomcommand run book
[2023-07-20 11:46:32] [world] The Player <Enderlava> has executed => /superrandomcommand run book
[2023-07-20 11:46:33] [world] The Player <Enderlava> has executed => /superrandomcommand run book
[2023-07-20 11:46:34] [world] The Player <Enderlava> has executed => /superrandomcommand run book
[2023-07-20 11:46:35] [world] The Player <Enderlava> has executed => /superrandomcommand run book
[2023-07-20 11:46:37] [world] The Player <Enderlava> has executed => /superrandomcommand run book
[2023-07-20 11:46:38] [world] The Player <Enderlava> has executed => /superrandomcommand run book
[2023-07-20 11:46:39] [world] The Player <Enderlava> has executed => /superrandomcommand run book
[2023-07-20 11:46:40] [world] The Player <Enderlava> has executed => /superrandomcommand run book
[2023-07-20 11:46:41] [world] The Player <Enderlava> has executed => /superrandomcommand run book
[2023-07-20 11:46:42] [world] The Player <Enderlava> has executed => /superrandomcommand run book
[2023-07-20 11:46:44] [world] The Player <Enderlava> has executed => /superrandomcommand run book
[2023-07-20 11:46:45] [world] The Player <Enderlava> has executed => /superrandomcommand run book
[2023-07-20 11:46:46] [world] The Player <Enderlava> has executed => /superrandomcommand run book
[2023-07-20 11:46:47] [world] The Player <Enderlava> has executed => /superrandomcommand run book
[2023-07-20 11:46:48] [world] The Player <Enderlava> has executed => /superrandomcommand run book
[2023-07-20 11:46:49] [world] The Player <Enderlava> has executed => /superrandomcommand run book
[2023-07-20 11:46:51] [world] The Player <Enderlava> has executed => /superrandomcommand run book
[2023-07-20 11:46:52] [world] The Player <Enderlava> has executed => /superrandomcommand run book
[2023-07-20 11:46:53] [world] The Player <Enderlava> has executed => /superrandomcommand run book
[2023-07-20 11:46:54] [world] The Player <Enderlava> has executed => /superrandomcommand run book
[2023-07-20 11:46:55] [world] The Player <Enderlava> has executed => /superrandomcommand run book
[2023-07-20 11:46:56] [world] The Player <Enderlava> has executed => /superrandomcommand run book
[2023-07-20 11:46:57] [world] The Player <Enderlava> has executed => /superrandomcommand run book
[2023-07-20 11:46:58] [world] The Player <Enderlava> has executed => /superrandomcommand run book
[2023-07-20 11:46:59] [world] The Player <Enderlava> has executed => /superrandomcommand run book
[2023-07-20 11:47:00] [world] The Player <Enderlava> has executed => /superrandomcommand run book
[2023-07-20 11:47:02] [world] The Player <Enderlava> has executed => /superrandomcommand run book
[2023-07-20 11:47:03] [world] The Player <Enderlava> has executed => /superrandomcommand run book
[2023-07-20 11:47:04] [world] The Player <Enderlava> has executed => /superrandomcommand run book
[2023-07-20 11:47:05] [world] The Player <Enderlava> has executed => /superrandomcommand run book
[2023-07-20 11:47:06] [world] The Player <Enderlava> has executed => /superrandomcommand run book
[2023-07-20 11:47:17] [world] The Player <Enderlava> has executed => /superrandomcommand run book
[2023-07-20 11:47:18] [world] The Player <Enderlava> has executed => /superrandomcommand run book
[2023-07-20 11:47:25] [world] The Player <Enderlava> has executed => /superrandomcommand run book
[2023-07-20 11:47:28] [world] The Player <Enderlava> has executed => /em
[2023-07-20 11:47:32] [world] The Player <Enderlava> has executed => /superrandomcommand run book
[2023-07-20 11:47:35] [world] The Player <Enderlava> has executed => /superrandomcommand run book
[2023-07-20 11:47:41] [world] The Player <Enderlava> has executed => /superrandomcommand run book
[2023-07-20 11:47:45] [world] The Player <Enderlava> has executed => /superrandomcommand run book
[2023-07-20 11:47:49] [world] The Player <Enderlava> has executed => /superrandomcommand run book
[2023-07-20 11:48:11] [world] The Player <Enderlava> has executed => /superrandomcommand run book
[2023-07-20 11:48:15] [world] The Player <Enderlava> has executed => /superrandomcommand run book
[2023-07-20 11:48:17] [world] The Player <Enderlava> has executed => /superrandomcommand run book
[2023-07-20 11:48:18] [world] The Player <Enderlava> has executed => /superrandomcommand run book
[2023-07-20 11:48:26] [world] The Player <Enderlava> has executed => /superrandomcommand run book
[2023-07-20 11:48:30] [world] The Player <Enderlava> has executed => /superrandomcommand run book
[2023-07-20 11:48:31] [world] The Player <Enderlava> has executed => /superrandomcommand run book
[2023-07-20 11:48:33] [world] The Player <Enderlava> has executed => /superrandomcommand run book
[2023-07-20 11:48:34] [world] The Player <Enderlava> has executed => /superrandomcommand run book
[2023-07-20 11:48:37] [world] The Player <Enderlava> has executed => /superrandomcommand run book
[2023-07-20 11:48:38] [world] The Player <Enderlava> has executed => /superrandomcommand run book
[2023-07-20 11:48:41] [world] The Player <Enderlava> has executed => /superrandomcommand run book
[2023-07-20 11:48:42] [world] The Player <Enderlava> has executed => /superrandomcommand run book
[2023-07-20 11:48:43] [world] The Player <Enderlava> has executed => /superrandomcommand run book
[2023-07-20 11:48:45] [world] The Player <Enderlava> has executed => /superrandomcommand run book
[2023-07-20 11:48:46] [world] The Player <Enderlava> has executed => /superrandomcommand run book
[2023-07-20 11:48:48] [world] The Player <Enderlava> has executed => /superrandomcommand run book
[2023-07-20 11:48:49] [world] The Player <Enderlava> has executed => /superrandomcommand run book
[2023-07-20 11:48:50] [world] The Player <Enderlava> has executed => /superrandomcommand run book
[2023-07-20 11:48:51] [world] The Player <Enderlava> has executed => /superrandomcommand run book
[2023-07-20 11:48:53] [world] The Player <Enderlava> has executed => /superrandomcommand run book
[2023-07-20 11:48:55] [world] The Player <Enderlava> has executed => /superrandomcommand run book
[2023-07-20 11:48:56] [world] The Player <Enderlava> has executed => /superrandomcommand run book
[2023-07-20 11:48:58] [world] The Player <Enderlava> has executed => /superrandomcommand run book
[2023-07-20 11:48:59] [world] The Player <Enderlava> has executed => /superrandomcommand run book
[2023-07-20 11:49:01] [world] The Player <Enderlava> has executed => /superrandomcommand run book
[2023-07-20 11:49:02] [world] The Player <Enderlava> has executed => /superrandomcommand run book
[2023-07-20 11:49:06] [world] The Player <Enderlava> has executed => /superrandomcommand run book
[2023-07-20 11:49:10] [world] The Player <Enderlava> has executed => /superrandomcommand run book
[2023-07-20 11:49:11] [world] The Player <Enderlava> has executed => /superrandomcommand run book
[2023-07-20 11:49:12] [world] The Player <Enderlava> has executed => /superrandomcommand run book
[2023-07-20 11:49:13] [world] The Player <Enderlava> has executed => /superrandomcommand run book
[2023-07-20 11:49:14] [world] The Player <Enderlava> has executed => /superrandomcommand run book
[2023-07-20 11:49:15] [world] The Player <Enderlava> has executed => /superrandomcommand run book
[2023-07-20 11:49:16] [world] The Player <Enderlava> has executed => /superrandomcommand run book
[2023-07-20 11:49:18] [world] The Player <Enderlava> has executed => /superrandomcommand run book
[2023-07-20 11:49:19] [world] The Player <Enderlava> has executed => /superrandomcommand run book
[2023-07-20 11:49:20] [world] The Player <Enderlava> has executed => /superrandomcommand run book
[2023-07-20 11:49:21] [world] The Player <Enderlava> has executed => /superrandomcommand run book
[2023-07-20 11:49:23] [world] The Player <Enderlava> has executed => /superrandomcommand run book
[2023-07-20 11:49:32] [world] The Player <Enderlava> has executed => /superrandomcommand run book
[2023-07-20 11:49:33] [world] The Player <Enderlava> has executed => /superrandomcommand run book
[2023-07-20 11:49:39] [world] The Player <Enderlava> has executed => /superrandomcommand run book
[2023-07-20 11:49:41] [world] The Player <Enderlava> has executed => /superrandomcommand run book
[2023-07-20 11:49:43] [world] The Player <Enderlava> has executed => /superrandomcommand run book
[2023-07-20 11:49:44] [world] The Player <Enderlava> has executed => /superrandomcommand run book
[2023-07-20 11:49:45] [world] The Player <Enderlava> has executed => /superrandomcommand run book
[2023-07-20 11:49:49] [world] The Player <Enderlava> has executed => /superrandomcommand run book
[2023-07-20 11:49:50] [world] The Player <Enderlava> has executed => /superrandomcommand run book
[2023-07-20 11:49:52] [world] The Player <Enderlava> has executed => /superrandomcommand run book
[2023-07-20 11:49:53] [world] The Player <Enderlava> has executed => /superrandomcommand run book
[2023-07-20 11:49:54] [world] The Player <Enderlava> has executed => /superrandomcommand run book
[2023-07-20 11:49:56] [world] The Player <Enderlava> has executed => /superrandomcommand run book
[2023-07-20 11:49:58] [world] The Player <Enderlava> has executed => /superrandomcommand run book
[2023-07-20 11:50:01] [world] The Player <Enderlava> has executed => /superrandomcommand run book
[2023-07-20 11:50:03] [world] The Player <Enderlava> has executed => /superrandomcommand run book
[2023-07-20 11:50:04] [world] The Player <Enderlava> has executed => /superrandomcommand run book
[2023-07-20 11:50:09] [world] The Player <Enderlava> has executed => /superrandomcommand run book
[2023-07-20 11:50:10] [world] The Player <Enderlava> has executed => /superrandomcommand run book
[2023-07-20 11:50:11] [world] The Player <Enderlava> has executed => /superrandomcommand run book
[2023-07-20 11:50:12] [world] The Player <Enderlava> has executed => /superrandomcommand run book
[2023-07-20 11:50:13] [world] The Player <Enderlava> has executed => /superrandomcommand run book
[2023-07-20 11:50:14] [world] The Player <Enderlava> has executed => /superrandomcommand run book
[2023-07-20 11:50:25] [world] The Player <Enderlava> has executed => /superrandomcommand run book
[2023-07-20 11:50:26] [world] The Player <Enderlava> has executed => /superrandomcommand run book
[2023-07-20 11:50:27] [world] The Player <Enderlava> has executed => /superrandomcommand run book
[2023-07-20 11:50:28] [world] The Player <Enderlava> has executed => /superrandomcommand run book
[2023-07-20 11:50:30] [world] The Player <Enderlava> has executed => /superrandomcommand run book
[2023-07-20 11:50:31] [world] The Player <Enderlava> has executed => /superrandomcommand run book
[2023-07-20 11:50:32] [world] The Player <Enderlava> has executed => /superrandomcommand run book
[2023-07-20 11:50:33] [world] The Player <Enderlava> has executed => /superrandomcommand run book
[2023-07-20 11:50:34] [world] The Player <Enderlava> has executed => /superrandomcommand run book
[2023-07-20 11:50:40] [world] The Player <Enderlava> has executed => /superrandomcommand run book
[2023-07-20 11:50:45] [world] The Player <Enderlava> has executed => /superrandomcommand run book
[2023-07-20 11:50:48] [world] The Player <Enderlava> has executed => /superrandomcommand run book
[2023-07-20 11:50:49] [world] The Player <Enderlava> has executed => /superrandomcommand run book
[2023-07-20 11:50:55] [world] The Player <Enderlava> has executed => /superrandomcommand run book
[2023-07-20 11:50:56] [world] The Player <Enderlava> has executed => /superrandomcommand run book
[2023-07-20 11:50:59] [world] The Player <Enderlava> has executed => /superrandomcommand run book
[2023-07-20 11:51:02] [world] The Player <Enderlava> has executed => /superrandomcommand run book
[2023-07-20 11:51:03] [world] The Player <Enderlava> has executed => /superrandomcommand run book
[2023-07-20 11:51:04] [world] The Player <Enderlava> has executed => /superrandomcommand run book
[2023-07-20 11:51:05] [world] The Player <Enderlava> has executed => /superrandomcommand run book
[2023-07-20 11:51:07] [world] The Player <Enderlava> has executed => /superrandomcommand run book
[2023-07-20 11:51:08] [world] The Player <Enderlava> has executed => /superrandomcommand run book
[2023-07-20 11:51:27] [world] The Player <Enderlava> has executed => /superrandomcommand run book
[2023-07-20 11:51:51] [world] The Player <Enderlava> has executed => /superrandomcommand run book
[2023-07-20 11:51:53] [world] The Player <Enderlava> has executed => /superrandomcommand run book
[2023-07-20 11:51:54] [world] The Player <Enderlava> has executed => /superrandomcommand run book
[2023-07-20 11:51:55] [world] The Player <Enderlava> has executed => /superrandomcommand run book
[2023-07-20 11:51:56] [world] The Player <Enderlava> has executed => /superrandomcommand run book
[2023-07-20 11:51:58] [world] The Player <Enderlava> has executed => /superrandomcommand run book
[2023-07-20 11:51:59] [world] The Player <Enderlava> has executed => /superrandomcommand run book
[2023-07-20 11:52:00] [world] The Player <Enderlava> has executed => /superrandomcommand run book
[2023-07-20 11:52:01] [world] The Player <Enderlava> has executed => /superrandomcommand run book
[2023-07-20 11:52:03] [world] The Player <Enderlava> has executed => /superrandomcommand run book
[2023-07-20 11:52:04] [world] The Player <Enderlava> has executed => /superrandomcommand run book
[2023-07-20 11:52:06] [world] The Player <Enderlava> has executed => /superrandomcommand run book
[2023-07-20 11:52:07] [world] The Player <Enderlava> has executed => /superrandomcommand run book
[2023-07-20 11:52:08] [world] The Player <Enderlava> has executed => /superrandomcommand run book
[2023-07-20 11:52:11] [world] The Player <Enderlava> has executed => /superrandomcommand run book
[2023-07-20 11:52:13] [world] The Player <Enderlava> has executed => /superrandomcommand run book
[2023-07-20 11:52:14] [world] The Player <Enderlava> has executed => /superrandomcommand run book
[2023-07-20 11:52:16] [world] The Player <Enderlava> has executed => /superrandomcommand run book
[2023-07-20 11:52:17] [world] The Player <Enderlava> has executed => /superrandomcommand run book
[2023-07-20 11:52:20] [world] The Player <Enderlava> has executed => /superrandomcommand run book
[2023-07-20 11:52:21] [world] The Player <Enderlava> has executed => /superrandomcommand run book
[2023-07-20 11:52:23] [world] The Player <Enderlava> has executed => /superrandomcommand run book
[2023-07-20 11:52:24] [world] The Player <Enderlava> has executed => /superrandomcommand run book
[2023-07-20 11:52:25] [world] The Player <Enderlava> has executed => /superrandomcommand run book
[2023-07-20 11:52:26] [world] The Player <Enderlava> has executed => /superrandomcommand run book
[2023-07-20 11:52:27] [world] The Player <Enderlava> has executed => /superrandomcommand run book
[2023-07-20 11:52:28] [world] The Player <Enderlava> has executed => /superrandomcommand run book
[2023-07-20 11:52:30] [world] The Player <Enderlava> has executed => /superrandomcommand run book
[2023-07-20 11:52:32] [world] The Player <Enderlava> has executed => /superrandomcommand run book
[2023-07-20 11:52:33] [world] The Player <Enderlava> has executed => /superrandomcommand run book
[2023-07-20 11:52:34] [world] The Player <Enderlava> has executed => /superrandomcommand run book
[2023-07-20 11:52:36] [world] The Player <Enderlava> has executed => /superrandomcommand run book
[2023-07-20 11:52:37] [world] The Player <Enderlava> has executed => /superrandomcommand run book
[2023-07-20 11:52:38] [world] The Player <Enderlava> has executed => /superrandomcommand run book
[2023-07-20 11:52:39] [world] The Player <Enderlava> has executed => /superrandomcommand run book
[2023-07-20 11:52:41] [world] The Player <Enderlava> has executed => /superrandomcommand run book
[2023-07-20 11:52:42] [world] The Player <Enderlava> has executed => /superrandomcommand run book
[2023-07-20 11:52:44] [world] The Player <Enderlava> has executed => /superrandomcommand run book
[2023-07-20 11:52:46] [world] The Player <Enderlava> has executed => /superrandomcommand run book
[2023-07-20 11:52:48] [world] The Player <Enderlava> has executed => /superrandomcommand run book
[2023-07-20 11:52:52] [world] The Player <Enderlava> has executed => /dc
[2023-07-20 11:53:11] [world] The Player <Enderlava> has executed => /superrandomcommand run book
[2023-07-20 11:53:13] [world] The Player <Enderlava> has executed => /superrandomcommand run book
[2023-07-20 11:53:14] [world] The Player <Enderlava> has executed => /superrandomcommand run book
[2023-07-20 11:53:15] [world] The Player <Enderlava> has executed => /superrandomcommand run book
[2023-07-20 11:53:16] [world] The Player <Enderlava> has executed => /superrandomcommand run book
[2023-07-20 11:53:17] [world] The Player <Enderlava> has executed => /superrandomcommand run book
[2023-07-20 11:53:18] [world] The Player <Enderlava> has executed => /superrandomcommand run book
[2023-07-20 11:53:19] [world] The Player <Enderlava> has executed => /superrandomcommand run book
[2023-07-20 11:53:21] [world] The Player <Enderlava> has executed => /superrandomcommand run book
[2023-07-20 11:53:22] [world] The Player <Enderlava> has executed => /superrandomcommand run book
[2023-07-20 11:53:23] [world] The Player <Enderlava> has executed => /superrandomcommand run book
[2023-07-20 11:53:24] [world] The Player <Enderlava> has executed => /superrandomcommand run book
[2023-07-20 11:53:25] [world] The Player <Enderlava> has executed => /superrandomcommand run book
[2023-07-20 11:53:26] [world] The Player <Enderlava> has executed => /superrandomcommand run book
[2023-07-20 11:53:28] [world] The Player <Enderlava> has executed => /superrandomcommand run book
[2023-07-20 11:53:29] [world] The Player <Enderlava> has executed => /superrandomcommand run book
[2023-07-20 11:53:30] [world] The Player <Enderlava> has executed => /superrandomcommand run book
[2023-07-20 11:53:31] [world] The Player <Enderlava> has executed => /superrandomcommand run book
[2023-07-20 11:53:32] [world] The Player <Enderlava> has executed => /superrandomcommand run book
[2023-07-20 11:53:33] [world] The Player <Enderlava> has executed => /superrandomcommand run book
[2023-07-20 11:53:34] [world] The Player <Enderlava> has executed => /superrandomcommand run book
[2023-07-20 11:53:36] [world] The Player <Enderlava> has executed => /superrandomcommand run book
[2023-07-20 11:53:37] [world] The Player <Enderlava> has executed => /superrandomcommand run book
[2023-07-20 11:53:38] [world] The Player <Enderlava> has executed => /superrandomcommand run book
[2023-07-20 11:53:40] [world] The Player <Enderlava> has executed => /superrandomcommand run book
[2023-07-20 11:53:43] [world] The Player <Enderlava> has executed => /superrandomcommand run book
[2023-07-20 11:53:45] [world] The Player <Enderlava> has executed => /superrandomcommand run book
[2023-07-20 11:53:46] [world] The Player <Enderlava> has executed => /superrandomcommand run book
[2023-07-20 11:53:47] [world] The Player <Enderlava> has executed => /superrandomcommand run book
[2023-07-20 11:53:48] [world] The Player <Enderlava> has executed => /superrandomcommand run book
[2023-07-20 11:53:56] [world] The Player <Enderlava> has executed => /superrandomcommand run book
[2023-07-20 11:54:02] [world] The Player <Enderlava> has executed => /superrandomcommand run book
[2023-07-20 11:54:07] [world] The Player <Enderlava> has executed => /superrandomcommand run book
[2023-07-20 11:54:14] [world] The Player <Enderlava> has executed => /superrandomcommand run book
[2023-07-20 11:54:16] [world] The Player <Enderlava> has executed => /superrandomcommand run book
[2023-07-20 11:54:20] [world] The Player <Enderlava> has executed => /superrandomcommand run book
[2023-07-20 11:54:21] [world] The Player <Enderlava> has executed => /superrandomcommand run book
[2023-07-20 11:54:23] [world] The Player <Enderlava> has executed => /superrandomcommand run book
[2023-07-20 11:54:25] [world] The Player <Enderlava> has executed => /superrandomcommand run book
[2023-07-20 11:54:27] [world] The Player <Enderlava> has executed => /superrandomcommand run book
[2023-07-20 11:54:28] [world] The Player <Enderlava> has executed => /superrandomcommand run book
[2023-07-20 11:54:32] [world] The Player <Enderlava> has executed => /superrandomcommand run book
[2023-07-20 11:54:33] [world] The Player <Enderlava> has executed => /superrandomcommand run book
[2023-07-20 11:54:35] [world] The Player <Enderlava> has executed => /superrandomcommand run book
[2023-07-20 11:54:36] [world] The Player <Enderlava> has executed => /superrandomcommand run book
[2023-07-20 11:54:37] [world] The Player <Enderlava> has executed => /superrandomcommand run book
[2023-07-20 11:54:39] [world] The Player <Enderlava> has executed => /superrandomcommand run book
[2023-07-20 11:54:40] [world] The Player <Enderlava> has executed => /superrandomcommand run book
[2023-07-20 11:54:41] [world] The Player <Enderlava> has executed => /superrandomcommand run book
[2023-07-20 11:54:43] [world] The Player <Enderlava> has executed => /superrandomcommand run book
[2023-07-20 11:54:44] [world] The Player <Enderlava> has executed => /superrandomcommand run book
[2023-07-20 11:54:46] [world] The Player <Enderlava> has executed => /superrandomcommand run book
[2023-07-20 11:54:48] [world] The Player <Enderlava> has executed => /superrandomcommand run book
[2023-07-20 11:54:49] [world] The Player <Enderlava> has executed => /superrandomcommand run book
[2023-07-20 11:54:50] [world] The Player <Enderlava> has executed => /superrandomcommand run book
[2023-07-20 11:54:52] [world] The Player <Enderlava> has executed => /superrandomcommand run book
[2023-07-20 11:54:53] [world] The Player <Enderlava> has executed => /superrandomcommand run book
[2023-07-20 11:54:56] [world] The Player <Enderlava> has executed => /superrandomcommand run book
[2023-07-20 11:54:57] [world] The Player <Enderlava> has executed => /superrandomcommand run book
[2023-07-20 11:54:58] [world] The Player <Enderlava> has executed => /superrandomcommand run book
[2023-07-20 11:55:00] [world] The Player <Enderlava> has executed => /superrandomcommand run book
[2023-07-20 11:55:01] [world] The Player <Enderlava> has executed => /superrandomcommand run book
[2023-07-20 11:55:02] [world] The Player <Enderlava> has executed => /superrandomcommand run book
[2023-07-20 11:55:03] [world] The Player <Enderlava> has executed => /superrandomcommand run book
[2023-07-20 11:55:06] [world] The Player <Enderlava> has executed => /superrandomcommand run book
[2023-07-20 11:55:09] [world] The Player <Enderlava> has executed => /superrandomcommand run book
[2023-07-20 11:55:10] [world] The Player <Enderlava> has executed => /superrandomcommand run book
[2023-07-20 11:55:12] [world] The Player <Enderlava> has executed => /superrandomcommand run book
[2023-07-20 11:55:16] [world] The Player <Enderlava> has executed => /superrandomcommand run book
[2023-07-20 11:55:26] [world] The Player <Enderlava> has executed => /superrandomcommand run book
[2023-07-20 11:55:30] [world] The Player <Enderlava> has executed => /superrandomcommand run book
[2023-07-20 11:55:57] [world] The Player <Enderlava> has executed => /superrandomcommand run book
[2023-07-20 11:56:09] [world] The Player <Enderlava> has executed => /bag open
[2023-07-20 11:57:45] [world] The Player <Enderlava> has executed => /em
[2023-07-20 11:58:06] [world] The Player <Enderlava> has executed => /ag
[2023-07-20 11:58:12] [world] The Player <Enderlava> has executed => /ag
[2023-07-20 12:05:23] [world] The Player <wqe123420> has executed => /bag open
[2023-07-20 12:21:34] [world] The Player <Funget114514> has executed => /bag open
[2023-07-20 12:21:56] [world] The Player <Funget114514> has executed => /tpj wqe123420
[2023-07-20 12:22:00] [world] The Player <wqe123420> has executed => /y
[2023-07-20 12:28:09] [world] The Player <Enderlava> has executed => /tpj wqe123420
[2023-07-20 12:28:39] [world] The Player <Enderlava> has executed => /tpj wqe123420
[2023-07-20 12:28:41] [world] The Player <Enderlava> has executed => /superrandomcommand run book
[2023-07-20 12:37:53] [world] The Player <Funget114514> has executed => /tpj wqe123420
[2023-07-20 12:37:59] [world] The Player <wqe123420> has executed => /y
[2023-07-20 12:41:08] [world] The Player <wqe123420> has executed => /tpj Enderlava
[2023-07-20 12:41:36] [world_the_end] The Player <Enderlava> has executed => /y
[2023-07-20 12:43:38] [world] The Player <Funget114514> has executed => /tpj Enderlava
[2023-07-20 12:43:41] [world_the_end] The Player <Enderlava> has executed => /y
[2023-07-20 12:46:49] [world] The Player <Funget114514> has executed => /tpj wqe123420
[2023-07-20 12:46:54] [world] The Player <wqe123420> has executed => /y
[2023-07-20 12:49:19] [world] The Player <Funget114514> has executed => /bag open
[2023-07-20 12:49:54] [world] The Player <Funget114514> has executed => /bag open
[2023-07-20 12:50:00] [world] The Player <wqe123420> has executed => /tpj Funget114514
[2023-07-20 12:50:05] [world] The Player <Funget114514> has executed => /y
[2023-07-20 12:50:12] [world] The Player <Funget114514> has executed => /bag open
[2023-07-20 12:56:09] [world] The Player <wqe123420> has executed => /tpj Funget114514
[2023-07-20 12:56:16] [world_the_end] The Player <Enderlava> has executed => /bag open
[2023-07-20 12:56:37] [em_adventurers_guild] The Player <wqe123420> has executed => /tpj Enderlava
[2023-07-20 12:56:50] [world] The Player <Funget114514> has executed => /tpj Enderlava
[2023-07-20 12:57:02] [world_the_end] The Player <Enderlava> has executed => /y
[2023-07-20 12:57:03] [em_adventurers_guild] The Player <wqe123420> has executed => /tpj Enderlava
[2023-07-20 12:57:04] [world_the_end] The Player <Enderlava> has executed => /y
[2023-07-20 13:00:58] [world_the_end] The Player <Enderlava> has executed => /bag open
[2023-07-20 13:01:02] [world_nether] The Player <wqe123420> has executed => /tpj Enderlava
[2023-07-20 13:01:08] [world_the_end] The Player <Enderlava> has executed => /y
[2023-07-20 13:06:13] [world] The Player <wqe123420> has executed => /tpj Enderlava
[2023-07-20 13:06:34] [world] The Player <wqe123420> has executed => /tpj Funget114514
[2023-07-20 13:06:47] [world_the_end] The Player <Funget114514> has executed => /y
[2023-07-20 13:09:52] [world_the_end] The Player <Funget114514> has executed => /tpj Enderlava
[2023-07-20 13:09:54] [world] The Player <Enderlava> has executed => /y
[2023-07-20 13:10:07] [world_the_end] The Player <wqe123420> has executed => /tpj Enderlava
[2023-07-20 13:10:09] [world] The Player <Enderlava> has executed => /y
[2023-07-20 13:20:36] [world_the_end] The Player <wqe123420> has executed => /tpj Funget114514
[2023-07-20 13:21:38] [world] The Player <Funget114514> has executed => /y
[2023-07-20 13:21:43] [world] The Player <Funget114514> has executed => /bag open
[2023-07-20 13:22:19] [world] The Player <Funget114514> has executed => /bag open
[2023-07-20 13:23:40] [world] The Player <Funget114514> has executed => /tpj wqe123420
[2023-07-20 13:23:46] [world_nether] The Player <wqe123420> has executed => /y
[2023-07-20 13:26:27] [world_nether] The Player <Funget114514> has executed => /bag open
[2023-07-20 13:29:13] [world] The Player <Funget114514> has executed => /grave
[2023-07-20 13:30:24] [world_nether] The Player <Funget114514> has executed => /tpj wqe123420
[2023-07-20 13:30:30] [world] The Player <wqe123420> has executed => /y
[2023-07-20 13:31:36] [world] The Player <Enderlava> has executed => /ds
[2023-07-20 13:31:38] [world] The Player <Enderlava> has executed => /dc
[2023-07-20 13:34:49] [world_nether] The Player <Enderlava> has executed => /bag open
[2023-07-20 13:36:25] [world] The Player <Funget114514> has executed => /bag open
[2023-07-20 13:41:20] [world] The Player <Enderlava> has executed => /dc
[2023-07-20 13:47:39] [world] The Player <Funget114514> has executed => /tpj Enderlava
[2023-07-20 13:47:48] [world_the_end] The Player <Enderlava> has executed => /y
[2023-07-20 13:50:29] [world] The Player <Funget114514> has executed => /tpj wqe123420
[2023-07-20 13:50:37] [world_the_end] The Player <wqe123420> has executed => /y
[2023-07-20 13:55:16] [world] The Player <wqe123420> has executed => /tpj Funget114514
[2023-07-20 13:55:19] [world_the_end] The Player <Funget114514> has executed => /tell Enderlava 等下
[2023-07-20 13:56:06] [world] The Player <Funget114514> has executed => /tpj Enderlava
[2023-07-20 13:56:08] [world_the_end] The Player <Enderlava> has executed => /y
[2023-07-20 14:03:21] [world_the_end] The Player <Enderlava> has executed => /bag open
[2023-07-20 14:03:29] [world] The Player <wqe123420> has executed => /tpj Funget114514
[2023-07-20 14:05:29] [world] The Player <wqe123420> has executed => /tpj Funget114514
[2023-07-20 14:10:19] [world] The Player <wqe123420> has executed => /tpj Enderlava
[2023-07-20 14:10:29] [world_the_end] The Player <Enderlava> has executed => /y
[2023-07-20 14:11:10] [world] The Player <Enderlava> has executed => /dc
[2023-07-20 14:11:57] [world_the_end] The Player <Enderlava> has executed => /bag open
[2023-07-20 14:12:04] [world_the_end] The Player <Enderlava> has executed => /em
[2023-07-20 14:12:21] [world] The Player <Funget114514> has executed => /dc
[2023-07-20 14:12:36] [world_the_end] The Player <Enderlava> has executed => /bag open
[2023-07-20 14:12:38] [world_the_end] The Player <Enderlava> has executed => /em
[2023-07-20 14:12:42] [world_the_end] The Player <Enderlava> has executed => /grave
[2023-07-20 14:13:39] [world_the_end] The Player <wqe123420> has executed => /grave
[2023-07-20 14:16:59] [world_the_end] The Player <Enderlava> has executed => /y
[2023-07-20 14:20:05] [world_the_end] The Player <Enderlava> has executed => /y
[2023-07-20 14:20:41] [world_the_end] The Player <Enderlava> has executed => /bag open
[2023-07-20 14:21:07] [world] The Player <Enderlava> has executed => /tpj Funget114514
[2023-07-20 14:21:54] [world] The Player <Enderlava> has executed => /tpj Funget114514
[2023-07-20 14:22:21] [world_the_end] The Player <wqe123420> has executed => /y
[2023-07-20 14:23:36] [world] The Player <Funget114514> has executed => /tpj wqe123420
[2023-07-20 14:24:39] [world] The Player <wqe123420> has executed => /y
[2023-07-20 14:25:42] [world_nether] The Player <Funget114514> has executed => /tpj Enderlava
[2023-07-20 14:25:44] [world_the_end] The Player <Enderlava> has executed => /y
[2023-07-20 14:27:58] [world_the_end] The Player <Enderlava> has executed => /y
[2023-07-20 14:35:44] [world_the_end] The Player <Enderlava> has executed => /bag open
[2023-07-20 14:37:29] [world_the_end] The Player <Funget114514> has executed => /sk
[2023-07-20 14:40:57] [world_the_end] The Player <Funget114514> has executed => /tpj Enderlava
[2023-07-20 14:41:16] [world_nether] The Player <Enderlava> has executed => /y
[2023-07-20 14:41:45] [world] The Player <Enderlava> has executed => /dc
[2023-07-20 14:42:39] [world_nether] The Player <Funget114514> has executed => /tpj Enderlava
[2023-07-20 14:42:47] [world_nether] The Player <Enderlava> has executed => /y
[2023-07-20 14:44:09] [world_nether] The Player <Funget114514> has executed => /tpj Enderlava
[2023-07-20 14:44:26] [world_nether] The Player <Enderlava> has executed => /y
[2023-07-20 14:45:38] [world_nether] The Player <Funget114514> has executed => /tpj Enderlava
[2023-07-20 14:45:53] [world_nether] The Player <Funget114514> has executed => /tpj Enderlava
[2023-07-20 14:45:59] [world_nether] The Player <Enderlava> has executed => /y
[2023-07-20 14:46:17] [world_nether] The Player <Enderlava> has executed => /grave
[2023-07-20 14:46:20] [world_nether] The Player <Enderlava> has executed => /bag open
[2023-07-20 14:47:24] [world_nether] The Player <Funget114514> has executed => /tpj Enderlava
[2023-07-20 14:47:38] [world_nether] The Player <Enderlava> has executed => /y
[2023-07-20 14:50:49] [world_nether] The Player <Enderlava> has executed => /tpj Funget114514
[2023-07-20 14:51:08] [world_nether] The Player <Funget114514> has executed => /y
[2023-07-20 14:52:39] [world_nether] The Player <Funget114514> has executed => /tpj wqe12340
[2023-07-20 14:53:19] [world_nether] The Player <Funget114514> has executed => /tpj wqe123420
[2023-07-20 14:53:23] [world] The Player <wqe123420> has executed => /y
[2023-07-20 14:56:32] [world] The Player <wqe123420> has executed => /bag open
[2023-07-20 14:57:58] [world] The Player <wqe123420> has executed => /bag open
[2023-07-20 14:59:43] [world] The Player <wqe123420> has executed => /tpj .Mai_Shiranui520
[2023-07-20 15:03:50] [world] The Player <Enderlava> has executed => /tpj wqe123420
[2023-07-20 15:03:54] [world] The Player <wqe123420> has executed => /y
[2023-07-20 15:03:57] [world] The Player <wqe123420> has executed => /bag open
[2023-07-20 15:05:49] [world] The Player <wqe123420> has executed => /tpj Enderlava
[2023-07-20 15:06:33] [world_the_end] The Player <Enderlava> has executed => /y
[2023-07-20 15:07:45] [world] The Player <Xw114> has executed => /tpj wqe123420
[2023-07-20 15:07:48] [world_the_end] The Player <wqe123420> has executed => /y
[2023-07-20 15:08:30] [world_the_end] The Player <Enderlava> has executed => /d
[2023-07-20 15:08:32] [world_the_end] The Player <Enderlava> has executed => /bag open
[2023-07-20 15:14:06] [world] The Player <Xw114> has executed => /tpj wqe1234209
[2023-07-20 15:14:15] [world] The Player <Xw114> has executed => /tpj wqe123420
[2023-07-20 15:14:21] [world] The Player <wqe123420> has executed => /y
[2023-07-20 15:15:01] [world] The Player <Xw114> has executed => /grave
[2023-07-20 15:17:45] [world] The Player <Funget114514> has executed => /tpj Xw114
[2023-07-20 15:17:51] [world] The Player <Xw114> has executed => /y
[2023-07-20 15:18:25] [world] The Player <Xw114> has executed => /tpj Funget114514
[2023-07-20 15:18:41] [world] The Player <Xw114> has executed => /tpj
[2023-07-20 15:18:44] [world] The Player <Funget114514> has executed => /y
[2023-07-20 15:18:55] [world] The Player <Xw114> has executed => /tpj wqe123420
[2023-07-20 15:19:00] [world] The Player <wqe123420> has executed => /y
[2023-07-20 15:19:12] [world] The Player <Funget114514> has executed => /elitemobs trackcustomboss cf5465e3-2921-4a4d-ac5e-ed159e408036
[2023-07-20 15:19:20] [world] The Player <Funget114514> has executed => /bag open
[2023-07-20 15:19:33] [world] The Player <Xw114> has executed => /y
[2023-07-20 15:19:47] [world] The Player <Funget114514> has executed => /grave
[2023-07-20 15:20:37] [world] The Player <Funget114514> has executed => /ccd
[2023-07-20 15:20:39] [world] The Player <Funget114514> has executed => /bag open
[2023-07-20 15:21:30] [world] The Player <Xw114> has executed => /tpj wqe123420
[2023-07-20 15:21:34] [world] The Player <wqe123420> has executed => /y
[2023-07-20 15:26:33] [world] The Player <wqe123420> has executed => /tpj Xw114
[2023-07-20 15:26:40] [world] The Player <Xw114> has executed => /y
[2023-07-20 15:27:50] [world] The Player <Xw114> has executed => /tpj wqe123420
[2023-07-20 15:28:27] [world] The Player <Xw114> has executed => /tpj wqe123420
[2023-07-20 15:28:37] [world] The Player <wqe123420> has executed => /y
[2023-07-20 15:31:35] [world] The Player <Xw114> has executed => /tpj wqe123420
[2023-07-20 15:31:50] [world] The Player <Xw114> has executed => /bag open
[2023-07-20 15:31:50] [world] The Player <wqe123420> has executed => /y
[2023-07-20 15:32:22] [world] The Player <Xw114> has executed => /bag open
[2023-07-20 15:33:53] [world] The Player <Xw114> has executed => /tpj wqe123420
[2023-07-20 15:34:00] [world] The Player <wqe123420> has executed => /y
[2023-07-20 15:35:26] [world] The Player <wqe123420> has executed => /grave
[2023-07-20 15:36:04] [world] The Player <wqe123420> has executed => /grave
[2023-07-20 15:36:09] [world] The Player <wqe123420> has executed => /grave
[2023-07-20 15:36:33] [world] The Player <Xw114> has executed => /tpj wqe123420
[2023-07-20 15:36:41] [world] The Player <wqe123420> has executed => /y
[2023-07-20 15:38:38] [world] The Player <Xw114> has executed => /tpj Funget114514
[2023-07-20 15:38:58] [world] The Player <Funget114514> has executed => /tpj Xw114
[2023-07-20 15:39:10] [world] The Player <Xw114> has executed => /y
[2023-07-20 15:40:14] [world] The Player <Funget114514> has executed => /sb
[2023-07-20 15:40:20] [world] The Player <Funget114514> has executed => /grave
[2023-07-20 15:41:38] [world] The Player <wqe123420> has executed => /tpj Xw114
[2023-07-20 15:41:42] [world] The Player <Xw114> has executed => /y
[2023-07-20 15:54:18] [world] The Player <Xw114> has executed => /tpj Enderlava
[2023-07-20 15:54:34] [world_the_end] The Player <Enderlava> has executed => /y
[2023-07-20 15:55:53] [world_the_end] The Player <Xw114> has executed => /tpj wqe123420
[2023-07-20 16:00:31] [world] The Player <Enderlava> has executed => /tpj wqe123420
[2023-07-20 16:00:35] [world_the_end] The Player <wqe123420> has executed => /y
[2023-07-20 16:02:49] [world] The Player <wqe123420> has executed => /tpj Xw114
[2023-07-20 16:03:00] [world_the_end] The Player <Xw114> has executed => /y
[2023-07-20 16:04:03] [world_the_end] The Player <Enderlava> has executed => /bag open
[2023-07-20 16:04:17] [world_the_end] The Player <Enderlava> has executed => /bag open
[2023-07-20 16:06:04] [world] The Player <Enderlava> has executed => /dc
[2023-07-20 16:06:14] [world] The Player <Enderlava> has executed => /dc
[2023-07-20 16:06:47] [world] The Player <Enderlava> has executed => /dc
[2023-07-20 16:07:15] [world] The Player <Enderlava> has executed => /dc
[2023-07-20 16:07:54] [world] The Player <Enderlava> has executed => /dc
[2023-07-20 16:08:07] [world] The Player <wqe123420> has executed => /grave
[2023-07-20 16:08:21] [world] The Player <wqe123420> has executed => /grave
[2023-07-20 16:08:40] [world] The Player <wqe123420> has executed => /grave
[2023-07-20 16:08:48] [world] The Player <wqe123420> has executed => /grave
[2023-07-20 16:09:26] [world] The Player <Enderlava> has executed => /dc
[2023-07-20 16:10:04] [world] The Player <Enderlava> has executed => /dc
[2023-07-20 16:10:11] [world] The Player <Xw114> has executed => /tpj wqe123420
[2023-07-20 16:10:33] [world_the_end] The Player <Enderlava> has executed => /dc
[2023-07-20 16:10:36] [world_the_end] The Player <Enderlava> has executed => /dc
[2023-07-20 16:10:44] [world] The Player <Xw114> has executed => /tpj wqe123420
[2023-07-20 16:10:48] [world_the_end] The Player <wqe123420> has executed => /y
[2023-07-20 16:11:05] [world] The Player <Enderlava> has executed => /dc
[2023-07-20 16:12:02] [world] The Player <Funget114514> has executed => /tpj Enderlava
[2023-07-20 16:12:03] [world_the_end] The Player <Enderlava> has executed => /y
[2023-07-20 16:13:30] [world_the_end] The Player <Funget114514> has executed => /bag open
[2023-07-20 17:46:54] [world_nether] The Player <wqe123420> has executed => /bag open
[2023-07-20 17:47:05] [world_nether] The Player <wqe123420> has executed => /grave
[2023-07-20 17:47:33] [world_nether] The Player <wqe123420> has executed => /grave
[2023-07-20 17:54:13] [world_nether] The Player <wqe123420> has executed => /tp @s 113 59.5 234
[2023-07-20 18:02:38] [world_nether] The Player <wqe123420> has executed => /grave
[2023-07-20 18:09:25] [world] The Player <wqe123420> has executed => /grave
[2023-07-20 18:09:42] [world] The Player <wqe123420> has executed => /y
[2023-07-20 18:48:14] [world] The Player <wqe123420> has executed => /bag open
[2023-07-20 18:48:19] [world] The Player <wqe123420> has executed => /grave
[2023-07-20 18:49:04] [world] The Player <wqe123420> has executed => /grave
[2023-07-20 18:49:37] [world] The Player <wqe123420> has executed => /grave
[2023-07-20 19:13:04] [world_the_end] The Player <wqe123420> has executed => /y
[2023-07-20 19:17:32] [world] The Player <wqe123420> has executed => /y
[2023-07-20 19:20:41] [world_nether] The Player <wqe123420> has executed => /y
[2023-07-20 19:36:51] [world_nether] The Player <wqe123420> has executed => /y
[2023-07-20 19:44:43] [world_nether] The Player <wqe123420> has executed => /tpj .Mai_Shiranui520
[2023-07-20 19:50:50] [world_nether] The Player <wqe123420> has executed => /tpj .Mai_Shiranui520
[2023-07-20 19:51:21] [world_nether] The Player <wqe123420> has executed => /grave
[2023-07-20 19:53:14] [world] The Player <wqe123420> has executed => /y
[2023-07-20 21:21:20] [world] The Player <Enderlava> has executed => /tpj wqe123420
[2023-07-20 21:21:24] [world] The Player <wqe123420> has executed => /y
[2023-07-20 21:21:29] [world] The Player <Enderlava> has executed => /tpj wqe123420
[2023-07-20 21:23:03] [world] The Player <Enderlava> has executed => /bag open
[2023-07-20 21:24:57] [world] The Player <Enderlava> has executed => /elitemobs trackcustomboss 155605b3-da64-4c6a-acdb-548289736880
[2023-07-20 21:25:11] [world] The Player <wqe123420> has executed => /elitemobs trackcustomboss 155605b3-da64-4c6a-acdb-548289736880
[2023-07-20 21:26:38] [world] The Player <wqe123420> has executed => /grave
[2023-07-20 21:26:45] [world] The Player <wqe123420> has executed => /grave
[2023-07-20 21:26:50] [world] The Player <wqe123420> has executed => /grave
[2023-07-20 21:30:33] [world] The Player <wqe123420> has executed => /grave
[2023-07-20 21:44:14] [world_the_end] The Player <Funget114514> has executed => /tpj Funget114514
[2023-07-20 21:44:17] [world_the_end] The Player <Funget114514> has executed => /tpj wqe123420
[2023-07-20 21:44:22] [world_the_end] The Player <Funget114514> has executed => /y
[2023-07-20 21:44:22] [world] The Player <wqe123420> has executed => /y
[2023-07-20 21:50:18] [world] The Player <Funget114514> has executed => /tpj wqe123420
[2023-07-20 21:50:22] [world_nether] The Player <wqe123420> has executed => /y
[2023-07-20 21:55:41] [em_shadow_of_the_binder_of_worlds] The Player <Funget114514> has executed => /tpj wqe123420
[2023-07-20 21:55:56] [em_shadow_of_the_binder_of_worlds] The Player <Funget114514> has executed => /tpj wqe123420
[2023-07-20 21:56:06] [world] The Player <wqe123420> has executed => /y
[2023-07-20 22:03:25] [world] The Player <Enderlava> has executed => /tpj wqe123420
[2023-07-20 22:03:32] [world] The Player <wqe123420> has executed => /y
[2023-07-20 22:04:11] [world] The Player <wqe123420> has executed => /y
[2023-07-20 22:06:58] [world] The Player <Funget114514> has executed => /bag open
[2023-07-20 22:15:35] [world] The Player <Funget114514> has executed => /grave
[2023-07-20 22:16:12] [world] The Player <Funget114514> has executed => /tpj wqe123420
[2023-07-20 22:16:15] [world] The Player <wqe123420> has executed => /grave
[2023-07-20 22:16:29] [world] The Player <wqe123420> has executed => /y
[2023-07-20 22:20:44] [world] The Player <wqe123420> has executed => /y
[2023-07-20 22:22:13] [world] The Player <Funget114514> has executed => /bag open
[2023-07-20 22:22:17] [world] The Player <Funget114514> has executed => /grave
[2023-07-20 22:24:04] [world] The Player <Funget114514> has executed => /tpj wqe123420
[2023-07-20 22:24:09] [world] The Player <wqe123420> has executed => /y
[2023-07-20 22:25:19] [world] The Player <Funget114514> has executed => /grave
[2023-07-20 22:25:23] [world] The Player <Funget114514> has executed => /grave
[2023-07-20 22:26:14] [world] The Player <Funget114514> has executed => /tpj wqe123420
[2023-07-20 22:26:19] [world] The Player <wqe123420> has executed => /y
