[2023-07-21 15:16:18] [world] The Player <Enderlava> has executed => /em
[2023-07-21 15:16:33] [world] The Player <Enderlava> has executed => /em
[2023-07-21 15:17:16] [world] The Player <Enderlava> has executed => /tell .Mai_Shiranui520 tp我
[2023-07-21 15:17:22] [world] The Player <Enderlava> has executed => /tell .Mai_Shiranui520 找到了
[2023-07-21 15:17:25] [world] The Player <Enderlava> has executed => /y
[2023-07-21 15:19:31] [world] The Player <Enderlava> has executed => /elitemobs trackcustomboss 739dcba7-12af-46e6-99c9-cb21f394c604
[2023-07-21 15:19:33] [world] The Player <Funget114514> has executed => /elitemobs trackcustomboss 739dcba7-12af-46e6-99c9-cb21f394c604
[2023-07-21 15:19:38] [world] The Player <Funget114514> has executed => /tpj Enderlava
[2023-07-21 15:19:46] [world] The Player <Funget114514> has executed => /grave
[2023-07-21 15:21:00] [world] The Player <Enderlava> has executed => /dc
[2023-07-21 15:21:25] [world] The Player <Funget114514> has executed => /grave
[2023-07-21 15:21:30] [world] The Player <Funget114514> has executed => /grave
[2023-07-21 15:21:49] [world] The Player <Enderlava> has executed => /y
[2023-07-21 15:22:12] [world] The Player <Enderlava> has executed => /Y
[2023-07-21 15:22:14] [world] The Player <Enderlava> has executed => /y
[2023-07-21 15:22:33] [world] The Player <Funget114514> has executed => /grave
[2023-07-21 15:23:45] [world] The Player <Enderlava> has executed => /DC
[2023-07-21 15:23:47] [world] The Player <Enderlava> has executed => /dc
[2023-07-21 15:24:06] [world] The Player <Funget114514> has executed => /grave
[2023-07-21 15:24:35] [world] The Player <Enderlava> has executed => /dc
[2023-07-21 15:26:34] [world] The Player <Enderlava> has executed => /DC
[2023-07-21 15:26:38] [world] The Player <Enderlava> has executed => /dc
[2023-07-21 15:27:47] [world] The Player <Funget114514> has executed => /grave
[2023-07-21 15:29:02] [world] The Player <Enderlava> has executed => /bag open
[2023-07-21 15:29:17] [world] The Player <Enderlava> has executed => /em
[2023-07-21 15:31:57] [world] The Player <Funget114514> has executed => /grave
[2023-07-21 15:32:01] [world] The Player <Funget114514> has executed => /grave
[2023-07-21 15:32:53] [world] The Player <Funget114514> has executed => /grave
[2023-07-21 15:33:43] [world] The Player <Funget114514> has executed => /bag open
[2023-07-21 16:13:50] [em_adventurers_guild] The Player <Enderlava> has executed => /tpj .Mai_Shiranui520
[2023-07-21 16:19:54] [world_nether] The Player <Enderlava> has executed => /y
[2023-07-21 16:25:39] [world] The Player <Funget114514> has executed => /tpj Enderlava
[2023-07-21 16:25:50] [world_nether] The Player <Enderlava> has executed => /y
[2023-07-21 16:26:48] [world_nether] The Player <Funget114514> has executed => /tpj Enderlava
[2023-07-21 16:26:50] [world_nether] The Player <Enderlava> has executed => /y
[2023-07-21 16:38:10] [world_nether] The Player <Enderlava> has executed => /DC
[2023-07-21 16:38:12] [world_nether] The Player <Enderlava> has executed => /dc
[2023-07-21 16:38:15] [world_nether] The Player <Enderlava> has executed => /bag open
[2023-07-21 17:02:15] [world_nether] The Player <Enderlava> has executed => /dc
[2023-07-21 17:07:15] [world_nether] The Player <Funget114514> has executed => /grave
[2023-07-21 17:11:26] [world] The Player <wqe123420> has executed => /tpj Funget114514
[2023-07-21 17:11:49] [world] The Player <Funget114514> has executed => /grave
[2023-07-21 17:11:55] [world] The Player <Funget114514> has executed => /y
[2023-07-21 17:12:01] [world] The Player <Funget114514> has executed => /y
[2023-07-21 17:12:06] [world] The Player <Funget114514> has executed => /bag open
[2023-07-21 17:12:12] [world] The Player <Funget114514> has executed => /grave
[2023-07-21 17:12:35] [world] The Player <wqe123420> has executed => /grave
[2023-07-21 17:12:42] [world] The Player <Enderlava> has executed => /bag open
[2023-07-21 17:12:44] [world] The Player <wqe123420> has executed => /tpj Enderlava
[2023-07-21 17:12:51] [world] The Player <Enderlava> has executed => /y
[2023-07-21 17:17:24] [world] The Player <Funget114514> has executed => /bag open
[2023-07-21 17:17:38] [world] The Player <Funget114514> has executed => /bag open
[2023-07-21 17:17:57] [world] The Player <Funget114514> has executed => /bag open
[2023-07-21 17:18:04] [world] The Player <Funget114514> has executed => /bag open
[2023-07-21 17:20:15] [world] The Player <Funget114514> has executed => /tell Enderlava 要不要我告诉他
[2023-07-21 17:20:28] [world] The Player <Enderlava> has executed => /tell Funget114514 noooooooooooooooooooooooooooooooooooooo
[2023-07-21 17:20:37] [world] The Player <Funget114514> has executed => /tell Enderlava 好吧
[2023-07-21 17:21:26] [world] The Player <wqe123420> has executed => /tpj Funget114514
[2023-07-21 17:21:36] [world] The Player <Enderlava> has executed => /tell Funget114514 no
[2023-07-21 17:22:33] [world] The Player <Funget114514> has executed => /c
[2023-07-21 17:22:36] [world] The Player <Funget114514> has executed => /bag open
[2023-07-21 17:24:09] [world] The Player <Funget114514> has executed => /grave
[2023-07-21 17:24:10] [world] The Player <wqe123420> has executed => /grave
[2023-07-21 17:24:29] [world] The Player <Funget114514> has executed => /grave
[2023-07-21 17:27:11] [world] The Player <wqe123420> has executed => /grave
[2023-07-21 17:27:17] [world] The Player <wqe123420> has executed => /grave
[2023-07-21 17:27:36] [world] The Player <Funget114514> has executed => /grave
[2023-07-21 17:52:54] [world_the_end] The Player <Funget114514> has executed => /grave
[2023-07-21 17:55:25] [world] The Player <Funget114514> has executed => /tpj wqe123420
[2023-07-21 17:55:32] [world_nether] The Player <wqe123420> has executed => /y
[2023-07-21 18:02:35] [world] The Player <Enderlava> has executed => /bot create 1
[2023-07-21 18:02:39] [world] The Player <Enderlava> has executed => /bot create test
[2023-07-21 18:04:01] [world] The Player <Enderlava> has executed => /bot create test
[2023-07-21 18:07:52] [world_nether] The Player <Funget114514> has executed => /dc
[2023-07-21 18:09:50] [world] The Player <Enderlava1234> has executed => /tpj Enderlava
[2023-07-21 18:09:58] [world] The Player <Enderlava> has executed => /tpjaccept
[2023-07-21 18:10:25] [world_nether] The Player <wqe123420> has executed => /tpj Enderlava
[2023-07-21 18:10:30] [world] The Player <Enderlava> has executed => /y
[2023-07-21 18:11:40] [world] The Player <Enderlava> has executed => /bot create 1212
[2023-07-21 18:12:17] [world] The Player <wqe123420> has executed => /bot create 34234234234
[2023-07-21 18:13:56] [world] The Player <Funget114514> has executed => /bag open
[2023-07-21 18:14:55] [world] The Player <Enderlava> has executed => /bot create 121212
[2023-07-21 18:18:23] [world] The Player <wqe123420> has executed => /tpj Enderlava
[2023-07-21 18:18:33] [world] The Player <Enderlava> has executed => /y
[2023-07-21 18:19:03] [world] The Player <Enderlava> has executed => /bot create 12213
[2023-07-21 21:03:51] [world] The Player <wqe123420> has executed => /grave
[2023-07-21 21:12:24] [world] The Player <wqe123420> has executed => /seed
[2023-07-21 21:12:31] [world] The Player <wqe123420> has executed => /seed
[2023-07-21 21:18:04] [world] The Player <wqe123420> has executed => /grave
[2023-07-21 21:35:49] [world_nether] The Player <wqe123420> has executed => /tpj Enderlava
[2023-07-21 21:36:28] [world_nether] The Player <wqe123420> has executed => /tpj Enderlava
[2023-07-21 21:36:32] [world] The Player <Enderlava> has executed => /y
[2023-07-21 21:37:58] [world] The Player <Enderlava> has executed => /bag open
[2023-07-21 21:38:32] [world] The Player <Enderlava> has executed => /bag open
[2023-07-21 21:39:19] [world] The Player <Enderlava> has executed => /bag open
[2023-07-21 21:40:09] [world] The Player <Enderlava> has executed => /bag open
[2023-07-21 21:40:36] [world_nether] The Player <wqe123420> has executed => /tpj Enderlava
[2023-07-21 21:40:45] [world] The Player <Enderlava> has executed => /y
[2023-07-21 21:41:06] [world] The Player <Enderlava> has executed => /bag open
[2023-07-21 21:46:11] [world] The Player <Funget114514> has executed => /bag open
[2023-07-21 21:46:14] [world] The Player <Funget114514> has executed => /dc
[2023-07-21 21:47:16] [world] The Player <Funget114514> has executed => /tpj wqe123420
[2023-07-21 21:47:19] [world] The Player <wqe123420> has executed => /tpj Funget114514
[2023-07-21 21:47:36] [world] The Player <Funget114514> has executed => /tpj wqe123420
[2023-07-21 21:47:38] [world] The Player <wqe123420> has executed => /y
[2023-07-21 21:50:51] [world] The Player <wqe123420> has executed => /tpj .Mai_Shiranui520
[2023-07-21 22:07:33] [world] The Player <Funget114514> has executed => /tpj wqe123420
[2023-07-21 22:07:37] [world_nether] The Player <wqe123420> has executed => /y
[2023-07-21 22:09:51] [world_nether] The Player <Funget114514> has executed => /tpj wqe123420
[2023-07-21 22:10:03] [world_nether] The Player <wqe123420> has executed => /y
[2023-07-21 22:10:03] [world_nether] The Player <Funget114514> has executed => /tpj wqe123420
[2023-07-21 22:10:06] [world_nether] The Player <wqe123420> has executed => /Y
[2023-07-21 22:10:09] [world_nether] The Player <wqe123420> has executed => /y
[2023-07-21 22:12:01] [world_nether] The Player <Funget114514> has executed => /bag open
[2023-07-21 22:17:27] [world_nether] The Player <Funget114514> has executed => /bag open
[2023-07-21 22:19:37] [world_nether] The Player <wqe123420> has executed => /tpj .Mai_Shiranui520
[2023-07-21 22:20:33] [world] The Player <wqe123420> has executed => /tpj Funget114514
[2023-07-21 22:20:42] [world_nether] The Player <Funget114514> has executed => /y
[2023-07-21 22:21:05] [world_nether] The Player <wqe123420> has executed => /tpj .Mai_Shiranui520
[2023-07-21 22:22:26] [world] The Player <Enderlava> has executed => /dc
[2023-07-21 22:26:37] [world] The Player <Funget114514> has executed => /grave
[2023-07-21 22:27:14] [world] The Player <Funget114514> has executed => /grave
[2023-07-21 22:28:23] [world] The Player <Funget114514> has executed => /grave
[2023-07-21 22:29:17] [world] The Player <wqe123420> has executed => /tpj Enderlava
[2023-07-21 22:29:19] [world] The Player <Enderlava> has executed => /y
[2023-07-21 22:32:02] [world] The Player <wqe123420> has executed => /tpj Enderlava
[2023-07-21 22:32:06] [world_nether] The Player <Enderlava> has executed => /y
[2023-07-21 22:33:34] [world_nether] The Player <Funget114514> has executed => /bag open
[2023-07-21 22:33:36] [world_nether] The Player <Enderlava> has executed => /bag open
[2023-07-21 22:33:50] [world_nether] The Player <Funget114514> has executed => /bag open
[2023-07-21 22:34:19] [world_nether] The Player <Enderlava> has executed => /bag open
[2023-07-21 22:34:22] [world_nether] The Player <Funget114514> has executed => /grave
[2023-07-21 22:34:39] [world_nether] The Player <wqe123420> has executed => /tpj Enderlava
[2023-07-21 22:34:42] [world_nether] The Player <Enderlava> has executed => /dc
[2023-07-21 22:34:45] [world] The Player <Enderlava> has executed => /y
[2023-07-21 22:34:55] [world_nether] The Player <Funget114514> has executed => /bag open
[2023-07-21 22:35:02] [world_nether] The Player <Funget114514> has executed => /bag open
[2023-07-21 22:35:06] [world] The Player <Enderlava> has executed => /bot create 靶子123
[2023-07-21 22:35:08] [world] The Player <Enderlava> has executed => /bot create 靶子12313
[2023-07-21 22:35:10] [world] The Player <Enderlava> has executed => /bot create 靶子123131313
[2023-07-21 22:35:13] [world] The Player <Enderlava> has executed => /bot create 123131313
[2023-07-21 22:35:20] [world] The Player <Enderlava> has executed => /bot create 123131313
[2023-07-21 22:35:30] [world] The Player <Enderlava> has executed => /bag open
[2023-07-21 22:35:50] [world_nether] The Player <Funget114514> has executed => /grave
[2023-07-21 22:36:39] [world] The Player <Enderlava> has executed => /bot create 123131313
[2023-07-21 22:37:12] [world] The Player <Funget114514> has executed => /grave
[2023-07-21 22:38:32] [world] The Player <Funget114514> has executed => /bag open
[2023-07-21 22:40:05] [world] The Player <Enderlava> has executed => /bot create 123131313
[2023-07-21 22:40:23] [world] The Player <Enderlava> has executed => /bot create 123131313
[2023-07-21 22:40:46] [world] The Player <Enderlava> has executed => /bot create 123131313
[2023-07-21 22:41:32] [world] The Player <wqe123420> has executed => /tpj .Mai_Shiranui520
