[2023-07-22 12:58:27] [world] The Player <wqe123420> has executed => /tpj Enderlava
[2023-07-22 12:58:29] [world] The Player <Enderlava> has executed => /y
[2023-07-22 13:01:01] [world_the_end] The Player <Enderlava> has executed => /bag open
[2023-07-22 13:03:48] [world] The Player <Funget114514> has executed => /bag open
[2023-07-22 13:05:46] [world] The Player <Funget114514> has executed => /tpj wqe123420
[2023-07-22 13:08:08] [world_nether] The Player <Funget114514> has executed => /grave
[2023-07-22 13:11:27] [world_nether] The Player <Funget114514> has executed => /tp 199 66.5 -577
[2023-07-22 13:16:44] [world_nether] The Player <Funget114514> has executed => /grave
[2023-07-22 13:18:05] [world] The Player <wqe123420> has executed => /grave
[2023-07-22 13:24:36] [world_nether] The Player <wqe123420> has executed => /tpj Funget114514
[2023-07-22 13:27:19] [world_nether] The Player <wqe123420> has executed => /grave
[2023-07-22 13:33:39] [world] The Player <Funget114514> has executed => /y
[2023-07-22 13:33:41] [world] The Player <Funget114514> has executed => /y
[2023-07-22 13:34:36] [world] The Player <Funget114514> has executed => /grave
[2023-07-22 13:35:11] [world] The Player <Funget114514> has executed => /tpj wqe123420
[2023-07-22 13:35:15] [world] The Player <Funget114514> has executed => /y
[2023-07-22 13:35:16] [world_nether] The Player <wqe123420> has executed => /y
[2023-07-22 13:36:48] [world_the_end] The Player <Funget114514> has executed => /bag open
[2023-07-22 13:38:30] [world_the_end] The Player <Funget114514> has executed => /tpj wqe123420
[2023-07-22 13:38:34] [world] The Player <wqe123420> has executed => /y
[2023-07-22 13:39:06] [world] The Player <Funget114514> has executed => /elitemobs trackcustomboss 55dbe546-2630-4849-920f-bd9074e0738f
[2023-07-22 13:39:12] [world] The Player <Funget114514> has executed => /elitemobs trackcustomboss 959e292a-0959-4a18-9b74-baba3b9b5041
[2023-07-22 13:40:45] [world] The Player <Funget114514> has executed => /sk
[2023-07-22 13:40:48] [world] The Player <Funget114514> has executed => /em
[2023-07-22 13:40:53] [world] The Player <Funget114514> has executed => /em
[2023-07-22 13:41:03] [world] The Player <wqe123420> has executed => /seed
[2023-07-22 13:41:27] [world] The Player <Funget114514> has executed => /em
[2023-07-22 13:48:58] [world_the_end] The Player <Enderlava> has executed => /dc
[2023-07-22 13:49:20] [world] The Player <Enderlava> has executed => /em
[2023-07-22 13:58:40] [world] The Player <Enderlava> has executed => /DC
[2023-07-22 13:58:43] [world] The Player <Enderlava> has executed => /dc
[2023-07-22 14:09:28] [world] The Player <Enderlava> has executed => /em
[2023-07-22 15:03:27] [world_nether] The Player <wqe123420> has executed => /grave
[2023-07-22 15:12:02] [world] The Player <Funget114514> has executed => /em
[2023-07-22 17:54:37] [world] The Player <Funget114514> has executed => /elitemobs trackcustomboss e58310b6-76ed-4a2b-825b-4af73f17ad03
[2023-07-22 18:00:55] [world] The Player <Funget114514> has executed => /elitemobs trackcustomboss c7d450f8-0fc9-4f55-a970-4c3781fa0ef0
[2023-07-22 18:08:21] [world] The Player <Funget114514> has executed => /grave
[2023-07-22 19:16:09] [world] The Player <Funget114514> has executed => /grave
[2023-07-22 19:17:46] [world] The Player <Funget114514> has executed => /elitemobs trackcustomboss 1b8412f1-31c6-4a94-83c8-2df40b18d0a3
[2023-07-22 19:17:48] [world] The Player <Funget114514> has executed => /elitemobs trackcustomboss 1b8412f1-31c6-4a94-83c8-2df40b18d0a3
[2023-07-22 19:17:48] [world] The Player <Funget114514> has executed => /elitemobs trackcustomboss 1b8412f1-31c6-4a94-83c8-2df40b18d0a3
[2023-07-22 19:17:48] [world] The Player <Funget114514> has executed => /elitemobs trackcustomboss 1b8412f1-31c6-4a94-83c8-2df40b18d0a3
[2023-07-22 19:17:48] [world] The Player <Funget114514> has executed => /elitemobs trackcustomboss 1b8412f1-31c6-4a94-83c8-2df40b18d0a3
[2023-07-22 19:26:41] [world_the_end] The Player <Enderlava> has executed => /bot create sand
[2023-07-22 19:30:35] [world] The Player <Enderlava> has executed => /bot remove sand
[2023-07-22 19:37:01] [world] The Player <Funget114514> has executed => /grave
[2023-07-22 19:47:17] [world] The Player <Funget114514> has executed => /tpj Enderlava
[2023-07-22 20:07:05] [world] The Player <wqe123420> has executed => /CDD
[2023-07-22 20:07:08] [world] The Player <wqe123420> has executed => /grave
[2023-07-22 20:08:45] [world] The Player <wqe123420> has executed => /tpj Enderlava
[2023-07-22 20:18:49] [world_nether] The Player <wqe123420> has executed => /grave
[2023-07-22 20:23:49] [world] The Player <wqe123420> has executed => /bag open
[2023-07-22 20:24:39] [world] The Player <wqe123420> has executed => /bag open
[2023-07-22 20:31:37] [world] The Player <wqe123420> has executed => /elitemobs trackcustomboss b7ea35f0-e469-4ff9-97d7-17eaee6ada32
[2023-07-22 20:33:21] [world] The Player <Enderlava> has executed => /tpj wqe123420
[2023-07-22 20:33:29] [world] The Player <wqe123420> has executed => /y
[2023-07-22 20:33:57] [world] The Player <Enderlava> has executed => /elitemobs trackcustomboss d8437ad0-1151-4df6-a559-2df513d910a0
[2023-07-22 20:34:32] [world] The Player <Enderlava> has executed => /elitemobs trackcustomboss e804fea1-4ec9-486d-9be9-a01e2cb928f3
[2023-07-22 20:41:41] [world] The Player <Enderlava> has executed => /dc
[2023-07-22 20:43:26] [world] The Player <wqe123420> has executed => /bag open
[2023-07-22 20:45:52] [world] The Player <wqe123420> has executed => /bag open
[2023-07-22 20:46:05] [world] The Player <wqe123420> has executed => /bag open
[2023-07-22 20:46:13] [world] The Player <Enderlava> has executed => /bag open
[2023-07-22 20:46:29] [world] The Player <wqe123420> has executed => /bag open
[2023-07-22 21:26:16] [world] The Player <wqe123420> has executed => /bag open
[2023-07-22 21:31:56] [world] The Player <wqe123420> has executed => /em
[2023-07-22 21:31:59] [world] The Player <wqe123420> has executed => /ag
[2023-07-22 21:35:04] [em_adventurers_guild] The Player <wqe123420> has executed => /em start
[2023-07-22 21:39:08] [em_adventurers_guild] The Player <wqe123420> has executed => /bag open
[2023-07-22 21:44:48] [em_adventurers_guild] The Player <wqe123420> has executed => /CDD
[2023-07-22 21:44:52] [em_adventurers_guild] The Player <wqe123420> has executed => /bag open
[2023-07-22 21:47:20] [world] The Player <wqe123420> has executed => /em
[2023-07-22 21:47:21] [world] The Player <wqe123420> has executed => /ag
[2023-07-22 21:47:50] [em_adventurers_guild] The Player <wqe123420> has executed => /em start
[2023-07-22 22:07:37] [em_adventurers_guild] The Player <Enderlava> has executed => /em quit
[2023-07-22 22:08:01] [world] The Player <wqe123420> has executed => /tpj Enderlava
[2023-07-22 22:08:02] [em_adventurers_guild] The Player <Enderlava> has executed => /y
[2023-07-22 22:08:23] [em_adventurers_guild] The Player <Enderlava> has executed => /bag open
[2023-07-22 22:09:36] [em_adventurers_guild] The Player <wqe123420> has executed => /tpj Enderlava
[2023-07-22 22:09:39] [em_adventurers_guild] The Player <Enderlava> has executed => /y
[2023-07-22 22:13:04] [em_adventurers_guild] The Player <Enderlava> has executed => /em st
[2023-07-22 22:13:06] [em_adventurers_guild] The Player <Enderlava> has executed => /em st
[2023-07-22 22:13:07] [em_adventurers_guild] The Player <Enderlava> has executed => /em start
[2023-07-22 22:14:25] [em_adventurers_guild] The Player <Enderlava> has executed => /superrandomcommand run book
[2023-07-22 22:16:11] [em_adventurers_guild] The Player <Enderlava> has executed => /superrandomcommand run book
[2023-07-22 22:16:13] [em_adventurers_guild] The Player <Enderlava> has executed => /superrandomcommand run book
[2023-07-22 22:16:15] [em_adventurers_guild] The Player <Enderlava> has executed => /superrandomcommand run book
[2023-07-22 22:16:16] [em_adventurers_guild] The Player <Enderlava> has executed => /superrandomcommand run book
[2023-07-22 22:16:18] [em_adventurers_guild] The Player <Enderlava> has executed => /superrandomcommand run book
[2023-07-22 22:16:28] [em_adventurers_guild] The Player <Enderlava> has executed => /superrandomcommand run book
[2023-07-22 22:16:34] [em_adventurers_guild] The Player <Enderlava> has executed => /superrandomcommand run book
[2023-07-22 22:19:19] [em_adventurers_guild] The Player <Enderlava> has executed => /superrandomcommand run book
[2023-07-22 22:19:21] [em_adventurers_guild] The Player <Enderlava> has executed => /superrandomcommand run book
[2023-07-22 22:19:34] [em_adventurers_guild] The Player <Enderlava> has executed => /superrandomcommand run book
[2023-07-22 22:21:19] [em_adventurers_guild] The Player <wqe123420> has executed => /bag open
[2023-07-22 22:21:43] [em_adventurers_guild] The Player <Enderlava> has executed => /superrandomcommand run book
[2023-07-22 22:21:45] [em_adventurers_guild] The Player <Enderlava> has executed => /superrandomcommand run book
[2023-07-22 22:23:18] [em_adventurers_guild] The Player <Enderlava> has executed => /superrandomcommand run book
[2023-07-22 22:23:19] [em_adventurers_guild] The Player <Enderlava> has executed => /superrandomcommand run book
