[2023-08-24 09:25:50] [world] The Player <wqe123420> has executed => /HUB
[2023-08-24 09:25:54] [world] The Player <wqe123420> has executed => /y
[2023-08-24 09:27:35] [world] The Player <wqe123420> has executed => /bag open
[2023-08-24 10:01:04] [world_nether] The Player <Funget114514> has executed => /bag open
[2023-08-24 10:03:19] [world] The Player <Funget114514> has executed => /grave
[2023-08-24 10:03:52] [world] The Player <Funget114514> has executed => /grave
[2023-08-24 10:07:52] [world] The Player <Enderlava> has executed => /superrandomcommand run Enderlava
[2023-08-24 10:10:16] [world] The Player <Enderlava> has executed => /afk
[2023-08-24 10:29:55] [world] The Player <Enderlava> has executed => /sk
[2023-08-24 10:38:36] [world] The Player <Enderlava> has executed => /superrandomcommand run book
[2023-08-24 10:38:55] [world] The Player <Enderlava> has executed => /superrandomcommand run book
[2023-08-24 10:39:22] [world] The Player <Enderlava> has executed => /superrandomcommand run book
[2023-08-24 10:39:35] [world] The Player <Enderlava> has executed => /superrandomcommand run book
[2023-08-24 10:39:52] [world] The Player <Enderlava> has executed => /elitemobs trackcustomboss 89b6f459-8e2e-4909-8061-2c6470ed50fb
[2023-08-24 10:40:17] [world] The Player <Enderlava> has executed => /superrandomcommand run book
[2023-08-24 10:40:29] [world] The Player <Enderlava> has executed => /superrandomcommand run book
[2023-08-24 10:40:45] [world] The Player <Enderlava> has executed => /superrandomcommand run book
[2023-08-24 10:41:01] [world] The Player <Enderlava> has executed => /superrandomcommand run book
[2023-08-24 10:41:09] [world] The Player <Enderlava> has executed => /superrandomcommand run book
[2023-08-24 10:41:13] [world] The Player <Enderlava> has executed => /superrandomcommand run book
[2023-08-24 10:41:27] [world] The Player <Enderlava> has executed => /superrandomcommand run book
[2023-08-24 10:41:29] [world] The Player <Enderlava> has executed => /superrandomcommand run book
[2023-08-24 10:41:30] [world] The Player <Enderlava> has executed => /superrandomcommand run book
[2023-08-24 10:41:32] [world] The Player <Enderlava> has executed => /superrandomcommand run book
[2023-08-24 10:41:33] [world] The Player <Enderlava> has executed => /superrandomcommand run book
[2023-08-24 10:41:39] [world] The Player <Enderlava> has executed => /superrandomcommand run book
[2023-08-24 10:41:40] [world] The Player <Enderlava> has executed => /superrandomcommand run book
[2023-08-24 10:41:42] [world] The Player <Enderlava> has executed => /superrandomcommand run book
[2023-08-24 10:41:43] [world] The Player <Enderlava> has executed => /superrandomcommand run book
[2023-08-24 10:41:44] [world] The Player <Enderlava> has executed => /superrandomcommand run book
[2023-08-24 10:41:46] [world] The Player <Enderlava> has executed => /superrandomcommand run book
[2023-08-24 10:41:48] [world] The Player <Enderlava> has executed => /superrandomcommand run book
[2023-08-24 10:41:49] [world] The Player <Enderlava> has executed => /superrandomcommand run book
[2023-08-24 10:41:50] [world] The Player <Enderlava> has executed => /superrandomcommand run book
[2023-08-24 10:41:52] [world] The Player <Enderlava> has executed => /superrandomcommand run book
[2023-08-24 10:41:53] [world] The Player <Enderlava> has executed => /superrandomcommand run book
[2023-08-24 10:42:08] [world] The Player <Enderlava> has executed => /superrandomcommand run book
[2023-08-24 10:42:15] [world] The Player <Enderlava> has executed => /superrandomcommand run book
[2023-08-24 10:42:23] [world] The Player <Enderlava> has executed => /superrandomcommand run book
[2023-08-24 10:42:52] [world] The Player <Enderlava> has executed => /superrandomcommand run book
[2023-08-24 10:43:01] [world] The Player <Enderlava> has executed => /superrandomcommand run book
