[2023-06-27 13:03:15] [world] The Player <Funget114514> has executed => /tpj wqe123420
[2023-06-27 13:03:22] [world_the_end] The Player <wqe123420> has executed => /tpjaccept
[2023-06-27 13:08:30] [world_the_end] The Player <Enderlava> has executed => /cmdchain xp add @s -1 levels run give @s inecraft:paper{display:{Name:'["e经验券"]',Lore:['["64级经验"]']}}
[2023-06-27 13:08:59] [world_the_end] The Player <Enderlava> has executed => /cmdchain xp add @s -1 levels run give @s inecraft:paper{display:{Name:'["e经验券"]',Lore:['["64级经验"]']}}
[2023-06-27 13:09:08] [world_the_end] The Player <Enderlava> has executed => /cmdchain xp add @s -1 levels run give @s inecraft:paper{display:{Name:'["e经验券"]',Lore:['["64级经验"]']}}
[2023-06-27 13:10:03] [world_the_end] The Player <Enderlava> has executed => /grave
[2023-06-27 13:10:08] [world_nether] The Player <Enderlava> has executed => /grave
[2023-06-27 13:10:26] [world] The Player <Enderlava> has executed => /elitemobs trackcustomboss 906fa2c1-29bc-4f3b-b444-a5e37b905c4b
[2023-06-27 13:11:27] [world] The Player <Enderlava> has executed => /elitemobs trackcustomboss 906fa2c1-29bc-4f3b-b444-a5e37b905c4b
[2023-06-27 13:11:33] [world] The Player <Enderlava> has executed => /elitemobs trackcustomboss 906fa2c1-29bc-4f3b-b444-a5e37b905c4b
[2023-06-27 13:12:26] [world] The Player <Enderlava> has executed => /CD
[2023-06-27 13:15:57] [world] The Player <Enderlava> has executed => /CD
[2023-06-27 13:22:36] [world] The Player <Enderlava> has executed => /tpj Xw114
[2023-06-27 13:23:00] [world] The Player <Enderlava> has executed => /tpj Xw114
[2023-06-27 13:23:01] [world] The Player <Enderlava> has executed => /tpj Xw114
[2023-06-27 13:23:01] [world] The Player <Enderlava> has executed => /tpj Xw114
[2023-06-27 13:23:02] [world] The Player <Enderlava> has executed => /tpj Xw114
[2023-06-27 13:23:02] [world] The Player <Enderlava> has executed => /tpj Xw114
[2023-06-27 13:23:03] [world] The Player <Enderlava> has executed => /tpj Xw114
[2023-06-27 13:23:03] [world] The Player <Enderlava> has executed => /tpj Xw114
[2023-06-27 13:23:04] [world] The Player <Enderlava> has executed => /tpj Xw114
[2023-06-27 13:23:04] [world] The Player <Enderlava> has executed => /tpj Xw114
[2023-06-27 13:23:05] [world] The Player <Enderlava> has executed => /tpj Xw114
[2023-06-27 13:23:06] [world] The Player <Enderlava> has executed => /tpj Xw114
[2023-06-27 13:23:08] [world] The Player <Enderlava> has executed => /tpj Xw114
[2023-06-27 13:23:09] [world] The Player <Enderlava> has executed => /tpj Xw114
[2023-06-27 13:23:09] [world] The Player <Enderlava> has executed => /tpj Xw114
[2023-06-27 13:23:10] [world] The Player <Enderlava> has executed => /tpj Xw114
[2023-06-27 13:23:10] [world] The Player <Enderlava> has executed => /tpj Xw114
[2023-06-27 13:23:11] [world] The Player <Enderlava> has executed => /tpj Xw114
[2023-06-27 13:23:11] [world] The Player <Enderlava> has executed => /tpj Xw114
[2023-06-27 13:23:12] [world] The Player <Enderlava> has executed => /tpj Xw114
[2023-06-27 13:23:12] [world] The Player <Enderlava> has executed => /tpj Xw114
[2023-06-27 13:23:13] [world] The Player <Enderlava> has executed => /tpj Xw114
[2023-06-27 13:23:26] [world] The Player <Enderlava> has executed => /tpj Xw114
[2023-06-27 13:23:27] [world] The Player <Enderlava> has executed => /tpj Xw114
[2023-06-27 13:23:27] [world] The Player <Enderlava> has executed => /tpj Xw114
[2023-06-27 13:23:27] [world] The Player <Enderlava> has executed => /tpj Xw114
[2023-06-27 13:23:28] [world] The Player <Enderlava> has executed => /tpj Xw114
[2023-06-27 13:23:28] [world] The Player <Enderlava> has executed => /tpj Xw114
[2023-06-27 13:23:29] [world] The Player <Enderlava> has executed => /tpj Xw114
[2023-06-27 13:23:29] [world] The Player <Enderlava> has executed => /tpj Xw114
[2023-06-27 13:23:30] [world] The Player <Enderlava> has executed => /tpj Xw114
[2023-06-27 13:23:30] [world] The Player <Enderlava> has executed => /tpj Xw114
[2023-06-27 13:23:31] [world] The Player <Enderlava> has executed => /tpj Xw114
[2023-06-27 13:23:31] [world] The Player <Enderlava> has executed => /tpj Xw114
[2023-06-27 13:23:33] [world] The Player <Enderlava> has executed => /tpj Xw114
[2023-06-27 13:23:34] [world] The Player <Enderlava> has executed => /tpj Xw114
[2023-06-27 13:23:35] [world] The Player <Enderlava> has executed => /tpj Xw114
[2023-06-27 13:23:35] [world] The Player <Enderlava> has executed => /tpj Xw114
[2023-06-27 13:23:36] [world] The Player <Enderlava> has executed => /tpj Xw114
[2023-06-27 13:23:36] [world] The Player <Enderlava> has executed => /tpj Xw114
[2023-06-27 13:23:37] [world] The Player <Enderlava> has executed => /tpj Xw114
[2023-06-27 13:23:38] [world] The Player <Enderlava> has executed => /tpj Xw114
[2023-06-27 13:23:54] [world] The Player <Enderlava> has executed => /tpj Xw114
[2023-06-27 13:24:39] [world] The Player <Enderlava> has executed => /superrandomcommand run book
[2023-06-27 13:24:45] [world] The Player <Enderlava> has executed => /superrandomcommand run book
[2023-06-27 13:26:37] [world] The Player <Funget114514> has executed => /tp 7 61.5 -288
[2023-06-27 13:28:33] [world] The Player <Funget114514> has executed => /tpj Enderlava
[2023-06-27 13:38:40] [world_the_end] The Player <Xw114> has executed => /bag open
[2023-06-27 13:53:28] [world_the_end] The Player <Xw114> has executed => /bag open
