[2023-08-07 13:02:10] [world] The Player <Funget114514> has dropped 1 of LEATHER HELMET at X= -15, Y= 71, Z= -258 that had [] enchantment(s) | §7无头的实用的头盔
[2023-08-07 13:02:12] [world] The Player <Funget114514> has dropped 16 of ENDER PEARL at X= -15, Y= 71, Z= -258 that had [] enchantment(s) | 
[2023-08-07 13:02:12] [world] The Player <Funget114514> has dropped 15 of ENDER PEARL at X= -15, Y= 71, Z= -258 that had [] enchantment(s) | 
[2023-08-07 13:02:13] [world] The Player <Funget114514> has dropped 16 of ENDER PEARL at X= -15, Y= 71, Z= -258 that had [] enchantment(s) | 
[2023-08-07 13:02:14] [world] The Player <Funget114514> has dropped 1 of CHICKEN at X= -15, Y= 71, Z= -258 that had [] enchantment(s) | 
[2023-08-07 13:03:33] [world] The Player <Funget114514> has dropped 1 of END STONE BRICKS at X= -111, Y= 72, Z= -268 that had [] enchantment(s) | 
[2023-08-07 13:03:33] [world] The Player <Funget114514> has dropped 2 of SANDSTONE at X= -112, Y= 74, Z= -268 that had [] enchantment(s) | 
[2023-08-07 13:08:49] [world] The Player <Funget114514> has dropped 1 of FIREWORK ROCKET at X= 814, Y= 197, Z= 543 that had [] enchantment(s) | 
[2023-08-07 18:07:24] [world] The Player <Funget114514> has dropped 1 of NETHERITE AXE at X= 835, Y= 205, Z= 552 that had [Efficiency, Mending, Sharpness, Unbreaking] enchantment(s) | 三板斧
[2023-08-07 18:07:32] [world] The Player <Funget114514> has dropped 1 of NETHERITE SWORD at X= 835, Y= 205, Z= 551 that had [Fire Aspect, Knockback, Looting, Mending, Sharpness, Sweeping Edge, Unbreaking] enchantment(s) | 轩辕夏禹剑
[2023-08-07 18:07:39] [world] The Player <Funget114514> has dropped 1 of NETHERITE PICKAXE at X= 835, Y= 205, Z= 550 that had [Efficiency, Mending, Silk Touch, Unbreaking] enchantment(s) | 
[2023-08-07 18:07:41] [world] The Player <Funget114514> has dropped 1 of BOW at X= 835, Y= 205, Z= 549 that had [Flame, Mending, Power, Punch, Unbreaking] enchantment(s) | strong bow 1.0
[2023-08-07 18:07:52] [world] The Player <Funget114514> has dropped 1 of DIAMOND HOE at X= 835, Y= 205, Z= 548 that had [] enchantment(s) | 
[2023-08-07 18:08:01] [world] The Player <Funget114514> has dropped 1 of STONE SWORD at X= 835, Y= 205, Z= 547 that had [Bane of Arthropods, Fire Aspect, Smite] enchantment(s) | §7探索者剑
[2023-08-07 18:10:11] [world] The Player <Funget114514> has dropped 1 of NETHERITE AXE at X= 837, Y= 205, Z= 551 that had [Efficiency, Mending, Sharpness, Unbreaking] enchantment(s) | 三板斧
[2023-08-07 18:10:15] [world] The Player <Funget114514> has dropped 1 of IRON CHESTPLATE at X= 838, Y= 205, Z= 552 that had [] enchantment(s) | §7萨满胸甲
[2023-08-07 18:12:25] [world] The Player <Funget114514> has dropped 1 of WHEAT SEEDS at X= -16, Y= 64, Z= -286 that had [] enchantment(s) | 
[2023-08-07 18:12:32] [world] The Player <Funget114514> has dropped 1 of BUCKET at X= -17, Y= 64, Z= -287 that had [] enchantment(s) | 
[2023-08-07 18:12:32] [world] The Player <Funget114514> has dropped 1 of BUCKET at X= -17, Y= 64, Z= -287 that had [] enchantment(s) | 
[2023-08-07 18:12:33] [world] The Player <Funget114514> has dropped 1 of BOOK at X= -17, Y= 64, Z= -287 that had [Projectile Protection] enchantment(s) | §5Elite Projectile Protection Enchanted Book
[2023-08-07 18:12:34] [world] The Player <Funget114514> has dropped 1 of PISTON at X= -17, Y= 64, Z= -287 that had [] enchantment(s) | 
[2023-08-07 18:12:35] [world] The Player <Funget114514> has dropped 1 of IRON CHESTPLATE at X= -17, Y= 64, Z= -287 that had [] enchantment(s) | §7萨满胸甲
[2023-08-07 18:12:36] [world] The Player <Funget114514> has dropped 1 of SHIELD at X= -17, Y= 64, Z= -287 that had [] enchantment(s) | §7圣骑士的科学的独角兽
[2023-08-07 18:12:38] [world] The Player <Funget114514> has dropped 1 of CHAINMAIL CHESTPLATE at X= -17, Y= 64, Z= -287 that had [] enchantment(s) | §7战士
[2023-08-07 18:12:38] [world] The Player <Funget114514> has dropped 1 of STONE SWORD at X= -17, Y= 64, Z= -287 that had [Bane of Arthropods, Fire Aspect, Smite] enchantment(s) | §7探索者剑
[2023-08-07 18:12:43] [world] The Player <Funget114514> has dropped 41 of NAME TAG at X= -17, Y= 64, Z= -287 that had [] enchantment(s) | 
[2023-08-07 18:14:38] [world] The Player <Funget114514> has dropped 1 of WHEAT SEEDS at X= -10, Y= 63, Z= -277 that had [] enchantment(s) | 
[2023-08-07 18:16:06] [world_the_end] The Player <Funget114514> has dropped 64 of GOLD NUGGET at X= -16, Y= 2, Z= -275 that had [] enchantment(s) | 
[2023-08-07 18:16:47] [world_the_end] The Player <Funget114514> has dropped 16 of ENDER PEARL at X= -16, Y= 2, Z= -275 that had [] enchantment(s) | 
[2023-08-07 18:16:48] [world_the_end] The Player <Funget114514> has dropped 16 of ENDER PEARL at X= -16, Y= 2, Z= -275 that had [] enchantment(s) | 
[2023-08-07 18:16:48] [world_the_end] The Player <Funget114514> has dropped 16 of ENDER PEARL at X= -16, Y= 2, Z= -275 that had [] enchantment(s) | 
[2023-08-07 18:16:49] [world_the_end] The Player <Funget114514> has dropped 16 of ENDER PEARL at X= -16, Y= 2, Z= -275 that had [] enchantment(s) | 
[2023-08-07 18:16:49] [world_the_end] The Player <Funget114514> has dropped 16 of ENDER PEARL at X= -16, Y= 2, Z= -275 that had [] enchantment(s) | 
[2023-08-07 18:16:50] [world_the_end] The Player <Funget114514> has dropped 16 of ENDER PEARL at X= -16, Y= 2, Z= -275 that had [] enchantment(s) | 
[2023-08-07 18:16:50] [world_the_end] The Player <Funget114514> has dropped 16 of ENDER PEARL at X= -16, Y= 2, Z= -275 that had [] enchantment(s) | 
[2023-08-07 18:16:50] [world_the_end] The Player <Funget114514> has dropped 16 of ENDER PEARL at X= -16, Y= 2, Z= -275 that had [] enchantment(s) | 
[2023-08-07 18:16:51] [world_the_end] The Player <Funget114514> has dropped 16 of ENDER PEARL at X= -16, Y= 2, Z= -275 that had [] enchantment(s) | 
[2023-08-07 18:17:17] [world_the_end] The Player <Funget114514> has dropped 1 of LEATHER BOOTS at X= -16, Y= 2, Z= -275 that had [Depth Strider, Feather Falling, Projectile Protection] enchantment(s) | §7夺心魔靴子
