[2023-07-07 08:27:56] [world] The Player <Funget114514> has dropped 3 of STICK at X= -27, Y= 64, Z= -287 that had [] enchantment(s) | 
[2023-07-07 08:28:55] [world] The Player <wqe123420> has dropped 6 of SPRUCE SIGN at X= 4, Y= 114, Z= 19 that had [] enchantment(s) | 
[2023-07-07 08:30:10] [world] The Player <wqe123420> has dropped 1 of SUGAR CANE at X= 10, Y= 63, Z= -264 that had [] enchantment(s) | 
[2023-07-07 08:30:12] [world] The Player <wqe123420> has dropped 1 of GUNPOWDER at X= 10, Y= 63, Z= -264 that had [] enchantment(s) | 
[2023-07-07 08:46:02] [world] The Player <wqe123420> has dropped 37 of COBBLED DEEPSLATE at X= -22, Y= -54, Z= -248 that had [] enchantment(s) | 
[2023-07-07 08:48:57] [world] The Player <wqe123420> has dropped 1 of WRITTEN BOOK at X= -27, Y= 64, Z= -288 that had [Unbreaking] enchantment(s) | 
[2023-07-07 08:53:10] [world] The Player <wqe123420> has dropped 1 of GRASS BLOCK at X= -381, Y= 146, Z= -125 that had [] enchantment(s) | 
[2023-07-07 08:53:11] [world] The Player <wqe123420> has dropped 3 of OAK SAPLING at X= -365, Y= 142, Z= -133 that had [] enchantment(s) | 
[2023-07-07 08:54:44] [world] The Player <wqe123420> has dropped 1 of SHEARS at X= -2, Y= 64, Z= -223 that had [] enchantment(s) | 
[2023-07-07 08:55:15] [world] The Player <wqe123420> has dropped 3 of BUCKET at X= -26, Y= 64, Z= -286 that had [] enchantment(s) | 
[2023-07-07 08:55:46] [world] The Player <wqe123420> has dropped 36 of IRON BLOCK at X= -26, Y= 64, Z= -288 that had [] enchantment(s) | 
[2023-07-07 08:55:51] [world] The Player <wqe123420> has dropped 13 of IRON INGOT at X= -26, Y= 64, Z= -288 that had [] enchantment(s) | 
[2023-07-07 08:56:14] [world] The Player <wqe123420> has dropped 3 of BUCKET at X= -28, Y= 64, Z= -286 that had [] enchantment(s) | 
[2023-07-07 08:56:21] [world] The Player <wqe123420> has dropped 36 of IRON BLOCK at X= -28, Y= 64, Z= -286 that had [] enchantment(s) | 
[2023-07-07 08:56:26] [world] The Player <wqe123420> has dropped 7 of IRON INGOT at X= -28, Y= 64, Z= -286 that had [] enchantment(s) | 
[2023-07-07 08:56:31] [world] The Player <wqe123420> has dropped 36 of IRON BLOCK at X= -28, Y= 64, Z= -286 that had [] enchantment(s) | 
[2023-07-07 08:56:33] [world] The Player <wqe123420> has dropped 3 of IRON INGOT at X= -28, Y= 64, Z= -286 that had [] enchantment(s) | 
[2023-07-07 08:56:35] [world] The Player <wqe123420> has dropped 36 of IRON BLOCK at X= -28, Y= 64, Z= -286 that had [] enchantment(s) | 
[2023-07-07 08:56:42] [world] The Player <wqe123420> has dropped 36 of IRON BLOCK at X= -28, Y= 64, Z= -286 that had [] enchantment(s) | 
[2023-07-07 08:56:48] [world] The Player <wqe123420> has dropped 1 of HOPPER at X= -28, Y= 64, Z= -286 that had [] enchantment(s) | 
[2023-07-07 08:57:06] [world] The Player <wqe123420> has dropped 3 of BUCKET at X= -26, Y= 64, Z= -286 that had [] enchantment(s) | 
[2023-07-07 09:00:19] [world] The Player <wqe123420> has dropped 36 of LAPIS LAZULI at X= -29, Y= -54, Z= -246 that had [] enchantment(s) | 
[2023-07-07 09:00:30] [world] The Player <wqe123420> has dropped 64 of LAPIS LAZULI at X= -27, Y= -54, Z= -247 that had [] enchantment(s) | 
[2023-07-07 09:00:38] [world] The Player <wqe123420> has dropped 64 of LAPIS LAZULI at X= -27, Y= -54, Z= -248 that had [] enchantment(s) | 
[2023-07-07 09:00:52] [world] The Player <wqe123420> has dropped 36 of LAPIS LAZULI at X= -27, Y= -54, Z= -246 that had [] enchantment(s) | 
[2023-07-07 09:01:43] [world] The Player <wqe123420> has dropped 38 of COBBLED DEEPSLATE at X= -28, Y= -54, Z= -248 that had [] enchantment(s) | 
[2023-07-07 09:01:45] [world] The Player <wqe123420> has dropped 36 of LAPIS LAZULI at X= -28, Y= -54, Z= -248 that had [] enchantment(s) | 
[2023-07-07 09:02:41] [world] The Player <wqe123420> has dropped 64 of LAPIS LAZULI at X= -21, Y= -54, Z= -247 that had [] enchantment(s) | 
[2023-07-07 09:02:47] [world] The Player <wqe123420> has dropped 1 of COBBLED DEEPSLATE at X= -25, Y= -54, Z= -250 that had [] enchantment(s) | 
[2023-07-07 09:02:47] [world] The Player <wqe123420> has dropped 1 of COBBLED DEEPSLATE at X= -25, Y= -54, Z= -250 that had [] enchantment(s) | 
[2023-07-07 09:02:47] [world] The Player <wqe123420> has dropped 1 of COBBLED DEEPSLATE at X= -25, Y= -54, Z= -250 that had [] enchantment(s) | 
[2023-07-07 09:02:47] [world] The Player <wqe123420> has dropped 1 of COBBLED DEEPSLATE at X= -25, Y= -54, Z= -250 that had [] enchantment(s) | 
[2023-07-07 09:02:47] [world] The Player <wqe123420> has dropped 1 of COBBLED DEEPSLATE at X= -25, Y= -54, Z= -250 that had [] enchantment(s) | 
[2023-07-07 09:02:47] [world] The Player <wqe123420> has dropped 1 of COBBLED DEEPSLATE at X= -25, Y= -54, Z= -250 that had [] enchantment(s) | 
[2023-07-07 09:02:47] [world] The Player <wqe123420> has dropped 1 of COBBLED DEEPSLATE at X= -25, Y= -54, Z= -250 that had [] enchantment(s) | 
[2023-07-07 09:02:48] [world] The Player <wqe123420> has dropped 1 of COBBLED DEEPSLATE at X= -25, Y= -54, Z= -250 that had [] enchantment(s) | 
[2023-07-07 09:02:48] [world] The Player <wqe123420> has dropped 1 of COBBLED DEEPSLATE at X= -25, Y= -54, Z= -250 that had [] enchantment(s) | 
[2023-07-07 09:02:48] [world] The Player <wqe123420> has dropped 1 of COBBLED DEEPSLATE at X= -25, Y= -54, Z= -250 that had [] enchantment(s) | 
[2023-07-07 09:02:48] [world] The Player <wqe123420> has dropped 1 of COBBLED DEEPSLATE at X= -25, Y= -54, Z= -250 that had [] enchantment(s) | 
[2023-07-07 09:02:49] [world] The Player <wqe123420> has dropped 1 of COBBLED DEEPSLATE at X= -25, Y= -54, Z= -250 that had [] enchantment(s) | 
[2023-07-07 09:02:49] [world] The Player <wqe123420> has dropped 1 of COBBLED DEEPSLATE at X= -25, Y= -54, Z= -250 that had [] enchantment(s) | 
[2023-07-07 09:02:49] [world] The Player <wqe123420> has dropped 1 of COBBLED DEEPSLATE at X= -25, Y= -54, Z= -250 that had [] enchantment(s) | 
[2023-07-07 09:02:49] [world] The Player <wqe123420> has dropped 1 of COBBLED DEEPSLATE at X= -25, Y= -54, Z= -250 that had [] enchantment(s) | 
[2023-07-07 09:02:50] [world] The Player <wqe123420> has dropped 1 of COBBLED DEEPSLATE at X= -24, Y= -54, Z= -248 that had [] enchantment(s) | 
[2023-07-07 09:02:51] [world] The Player <wqe123420> has dropped 22 of COBBLED DEEPSLATE at X= -24, Y= -54, Z= -248 that had [] enchantment(s) | 
[2023-07-07 09:07:12] [world] The Player <wqe123420> has dropped 1 of COBBLESTONE WALL at X= -16, Y= 64, Z= -286 that had [] enchantment(s) | 
[2023-07-07 09:07:12] [world] The Player <wqe123420> has dropped 1 of COBBLESTONE WALL at X= -16, Y= 64, Z= -286 that had [] enchantment(s) | 
[2023-07-07 09:07:12] [world] The Player <wqe123420> has dropped 1 of COBBLESTONE WALL at X= -16, Y= 64, Z= -286 that had [] enchantment(s) | 
[2023-07-07 09:07:12] [world] The Player <wqe123420> has dropped 1 of COBBLESTONE WALL at X= -16, Y= 64, Z= -286 that had [] enchantment(s) | 
[2023-07-07 09:07:13] [world] The Player <wqe123420> has dropped 1 of COBBLESTONE WALL at X= -16, Y= 64, Z= -286 that had [] enchantment(s) | 
[2023-07-07 09:08:24] [world] The Player <wqe123420> has dropped 1 of WRITTEN BOOK at X= -26, Y= 64, Z= -286 that had [Unbreaking] enchantment(s) | 
[2023-07-07 09:15:52] [world] The Player <wqe123420> has dropped 40 of COBBLED DEEPSLATE at X= -36, Y= -56, Z= -247 that had [] enchantment(s) | 
[2023-07-07 09:15:59] [world] The Player <wqe123420> has dropped 16 of SPRUCE SIGN at X= -33, Y= -54, Z= -246 that had [] enchantment(s) | 
[2023-07-07 09:17:46] [world] The Player <wqe123420> has dropped 5 of SPRUCE SIGN at X= -34, Y= -55, Z= -246 that had [] enchantment(s) | 
[2023-07-07 09:21:09] [world] The Player <Funget114514> has dropped 1 of POWERED RAIL at X= -26, Y= 64, Z= -286 that had [] enchantment(s) | 
[2023-07-07 09:21:14] [world] The Player <Enderlava> has dropped 1 of NETHERITE PICKAXE at X= -39, Y= -54, Z= -244 that had [Efficiency, Fortune, Mending, Unbreaking] enchantment(s) | 
[2023-07-07 09:22:16] [world] The Player <Funget114514> has dropped 1 of BONE at X= -28, Y= 64, Z= -288 that had [] enchantment(s) | 
[2023-07-07 09:22:20] [world] The Player <Funget114514> has dropped 9 of DIAMOND at X= -28, Y= 64, Z= -288 that had [] enchantment(s) | 
[2023-07-07 09:22:22] [world] The Player <Funget114514> has dropped 1 of BONE at X= -28, Y= 64, Z= -288 that had [] enchantment(s) | 
[2023-07-07 09:26:13] [em_id_the_climb_0] The Player <Enderlava> has dropped 1 of PAPER at X= 368, Y= 35, Z= 350 that had [] enchantment(s) | 
[2023-07-07 09:26:13] [em_id_the_climb_0] The Player <wqe123420> has dropped 1 of BAKED POTATO at X= 368, Y= 33, Z= 345 that had [] enchantment(s) | 
[2023-07-07 09:29:38] [world_the_end] The Player <Funget114514> has dropped 1 of STICK at X= 329, Y= 2, Z= 7 that had [] enchantment(s) | 
[2023-07-07 09:30:44] [em_id_the_climb_0] The Player <Enderlava> has dropped 64 of GUNPOWDER at X= 387, Y= 41, Z= 376 that had [] enchantment(s) | 
[2023-07-07 09:30:46] [em_id_the_climb_0] The Player <Enderlava> has dropped 13 of TUFF at X= 387, Y= 41, Z= 376 that had [] enchantment(s) | 
[2023-07-07 09:32:23] [world] The Player <wegwe> has dropped 1 of WRITTEN BOOK at X= -114, Y= 68, Z= -89 that had [Unbreaking] enchantment(s) | 
[2023-07-07 09:33:08] [em_id_the_climb_0] The Player <Enderlava> has dropped 18 of COBBLESTONE at X= 420, Y= 44, Z= 364 that had [] enchantment(s) | 
[2023-07-07 09:33:08] [em_id_the_climb_0] The Player <Xw114> has dropped 1 of NETHERRACK at X= 411, Y= 44, Z= 371 that had [] enchantment(s) | 
[2023-07-07 09:33:43] [em_id_the_climb_0] The Player <Enderlava> has dropped 1 of DIAMOND LEGGINGS at X= 423, Y= 44, Z= 365 that had [Protection] enchantment(s) | °ÏeUndead's Legguards
[2023-07-07 09:34:19] [em_id_the_climb_0] The Player <wqe123420> has dropped 63 of COBBLED DEEPSLATE at X= 423, Y= 44, Z= 366 that had [] enchantment(s) | 
[2023-07-07 09:34:58] [world] The Player <Funget114514> has dropped 1 of IRON AXE at X= -128, Y= 67, Z= -85 that had [] enchantment(s) | 
[2023-07-07 09:35:02] [world] The Player <Funget114514> has dropped 1 of IRON AXE at X= -129, Y= 67, Z= -81 that had [] enchantment(s) | 
[2023-07-07 09:35:59] [world] The Player <wegwe> has dropped 1 of WRITTEN BOOK at X= -117, Y= 64, Z= -112 that had [Unbreaking] enchantment(s) | 
[2023-07-07 09:36:01] [em_id_the_climb_0] The Player <wqe123420> has dropped 1 of NETHERITE AXE at X= 414, Y= 46, Z= 387 that had [Efficiency, Fortune, Mending, Unbreaking] enchantment(s) | 
[2023-07-07 09:37:24] [world] The Player <Funget114514> has dropped 1 of OAK PLANKS at X= -25, Y= 64, Z= -287 that had [] enchantment(s) | 
[2023-07-07 09:39:37] [world] The Player <Xw114> has dropped 1 of IRON SWORD at X= -25, Y= 70, Z= -281 that had [Sharpness, Unbreaking] enchantment(s) | 
[2023-07-07 09:40:33] [world] The Player <Xw114> has dropped 1 of IRON BOOTS at X= -11, Y= 64, Z= -291 that had [Unbreaking] enchantment(s) | 
[2023-07-07 09:40:37] [world] The Player <Xw114> has dropped 1 of IRON BOOTS at X= -11, Y= 64, Z= -291 that had [Unbreaking] enchantment(s) | 
[2023-07-07 09:41:15] [world] The Player <Funget114514> has dropped 16 of ENDER PEARL at X= -27, Y= 64, Z= -288 that had [] enchantment(s) | 
[2023-07-07 09:41:56] [world] The Player <Xw114> has dropped 1 of DIAMOND PICKAXE at X= 4, Y= 67, Z= -279 that had [Efficiency, Unbreaking] enchantment(s) | 
[2023-07-07 09:42:05] [world] The Player <Xw114> has dropped 1 of IRON HELMET at X= 4, Y= 67, Z= -279 that had [Aqua Affinity, Protection, Unbreaking, Curse of Vanishing] enchantment(s) | 
[2023-07-07 09:42:05] [world] The Player <Funget114514> has dropped 1 of IRON CHESTPLATE at X= 6, Y= 69, Z= -275 that had [] enchantment(s) | 
[2023-07-07 09:42:06] [world] The Player <Funget114514> has dropped 1 of IRON HELMET at X= 6, Y= 69, Z= -275 that had [] enchantment(s) | 
[2023-07-07 09:42:08] [world] The Player <Funget114514> has dropped 1 of IRON LEGGINGS at X= 6, Y= 69, Z= -275 that had [] enchantment(s) | 
[2023-07-07 09:42:12] [world] The Player <Funget114514> has dropped 1 of IRON LEGGINGS at X= 3, Y= 67, Z= -277 that had [] enchantment(s) | 
[2023-07-07 09:42:18] [world] The Player <Xw114> has dropped 1 of ENDER PEARL at X= 4, Y= 67, Z= -279 that had [] enchantment(s) | 
[2023-07-07 09:42:18] [world] The Player <Xw114> has dropped 1 of ENDER PEARL at X= 4, Y= 67, Z= -279 that had [] enchantment(s) | 
[2023-07-07 09:42:18] [world] The Player <Xw114> has dropped 1 of ENDER PEARL at X= 4, Y= 67, Z= -279 that had [] enchantment(s) | 
[2023-07-07 09:42:18] [world] The Player <Xw114> has dropped 1 of ENDER PEARL at X= 4, Y= 67, Z= -279 that had [] enchantment(s) | 
[2023-07-07 09:42:18] [world] The Player <Xw114> has dropped 1 of ENDER PEARL at X= 4, Y= 67, Z= -279 that had [] enchantment(s) | 
[2023-07-07 09:42:18] [world] The Player <Xw114> has dropped 1 of ENDER PEARL at X= 4, Y= 67, Z= -279 that had [] enchantment(s) | 
[2023-07-07 09:42:18] [world] The Player <Xw114> has dropped 1 of ENDER PEARL at X= 4, Y= 67, Z= -279 that had [] enchantment(s) | 
[2023-07-07 09:42:18] [world] The Player <Xw114> has dropped 1 of ENDER PEARL at X= 4, Y= 67, Z= -279 that had [] enchantment(s) | 
[2023-07-07 09:42:18] [world] The Player <Xw114> has dropped 1 of ENDER PEARL at X= 4, Y= 67, Z= -279 that had [] enchantment(s) | 
[2023-07-07 09:42:18] [world] The Player <Xw114> has dropped 1 of ENDER PEARL at X= 4, Y= 67, Z= -279 that had [] enchantment(s) | 
[2023-07-07 09:42:18] [world] The Player <Xw114> has dropped 1 of ENDER PEARL at X= 4, Y= 67, Z= -279 that had [] enchantment(s) | 
[2023-07-07 09:42:18] [world] The Player <Xw114> has dropped 1 of ENDER PEARL at X= 4, Y= 67, Z= -279 that had [] enchantment(s) | 
[2023-07-07 09:42:18] [world] The Player <Xw114> has dropped 1 of ENDER PEARL at X= 4, Y= 67, Z= -279 that had [] enchantment(s) | 
[2023-07-07 09:42:18] [world] The Player <Xw114> has dropped 1 of ENDER PEARL at X= 4, Y= 67, Z= -279 that had [] enchantment(s) | 
[2023-07-07 09:42:18] [world] The Player <Xw114> has dropped 1 of ENDER PEARL at X= 4, Y= 67, Z= -279 that had [] enchantment(s) | 
[2023-07-07 09:42:18] [world] The Player <Xw114> has dropped 1 of ENDER PEARL at X= 4, Y= 67, Z= -279 that had [] enchantment(s) | 
[2023-07-07 09:42:20] [world] The Player <Funget114514> has dropped 1 of IRON LEGGINGS at X= 2, Y= 67, Z= -277 that had [] enchantment(s) | 
[2023-07-07 09:42:23] [world] The Player <Xw114> has dropped 2 of EMERALD at X= 4, Y= 67, Z= -279 that had [] enchantment(s) | 
[2023-07-07 09:42:25] [world] The Player <Xw114> has dropped 4 of IRON INGOT at X= 4, Y= 67, Z= -279 that had [] enchantment(s) | 
[2023-07-07 09:42:26] [world] The Player <Xw114> has dropped 16 of ENDER PEARL at X= 4, Y= 67, Z= -279 that had [] enchantment(s) | 
[2023-07-07 09:42:31] [em_id_the_climb_0] The Player <Enderlava> has dropped 18 of COBBLESTONE at X= 269, Y= 79, Z= 232 that had [] enchantment(s) | 
[2023-07-07 09:42:47] [em_id_the_climb_0] The Player <wqe123420> has dropped 64 of COBBLED DEEPSLATE at X= 269, Y= 79, Z= 236 that had [] enchantment(s) | 
[2023-07-07 09:43:59] [world] The Player <Xw114> has dropped 1 of COOKED CHICKEN at X= -11, Y= 65, Z= -276 that had [] enchantment(s) | 
[2023-07-07 09:43:59] [world] The Player <Xw114> has dropped 1 of COOKED CHICKEN at X= -11, Y= 65, Z= -276 that had [] enchantment(s) | 
[2023-07-07 09:43:59] [world] The Player <Xw114> has dropped 1 of COOKED CHICKEN at X= -11, Y= 65, Z= -276 that had [] enchantment(s) | 
[2023-07-07 09:43:59] [world] The Player <Xw114> has dropped 1 of COOKED CHICKEN at X= -11, Y= 65, Z= -276 that had [] enchantment(s) | 
[2023-07-07 09:44:00] [world] The Player <Xw114> has dropped 1 of COOKED CHICKEN at X= -11, Y= 65, Z= -276 that had [] enchantment(s) | 
[2023-07-07 09:44:00] [world] The Player <Xw114> has dropped 1 of COOKED CHICKEN at X= -11, Y= 65, Z= -276 that had [] enchantment(s) | 
[2023-07-07 09:44:01] [world] The Player <Xw114> has dropped 1 of COOKED CHICKEN at X= -11, Y= 65, Z= -276 that had [] enchantment(s) | 
[2023-07-07 09:44:01] [world] The Player <Xw114> has dropped 1 of COOKED CHICKEN at X= -11, Y= 65, Z= -276 that had [] enchantment(s) | 
[2023-07-07 09:44:01] [world] The Player <Xw114> has dropped 1 of COOKED CHICKEN at X= -11, Y= 65, Z= -276 that had [] enchantment(s) | 
[2023-07-07 09:44:02] [world] The Player <wegwe> has dropped 1 of EMERALD at X= -9, Y= 66, Z= -276 that had [] enchantment(s) | 
[2023-07-07 09:44:03] [world] The Player <wegwe> has dropped 1 of EMERALD at X= -9, Y= 66, Z= -276 that had [] enchantment(s) | 
[2023-07-07 09:45:13] [world] The Player <Funget114514> has dropped 1 of IRON LEGGINGS at X= -47, Y= 70, Z= -297 that had [] enchantment(s) | 
[2023-07-07 09:45:23] [world] The Player <Xw114> has dropped 1 of EMERALD at X= -34, Y= 71, Z= -270 that had [] enchantment(s) | 
[2023-07-07 09:45:25] [world] The Player <Xw114> has dropped 1 of EMERALD at X= -34, Y= 71, Z= -270 that had [] enchantment(s) | 
[2023-07-07 09:46:25] [world] The Player <wqe123420> has dropped 1 of DIAMOND at X= -59, Y= 65, Z= -277 that had [] enchantment(s) | 
[2023-07-07 09:46:25] [world] The Player <wqe123420> has dropped 1 of DIAMOND at X= -59, Y= 65, Z= -277 that had [] enchantment(s) | 
[2023-07-07 09:46:26] [world] The Player <wqe123420> has dropped 1 of DIAMOND at X= -59, Y= 65, Z= -277 that had [] enchantment(s) | 
[2023-07-07 09:46:26] [world] The Player <wqe123420> has dropped 1 of DIAMOND at X= -59, Y= 65, Z= -277 that had [] enchantment(s) | 
[2023-07-07 09:46:26] [world] The Player <wqe123420> has dropped 1 of DIAMOND at X= -59, Y= 65, Z= -277 that had [] enchantment(s) | 
[2023-07-07 09:46:26] [world] The Player <wqe123420> has dropped 1 of DIAMOND at X= -59, Y= 65, Z= -277 that had [] enchantment(s) | 
[2023-07-07 09:46:26] [world] The Player <wqe123420> has dropped 1 of DIAMOND at X= -59, Y= 65, Z= -277 that had [] enchantment(s) | 
[2023-07-07 09:46:26] [world] The Player <wqe123420> has dropped 1 of DIAMOND at X= -59, Y= 65, Z= -277 that had [] enchantment(s) | 
[2023-07-07 09:46:26] [world] The Player <wqe123420> has dropped 1 of DIAMOND at X= -59, Y= 65, Z= -277 that had [] enchantment(s) | 
[2023-07-07 09:46:27] [world] The Player <wqe123420> has dropped 1 of DIAMOND at X= -59, Y= 65, Z= -277 that had [] enchantment(s) | 
[2023-07-07 09:46:27] [world] The Player <wqe123420> has dropped 1 of DIAMOND at X= -59, Y= 65, Z= -277 that had [] enchantment(s) | 
[2023-07-07 09:46:27] [world] The Player <wqe123420> has dropped 1 of DIAMOND at X= -59, Y= 65, Z= -277 that had [] enchantment(s) | 
[2023-07-07 09:46:27] [world] The Player <wqe123420> has dropped 1 of DIAMOND at X= -59, Y= 65, Z= -277 that had [] enchantment(s) | 
[2023-07-07 09:46:27] [world] The Player <wqe123420> has dropped 1 of DIAMOND at X= -59, Y= 65, Z= -277 that had [] enchantment(s) | 
[2023-07-07 09:46:27] [world] The Player <wqe123420> has dropped 1 of DIAMOND at X= -59, Y= 65, Z= -277 that had [] enchantment(s) | 
[2023-07-07 09:46:27] [world] The Player <wqe123420> has dropped 1 of DIAMOND at X= -59, Y= 65, Z= -277 that had [] enchantment(s) | 
[2023-07-07 09:46:28] [world] The Player <wqe123420> has dropped 1 of DIAMOND at X= -59, Y= 65, Z= -277 that had [] enchantment(s) | 
[2023-07-07 09:46:28] [world] The Player <wqe123420> has dropped 1 of DIAMOND at X= -59, Y= 65, Z= -277 that had [] enchantment(s) | 
[2023-07-07 09:46:28] [world] The Player <wqe123420> has dropped 1 of DIAMOND at X= -59, Y= 65, Z= -277 that had [] enchantment(s) | 
[2023-07-07 09:46:28] [world] The Player <wqe123420> has dropped 1 of DIAMOND at X= -59, Y= 65, Z= -277 that had [] enchantment(s) | 
[2023-07-07 09:46:28] [world] The Player <wqe123420> has dropped 1 of DIAMOND at X= -59, Y= 65, Z= -277 that had [] enchantment(s) | 
[2023-07-07 09:46:28] [world] The Player <wqe123420> has dropped 1 of DIAMOND at X= -59, Y= 65, Z= -277 that had [] enchantment(s) | 
[2023-07-07 09:46:28] [world] The Player <wqe123420> has dropped 1 of DIAMOND at X= -59, Y= 65, Z= -277 that had [] enchantment(s) | 
[2023-07-07 09:46:29] [world] The Player <wqe123420> has dropped 1 of DIAMOND at X= -59, Y= 65, Z= -277 that had [] enchantment(s) | 
[2023-07-07 09:46:29] [world] The Player <wqe123420> has dropped 1 of DIAMOND at X= -59, Y= 65, Z= -277 that had [] enchantment(s) | 
[2023-07-07 09:46:29] [world] The Player <wqe123420> has dropped 1 of DIAMOND at X= -59, Y= 65, Z= -277 that had [] enchantment(s) | 
[2023-07-07 09:46:29] [world] The Player <wqe123420> has dropped 1 of DIAMOND at X= -59, Y= 65, Z= -277 that had [] enchantment(s) | 
[2023-07-07 09:46:29] [world] The Player <wqe123420> has dropped 1 of DIAMOND at X= -59, Y= 65, Z= -277 that had [] enchantment(s) | 
[2023-07-07 09:46:29] [world] The Player <wqe123420> has dropped 1 of DIAMOND at X= -59, Y= 65, Z= -277 that had [] enchantment(s) | 
[2023-07-07 09:49:05] [world] The Player <Enderlava> has dropped 5 of SPRUCE SIGN at X= -88, Y= 73, Z= -255 that had [] enchantment(s) | 
[2023-07-07 09:49:40] [world] The Player <Enderlava> has dropped 1 of ENCHANTED BOOK at X= -94, Y= 72, Z= -260 that had [Looting, Sharpness] enchantment(s) | °Ï4’‹¿Ì¬◊±¶µ‰
[2023-07-07 09:49:42] [world] The Player <Xw114> has dropped 1 of IRON BLOCK at X= -93, Y= 72, Z= -259 that had [] enchantment(s) | 
[2023-07-07 09:49:42] [world] The Player <Xw114> has dropped 1 of IRON BLOCK at X= -93, Y= 72, Z= -259 that had [] enchantment(s) | 
[2023-07-07 09:49:42] [world] The Player <Xw114> has dropped 1 of IRON BLOCK at X= -93, Y= 72, Z= -259 that had [] enchantment(s) | 
[2023-07-07 09:51:11] [world] The Player <wqe123420> has dropped 1 of EMERALD at X= -25, Y= 64, Z= -287 that had [] enchantment(s) | 
[2023-07-07 09:51:11] [world] The Player <wqe123420> has dropped 1 of EMERALD at X= -25, Y= 64, Z= -287 that had [] enchantment(s) | 
[2023-07-07 09:51:11] [world] The Player <wqe123420> has dropped 1 of EMERALD at X= -25, Y= 64, Z= -287 that had [] enchantment(s) | 
[2023-07-07 09:51:11] [world] The Player <wqe123420> has dropped 1 of EMERALD at X= -25, Y= 64, Z= -287 that had [] enchantment(s) | 
[2023-07-07 09:51:12] [world] The Player <wqe123420> has dropped 1 of LIGHT GRAY SHULKER BOX at X= -25, Y= 64, Z= -287 that had [] enchantment(s) | øÛŒÔ
[2023-07-07 09:51:15] [world] The Player <wqe123420> has dropped 1 of EMERALD at X= -26, Y= 63, Z= -286 that had [] enchantment(s) | 
[2023-07-07 09:51:15] [world] The Player <wqe123420> has dropped 1 of EMERALD at X= -26, Y= 63, Z= -286 that had [] enchantment(s) | 
[2023-07-07 09:51:15] [world] The Player <wqe123420> has dropped 1 of EMERALD at X= -26, Y= 63, Z= -286 that had [] enchantment(s) | 
[2023-07-07 09:51:15] [world] The Player <wqe123420> has dropped 1 of EMERALD at X= -26, Y= 63, Z= -286 that had [] enchantment(s) | 
[2023-07-07 09:52:54] [world] The Player <wqe123420> has dropped 1 of BAKED POTATO at X= -173, Y= 69, Z= -196 that had [] enchantment(s) | 
[2023-07-07 09:52:56] [world] The Player <Xw114> has dropped 1 of COOKED CHICKEN at X= -176, Y= 68, Z= -196 that had [] enchantment(s) | 
[2023-07-07 09:52:58] [world] The Player <wqe123420> has dropped 1 of COBBLESTONE at X= -173, Y= 69, Z= -196 that had [] enchantment(s) | 
[2023-07-07 09:53:01] [world] The Player <Xw114> has dropped 25 of NETHERRACK at X= -176, Y= 68, Z= -196 that had [] enchantment(s) | 
[2023-07-07 09:53:04] [world] The Player <Xw114> has dropped 64 of COBBLED DEEPSLATE at X= -176, Y= 68, Z= -196 that had [] enchantment(s) | 
[2023-07-07 09:53:05] [world] The Player <Xw114> has dropped 64 of COBBLED DEEPSLATE at X= -176, Y= 68, Z= -196 that had [] enchantment(s) | 
[2023-07-07 09:53:06] [world] The Player <Xw114> has dropped 2 of ROTTEN FLESH at X= -176, Y= 68, Z= -196 that had [] enchantment(s) | 
[2023-07-07 09:53:09] [world] The Player <Xw114> has dropped 1 of RAIL at X= -176, Y= 68, Z= -196 that had [] enchantment(s) | 
[2023-07-07 09:53:10] [world] The Player <Xw114> has dropped 1 of GLASS BOTTLE at X= -176, Y= 68, Z= -196 that had [] enchantment(s) | 
[2023-07-07 09:53:11] [world] The Player <Xw114> has dropped 1 of GLASS BOTTLE at X= -176, Y= 68, Z= -196 that had [] enchantment(s) | 
[2023-07-07 09:54:38] [world] The Player <Funget114514> has dropped 1 of EMERALD at X= -501, Y= 65, Z= -486 that had [] enchantment(s) | 
[2023-07-07 09:54:38] [world] The Player <Funget114514> has dropped 1 of EMERALD at X= -501, Y= 65, Z= -486 that had [] enchantment(s) | 
[2023-07-07 09:54:39] [world] The Player <Funget114514> has dropped 1 of BOOK at X= -501, Y= 65, Z= -486 that had [] enchantment(s) | 
[2023-07-07 09:54:39] [world] The Player <Funget114514> has dropped 1 of BOOK at X= -501, Y= 65, Z= -486 that had [] enchantment(s) | 
[2023-07-07 09:54:43] [world] The Player <wqe123420> has dropped 1 of YELLOW SHULKER BOX at X= -501, Y= 65, Z= -484 that had [] enchantment(s) | ‘”ŒÔ
[2023-07-07 09:54:48] [world] The Player <Funget114514> has dropped 1 of YELLOW SHULKER BOX at X= -499, Y= 66, Z= -480 that had [] enchantment(s) | ‘”ŒÔ
[2023-07-07 09:54:52] [world] The Player <wqe123420> has dropped 42 of COBBLED DEEPSLATE at X= -499, Y= 66, Z= -482 that had [] enchantment(s) | 
[2023-07-07 09:55:04] [world] The Player <wqe123420> has dropped 2 of HORN CORAL FAN at X= -498, Y= 61, Z= -478 that had [] enchantment(s) | 
[2023-07-07 09:55:05] [world] The Player <wqe123420> has dropped 1 of NETHERRACK at X= -498, Y= 61, Z= -478 that had [] enchantment(s) | 
[2023-07-07 09:55:14] [world] The Player <Xw114> has dropped 1 of WRITTEN BOOK at X= -27, Y= 64, Z= -287 that had [Unbreaking] enchantment(s) | 
[2023-07-07 09:55:23] [world] The Player <wqe123420> has dropped 1 of ENCHANTED BOOK at X= -501, Y= 64, Z= -479 that had [] enchantment(s) | 
[2023-07-07 09:55:24] [world] The Player <wqe123420> has dropped 1 of ENCHANTED BOOK at X= -501, Y= 64, Z= -479 that had [] enchantment(s) | 
[2023-07-07 09:55:29] [world] The Player <Funget114514> has dropped 1 of DARK OAK SLAB at X= -499, Y= 64, Z= -476 that had [] enchantment(s) | 
[2023-07-07 09:56:14] [world] The Player <Xw114> has dropped 1 of BONE at X= -178, Y= 65, Z= -197 that had [] enchantment(s) | 
[2023-07-07 09:56:15] [world] The Player <Xw114> has dropped 1 of BONE at X= -178, Y= 65, Z= -197 that had [] enchantment(s) | 
[2023-07-07 09:56:15] [world] The Player <Xw114> has dropped 1 of BONE at X= -178, Y= 65, Z= -197 that had [] enchantment(s) | 
[2023-07-07 09:56:20] [world] The Player <Enderlava> has dropped 3 of BONE at X= -178, Y= 63, Z= -201 that had [] enchantment(s) | 
[2023-07-07 09:56:36] [world] The Player <wegwe> has dropped 1 of DIAMOND at X= -180, Y= 66, Z= -195 that had [] enchantment(s) | 
[2023-07-07 09:56:36] [world] The Player <wegwe> has dropped 1 of DIAMOND at X= -180, Y= 66, Z= -195 that had [] enchantment(s) | 
[2023-07-07 09:56:43] [world] The Player <Enderlava> has dropped 2 of ROTTEN FLESH at X= -174, Y= 64, Z= -199 that had [] enchantment(s) | 
[2023-07-07 09:59:28] [world] The Player <Funget114514> has dropped 1 of NETHERITE SWORD at X= 1359, Y= -3, Z= 972 that had [Fire Aspect, Knockback, Mending, Smite, Sweeping Edge, Unbreaking] enchantment(s) | 
[2023-07-07 10:00:51] [world_nether] The Player <wegwe> has dropped 1 of COOKED CHICKEN at X= 163, Y= 130, Z= -20 that had [] enchantment(s) | 
[2023-07-07 10:02:06] [world_nether] The Player <wegwe> has dropped 1 of OAK BOAT at X= 165, Y= 130, Z= 20 that had [] enchantment(s) | 
[2023-07-07 10:02:08] [em_adventurers_guild] The Player <Funget114514> has dropped 1 of ROTTEN FLESH at X= 279, Y= 83, Z= 262 that had [] enchantment(s) | 
[2023-07-07 10:02:17] [world_nether] The Player <wqe123420> has dropped 16 of ENDER PEARL at X= 164, Y= 130, Z= 22 that had [] enchantment(s) | 
[2023-07-07 10:04:01] [world] The Player <Funget114514> has dropped 1 of GOLDEN CHESTPLATE at X= -25, Y= 64, Z= -287 that had [] enchantment(s) | 
[2023-07-07 10:10:51] [world_the_end] The Player <Enderlava> has dropped 4 of ENDER PEARL at X= 329, Y= 2, Z= 4 that had [] enchantment(s) | 
[2023-07-07 10:10:52] [world_the_end] The Player <Enderlava> has dropped 16 of ENDER PEARL at X= 329, Y= 2, Z= 4 that had [] enchantment(s) | 
[2023-07-07 10:10:53] [world_the_end] The Player <Enderlava> has dropped 16 of ENDER PEARL at X= 329, Y= 2, Z= 4 that had [] enchantment(s) | 
[2023-07-07 10:10:53] [world_the_end] The Player <Enderlava> has dropped 16 of ENDER PEARL at X= 329, Y= 2, Z= 4 that had [] enchantment(s) | 
[2023-07-07 10:10:53] [world_the_end] The Player <Enderlava> has dropped 16 of ENDER PEARL at X= 329, Y= 2, Z= 4 that had [] enchantment(s) | 
[2023-07-07 10:10:53] [world_the_end] The Player <Enderlava> has dropped 16 of ENDER PEARL at X= 329, Y= 2, Z= 4 that had [] enchantment(s) | 
[2023-07-07 10:10:53] [world_the_end] The Player <Enderlava> has dropped 16 of ENDER PEARL at X= 329, Y= 2, Z= 4 that had [] enchantment(s) | 
[2023-07-07 10:10:53] [world_the_end] The Player <Enderlava> has dropped 16 of ENDER PEARL at X= 329, Y= 2, Z= 4 that had [] enchantment(s) | 
[2023-07-07 10:10:53] [world_the_end] The Player <Enderlava> has dropped 16 of ENDER PEARL at X= 329, Y= 2, Z= 4 that had [] enchantment(s) | 
[2023-07-07 10:10:54] [world_the_end] The Player <Enderlava> has dropped 16 of ENDER PEARL at X= 329, Y= 2, Z= 4 that had [] enchantment(s) | 
[2023-07-07 10:10:54] [world_the_end] The Player <Enderlava> has dropped 16 of ENDER PEARL at X= 329, Y= 2, Z= 4 that had [] enchantment(s) | 
[2023-07-07 10:10:54] [world_the_end] The Player <Enderlava> has dropped 2 of ENDER PEARL at X= 329, Y= 2, Z= 4 that had [] enchantment(s) | 
[2023-07-07 10:10:54] [world_the_end] The Player <Enderlava> has dropped 2 of ENDER PEARL at X= 329, Y= 2, Z= 4 that had [] enchantment(s) | 
[2023-07-07 10:10:54] [world_the_end] The Player <Enderlava> has dropped 16 of ENDER PEARL at X= 329, Y= 2, Z= 4 that had [] enchantment(s) | 
[2023-07-07 10:10:55] [world_the_end] The Player <Enderlava> has dropped 16 of ENDER PEARL at X= 329, Y= 2, Z= 4 that had [] enchantment(s) | 
[2023-07-07 10:10:55] [world_the_end] The Player <Enderlava> has dropped 16 of ENDER PEARL at X= 329, Y= 2, Z= 4 that had [] enchantment(s) | 
[2023-07-07 10:10:55] [world_the_end] The Player <Enderlava> has dropped 16 of ENDER PEARL at X= 329, Y= 2, Z= 4 that had [] enchantment(s) | 
[2023-07-07 10:10:56] [world_the_end] The Player <Enderlava> has dropped 16 of ENDER PEARL at X= 329, Y= 2, Z= 4 that had [] enchantment(s) | 
[2023-07-07 10:10:56] [world_the_end] The Player <Enderlava> has dropped 16 of ENDER PEARL at X= 329, Y= 2, Z= 4 that had [] enchantment(s) | 
[2023-07-07 10:10:56] [world_the_end] The Player <Enderlava> has dropped 16 of ENDER PEARL at X= 329, Y= 2, Z= 4 that had [] enchantment(s) | 
[2023-07-07 10:10:57] [world_the_end] The Player <Enderlava> has dropped 16 of ENDER PEARL at X= 329, Y= 2, Z= 4 that had [] enchantment(s) | 
[2023-07-07 10:10:57] [world_the_end] The Player <Enderlava> has dropped 4 of ENDER PEARL at X= 329, Y= 2, Z= 4 that had [] enchantment(s) | 
[2023-07-07 10:10:57] [world_the_end] The Player <Enderlava> has dropped 2 of ENDER PEARL at X= 329, Y= 2, Z= 4 that had [] enchantment(s) | 
[2023-07-07 10:10:57] [world_the_end] The Player <Enderlava> has dropped 2 of ENDER PEARL at X= 329, Y= 2, Z= 4 that had [] enchantment(s) | 
[2023-07-07 10:10:58] [world_the_end] The Player <Enderlava> has dropped 2 of ENDER PEARL at X= 329, Y= 2, Z= 4 that had [] enchantment(s) | 
[2023-07-07 10:10:58] [world_the_end] The Player <Enderlava> has dropped 16 of ENDER PEARL at X= 329, Y= 2, Z= 4 that had [] enchantment(s) | 
[2023-07-07 10:10:58] [world_the_end] The Player <Enderlava> has dropped 2 of ENDER PEARL at X= 329, Y= 2, Z= 4 that had [] enchantment(s) | 
[2023-07-07 10:10:59] [world_the_end] The Player <Enderlava> has dropped 16 of ENDER PEARL at X= 329, Y= 2, Z= 4 that had [] enchantment(s) | 
[2023-07-07 10:10:59] [world_the_end] The Player <Enderlava> has dropped 16 of ENDER PEARL at X= 329, Y= 2, Z= 4 that had [] enchantment(s) | 
[2023-07-07 10:10:59] [world_the_end] The Player <Enderlava> has dropped 2 of ENDER PEARL at X= 329, Y= 2, Z= 4 that had [] enchantment(s) | 
[2023-07-07 10:10:59] [world_the_end] The Player <Enderlava> has dropped 16 of ENDER PEARL at X= 329, Y= 2, Z= 4 that had [] enchantment(s) | 
[2023-07-07 10:11:00] [world_the_end] The Player <Enderlava> has dropped 16 of ENDER PEARL at X= 329, Y= 2, Z= 4 that had [] enchantment(s) | 
[2023-07-07 10:11:00] [world_the_end] The Player <Enderlava> has dropped 16 of ENDER PEARL at X= 329, Y= 2, Z= 4 that had [] enchantment(s) | 
[2023-07-07 10:11:00] [world_the_end] The Player <Enderlava> has dropped 16 of ENDER PEARL at X= 329, Y= 2, Z= 4 that had [] enchantment(s) | 
[2023-07-07 10:11:01] [world_the_end] The Player <Enderlava> has dropped 16 of ENDER PEARL at X= 329, Y= 2, Z= 4 that had [] enchantment(s) | 
[2023-07-07 10:11:01] [world_the_end] The Player <Enderlava> has dropped 16 of ENDER PEARL at X= 329, Y= 2, Z= 4 that had [] enchantment(s) | 
[2023-07-07 10:11:01] [world_the_end] The Player <Enderlava> has dropped 1 of TURTLE HELMET at X= 329, Y= 2, Z= 4 that had [Fire Protection] enchantment(s) | °Ï7À∫¡—’ﬂ
[2023-07-07 10:11:02] [world_the_end] The Player <Enderlava> has dropped 4 of ENDER PEARL at X= 329, Y= 2, Z= 4 that had [] enchantment(s) | 
[2023-07-07 10:11:02] [world_the_end] The Player <Enderlava> has dropped 2 of ENDER PEARL at X= 329, Y= 2, Z= 4 that had [] enchantment(s) | 
[2023-07-07 10:11:03] [world_the_end] The Player <Enderlava> has dropped 2 of ENDER PEARL at X= 329, Y= 2, Z= 4 that had [] enchantment(s) | 
[2023-07-07 10:11:03] [world_the_end] The Player <Enderlava> has dropped 2 of ENDER PEARL at X= 329, Y= 2, Z= 4 that had [] enchantment(s) | 
[2023-07-07 10:11:03] [world_the_end] The Player <Enderlava> has dropped 2 of ENDER PEARL at X= 329, Y= 2, Z= 4 that had [] enchantment(s) | 
[2023-07-07 10:11:04] [world_the_end] The Player <Enderlava> has dropped 2 of ENDER PEARL at X= 329, Y= 2, Z= 4 that had [] enchantment(s) | 
[2023-07-07 10:11:04] [world_the_end] The Player <Enderlava> has dropped 2 of ENDER PEARL at X= 329, Y= 2, Z= 4 that had [] enchantment(s) | 
[2023-07-07 10:11:05] [world_the_end] The Player <Enderlava> has dropped 2 of ENDER PEARL at X= 329, Y= 2, Z= 4 that had [] enchantment(s) | 
[2023-07-07 10:11:05] [world_the_end] The Player <Enderlava> has dropped 2 of ENDER PEARL at X= 329, Y= 2, Z= 4 that had [] enchantment(s) | 
[2023-07-07 10:11:05] [world_the_end] The Player <Enderlava> has dropped 2 of ENDER PEARL at X= 329, Y= 2, Z= 4 that had [] enchantment(s) | 
[2023-07-07 10:11:06] [world_the_end] The Player <Enderlava> has dropped 2 of ENDER PEARL at X= 329, Y= 2, Z= 4 that had [] enchantment(s) | 
[2023-07-07 10:13:06] [world_the_end] The Player <Funget114514> has dropped 16 of ENDER PEARL at X= -16, Y= 2, Z= -281 that had [] enchantment(s) | 
[2023-07-07 10:13:10] [world_the_end] The Player <Funget114514> has dropped 13 of ENDER PEARL at X= -16, Y= 2, Z= -281 that had [] enchantment(s) | 
[2023-07-07 10:14:23] [world] The Player <Enderlava> has dropped 1 of ENCHANTED BOOK at X= 10, Y= 67, Z= -273 that had [Looting, Sharpness] enchantment(s) | °Ï4’‹¿Ì¬◊±¶µ‰
[2023-07-07 10:14:53] [world_the_end] The Player <Funget114514> has dropped 16 of ENDER PEARL at X= -19, Y= 2, Z= -271 that had [] enchantment(s) | 
[2023-07-07 10:14:54] [world_the_end] The Player <Funget114514> has dropped 16 of ENDER PEARL at X= -19, Y= 2, Z= -271 that had [] enchantment(s) | 
[2023-07-07 10:14:55] [world_the_end] The Player <Funget114514> has dropped 16 of ENDER PEARL at X= -19, Y= 2, Z= -271 that had [] enchantment(s) | 
[2023-07-07 10:14:57] [world_the_end] The Player <Funget114514> has dropped 16 of ENDER PEARL at X= -19, Y= 2, Z= -271 that had [] enchantment(s) | 
[2023-07-07 10:14:58] [world_the_end] The Player <Funget114514> has dropped 16 of ENDER PEARL at X= -19, Y= 2, Z= -271 that had [] enchantment(s) | 
[2023-07-07 10:15:00] [world_the_end] The Player <Funget114514> has dropped 16 of ENDER PEARL at X= -19, Y= 2, Z= -271 that had [] enchantment(s) | 
[2023-07-07 10:15:01] [world_the_end] The Player <Funget114514> has dropped 16 of ENDER PEARL at X= -19, Y= 2, Z= -271 that had [] enchantment(s) | 
[2023-07-07 10:15:42] [world] The Player <Xw114> has dropped 16 of ENDER PEARL at X= -18, Y= 64, Z= -294 that had [] enchantment(s) | 
[2023-07-07 10:15:43] [world] The Player <Xw114> has dropped 16 of ENDER PEARL at X= -18, Y= 64, Z= -294 that had [] enchantment(s) | 
[2023-07-07 10:15:44] [world] The Player <Xw114> has dropped 50 of ARROW at X= -18, Y= 64, Z= -294 that had [] enchantment(s) | 
[2023-07-07 10:15:47] [world] The Player <wqe123420> has dropped 16 of ENDER PEARL at X= -17, Y= 64, Z= -293 that had [] enchantment(s) | 
[2023-07-07 10:15:49] [world] The Player <wqe123420> has dropped 16 of ENDER PEARL at X= -17, Y= 64, Z= -293 that had [] enchantment(s) | 
[2023-07-07 10:15:50] [world] The Player <wqe123420> has dropped 1 of DARK OAK SLAB at X= -17, Y= 64, Z= -293 that had [] enchantment(s) | 
[2023-07-07 10:15:53] [world] The Player <wqe123420> has dropped 16 of ENDER PEARL at X= -17, Y= 64, Z= -293 that had [] enchantment(s) | 
[2023-07-07 10:15:54] [world] The Player <Xw114> has dropped 16 of ENDER PEARL at X= -18, Y= 64, Z= -294 that had [] enchantment(s) | 
[2023-07-07 10:15:55] [world] The Player <wqe123420> has dropped 16 of ENDER PEARL at X= -17, Y= 64, Z= -293 that had [] enchantment(s) | 
[2023-07-07 10:15:57] [world] The Player <Xw114> has dropped 16 of ENDER PEARL at X= -18, Y= 64, Z= -294 that had [] enchantment(s) | 
[2023-07-07 10:15:57] [world] The Player <wqe123420> has dropped 16 of ENDER PEARL at X= -17, Y= 64, Z= -293 that had [] enchantment(s) | 
[2023-07-07 10:15:58] [world] The Player <Xw114> has dropped 16 of ENDER PEARL at X= -18, Y= 64, Z= -294 that had [] enchantment(s) | 
[2023-07-07 10:16:00] [world] The Player <wqe123420> has dropped 4 of SLIME BLOCK at X= -17, Y= 64, Z= -293 that had [] enchantment(s) | 
[2023-07-07 10:16:01] [world] The Player <Xw114> has dropped 1 of GLASS BOTTLE at X= -18, Y= 64, Z= -294 that had [] enchantment(s) | 
[2023-07-07 10:16:04] [world] The Player <wqe123420> has dropped 64 of COBBLED DEEPSLATE at X= -17, Y= 64, Z= -293 that had [] enchantment(s) | 
[2023-07-07 10:16:05] [world] The Player <wqe123420> has dropped 16 of ENDER PEARL at X= -17, Y= 64, Z= -293 that had [] enchantment(s) | 
[2023-07-07 10:16:05] [world] The Player <wqe123420> has dropped 16 of ENDER PEARL at X= -17, Y= 64, Z= -293 that had [] enchantment(s) | 
[2023-07-07 10:16:06] [world] The Player <wqe123420> has dropped 16 of ENDER PEARL at X= -17, Y= 64, Z= -293 that had [] enchantment(s) | 
[2023-07-07 10:16:07] [world] The Player <wqe123420> has dropped 16 of ENDER PEARL at X= -17, Y= 64, Z= -293 that had [] enchantment(s) | 
[2023-07-07 10:16:08] [world] The Player <Xw114> has dropped 16 of ENDER PEARL at X= -18, Y= 64, Z= -294 that had [] enchantment(s) | 
[2023-07-07 10:16:45] [world] The Player <wqe123420> has dropped 1 of ANCIENT DEBRIS at X= 55, Y= 64, Z= -285 that had [] enchantment(s) | 
[2023-07-07 10:16:46] [world] The Player <wqe123420> has dropped 1 of ANCIENT DEBRIS at X= 55, Y= 64, Z= -285 that had [] enchantment(s) | 
[2023-07-07 10:16:46] [world] The Player <wqe123420> has dropped 1 of ANCIENT DEBRIS at X= 55, Y= 64, Z= -285 that had [] enchantment(s) | 
[2023-07-07 10:16:47] [world] The Player <wqe123420> has dropped 1 of ANCIENT DEBRIS at X= 55, Y= 64, Z= -285 that had [] enchantment(s) | 
[2023-07-07 10:18:13] [world] The Player <Enderlava> has dropped 1 of NETHERITE LEGGINGS at X= -18, Y= 76, Z= -218 that had [Mending] enchantment(s) | 
[2023-07-07 10:18:55] [world] The Player <Enderlava> has dropped 5 of SPRUCE SIGN at X= -27, Y= 64, Z= -287 that had [] enchantment(s) | 
[2023-07-07 10:19:14] [world] The Player <Enderlava> has dropped 5 of SPRUCE SIGN at X= -27, Y= 64, Z= -287 that had [] enchantment(s) | 
[2023-07-07 10:19:24] [world] The Player <Funget114514> has dropped 2 of WHITE CARPET at X= -28, Y= 64, Z= -287 that had [] enchantment(s) | 
[2023-07-07 10:19:46] [world] The Player <Funget114514> has dropped 5 of SPRUCE SIGN at X= -27, Y= 65, Z= -285 that had [] enchantment(s) | 
[2023-07-07 10:20:53] [world] The Player <Enderlava> has dropped 21 of SUGAR CANE at X= -28, Y= 64, Z= -286 that had [] enchantment(s) | 
[2023-07-07 10:21:17] [world] The Player <Funget114514> has dropped 1 of COBBLESTONE at X= -25, Y= 64, Z= -295 that had [] enchantment(s) | 
[2023-07-07 10:21:18] [world] The Player <Funget114514> has dropped 1 of COBBLESTONE at X= -25, Y= 64, Z= -295 that had [] enchantment(s) | 
[2023-07-07 10:21:52] [world] The Player <Enderlava> has dropped 1 of GUNPOWDER at X= 5, Y= 114, Z= 19 that had [] enchantment(s) | 
[2023-07-07 10:22:31] [world] The Player <Funget114514> has dropped 1 of BOW at X= -24, Y= 71, Z= -282 that had [Flame, Infinite, Power, Punch, Unbreaking] enchantment(s) | ¡˙…‡π≠
[2023-07-07 10:22:58] [world] The Player <Enderlava> has dropped 64 of COBBLED DEEPSLATE at X= -25, Y= 79, Z= -214 that had [] enchantment(s) | 
[2023-07-07 10:23:01] [world] The Player <Enderlava> has dropped 64 of COBBLED DEEPSLATE at X= -24, Y= 79, Z= -215 that had [] enchantment(s) | 
[2023-07-07 10:24:00] [world] The Player <Enderlava> has dropped 1 of RECOVERY COMPASS at X= -20, Y= 64, Z= -286 that had [Unbreaking] enchantment(s) | °ÏfEnderlava's Grave
[2023-07-07 10:25:40] [world] The Player <Enderlava> has dropped 1 of WRITTEN BOOK at X= -92, Y= 72, Z= -244 that had [Unbreaking] enchantment(s) | 
[2023-07-07 10:25:45] [world] The Player <wqe123420> has dropped 64 of NETHERRACK at X= -91, Y= 71, Z= -246 that had [] enchantment(s) | 
[2023-07-07 10:27:06] [world] The Player <wqe123420> has dropped 1 of BAKED POTATO at X= -95, Y= 72, Z= -241 that had [] enchantment(s) | 
[2023-07-07 10:27:06] [world] The Player <wqe123420> has dropped 1 of BAKED POTATO at X= -95, Y= 72, Z= -241 that had [] enchantment(s) | 
[2023-07-07 10:27:06] [world] The Player <wqe123420> has dropped 1 of BAKED POTATO at X= -95, Y= 72, Z= -241 that had [] enchantment(s) | 
[2023-07-07 10:27:28] [world] The Player <wegwe> has dropped 1 of BOW at X= 38, Y= 64, Z= -293 that had [] enchantment(s) | 
[2023-07-07 10:27:36] [world] The Player <Xw114> has dropped 1 of DIRT at X= -31, Y= 76, Z= -204 that had [] enchantment(s) | 
[2023-07-07 10:27:39] [world] The Player <wqe123420> has dropped 10 of GRAVEL at X= -26, Y= 64, Z= -287 that had [] enchantment(s) | 
[2023-07-07 10:27:45] [world] The Player <Xw114> has dropped 2 of ROTTEN FLESH at X= -33, Y= 76, Z= -202 that had [] enchantment(s) | 
[2023-07-07 10:27:45] [world] The Player <wqe123420> has dropped 3 of BAKED POTATO at X= -26, Y= 64, Z= -287 that had [] enchantment(s) | 
[2023-07-07 10:27:46] [world] The Player <Funget114514> has dropped 2 of LEATHER at X= -10, Y= 69, Z= -272 that had [] enchantment(s) | 
[2023-07-07 10:27:46] [world] The Player <Xw114> has dropped 1 of CROSSBOW at X= -33, Y= 76, Z= -202 that had [] enchantment(s) | 
[2023-07-07 10:27:49] [world] The Player <Xw114> has dropped 2 of ROTTEN FLESH at X= -30, Y= 76, Z= -202 that had [] enchantment(s) | 
[2023-07-07 10:27:51] [world] The Player <wqe123420> has dropped 25 of STICK at X= -28, Y= 64, Z= -286 that had [] enchantment(s) | 
[2023-07-07 10:27:52] [world] The Player <Funget114514> has dropped 1 of WRITTEN BOOK at X= -10, Y= 70, Z= -273 that had [Unbreaking] enchantment(s) | 
[2023-07-07 10:28:17] [world] The Player <Xw114> has dropped 1 of CROSSBOW at X= -25, Y= 64, Z= -287 that had [] enchantment(s) | 
[2023-07-07 10:28:19] [world] The Player <Enderlava> has dropped 1 of WRITTEN BOOK at X= 3, Y= 114, Z= 13 that had [Unbreaking] enchantment(s) | 
[2023-07-07 10:28:45] [world] The Player <Enderlava> has dropped 16 of ENDER PEARL at X= 3, Y= 114, Z= 16 that had [] enchantment(s) | 
[2023-07-07 10:28:53] [world] The Player <Funget114514> has dropped 10 of GRAVEL at X= -27, Y= 63, Z= -288 that had [] enchantment(s) | 
[2023-07-07 10:28:55] [world] The Player <Funget114514> has dropped 1 of CROSSBOW at X= -27, Y= 63, Z= -288 that had [] enchantment(s) | 
[2023-07-07 10:29:32] [world] The Player <Enderlava> has dropped 1 of WRITTEN BOOK at X= -54, Y= 72, Z= -192 that had [Unbreaking] enchantment(s) | 
[2023-07-07 10:29:36] [world] The Player <Xw114> has dropped 1 of WRITTEN BOOK at X= -26, Y= 64, Z= -286 that had [Unbreaking] enchantment(s) | 
[2023-07-07 10:29:37] [world] The Player <Xw114> has dropped 1 of WRITTEN BOOK at X= -26, Y= 64, Z= -286 that had [Unbreaking] enchantment(s) | 
[2023-07-07 10:29:39] [world] The Player <Xw114> has dropped 1 of WRITTEN BOOK at X= -26, Y= 64, Z= -286 that had [Unbreaking] enchantment(s) | 
[2023-07-07 10:29:57] [world] The Player <Funget114514> has dropped 1 of WRITTEN BOOK at X= -27, Y= 64, Z= -287 that had [Unbreaking] enchantment(s) | 
[2023-07-07 10:30:00] [world] The Player <Funget114514> has dropped 8 of ENDER PEARL at X= -27, Y= 64, Z= -287 that had [] enchantment(s) | 
[2023-07-07 10:30:05] [world] The Player <Enderlava> has dropped 1 of WRITTEN BOOK at X= -48, Y= 71, Z= -169 that had [Unbreaking] enchantment(s) | 
[2023-07-07 10:30:10] [world] The Player <Funget114514> has dropped 16 of ENDER PEARL at X= -27, Y= 64, Z= -286 that had [] enchantment(s) | 
[2023-07-07 10:30:17] [world] The Player <Funget114514> has dropped 10 of GRAVEL at X= -27, Y= 64, Z= -286 that had [] enchantment(s) | 
[2023-07-07 10:30:35] [world] The Player <Funget114514> has dropped 10 of GRAVEL at X= -15, Y= 70, Z= -264 that had [] enchantment(s) | 
[2023-07-07 10:30:41] [world] The Player <Funget114514> has dropped 1 of WRITTEN BOOK at X= -13, Y= 71, Z= -259 that had [Unbreaking] enchantment(s) | 
[2023-07-07 10:30:50] [world] The Player <wqe123420> has dropped 1 of NETHERITE SHOVEL at X= -52, Y= 75, Z= -246 that had [Efficiency, Mending, Unbreaking] enchantment(s) | 
[2023-07-07 10:31:21] [world] The Player <Funget114514> has dropped 1 of TNT at X= -26, Y= 64, Z= -287 that had [] enchantment(s) | 
[2023-07-07 10:31:34] [world] The Player <wqe123420> has dropped 1 of RECOVERY COMPASS at X= -21, Y= 64, Z= -280 that had [Unbreaking] enchantment(s) | °Ïfwqe123420's Grave
[2023-07-07 10:31:42] [world] The Player <wqe123420> has dropped 1 of WRITTEN BOOK at X= -41, Y= -61, Z= -248 that had [Unbreaking] enchantment(s) | 
[2023-07-07 10:31:47] [world] The Player <wqe123420> has dropped 1 of WRITTEN BOOK at X= -41, Y= -62, Z= -248 that had [Unbreaking] enchantment(s) | 
[2023-07-07 10:32:06] [world] The Player <Xw114> has dropped 1 of RED MUSHROOM at X= -42, Y= 73, Z= -267 that had [] enchantment(s) | 
[2023-07-07 10:32:08] [world] The Player <wqe123420> has dropped 29 of REDSTONE at X= -43, Y= 73, Z= -265 that had [] enchantment(s) | 
[2023-07-07 10:32:10] [world] The Player <wqe123420> has dropped 3 of GUNPOWDER at X= -43, Y= 73, Z= -265 that had [] enchantment(s) | 
[2023-07-07 10:32:11] [world] The Player <wqe123420> has dropped 22 of QUARTZ at X= -43, Y= 73, Z= -265 that had [] enchantment(s) | 
[2023-07-07 10:32:12] [world] The Player <wqe123420> has dropped 64 of NETHERRACK at X= -43, Y= 73, Z= -266 that had [] enchantment(s) | 
[2023-07-07 10:32:14] [world] The Player <wqe123420> has dropped 64 of NETHERRACK at X= -43, Y= 73, Z= -266 that had [] enchantment(s) | 
[2023-07-07 10:32:28] [world] The Player <wqe123420> has dropped 1 of NETHERITE AXE at X= -43, Y= 73, Z= -263 that had [Knockback, Looting, Unbreaking] enchantment(s) | °Ï8∏Á≤º¡÷∂Á»‚∏´
[2023-07-07 10:32:30] [world] The Player <Xw114> has dropped 1 of WRITTEN BOOK at X= -42, Y= 73, Z= -265 that had [Unbreaking] enchantment(s) | 
[2023-07-07 10:32:32] [world] The Player <wqe123420> has dropped 1 of FIREWORK ROCKET at X= -43, Y= 73, Z= -262 that had [] enchantment(s) | 
[2023-07-07 10:32:36] [world] The Player <wqe123420> has dropped 22 of QUARTZ at X= -43, Y= 73, Z= -262 that had [] enchantment(s) | 
[2023-07-07 10:32:41] [world] The Player <Funget114514> has dropped 1 of RED MUSHROOM at X= -43, Y= 73, Z= -260 that had [] enchantment(s) | 
[2023-07-07 10:34:48] [world] The Player <wqe123420> has dropped 1 of FIREWORK ROCKET at X= -7, Y= 69, Z= -250 that had [] enchantment(s) | 
[2023-07-07 10:34:49] [world] The Player <Funget114514> has dropped 1 of ROTTEN FLESH at X= 36, Y= 65, Z= -185 that had [] enchantment(s) | 
[2023-07-07 10:36:16] [world] The Player <wqe123420> has dropped 8 of IRON INGOT at X= -12, Y= 73, Z= -242 that had [] enchantment(s) | 
[2023-07-07 10:37:27] [world] The Player <Xw114> has dropped 1 of WRITTEN BOOK at X= -12, Y= 65, Z= -282 that had [Unbreaking] enchantment(s) | 
[2023-07-07 10:39:07] [world] The Player <wqe123420> has dropped 1 of RECOVERY COMPASS at X= -21, Y= 64, Z= -280 that had [Unbreaking] enchantment(s) | °Ïfwqe123420's Grave
[2023-07-07 10:39:20] [world] The Player <wqe123420> has dropped 1 of WRITTEN BOOK at X= -24, Y= 73, Z= -174 that had [Unbreaking] enchantment(s) | 
[2023-07-07 10:39:44] [world] The Player <wqe123420> has dropped 1 of RECOVERY COMPASS at X= -21, Y= 64, Z= -280 that had [Unbreaking] enchantment(s) | °Ïfwqe123420's Grave
[2023-07-07 10:39:56] [world] The Player <wqe123420> has dropped 1 of WRITTEN BOOK at X= -59, Y= 70, Z= -161 that had [Unbreaking] enchantment(s) | 
[2023-07-07 10:40:46] [world] The Player <Xw114> has dropped 1 of WRITTEN BOOK at X= -42, Y= 73, Z= -189 that had [Unbreaking] enchantment(s) | 
[2023-07-07 10:40:47] [world] The Player <Xw114> has dropped 1 of WRITTEN BOOK at X= -42, Y= 73, Z= -189 that had [Unbreaking] enchantment(s) | 
[2023-07-07 10:40:48] [world] The Player <Enderlava> has dropped 1 of WRITTEN BOOK at X= -17, Y= 75, Z= -169 that had [Unbreaking] enchantment(s) | 
[2023-07-07 10:40:48] [world] The Player <Xw114> has dropped 1 of WRITTEN BOOK at X= -42, Y= 73, Z= -189 that had [Unbreaking] enchantment(s) | 
[2023-07-07 10:40:50] [world] The Player <Xw114> has dropped 1 of WRITTEN BOOK at X= -42, Y= 73, Z= -189 that had [Unbreaking] enchantment(s) | 
[2023-07-07 10:40:53] [world] The Player <Xw114> has dropped 1 of WRITTEN BOOK at X= -42, Y= 73, Z= -189 that had [Unbreaking] enchantment(s) | 
[2023-07-07 10:42:21] [world] The Player <wqe123420> has dropped 1 of WRITTEN BOOK at X= 9, Y= 73, Z= -182 that had [Unbreaking] enchantment(s) | 
[2023-07-07 10:42:51] [world] The Player <Enderlava> has dropped 1 of SAND at X= -10, Y= 76, Z= -203 that had [] enchantment(s) | 
[2023-07-07 10:42:52] [world] The Player <Enderlava> has dropped 1 of WOODEN SWORD at X= -10, Y= 76, Z= -203 that had [] enchantment(s) | °Ï7ø…–¶µƒƒß»À
[2023-07-07 10:42:59] [world] The Player <Enderlava> has dropped 1 of BOOK at X= -13, Y= 75, Z= -199 that had [Fire Protection] enchantment(s) | °Ï5Elite Fire Protection Enchanted Book
[2023-07-07 10:43:11] [world] The Player <wqe123420> has dropped 64 of NETHERRACK at X= -11, Y= 77, Z= -202 that had [] enchantment(s) | 
[2023-07-07 10:43:15] [world] The Player <wqe123420> has dropped 1 of SAND at X= -10, Y= 76, Z= -204 that had [] enchantment(s) | 
[2023-07-07 10:43:20] [world] The Player <Funget114514> has dropped 1 of BOOK at X= -13, Y= 75, Z= -200 that had [Fire Protection] enchantment(s) | °Ï5Elite Fire Protection Enchanted Book
[2023-07-07 10:43:21] [world] The Player <Funget114514> has dropped 1 of WOODEN SWORD at X= -13, Y= 75, Z= -200 that had [] enchantment(s) | °Ï7∞◊÷Æ≤ªÀ¿Õˆ¡È
[2023-07-07 10:43:25] [world] The Player <Funget114514> has dropped 1 of WRITTEN BOOK at X= -13, Y= 75, Z= -200 that had [Unbreaking] enchantment(s) | 
[2023-07-07 10:43:26] [world] The Player <Funget114514> has dropped 1 of BOOK at X= -13, Y= 75, Z= -200 that had [Blast Protection] enchantment(s) | °Ï5Elite Blast Protection Enchanted Book
[2023-07-07 10:43:30] [world] The Player <Funget114514> has dropped 59 of FIREWORK ROCKET at X= -13, Y= 75, Z= -200 that had [] enchantment(s) | 
[2023-07-07 10:43:32] [world] The Player <Funget114514> has dropped 2 of LEATHER at X= -13, Y= 75, Z= -200 that had [] enchantment(s) | 
[2023-07-07 10:43:38] [world] The Player <Funget114514> has dropped 64 of ARROW at X= -13, Y= 75, Z= -200 that had [] enchantment(s) | 
[2023-07-07 10:43:40] [world] The Player <Enderlava> has dropped 2 of DIRT at X= -15, Y= 75, Z= -199 that had [] enchantment(s) | 
[2023-07-07 10:44:00] [world] The Player <Funget114514> has dropped 1 of SAND at X= -10, Y= 75, Z= -200 that had [] enchantment(s) | 
[2023-07-07 10:44:35] [world] The Player <wqe123420> has dropped 1 of WRITTEN BOOK at X= -16, Y= 75, Z= -230 that had [Unbreaking] enchantment(s) | 
[2023-07-07 10:44:40] [world] The Player <Funget114514> has dropped 1 of NETHERITE AXE at X= -14, Y= 75, Z= -232 that had [Efficiency, Mending, Sharpness, Unbreaking] enchantment(s) | 
[2023-07-07 10:46:23] [world] The Player <Enderlava> has dropped 1 of WRITTEN BOOK at X= -2, Y= 73, Z= -174 that had [Unbreaking] enchantment(s) | 
[2023-07-07 10:48:13] [world] The Player <Funget114514> has dropped 1 of WRITTEN BOOK at X= -26, Y= 71, Z= -253 that had [Unbreaking] enchantment(s) | 
[2023-07-07 10:50:34] [world] The Player <Enderlava> has dropped 1 of TORCH at X= -6, Y= 74, Z= -238 that had [] enchantment(s) | 
[2023-07-07 10:50:34] [world] The Player <Enderlava> has dropped 1 of WRITTEN BOOK at X= -6, Y= 74, Z= -238 that had [Unbreaking] enchantment(s) | 
[2023-07-07 10:50:34] [world] The Player <Enderlava> has dropped 2 of DIRT at X= -6, Y= 74, Z= -238 that had [] enchantment(s) | 
[2023-07-07 10:50:35] [world] The Player <Enderlava> has dropped 2 of ANDESITE at X= -6, Y= 74, Z= -238 that had [] enchantment(s) | 
[2023-07-07 10:50:35] [world] The Player <Enderlava> has dropped 4 of FEATHER at X= -6, Y= 74, Z= -238 that had [] enchantment(s) | 
[2023-07-07 10:50:35] [world] The Player <Enderlava> has dropped 5 of GUNPOWDER at X= -6, Y= 74, Z= -238 that had [] enchantment(s) | 
[2023-07-07 10:50:35] [world] The Player <Enderlava> has dropped 4 of RAW COPPER at X= -6, Y= 74, Z= -238 that had [] enchantment(s) | 
[2023-07-07 10:51:43] [world] The Player <Funget114514> has dropped 1 of WRITTEN BOOK at X= -5, Y= 74, Z= -238 that had [Unbreaking] enchantment(s) | 
[2023-07-07 10:51:45] [world] The Player <Funget114514> has dropped 1 of TORCH at X= -5, Y= 74, Z= -238 that had [] enchantment(s) | 
[2023-07-07 10:51:53] [world] The Player <Funget114514> has dropped 2 of ANDESITE at X= -5, Y= 74, Z= -238 that had [] enchantment(s) | 
[2023-07-07 10:51:55] [world] The Player <Funget114514> has dropped 4 of FEATHER at X= -5, Y= 74, Z= -238 that had [] enchantment(s) | 
[2023-07-07 10:56:59] [world] The Player <wqe123420> has dropped 64 of NETHERRACK at X= -63, Y= 75, Z= -231 that had [] enchantment(s) | 
[2023-07-07 10:57:01] [world] The Player <wqe123420> has dropped 1 of COBBLESTONE at X= -63, Y= 75, Z= -231 that had [] enchantment(s) | 
[2023-07-07 10:57:05] [world] The Player <wqe123420> has dropped 64 of NETHERRACK at X= -63, Y= 75, Z= -232 that had [] enchantment(s) | 
[2023-07-07 10:57:13] [world] The Player <wqe123420> has dropped 64 of NETHERRACK at X= -62, Y= 75, Z= -232 that had [] enchantment(s) | 
[2023-07-07 10:57:40] [world] The Player <wqe123420> has dropped 1 of RECOVERY COMPASS at X= -21, Y= 64, Z= -280 that had [Unbreaking] enchantment(s) | °Ïfwqe123420's Grave
[2023-07-07 10:57:59] [world] The Player <wqe123420> has dropped 1 of WRITTEN BOOK at X= -65, Y= 72, Z= -224 that had [Unbreaking] enchantment(s) | 
[2023-07-07 10:59:31] [world] The Player <Xw114> has dropped 1 of WRITTEN BOOK at X= -42, Y= 76, Z= -220 that had [Unbreaking] enchantment(s) | 
[2023-07-07 10:59:32] [world] The Player <Xw114> has dropped 1 of WRITTEN BOOK at X= -42, Y= 76, Z= -220 that had [Unbreaking] enchantment(s) | 
[2023-07-07 10:59:32] [world] The Player <Xw114> has dropped 1 of WRITTEN BOOK at X= -42, Y= 76, Z= -220 that had [Unbreaking] enchantment(s) | 
[2023-07-07 10:59:34] [world] The Player <Xw114> has dropped 1 of WRITTEN BOOK at X= -42, Y= 76, Z= -220 that had [Unbreaking] enchantment(s) | 
[2023-07-07 10:59:35] [world] The Player <Xw114> has dropped 1 of WRITTEN BOOK at X= -42, Y= 76, Z= -220 that had [Unbreaking] enchantment(s) | 
[2023-07-07 11:02:17] [world] The Player <wqe123420> has dropped 1 of RECOVERY COMPASS at X= -26, Y= 64, Z= -283 that had [Unbreaking] enchantment(s) | °Ïfwqe123420's Grave
[2023-07-07 11:02:58] [world] The Player <Funget114514> has dropped 1 of SAND at X= -20, Y= 64, Z= -289 that had [] enchantment(s) | 
[2023-07-07 11:03:15] [world] The Player <Funget114514> has dropped 1 of WRITTEN BOOK at X= -18, Y= 68, Z= -262 that had [Unbreaking] enchantment(s) | 
[2023-07-07 11:03:36] [world] The Player <Funget114514> has dropped 1 of WRITTEN BOOK at X= -19, Y= 67, Z= -260 that had [Unbreaking] enchantment(s) | 
[2023-07-07 11:03:37] [world] The Player <Funget114514> has dropped 1 of DIRT at X= -19, Y= 67, Z= -260 that had [] enchantment(s) | 
[2023-07-07 11:03:39] [world] The Player <Funget114514> has dropped 1 of WRITTEN BOOK at X= -19, Y= 67, Z= -260 that had [Unbreaking] enchantment(s) | 
[2023-07-07 11:04:13] [world] The Player <wqe123420> has dropped 1 of WRITTEN BOOK at X= -27, Y= 71, Z= -259 that had [Unbreaking] enchantment(s) | 
[2023-07-07 11:15:01] [world] The Player <Funget114514> has dropped 1 of WRITTEN BOOK at X= -21, Y= 76, Z= -215 that had [Unbreaking] enchantment(s) | 
[2023-07-07 11:18:32] [world] The Player <Xw114> has dropped 1 of BOOK at X= -11, Y= 71, Z= -257 that had [Impaling] enchantment(s) | °Ï5Elite Impaling Enchanted Book
[2023-07-07 11:18:34] [world] The Player <Xw114> has dropped 1 of WRITTEN BOOK at X= -11, Y= 71, Z= -257 that had [Unbreaking] enchantment(s) | 
[2023-07-07 12:30:35] [world] The Player <wqe123420> has dropped 1 of ARROW at X= 13, Y= 76, Z= -251 that had [] enchantment(s) | 
[2023-07-07 12:30:50] [world] The Player <wqe123420> has dropped 1 of FISHING ROD at X= 11, Y= 72, Z= -254 that had [] enchantment(s) | 
[2023-07-07 12:30:51] [world] The Player <wqe123420> has dropped 2 of BONE at X= 11, Y= 72, Z= -254 that had [] enchantment(s) | 
[2023-07-07 12:30:53] [world] The Player <wqe123420> has dropped 1 of ARROW at X= 11, Y= 72, Z= -254 that had [] enchantment(s) | 
[2023-07-07 12:30:54] [world] The Player <wqe123420> has dropped 1 of GOLDEN HELMET at X= 11, Y= 72, Z= -254 that had [Protection] enchantment(s) | 
[2023-07-07 12:30:56] [world] The Player <wqe123420> has dropped 7 of ROTTEN FLESH at X= 11, Y= 72, Z= -254 that had [] enchantment(s) | 
[2023-07-07 12:30:57] [world] The Player <wqe123420> has dropped 1 of GOLDEN CHESTPLATE at X= 11, Y= 72, Z= -254 that had [Protection] enchantment(s) | 
[2023-07-07 12:31:38] [world] The Player <wqe123420> has dropped 17 of ROTTEN FLESH at X= -26, Y= 64, Z= -287 that had [] enchantment(s) | 
[2023-07-07 12:33:12] [world] The Player <wqe123420> has dropped 1 of BUCKET at X= -62, Y= 72, Z= -195 that had [] enchantment(s) | 
[2023-07-07 12:33:14] [world] The Player <wqe123420> has dropped 1 of ROTTEN FLESH at X= -62, Y= 72, Z= -195 that had [] enchantment(s) | 
[2023-07-07 12:33:46] [world] The Player <wqe123420> has dropped 1 of BOW at X= -65, Y= 68, Z= -173 that had [] enchantment(s) | 
[2023-07-07 12:34:16] [world] The Player <wqe123420> has dropped 1 of BONE at X= -61, Y= 68, Z= -171 that had [] enchantment(s) | 
