[2023-07-10 09:18:27] [world] The Player <Enderlava> has dropped 5 of SPRUCE SIGN at X= -5, Y= 71, Z= -256 that had [] enchantment(s) | 
[2023-07-10 09:21:40] [world] The Player <Enderlava> has dropped 1 of COBBLESTONE at X= -840, Y= 96, Z= -728 that had [] enchantment(s) | 
[2023-07-10 09:21:44] [world] The Player <Enderlava> has dropped 1 of STICKY PISTON at X= -842, Y= 96, Z= -729 that had [] enchantment(s) | 
[2023-07-10 09:21:49] [world] The Player <Enderlava> has dropped 1 of REDSTONE at X= -838, Y= 96, Z= -735 that had [] enchantment(s) | 
[2023-07-10 09:22:00] [world] The Player <Enderlava> has dropped 1 of REPEATER at X= -839, Y= 96, Z= -733 that had [] enchantment(s) | 
[2023-07-10 09:22:04] [world] The Player <Enderlava> has dropped 1 of REPEATER at X= -838, Y= 96, Z= -733 that had [] enchantment(s) | 
[2023-07-10 09:23:39] [world] The Player <Enderlava> has dropped 1 of COBBLESTONE at X= -843, Y= 97, Z= -733 that had [] enchantment(s) | 
[2023-07-10 09:24:50] [world] The Player <Enderlava> has dropped 1 of WATER BUCKET at X= -845, Y= 95, Z= -730 that had [] enchantment(s) | 
[2023-07-10 09:25:21] [world] The Player <Enderlava> has dropped 1 of REDSTONE at X= -838, Y= 94, Z= -739 that had [] enchantment(s) | 
[2023-07-10 09:26:52] [world] The Player <Enderlava> has dropped 1 of PISTON at X= -846, Y= 94, Z= -727 that had [] enchantment(s) | 
[2023-07-10 09:28:22] [world] The Player <Enderlava> has dropped 1 of COBBLESTONE at X= -839, Y= 97, Z= -734 that had [] enchantment(s) | 
[2023-07-10 09:28:30] [world] The Player <Enderlava> has dropped 1 of COMPARATOR at X= -839, Y= 97, Z= -734 that had [] enchantment(s) | 
[2023-07-10 09:28:50] [world] The Player <Enderlava> has dropped 1 of REDSTONE TORCH at X= -839, Y= 97, Z= -734 that had [] enchantment(s) | 
[2023-07-10 09:28:55] [world] The Player <Enderlava> has dropped 1 of REPEATER at X= -840, Y= 97, Z= -730 that had [] enchantment(s) | 
[2023-07-10 09:30:31] [world] The Player <Enderlava> has dropped 1 of PISTON at X= -845, Y= 94, Z= -727 that had [] enchantment(s) | 
[2023-07-10 09:30:41] [world] The Player <Enderlava> has dropped 1 of GLASS at X= -845, Y= 96, Z= -731 that had [] enchantment(s) | 
[2023-07-10 09:30:48] [world] The Player <Enderlava> has dropped 1 of REDSTONE at X= -843, Y= 85, Z= -730 that had [] enchantment(s) | 
[2023-07-10 09:31:16] [world] The Player <Enderlava> has dropped 1 of REDSTONE TORCH at X= -843, Y= 94, Z= -738 that had [] enchantment(s) | 
[2023-07-10 09:32:03] [world] The Player <Enderlava> has dropped 64 of COBBLESTONE at X= -844, Y= 69, Z= -727 that had [] enchantment(s) | 
[2023-07-10 09:32:04] [world] The Player <Enderlava> has dropped 1 of OBSERVER at X= -844, Y= 69, Z= -727 that had [] enchantment(s) | 
[2023-07-10 09:36:10] [world] The Player <wqe123420> has dropped 1 of RECOVERY COMPASS at X= -21, Y= 64, Z= -280 that had [Unbreaking] enchantment(s) | §fwqe123420's Grave
[2023-07-10 09:39:29] [world] The Player <wqe123420> has dropped 1 of BIRCH BUTTON at X= -38, Y= -52, Z= -247 that had [] enchantment(s) | 
[2023-07-10 09:40:24] [world] The Player <wqe123420> has dropped 1 of TUFF at X= -43, Y= -54, Z= -244 that had [] enchantment(s) | 
[2023-07-10 09:40:25] [world] The Player <wqe123420> has dropped 1 of TUFF at X= -43, Y= -54, Z= -244 that had [] enchantment(s) | 
[2023-07-10 09:40:25] [world] The Player <wqe123420> has dropped 1 of TUFF at X= -43, Y= -54, Z= -244 that had [] enchantment(s) | 
[2023-07-10 09:40:25] [world] The Player <wqe123420> has dropped 1 of TUFF at X= -43, Y= -54, Z= -244 that had [] enchantment(s) | 
[2023-07-10 09:40:25] [world] The Player <wqe123420> has dropped 1 of TUFF at X= -43, Y= -54, Z= -244 that had [] enchantment(s) | 
[2023-07-10 09:40:25] [world] The Player <wqe123420> has dropped 1 of TUFF at X= -43, Y= -54, Z= -244 that had [] enchantment(s) | 
[2023-07-10 09:40:25] [world] The Player <wqe123420> has dropped 1 of TUFF at X= -43, Y= -54, Z= -244 that had [] enchantment(s) | 
[2023-07-10 09:40:25] [world] The Player <wqe123420> has dropped 1 of TUFF at X= -43, Y= -54, Z= -244 that had [] enchantment(s) | 
[2023-07-10 09:40:25] [world] The Player <wqe123420> has dropped 1 of TUFF at X= -43, Y= -54, Z= -244 that had [] enchantment(s) | 
[2023-07-10 09:40:25] [world] The Player <wqe123420> has dropped 1 of TUFF at X= -43, Y= -54, Z= -244 that had [] enchantment(s) | 
[2023-07-10 09:40:25] [world] The Player <wqe123420> has dropped 1 of TUFF at X= -43, Y= -54, Z= -244 that had [] enchantment(s) | 
[2023-07-10 09:40:25] [world] The Player <wqe123420> has dropped 1 of TUFF at X= -43, Y= -54, Z= -244 that had [] enchantment(s) | 
[2023-07-10 09:40:25] [world] The Player <wqe123420> has dropped 1 of TUFF at X= -43, Y= -54, Z= -244 that had [] enchantment(s) | 
[2023-07-10 09:40:25] [world] The Player <wqe123420> has dropped 1 of TUFF at X= -43, Y= -54, Z= -244 that had [] enchantment(s) | 
[2023-07-10 09:40:25] [world] The Player <wqe123420> has dropped 1 of TUFF at X= -43, Y= -54, Z= -244 that had [] enchantment(s) | 
[2023-07-10 09:40:25] [world] The Player <wqe123420> has dropped 1 of TUFF at X= -43, Y= -54, Z= -244 that had [] enchantment(s) | 
[2023-07-10 09:40:25] [world] The Player <wqe123420> has dropped 1 of TUFF at X= -43, Y= -54, Z= -244 that had [] enchantment(s) | 
[2023-07-10 09:40:25] [world] The Player <wqe123420> has dropped 1 of TUFF at X= -43, Y= -54, Z= -244 that had [] enchantment(s) | 
[2023-07-10 09:40:26] [world] The Player <wqe123420> has dropped 1 of TUFF at X= -43, Y= -54, Z= -244 that had [] enchantment(s) | 
[2023-07-10 09:40:26] [world] The Player <wqe123420> has dropped 1 of TUFF at X= -43, Y= -54, Z= -244 that had [] enchantment(s) | 
[2023-07-10 09:40:26] [world] The Player <wqe123420> has dropped 1 of TUFF at X= -43, Y= -54, Z= -244 that had [] enchantment(s) | 
[2023-07-10 09:40:26] [world] The Player <wqe123420> has dropped 1 of TUFF at X= -43, Y= -54, Z= -244 that had [] enchantment(s) | 
[2023-07-10 09:40:26] [world] The Player <wqe123420> has dropped 1 of TUFF at X= -43, Y= -54, Z= -244 that had [] enchantment(s) | 
[2023-07-10 09:40:26] [world] The Player <wqe123420> has dropped 1 of TUFF at X= -43, Y= -54, Z= -244 that had [] enchantment(s) | 
[2023-07-10 09:40:26] [world] The Player <wqe123420> has dropped 1 of TUFF at X= -43, Y= -54, Z= -244 that had [] enchantment(s) | 
[2023-07-10 09:40:26] [world] The Player <wqe123420> has dropped 1 of TUFF at X= -43, Y= -54, Z= -244 that had [] enchantment(s) | 
[2023-07-10 09:40:26] [world] The Player <wqe123420> has dropped 1 of TUFF at X= -43, Y= -54, Z= -244 that had [] enchantment(s) | 
[2023-07-10 09:40:26] [world] The Player <wqe123420> has dropped 1 of TUFF at X= -43, Y= -54, Z= -244 that had [] enchantment(s) | 
[2023-07-10 09:40:26] [world] The Player <wqe123420> has dropped 1 of TUFF at X= -43, Y= -54, Z= -244 that had [] enchantment(s) | 
[2023-07-10 09:40:26] [world] The Player <wqe123420> has dropped 1 of TUFF at X= -43, Y= -54, Z= -244 that had [] enchantment(s) | 
[2023-07-10 09:40:26] [world] The Player <wqe123420> has dropped 1 of TUFF at X= -43, Y= -54, Z= -244 that had [] enchantment(s) | 
[2023-07-10 09:40:26] [world] The Player <wqe123420> has dropped 1 of TUFF at X= -43, Y= -54, Z= -244 that had [] enchantment(s) | 
[2023-07-10 09:40:26] [world] The Player <wqe123420> has dropped 1 of TUFF at X= -43, Y= -54, Z= -244 that had [] enchantment(s) | 
[2023-07-10 09:40:26] [world] The Player <wqe123420> has dropped 1 of TUFF at X= -43, Y= -54, Z= -244 that had [] enchantment(s) | 
[2023-07-10 09:40:26] [world] The Player <wqe123420> has dropped 1 of TUFF at X= -43, Y= -54, Z= -244 that had [] enchantment(s) | 
[2023-07-10 09:40:26] [world] The Player <wqe123420> has dropped 1 of TUFF at X= -43, Y= -54, Z= -244 that had [] enchantment(s) | 
[2023-07-10 09:40:26] [world] The Player <wqe123420> has dropped 1 of TUFF at X= -43, Y= -54, Z= -244 that had [] enchantment(s) | 
[2023-07-10 09:40:26] [world] The Player <wqe123420> has dropped 1 of TUFF at X= -43, Y= -54, Z= -244 that had [] enchantment(s) | 
[2023-07-10 09:40:26] [world] The Player <wqe123420> has dropped 1 of TUFF at X= -43, Y= -54, Z= -244 that had [] enchantment(s) | 
[2023-07-10 09:40:26] [world] The Player <wqe123420> has dropped 1 of TUFF at X= -43, Y= -54, Z= -244 that had [] enchantment(s) | 
[2023-07-10 09:40:26] [world] The Player <wqe123420> has dropped 1 of TUFF at X= -43, Y= -54, Z= -244 that had [] enchantment(s) | 
[2023-07-10 09:40:26] [world] The Player <wqe123420> has dropped 1 of TUFF at X= -43, Y= -54, Z= -244 that had [] enchantment(s) | 
[2023-07-10 09:40:26] [world] The Player <wqe123420> has dropped 1 of TUFF at X= -43, Y= -54, Z= -244 that had [] enchantment(s) | 
[2023-07-10 09:40:26] [world] The Player <wqe123420> has dropped 1 of TUFF at X= -43, Y= -54, Z= -244 that had [] enchantment(s) | 
[2023-07-10 09:40:26] [world] The Player <wqe123420> has dropped 1 of TUFF at X= -43, Y= -54, Z= -244 that had [] enchantment(s) | 
[2023-07-10 09:40:26] [world] The Player <wqe123420> has dropped 1 of TUFF at X= -43, Y= -54, Z= -244 that had [] enchantment(s) | 
[2023-07-10 09:40:26] [world] The Player <wqe123420> has dropped 1 of TUFF at X= -43, Y= -54, Z= -244 that had [] enchantment(s) | 
[2023-07-10 09:40:26] [world] The Player <wqe123420> has dropped 1 of TUFF at X= -43, Y= -54, Z= -244 that had [] enchantment(s) | 
[2023-07-10 09:40:26] [world] The Player <wqe123420> has dropped 1 of TUFF at X= -43, Y= -54, Z= -244 that had [] enchantment(s) | 
[2023-07-10 09:40:27] [world] The Player <wqe123420> has dropped 1 of TUFF at X= -43, Y= -54, Z= -244 that had [] enchantment(s) | 
[2023-07-10 09:40:27] [world] The Player <wqe123420> has dropped 1 of TUFF at X= -43, Y= -54, Z= -244 that had [] enchantment(s) | 
[2023-07-10 09:40:27] [world] The Player <wqe123420> has dropped 1 of TUFF at X= -43, Y= -54, Z= -244 that had [] enchantment(s) | 
[2023-07-10 09:40:27] [world] The Player <wqe123420> has dropped 1 of TUFF at X= -43, Y= -54, Z= -244 that had [] enchantment(s) | 
[2023-07-10 09:40:27] [world] The Player <wqe123420> has dropped 1 of TUFF at X= -43, Y= -54, Z= -244 that had [] enchantment(s) | 
[2023-07-10 09:40:27] [world] The Player <wqe123420> has dropped 1 of TUFF at X= -43, Y= -54, Z= -244 that had [] enchantment(s) | 
[2023-07-10 09:40:27] [world] The Player <wqe123420> has dropped 1 of TUFF at X= -43, Y= -54, Z= -244 that had [] enchantment(s) | 
[2023-07-10 09:40:27] [world] The Player <wqe123420> has dropped 1 of TUFF at X= -43, Y= -54, Z= -244 that had [] enchantment(s) | 
[2023-07-10 09:40:27] [world] The Player <wqe123420> has dropped 1 of TUFF at X= -43, Y= -54, Z= -244 that had [] enchantment(s) | 
[2023-07-10 09:40:27] [world] The Player <wqe123420> has dropped 1 of TUFF at X= -43, Y= -54, Z= -244 that had [] enchantment(s) | 
[2023-07-10 09:40:27] [world] The Player <wqe123420> has dropped 1 of TUFF at X= -43, Y= -54, Z= -244 that had [] enchantment(s) | 
[2023-07-10 09:40:27] [world] The Player <wqe123420> has dropped 1 of TUFF at X= -43, Y= -54, Z= -244 that had [] enchantment(s) | 
[2023-07-10 09:40:27] [world] The Player <wqe123420> has dropped 1 of TUFF at X= -43, Y= -54, Z= -244 that had [] enchantment(s) | 
[2023-07-10 09:40:27] [world] The Player <wqe123420> has dropped 1 of TUFF at X= -43, Y= -54, Z= -244 that had [] enchantment(s) | 
[2023-07-10 09:40:27] [world] The Player <wqe123420> has dropped 1 of TUFF at X= -43, Y= -54, Z= -244 that had [] enchantment(s) | 
[2023-07-10 09:40:47] [world] The Player <wqe123420> has dropped 3 of DIRT at X= -41, Y= -54, Z= -246 that had [] enchantment(s) | 
[2023-07-10 09:40:49] [world] The Player <wqe123420> has dropped 25 of STICK at X= -41, Y= -54, Z= -246 that had [] enchantment(s) | 
[2023-07-10 09:40:50] [world] The Player <wqe123420> has dropped 2 of PHANTOM MEMBRANE at X= -41, Y= -54, Z= -246 that had [] enchantment(s) | 
[2023-07-10 09:40:52] [world] The Player <wqe123420> has dropped 24 of COBBLED DEEPSLATE at X= -41, Y= -54, Z= -246 that had [] enchantment(s) | 
[2023-07-10 09:40:54] [world] The Player <wqe123420> has dropped 1 of WRITTEN BOOK at X= -41, Y= -54, Z= -246 that had [Unbreaking] enchantment(s) | 
[2023-07-10 09:41:14] [world] The Player <wqe123420> has dropped 24 of TUFF at X= -36, Y= -55, Z= -246 that had [] enchantment(s) | 
[2023-07-10 09:41:21] [world] The Player <wqe123420> has dropped 1 of LAVA BUCKET at X= -38, Y= -57, Z= -247 that had [] enchantment(s) | 
[2023-07-10 09:41:24] [world] The Player <wqe123420> has dropped 24 of TUFF at X= -38, Y= -57, Z= -247 that had [] enchantment(s) | 
[2023-07-10 09:41:25] [world] The Player <wqe123420> has dropped 2 of COBBLED DEEPSLATE at X= -38, Y= -57, Z= -247 that had [] enchantment(s) | 
[2023-07-10 09:42:38] [world] The Player <Enderlava> has dropped 41 of COBBLESTONE at X= -44, Y= -54, Z= -243 that had [] enchantment(s) | 
[2023-07-10 09:43:34] [world] The Player <wqe123420> has dropped 1 of COBBLED DEEPSLATE at X= -30, Y= -54, Z= -243 that had [] enchantment(s) | 
[2023-07-10 09:43:44] [world] The Player <Enderlava> has dropped 1 of STICK at X= -16, Y= 65, Z= -286 that had [] enchantment(s) | §6魔法导弹§f (§3法杖§f)
[2023-07-10 09:44:11] [world] The Player <Enderlava> has dropped 1 of STICK at X= -14, Y= 64, Z= -281 that had [] enchantment(s) | §6魔法导弹§f (§3法杖§f)
[2023-07-10 09:45:40] [world] The Player <wqe123420> has dropped 1 of COBBLED DEEPSLATE at X= -29, Y= -55, Z= -242 that had [] enchantment(s) | 
[2023-07-10 09:48:39] [world] The Player <wqe123420> has dropped 1 of WRITTEN BOOK at X= -41, Y= -62, Z= -248 that had [Unbreaking] enchantment(s) | 
[2023-07-10 09:54:29] [world] The Player <wqe123420> has dropped 6 of COBBLESTONE SLAB at X= -27, Y= 64, Z= -286 that had [] enchantment(s) | 
[2023-07-10 09:55:05] [world] The Player <wqe123420> has dropped 3 of COBBLESTONE at X= -27, Y= 64, Z= -286 that had [] enchantment(s) | 
[2023-07-10 09:57:27] [world] The Player <wqe123420> has dropped 1 of WRITTEN BOOK at X= -27, Y= 64, Z= -287 that had [Unbreaking] enchantment(s) | 
[2023-07-10 10:00:33] [world] The Player <Enderlava> has dropped 1 of WRITTEN BOOK at X= -9, Y= 70, Z= -261 that had [Unbreaking] enchantment(s) | 
[2023-07-10 10:00:36] [world] The Player <wqe123420> has dropped 1 of WRITTEN BOOK at X= -9, Y= 70, Z= -261 that had [Unbreaking] enchantment(s) | 
[2023-07-10 10:01:11] [world] The Player <Enderlava> has dropped 12 of STONE at X= -18, Y= 64, Z= -287 that had [] enchantment(s) | 
[2023-07-10 10:01:17] [world] The Player <wqe123420> has dropped 1 of WRITTEN BOOK at X= -12, Y= 70, Z= -263 that had [Unbreaking] enchantment(s) | 
[2023-07-10 10:01:17] [world] The Player <Enderlava> has dropped 2 of DIRT at X= -17, Y= 64, Z= -287 that had [] enchantment(s) | 
[2023-07-10 10:01:18] [world] The Player <wqe123420> has dropped 1 of WRITTEN BOOK at X= -12, Y= 70, Z= -263 that had [Unbreaking] enchantment(s) | 
[2023-07-10 10:01:29] [world] The Player <Enderlava> has dropped 12 of STONE at X= -18, Y= 71, Z= -273 that had [] enchantment(s) | 
[2023-07-10 10:01:41] [world] The Player <wqe123420> has dropped 6 of COBBLESTONE SLAB at X= -27, Y= 64, Z= -286 that had [] enchantment(s) | 
[2023-07-10 10:01:44] [world] The Player <wqe123420> has dropped 6 of COBBLESTONE SLAB at X= -27, Y= 64, Z= -286 that had [] enchantment(s) | 
[2023-07-10 10:01:46] [world] The Player <wqe123420> has dropped 49 of IRON BLOCK at X= -27, Y= 64, Z= -286 that had [] enchantment(s) | 
[2023-07-10 10:01:56] [world] The Player <wqe123420> has dropped 1 of IRON INGOT at X= -27, Y= 64, Z= -286 that had [] enchantment(s) | 
[2023-07-10 10:01:57] [world] The Player <wqe123420> has dropped 23 of REDSTONE at X= -27, Y= 64, Z= -286 that had [] enchantment(s) | 
[2023-07-10 10:01:57] [world] The Player <wqe123420> has dropped 2 of IRON INGOT at X= -27, Y= 64, Z= -286 that had [] enchantment(s) | 
[2023-07-10 10:02:30] [world] The Player <wqe123420> has dropped 1 of RECOVERY COMPASS at X= -21, Y= 64, Z= -280 that had [Unbreaking] enchantment(s) | §fwqe123420's Grave
[2023-07-10 10:02:48] [world] The Player <wqe123420> has dropped 1 of WRITTEN BOOK at X= -41, Y= -54, Z= -244 that had [Unbreaking] enchantment(s) | 
[2023-07-10 10:03:27] [world] The Player <Xw114> has dropped 1 of WRITTEN BOOK at X= -19, Y= 64, Z= -291 that had [Unbreaking] enchantment(s) | 
[2023-07-10 10:03:28] [world] The Player <Xw114> has dropped 63 of ARROW at X= -19, Y= 64, Z= -291 that had [] enchantment(s) | 
[2023-07-10 10:03:30] [world] The Player <Xw114> has dropped 1 of BOOK at X= -19, Y= 64, Z= -291 that had [] enchantment(s) | 
[2023-07-10 10:03:35] [world] The Player <Xw114> has dropped 45 of PAPER at X= -19, Y= 64, Z= -291 that had [] enchantment(s) | 
[2023-07-10 10:03:37] [world] The Player <Xw114> has dropped 64 of PAPER at X= -19, Y= 64, Z= -291 that had [] enchantment(s) | 
[2023-07-10 10:03:38] [world] The Player <Xw114> has dropped 64 of PAPER at X= -19, Y= 64, Z= -291 that had [] enchantment(s) | 
[2023-07-10 10:03:39] [world] The Player <Xw114> has dropped 1 of WRITTEN BOOK at X= -19, Y= 64, Z= -291 that had [Unbreaking] enchantment(s) | 
[2023-07-10 10:03:42] [world] The Player <Xw114> has dropped 50 of WHEAT SEEDS at X= -19, Y= 64, Z= -291 that had [] enchantment(s) | 
[2023-07-10 10:03:44] [world] The Player <Xw114> has dropped 56 of COAL at X= -19, Y= 64, Z= -291 that had [] enchantment(s) | 
[2023-07-10 10:03:45] [world] The Player <Xw114> has dropped 1 of FISHING ROD at X= -19, Y= 64, Z= -291 that had [Curse of Vanishing] enchantment(s) | 
[2023-07-10 10:03:46] [world] The Player <Xw114> has dropped 1 of WRITTEN BOOK at X= -19, Y= 64, Z= -291 that had [Unbreaking] enchantment(s) | 
[2023-07-10 10:03:47] [world] The Player <Xw114> has dropped 1 of WRITTEN BOOK at X= -19, Y= 64, Z= -291 that had [Unbreaking] enchantment(s) | 
[2023-07-10 10:03:49] [world] The Player <Xw114> has dropped 1 of WRITTEN BOOK at X= -19, Y= 64, Z= -291 that had [Unbreaking] enchantment(s) | 
[2023-07-10 10:03:51] [world] The Player <Xw114> has dropped 1 of WRITTEN BOOK at X= -19, Y= 64, Z= -291 that had [Unbreaking] enchantment(s) | 
[2023-07-10 10:03:55] [world] The Player <Xw114> has dropped 1 of SANDSTONE at X= -19, Y= 64, Z= -291 that had [] enchantment(s) | 
[2023-07-10 10:03:57] [world] The Player <Xw114> has dropped 1 of BOOK at X= -19, Y= 64, Z= -291 that had [Unbreaking] enchantment(s) | §5Elite Unbreaking Enchanted Book
[2023-07-10 10:03:58] [world] The Player <Xw114> has dropped 64 of PAPER at X= -19, Y= 64, Z= -291 that had [] enchantment(s) | 
[2023-07-10 10:04:00] [world] The Player <Xw114> has dropped 1 of FISHING ROD at X= -19, Y= 64, Z= -291 that had [Curse of Vanishing] enchantment(s) | 
[2023-07-10 10:04:00] [world] The Player <Xw114> has dropped 1 of WRITTEN BOOK at X= -19, Y= 64, Z= -291 that had [Unbreaking] enchantment(s) | 
[2023-07-10 10:04:01] [world] The Player <Xw114> has dropped 1 of WRITTEN BOOK at X= -19, Y= 64, Z= -291 that had [Unbreaking] enchantment(s) | 
[2023-07-10 10:04:02] [world] The Player <Xw114> has dropped 64 of PAPER at X= -19, Y= 64, Z= -291 that had [] enchantment(s) | 
[2023-07-10 10:04:04] [world] The Player <Xw114> has dropped 1 of IRON DOOR at X= -19, Y= 64, Z= -291 that had [] enchantment(s) | §3# §b跳转至
[2023-07-10 10:04:05] [world] The Player <Xw114> has dropped 1 of GLASS at X= -19, Y= 64, Z= -291 that had [] enchantment(s) | 
[2023-07-10 10:04:51] [world] The Player <wqe123420> has dropped 1 of STONE BUTTON at X= -31, Y= -54, Z= -241 that had [] enchantment(s) | 
[2023-07-10 10:05:03] [world] The Player <wqe123420> has dropped 1 of STONE PRESSURE PLATE at X= -27, Y= -52, Z= -242 that had [] enchantment(s) | 
[2023-07-10 10:05:27] [world] The Player <Xw114> has dropped 8 of ROTTEN FLESH at X= -27, Y= 76, Z= -279 that had [] enchantment(s) | 
[2023-07-10 10:05:29] [world] The Player <Xw114> has dropped 5 of DIRT at X= -27, Y= 76, Z= -279 that had [] enchantment(s) | 
[2023-07-10 10:05:42] [world] The Player <wqe123420> has dropped 3 of DIRT at X= 44, Y= 64, Z= -287 that had [] enchantment(s) | 
[2023-07-10 10:06:00] [world] The Player <wqe123420> has dropped 7 of STONE at X= -28, Y= 64, Z= -286 that had [] enchantment(s) | 
[2023-07-10 10:06:53] [world] The Player <wqe123420> has dropped 2 of COBBLED DEEPSLATE at X= -11, Y= 71, Z= -224 that had [] enchantment(s) | 
[2023-07-10 10:07:14] [world] The Player <wqe123420> has dropped 13 of OAK PLANKS at X= -28, Y= 64, Z= -286 that had [] enchantment(s) | 
[2023-07-10 10:07:15] [world] The Player <wqe123420> has dropped 7 of STONE at X= -28, Y= 64, Z= -286 that had [] enchantment(s) | 
[2023-07-10 10:08:11] [world] The Player <Xw114> has dropped 1 of REDSTONE BLOCK at X= -22, Y= 71, Z= -255 that had [] enchantment(s) | 
[2023-07-10 10:08:15] [world] The Player <Xw114> has dropped 1 of REDSTONE BLOCK at X= -23, Y= 71, Z= -255 that had [] enchantment(s) | 
[2023-07-10 10:08:18] [world] The Player <wqe123420> has dropped 9 of DIAMOND at X= -24, Y= 71, Z= -256 that had [] enchantment(s) | 
[2023-07-10 10:08:45] [world] The Player <wqe123420> has dropped 13 of OAK PLANKS at X= -27, Y= 64, Z= -286 that had [] enchantment(s) | 
[2023-07-10 10:08:48] [world] The Player <wqe123420> has dropped 8 of REDSTONE at X= -27, Y= 64, Z= -286 that had [] enchantment(s) | 
[2023-07-10 10:08:50] [world] The Player <wqe123420> has dropped 7 of STONE at X= -28, Y= 64, Z= -286 that had [] enchantment(s) | 
[2023-07-10 10:08:53] [world] The Player <wqe123420> has dropped 11 of OAK PLANKS at X= -28, Y= 64, Z= -286 that had [] enchantment(s) | 
[2023-07-10 10:08:55] [world] The Player <wqe123420> has dropped 3 of STICK at X= -28, Y= 64, Z= -286 that had [] enchantment(s) | 
[2023-07-10 10:08:59] [world] The Player <wqe123420> has dropped 1 of COBBLESTONE at X= -28, Y= 64, Z= -286 that had [] enchantment(s) | 
[2023-07-10 10:09:01] [world] The Player <wqe123420> has dropped 4 of BONE at X= -28, Y= 64, Z= -286 that had [] enchantment(s) | 
[2023-07-10 10:09:01] [world] The Player <wqe123420> has dropped 10 of COBBLESTONE at X= -28, Y= 64, Z= -286 that had [] enchantment(s) | 
[2023-07-10 10:09:10] [world] The Player <Xw114> has dropped 1 of GLASS at X= -27, Y= 64, Z= -288 that had [] enchantment(s) | 
[2023-07-10 10:09:15] [world] The Player <Xw114> has dropped 1 of COBBLESTONE at X= -27, Y= 64, Z= -288 that had [] enchantment(s) | 
[2023-07-10 10:09:35] [world] The Player <wqe123420> has dropped 1 of RECOVERY COMPASS at X= -21, Y= 64, Z= -280 that had [Unbreaking] enchantment(s) | §fwqe123420's Grave
[2023-07-10 10:09:48] [world] The Player <wqe123420> has dropped 1 of WRITTEN BOOK at X= -41, Y= -61, Z= -248 that had [Unbreaking] enchantment(s) | 
[2023-07-10 10:10:24] [world] The Player <wqe123420> has dropped 6 of COBBLESTONE SLAB at X= -30, Y= -53, Z= -242 that had [] enchantment(s) | 
[2023-07-10 10:10:26] [world] The Player <wqe123420> has dropped 2 of IRON INGOT at X= -30, Y= -53, Z= -242 that had [] enchantment(s) | 
[2023-07-10 10:10:35] [world] The Player <Xw114> has dropped 1 of WRITTEN BOOK at X= -14, Y= 64, Z= -300 that had [Unbreaking] enchantment(s) | 
[2023-07-10 10:10:37] [world] The Player <Xw114> has dropped 1 of WRITTEN BOOK at X= -14, Y= 64, Z= -300 that had [Unbreaking] enchantment(s) | 
[2023-07-10 10:10:38] [world] The Player <Xw114> has dropped 2 of BIRCH BUTTON at X= -14, Y= 64, Z= -300 that had [] enchantment(s) | 
[2023-07-10 10:10:40] [world] The Player <Xw114> has dropped 1 of TNT at X= -14, Y= 64, Z= -300 that had [] enchantment(s) | 
[2023-07-10 10:10:41] [world] The Player <Xw114> has dropped 23 of SANDSTONE at X= -14, Y= 64, Z= -300 that had [] enchantment(s) | 
[2023-07-10 10:10:49] [world] The Player <Xw114> has dropped 25 of ARROW at X= -14, Y= 64, Z= -300 that had [] enchantment(s) | 
[2023-07-10 10:10:51] [world] The Player <Xw114> has dropped 1 of GUNPOWDER at X= -14, Y= 64, Z= -300 that had [] enchantment(s) | 
[2023-07-10 10:10:54] [world] The Player <Xw114> has dropped 11 of ENDER PEARL at X= -14, Y= 64, Z= -300 that had [] enchantment(s) | 
[2023-07-10 10:11:40] [world] The Player <wqe123420> has dropped 1 of LEVER at X= -30, Y= -55, Z= -240 that had [] enchantment(s) | 
[2023-07-10 10:11:50] [world] The Player <wqe123420> has dropped 1 of LEVER at X= -29, Y= -55, Z= -240 that had [] enchantment(s) | 
[2023-07-10 10:11:56] [world] The Player <wqe123420> has dropped 1 of SLIME BLOCK at X= -29, Y= -55, Z= -240 that had [] enchantment(s) | 
[2023-07-10 10:12:01] [world] The Player <wqe123420> has dropped 1 of DETECTOR RAIL at X= -29, Y= -54, Z= -242 that had [] enchantment(s) | 
[2023-07-10 10:12:02] [world] The Player <wqe123420> has dropped 1 of DETECTOR RAIL at X= -29, Y= -54, Z= -242 that had [] enchantment(s) | 
[2023-07-10 10:12:02] [world] The Player <wqe123420> has dropped 1 of DETECTOR RAIL at X= -29, Y= -54, Z= -242 that had [] enchantment(s) | 
[2023-07-10 10:12:02] [world] The Player <wqe123420> has dropped 1 of DETECTOR RAIL at X= -29, Y= -54, Z= -242 that had [] enchantment(s) | 
[2023-07-10 10:12:02] [world] The Player <wqe123420> has dropped 1 of DETECTOR RAIL at X= -29, Y= -54, Z= -242 that had [] enchantment(s) | 
[2023-07-10 10:13:34] [world] The Player <wqe123420> has dropped 1 of RECOVERY COMPASS at X= -21, Y= 64, Z= -280 that had [Unbreaking] enchantment(s) | §fwqe123420's Grave
[2023-07-10 10:13:46] [world] The Player <wqe123420> has dropped 1 of WRITTEN BOOK at X= -41, Y= -61, Z= -248 that had [Unbreaking] enchantment(s) | 
[2023-07-10 10:13:48] [world] The Player <wqe123420> has dropped 6 of COBBLESTONE SLAB at X= -41, Y= -61, Z= -248 that had [] enchantment(s) | 
[2023-07-10 10:17:48] [world] The Player <wqe123420> has dropped 6 of ARROW at X= -47, Y= -54, Z= -244 that had [] enchantment(s) | 
[2023-07-10 10:17:50] [world] The Player <wqe123420> has dropped 46 of IRON BLOCK at X= -47, Y= -54, Z= -244 that had [] enchantment(s) | 
[2023-07-10 10:17:51] [world] The Player <wqe123420> has dropped 7 of STONE at X= -47, Y= -54, Z= -244 that had [] enchantment(s) | 
[2023-07-10 10:17:52] [world] The Player <wqe123420> has dropped 2 of IRON INGOT at X= -47, Y= -54, Z= -244 that had [] enchantment(s) | 
[2023-07-10 10:18:04] [world] The Player <wqe123420> has dropped 7 of STONE at X= -28, Y= -54, Z= -243 that had [] enchantment(s) | 
[2023-07-10 10:20:44] [world] The Player <wqe123420> has dropped 1 of ENCHANTED BOOK at X= -3246, Y= 61, Z= 4330 that had [Aqua Affinity, Efficiency, Fire Aspect, Knockback, Looting, Sharpness, Smite, Unbreaking] enchantment(s) | §4哲理伦宝典
[2023-07-10 10:21:48] [world] The Player <Enderlava> has dropped 1 of STICK at X= 6, Y= 72, Z= -258 that had [] enchantment(s) | §6火箭§f (§3法杖§f)
[2023-07-10 10:22:03] [world] The Player <wqe123420> has dropped 16 of COBBLESTONE at X= -17, Y= 57, Z= -295 that had [] enchantment(s) | 
[2023-07-10 10:22:07] [world] The Player <wqe123420> has dropped 1 of FLINT AND STEEL at X= -17, Y= 57, Z= -295 that had [] enchantment(s) | 
[2023-07-10 10:22:08] [world] The Player <wqe123420> has dropped 37 of SLIME BALL at X= -17, Y= 57, Z= -295 that had [] enchantment(s) | 
[2023-07-10 10:22:09] [world] The Player <wqe123420> has dropped 64 of COBBLED DEEPSLATE at X= -17, Y= 57, Z= -295 that had [] enchantment(s) | 
[2023-07-10 10:22:46] [world] The Player <wqe123420> has dropped 1 of RECOVERY COMPASS at X= -21, Y= 64, Z= -280 that had [Unbreaking] enchantment(s) | §fwqe123420's Grave
[2023-07-10 10:23:04] [world] The Player <wqe123420> has dropped 1 of WRITTEN BOOK at X= -41, Y= -60, Z= -247 that had [Unbreaking] enchantment(s) | 
[2023-07-10 10:23:06] [world] The Player <wqe123420> has dropped 1 of WRITTEN BOOK at X= -41, Y= -60, Z= -247 that had [Unbreaking] enchantment(s) | 
[2023-07-10 10:29:12] [world] The Player <Enderlava> has dropped 47 of BAKED POTATO at X= -27, Y= -56, Z= -239 that had [] enchantment(s) | 
[2023-07-10 10:29:17] [world] The Player <Enderlava> has dropped 14 of GOLD NUGGET at X= -27, Y= -56, Z= -239 that had [] enchantment(s) | 
[2023-07-10 10:31:30] [world] The Player <wqe123420> has dropped 1 of NETHERITE PICKAXE at X= -27, Y= -54, Z= -222 that had [Efficiency, Fortune, Mending, Unbreaking] enchantment(s) | 
[2023-07-10 10:34:59] [world] The Player <wqe123420> has dropped 64 of COBBLED DEEPSLATE at X= -25, Y= -55, Z= -180 that had [] enchantment(s) | 
[2023-07-10 10:47:32] [world] The Player <Enderlava> has dropped 1 of WRITTEN BOOK at X= -30, Y= -55, Z= -240 that had [Unbreaking] enchantment(s) | 
[2023-07-10 10:47:33] [world] The Player <Enderlava> has dropped 28 of GOLD NUGGET at X= -30, Y= -55, Z= -240 that had [] enchantment(s) | 
[2023-07-10 10:47:36] [world] The Player <Enderlava> has dropped 1 of WRITTEN BOOK at X= -27, Y= -54, Z= -241 that had [Unbreaking] enchantment(s) | 
[2023-07-10 11:05:13] [world] The Player <Enderlava> has dropped 1 of ENCHANTED BOOK at X= -31, Y= -54, Z= -242 that had [] enchantment(s) | §3Spell Book
[2023-07-10 11:05:20] [world] The Player <Enderlava> has dropped 15 of ENDER PEARL at X= -31, Y= -54, Z= -246 that had [] enchantment(s) | 
[2023-07-10 11:05:21] [world] The Player <Enderlava> has dropped 16 of ENDER PEARL at X= -31, Y= -54, Z= -246 that had [] enchantment(s) | 
[2023-07-10 11:05:34] [world] The Player <Enderlava> has dropped 2 of LAPIS LAZULI at X= -30, Y= 73, Z= -282 that had [] enchantment(s) | 
[2023-07-10 11:05:37] [world] The Player <Enderlava> has dropped 14 of ENDER PEARL at X= -30, Y= 73, Z= -282 that had [] enchantment(s) | 
[2023-07-10 11:05:38] [world] The Player <Enderlava> has dropped 16 of ENDER PEARL at X= -30, Y= 73, Z= -282 that had [] enchantment(s) | 
[2023-07-10 11:05:38] [world] The Player <Enderlava> has dropped 16 of ENDER PEARL at X= -30, Y= 73, Z= -282 that had [] enchantment(s) | 
[2023-07-10 11:05:39] [world] The Player <Enderlava> has dropped 26 of NETHER WART at X= -30, Y= 73, Z= -282 that had [] enchantment(s) | 
[2023-07-10 11:06:05] [world] The Player <Enderlava> has dropped 1 of BOW at X= -29, Y= 74, Z= -283 that had [] enchantment(s) | §3魔法弓
[2023-07-10 11:06:11] [world] The Player <Enderlava> has dropped 1 of NETHERITE SWORD at X= -29, Y= 74, Z= -283 that had [] enchantment(s) | §3魔法剑
[2023-07-10 11:06:17] [world] The Player <Enderlava> has dropped 1 of ENCHANTED BOOK at X= -29, Y= 74, Z= -283 that had [] enchantment(s) | §3Spell Book
[2023-07-10 11:06:25] [world] The Player <Enderlava> has dropped 1 of STICK at X= -27, Y= 76, Z= -282 that had [] enchantment(s) | §6Rocket§f (§3Wand§f)
[2023-07-10 11:06:52] [world] The Player <Enderlava> has dropped 1 of BOW at X= -43, Y= 73, Z= -266 that had [] enchantment(s) | §3魔法弓
[2023-07-10 11:06:57] [world] The Player <Enderlava> has dropped 1 of STICK at X= -43, Y= 73, Z= -266 that had [] enchantment(s) | §6Rocket§f (§3Wand§f)
[2023-07-10 11:07:02] [world] The Player <Enderlava> has dropped 1 of NETHERITE SWORD at X= -43, Y= 73, Z= -266 that had [] enchantment(s) | §3Magic Sword
[2023-07-10 11:07:08] [world] The Player <Enderlava> has dropped 1 of ENCHANTED BOOK at X= -43, Y= 73, Z= -266 that had [] enchantment(s) | §3Spell Book
[2023-07-10 11:11:44] [world] The Player <Enderlava> has dropped 1 of JUNGLE DOOR at X= -62, Y= 74, Z= -213 that had [] enchantment(s) | §6Recall§f
[2023-07-10 11:12:01] [world] The Player <Enderlava> has dropped 1 of JUNGLE DOOR at X= -62, Y= 74, Z= -213 that had [] enchantment(s) | §6Recall§f
[2023-07-10 11:12:14] [world] The Player <Enderlava> has dropped 1 of JUNGLE DOOR at X= -62, Y= 74, Z= -217 that had [] enchantment(s) | §6Recall§f
[2023-07-10 11:12:14] [world] The Player <Enderlava> has dropped 1 of JUNGLE DOOR at X= -62, Y= 74, Z= -217 that had [] enchantment(s) | §6Recall§f
[2023-07-10 12:49:33] [world] The Player <wqe123420> has dropped 64 of COBBLED DEEPSLATE at X= -27, Y= -55, Z= -114 that had [] enchantment(s) | 
[2023-07-10 12:53:07] [world] The Player <wqe123420> has dropped 1 of RECOVERY COMPASS at X= -21, Y= 64, Z= -280 that had [Unbreaking] enchantment(s) | §fwqe123420's Grave
[2023-07-10 12:54:59] [world] The Player <wqe123420> has dropped 18 of BAKED POTATO at X= -21, Y= -55, Z= -94 that had [] enchantment(s) | 
[2023-07-10 13:03:49] [world] The Player <Enderlava> has dropped 38 of OAK SAPLING at X= 0, Y= 71, Z= -256 that had [] enchantment(s) | 
[2023-07-10 13:04:02] [world] The Player <Enderlava> has dropped 1 of STICK at X= -21, Y= 71, Z= -241 that had [] enchantment(s) | §6火箭§f (§3法杖§f)
[2023-07-10 13:04:06] [world] The Player <Enderlava> has dropped 1 of STICK at X= -21, Y= 71, Z= -241 that had [] enchantment(s) | §6魔法导弹§f (§3法杖§f)
[2023-07-10 13:04:49] [world] The Player <Enderlava> has dropped 1 of STICK at X= -31, Y= 80, Z= -240 that had [] enchantment(s) | §3书舍尔
[2023-07-10 13:05:31] [world] The Player <Enderlava> has dropped 1 of TRIDENT at X= -31, Y= 80, Z= -240 that had [Riptide] enchantment(s) | §bAirtide
[2023-07-10 13:06:42] [world] The Player <Enderlava> has dropped 1 of TRIDENT at X= 26, Y= 76, Z= -197 that had [Riptide] enchantment(s) | §bAirtide
[2023-07-10 13:06:51] [world] The Player <Enderlava> has dropped 1 of DIAMOND AXE at X= 29, Y= 75, Z= -198 that had [] enchantment(s) | §b抗饥饿进阶
[2023-07-10 13:06:56] [world] The Player <Enderlava> has dropped 1 of DIAMOND AXE at X= 28, Y= 76, Z= -198 that had [] enchantment(s) | §b抗饥饿进阶
[2023-07-10 13:07:11] [world] The Player <Enderlava> has dropped 1 of DIAMOND AXE at X= 28, Y= 76, Z= -200 that had [] enchantment(s) | §b抗饥饿进阶
[2023-07-10 13:07:13] [world] The Player <Enderlava> has dropped 1 of WARPED SIGN at X= 28, Y= 76, Z= -200 that had [] enchantment(s) | §b排序器
[2023-07-10 13:07:24] [world] The Player <Enderlava> has dropped 1 of ENCHANTED BOOK at X= 30, Y= 75, Z= -200 that had [] enchantment(s) | §b书之法杖外观
[2023-07-10 13:07:27] [world] The Player <Enderlava> has dropped 1 of ENCHANTED BOOK at X= 29, Y= 75, Z= -200 that had [] enchantment(s) | §b书之法杖外观
[2023-07-10 13:07:41] [world] The Player <Enderlava> has dropped 1 of TRIDENT at X= 31, Y= 75, Z= -201 that had [Riptide] enchantment(s) | §bAirtide
[2023-07-10 13:07:46] [world] The Player <Enderlava> has dropped 62 of BONE MEAL at X= 29, Y= 75, Z= -201 that had [] enchantment(s) | 
[2023-07-10 13:07:51] [world] The Player <Enderlava> has dropped 1 of STICK at X= 28, Y= 76, Z= -200 that had [] enchantment(s) | §b法杖
[2023-07-10 13:08:51] [world] The Player <Enderlava> has dropped 1 of STICK at X= -27, Y= 70, Z= -283 that had [] enchantment(s) | §3法杖
[2023-07-10 13:11:12] [world] The Player <Enderlava> has dropped 1 of ROTTEN FLESH at X= 10, Y= 63, Z= -269 that had [] enchantment(s) | 
[2023-07-10 13:11:50] [world] The Player <wqe123420> has dropped 1 of ROTTEN FLESH at X= 10, Y= 63, Z= -270 that had [] enchantment(s) | 
[2023-07-10 13:23:54] [world] The Player <wqe123420> has dropped 1 of SUGAR CANE at X= 11, Y= 63, Z= -263 that had [] enchantment(s) | 
[2023-07-10 13:23:55] [world] The Player <wqe123420> has dropped 1 of GUNPOWDER at X= 11, Y= 63, Z= -263 that had [] enchantment(s) | 
[2023-07-10 13:24:10] [world] The Player <wqe123420> has dropped 1 of WRITTEN BOOK at X= -29, Y= -54, Z= -247 that had [Unbreaking] enchantment(s) | 
[2023-07-10 13:24:11] [world] The Player <wqe123420> has dropped 1 of WRITTEN BOOK at X= -29, Y= -54, Z= -247 that had [Unbreaking] enchantment(s) | 
[2023-07-10 13:24:47] [world] The Player <wqe123420> has dropped 2 of RAW IRON at X= -11, Y= 65, Z= -302 that had [] enchantment(s) | 
[2023-07-10 13:32:16] [world] The Player <wqe123420> has dropped 64 of COBBLED DEEPSLATE at X= -872, Y= 78, Z= -737 that had [] enchantment(s) | 
[2023-07-10 13:33:14] [world] The Player <wqe123420> has dropped 1 of TUFF at X= -829, Y= 21, Z= -764 that had [] enchantment(s) | 
[2023-07-10 13:33:15] [world] The Player <wqe123420> has dropped 1 of TUFF at X= -829, Y= 21, Z= -764 that had [] enchantment(s) | 
[2023-07-10 13:33:15] [world] The Player <wqe123420> has dropped 1 of TUFF at X= -829, Y= 21, Z= -764 that had [] enchantment(s) | 
[2023-07-10 13:33:15] [world] The Player <wqe123420> has dropped 1 of TUFF at X= -829, Y= 21, Z= -764 that had [] enchantment(s) | 
[2023-07-10 13:33:15] [world] The Player <wqe123420> has dropped 1 of TUFF at X= -829, Y= 21, Z= -764 that had [] enchantment(s) | 
[2023-07-10 13:33:15] [world] The Player <wqe123420> has dropped 1 of TUFF at X= -829, Y= 21, Z= -764 that had [] enchantment(s) | 
[2023-07-10 13:33:15] [world] The Player <wqe123420> has dropped 1 of TUFF at X= -829, Y= 21, Z= -764 that had [] enchantment(s) | 
[2023-07-10 13:33:15] [world] The Player <wqe123420> has dropped 1 of TUFF at X= -829, Y= 21, Z= -764 that had [] enchantment(s) | 
[2023-07-10 13:33:16] [world] The Player <wqe123420> has dropped 1 of TUFF at X= -829, Y= 21, Z= -764 that had [] enchantment(s) | 
[2023-07-10 13:33:16] [world] The Player <wqe123420> has dropped 1 of TUFF at X= -829, Y= 21, Z= -764 that had [] enchantment(s) | 
[2023-07-10 13:33:16] [world] The Player <wqe123420> has dropped 1 of TUFF at X= -829, Y= 21, Z= -764 that had [] enchantment(s) | 
[2023-07-10 13:33:16] [world] The Player <wqe123420> has dropped 1 of TUFF at X= -829, Y= 21, Z= -764 that had [] enchantment(s) | 
[2023-07-10 13:33:16] [world] The Player <wqe123420> has dropped 1 of TUFF at X= -829, Y= 21, Z= -764 that had [] enchantment(s) | 
[2023-07-10 13:33:16] [world] The Player <wqe123420> has dropped 1 of TUFF at X= -829, Y= 21, Z= -764 that had [] enchantment(s) | 
[2023-07-10 13:33:16] [world] The Player <wqe123420> has dropped 1 of TUFF at X= -829, Y= 21, Z= -764 that had [] enchantment(s) | 
[2023-07-10 13:33:16] [world] The Player <wqe123420> has dropped 1 of TUFF at X= -829, Y= 21, Z= -764 that had [] enchantment(s) | 
[2023-07-10 13:33:16] [world] The Player <wqe123420> has dropped 1 of TUFF at X= -829, Y= 21, Z= -764 that had [] enchantment(s) | 
[2023-07-10 13:33:16] [world] The Player <wqe123420> has dropped 1 of TUFF at X= -829, Y= 21, Z= -764 that had [] enchantment(s) | 
[2023-07-10 13:33:16] [world] The Player <wqe123420> has dropped 1 of TUFF at X= -829, Y= 21, Z= -764 that had [] enchantment(s) | 
[2023-07-10 13:33:16] [world] The Player <wqe123420> has dropped 1 of TUFF at X= -829, Y= 21, Z= -764 that had [] enchantment(s) | 
[2023-07-10 13:33:16] [world] The Player <wqe123420> has dropped 1 of TUFF at X= -829, Y= 21, Z= -764 that had [] enchantment(s) | 
[2023-07-10 13:33:16] [world] The Player <wqe123420> has dropped 1 of TUFF at X= -829, Y= 21, Z= -764 that had [] enchantment(s) | 
[2023-07-10 13:33:16] [world] The Player <wqe123420> has dropped 1 of TUFF at X= -829, Y= 21, Z= -764 that had [] enchantment(s) | 
[2023-07-10 13:33:16] [world] The Player <wqe123420> has dropped 1 of TUFF at X= -829, Y= 21, Z= -764 that had [] enchantment(s) | 
[2023-07-10 13:33:16] [world] The Player <wqe123420> has dropped 1 of TUFF at X= -829, Y= 21, Z= -764 that had [] enchantment(s) | 
[2023-07-10 13:33:16] [world] The Player <wqe123420> has dropped 1 of TUFF at X= -829, Y= 21, Z= -764 that had [] enchantment(s) | 
[2023-07-10 13:33:16] [world] The Player <wqe123420> has dropped 1 of TUFF at X= -829, Y= 21, Z= -764 that had [] enchantment(s) | 
[2023-07-10 13:33:16] [world] The Player <wqe123420> has dropped 1 of TUFF at X= -829, Y= 21, Z= -764 that had [] enchantment(s) | 
[2023-07-10 13:33:16] [world] The Player <wqe123420> has dropped 1 of TUFF at X= -829, Y= 21, Z= -764 that had [] enchantment(s) | 
[2023-07-10 13:33:16] [world] The Player <wqe123420> has dropped 1 of TUFF at X= -829, Y= 21, Z= -764 that had [] enchantment(s) | 
[2023-07-10 13:33:16] [world] The Player <wqe123420> has dropped 1 of TUFF at X= -829, Y= 21, Z= -764 that had [] enchantment(s) | 
[2023-07-10 13:33:16] [world] The Player <wqe123420> has dropped 1 of TUFF at X= -829, Y= 21, Z= -764 that had [] enchantment(s) | 
[2023-07-10 13:33:16] [world] The Player <wqe123420> has dropped 1 of TUFF at X= -829, Y= 21, Z= -764 that had [] enchantment(s) | 
[2023-07-10 13:33:16] [world] The Player <wqe123420> has dropped 1 of TUFF at X= -829, Y= 21, Z= -764 that had [] enchantment(s) | 
[2023-07-10 13:33:17] [world] The Player <wqe123420> has dropped 1 of TUFF at X= -829, Y= 21, Z= -764 that had [] enchantment(s) | 
[2023-07-10 13:33:17] [world] The Player <wqe123420> has dropped 1 of TUFF at X= -829, Y= 21, Z= -764 that had [] enchantment(s) | 
[2023-07-10 13:33:17] [world] The Player <wqe123420> has dropped 1 of TUFF at X= -829, Y= 21, Z= -764 that had [] enchantment(s) | 
[2023-07-10 13:33:17] [world] The Player <wqe123420> has dropped 1 of TUFF at X= -829, Y= 21, Z= -764 that had [] enchantment(s) | 
[2023-07-10 13:33:17] [world] The Player <wqe123420> has dropped 1 of TUFF at X= -829, Y= 21, Z= -764 that had [] enchantment(s) | 
[2023-07-10 13:33:17] [world] The Player <wqe123420> has dropped 1 of TUFF at X= -829, Y= 21, Z= -764 that had [] enchantment(s) | 
[2023-07-10 13:33:17] [world] The Player <wqe123420> has dropped 1 of TUFF at X= -829, Y= 21, Z= -764 that had [] enchantment(s) | 
[2023-07-10 13:33:17] [world] The Player <wqe123420> has dropped 1 of TUFF at X= -829, Y= 21, Z= -764 that had [] enchantment(s) | 
[2023-07-10 13:33:17] [world] The Player <wqe123420> has dropped 1 of TUFF at X= -829, Y= 21, Z= -764 that had [] enchantment(s) | 
[2023-07-10 13:33:17] [world] The Player <wqe123420> has dropped 1 of TUFF at X= -829, Y= 21, Z= -764 that had [] enchantment(s) | 
[2023-07-10 13:33:17] [world] The Player <wqe123420> has dropped 1 of TUFF at X= -829, Y= 21, Z= -764 that had [] enchantment(s) | 
[2023-07-10 13:33:17] [world] The Player <wqe123420> has dropped 1 of TUFF at X= -829, Y= 21, Z= -764 that had [] enchantment(s) | 
[2023-07-10 13:33:17] [world] The Player <wqe123420> has dropped 1 of TUFF at X= -829, Y= 21, Z= -764 that had [] enchantment(s) | 
[2023-07-10 13:33:17] [world] The Player <wqe123420> has dropped 1 of TUFF at X= -829, Y= 21, Z= -764 that had [] enchantment(s) | 
[2023-07-10 13:33:17] [world] The Player <wqe123420> has dropped 1 of AMETHYST BLOCK at X= -829, Y= 21, Z= -764 that had [] enchantment(s) | 
[2023-07-10 13:33:17] [world] The Player <wqe123420> has dropped 1 of AMETHYST BLOCK at X= -829, Y= 21, Z= -764 that had [] enchantment(s) | 
[2023-07-10 13:33:17] [world] The Player <wqe123420> has dropped 1 of AMETHYST BLOCK at X= -829, Y= 21, Z= -764 that had [] enchantment(s) | 
[2023-07-10 13:33:17] [world] The Player <wqe123420> has dropped 1 of AMETHYST BLOCK at X= -829, Y= 21, Z= -764 that had [] enchantment(s) | 
[2023-07-10 13:33:17] [world] The Player <wqe123420> has dropped 1 of AMETHYST BLOCK at X= -829, Y= 21, Z= -764 that had [] enchantment(s) | 
[2023-07-10 13:33:17] [world] The Player <wqe123420> has dropped 1 of AMETHYST BLOCK at X= -829, Y= 21, Z= -764 that had [] enchantment(s) | 
[2023-07-10 13:33:20] [world] The Player <wqe123420> has dropped 1 of TUFF at X= -827, Y= 21, Z= -762 that had [] enchantment(s) | 
[2023-07-10 13:33:21] [world] The Player <wqe123420> has dropped 1 of TUFF at X= -827, Y= 19, Z= -762 that had [] enchantment(s) | 
[2023-07-10 13:33:21] [world] The Player <wqe123420> has dropped 1 of TUFF at X= -827, Y= 19, Z= -762 that had [] enchantment(s) | 
[2023-07-10 13:33:21] [world] The Player <wqe123420> has dropped 1 of TUFF at X= -827, Y= 19, Z= -762 that had [] enchantment(s) | 
[2023-07-10 13:33:21] [world] The Player <wqe123420> has dropped 1 of TUFF at X= -827, Y= 19, Z= -762 that had [] enchantment(s) | 
[2023-07-10 13:33:21] [world] The Player <wqe123420> has dropped 1 of TUFF at X= -827, Y= 19, Z= -762 that had [] enchantment(s) | 
[2023-07-10 13:33:21] [world] The Player <wqe123420> has dropped 1 of TUFF at X= -827, Y= 19, Z= -762 that had [] enchantment(s) | 
[2023-07-10 13:33:21] [world] The Player <wqe123420> has dropped 1 of TUFF at X= -827, Y= 19, Z= -762 that had [] enchantment(s) | 
[2023-07-10 13:33:21] [world] The Player <wqe123420> has dropped 1 of TUFF at X= -827, Y= 19, Z= -762 that had [] enchantment(s) | 
[2023-07-10 13:33:21] [world] The Player <wqe123420> has dropped 1 of TUFF at X= -827, Y= 19, Z= -762 that had [] enchantment(s) | 
[2023-07-10 13:33:21] [world] The Player <wqe123420> has dropped 1 of TUFF at X= -827, Y= 19, Z= -762 that had [] enchantment(s) | 
[2023-07-10 13:33:21] [world] The Player <wqe123420> has dropped 1 of TUFF at X= -827, Y= 19, Z= -762 that had [] enchantment(s) | 
[2023-07-10 13:33:21] [world] The Player <wqe123420> has dropped 1 of TUFF at X= -827, Y= 19, Z= -762 that had [] enchantment(s) | 
[2023-07-10 13:33:21] [world] The Player <wqe123420> has dropped 1 of TUFF at X= -827, Y= 19, Z= -762 that had [] enchantment(s) | 
[2023-07-10 13:33:21] [world] The Player <wqe123420> has dropped 1 of TUFF at X= -827, Y= 19, Z= -762 that had [] enchantment(s) | 
[2023-07-10 13:33:21] [world] The Player <wqe123420> has dropped 1 of TUFF at X= -827, Y= 19, Z= -762 that had [] enchantment(s) | 
[2023-07-10 13:33:21] [world] The Player <wqe123420> has dropped 1 of TUFF at X= -827, Y= 19, Z= -762 that had [] enchantment(s) | 
[2023-07-10 13:33:21] [world] The Player <wqe123420> has dropped 1 of TUFF at X= -827, Y= 19, Z= -762 that had [] enchantment(s) | 
[2023-07-10 13:33:21] [world] The Player <wqe123420> has dropped 1 of TUFF at X= -827, Y= 19, Z= -762 that had [] enchantment(s) | 
[2023-07-10 13:33:21] [world] The Player <wqe123420> has dropped 1 of TUFF at X= -827, Y= 19, Z= -762 that had [] enchantment(s) | 
[2023-07-10 13:33:21] [world] The Player <wqe123420> has dropped 1 of TUFF at X= -827, Y= 19, Z= -762 that had [] enchantment(s) | 
[2023-07-10 13:33:21] [world] The Player <wqe123420> has dropped 1 of TUFF at X= -827, Y= 19, Z= -762 that had [] enchantment(s) | 
[2023-07-10 13:33:21] [world] The Player <wqe123420> has dropped 1 of TUFF at X= -827, Y= 19, Z= -762 that had [] enchantment(s) | 
[2023-07-10 13:33:21] [world] The Player <wqe123420> has dropped 1 of AMETHYST BLOCK at X= -827, Y= 19, Z= -762 that had [] enchantment(s) | 
[2023-07-10 13:33:21] [world] The Player <wqe123420> has dropped 1 of AMETHYST BLOCK at X= -827, Y= 19, Z= -762 that had [] enchantment(s) | 
[2023-07-10 13:33:21] [world] The Player <wqe123420> has dropped 1 of AMETHYST BLOCK at X= -827, Y= 19, Z= -762 that had [] enchantment(s) | 
[2023-07-10 13:33:21] [world] The Player <wqe123420> has dropped 1 of AMETHYST BLOCK at X= -827, Y= 19, Z= -762 that had [] enchantment(s) | 
[2023-07-10 13:33:21] [world] The Player <wqe123420> has dropped 1 of AMETHYST BLOCK at X= -827, Y= 19, Z= -762 that had [] enchantment(s) | 
[2023-07-10 13:33:22] [world] The Player <wqe123420> has dropped 1 of AMETHYST BLOCK at X= -827, Y= 19, Z= -762 that had [] enchantment(s) | 
[2023-07-10 13:33:24] [world] The Player <wqe123420> has dropped 1 of TUFF at X= -827, Y= 19, Z= -760 that had [] enchantment(s) | 
[2023-07-10 13:33:24] [world] The Player <wqe123420> has dropped 1 of TUFF at X= -827, Y= 19, Z= -760 that had [] enchantment(s) | 
[2023-07-10 13:33:24] [world] The Player <wqe123420> has dropped 1 of TUFF at X= -827, Y= 19, Z= -760 that had [] enchantment(s) | 
[2023-07-10 13:33:24] [world] The Player <wqe123420> has dropped 1 of TUFF at X= -827, Y= 19, Z= -760 that had [] enchantment(s) | 
[2023-07-10 13:33:24] [world] The Player <wqe123420> has dropped 1 of TUFF at X= -827, Y= 19, Z= -760 that had [] enchantment(s) | 
[2023-07-10 13:33:25] [world] The Player <wqe123420> has dropped 1 of TUFF at X= -827, Y= 19, Z= -760 that had [] enchantment(s) | 
[2023-07-10 13:33:25] [world] The Player <wqe123420> has dropped 1 of TUFF at X= -827, Y= 19, Z= -760 that had [] enchantment(s) | 
[2023-07-10 13:33:25] [world] The Player <wqe123420> has dropped 1 of TUFF at X= -827, Y= 19, Z= -760 that had [] enchantment(s) | 
[2023-07-10 13:33:25] [world] The Player <wqe123420> has dropped 1 of TUFF at X= -827, Y= 19, Z= -760 that had [] enchantment(s) | 
[2023-07-10 13:33:25] [world] The Player <wqe123420> has dropped 1 of TUFF at X= -827, Y= 19, Z= -760 that had [] enchantment(s) | 
[2023-07-10 13:33:25] [world] The Player <wqe123420> has dropped 1 of TUFF at X= -827, Y= 19, Z= -760 that had [] enchantment(s) | 
[2023-07-10 13:33:25] [world] The Player <wqe123420> has dropped 1 of TUFF at X= -827, Y= 19, Z= -760 that had [] enchantment(s) | 
[2023-07-10 13:33:25] [world] The Player <wqe123420> has dropped 1 of TUFF at X= -827, Y= 19, Z= -760 that had [] enchantment(s) | 
[2023-07-10 13:33:25] [world] The Player <wqe123420> has dropped 1 of TUFF at X= -827, Y= 19, Z= -760 that had [] enchantment(s) | 
[2023-07-10 13:33:25] [world] The Player <wqe123420> has dropped 1 of TUFF at X= -827, Y= 19, Z= -760 that had [] enchantment(s) | 
[2023-07-10 13:33:25] [world] The Player <wqe123420> has dropped 1 of TUFF at X= -827, Y= 19, Z= -760 that had [] enchantment(s) | 
[2023-07-10 13:33:25] [world] The Player <wqe123420> has dropped 1 of TUFF at X= -827, Y= 19, Z= -760 that had [] enchantment(s) | 
[2023-07-10 13:33:25] [world] The Player <wqe123420> has dropped 1 of TUFF at X= -827, Y= 19, Z= -760 that had [] enchantment(s) | 
[2023-07-10 13:33:25] [world] The Player <wqe123420> has dropped 1 of TUFF at X= -827, Y= 19, Z= -760 that had [] enchantment(s) | 
[2023-07-10 13:33:25] [world] The Player <wqe123420> has dropped 1 of TUFF at X= -827, Y= 19, Z= -760 that had [] enchantment(s) | 
[2023-07-10 13:33:25] [world] The Player <wqe123420> has dropped 1 of TUFF at X= -827, Y= 19, Z= -760 that had [] enchantment(s) | 
[2023-07-10 13:33:25] [world] The Player <wqe123420> has dropped 1 of TUFF at X= -827, Y= 19, Z= -760 that had [] enchantment(s) | 
[2023-07-10 13:33:25] [world] The Player <wqe123420> has dropped 1 of TUFF at X= -827, Y= 19, Z= -760 that had [] enchantment(s) | 
[2023-07-10 13:38:34] [world] The Player <wqe123420> has dropped 1 of BAKED POTATO at X= -651, Y= -51, Z= -689 that had [] enchantment(s) | 
[2023-07-10 13:53:04] [world] The Player <wqe123420> has dropped 1 of ROTTEN FLESH at X= -2, Y= 78, Z= -298 that had [] enchantment(s) | 
[2023-07-10 13:53:04] [world] The Player <wqe123420> has dropped 1 of ROTTEN FLESH at X= 1, Y= 77, Z= -300 that had [] enchantment(s) | 
[2023-07-10 13:53:04] [world] The Player <wqe123420> has dropped 1 of ROTTEN FLESH at X= 5, Y= 77, Z= -301 that had [] enchantment(s) | 
[2023-07-10 13:53:07] [world] The Player <wqe123420> has dropped 1 of ROTTEN FLESH at X= 9, Y= 77, Z= -295 that had [] enchantment(s) | 
[2023-07-10 13:53:07] [world] The Player <wqe123420> has dropped 1 of ROTTEN FLESH at X= 10, Y= 76, Z= -295 that had [] enchantment(s) | 
[2023-07-10 14:08:56] [world_nether] The Player <Enderlava> has dropped 64 of BONE MEAL at X= 8, Y= 134, Z= -46 that had [] enchantment(s) | 
[2023-07-10 14:10:41] [world_nether] The Player <Enderlava> has dropped 64 of BONE MEAL at X= 8, Y= 134, Z= -46 that had [] enchantment(s) | 
[2023-07-10 14:10:44] [world_nether] The Player <Enderlava> has dropped 1 of NETHERITE AXE at X= 8, Y= 134, Z= -47 that had [Aqua Affinity, Efficiency, Fire Aspect, Knockback, Looting, Sharpness, Smite, Unbreaking] enchantment(s) | §4战斗伦战斗斧
[2023-07-10 14:12:33] [world_nether] The Player <wqe123420> has dropped 1 of ENDER PEARL at X= 15, Y= 129, Z= -30 that had [] enchantment(s) | 
[2023-07-10 14:14:18] [world_nether] The Player <Enderlava> has dropped 1 of STICK at X= -8, Y= 129, Z= -48 that had [] enchantment(s) | §6魔法导弹§f (§3大师法杖§f)
[2023-07-10 14:14:22] [world_nether] The Player <Enderlava> has dropped 19 of OAK SAPLING at X= -12, Y= 129, Z= -49 that had [] enchantment(s) | 
[2023-07-10 14:15:58] [world_nether] The Player <wqe123420> has dropped 1 of WRITTEN BOOK at X= -7, Y= 129, Z= -80 that had [Unbreaking] enchantment(s) | 
[2023-07-10 14:18:02] [world_nether] The Player <Enderlava> has dropped 1 of POLISHED BLACKSTONE BUTTON at X= 8, Y= 131, Z= -41 that had [] enchantment(s) | 
[2023-07-10 14:37:04] [world] The Player <wqe123420> has dropped 13 of ANDESITE at X= 990, Y= 17, Z= -3058 that had [] enchantment(s) | 
[2023-07-10 14:37:11] [world] The Player <wqe123420> has dropped 52 of COBBLESTONE at X= 990, Y= 17, Z= -3058 that had [] enchantment(s) | 
[2023-07-10 15:07:03] [world] The Player <wqe123420> has dropped 7 of STICKY PISTON at X= 9, Y= 63, Z= -264 that had [] enchantment(s) | 
[2023-07-10 15:07:04] [world] The Player <wqe123420> has dropped 64 of SPRUCE PLANKS at X= 9, Y= 63, Z= -264 that had [] enchantment(s) | 
[2023-07-10 15:07:04] [world] The Player <wqe123420> has dropped 27 of SPRUCE PLANKS at X= 9, Y= 63, Z= -264 that had [] enchantment(s) | 
[2023-07-10 15:07:05] [world] The Player <wqe123420> has dropped 1 of GOLDEN LEGGINGS at X= 9, Y= 63, Z= -264 that had [] enchantment(s) | 
[2023-07-10 15:07:10] [world] The Player <wqe123420> has dropped 1 of SUGAR CANE at X= 9, Y= 63, Z= -264 that had [] enchantment(s) | 
[2023-07-10 15:07:16] [world] The Player <wqe123420> has dropped 1 of SUGAR CANE at X= 9, Y= 63, Z= -264 that had [] enchantment(s) | 
[2023-07-10 15:07:18] [world] The Player <wqe123420> has dropped 1 of GOLDEN LEGGINGS at X= 9, Y= 63, Z= -264 that had [] enchantment(s) | 
[2023-07-10 15:07:22] [world] The Player <wqe123420> has dropped 1 of SUGAR CANE at X= 8, Y= 63, Z= -262 that had [] enchantment(s) | 
[2023-07-10 15:07:23] [world] The Player <wqe123420> has dropped 7 of STICKY PISTON at X= 8, Y= 63, Z= -262 that had [] enchantment(s) | 
[2023-07-10 15:07:26] [world] The Player <wqe123420> has dropped 1 of SPIDER EYE at X= 10, Y= 64, Z= -272 that had [] enchantment(s) | 
[2023-07-10 15:08:29] [world_the_end] The Player <wqe123420> has dropped 1 of SPRUCE BOAT at X= -867, Y= 84, Z= -730 that had [] enchantment(s) | 
[2023-07-10 15:10:14] [world_the_end] The Player <wqe123420> has dropped 1 of FIREWORK ROCKET at X= -800, Y= 100, Z= -3489 that had [] enchantment(s) | 
[2023-07-10 15:10:15] [world_the_end] The Player <wqe123420> has dropped 1 of FIREWORK ROCKET at X= -800, Y= 100, Z= -3489 that had [] enchantment(s) | 
[2023-07-10 15:10:15] [world_the_end] The Player <wqe123420> has dropped 1 of FIREWORK ROCKET at X= -800, Y= 100, Z= -3489 that had [] enchantment(s) | 
[2023-07-10 15:10:15] [world_the_end] The Player <wqe123420> has dropped 1 of FIREWORK ROCKET at X= -800, Y= 100, Z= -3489 that had [] enchantment(s) | 
[2023-07-10 15:10:15] [world_the_end] The Player <wqe123420> has dropped 1 of FIREWORK ROCKET at X= -800, Y= 100, Z= -3489 that had [] enchantment(s) | 
[2023-07-10 15:10:15] [world_the_end] The Player <wqe123420> has dropped 1 of FIREWORK ROCKET at X= -800, Y= 100, Z= -3489 that had [] enchantment(s) | 
[2023-07-10 15:10:16] [world_the_end] The Player <wqe123420> has dropped 1 of FIREWORK ROCKET at X= -800, Y= 100, Z= -3489 that had [] enchantment(s) | 
[2023-07-10 15:10:16] [world_the_end] The Player <wqe123420> has dropped 1 of FIREWORK ROCKET at X= -800, Y= 100, Z= -3489 that had [] enchantment(s) | 
[2023-07-10 15:10:16] [world_the_end] The Player <wqe123420> has dropped 1 of FIREWORK ROCKET at X= -800, Y= 100, Z= -3489 that had [] enchantment(s) | 
[2023-07-10 15:10:19] [world_the_end] The Player <wqe123420> has dropped 4 of STRING at X= -804, Y= 99, Z= -3489 that had [] enchantment(s) | 
[2023-07-10 15:10:52] [world_the_end] The Player <wqe123420> has dropped 26 of GOLD NUGGET at X= -806, Y= 137, Z= -3421 that had [] enchantment(s) | 
[2023-07-10 15:43:14] [world] The Player <wqe123420> has dropped 1 of RECOVERY COMPASS at X= -21, Y= 64, Z= -280 that had [Unbreaking] enchantment(s) | §fwqe123420's Grave
[2023-07-10 15:43:24] [world] The Player <wqe123420> has dropped 1 of WRITTEN BOOK at X= -243, Y= 69, Z= -155 that had [Unbreaking] enchantment(s) | 
[2023-07-10 16:14:23] [world] The Player <Enderlava> has dropped 1 of WRITTEN BOOK at X= 25, Y= 77, Z= -228 that had [Unbreaking] enchantment(s) | 
[2023-07-10 16:14:24] [world] The Player <Enderlava> has dropped 1 of WRITTEN BOOK at X= 25, Y= 77, Z= -228 that had [Unbreaking] enchantment(s) | 
[2023-07-10 16:36:21] [world] The Player <Enderlava> has dropped 64 of BONE MEAL at X= -26, Y= 73, Z= -221 that had [] enchantment(s) | 
[2023-07-10 16:42:20] [world] The Player <Enderlava> has dropped 1 of STICK at X= -11, Y= 73, Z= -181 that had [] enchantment(s) | §3法杖
[2023-07-10 16:42:20] [world] The Player <Enderlava> has dropped 4 of GOLD NUGGET at X= -11, Y= 73, Z= -181 that had [] enchantment(s) | 
[2023-07-10 16:51:45] [world] The Player <Enderlava> has dropped 60 of GOLD NUGGET at X= 31, Y= 69, Z= -207 that had [] enchantment(s) | 
[2023-07-10 16:58:22] [world] The Player <Enderlava> has dropped 14 of GOLD NUGGET at X= -19, Y= 76, Z= -215 that had [] enchantment(s) | 
[2023-07-10 17:06:09] [world] The Player <Enderlava> has dropped 14 of SANDSTONE at X= -23, Y= 64, Z= -287 that had [] enchantment(s) | 
[2023-07-10 17:06:34] [world] The Player <Enderlava> has dropped 1 of PLAYER HEAD at X= -23, Y= 64, Z= -287 that had [] enchantment(s) | §6§k07031eee-c0d3-4ed4-8fa9-6f8ea128abba
[2023-07-10 18:33:40] [world] The Player <Enderlava> has dropped 4 of ROTTEN FLESH at X= 41, Y= 58, Z= -278 that had [] enchantment(s) | 
[2023-07-10 18:33:41] [world] The Player <Enderlava> has dropped 1 of GOLDEN AXE at X= 41, Y= 58, Z= -278 that had [] enchantment(s) | §7亡灵杀手之可怕的斧
[2023-07-10 19:12:11] [world] The Player <Enderlava> has dropped 1 of WOODEN HOE at X= -10, Y= 64, Z= -279 that had [] enchantment(s) | §aWarlock wand
[2023-07-10 19:12:18] [world] The Player <Enderlava> has dropped 10 of DROPPER at X= -10, Y= 64, Z= -279 that had [] enchantment(s) | 
[2023-07-10 19:12:18] [world] The Player <Enderlava> has dropped 43 of REDSTONE at X= -10, Y= 64, Z= -279 that had [] enchantment(s) | 
[2023-07-10 19:12:19] [world] The Player <Enderlava> has dropped 1 of REPEATER at X= -10, Y= 64, Z= -279 that had [] enchantment(s) | 
[2023-07-10 19:12:41] [world] The Player <Enderlava> has dropped 1 of NETHERITE AXE at X= -5, Y= 64, Z= -280 that had [Knockback, Looting, Smite] enchantment(s) | §8哥布林剁肉斧
[2023-07-10 19:13:39] [world] The Player <Enderlava> has dropped 1 of WRITTEN BOOK at X= -24, Y= 69, Z= -282 that had [Unbreaking] enchantment(s) | 
[2023-07-10 19:13:40] [world] The Player <Enderlava> has dropped 1 of WRITTEN BOOK at X= -24, Y= 69, Z= -282 that had [Unbreaking] enchantment(s) | 
[2023-07-10 19:24:57] [world] The Player <Enderlava> has dropped 1 of WRITTEN BOOK at X= -62, Y= 70, Z= -189 that had [Unbreaking] enchantment(s) | 
[2023-07-10 19:24:58] [world] The Player <Enderlava> has dropped 9 of ROTTEN FLESH at X= -62, Y= 70, Z= -189 that had [] enchantment(s) | 
[2023-07-10 19:26:49] [world] The Player <Enderlava> has dropped 1 of STICK at X= -17, Y= 72, Z= -261 that had [] enchantment(s) | Broomstick Handle
[2023-07-10 19:28:09] [world_nether] The Player <Enderlava> has dropped 2 of BONE at X= -5, Y= 129, Z= -25 that had [] enchantment(s) | 
[2023-07-10 19:38:51] [world_the_end] The Player <Enderlava> has dropped 16 of ENDER PEARL at X= 329, Y= 2, Z= 4 that had [] enchantment(s) | 
[2023-07-10 19:38:51] [world_the_end] The Player <Enderlava> has dropped 16 of ENDER PEARL at X= 329, Y= 2, Z= 4 that had [] enchantment(s) | 
[2023-07-10 19:38:52] [world_the_end] The Player <Enderlava> has dropped 4 of ENDER PEARL at X= 329, Y= 2, Z= 4 that had [] enchantment(s) | 
[2023-07-10 19:38:52] [world_the_end] The Player <Enderlava> has dropped 16 of ENDER PEARL at X= 329, Y= 2, Z= 4 that had [] enchantment(s) | 
[2023-07-10 19:38:52] [world_the_end] The Player <Enderlava> has dropped 16 of ENDER PEARL at X= 329, Y= 2, Z= 4 that had [] enchantment(s) | 
[2023-07-10 19:38:53] [world_the_end] The Player <Enderlava> has dropped 16 of ENDER PEARL at X= 329, Y= 2, Z= 4 that had [] enchantment(s) | 
[2023-07-10 19:38:53] [world_the_end] The Player <Enderlava> has dropped 16 of ENDER PEARL at X= 329, Y= 2, Z= 4 that had [] enchantment(s) | 
[2023-07-10 19:38:53] [world_the_end] The Player <Enderlava> has dropped 16 of ENDER PEARL at X= 329, Y= 2, Z= 4 that had [] enchantment(s) | 
[2023-07-10 19:38:53] [world_the_end] The Player <Enderlava> has dropped 16 of ENDER PEARL at X= 329, Y= 2, Z= 4 that had [] enchantment(s) | 
[2023-07-10 19:38:53] [world_the_end] The Player <Enderlava> has dropped 16 of ENDER PEARL at X= 329, Y= 2, Z= 4 that had [] enchantment(s) | 
[2023-07-10 19:38:53] [world_the_end] The Player <Enderlava> has dropped 16 of ENDER PEARL at X= 329, Y= 2, Z= 4 that had [] enchantment(s) | 
[2023-07-10 19:38:54] [world_the_end] The Player <Enderlava> has dropped 16 of ENDER PEARL at X= 329, Y= 2, Z= 4 that had [] enchantment(s) | 
[2023-07-10 19:38:54] [world_the_end] The Player <Enderlava> has dropped 2 of ENDER PEARL at X= 329, Y= 2, Z= 4 that had [] enchantment(s) | 
[2023-07-10 19:38:54] [world_the_end] The Player <Enderlava> has dropped 16 of ENDER PEARL at X= 329, Y= 2, Z= 4 that had [] enchantment(s) | 
[2023-07-10 19:38:54] [world_the_end] The Player <Enderlava> has dropped 16 of ENDER PEARL at X= 329, Y= 2, Z= 4 that had [] enchantment(s) | 
[2023-07-10 19:38:54] [world_the_end] The Player <Enderlava> has dropped 16 of ENDER PEARL at X= 329, Y= 2, Z= 4 that had [] enchantment(s) | 
[2023-07-10 19:38:54] [world_the_end] The Player <Enderlava> has dropped 16 of ENDER PEARL at X= 329, Y= 2, Z= 4 that had [] enchantment(s) | 
[2023-07-10 19:38:54] [world_the_end] The Player <Enderlava> has dropped 16 of ENDER PEARL at X= 329, Y= 2, Z= 4 that had [] enchantment(s) | 
[2023-07-10 19:38:54] [world_the_end] The Player <Enderlava> has dropped 16 of ENDER PEARL at X= 329, Y= 2, Z= 4 that had [] enchantment(s) | 
[2023-07-10 19:38:54] [world_the_end] The Player <Enderlava> has dropped 16 of ENDER PEARL at X= 329, Y= 2, Z= 4 that had [] enchantment(s) | 
[2023-07-10 19:38:55] [world_the_end] The Player <Enderlava> has dropped 10 of ENDER PEARL at X= 329, Y= 2, Z= 4 that had [] enchantment(s) | 
[2023-07-10 19:38:56] [world_the_end] The Player <Enderlava> has dropped 1 of LEATHER LEGGINGS at X= 329, Y= 2, Z= 4 that had [] enchantment(s) | §7劫掠者护腿
[2023-07-10 19:38:58] [world_the_end] The Player <Enderlava> has dropped 1 of STONE SWORD at X= 329, Y= 2, Z= 4 that had [Bane of Arthropods, Fire Aspect] enchantment(s) | §7粉色之护林员
[2023-07-10 19:39:02] [world_the_end] The Player <Enderlava> has dropped 1 of CHAINMAIL LEGGINGS at X= 329, Y= 2, Z= 4 that had [Curse of Vanishing] enchantment(s) | §7国王的新之护腿
[2023-07-10 19:39:03] [world_the_end] The Player <Enderlava> has dropped 12 of ENDER PEARL at X= 329, Y= 2, Z= 4 that had [] enchantment(s) | 
[2023-07-10 19:39:04] [world_the_end] The Player <Enderlava> has dropped 16 of ENDER PEARL at X= 329, Y= 2, Z= 4 that had [] enchantment(s) | 
[2023-07-10 19:39:04] [world_the_end] The Player <Enderlava> has dropped 16 of ENDER PEARL at X= 329, Y= 2, Z= 4 that had [] enchantment(s) | 
[2023-07-10 19:39:04] [world_the_end] The Player <Enderlava> has dropped 16 of ENDER PEARL at X= 329, Y= 2, Z= 4 that had [] enchantment(s) | 
[2023-07-10 19:39:04] [world_the_end] The Player <Enderlava> has dropped 16 of ENDER PEARL at X= 329, Y= 2, Z= 4 that had [] enchantment(s) | 
[2023-07-10 19:39:05] [world_the_end] The Player <Enderlava> has dropped 16 of ENDER PEARL at X= 329, Y= 2, Z= 4 that had [] enchantment(s) | 
[2023-07-10 19:39:05] [world_the_end] The Player <Enderlava> has dropped 16 of ENDER PEARL at X= 329, Y= 2, Z= 4 that had [] enchantment(s) | 
[2023-07-10 19:39:05] [world_the_end] The Player <Enderlava> has dropped 16 of ENDER PEARL at X= 329, Y= 2, Z= 4 that had [] enchantment(s) | 
[2023-07-10 19:39:05] [world_the_end] The Player <Enderlava> has dropped 16 of ENDER PEARL at X= 329, Y= 2, Z= 4 that had [] enchantment(s) | 
[2023-07-10 19:39:05] [world_the_end] The Player <Enderlava> has dropped 16 of ENDER PEARL at X= 329, Y= 2, Z= 4 that had [] enchantment(s) | 
[2023-07-10 19:39:06] [world_the_end] The Player <Enderlava> has dropped 16 of ENDER PEARL at X= 329, Y= 2, Z= 4 that had [] enchantment(s) | 
[2023-07-10 19:39:06] [world_the_end] The Player <Enderlava> has dropped 16 of ENDER PEARL at X= 329, Y= 2, Z= 4 that had [] enchantment(s) | 
[2023-07-10 19:39:06] [world_the_end] The Player <Enderlava> has dropped 16 of ENDER PEARL at X= 329, Y= 2, Z= 4 that had [] enchantment(s) | 
[2023-07-10 19:39:06] [world_the_end] The Player <Enderlava> has dropped 16 of ENDER PEARL at X= 329, Y= 2, Z= 4 that had [] enchantment(s) | 
[2023-07-10 19:39:07] [world_the_end] The Player <Enderlava> has dropped 16 of ENDER PEARL at X= 329, Y= 2, Z= 4 that had [] enchantment(s) | 
[2023-07-10 19:39:07] [world_the_end] The Player <Enderlava> has dropped 16 of ENDER PEARL at X= 329, Y= 2, Z= 4 that had [] enchantment(s) | 
[2023-07-10 19:39:07] [world_the_end] The Player <Enderlava> has dropped 16 of ENDER PEARL at X= 329, Y= 2, Z= 4 that had [] enchantment(s) | 
[2023-07-10 19:39:07] [world_the_end] The Player <Enderlava> has dropped 16 of ENDER PEARL at X= 329, Y= 2, Z= 4 that had [] enchantment(s) | 
[2023-07-10 19:39:07] [world_the_end] The Player <Enderlava> has dropped 16 of ENDER PEARL at X= 329, Y= 2, Z= 4 that had [] enchantment(s) | 
[2023-07-10 19:39:08] [world_the_end] The Player <Enderlava> has dropped 16 of ENDER PEARL at X= 329, Y= 2, Z= 4 that had [] enchantment(s) | 
[2023-07-10 19:39:08] [world_the_end] The Player <Enderlava> has dropped 16 of ENDER PEARL at X= 329, Y= 2, Z= 4 that had [] enchantment(s) | 
[2023-07-10 19:39:08] [world_the_end] The Player <Enderlava> has dropped 16 of ENDER PEARL at X= 329, Y= 2, Z= 4 that had [] enchantment(s) | 
[2023-07-10 19:39:08] [world_the_end] The Player <Enderlava> has dropped 16 of ENDER PEARL at X= 329, Y= 2, Z= 4 that had [] enchantment(s) | 
[2023-07-10 19:39:08] [world_the_end] The Player <Enderlava> has dropped 16 of ENDER PEARL at X= 329, Y= 2, Z= 4 that had [] enchantment(s) | 
[2023-07-10 19:39:09] [world_the_end] The Player <Enderlava> has dropped 16 of ENDER PEARL at X= 329, Y= 2, Z= 4 that had [] enchantment(s) | 
[2023-07-10 19:39:09] [world_the_end] The Player <Enderlava> has dropped 16 of ENDER PEARL at X= 329, Y= 2, Z= 4 that had [] enchantment(s) | 
[2023-07-10 19:39:09] [world_the_end] The Player <Enderlava> has dropped 16 of ENDER PEARL at X= 329, Y= 2, Z= 4 that had [] enchantment(s) | 
[2023-07-10 19:39:09] [world_the_end] The Player <Enderlava> has dropped 16 of ENDER PEARL at X= 329, Y= 2, Z= 4 that had [] enchantment(s) | 
[2023-07-10 19:39:09] [world_the_end] The Player <Enderlava> has dropped 16 of ENDER PEARL at X= 329, Y= 2, Z= 4 that had [] enchantment(s) | 
[2023-07-10 19:39:09] [world_the_end] The Player <Enderlava> has dropped 16 of ENDER PEARL at X= 329, Y= 2, Z= 4 that had [] enchantment(s) | 
[2023-07-10 19:39:10] [world_the_end] The Player <Enderlava> has dropped 16 of ENDER PEARL at X= 329, Y= 2, Z= 4 that had [] enchantment(s) | 
[2023-07-10 19:39:10] [world_the_end] The Player <Enderlava> has dropped 16 of ENDER PEARL at X= 329, Y= 2, Z= 4 that had [] enchantment(s) | 
[2023-07-10 19:39:10] [world_the_end] The Player <Enderlava> has dropped 14 of ENDER PEARL at X= 329, Y= 2, Z= 4 that had [] enchantment(s) | 
[2023-07-10 19:39:10] [world_the_end] The Player <Enderlava> has dropped 16 of ENDER PEARL at X= 329, Y= 2, Z= 4 that had [] enchantment(s) | 
[2023-07-10 19:39:10] [world_the_end] The Player <Enderlava> has dropped 16 of ENDER PEARL at X= 329, Y= 2, Z= 4 that had [] enchantment(s) | 
[2023-07-10 19:39:10] [world_the_end] The Player <Enderlava> has dropped 8 of ENDER PEARL at X= 329, Y= 2, Z= 4 that had [] enchantment(s) | 
[2023-07-10 19:39:11] [world_the_end] The Player <Enderlava> has dropped 16 of ENDER PEARL at X= 329, Y= 2, Z= 4 that had [] enchantment(s) | 
[2023-07-10 19:39:11] [world_the_end] The Player <Enderlava> has dropped 16 of ENDER PEARL at X= 329, Y= 2, Z= 4 that had [] enchantment(s) | 
[2023-07-10 19:39:11] [world_the_end] The Player <Enderlava> has dropped 2 of ENDER PEARL at X= 329, Y= 2, Z= 4 that had [] enchantment(s) | 
[2023-07-10 19:39:12] [world_the_end] The Player <Enderlava> has dropped 16 of ENDER PEARL at X= 329, Y= 2, Z= 4 that had [] enchantment(s) | 
[2023-07-10 19:39:33] [world] The Player <Enderlava> has dropped 64 of BONE MEAL at X= -21, Y= 64, Z= -281 that had [] enchantment(s) | 
[2023-07-10 19:39:35] [world] The Player <Enderlava> has dropped 1 of WOODEN HOE at X= -21, Y= 64, Z= -281 that had [] enchantment(s) | §aWarlock wand
[2023-07-10 19:44:03] [em_adventurers_guild] The Player <Enderlava> has dropped 1 of STICK at X= 216, Y= 88, Z= 233 that had [] enchantment(s) | §3书舍尔
[2023-07-10 19:58:11] [world_the_end] The Player <Enderlava> has dropped 1 of ENDER EYE at X= 329, Y= 2, Z= 7 that had [] enchantment(s) | §dMutated Eye
[2023-07-10 19:59:49] [world_the_end] The Player <Enderlava> has dropped 1 of IRON SWORD at X= 329, Y= 2, Z= 7 that had [Knockback, Looting, Smite] enchantment(s) | §7虚弱的猫科动物
[2023-07-10 20:02:47] [world_the_end] The Player <Enderlava> has dropped 1 of ENDER EYE at X= 329, Y= 2, Z= 4 that had [] enchantment(s) | §dMutated Eye
[2023-07-10 20:02:48] [world_the_end] The Player <Enderlava> has dropped 16 of ENDER PEARL at X= 329, Y= 2, Z= 4 that had [] enchantment(s) | 
[2023-07-10 20:02:48] [world_the_end] The Player <Enderlava> has dropped 16 of ENDER PEARL at X= 329, Y= 2, Z= 4 that had [] enchantment(s) | 
[2023-07-10 20:02:48] [world_the_end] The Player <Enderlava> has dropped 16 of ENDER PEARL at X= 329, Y= 2, Z= 4 that had [] enchantment(s) | 
[2023-07-10 20:02:48] [world_the_end] The Player <Enderlava> has dropped 1 of ENDER PEARL at X= 329, Y= 2, Z= 4 that had [] enchantment(s) | 
[2023-07-10 20:02:48] [world_the_end] The Player <Enderlava> has dropped 16 of ENDER PEARL at X= 329, Y= 2, Z= 4 that had [] enchantment(s) | 
[2023-07-10 20:02:48] [world_the_end] The Player <Enderlava> has dropped 16 of ENDER PEARL at X= 329, Y= 2, Z= 4 that had [] enchantment(s) | 
[2023-07-10 20:02:48] [world_the_end] The Player <Enderlava> has dropped 2 of ENDER PEARL at X= 329, Y= 2, Z= 4 that had [] enchantment(s) | 
[2023-07-10 20:02:49] [world_the_end] The Player <Enderlava> has dropped 16 of ENDER PEARL at X= 329, Y= 2, Z= 4 that had [] enchantment(s) | 
[2023-07-10 20:02:49] [world_the_end] The Player <Enderlava> has dropped 2 of ENDER PEARL at X= 329, Y= 2, Z= 4 that had [] enchantment(s) | 
[2023-07-10 20:02:49] [world_the_end] The Player <Enderlava> has dropped 16 of ENDER PEARL at X= 329, Y= 2, Z= 4 that had [] enchantment(s) | 
[2023-07-10 20:02:49] [world_the_end] The Player <Enderlava> has dropped 16 of ENDER PEARL at X= 329, Y= 2, Z= 4 that had [] enchantment(s) | 
[2023-07-10 20:02:49] [world_the_end] The Player <Enderlava> has dropped 16 of ENDER PEARL at X= 329, Y= 2, Z= 4 that had [] enchantment(s) | 
[2023-07-10 20:02:49] [world_the_end] The Player <Enderlava> has dropped 16 of ENDER PEARL at X= 329, Y= 2, Z= 4 that had [] enchantment(s) | 
[2023-07-10 20:02:50] [world_the_end] The Player <Enderlava> has dropped 16 of ENDER PEARL at X= 329, Y= 2, Z= 4 that had [] enchantment(s) | 
[2023-07-10 20:02:50] [world_the_end] The Player <Enderlava> has dropped 16 of ENDER PEARL at X= 329, Y= 2, Z= 4 that had [] enchantment(s) | 
[2023-07-10 20:02:50] [world_the_end] The Player <Enderlava> has dropped 1 of ENDER PEARL at X= 329, Y= 2, Z= 4 that had [] enchantment(s) | 
[2023-07-10 20:02:50] [world_the_end] The Player <Enderlava> has dropped 16 of ENDER PEARL at X= 329, Y= 2, Z= 4 that had [] enchantment(s) | 
[2023-07-10 20:02:50] [world_the_end] The Player <Enderlava> has dropped 2 of ENDER PEARL at X= 329, Y= 2, Z= 4 that had [] enchantment(s) | 
[2023-07-10 20:02:50] [world_the_end] The Player <Enderlava> has dropped 16 of ENDER PEARL at X= 329, Y= 2, Z= 4 that had [] enchantment(s) | 
[2023-07-10 20:02:50] [world_the_end] The Player <Enderlava> has dropped 16 of ENDER PEARL at X= 329, Y= 2, Z= 4 that had [] enchantment(s) | 
[2023-07-10 20:02:51] [world_the_end] The Player <Enderlava> has dropped 16 of ENDER PEARL at X= 329, Y= 2, Z= 4 that had [] enchantment(s) | 
[2023-07-10 20:02:51] [world_the_end] The Player <Enderlava> has dropped 16 of ENDER PEARL at X= 329, Y= 2, Z= 4 that had [] enchantment(s) | 
[2023-07-10 20:02:51] [world_the_end] The Player <Enderlava> has dropped 16 of ENDER PEARL at X= 329, Y= 2, Z= 4 that had [] enchantment(s) | 
[2023-07-10 20:02:51] [world_the_end] The Player <Enderlava> has dropped 16 of ENDER PEARL at X= 329, Y= 2, Z= 4 that had [] enchantment(s) | 
[2023-07-10 20:02:51] [world_the_end] The Player <Enderlava> has dropped 16 of ENDER PEARL at X= 329, Y= 2, Z= 4 that had [] enchantment(s) | 
[2023-07-10 20:02:51] [world_the_end] The Player <Enderlava> has dropped 16 of ENDER PEARL at X= 329, Y= 2, Z= 4 that had [] enchantment(s) | 
[2023-07-10 20:02:51] [world_the_end] The Player <Enderlava> has dropped 16 of ENDER PEARL at X= 329, Y= 2, Z= 4 that had [] enchantment(s) | 
[2023-07-10 20:02:52] [world_the_end] The Player <Enderlava> has dropped 16 of ENDER PEARL at X= 329, Y= 2, Z= 4 that had [] enchantment(s) | 
[2023-07-10 20:02:52] [world_the_end] The Player <Enderlava> has dropped 16 of ENDER PEARL at X= 329, Y= 2, Z= 4 that had [] enchantment(s) | 
[2023-07-10 20:02:52] [world_the_end] The Player <Enderlava> has dropped 16 of ENDER PEARL at X= 329, Y= 2, Z= 4 that had [] enchantment(s) | 
[2023-07-10 20:02:52] [world_the_end] The Player <Enderlava> has dropped 16 of ENDER PEARL at X= 329, Y= 2, Z= 4 that had [] enchantment(s) | 
[2023-07-10 20:02:52] [world_the_end] The Player <Enderlava> has dropped 16 of ENDER PEARL at X= 329, Y= 2, Z= 4 that had [] enchantment(s) | 
[2023-07-10 20:02:52] [world_the_end] The Player <Enderlava> has dropped 16 of ENDER PEARL at X= 329, Y= 2, Z= 4 that had [] enchantment(s) | 
[2023-07-10 20:02:52] [world_the_end] The Player <Enderlava> has dropped 16 of ENDER PEARL at X= 329, Y= 2, Z= 4 that had [] enchantment(s) | 
[2023-07-10 20:02:53] [world_the_end] The Player <Enderlava> has dropped 16 of ENDER PEARL at X= 329, Y= 2, Z= 4 that had [] enchantment(s) | 
[2023-07-10 20:02:53] [world_the_end] The Player <Enderlava> has dropped 16 of ENDER PEARL at X= 329, Y= 2, Z= 4 that had [] enchantment(s) | 
[2023-07-10 20:02:53] [world_the_end] The Player <Enderlava> has dropped 16 of ENDER PEARL at X= 329, Y= 2, Z= 4 that had [] enchantment(s) | 
[2023-07-10 20:02:53] [world_the_end] The Player <Enderlava> has dropped 16 of ENDER PEARL at X= 329, Y= 2, Z= 4 that had [] enchantment(s) | 
[2023-07-10 20:02:53] [world_the_end] The Player <Enderlava> has dropped 16 of ENDER PEARL at X= 329, Y= 2, Z= 4 that had [] enchantment(s) | 
[2023-07-10 20:02:53] [world_the_end] The Player <Enderlava> has dropped 16 of ENDER PEARL at X= 329, Y= 2, Z= 4 that had [] enchantment(s) | 
[2023-07-10 20:02:53] [world_the_end] The Player <Enderlava> has dropped 16 of ENDER PEARL at X= 329, Y= 2, Z= 4 that had [] enchantment(s) | 
[2023-07-10 20:02:54] [world_the_end] The Player <Enderlava> has dropped 16 of ENDER PEARL at X= 329, Y= 2, Z= 4 that had [] enchantment(s) | 
[2023-07-10 20:02:54] [world_the_end] The Player <Enderlava> has dropped 16 of ENDER PEARL at X= 329, Y= 2, Z= 4 that had [] enchantment(s) | 
[2023-07-10 20:02:54] [world_the_end] The Player <Enderlava> has dropped 16 of ENDER PEARL at X= 329, Y= 2, Z= 4 that had [] enchantment(s) | 
[2023-07-10 20:02:54] [world_the_end] The Player <Enderlava> has dropped 16 of ENDER PEARL at X= 329, Y= 2, Z= 4 that had [] enchantment(s) | 
[2023-07-10 20:02:54] [world_the_end] The Player <Enderlava> has dropped 16 of ENDER PEARL at X= 329, Y= 2, Z= 4 that had [] enchantment(s) | 
[2023-07-10 20:02:54] [world_the_end] The Player <Enderlava> has dropped 16 of ENDER PEARL at X= 329, Y= 2, Z= 4 that had [] enchantment(s) | 
[2023-07-10 20:02:55] [world_the_end] The Player <Enderlava> has dropped 16 of ENDER PEARL at X= 329, Y= 2, Z= 4 that had [] enchantment(s) | 
[2023-07-10 20:02:55] [world_the_end] The Player <Enderlava> has dropped 16 of ENDER PEARL at X= 329, Y= 2, Z= 4 that had [] enchantment(s) | 
[2023-07-10 20:02:55] [world_the_end] The Player <Enderlava> has dropped 16 of ENDER PEARL at X= 329, Y= 2, Z= 4 that had [] enchantment(s) | 
[2023-07-10 20:02:55] [world_the_end] The Player <Enderlava> has dropped 16 of ENDER PEARL at X= 329, Y= 2, Z= 4 that had [] enchantment(s) | 
[2023-07-10 20:02:55] [world_the_end] The Player <Enderlava> has dropped 16 of ENDER PEARL at X= 329, Y= 2, Z= 4 that had [] enchantment(s) | 
[2023-07-10 20:02:55] [world_the_end] The Player <Enderlava> has dropped 16 of ENDER PEARL at X= 329, Y= 2, Z= 4 that had [] enchantment(s) | 
[2023-07-10 20:02:56] [world_the_end] The Player <Enderlava> has dropped 16 of ENDER PEARL at X= 329, Y= 2, Z= 4 that had [] enchantment(s) | 
[2023-07-10 20:02:56] [world_the_end] The Player <Enderlava> has dropped 16 of ENDER PEARL at X= 329, Y= 2, Z= 4 that had [] enchantment(s) | 
[2023-07-10 20:02:56] [world_the_end] The Player <Enderlava> has dropped 16 of ENDER PEARL at X= 329, Y= 2, Z= 4 that had [] enchantment(s) | 
[2023-07-10 20:02:56] [world_the_end] The Player <Enderlava> has dropped 16 of ENDER PEARL at X= 329, Y= 2, Z= 4 that had [] enchantment(s) | 
[2023-07-10 20:02:56] [world_the_end] The Player <Enderlava> has dropped 1 of LEATHER LEGGINGS at X= 329, Y= 2, Z= 4 that had [] enchantment(s) | §7水元素护腿
[2023-07-10 20:02:56] [world_the_end] The Player <Enderlava> has dropped 2 of ENDER PEARL at X= 329, Y= 2, Z= 4 that had [] enchantment(s) | 
[2023-07-10 20:02:57] [world_the_end] The Player <Enderlava> has dropped 2 of ENDER PEARL at X= 329, Y= 2, Z= 4 that had [] enchantment(s) | 
[2023-07-10 20:02:59] [world_the_end] The Player <Enderlava> has dropped 1 of IRON SWORD at X= 329, Y= 2, Z= 4 that had [Knockback] enchantment(s) | §7攫取者
[2023-07-10 20:03:01] [world_the_end] The Player <Enderlava> has dropped 2 of ENDER PEARL at X= 329, Y= 2, Z= 4 that had [] enchantment(s) | 
[2023-07-10 20:03:02] [world_the_end] The Player <Enderlava> has dropped 11 of ENDER PEARL at X= 329, Y= 2, Z= 4 that had [] enchantment(s) | 
[2023-07-10 20:03:02] [world_the_end] The Player <Enderlava> has dropped 16 of ENDER PEARL at X= 329, Y= 2, Z= 4 that had [] enchantment(s) | 
[2023-07-10 20:03:02] [world_the_end] The Player <Enderlava> has dropped 16 of ENDER PEARL at X= 329, Y= 2, Z= 4 that had [] enchantment(s) | 
[2023-07-10 20:03:02] [world_the_end] The Player <Enderlava> has dropped 16 of ENDER PEARL at X= 329, Y= 2, Z= 4 that had [] enchantment(s) | 
[2023-07-10 20:03:02] [world_the_end] The Player <Enderlava> has dropped 2 of ENDER PEARL at X= 329, Y= 2, Z= 4 that had [] enchantment(s) | 
[2023-07-10 20:03:03] [world_the_end] The Player <Enderlava> has dropped 6 of ENDER PEARL at X= 329, Y= 2, Z= 4 that had [] enchantment(s) | 
[2023-07-10 20:03:04] [world_the_end] The Player <Enderlava> has dropped 2 of ENDER PEARL at X= 329, Y= 2, Z= 4 that had [] enchantment(s) | 
[2023-07-10 20:03:04] [world_the_end] The Player <Enderlava> has dropped 2 of ENDER PEARL at X= 329, Y= 2, Z= 4 that had [] enchantment(s) | 
[2023-07-10 20:03:04] [world_the_end] The Player <Enderlava> has dropped 2 of ENDER PEARL at X= 329, Y= 2, Z= 4 that had [] enchantment(s) | 
[2023-07-10 20:03:05] [world_the_end] The Player <Enderlava> has dropped 2 of ENDER PEARL at X= 329, Y= 2, Z= 4 that had [] enchantment(s) | 
[2023-07-10 20:05:42] [world_the_end] The Player <Enderlava> has dropped 16 of ENDER PEARL at X= 328, Y= 2, Z= 4 that had [] enchantment(s) | 
[2023-07-10 20:05:42] [world_the_end] The Player <Enderlava> has dropped 16 of ENDER PEARL at X= 328, Y= 2, Z= 4 that had [] enchantment(s) | 
[2023-07-10 20:05:42] [world_the_end] The Player <Enderlava> has dropped 16 of ENDER PEARL at X= 328, Y= 2, Z= 4 that had [] enchantment(s) | 
[2023-07-10 20:05:43] [world_the_end] The Player <Enderlava> has dropped 1 of ENDER PEARL at X= 328, Y= 2, Z= 4 that had [] enchantment(s) | 
[2023-07-10 20:05:43] [world_the_end] The Player <Enderlava> has dropped 16 of ENDER PEARL at X= 328, Y= 2, Z= 4 that had [] enchantment(s) | 
[2023-07-10 20:05:43] [world_the_end] The Player <Enderlava> has dropped 2 of ENDER PEARL at X= 328, Y= 2, Z= 4 that had [] enchantment(s) | 
[2023-07-10 20:05:43] [world_the_end] The Player <Enderlava> has dropped 16 of ENDER PEARL at X= 328, Y= 2, Z= 4 that had [] enchantment(s) | 
[2023-07-10 20:05:43] [world_the_end] The Player <Enderlava> has dropped 2 of ENDER PEARL at X= 328, Y= 2, Z= 4 that had [] enchantment(s) | 
[2023-07-10 20:05:43] [world_the_end] The Player <Enderlava> has dropped 16 of ENDER PEARL at X= 328, Y= 2, Z= 4 that had [] enchantment(s) | 
[2023-07-10 20:05:44] [world_the_end] The Player <Enderlava> has dropped 16 of ENDER PEARL at X= 328, Y= 2, Z= 4 that had [] enchantment(s) | 
[2023-07-10 20:05:44] [world_the_end] The Player <Enderlava> has dropped 2 of ENDER PEARL at X= 328, Y= 2, Z= 4 that had [] enchantment(s) | 
[2023-07-10 20:05:44] [world_the_end] The Player <Enderlava> has dropped 16 of ENDER PEARL at X= 328, Y= 2, Z= 4 that had [] enchantment(s) | 
[2023-07-10 20:05:44] [world_the_end] The Player <Enderlava> has dropped 16 of ENDER PEARL at X= 328, Y= 2, Z= 4 that had [] enchantment(s) | 
[2023-07-10 20:05:44] [world_the_end] The Player <Enderlava> has dropped 2 of ENDER PEARL at X= 328, Y= 2, Z= 4 that had [] enchantment(s) | 
[2023-07-10 20:05:45] [world_the_end] The Player <Enderlava> has dropped 16 of ENDER PEARL at X= 328, Y= 2, Z= 4 that had [] enchantment(s) | 
[2023-07-10 20:05:45] [world_the_end] The Player <Enderlava> has dropped 16 of ENDER PEARL at X= 328, Y= 2, Z= 4 that had [] enchantment(s) | 
[2023-07-10 20:05:45] [world_the_end] The Player <Enderlava> has dropped 16 of ENDER PEARL at X= 328, Y= 2, Z= 4 that had [] enchantment(s) | 
[2023-07-10 20:05:45] [world_the_end] The Player <Enderlava> has dropped 16 of ENDER PEARL at X= 328, Y= 2, Z= 4 that had [] enchantment(s) | 
[2023-07-10 20:05:46] [world_the_end] The Player <Enderlava> has dropped 16 of ENDER PEARL at X= 328, Y= 2, Z= 4 that had [] enchantment(s) | 
[2023-07-10 20:05:46] [world_the_end] The Player <Enderlava> has dropped 16 of ENDER PEARL at X= 328, Y= 2, Z= 4 that had [] enchantment(s) | 
[2023-07-10 20:05:46] [world_the_end] The Player <Enderlava> has dropped 16 of ENDER PEARL at X= 328, Y= 2, Z= 4 that had [] enchantment(s) | 
[2023-07-10 20:05:46] [world_the_end] The Player <Enderlava> has dropped 16 of ENDER PEARL at X= 328, Y= 2, Z= 4 that had [] enchantment(s) | 
[2023-07-10 20:05:46] [world_the_end] The Player <Enderlava> has dropped 16 of ENDER PEARL at X= 328, Y= 2, Z= 4 that had [] enchantment(s) | 
[2023-07-10 20:05:46] [world_the_end] The Player <Enderlava> has dropped 16 of ENDER PEARL at X= 328, Y= 2, Z= 4 that had [] enchantment(s) | 
[2023-07-10 20:05:47] [world_the_end] The Player <Enderlava> has dropped 16 of ENDER PEARL at X= 328, Y= 2, Z= 4 that had [] enchantment(s) | 
[2023-07-10 20:05:47] [world_the_end] The Player <Enderlava> has dropped 16 of ENDER PEARL at X= 328, Y= 2, Z= 4 that had [] enchantment(s) | 
[2023-07-10 20:05:47] [world_the_end] The Player <Enderlava> has dropped 16 of ENDER PEARL at X= 328, Y= 2, Z= 4 that had [] enchantment(s) | 
[2023-07-10 20:05:47] [world_the_end] The Player <Enderlava> has dropped 16 of ENDER PEARL at X= 328, Y= 2, Z= 4 that had [] enchantment(s) | 
[2023-07-10 20:05:47] [world_the_end] The Player <Enderlava> has dropped 16 of ENDER PEARL at X= 328, Y= 2, Z= 4 that had [] enchantment(s) | 
[2023-07-10 20:05:48] [world_the_end] The Player <Enderlava> has dropped 16 of ENDER PEARL at X= 328, Y= 2, Z= 4 that had [] enchantment(s) | 
[2023-07-10 20:05:48] [world_the_end] The Player <Enderlava> has dropped 16 of ENDER PEARL at X= 328, Y= 2, Z= 4 that had [] enchantment(s) | 
[2023-07-10 20:05:48] [world_the_end] The Player <Enderlava> has dropped 16 of ENDER PEARL at X= 328, Y= 2, Z= 4 that had [] enchantment(s) | 
[2023-07-10 20:05:48] [world_the_end] The Player <Enderlava> has dropped 16 of ENDER PEARL at X= 328, Y= 2, Z= 4 that had [] enchantment(s) | 
[2023-07-10 20:05:48] [world_the_end] The Player <Enderlava> has dropped 16 of ENDER PEARL at X= 328, Y= 2, Z= 4 that had [] enchantment(s) | 
[2023-07-10 20:05:49] [world_the_end] The Player <Enderlava> has dropped 16 of ENDER PEARL at X= 328, Y= 2, Z= 4 that had [] enchantment(s) | 
[2023-07-10 20:05:49] [world_the_end] The Player <Enderlava> has dropped 16 of ENDER PEARL at X= 328, Y= 2, Z= 4 that had [] enchantment(s) | 
[2023-07-10 20:05:49] [world_the_end] The Player <Enderlava> has dropped 16 of ENDER PEARL at X= 328, Y= 2, Z= 4 that had [] enchantment(s) | 
[2023-07-10 20:05:49] [world_the_end] The Player <Enderlava> has dropped 16 of ENDER PEARL at X= 328, Y= 2, Z= 4 that had [] enchantment(s) | 
[2023-07-10 20:05:49] [world_the_end] The Player <Enderlava> has dropped 16 of ENDER PEARL at X= 328, Y= 2, Z= 4 that had [] enchantment(s) | 
[2023-07-10 20:05:49] [world_the_end] The Player <Enderlava> has dropped 16 of ENDER PEARL at X= 328, Y= 2, Z= 4 that had [] enchantment(s) | 
[2023-07-10 20:05:50] [world_the_end] The Player <Enderlava> has dropped 16 of ENDER PEARL at X= 328, Y= 2, Z= 4 that had [] enchantment(s) | 
[2023-07-10 20:05:50] [world_the_end] The Player <Enderlava> has dropped 2 of ENDER PEARL at X= 328, Y= 2, Z= 4 that had [] enchantment(s) | 
[2023-07-10 20:05:50] [world_the_end] The Player <Enderlava> has dropped 1 of ENDER PEARL at X= 328, Y= 2, Z= 4 that had [] enchantment(s) | 
[2023-07-10 20:05:50] [world_the_end] The Player <Enderlava> has dropped 16 of ENDER PEARL at X= 328, Y= 2, Z= 4 that had [] enchantment(s) | 
[2023-07-10 20:05:50] [world_the_end] The Player <Enderlava> has dropped 16 of ENDER PEARL at X= 328, Y= 2, Z= 4 that had [] enchantment(s) | 
[2023-07-10 20:05:50] [world_the_end] The Player <Enderlava> has dropped 16 of ENDER PEARL at X= 328, Y= 2, Z= 4 that had [] enchantment(s) | 
[2023-07-10 20:05:50] [world_the_end] The Player <Enderlava> has dropped 16 of ENDER PEARL at X= 328, Y= 2, Z= 4 that had [] enchantment(s) | 
[2023-07-10 20:05:51] [world_the_end] The Player <Enderlava> has dropped 16 of ENDER PEARL at X= 328, Y= 2, Z= 4 that had [] enchantment(s) | 
[2023-07-10 20:05:51] [world_the_end] The Player <Enderlava> has dropped 16 of ENDER PEARL at X= 328, Y= 2, Z= 4 that had [] enchantment(s) | 
[2023-07-10 20:05:51] [world_the_end] The Player <Enderlava> has dropped 16 of ENDER PEARL at X= 328, Y= 2, Z= 4 that had [] enchantment(s) | 
[2023-07-10 20:05:51] [world_the_end] The Player <Enderlava> has dropped 16 of ENDER PEARL at X= 328, Y= 2, Z= 4 that had [] enchantment(s) | 
[2023-07-10 20:05:51] [world_the_end] The Player <Enderlava> has dropped 16 of ENDER PEARL at X= 328, Y= 2, Z= 4 that had [] enchantment(s) | 
[2023-07-10 20:05:52] [world_the_end] The Player <Enderlava> has dropped 2 of ENDER PEARL at X= 328, Y= 2, Z= 4 that had [] enchantment(s) | 
[2023-07-10 20:05:52] [world_the_end] The Player <Enderlava> has dropped 16 of ENDER PEARL at X= 328, Y= 2, Z= 4 that had [] enchantment(s) | 
[2023-07-10 20:05:52] [world_the_end] The Player <Enderlava> has dropped 4 of ENDER PEARL at X= 328, Y= 2, Z= 4 that had [] enchantment(s) | 
[2023-07-10 20:05:53] [world_the_end] The Player <Enderlava> has dropped 16 of ENDER PEARL at X= 328, Y= 2, Z= 4 that had [] enchantment(s) | 
[2023-07-10 20:05:53] [world_the_end] The Player <Enderlava> has dropped 16 of ENDER PEARL at X= 328, Y= 2, Z= 4 that had [] enchantment(s) | 
[2023-07-10 20:05:53] [world_the_end] The Player <Enderlava> has dropped 16 of ENDER PEARL at X= 328, Y= 2, Z= 4 that had [] enchantment(s) | 
[2023-07-10 20:05:53] [world_the_end] The Player <Enderlava> has dropped 16 of ENDER PEARL at X= 328, Y= 2, Z= 4 that had [] enchantment(s) | 
[2023-07-10 20:05:53] [world_the_end] The Player <Enderlava> has dropped 16 of ENDER PEARL at X= 328, Y= 2, Z= 4 that had [] enchantment(s) | 
[2023-07-10 20:05:57] [world_the_end] The Player <Enderlava> has dropped 16 of ENDER PEARL at X= 329, Y= 2, Z= 4 that had [] enchantment(s) | 
[2023-07-10 20:05:57] [world_the_end] The Player <Enderlava> has dropped 16 of ENDER PEARL at X= 329, Y= 2, Z= 4 that had [] enchantment(s) | 
[2023-07-10 20:05:57] [world_the_end] The Player <Enderlava> has dropped 16 of ENDER PEARL at X= 329, Y= 2, Z= 4 that had [] enchantment(s) | 
[2023-07-10 20:10:31] [world_the_end] The Player <Enderlava> has dropped 16 of ENDER PEARL at X= 100, Y= 50, Z= 0 that had [] enchantment(s) | 
[2023-07-10 20:47:11] [world_the_end] The Player <wqe123420> has dropped 1 of BUCKET at X= 329, Y= 2, Z= 8 that had [] enchantment(s) | 
[2023-07-10 20:47:11] [world_the_end] The Player <wqe123420> has dropped 1 of BUCKET at X= 329, Y= 2, Z= 8 that had [] enchantment(s) | 
[2023-07-10 20:55:47] [world] The Player <wqe123420> has dropped 2 of STICK at X= -26, Y= 76, Z= -285 that had [] enchantment(s) | 
[2023-07-10 20:55:57] [world] The Player <wqe123420> has dropped 1 of STICK at X= -26, Y= 76, Z= -285 that had [] enchantment(s) | 
[2023-07-10 20:55:57] [world] The Player <wqe123420> has dropped 1 of STICK at X= -26, Y= 76, Z= -285 that had [] enchantment(s) | 
[2023-07-10 20:55:57] [world] The Player <wqe123420> has dropped 1 of STICK at X= -26, Y= 76, Z= -285 that had [] enchantment(s) | 
[2023-07-10 20:56:01] [world] The Player <wqe123420> has dropped 1 of STICK at X= -27, Y= 76, Z= -287 that had [] enchantment(s) | 
[2023-07-10 20:57:12] [world] The Player <wqe123420> has dropped 1 of ARROW at X= -23, Y= 68, Z= -280 that had [] enchantment(s) | 
[2023-07-10 21:02:15] [world_the_end] The Player <Enderlava> has dropped 16 of ENDER PEARL at X= 329, Y= 2, Z= 7 that had [] enchantment(s) | 
[2023-07-10 21:02:28] [world_the_end] The Player <Enderlava> has dropped 16 of ENDER PEARL at X= 329, Y= 2, Z= 7 that had [] enchantment(s) | 
[2023-07-10 21:02:48] [world_the_end] The Player <Enderlava> has dropped 1 of OAK LEAVES at X= 329, Y= 2, Z= 7 that had [] enchantment(s) | 
[2023-07-10 21:02:49] [world_the_end] The Player <Enderlava> has dropped 16 of ENDER PEARL at X= 329, Y= 2, Z= 7 that had [] enchantment(s) | 
[2023-07-10 21:26:55] [world] The Player <wqe123420> has dropped 1 of RECOVERY COMPASS at X= -25, Y= 64, Z= -282 that had [Unbreaking] enchantment(s) | §fwqe123420's Grave
[2023-07-10 21:27:54] [world] The Player <wqe123420> has dropped 1 of WRITTEN BOOK at X= -17, Y= 72, Z= -281 that had [Unbreaking] enchantment(s) | 
[2023-07-10 21:43:04] [world] The Player <wqe123420> has dropped 5 of DETECTOR RAIL at X= -41, Y= 72, Z= -280 that had [] enchantment(s) | 
[2023-07-10 21:43:05] [world] The Player <wqe123420> has dropped 7 of LEATHER at X= -41, Y= 72, Z= -280 that had [] enchantment(s) | 
[2023-07-10 21:43:10] [world] The Player <wqe123420> has dropped 5 of DETECTOR RAIL at X= -45, Y= 70, Z= -282 that had [] enchantment(s) | 
[2023-07-10 21:48:27] [world] The Player <wqe123420> has dropped 1 of FIREWORK ROCKET at X= 4, Y= 72, Z= -244 that had [] enchantment(s) | 
