[2023-07-17 09:12:19] [world] The Player <Enderlava> has dropped 1 of CROSSBOW at X= 1078, Y= 203, Z= -197 that had [] enchantment(s) | 
[2023-07-17 09:18:41] [world] The Player <Enderlava> has dropped 1 of NETHERITE PICKAXE at X= 1073, Y= 202, Z= -195 that had [Efficiency, Fortune, Mending, Unbreaking] enchantment(s) | 
[2023-07-17 09:18:43] [world] The Player <Enderlava> has dropped 1 of COMPARATOR at X= 1073, Y= 202, Z= -193 that had [] enchantment(s) | 
[2023-07-17 09:20:21] [world] The Player <Enderlava> has dropped 1 of SMOOTH STONE at X= 1075, Y= 204, Z= -192 that had [] enchantment(s) | 
[2023-07-17 09:20:33] [world] The Player <Funget114514> has dropped 1 of MINECART at X= -3, Y= 72, Z= -246 that had [] enchantment(s) | 
[2023-07-17 09:20:34] [world] The Player <Funget114514> has dropped 1 of LEATHER at X= -3, Y= 72, Z= -246 that had [] enchantment(s) | 
[2023-07-17 09:20:35] [world] The Player <Funget114514> has dropped 6 of WHITE CARPET at X= -3, Y= 72, Z= -246 that had [] enchantment(s) | 
[2023-07-17 09:20:36] [world] The Player <Funget114514> has dropped 30 of ROTTEN FLESH at X= -3, Y= 72, Z= -246 that had [] enchantment(s) | 
[2023-07-17 09:20:37] [world] The Player <Funget114514> has dropped 15 of IRON INGOT at X= -3, Y= 72, Z= -246 that had [] enchantment(s) | 
[2023-07-17 09:20:37] [world] The Player <Funget114514> has dropped 1 of COMPOSTER at X= -3, Y= 72, Z= -246 that had [] enchantment(s) | 
[2023-07-17 09:20:38] [world] The Player <Funget114514> has dropped 29 of HOPPER at X= -3, Y= 72, Z= -246 that had [] enchantment(s) | 
[2023-07-17 09:20:39] [world] The Player <Funget114514> has dropped 2 of SMOOTH STONE at X= -3, Y= 72, Z= -246 that had [] enchantment(s) | 
[2023-07-17 09:20:39] [world] The Player <Funget114514> has dropped 1 of SADDLE at X= -3, Y= 72, Z= -246 that had [] enchantment(s) | 
[2023-07-17 09:20:40] [world] The Player <Funget114514> has dropped 1 of COBBLESTONE at X= -3, Y= 72, Z= -246 that had [] enchantment(s) | 
[2023-07-17 09:20:40] [world] The Player <Funget114514> has dropped 26 of RAIL at X= -3, Y= 72, Z= -246 that had [] enchantment(s) | 
[2023-07-17 09:20:41] [world] The Player <Funget114514> has dropped 12 of DIRT at X= -3, Y= 72, Z= -246 that had [] enchantment(s) | 
[2023-07-17 09:20:41] [world] The Player <Funget114514> has dropped 15 of ENDER PEARL at X= -3, Y= 72, Z= -246 that had [] enchantment(s) | 
[2023-07-17 09:20:42] [world] The Player <Funget114514> has dropped 1 of GLASS BOTTLE at X= -3, Y= 72, Z= -246 that had [] enchantment(s) | 
[2023-07-17 09:20:42] [world] The Player <Funget114514> has dropped 1 of WRITTEN BOOK at X= -3, Y= 72, Z= -246 that had [Unbreaking] enchantment(s) | 
[2023-07-17 09:20:43] [world] The Player <Funget114514> has dropped 64 of QUARTZ at X= -3, Y= 72, Z= -246 that had [] enchantment(s) | 
[2023-07-17 09:20:44] [world] The Player <Funget114514> has dropped 57 of WITHER ROSE at X= -3, Y= 72, Z= -246 that had [] enchantment(s) | 
[2023-07-17 09:20:45] [world] The Player <Funget114514> has dropped 6 of NETHER BRICK at X= -3, Y= 72, Z= -246 that had [] enchantment(s) | 
[2023-07-17 09:20:45] [world] The Player <Funget114514> has dropped 59 of SUGAR CANE at X= -3, Y= 72, Z= -246 that had [] enchantment(s) | 
[2023-07-17 09:20:46] [world] The Player <Funget114514> has dropped 16 of ENDER PEARL at X= -3, Y= 72, Z= -246 that had [] enchantment(s) | 
[2023-07-17 09:20:46] [world] The Player <Funget114514> has dropped 1 of SADDLE at X= -3, Y= 72, Z= -246 that had [] enchantment(s) | 
[2023-07-17 11:18:52] [world] The Player <Funget114514> has dropped 1 of TRIPWIRE HOOK at X= -26, Y= 64, Z= -286 that had [] enchantment(s) | 
[2023-07-17 11:19:15] [world] The Player <Funget114514> has dropped 1 of COBBLESTONE at X= -26, Y= 64, Z= -286 that had [] enchantment(s) | 
[2023-07-17 11:27:19] [world] The Player <Funget114514> has dropped 1 of ENCHANTED BOOK at X= -24, Y= 64, Z= -287 that had [Aqua Affinity, Efficiency, Fire Aspect, Knockback, Looting, Mending, Sharpness, Smite, Unbreaking] enchantment(s) | §4哲理伦宝典
[2023-07-17 11:28:34] [world] The Player <Funget114514> has dropped 1 of SADDLE at X= -24, Y= 76, Z= -229 that had [] enchantment(s) | 
[2023-07-17 11:28:34] [world] The Player <Funget114514> has dropped 1 of SADDLE at X= -24, Y= 76, Z= -229 that had [] enchantment(s) | 
[2023-07-17 11:42:36] [world] The Player <wqe123420> has dropped 1 of POTATO at X= -975, Y= 68, Z= -1014 that had [] enchantment(s) | 
[2023-07-17 11:42:36] [world] The Player <wqe123420> has dropped 1 of POTATO at X= -975, Y= 68, Z= -1014 that had [] enchantment(s) | 
[2023-07-17 11:42:37] [world] The Player <wqe123420> has dropped 1 of POTATO at X= -975, Y= 68, Z= -1014 that had [] enchantment(s) | 
[2023-07-17 11:42:37] [world] The Player <wqe123420> has dropped 1 of POTATO at X= -975, Y= 68, Z= -1014 that had [] enchantment(s) | 
[2023-07-17 11:42:37] [world] The Player <wqe123420> has dropped 1 of POTATO at X= -975, Y= 68, Z= -1014 that had [] enchantment(s) | 
[2023-07-17 11:42:37] [world] The Player <wqe123420> has dropped 1 of POTATO at X= -975, Y= 68, Z= -1014 that had [] enchantment(s) | 
[2023-07-17 11:42:37] [world] The Player <wqe123420> has dropped 1 of POTATO at X= -975, Y= 68, Z= -1014 that had [] enchantment(s) | 
[2023-07-17 11:42:37] [world] The Player <wqe123420> has dropped 1 of POTATO at X= -975, Y= 68, Z= -1014 that had [] enchantment(s) | 
[2023-07-17 11:42:37] [world] The Player <wqe123420> has dropped 1 of POTATO at X= -975, Y= 68, Z= -1014 that had [] enchantment(s) | 
[2023-07-17 11:42:38] [world] The Player <wqe123420> has dropped 1 of POTATO at X= -975, Y= 68, Z= -1014 that had [] enchantment(s) | 
[2023-07-17 11:42:38] [world] The Player <wqe123420> has dropped 1 of POTATO at X= -975, Y= 68, Z= -1014 that had [] enchantment(s) | 
[2023-07-17 11:42:38] [world] The Player <wqe123420> has dropped 1 of POTATO at X= -975, Y= 68, Z= -1014 that had [] enchantment(s) | 
[2023-07-17 11:42:38] [world] The Player <wqe123420> has dropped 1 of POTATO at X= -975, Y= 68, Z= -1014 that had [] enchantment(s) | 
[2023-07-17 11:42:38] [world] The Player <wqe123420> has dropped 1 of POTATO at X= -975, Y= 68, Z= -1014 that had [] enchantment(s) | 
[2023-07-17 11:42:38] [world] The Player <wqe123420> has dropped 1 of POTATO at X= -975, Y= 68, Z= -1014 that had [] enchantment(s) | 
[2023-07-17 11:42:38] [world] The Player <wqe123420> has dropped 1 of POTATO at X= -975, Y= 68, Z= -1014 that had [] enchantment(s) | 
[2023-07-17 11:54:34] [world] The Player <Enderlava> has dropped 2 of PORKCHOP at X= -23, Y= 68, Z= -280 that had [] enchantment(s) | 
[2023-07-17 12:23:24] [em_adventurers_guild] The Player <Enderlava> has dropped 11 of ROTTEN FLESH at X= 212, Y= 89, Z= 235 that had [] enchantment(s) | 
[2023-07-17 16:46:12] [world] The Player <Funget114514> has dropped 1 of WRITTEN BOOK at X= 8, Y= 188, Z= 18 that had [Unbreaking] enchantment(s) | 
[2023-07-17 16:47:16] [world] The Player <Funget114514> has dropped 1 of CROSSBOW at X= 1, Y= 70, Z= -238 that had [Multishot] enchantment(s) | 
[2023-07-17 16:47:21] [world] The Player <Funget114514> has dropped 10 of COBBLESTONE at X= 1, Y= 70, Z= -238 that had [] enchantment(s) | 
