[2023-07-18 11:31:49] [world] The Player <Enderlava> has dropped 4 of SPIDER EYE at X= -112, Y= 71, Z= -206 that had [] enchantment(s) | 
[2023-07-18 11:32:55] [world] The Player <Enderlava> has dropped 6 of ROTTEN FLESH at X= -101, Y= 72, Z= -186 that had [] enchantment(s) | 
[2023-07-18 11:34:11] [world] The Player <Enderlava> has dropped 10 of ROTTEN FLESH at X= -95, Y= 72, Z= -233 that had [] enchantment(s) | 
[2023-07-18 11:35:27] [world] The Player <Enderlava> has dropped 1 of CROSSBOW at X= -31, Y= 78, Z= -272 that had [] enchantment(s) | §7死灵法师的漂亮的幽灵
[2023-07-18 11:35:28] [world] The Player <Enderlava> has dropped 1 of BOOK at X= -31, Y= 78, Z= -272 that had [Projectile Protection] enchantment(s) | §5Elite Projectile Protection Enchanted Book
[2023-07-18 11:35:29] [world] The Player <Enderlava> has dropped 1 of BOOK at X= -31, Y= 78, Z= -272 that had [Blast Protection] enchantment(s) | §5Elite Blast Protection Enchanted Book
[2023-07-18 11:37:56] [em_steamworks_lair] The Player <Enderlava> has dropped 3 of BONE at X= -61, Y= -48, Z= -111 that had [] enchantment(s) | 
[2023-07-18 11:37:57] [em_steamworks_lair] The Player <Enderlava> has dropped 1 of WRITTEN BOOK at X= -61, Y= -48, Z= -111 that had [Unbreaking] enchantment(s) | 
[2023-07-18 11:48:27] [em_steamworks_lair] The Player <Enderlava> has dropped 2 of ROTTEN FLESH at X= -101, Y= 11, Z= -86 that had [] enchantment(s) | 
[2023-07-18 11:50:18] [em_sewer_maze] The Player <Enderlava> has dropped 1 of WRITTEN BOOK at X= -72, Y= 168, Z= -172 that had [Unbreaking] enchantment(s) | 
[2023-07-18 11:50:19] [em_sewer_maze] The Player <Enderlava> has dropped 1 of WRITTEN BOOK at X= -72, Y= 168, Z= -172 that had [Unbreaking] enchantment(s) | 
[2023-07-18 12:02:18] [world] The Player <Enderlava> has dropped 1 of WRITTEN BOOK at X= -128, Y= 65, Z= -105 that had [Unbreaking] enchantment(s) | 
[2023-07-18 17:13:23] [world] The Player <Funget114514> has dropped 1 of STICK at X= -14, Y= 70, Z= -246 that had [] enchantment(s) | 
[2023-07-18 17:13:55] [world] The Player <Funget114514> has dropped 1 of ENDER PEARL at X= -14, Y= 70, Z= -247 that had [] enchantment(s) | 
[2023-07-18 17:20:04] [world_nether] The Player <Funget114514> has dropped 1 of SCAFFOLDING at X= -2, Y= 81, Z= -6 that had [] enchantment(s) | 
[2023-07-18 17:20:08] [world_nether] The Player <Funget114514> has dropped 1 of WRITTEN BOOK at X= -2, Y= 81, Z= -6 that had [Unbreaking] enchantment(s) | 
[2023-07-18 17:20:10] [world_nether] The Player <Funget114514> has dropped 1 of POWERED RAIL at X= -2, Y= 81, Z= -6 that had [] enchantment(s) | 
[2023-07-18 17:20:12] [world_nether] The Player <Funget114514> has dropped 1 of WRITTEN BOOK at X= -2, Y= 81, Z= -6 that had [Unbreaking] enchantment(s) | 
[2023-07-18 17:20:29] [world_nether] The Player <Funget114514> has dropped 1 of NETHERITE SWORD at X= -2, Y= 80, Z= -6 that had [Bane of Arthropods] enchantment(s) | 
[2023-07-18 17:20:41] [world_nether] The Player <Funget114514> has dropped 1 of NETHERITE SWORD at X= -2, Y= 80, Z= -6 that had [Bane of Arthropods] enchantment(s) | 
[2023-07-18 17:22:30] [world] The Player <Funget114514> has dropped 28 of GUNPOWDER at X= 4, Y= 114, Z= 18 that had [] enchantment(s) | 
[2023-07-18 17:23:01] [world] The Player <Funget114514> has dropped 12 of ENDER PEARL at X= 7, Y= 114, Z= 17 that had [] enchantment(s) | 
[2023-07-18 17:23:03] [world] The Player <Funget114514> has dropped 16 of ENDER PEARL at X= 7, Y= 114, Z= 17 that had [] enchantment(s) | 
[2023-07-18 17:23:04] [world] The Player <Funget114514> has dropped 9 of ENDER PEARL at X= 7, Y= 114, Z= 17 that had [] enchantment(s) | 
[2023-07-18 17:23:34] [world] The Player <Funget114514> has dropped 1 of ENDER PEARL at X= 6, Y= 114, Z= 16 that had [] enchantment(s) | 
[2023-07-18 17:23:35] [world] The Player <Funget114514> has dropped 4 of ENDER PEARL at X= 6, Y= 114, Z= 16 that had [] enchantment(s) | 
[2023-07-18 17:23:35] [world] The Player <Funget114514> has dropped 16 of ENDER PEARL at X= 6, Y= 114, Z= 16 that had [] enchantment(s) | 
[2023-07-18 17:23:36] [world] The Player <Funget114514> has dropped 16 of ENDER PEARL at X= 6, Y= 114, Z= 16 that had [] enchantment(s) | 
[2023-07-18 17:24:02] [world] The Player <Funget114514> has dropped 16 of ENDER PEARL at X= 6, Y= 114, Z= 16 that had [] enchantment(s) | 
[2023-07-18 17:24:02] [world] The Player <Funget114514> has dropped 16 of ENDER PEARL at X= 6, Y= 114, Z= 16 that had [] enchantment(s) | 
[2023-07-18 17:24:03] [world] The Player <Funget114514> has dropped 5 of ENDER PEARL at X= 6, Y= 114, Z= 16 that had [] enchantment(s) | 
[2023-07-18 17:24:08] [world] The Player <Funget114514> has dropped 5 of ENDER PEARL at X= 5, Y= 114, Z= 15 that had [] enchantment(s) | 
[2023-07-18 17:40:37] [world] The Player <Funget114514> has dropped 2 of PAPER at X= -27, Y= 64, Z= -286 that had [] enchantment(s) | 
[2023-07-18 17:45:52] [world] The Player <Funget114514> has dropped 63 of FEATHER at X= 5, Y= 79, Z= -211 that had [] enchantment(s) | 
[2023-07-18 17:45:52] [world] The Player <Funget114514> has dropped 64 of PAPER at X= 5, Y= 79, Z= -211 that had [] enchantment(s) | 
[2023-07-18 17:47:47] [world] The Player <Funget114514> has dropped 64 of PAPER at X= -43, Y= 74, Z= -243 that had [] enchantment(s) | 
[2023-07-18 17:52:21] [world] The Player <Funget114514> has dropped 20 of ROTTEN FLESH at X= -26, Y= 64, Z= -288 that had [] enchantment(s) | 
[2023-07-18 17:52:39] [world] The Player <Funget114514> has dropped 1 of IRON INGOT at X= -26, Y= 64, Z= -288 that had [] enchantment(s) | 
[2023-07-18 17:52:41] [world] The Player <Funget114514> has dropped 1 of PHANTOM MEMBRANE at X= -26, Y= 64, Z= -288 that had [] enchantment(s) | 
[2023-07-18 17:55:24] [world_nether] The Player <Funget114514> has dropped 1 of WRITTEN BOOK at X= 10, Y= 67, Z= -25 that had [Unbreaking] enchantment(s) | 
[2023-07-18 17:55:25] [world_nether] The Player <Funget114514> has dropped 1 of WRITTEN BOOK at X= 10, Y= 67, Z= -25 that had [Unbreaking] enchantment(s) | 
[2023-07-18 17:55:25] [world_nether] The Player <Funget114514> has dropped 1 of WRITTEN BOOK at X= 10, Y= 67, Z= -25 that had [Unbreaking] enchantment(s) | 
[2023-07-18 17:55:26] [world_nether] The Player <Funget114514> has dropped 1 of WRITTEN BOOK at X= 10, Y= 67, Z= -25 that had [Unbreaking] enchantment(s) | 
[2023-07-18 17:55:26] [world_nether] The Player <Funget114514> has dropped 1 of WRITTEN BOOK at X= 10, Y= 67, Z= -25 that had [Unbreaking] enchantment(s) | 
[2023-07-18 17:55:27] [world_nether] The Player <Funget114514> has dropped 1 of WRITTEN BOOK at X= 10, Y= 67, Z= -25 that had [Unbreaking] enchantment(s) | 
[2023-07-18 17:55:27] [world_nether] The Player <Funget114514> has dropped 1 of WRITTEN BOOK at X= 10, Y= 67, Z= -25 that had [Unbreaking] enchantment(s) | 
[2023-07-18 17:55:39] [world_nether] The Player <Funget114514> has dropped 1 of WRITTEN BOOK at X= 10, Y= 67, Z= -25 that had [Unbreaking] enchantment(s) | 
[2023-07-18 17:55:41] [world_nether] The Player <Funget114514> has dropped 1 of WRITTEN BOOK at X= 10, Y= 67, Z= -25 that had [Unbreaking] enchantment(s) | 
[2023-07-18 18:16:53] [world] The Player <Funget114514> has dropped 1 of WRITTEN BOOK at X= 14, Y= 114, Z= 14 that had [Unbreaking] enchantment(s) | 
[2023-07-18 18:27:13] [world] The Player <Funget114514> has dropped 1 of ROTTEN FLESH at X= -42, Y= 72, Z= -275 that had [] enchantment(s) | 
[2023-07-18 18:27:13] [world] The Player <Funget114514> has dropped 1 of ROTTEN FLESH at X= -42, Y= 72, Z= -275 that had [] enchantment(s) | 
[2023-07-18 18:35:21] [world] The Player <Enderlava> has dropped 1 of DROPPER at X= -12, Y= 115, Z= -246 that had [] enchantment(s) | 
[2023-07-18 18:43:34] [world] The Player <Enderlava> has dropped 1 of COBBLESTONE at X= -17, Y= 115, Z= -245 that had [] enchantment(s) | 
[2023-07-18 18:53:59] [world] The Player <Funget114514> has dropped 5 of ROTTEN FLESH at X= 13, Y= 127, Z= -319 that had [] enchantment(s) | 
[2023-07-18 19:03:51] [world] The Player <Enderlava> has dropped 5 of SMOOTH STONE SLAB at X= -30, Y= 77, Z= -206 that had [] enchantment(s) | 
[2023-07-18 19:04:35] [world] The Player <Enderlava> has dropped 1 of CROSSBOW at X= 106, Y= 62, Z= -114 that had [] enchantment(s) | §7射手
[2023-07-18 19:06:03] [world] The Player <Enderlava> has dropped 3 of COBBLESTONE STAIRS at X= -17, Y= 117, Z= -244 that had [] enchantment(s) | 
[2023-07-18 19:25:44] [world] The Player <Funget114514> has dropped 1 of RECOVERY COMPASS at X= -26, Y= 75, Z= -239 that had [Unbreaking] enchantment(s) | §fFunget114514's Grave
[2023-07-18 19:25:50] [world] The Player <Funget114514> has dropped 1 of WRITTEN BOOK at X= -26, Y= 74, Z= -239 that had [Unbreaking] enchantment(s) | 
[2023-07-18 19:27:57] [world] The Player <Funget114514> has dropped 1 of CARROT ON A STICK at X= -17, Y= 71, Z= -229 that had [Curse of Vanishing] enchantment(s) | §b迟钝护符
[2023-07-18 19:28:01] [world] The Player <Funget114514> has dropped 1 of WRITTEN BOOK at X= -15, Y= 70, Z= -228 that had [Unbreaking] enchantment(s) | 
[2023-07-18 19:28:02] [world] The Player <Funget114514> has dropped 1 of ROTTEN FLESH at X= -15, Y= 70, Z= -228 that had [] enchantment(s) | 
[2023-07-18 19:28:05] [world] The Player <Funget114514> has dropped 1 of WRITTEN BOOK at X= -15, Y= 70, Z= -228 that had [Unbreaking] enchantment(s) | 
[2023-07-18 19:29:20] [world] The Player <Enderlava> has dropped 1 of CHAINMAIL BOOTS at X= -17, Y= 70, Z= -228 that had [] enchantment(s) | §7约束者
[2023-07-18 19:29:21] [world] The Player <Enderlava> has dropped 1 of WRITTEN BOOK at X= -17, Y= 70, Z= -228 that had [Unbreaking] enchantment(s) | 
[2023-07-18 19:29:22] [world] The Player <Enderlava> has dropped 1 of ROTTEN FLESH at X= -17, Y= 70, Z= -228 that had [] enchantment(s) | 
[2023-07-18 19:29:24] [world] The Player <Enderlava> has dropped 1 of CHAINMAIL BOOTS at X= -17, Y= 70, Z= -228 that had [] enchantment(s) | §7约束者
[2023-07-18 19:29:28] [world] The Player <Enderlava> has dropped 1 of WRITTEN BOOK at X= -18, Y= 71, Z= -228 that had [Unbreaking] enchantment(s) | 
[2023-07-18 19:38:52] [world] The Player <Enderlava> has dropped 53 of REDSTONE at X= -7, Y= 70, Z= -250 that had [] enchantment(s) | 
[2023-07-18 19:39:43] [world] The Player <Enderlava> has dropped 5 of REPEATER at X= -3, Y= 70, Z= -248 that had [] enchantment(s) | 
[2023-07-18 19:39:56] [world] The Player <Enderlava> has dropped 52 of REDSTONE at X= -4, Y= 70, Z= -244 that had [] enchantment(s) | 
[2023-07-18 19:40:38] [world] The Player <Enderlava> has dropped 5 of REPEATER at X= -4, Y= 70, Z= -247 that had [] enchantment(s) | 
[2023-07-18 19:40:48] [world] The Player <Enderlava> has dropped 52 of REDSTONE at X= -6, Y= 70, Z= -252 that had [] enchantment(s) | 
[2023-07-18 19:42:21] [world] The Player <Enderlava> has dropped 1 of TORCH at X= -8, Y= 66, Z= -245 that had [] enchantment(s) | 
[2023-07-18 19:43:55] [world] The Player <Enderlava> has dropped 1 of BUCKET at X= -9, Y= 66, Z= -245 that had [] enchantment(s) | 
[2023-07-18 19:47:27] [world_nether] The Player <Enderlava> has dropped 1 of ANVIL at X= -19, Y= 75, Z= -41 that had [] enchantment(s) | 
[2023-07-18 19:47:39] [world_nether] The Player <Enderlava> has dropped 44 of SMOOTH STONE at X= -20, Y= 75, Z= -42 that had [] enchantment(s) | 
[2023-07-18 19:55:46] [world] The Player <Funget114514> has dropped 1 of SHIELD at X= 52, Y= 49, Z= -266 that had [Unbreaking] enchantment(s) | §9巫妖盾牌
[2023-07-18 19:55:48] [world] The Player <Funget114514> has dropped 1 of WRITTEN BOOK at X= 52, Y= 49, Z= -266 that had [Unbreaking] enchantment(s) | 
[2023-07-18 19:57:29] [world] The Player <Enderlava> has dropped 1 of COPPER INGOT at X= 48, Y= 63, Z= -280 that had [] enchantment(s) | 
[2023-07-18 19:57:48] [world] The Player <Enderlava> has dropped 51 of GOLD NUGGET at X= 40, Y= 64, Z= -281 that had [] enchantment(s) | 
[2023-07-18 19:57:49] [world] The Player <Enderlava> has dropped 1 of EMERALD at X= 40, Y= 64, Z= -281 that had [] enchantment(s) | 
[2023-07-18 19:59:32] [world] The Player <Funget114514> has dropped 1 of SMOOTH STONE at X= 38, Y= 64, Z= -268 that had [] enchantment(s) | 
[2023-07-18 19:59:55] [world] The Player <Funget114514> has dropped 1 of SMOOTH STONE at X= 51, Y= 64, Z= -284 that had [] enchantment(s) | 
[2023-07-18 20:00:06] [world] The Player <Funget114514> has dropped 1 of BUCKET at X= 50, Y= 64, Z= -295 that had [] enchantment(s) | 
[2023-07-18 20:00:08] [world] The Player <Funget114514> has dropped 1 of SMOOTH STONE at X= 50, Y= 64, Z= -295 that had [] enchantment(s) | 
[2023-07-18 20:01:09] [world] The Player <Enderlava> has dropped 1 of IRON SWORD at X= 55, Y= 51, Z= -294 that had [Fire Aspect, Looting, Sharpness, Unbreaking] enchantment(s) | §7狼殇
[2023-07-18 20:01:10] [world] The Player <Enderlava> has dropped 1 of IRON AXE at X= 55, Y= 51, Z= -294 that had [Sharpness] enchantment(s) | 
[2023-07-18 20:01:29] [world] The Player <Funget114514> has dropped 1 of DANDELION at X= 57, Y= 64, Z= -281 that had [] enchantment(s) | 
[2023-07-18 20:01:33] [world] The Player <Funget114514> has dropped 12 of GOLD NUGGET at X= 55, Y= 64, Z= -279 that had [] enchantment(s) | 
[2023-07-18 20:01:34] [world] The Player <Funget114514> has dropped 1 of WOODEN HOE at X= 55, Y= 64, Z= -279 that had [] enchantment(s) | §aWarlock wand
[2023-07-18 20:01:48] [world] The Player <Funget114514> has dropped 1 of OAK PLANKS at X= 39, Y= 64, Z= -286 that had [] enchantment(s) | 
[2023-07-18 20:02:15] [world] The Player <Funget114514> has dropped 1 of RECOVERY COMPASS at X= -21, Y= 64, Z= -281 that had [Unbreaking] enchantment(s) | §fFunget114514's Grave
[2023-07-18 20:02:29] [world] The Player <Funget114514> has dropped 36 of ARROW at X= 33, Y= 62, Z= -288 that had [] enchantment(s) | 
[2023-07-18 20:02:49] [world] The Player <Funget114514> has dropped 1 of WRITTEN BOOK at X= 25, Y= 64, Z= -272 that had [Unbreaking] enchantment(s) | 
[2023-07-18 20:04:12] [world] The Player <Enderlava> has dropped 20 of GUNPOWDER at X= 56, Y= 64, Z= -292 that had [] enchantment(s) | 
[2023-07-18 20:04:19] [world] The Player <Enderlava> has dropped 4 of SUGAR CANE at X= 70, Y= 64, Z= -284 that had [] enchantment(s) | 
[2023-07-18 20:04:20] [world] The Player <Funget114514> has dropped 1 of GOLD NUGGET at X= 73, Y= 56, Z= -294 that had [] enchantment(s) | 
[2023-07-18 20:04:21] [world] The Player <Funget114514> has dropped 1 of GOLD NUGGET at X= 73, Y= 56, Z= -294 that had [] enchantment(s) | 
[2023-07-18 20:04:21] [world] The Player <Funget114514> has dropped 1 of GOLD NUGGET at X= 73, Y= 56, Z= -294 that had [] enchantment(s) | 
[2023-07-18 20:04:21] [world] The Player <Funget114514> has dropped 1 of GOLD NUGGET at X= 73, Y= 56, Z= -294 that had [] enchantment(s) | 
[2023-07-18 20:04:22] [world] The Player <Funget114514> has dropped 1 of GOLD NUGGET at X= 73, Y= 55, Z= -294 that had [] enchantment(s) | 
[2023-07-18 20:04:22] [world] The Player <Enderlava> has dropped 8 of GOLD NUGGET at X= 66, Y= 64, Z= -279 that had [] enchantment(s) | 
[2023-07-18 20:04:22] [world] The Player <Funget114514> has dropped 1 of GOLD NUGGET at X= 73, Y= 55, Z= -294 that had [] enchantment(s) | 
[2023-07-18 20:04:22] [world] The Player <Funget114514> has dropped 1 of GOLD NUGGET at X= 73, Y= 55, Z= -294 that had [] enchantment(s) | 
[2023-07-18 20:04:22] [world] The Player <Funget114514> has dropped 1 of GOLD NUGGET at X= 73, Y= 55, Z= -294 that had [] enchantment(s) | 
[2023-07-18 20:04:22] [world] The Player <Funget114514> has dropped 1 of GOLD NUGGET at X= 73, Y= 55, Z= -294 that had [] enchantment(s) | 
[2023-07-18 20:04:22] [world] The Player <Funget114514> has dropped 1 of GOLD NUGGET at X= 73, Y= 55, Z= -294 that had [] enchantment(s) | 
[2023-07-18 20:04:23] [world] The Player <Funget114514> has dropped 1 of GOLD NUGGET at X= 73, Y= 56, Z= -294 that had [] enchantment(s) | 
[2023-07-18 20:04:23] [world] The Player <Funget114514> has dropped 1 of GOLD NUGGET at X= 73, Y= 56, Z= -294 that had [] enchantment(s) | 
[2023-07-18 20:04:26] [world] The Player <Enderlava> has dropped 7 of GOLD NUGGET at X= 41, Y= 65, Z= -287 that had [] enchantment(s) | 
[2023-07-18 20:05:00] [world] The Player <Funget114514> has dropped 1 of OAK LOG at X= 49, Y= 64, Z= -291 that had [] enchantment(s) | 
[2023-07-18 20:06:58] [world] The Player <Enderlava> has dropped 2 of PHANTOM MEMBRANE at X= -19, Y= 71, Z= -241 that had [] enchantment(s) | 
[2023-07-18 20:07:47] [world] The Player <Enderlava> has dropped 1 of WRITTEN BOOK at X= -13, Y= 66, Z= -245 that had [Unbreaking] enchantment(s) | 
[2023-07-18 20:09:03] [world] The Player <Enderlava> has dropped 1 of SMOOTH STONE at X= -12, Y= 66, Z= -245 that had [] enchantment(s) | 
[2023-07-18 20:09:55] [world] The Player <Enderlava> has dropped 4 of OAK SIGN at X= -9, Y= 66, Z= -245 that had [] enchantment(s) | 
[2023-07-18 20:10:41] [world] The Player <Enderlava> has dropped 1 of BUCKET at X= -8, Y= 67, Z= -245 that had [] enchantment(s) | 
[2023-07-18 20:10:49] [world] The Player <Enderlava> has dropped 1 of WATER BUCKET at X= -8, Y= 68, Z= -245 that had [] enchantment(s) | 
[2023-07-18 20:10:52] [world] The Player <Enderlava> has dropped 1 of BUCKET at X= -8, Y= 68, Z= -245 that had [] enchantment(s) | 
[2023-07-18 20:11:09] [world] The Player <Enderlava> has dropped 1 of WATER BUCKET at X= -8, Y= 66, Z= -245 that had [] enchantment(s) | 
[2023-07-18 20:11:12] [world] The Player <Enderlava> has dropped 3 of BUCKET at X= -8, Y= 66, Z= -245 that had [] enchantment(s) | 
[2023-07-18 20:11:17] [world] The Player <Enderlava> has dropped 1 of BUCKET at X= -8, Y= 72, Z= -245 that had [] enchantment(s) | 
[2023-07-18 20:11:28] [world] The Player <Enderlava> has dropped 1 of BUCKET at X= -8, Y= 70, Z= -245 that had [] enchantment(s) | 
[2023-07-18 20:11:38] [world] The Player <Enderlava> has dropped 2 of BUCKET at X= -8, Y= 70, Z= -245 that had [] enchantment(s) | 
[2023-07-18 20:12:37] [world] The Player <Enderlava> has dropped 1 of BUCKET at X= -8, Y= 69, Z= -245 that had [] enchantment(s) | 
[2023-07-18 20:12:44] [world] The Player <Enderlava> has dropped 2 of BUCKET at X= -8, Y= 70, Z= -245 that had [] enchantment(s) | 
[2023-07-18 20:12:48] [world] The Player <Enderlava> has dropped 1 of WATER BUCKET at X= -8, Y= 70, Z= -245 that had [] enchantment(s) | 
[2023-07-18 20:12:50] [world] The Player <Enderlava> has dropped 2 of BUCKET at X= -8, Y= 70, Z= -245 that had [] enchantment(s) | 
[2023-07-18 20:12:53] [world] The Player <Enderlava> has dropped 3 of BUCKET at X= -8, Y= 70, Z= -245 that had [] enchantment(s) | 
[2023-07-18 20:12:59] [world] The Player <Enderlava> has dropped 3 of BUCKET at X= -8, Y= 70, Z= -245 that had [] enchantment(s) | 
[2023-07-18 20:13:02] [world] The Player <Enderlava> has dropped 1 of WATER BUCKET at X= -8, Y= 70, Z= -245 that had [] enchantment(s) | 
[2023-07-18 20:13:04] [world] The Player <Enderlava> has dropped 3 of BUCKET at X= -8, Y= 70, Z= -245 that had [] enchantment(s) | 
[2023-07-18 20:13:14] [world] The Player <Enderlava> has dropped 3 of BUCKET at X= -8, Y= 70, Z= -245 that had [] enchantment(s) | 
[2023-07-18 20:13:28] [world] The Player <Enderlava> has dropped 3 of BUCKET at X= -3, Y= 70, Z= -248 that had [] enchantment(s) | 
[2023-07-18 20:13:59] [world] The Player <Enderlava> has dropped 6 of BAMBOO at X= -8, Y= 71, Z= -239 that had [] enchantment(s) | 
[2023-07-18 20:16:05] [world] The Player <Enderlava> has dropped 1 of BUCKET at X= -4, Y= 70, Z= -249 that had [] enchantment(s) | 
[2023-07-18 20:16:06] [world] The Player <Enderlava> has dropped 3 of BUCKET at X= -3, Y= 70, Z= -249 that had [] enchantment(s) | 
[2023-07-18 20:16:44] [world] The Player <Enderlava> has dropped 26 of COBBLESTONE at X= -9, Y= 74, Z= -245 that had [] enchantment(s) | 
[2023-07-18 20:17:12] [world] The Player <Enderlava> has dropped 27 of COBBLESTONE at X= -8, Y= 74, Z= -245 that had [] enchantment(s) | 
[2023-07-18 20:17:23] [world] The Player <Enderlava> has dropped 27 of COBBLESTONE at X= -10, Y= 71, Z= -239 that had [] enchantment(s) | 
[2023-07-18 20:17:34] [world] The Player <Enderlava> has dropped 27 of COBBLESTONE at X= -8, Y= 73, Z= -240 that had [] enchantment(s) | 
[2023-07-18 20:19:29] [world] The Player <Enderlava> has dropped 1 of WRITTEN BOOK at X= -6, Y= 70, Z= -250 that had [Unbreaking] enchantment(s) | 
[2023-07-18 20:20:16] [world] The Player <Enderlava> has dropped 1 of REPEATER at X= -1, Y= 70, Z= -244 that had [] enchantment(s) | 
[2023-07-18 20:20:49] [world] The Player <Enderlava> has dropped 1 of INK SAC at X= -5, Y= 97, Z= -245 that had [] enchantment(s) | 
[2023-07-18 20:20:49] [world] The Player <Enderlava> has dropped 1 of INK SAC at X= -5, Y= 99, Z= -245 that had [] enchantment(s) | 
[2023-07-18 20:20:50] [world] The Player <Enderlava> has dropped 1 of INK SAC at X= -5, Y= 100, Z= -245 that had [] enchantment(s) | 
[2023-07-18 20:27:40] [world] The Player <Enderlava> has dropped 1 of PISTON at X= -14, Y= 109, Z= -246 that had [] enchantment(s) | 
[2023-07-18 20:28:10] [world] The Player <Enderlava> has dropped 1 of REDSTONE at X= -17, Y= 109, Z= -246 that had [] enchantment(s) | 
[2023-07-18 20:28:32] [world] The Player <Enderlava> has dropped 1 of SCAFFOLDING at X= -11, Y= 116, Z= -246 that had [] enchantment(s) | 
[2023-07-18 20:31:22] [world] The Player <Enderlava> has dropped 32 of SMOOTH STONE at X= -12, Y= 74, Z= -244 that had [] enchantment(s) | 
[2023-07-18 20:47:58] [world] The Player <Enderlava> has dropped 3 of DIRT at X= -7, Y= 70, Z= -240 that had [] enchantment(s) | 
[2023-07-18 20:48:00] [world] The Player <Enderlava> has dropped 1 of STRIPPED OAK LOG at X= -7, Y= 70, Z= -239 that had [] enchantment(s) | 
[2023-07-18 20:49:31] [world] The Player <Enderlava> has dropped 3 of ROTTEN FLESH at X= -12, Y= 73, Z= -246 that had [] enchantment(s) | 
[2023-07-18 20:49:41] [world] The Player <Enderlava> has dropped 2 of EMERALD at X= -13, Y= 73, Z= -245 that had [] enchantment(s) | 
[2023-07-18 20:49:47] [world] The Player <Enderlava> has dropped 4 of DIRT at X= -7, Y= 70, Z= -241 that had [] enchantment(s) | 
[2023-07-18 20:49:51] [world] The Player <Enderlava> has dropped 38 of COOKED COD at X= -7, Y= 70, Z= -241 that had [] enchantment(s) | 
[2023-07-18 20:49:53] [world] The Player <Enderlava> has dropped 3 of ROTTEN FLESH at X= -7, Y= 70, Z= -241 that had [] enchantment(s) | 
[2023-07-18 20:49:56] [world] The Player <Enderlava> has dropped 38 of COOKED COD at X= -7, Y= 70, Z= -241 that had [] enchantment(s) | 
[2023-07-18 20:50:18] [world] The Player <Enderlava> has dropped 2 of EMERALD at X= -7, Y= 70, Z= -240 that had [] enchantment(s) | 
[2023-07-18 20:50:21] [world] The Player <Enderlava> has dropped 3 of ROTTEN FLESH at X= -7, Y= 70, Z= -240 that had [] enchantment(s) | 
[2023-07-18 20:50:22] [world] The Player <Enderlava> has dropped 1 of STRIPPED OAK LOG at X= -7, Y= 70, Z= -240 that had [] enchantment(s) | 
[2023-07-18 20:50:27] [world] The Player <Enderlava> has dropped 36 of COOKED COD at X= -4, Y= 70, Z= -238 that had [] enchantment(s) | 
[2023-07-18 20:50:40] [world] The Player <Enderlava> has dropped 30 of OAK LOG at X= -13, Y= 76, Z= -245 that had [] enchantment(s) | 
[2023-07-18 20:51:18] [world] The Player <Enderlava> has dropped 2 of OAK LOG at X= -10, Y= 70, Z= -249 that had [] enchantment(s) | 
[2023-07-18 20:57:01] [world] The Player <Enderlava> has dropped 1 of ROTTEN FLESH at X= -6, Y= 85, Z= -246 that had [] enchantment(s) | 
[2023-07-18 20:57:01] [world] The Player <Enderlava> has dropped 1 of ROTTEN FLESH at X= -6, Y= 85, Z= -246 that had [] enchantment(s) | 
[2023-07-18 20:57:01] [world] The Player <Enderlava> has dropped 1 of ROTTEN FLESH at X= -6, Y= 86, Z= -246 that had [] enchantment(s) | 
[2023-07-18 20:57:02] [world] The Player <Enderlava> has dropped 64 of ROTTEN FLESH at X= -6, Y= 91, Z= -246 that had [] enchantment(s) | 
[2023-07-18 20:57:40] [world] The Player <Enderlava> has dropped 61 of SMOOTH STONE at X= -8, Y= 70, Z= -238 that had [] enchantment(s) | 
[2023-07-18 20:57:41] [world] The Player <Enderlava> has dropped 1 of STRIPPED OAK LOG at X= -2, Y= 70, Z= -241 that had [] enchantment(s) | 
[2023-07-18 20:58:35] [world] The Player <Enderlava> has dropped 1 of COMPOSTER at X= -12, Y= 74, Z= -244 that had [] enchantment(s) | 
[2023-07-18 20:59:49] [world] The Player <Enderlava> has dropped 64 of BONE MEAL at X= -5, Y= 71, Z= -247 that had [] enchantment(s) | 
[2023-07-18 21:00:23] [world] The Player <Enderlava> has dropped 38 of OAK LOG at X= -6, Y= 70, Z= -247 that had [] enchantment(s) | 
[2023-07-18 21:00:28] [world] The Player <Enderlava> has dropped 24 of BONE MEAL at X= -7, Y= 71, Z= -247 that had [] enchantment(s) | 
[2023-07-18 21:00:29] [world] The Player <Enderlava> has dropped 1 of PISTON at X= -7, Y= 71, Z= -247 that had [] enchantment(s) | 
[2023-07-18 21:00:29] [world] The Player <Enderlava> has dropped 1 of COMPOSTER at X= -7, Y= 71, Z= -247 that had [] enchantment(s) | 
[2023-07-18 21:01:50] [world] The Player <Enderlava> has dropped 1 of STRIPPED OAK LOG at X= -6, Y= 70, Z= -251 that had [] enchantment(s) | 
[2023-07-18 21:01:52] [world] The Player <Enderlava> has dropped 45 of BONE MEAL at X= -2, Y= 70, Z= -249 that had [] enchantment(s) | 
[2023-07-18 21:01:56] [world] The Player <Enderlava> has dropped 64 of BONE MEAL at X= -6, Y= 71, Z= -248 that had [] enchantment(s) | 
[2023-07-18 21:42:17] [world] The Player <Enderlava> has dropped 58 of SCAFFOLDING at X= -22, Y= 68, Z= -265 that had [] enchantment(s) | 
[2023-07-18 21:43:30] [world] The Player <Enderlava> has dropped 1 of WRITTEN BOOK at X= 2, Y= 70, Z= -238 that had [Unbreaking] enchantment(s) | 
[2023-07-18 21:45:37] [world] The Player <Enderlava> has dropped 35 of COOKED COD at X= 2, Y= 70, Z= -237 that had [] enchantment(s) | 
[2023-07-18 21:52:11] [world] The Player <Enderlava> has dropped 1 of SHULKER BOX at X= -25, Y= 64, Z= -288 that had [] enchantment(s) | 
[2023-07-18 21:52:18] [world] The Player <Enderlava> has dropped 1 of SHULKER BOX at X= -27, Y= 64, Z= -288 that had [] enchantment(s) | 
