[2023-07-19 09:19:47] [world] The Player <Funget114514> has dropped 1 of RECOVERY COMPASS at X= -21, Y= 64, Z= -281 that had [Unbreaking] enchantment(s) | §fFunget114514's Grave
[2023-07-19 09:19:56] [world] The Player <Funget114514> has dropped 1 of WRITTEN BOOK at X= -14, Y= 64, Z= -283 that had [Unbreaking] enchantment(s) | 
[2023-07-19 09:20:37] [world] The Player <Funget114514> has dropped 1 of STICK at X= -4, Y= 70, Z= -242 that had [] enchantment(s) | 
[2023-07-19 09:20:41] [world] The Player <Funget114514> has dropped 1 of STICK at X= -4, Y= 70, Z= -240 that had [] enchantment(s) | 
[2023-07-19 10:55:11] [world] The Player <Funget114514> has dropped 1 of FIREWORK ROCKET at X= -23, Y= 64, Z= -287 that had [] enchantment(s) | 
[2023-07-19 11:02:23] [world] The Player <Funget114514> has dropped 1 of GLOW INK SAC at X= 7, Y= 64, Z= -292 that had [] enchantment(s) | 
[2023-07-19 11:12:47] [world] The Player <Enderlava> has dropped 20 of OAK LOG at X= -5, Y= 70, Z= -241 that had [] enchantment(s) | 
[2023-07-19 11:14:51] [world] The Player <Enderlava> has dropped 5 of COBBLESTONE SLAB at X= -8, Y= 64, Z= -329 that had [] enchantment(s) | 
[2023-07-19 11:19:48] [world] The Player <Enderlava> has dropped 64 of ROTTEN FLESH at X= 1070, Y= 200, Z= -173 that had [] enchantment(s) | 
[2023-07-19 11:25:10] [world] The Player <Funget114514> has dropped 6 of DIAMOND at X= -41, Y= 74, Z= -242 that had [] enchantment(s) | 
[2023-07-19 11:26:43] [world] The Player <Funget114514> has dropped 5 of SAND at X= -35, Y= 73, Z= -246 that had [] enchantment(s) | 
[2023-07-19 11:26:52] [world] The Player <Funget114514> has dropped 6 of DIAMOND at X= -40, Y= 72, Z= -233 that had [] enchantment(s) | 
[2023-07-19 11:30:32] [world] The Player <Funget114514> has dropped 1 of PRISMARINE CRYSTALS at X= 1, Y= 64, Z= -293 that had [] enchantment(s) | 
[2023-07-19 11:30:33] [world] The Player <Funget114514> has dropped 1 of PRISMARINE CRYSTALS at X= 1, Y= 64, Z= -293 that had [] enchantment(s) | 
[2023-07-19 11:30:33] [world] The Player <Funget114514> has dropped 1 of PRISMARINE CRYSTALS at X= 1, Y= 64, Z= -293 that had [] enchantment(s) | 
[2023-07-19 11:30:33] [world] The Player <Funget114514> has dropped 1 of PRISMARINE CRYSTALS at X= 1, Y= 64, Z= -293 that had [] enchantment(s) | 
[2023-07-19 11:30:33] [world] The Player <Funget114514> has dropped 1 of PRISMARINE CRYSTALS at X= 1, Y= 64, Z= -293 that had [] enchantment(s) | 
[2023-07-19 11:30:48] [world] The Player <Funget114514> has dropped 1 of COD at X= 3, Y= 63, Z= -297 that had [] enchantment(s) | 
[2023-07-19 11:35:41] [world_the_end] The Player <Enderlava> has dropped 16 of ENDER PEARL at X= 330, Y= 2, Z= 8 that had [] enchantment(s) | 
[2023-07-19 11:37:09] [world_the_end] The Player <Enderlava> has dropped 1 of WRITTEN BOOK at X= 332, Y= 2, Z= 6 that had [Unbreaking] enchantment(s) | 
[2023-07-19 11:37:10] [world_the_end] The Player <Enderlava> has dropped 15 of ENDER PEARL at X= 332, Y= 2, Z= 6 that had [] enchantment(s) | 
[2023-07-19 11:37:10] [world_the_end] The Player <Enderlava> has dropped 2 of EMERALD at X= 332, Y= 2, Z= 6 that had [] enchantment(s) | 
[2023-07-19 11:37:15] [world_the_end] The Player <Enderlava> has dropped 16 of ENDER PEARL at X= 332, Y= 2, Z= 6 that had [] enchantment(s) | 
[2023-07-19 11:37:18] [world_the_end] The Player <Enderlava> has dropped 16 of ENDER PEARL at X= 332, Y= 2, Z= 6 that had [] enchantment(s) | 
[2023-07-19 11:37:20] [world_the_end] The Player <Enderlava> has dropped 16 of ENDER PEARL at X= 332, Y= 2, Z= 6 that had [] enchantment(s) | 
[2023-07-19 11:37:24] [world_the_end] The Player <Enderlava> has dropped 16 of ENDER PEARL at X= 332, Y= 2, Z= 6 that had [] enchantment(s) | 
[2023-07-19 11:37:29] [world_the_end] The Player <Enderlava> has dropped 16 of ENDER PEARL at X= 332, Y= 2, Z= 6 that had [] enchantment(s) | 
[2023-07-19 11:38:18] [world_the_end] The Player <Enderlava> has dropped 1 of WRITTEN BOOK at X= 332, Y= 6, Z= 8 that had [Unbreaking] enchantment(s) | 
[2023-07-19 11:40:00] [world_the_end] The Player <Enderlava> has dropped 16 of ENDER PEARL at X= 329, Y= 2, Z= 7 that had [] enchantment(s) | 
[2023-07-19 11:47:23] [em_adventurers_guild] The Player <Enderlava> has dropped 1 of LEATHER at X= 289, Y= 82, Z= 258 that had [Curse of Vanishing] enchantment(s) | §b沙罗曼蛇护符
[2023-07-19 11:47:29] [em_adventurers_guild] The Player <Enderlava> has dropped 1 of LEATHER at X= 289, Y= 82, Z= 258 that had [Curse of Vanishing] enchantment(s) | §b沙罗曼蛇护符
[2023-07-19 11:50:33] [em_adventurers_guild] The Player <Enderlava> has dropped 1 of LEATHER at X= 279, Y= 78, Z= 249 that had [Curse of Vanishing] enchantment(s) | §b沙罗曼蛇护符
[2023-07-19 11:50:38] [em_adventurers_guild] The Player <Enderlava> has dropped 1 of LEATHER at X= 281, Y= 78, Z= 251 that had [Curse of Vanishing] enchantment(s) | §b沙罗曼蛇护符
[2023-07-19 12:02:23] [world] The Player <Enderlava> has dropped 1 of SUGAR CANE at X= -25, Y= 64, Z= -287 that had [] enchantment(s) | 
[2023-07-19 12:02:31] [world] The Player <Enderlava> has dropped 2 of GUNPOWDER at X= -25, Y= 64, Z= -287 that had [] enchantment(s) | 
[2023-07-19 12:02:32] [world] The Player <Enderlava> has dropped 2 of GUNPOWDER at X= -25, Y= 64, Z= -287 that had [] enchantment(s) | 
[2023-07-19 12:02:37] [world] The Player <Enderlava> has dropped 2 of NETHERRACK at X= -25, Y= 64, Z= -287 that had [] enchantment(s) | 
[2023-07-19 12:02:38] [world] The Player <Enderlava> has dropped 1 of DIORITE at X= -25, Y= 64, Z= -287 that had [] enchantment(s) | 
[2023-07-19 12:02:38] [world] The Player <Enderlava> has dropped 10 of COBBLESTONE at X= -25, Y= 64, Z= -287 that had [] enchantment(s) | 
[2023-07-19 12:02:40] [world] The Player <Enderlava> has dropped 1 of BUCKET at X= -25, Y= 64, Z= -287 that had [] enchantment(s) | 
[2023-07-19 12:02:40] [world] The Player <Enderlava> has dropped 16 of ENDER PEARL at X= -25, Y= 64, Z= -287 that had [] enchantment(s) | 
[2023-07-19 12:03:29] [world_nether] The Player <Enderlava> has dropped 32 of TNT at X= -8, Y= 16, Z= 9 that had [] enchantment(s) | 
[2023-07-19 12:09:47] [world_nether] The Player <Enderlava> has dropped 1 of PHANTOM MEMBRANE at X= 17, Y= 17, Z= 18 that had [] enchantment(s) | 
[2023-07-19 12:09:48] [world_nether] The Player <Enderlava> has dropped 1 of ANCIENT DEBRIS at X= 17, Y= 17, Z= 18 that had [] enchantment(s) | 
[2023-07-19 12:12:37] [world_nether] The Player <Enderlava> has dropped 1 of WRITTEN BOOK at X= 27, Y= 12, Z= 1 that had [Unbreaking] enchantment(s) | 
[2023-07-19 12:12:42] [world_nether] The Player <Enderlava> has dropped 64 of NETHERRACK at X= 27, Y= 11, Z= 1 that had [] enchantment(s) | 
[2023-07-19 12:12:47] [world_nether] The Player <Enderlava> has dropped 1 of WRITTEN BOOK at X= 27, Y= 11, Z= 1 that had [Unbreaking] enchantment(s) | 
[2023-07-19 12:13:26] [world_nether] The Player <Enderlava> has dropped 1 of TNT at X= 14, Y= 13, Z= -4 that had [] enchantment(s) | 
[2023-07-19 12:13:27] [world_nether] The Player <Enderlava> has dropped 1 of TNT at X= 14, Y= 13, Z= -4 that had [] enchantment(s) | 
[2023-07-19 12:13:27] [world_nether] The Player <Enderlava> has dropped 1 of TNT at X= 14, Y= 13, Z= -4 that had [] enchantment(s) | 
[2023-07-19 12:13:27] [world_nether] The Player <Enderlava> has dropped 1 of TNT at X= 14, Y= 13, Z= -4 that had [] enchantment(s) | 
[2023-07-19 12:13:27] [world_nether] The Player <Enderlava> has dropped 1 of TNT at X= 14, Y= 13, Z= -4 that had [] enchantment(s) | 
[2023-07-19 12:13:27] [world_nether] The Player <Enderlava> has dropped 1 of TNT at X= 14, Y= 13, Z= -4 that had [] enchantment(s) | 
[2023-07-19 12:13:27] [world_nether] The Player <Enderlava> has dropped 1 of TNT at X= 14, Y= 13, Z= -4 that had [] enchantment(s) | 
[2023-07-19 12:13:28] [world_nether] The Player <Enderlava> has dropped 1 of TNT at X= 14, Y= 13, Z= -4 that had [] enchantment(s) | 
[2023-07-19 12:13:28] [world_nether] The Player <Enderlava> has dropped 1 of TNT at X= 14, Y= 13, Z= -4 that had [] enchantment(s) | 
[2023-07-19 12:13:28] [world_nether] The Player <Enderlava> has dropped 1 of TNT at X= 14, Y= 13, Z= -4 that had [] enchantment(s) | 
[2023-07-19 12:13:28] [world_nether] The Player <Enderlava> has dropped 1 of TNT at X= 14, Y= 13, Z= -4 that had [] enchantment(s) | 
[2023-07-19 12:13:28] [world_nether] The Player <Enderlava> has dropped 1 of TNT at X= 14, Y= 13, Z= -4 that had [] enchantment(s) | 
[2023-07-19 12:13:28] [world_nether] The Player <Enderlava> has dropped 1 of TNT at X= 14, Y= 13, Z= -4 that had [] enchantment(s) | 
[2023-07-19 12:13:29] [world_nether] The Player <Enderlava> has dropped 1 of TNT at X= 14, Y= 13, Z= -4 that had [] enchantment(s) | 
[2023-07-19 12:13:29] [world_nether] The Player <Enderlava> has dropped 1 of TNT at X= 14, Y= 13, Z= -4 that had [] enchantment(s) | 
[2023-07-19 12:15:21] [world_nether] The Player <Enderlava> has dropped 16 of WHITE BANNER at X= 23, Y= 9, Z= 6 that had [] enchantment(s) | §6Ominous Banner
[2023-07-19 12:15:21] [world_nether] The Player <Enderlava> has dropped 53 of GRAVEL at X= 23, Y= 9, Z= 6 that had [] enchantment(s) | 
[2023-07-19 12:15:25] [world_nether] The Player <Enderlava> has dropped 1 of FLINT AND STEEL at X= 23, Y= 9, Z= 6 that had [] enchantment(s) | 
[2023-07-19 12:15:27] [world_nether] The Player <Enderlava> has dropped 16 of NETHERRACK at X= 23, Y= 9, Z= 6 that had [] enchantment(s) | 
[2023-07-19 12:15:27] [world_nether] The Player <Enderlava> has dropped 44 of IRON INGOT at X= 23, Y= 9, Z= 6 that had [] enchantment(s) | 
[2023-07-19 12:15:30] [world_nether] The Player <Enderlava> has dropped 44 of BLACKSTONE at X= 22, Y= 10, Z= 7 that had [] enchantment(s) | 
[2023-07-19 12:15:30] [world_nether] The Player <Enderlava> has dropped 53 of GRAVEL at X= 22, Y= 10, Z= 7 that had [] enchantment(s) | 
[2023-07-19 12:15:35] [world_nether] The Player <Enderlava> has dropped 1 of FLINT AND STEEL at X= 23, Y= 9, Z= 6 that had [] enchantment(s) | 
[2023-07-19 12:15:37] [world_nether] The Player <Enderlava> has dropped 64 of NETHERRACK at X= 22, Y= 10, Z= 7 that had [] enchantment(s) | 
[2023-07-19 12:15:38] [world_nether] The Player <Enderlava> has dropped 64 of NETHERRACK at X= 22, Y= 10, Z= 7 that had [] enchantment(s) | 
[2023-07-19 12:21:26] [world] The Player <Enderlava> has dropped 39 of OAK SAPLING at X= -39, Y= 72, Z= -274 that had [] enchantment(s) | 
[2023-07-19 12:22:12] [world] The Player <Enderlava> has dropped 64 of NETHERRACK at X= -46, Y= 70, Z= -282 that had [] enchantment(s) | 
[2023-07-19 12:24:44] [world] The Player <Enderlava> has dropped 1 of STICK at X= -8, Y= 74, Z= -245 that had [] enchantment(s) | 
[2023-07-19 12:24:47] [world] The Player <Enderlava> has dropped 1 of STICK at X= -8, Y= 74, Z= -245 that had [] enchantment(s) | 
[2023-07-19 12:24:50] [world] The Player <Enderlava> has dropped 1 of STICK at X= -8, Y= 74, Z= -245 that had [] enchantment(s) | 
[2023-07-19 12:36:45] [world] The Player <Funget114514> has dropped 1 of WRITTEN BOOK at X= -23, Y= 65, Z= -285 that had [Unbreaking] enchantment(s) | 
[2023-07-19 12:41:16] [world] The Player <Funget114514> has dropped 1 of STRING at X= 14, Y= 67, Z= -274 that had [] enchantment(s) | 
[2023-07-19 12:41:16] [world] The Player <Funget114514> has dropped 1 of STRING at X= 14, Y= 67, Z= -274 that had [] enchantment(s) | 
[2023-07-19 12:41:16] [world] The Player <Funget114514> has dropped 1 of STRING at X= 14, Y= 67, Z= -274 that had [] enchantment(s) | 
[2023-07-19 12:41:16] [world] The Player <Funget114514> has dropped 1 of CHAIN at X= 14, Y= 67, Z= -274 that had [] enchantment(s) | 
[2023-07-19 12:41:17] [world] The Player <Funget114514> has dropped 1 of CHAIN at X= 14, Y= 67, Z= -274 that had [] enchantment(s) | 
[2023-07-19 12:41:17] [world] The Player <Funget114514> has dropped 1 of CHAIN at X= 14, Y= 67, Z= -274 that had [] enchantment(s) | 
[2023-07-19 12:41:17] [world] The Player <Funget114514> has dropped 1 of CHAIN at X= 14, Y= 67, Z= -274 that had [] enchantment(s) | 
[2023-07-19 12:41:17] [world] The Player <Funget114514> has dropped 1 of CHAIN at X= 14, Y= 67, Z= -274 that had [] enchantment(s) | 
[2023-07-19 12:41:17] [world] The Player <Funget114514> has dropped 1 of CHAIN at X= 14, Y= 67, Z= -274 that had [] enchantment(s) | 
[2023-07-19 12:41:18] [world] The Player <Funget114514> has dropped 1 of STICK at X= 14, Y= 67, Z= -274 that had [] enchantment(s) | 
[2023-07-19 12:41:18] [world] The Player <Funget114514> has dropped 1 of STICK at X= 14, Y= 67, Z= -274 that had [] enchantment(s) | 
[2023-07-19 12:41:19] [world] The Player <Funget114514> has dropped 1 of STICK at X= 14, Y= 67, Z= -274 that had [] enchantment(s) | 
[2023-07-19 12:41:19] [world] The Player <Funget114514> has dropped 1 of DIRT at X= 14, Y= 67, Z= -274 that had [] enchantment(s) | 
[2023-07-19 12:41:19] [world] The Player <Funget114514> has dropped 1 of DIRT at X= 14, Y= 67, Z= -274 that had [] enchantment(s) | 
[2023-07-19 12:41:20] [world] The Player <Funget114514> has dropped 1 of DIRT at X= 14, Y= 67, Z= -274 that had [] enchantment(s) | 
[2023-07-19 12:41:20] [world] The Player <Funget114514> has dropped 1 of WRITTEN BOOK at X= 14, Y= 67, Z= -274 that had [Unbreaking] enchantment(s) | 
[2023-07-19 12:41:21] [world] The Player <Funget114514> has dropped 1 of EGG at X= 14, Y= 67, Z= -274 that had [] enchantment(s) | 
[2023-07-19 12:46:09] [world_the_end] The Player <Funget114514> has dropped 16 of ENDER PEARL at X= -13, Y= 2, Z= -273 that had [] enchantment(s) | 
[2023-07-19 12:46:10] [world_the_end] The Player <Funget114514> has dropped 16 of ENDER PEARL at X= -13, Y= 2, Z= -273 that had [] enchantment(s) | 
[2023-07-19 12:46:14] [world_the_end] The Player <Funget114514> has dropped 16 of ENDER PEARL at X= -13, Y= 2, Z= -273 that had [] enchantment(s) | 
[2023-07-19 12:47:47] [world_the_end] The Player <Funget114514> has dropped 1 of CROSSBOW at X= -19, Y= 2, Z= -274 that had [Multishot, Quick Charge, Unbreaking] enchantment(s) | §7探险家弩
[2023-07-19 16:43:34] [world] The Player <Funget114514> has dropped 1 of ROTTEN FLESH at X= -21, Y= 64, Z= -288 that had [] enchantment(s) | 
[2023-07-19 16:43:34] [world] The Player <Funget114514> has dropped 1 of ROTTEN FLESH at X= -21, Y= 64, Z= -288 that had [] enchantment(s) | 
[2023-07-19 16:43:34] [world] The Player <Funget114514> has dropped 1 of ROTTEN FLESH at X= -21, Y= 64, Z= -288 that had [] enchantment(s) | 
[2023-07-19 16:43:56] [world] The Player <Funget114514> has dropped 7 of ENDER PEARL at X= -27, Y= 64, Z= -287 that had [] enchantment(s) | 
[2023-07-19 16:47:13] [world] The Player <Funget114514> has dropped 7 of OAK LOG at X= -27, Y= 64, Z= -288 that had [] enchantment(s) | 
[2023-07-19 16:47:27] [world] The Player <Funget114514> has dropped 2 of OAK PLANKS at X= -28, Y= 64, Z= -287 that had [] enchantment(s) | 
[2023-07-19 16:47:30] [world] The Player <Funget114514> has dropped 2 of OAK PLANKS at X= -28, Y= 64, Z= -287 that had [] enchantment(s) | 
[2023-07-19 16:55:34] [world_the_end] The Player <Funget114514> has dropped 15 of ENDER PEARL at X= -19, Y= 2, Z= -279 that had [] enchantment(s) | 
[2023-07-19 16:56:38] [world_the_end] The Player <Funget114514> has dropped 16 of ENDER PEARL at X= -16, Y= 2, Z= -275 that had [] enchantment(s) | 
[2023-07-19 17:02:03] [world_the_end] The Player <Funget114514> has dropped 1 of IRON BLOCK at X= -19, Y= 2, Z= -274 that had [] enchantment(s) | 
[2023-07-19 21:43:35] [world_the_end] The Player <Funget114514> has dropped 9 of IRON INGOT at X= -19, Y= 2, Z= -274 that had [] enchantment(s) | 
[2023-07-19 21:43:58] [world_the_end] The Player <Funget114514> has dropped 1 of IRON INGOT at X= -19, Y= 2, Z= -275 that had [] enchantment(s) | 
[2023-07-19 21:58:51] [world] The Player <wqe123420> has dropped 1 of WOODEN HOE at X= -573, Y= 107, Z= -630 that had [] enchantment(s) | 
[2023-07-19 22:02:55] [world] The Player <wqe123420> has dropped 1 of OAK TRAPDOOR at X= 1068, Y= 200, Z= -174 that had [] enchantment(s) | 
[2023-07-19 22:02:55] [world] The Player <wqe123420> has dropped 1 of OAK TRAPDOOR at X= 1068, Y= 200, Z= -174 that had [] enchantment(s) | 
[2023-07-19 22:02:55] [world] The Player <wqe123420> has dropped 1 of OAK TRAPDOOR at X= 1068, Y= 200, Z= -174 that had [] enchantment(s) | 
[2023-07-19 22:02:55] [world] The Player <wqe123420> has dropped 1 of OAK TRAPDOOR at X= 1068, Y= 200, Z= -174 that had [] enchantment(s) | 
[2023-07-19 22:02:56] [world] The Player <wqe123420> has dropped 1 of GRANITE at X= 1068, Y= 200, Z= -174 that had [] enchantment(s) | 
[2023-07-19 22:02:56] [world] The Player <wqe123420> has dropped 1 of GRANITE at X= 1068, Y= 200, Z= -174 that had [] enchantment(s) | 
[2023-07-19 22:02:56] [world] The Player <wqe123420> has dropped 1 of GRANITE at X= 1068, Y= 200, Z= -174 that had [] enchantment(s) | 
[2023-07-19 22:02:56] [world] The Player <wqe123420> has dropped 1 of GRANITE at X= 1068, Y= 200, Z= -174 that had [] enchantment(s) | 
[2023-07-19 22:02:57] [world] The Player <wqe123420> has dropped 1 of GRANITE at X= 1068, Y= 200, Z= -174 that had [] enchantment(s) | 
[2023-07-19 22:02:57] [world] The Player <wqe123420> has dropped 1 of GRANITE at X= 1068, Y= 200, Z= -174 that had [] enchantment(s) | 
[2023-07-19 22:02:57] [world] The Player <wqe123420> has dropped 1 of GRANITE at X= 1068, Y= 200, Z= -174 that had [] enchantment(s) | 
[2023-07-19 22:02:57] [world] The Player <wqe123420> has dropped 1 of GRANITE at X= 1068, Y= 200, Z= -174 that had [] enchantment(s) | 
[2023-07-19 22:02:57] [world] The Player <wqe123420> has dropped 1 of GRANITE at X= 1068, Y= 200, Z= -174 that had [] enchantment(s) | 
[2023-07-19 22:02:59] [world] The Player <wqe123420> has dropped 1 of BONE at X= 1068, Y= 200, Z= -174 that had [] enchantment(s) | 
[2023-07-19 22:02:59] [world] The Player <wqe123420> has dropped 1 of BONE at X= 1068, Y= 200, Z= -174 that had [] enchantment(s) | 
[2023-07-19 22:03:00] [world] The Player <wqe123420> has dropped 1 of BONE at X= 1068, Y= 200, Z= -174 that had [] enchantment(s) | 
[2023-07-19 22:03:00] [world] The Player <wqe123420> has dropped 1 of BONE at X= 1068, Y= 200, Z= -174 that had [] enchantment(s) | 
[2023-07-19 22:03:01] [world] The Player <wqe123420> has dropped 1 of DIRT at X= 1068, Y= 200, Z= -174 that had [] enchantment(s) | 
[2023-07-19 22:03:01] [world] The Player <wqe123420> has dropped 1 of DIRT at X= 1068, Y= 200, Z= -174 that had [] enchantment(s) | 
[2023-07-19 22:03:02] [world] The Player <wqe123420> has dropped 34 of DIRT at X= 1068, Y= 200, Z= -174 that had [] enchantment(s) | 
[2023-07-19 22:03:07] [world] The Player <wqe123420> has dropped 1 of STONE AXE at X= 1068, Y= 200, Z= -174 that had [Efficiency] enchantment(s) | §7晚霞斧
[2023-07-19 22:18:35] [world] The Player <Enderlava> has dropped 1 of WRITTEN BOOK at X= 1188, Y= 78, Z= -459 that had [Unbreaking] enchantment(s) | 
[2023-07-19 22:18:40] [world] The Player <Enderlava> has dropped 1 of WRITTEN BOOK at X= 1188, Y= 78, Z= -459 that had [Unbreaking] enchantment(s) | 
[2023-07-19 22:18:45] [world] The Player <Enderlava> has dropped 1 of WRITTEN BOOK at X= 1188, Y= 78, Z= -459 that had [Unbreaking] enchantment(s) | 
[2023-07-19 22:18:48] [world] The Player <Enderlava> has dropped 1 of WRITTEN BOOK at X= 1188, Y= 78, Z= -459 that had [Unbreaking] enchantment(s) | 
[2023-07-19 22:25:08] [world] The Player <Enderlava> has dropped 1 of BOOK at X= -21, Y= 72, Z= -239 that had [Lure] enchantment(s) | §5Elite Lure Enchanted Book
[2023-07-19 22:25:10] [world] The Player <Enderlava> has dropped 62 of NETHERRACK at X= -19, Y= 71, Z= -241 that had [] enchantment(s) | 
[2023-07-19 22:29:21] [world] The Player <Enderlava> has dropped 1 of BOOK at X= -21, Y= 67, Z= -246 that had [Lure] enchantment(s) | §5Elite Lure Enchanted Book
[2023-07-19 22:29:26] [world] The Player <Enderlava> has dropped 64 of NETHERRACK at X= -22, Y= 69, Z= -247 that had [] enchantment(s) | 
[2023-07-19 22:33:01] [world] The Player <Enderlava> has dropped 1 of WRITTEN BOOK at X= -97, Y= 64, Z= -201 that had [Unbreaking] enchantment(s) | 
[2023-07-19 22:33:03] [world] The Player <Enderlava> has dropped 1 of LEATHER HELMET at X= -97, Y= 64, Z= -201 that had [Aqua Affinity, Thorns] enchantment(s) | §7钩索的战无不胜的头盔
[2023-07-19 22:33:07] [world] The Player <Enderlava> has dropped 1 of BOOK at X= -97, Y= 64, Z= -201 that had [Fortune] enchantment(s) | §5Elite Fortune Enchanted Book
[2023-07-19 22:36:03] [world] The Player <Enderlava> has dropped 1 of BOOK at X= -60, Y= 70, Z= -188 that had [Power] enchantment(s) | §5Elite Power Enchanted Book
[2023-07-19 22:41:00] [world] The Player <Enderlava> has dropped 10 of TNT at X= -198, Y= 64, Z= -150 that had [] enchantment(s) | 
[2023-07-19 22:41:02] [world] The Player <Enderlava> has dropped 6 of SAND at X= -198, Y= 64, Z= -150 that had [] enchantment(s) | 
[2023-07-19 22:41:40] [world] The Player <Enderlava> has dropped 40 of NETHERRACK at X= -252, Y= 65, Z= -189 that had [] enchantment(s) | 
[2023-07-19 22:47:41] [world] The Player <Enderlava> has dropped 27 of NETHERRACK at X= -50, Y= 74, Z= -269 that had [] enchantment(s) | 
