[2023-07-21 15:21:16] [world] The Player <Enderlava> has dropped 1 of WRITTEN BOOK at X= -89, Y= 58, Z= -81 that had [Unbreaking] enchantment(s) | 
[2023-07-21 15:21:51] [world] The Player <Funget114514> has dropped 1 of WRITTEN BOOK at X= -80, Y= 57, Z= -63 that had [Unbreaking] enchantment(s) | 
[2023-07-21 15:22:37] [world] The Player <Funget114514> has dropped 1 of RECOVERY COMPASS at X= -95, Y= 51, Z= -65 that had [Unbreaking] enchantment(s) | §fFunget114514's Grave
[2023-07-21 15:22:51] [world] The Player <Funget114514> has dropped 1 of WRITTEN BOOK at X= -95, Y= 51, Z= -65 that had [Unbreaking] enchantment(s) | 
[2023-07-21 15:24:09] [world] The Player <Funget114514> has dropped 1 of RECOVERY COMPASS at X= -88, Y= 49, Z= -98 that had [Unbreaking] enchantment(s) | §fFunget114514's Grave
[2023-07-21 15:24:20] [world] The Player <Enderlava> has dropped 1 of WRITTEN BOOK at X= -81, Y= 49, Z= -99 that had [Unbreaking] enchantment(s) | 
[2023-07-21 15:24:27] [world] The Player <Funget114514> has dropped 1 of WRITTEN BOOK at X= -88, Y= 50, Z= -100 that had [Unbreaking] enchantment(s) | 
[2023-07-21 15:24:42] [world] The Player <Enderlava> has dropped 1 of WRITTEN BOOK at X= -89, Y= 51, Z= -100 that had [Unbreaking] enchantment(s) | 
[2023-07-21 15:24:44] [world] The Player <Enderlava> has dropped 1 of WRITTEN BOOK at X= -89, Y= 51, Z= -100 that had [Unbreaking] enchantment(s) | 
[2023-07-21 15:24:44] [world] The Player <Enderlava> has dropped 5 of PISTON at X= -89, Y= 51, Z= -100 that had [] enchantment(s) | 
[2023-07-21 15:25:15] [world] The Player <Funget114514> has dropped 1 of WRITTEN BOOK at X= -78, Y= 49, Z= -99 that had [Unbreaking] enchantment(s) | 
[2023-07-21 15:26:04] [world] The Player <Funget114514> has dropped 37 of ROTTEN FLESH at X= -68, Y= 51, Z= -101 that had [] enchantment(s) | 
[2023-07-21 15:26:41] [world] The Player <Enderlava> has dropped 1 of GOLDEN BOOTS at X= -30, Y= 73, Z= -283 that had [] enchantment(s) | §7飞龙靴子
[2023-07-21 15:28:51] [world] The Player <Enderlava> has dropped 1 of WOODEN AXE at X= -23, Y= 73, Z= -286 that had [] enchantment(s) | §7冲击者斧
[2023-07-21 15:32:23] [world] The Player <Funget114514> has dropped 1 of WRITTEN BOOK at X= -74, Y= 75, Z= -251 that had [Unbreaking] enchantment(s) | 
[2023-07-21 15:32:58] [world] The Player <Funget114514> has dropped 3 of DAMAGED ANVIL at X= 9, Y= 188, Z= 19 that had [] enchantment(s) | 
[2023-07-21 16:14:01] [em_adventurers_guild] The Player <Enderlava> has dropped 61 of REDSTONE at X= 282, Y= 92, Z= 227 that had [] enchantment(s) | 
[2023-07-21 16:14:32] [world_nether] The Player <Enderlava> has dropped 46 of TNT at X= 5, Y= 15, Z= -128 that had [] enchantment(s) | 
[2023-07-21 16:14:53] [world_nether] The Player <Enderlava> has dropped 1 of IRON BLOCK at X= 4, Y= 15, Z= -128 that had [] enchantment(s) | 
[2023-07-21 16:25:05] [world] The Player <Funget114514> has dropped 3 of DAMAGED ANVIL at X= 313, Y= 109, Z= -141 that had [] enchantment(s) | 
[2023-07-21 16:25:17] [world] The Player <Funget114514> has dropped 1 of WARPED FUNGUS at X= 544, Y= 118, Z= -160 that had [] enchantment(s) | 
[2023-07-21 16:25:17] [world] The Player <Funget114514> has dropped 1 of WARPED FUNGUS at X= 547, Y= 118, Z= -161 that had [] enchantment(s) | 
[2023-07-21 16:25:19] [world] The Player <Funget114514> has dropped 12 of GOLD NUGGET at X= 564, Y= 115, Z= -162 that had [] enchantment(s) | 
[2023-07-21 16:25:48] [world_nether] The Player <Enderlava> has dropped 64 of NETHERRACK at X= -64, Y= 11, Z= 23 that had [] enchantment(s) | 
[2023-07-21 16:26:53] [world_nether] The Player <Enderlava> has dropped 44 of TNT at X= -64, Y= 11, Z= 49 that had [] enchantment(s) | 
[2023-07-21 16:28:43] [world_nether] The Player <Enderlava> has dropped 64 of TNT at X= -65, Y= 9, Z= 50 that had [] enchantment(s) | 
[2023-07-21 16:28:46] [world_nether] The Player <Enderlava> has dropped 64 of TNT at X= -65, Y= 8, Z= 53 that had [] enchantment(s) | 
[2023-07-21 16:29:51] [world_nether] The Player <Enderlava> has dropped 1 of IRON INGOT at X= -66, Y= 7, Z= 81 that had [] enchantment(s) | 
[2023-07-21 16:29:57] [world_nether] The Player <Funget114514> has dropped 64 of NETHERRACK at X= -63, Y= 7, Z= 83 that had [] enchantment(s) | 
[2023-07-21 16:29:58] [world_nether] The Player <Enderlava> has dropped 64 of NETHERRACK at X= -64, Y= 6, Z= 82 that had [] enchantment(s) | 
[2023-07-21 16:29:58] [world_nether] The Player <Enderlava> has dropped 4 of GRAVEL at X= -64, Y= 6, Z= 82 that had [] enchantment(s) | 
[2023-07-21 16:29:59] [world_nether] The Player <Enderlava> has dropped 1 of IRON INGOT at X= -64, Y= 6, Z= 82 that had [] enchantment(s) | 
[2023-07-21 16:30:01] [world_nether] The Player <Funget114514> has dropped 64 of NETHERRACK at X= -63, Y= 7, Z= 83 that had [] enchantment(s) | 
[2023-07-21 16:30:02] [world_nether] The Player <Funget114514> has dropped 64 of NETHERRACK at X= -63, Y= 7, Z= 83 that had [] enchantment(s) | 
[2023-07-21 16:30:06] [world_nether] The Player <Funget114514> has dropped 4 of GRAVEL at X= -63, Y= 7, Z= 83 that had [] enchantment(s) | 
[2023-07-21 16:30:10] [world_nether] The Player <Funget114514> has dropped 64 of NETHERRACK at X= -63, Y= 7, Z= 83 that had [] enchantment(s) | 
[2023-07-21 16:30:13] [world_nether] The Player <Funget114514> has dropped 4 of GRAVEL at X= -63, Y= 7, Z= 83 that had [] enchantment(s) | 
[2023-07-21 16:34:34] [world_nether] The Player <Funget114514> has dropped 64 of NETHERRACK at X= -41, Y= 16, Z= 84 that had [] enchantment(s) | 
[2023-07-21 16:34:37] [world_nether] The Player <Funget114514> has dropped 64 of NETHERRACK at X= -41, Y= 16, Z= 84 that had [] enchantment(s) | 
[2023-07-21 16:34:39] [world_nether] The Player <Funget114514> has dropped 57 of NETHERRACK at X= -41, Y= 16, Z= 84 that had [] enchantment(s) | 
[2023-07-21 16:35:08] [world_nether] The Player <Funget114514> has dropped 1 of NETHER QUARTZ ORE at X= -23, Y= 15, Z= 84 that had [] enchantment(s) | 
[2023-07-21 16:35:41] [world_nether] The Player <Funget114514> has dropped 32 of NETHERRACK at X= -26, Y= 16, Z= 68 that had [] enchantment(s) | 
[2023-07-21 16:37:42] [world_nether] The Player <Funget114514> has dropped 7 of NETHERRACK at X= -52, Y= 17, Z= 80 that had [] enchantment(s) | 
[2023-07-21 16:38:01] [world_nether] The Player <Enderlava> has dropped 10 of GOLD NUGGET at X= -64, Y= 14, Z= 300 that had [] enchantment(s) | 
[2023-07-21 16:38:40] [world_nether] The Player <Enderlava> has dropped 16 of GOLD NUGGET at X= -64, Y= 15, Z= 303 that had [] enchantment(s) | 
[2023-07-21 16:39:08] [world_nether] The Player <Funget114514> has dropped 24 of NETHERRACK at X= -108, Y= 17, Z= 90 that had [] enchantment(s) | 
[2023-07-21 16:39:15] [world_nether] The Player <Enderlava> has dropped 56 of SAND at X= -64, Y= 15, Z= 303 that had [] enchantment(s) | 
[2023-07-21 16:40:45] [world_nether] The Player <Funget114514> has dropped 52 of BLACKSTONE at X= -124, Y= 16, Z= 88 that had [] enchantment(s) | 
[2023-07-21 16:43:06] [world_nether] The Player <Funget114514> has dropped 37 of QUARTZ at X= -154, Y= 10, Z= 87 that had [] enchantment(s) | 
[2023-07-21 16:43:16] [world_nether] The Player <Enderlava> has dropped 1 of GOLD INGOT at X= -65, Y= 16, Z= 425 that had [] enchantment(s) | 
[2023-07-21 16:43:46] [world_nether] The Player <Enderlava> has dropped 64 of NETHERRACK at X= -63, Y= 13, Z= 427 that had [] enchantment(s) | 
[2023-07-21 16:43:48] [world_nether] The Player <Enderlava> has dropped 64 of NETHERRACK at X= -62, Y= 14, Z= 429 that had [] enchantment(s) | 
[2023-07-21 16:43:51] [world_nether] The Player <Enderlava> has dropped 64 of NETHERRACK at X= -62, Y= 14, Z= 429 that had [] enchantment(s) | 
[2023-07-21 16:43:51] [world_nether] The Player <Enderlava> has dropped 64 of NETHERRACK at X= -62, Y= 14, Z= 429 that had [] enchantment(s) | 
[2023-07-21 16:43:51] [world_nether] The Player <Enderlava> has dropped 64 of NETHERRACK at X= -62, Y= 14, Z= 429 that had [] enchantment(s) | 
[2023-07-21 16:43:52] [world_nether] The Player <Enderlava> has dropped 64 of NETHERRACK at X= -62, Y= 14, Z= 429 that had [] enchantment(s) | 
[2023-07-21 16:47:35] [world_nether] The Player <Funget114514> has dropped 36 of NETHERRACK at X= -178, Y= 12, Z= -6 that had [] enchantment(s) | 
[2023-07-21 16:48:35] [world_nether] The Player <Funget114514> has dropped 6 of BLACKSTONE at X= -198, Y= 13, Z= -8 that had [] enchantment(s) | 
[2023-07-21 16:57:45] [world_nether] The Player <Enderlava> has dropped 1 of BLACKSTONE at X= -191, Y= 13, Z= 611 that had [] enchantment(s) | 
[2023-07-21 16:57:46] [world_nether] The Player <Enderlava> has dropped 64 of BLACKSTONE at X= -191, Y= 13, Z= 612 that had [] enchantment(s) | 
[2023-07-21 17:00:57] [world_nether] The Player <Enderlava> has dropped 64 of NETHERRACK at X= -183, Y= 12, Z= 674 that had [] enchantment(s) | 
[2023-07-21 17:00:58] [world_nether] The Player <Enderlava> has dropped 64 of NETHERRACK at X= -183, Y= 12, Z= 674 that had [] enchantment(s) | 
[2023-07-21 17:00:59] [world_nether] The Player <Enderlava> has dropped 64 of NETHERRACK at X= -184, Y= 11, Z= 676 that had [] enchantment(s) | 
[2023-07-21 17:01:01] [world_nether] The Player <Enderlava> has dropped 64 of NETHERRACK at X= -185, Y= 13, Z= 680 that had [] enchantment(s) | 
[2023-07-21 17:01:03] [world_nether] The Player <Enderlava> has dropped 64 of NETHERRACK at X= -185, Y= 14, Z= 682 that had [] enchantment(s) | 
[2023-07-21 17:01:04] [world_nether] The Player <Enderlava> has dropped 64 of NETHERRACK at X= -184, Y= 13, Z= 683 that had [] enchantment(s) | 
[2023-07-21 17:01:04] [world_nether] The Player <Enderlava> has dropped 32 of NETHERRACK at X= -184, Y= 13, Z= 683 that had [] enchantment(s) | 
[2023-07-21 17:06:16] [world_nether] The Player <Funget114514> has dropped 12 of NETHERRACK at X= -190, Y= 14, Z= 358 that had [] enchantment(s) | 
[2023-07-21 17:07:00] [world_nether] The Player <Funget114514> has dropped 39 of NETHERRACK at X= -208, Y= 14, Z= 363 that had [] enchantment(s) | 
[2023-07-21 17:07:27] [world] The Player <Funget114514> has dropped 64 of NETHERRACK at X= 8, Y= 188, Z= 23 that had [] enchantment(s) | 
[2023-07-21 17:07:27] [world] The Player <Funget114514> has dropped 64 of NETHERRACK at X= 8, Y= 188, Z= 23 that had [] enchantment(s) | 
[2023-07-21 17:07:27] [world] The Player <Funget114514> has dropped 64 of NETHERRACK at X= 8, Y= 188, Z= 23 that had [] enchantment(s) | 
[2023-07-21 17:07:28] [world] The Player <Funget114514> has dropped 64 of NETHERRACK at X= 8, Y= 188, Z= 23 that had [] enchantment(s) | 
[2023-07-21 17:07:29] [world] The Player <Funget114514> has dropped 64 of NETHERRACK at X= 8, Y= 188, Z= 23 that had [] enchantment(s) | 
[2023-07-21 17:07:29] [world] The Player <Funget114514> has dropped 64 of NETHERRACK at X= 8, Y= 188, Z= 23 that had [] enchantment(s) | 
[2023-07-21 17:07:30] [world] The Player <Funget114514> has dropped 64 of NETHERRACK at X= 8, Y= 188, Z= 23 that had [] enchantment(s) | 
[2023-07-21 17:07:30] [world] The Player <Funget114514> has dropped 64 of NETHERRACK at X= 8, Y= 188, Z= 23 that had [] enchantment(s) | 
[2023-07-21 17:07:31] [world] The Player <Funget114514> has dropped 64 of NETHERRACK at X= 8, Y= 188, Z= 23 that had [] enchantment(s) | 
[2023-07-21 17:07:32] [world] The Player <Funget114514> has dropped 64 of NETHERRACK at X= 8, Y= 188, Z= 23 that had [] enchantment(s) | 
[2023-07-21 17:07:32] [world] The Player <Funget114514> has dropped 64 of NETHERRACK at X= 8, Y= 188, Z= 23 that had [] enchantment(s) | 
[2023-07-21 17:12:14] [world] The Player <wqe123420> has dropped 1 of ROTTEN FLESH at X= -860, Y= 80, Z= -912 that had [] enchantment(s) | 
[2023-07-21 17:12:14] [world] The Player <wqe123420> has dropped 1 of ROTTEN FLESH at X= -861, Y= 83, Z= -896 that had [] enchantment(s) | 
[2023-07-21 17:12:14] [world] The Player <wqe123420> has dropped 1 of ROTTEN FLESH at X= -861, Y= 83, Z= -896 that had [] enchantment(s) | 
[2023-07-21 17:12:31] [world] The Player <Funget114514> has dropped 64 of NETHERRACK at X= 11, Y= 188, Z= 27 that had [] enchantment(s) | 
[2023-07-21 17:12:31] [world] The Player <Funget114514> has dropped 64 of NETHERRACK at X= 11, Y= 188, Z= 27 that had [] enchantment(s) | 
[2023-07-21 17:12:32] [world] The Player <Funget114514> has dropped 1 of STRING at X= 11, Y= 188, Z= 27 that had [] enchantment(s) | 
[2023-07-21 17:12:33] [world] The Player <Funget114514> has dropped 64 of NETHERRACK at X= 11, Y= 188, Z= 27 that had [] enchantment(s) | 
[2023-07-21 17:12:33] [world] The Player <Funget114514> has dropped 64 of NETHERRACK at X= 11, Y= 188, Z= 27 that had [] enchantment(s) | 
[2023-07-21 17:12:34] [world] The Player <Funget114514> has dropped 64 of NETHERRACK at X= 11, Y= 188, Z= 27 that had [] enchantment(s) | 
[2023-07-21 17:12:34] [world] The Player <Funget114514> has dropped 2 of ROTTEN FLESH at X= 11, Y= 188, Z= 27 that had [] enchantment(s) | 
[2023-07-21 17:12:35] [world] The Player <Funget114514> has dropped 1 of FLINT AND STEEL at X= 11, Y= 188, Z= 27 that had [] enchantment(s) | 
[2023-07-21 17:12:37] [world] The Player <Funget114514> has dropped 64 of NETHERRACK at X= 11, Y= 188, Z= 27 that had [] enchantment(s) | 
[2023-07-21 17:12:37] [world] The Player <Funget114514> has dropped 64 of NETHERRACK at X= 11, Y= 188, Z= 27 that had [] enchantment(s) | 
[2023-07-21 17:12:38] [world] The Player <Funget114514> has dropped 64 of NETHERRACK at X= 11, Y= 188, Z= 27 that had [] enchantment(s) | 
[2023-07-21 17:12:39] [world] The Player <Funget114514> has dropped 6 of MAGMA CREAM at X= 11, Y= 188, Z= 27 that had [] enchantment(s) | 
[2023-07-21 17:12:46] [world] The Player <Funget114514> has dropped 64 of NETHERRACK at X= 9, Y= 188, Z= 25 that had [] enchantment(s) | 
[2023-07-21 17:12:47] [world] The Player <Funget114514> has dropped 64 of NETHERRACK at X= 9, Y= 188, Z= 25 that had [] enchantment(s) | 
[2023-07-21 17:12:47] [world] The Player <Funget114514> has dropped 64 of NETHERRACK at X= 9, Y= 188, Z= 25 that had [] enchantment(s) | 
[2023-07-21 17:12:48] [world] The Player <Funget114514> has dropped 64 of NETHERRACK at X= 9, Y= 188, Z= 25 that had [] enchantment(s) | 
[2023-07-21 17:12:48] [world] The Player <Funget114514> has dropped 64 of NETHERRACK at X= 9, Y= 188, Z= 25 that had [] enchantment(s) | 
[2023-07-21 17:12:49] [world] The Player <Funget114514> has dropped 1 of STRING at X= 9, Y= 188, Z= 25 that had [] enchantment(s) | 
[2023-07-21 17:12:49] [world] The Player <Funget114514> has dropped 64 of NETHERRACK at X= 9, Y= 188, Z= 25 that had [] enchantment(s) | 
[2023-07-21 17:12:50] [world] The Player <Funget114514> has dropped 64 of NETHERRACK at X= 9, Y= 188, Z= 25 that had [] enchantment(s) | 
[2023-07-21 17:12:50] [world] The Player <Funget114514> has dropped 64 of NETHERRACK at X= 9, Y= 188, Z= 25 that had [] enchantment(s) | 
[2023-07-21 17:12:53] [world] The Player <Funget114514> has dropped 2 of ROTTEN FLESH at X= 9, Y= 188, Z= 25 that had [] enchantment(s) | 
[2023-07-21 17:14:37] [world] The Player <wqe123420> has dropped 1 of STRING at X= -21, Y= 24, Z= -182 that had [] enchantment(s) | 
[2023-07-21 17:14:37] [world] The Player <wqe123420> has dropped 1 of SPIDER EYE at X= -19, Y= 24, Z= -183 that had [] enchantment(s) | 
[2023-07-21 17:19:24] [world] The Player <wqe123420> has dropped 1 of RECOVERY COMPASS at X= -21, Y= 64, Z= -287 that had [Unbreaking] enchantment(s) | §fwqe123420's Grave
[2023-07-21 17:19:33] [world] The Player <wqe123420> has dropped 1 of WRITTEN BOOK at X= -1, Y= 59, Z= -294 that had [Unbreaking] enchantment(s) | 
[2023-07-21 17:23:39] [world] The Player <wqe123420> has dropped 1 of RECOVERY COMPASS at X= -19, Y= 64, Z= -286 that had [Unbreaking] enchantment(s) | §fwqe123420's Grave
[2023-07-21 17:23:56] [world] The Player <Funget114514> has dropped 1 of RECOVERY COMPASS at X= -128, Y= 65, Z= -112 that had [Unbreaking] enchantment(s) | §fFunget114514's Grave
[2023-07-21 17:24:03] [world] The Player <wqe123420> has dropped 1 of RECOVERY COMPASS at X= -21, Y= 64, Z= -281 that had [Unbreaking] enchantment(s) | §fwqe123420's Grave
[2023-07-21 17:24:14] [world] The Player <wqe123420> has dropped 1 of WRITTEN BOOK at X= -8, Y= 50, Z= -319 that had [Unbreaking] enchantment(s) | 
[2023-07-21 17:24:24] [world] The Player <wqe123420> has dropped 1 of RECOVERY COMPASS at X= -21, Y= 64, Z= -281 that had [Unbreaking] enchantment(s) | §fwqe123420's Grave
[2023-07-21 17:24:35] [world] The Player <Funget114514> has dropped 1 of WRITTEN BOOK at X= -25, Y= 64, Z= -299 that had [Unbreaking] enchantment(s) | 
[2023-07-21 17:24:37] [world] The Player <wqe123420> has dropped 1 of WRITTEN BOOK at X= -16, Y= 52, Z= -307 that had [Unbreaking] enchantment(s) | 
[2023-07-21 17:24:41] [world] The Player <wqe123420> has dropped 1 of RECOVERY COMPASS at X= -21, Y= 64, Z= -281 that had [Unbreaking] enchantment(s) | §fwqe123420's Grave
[2023-07-21 17:24:57] [world] The Player <wqe123420> has dropped 1 of WRITTEN BOOK at X= -15, Y= 54, Z= -302 that had [Unbreaking] enchantment(s) | 
[2023-07-21 17:25:01] [world] The Player <Funget114514> has dropped 1 of WRITTEN BOOK at X= -19, Y= 64, Z= -295 that had [Unbreaking] enchantment(s) | 
[2023-07-21 17:26:55] [world] The Player <wqe123420> has dropped 1 of RECOVERY COMPASS at X= -18, Y= 64, Z= -287 that had [Unbreaking] enchantment(s) | §fwqe123420's Grave
[2023-07-21 17:27:14] [world] The Player <wqe123420> has dropped 1 of RECOVERY COMPASS at X= -21, Y= 64, Z= -281 that had [Unbreaking] enchantment(s) | §fwqe123420's Grave
[2023-07-21 17:27:26] [world] The Player <wqe123420> has dropped 1 of WRITTEN BOOK at X= -9, Y= 76, Z= -285 that had [Unbreaking] enchantment(s) | 
[2023-07-21 17:27:40] [world] The Player <Funget114514> has dropped 1 of RECOVERY COMPASS at X= -19, Y= 65, Z= -286 that had [Unbreaking] enchantment(s) | §fFunget114514's Grave
[2023-07-21 17:27:55] [world] The Player <Funget114514> has dropped 1 of WRITTEN BOOK at X= -19, Y= 64, Z= -286 that had [Unbreaking] enchantment(s) | 
[2023-07-21 17:28:00] [world] The Player <Funget114514> has dropped 1 of WRITTEN BOOK at X= -19, Y= 64, Z= -286 that had [Unbreaking] enchantment(s) | 
[2023-07-21 17:30:16] [world] The Player <Funget114514> has dropped 1 of WRITTEN BOOK at X= -17, Y= 64, Z= -285 that had [Unbreaking] enchantment(s) | 
[2023-07-21 17:30:18] [world] The Player <Funget114514> has dropped 1 of SANDSTONE at X= -17, Y= 64, Z= -285 that had [] enchantment(s) | 
[2023-07-21 17:31:50] [world_nether] The Player <Funget114514> has dropped 4 of COBBLESTONE at X= 159, Y= 129, Z= 118 that had [] enchantment(s) | 
[2023-07-21 17:33:26] [world_the_end] The Player <Funget114514> has dropped 2 of ENDER PEARL at X= 329, Y= 2, Z= 7 that had [] enchantment(s) | 
[2023-07-21 17:33:37] [world_the_end] The Player <Funget114514> has dropped 16 of ENDER PEARL at X= 329, Y= 2, Z= 7 that had [] enchantment(s) | 
[2023-07-21 17:33:49] [world_the_end] The Player <Funget114514> has dropped 16 of ENDER PEARL at X= 329, Y= 2, Z= 7 that had [] enchantment(s) | 
[2023-07-21 17:33:56] [world_the_end] The Player <Funget114514> has dropped 16 of ENDER PEARL at X= 329, Y= 2, Z= 7 that had [] enchantment(s) | 
[2023-07-21 17:34:01] [world_the_end] The Player <Funget114514> has dropped 4 of ENDER PEARL at X= 329, Y= 2, Z= 7 that had [] enchantment(s) | 
[2023-07-21 17:52:59] [world] The Player <Funget114514> has dropped 16 of ENDER PEARL at X= 8, Y= 188, Z= 20 that had [] enchantment(s) | 
[2023-07-21 17:53:00] [world] The Player <Funget114514> has dropped 16 of ENDER PEARL at X= 8, Y= 188, Z= 20 that had [] enchantment(s) | 
[2023-07-21 17:53:01] [world] The Player <Funget114514> has dropped 16 of ENDER PEARL at X= 8, Y= 188, Z= 20 that had [] enchantment(s) | 
[2023-07-21 17:53:01] [world] The Player <Funget114514> has dropped 16 of ENDER PEARL at X= 8, Y= 188, Z= 20 that had [] enchantment(s) | 
[2023-07-21 17:53:02] [world] The Player <Funget114514> has dropped 16 of ENDER PEARL at X= 8, Y= 188, Z= 20 that had [] enchantment(s) | 
[2023-07-21 17:53:03] [world] The Player <Funget114514> has dropped 16 of ENDER PEARL at X= 8, Y= 188, Z= 20 that had [] enchantment(s) | 
[2023-07-21 17:53:03] [world] The Player <Funget114514> has dropped 16 of ENDER PEARL at X= 8, Y= 188, Z= 20 that had [] enchantment(s) | 
[2023-07-21 17:53:04] [world] The Player <Funget114514> has dropped 16 of ENDER PEARL at X= 8, Y= 188, Z= 20 that had [] enchantment(s) | 
[2023-07-21 17:53:04] [world] The Player <Funget114514> has dropped 16 of ENDER PEARL at X= 8, Y= 188, Z= 20 that had [] enchantment(s) | 
[2023-07-21 17:54:33] [world_nether] The Player <wqe123420> has dropped 1 of BONE at X= -230, Y= 13, Z= -875 that had [] enchantment(s) | 
[2023-07-21 17:55:32] [world] The Player <Funget114514> has dropped 53 of FIREWORK ROCKET at X= -240, Y= 91, Z= -146 that had [] enchantment(s) | 
[2023-07-21 17:57:36] [world_nether] The Player <Funget114514> has dropped 64 of NETHERRACK at X= -32, Y= 16, Z= -880 that had [] enchantment(s) | 
[2023-07-21 17:58:54] [world_nether] The Player <Funget114514> has dropped 8 of GRAVEL at X= -3, Y= 9, Z= -883 that had [] enchantment(s) | 
[2023-07-21 18:00:45] [world_nether] The Player <Funget114514> has dropped 1 of NETHERITE CHESTPLATE at X= 62, Y= 14, Z= -877 that had [Mending, Protection, Thorns, Unbreaking] enchantment(s) | 
[2023-07-21 18:00:51] [world_nether] The Player <Funget114514> has dropped 8 of NETHERRACK at X= 62, Y= 14, Z= -877 that had [] enchantment(s) | 
[2023-07-21 18:02:41] [world] The Player <Enderlava> has dropped 64 of NETHERRACK at X= -16, Y= 64, Z= -302 that had [] enchantment(s) | 
[2023-07-21 18:02:42] [world] The Player <Enderlava> has dropped 64 of NETHERRACK at X= -16, Y= 64, Z= -302 that had [] enchantment(s) | 
[2023-07-21 18:02:42] [world] The Player <Enderlava> has dropped 64 of NETHERRACK at X= -16, Y= 64, Z= -302 that had [] enchantment(s) | 
[2023-07-21 18:02:43] [world] The Player <Enderlava> has dropped 64 of NETHERRACK at X= -16, Y= 64, Z= -302 that had [] enchantment(s) | 
[2023-07-21 18:09:04] [world] The Player <Enderlava> has dropped 1 of PLAYER HEAD at X= -23, Y= 64, Z= -287 that had [] enchantment(s) | §fEnderlava's Head
[2023-07-21 18:10:14] [world] The Player <Enderlava> has dropped 1 of SUGAR CANE at X= -20, Y= 64, Z= -286 that had [] enchantment(s) | 
[2023-07-21 18:10:22] [world] The Player <Enderlava> has dropped 1 of CHAINMAIL BOOTS at X= -20, Y= 66, Z= -283 that had [] enchantment(s) | 
[2023-07-21 18:11:18] [world] The Player <Enderlava> has dropped 1 of CHAINMAIL BOOTS at X= -20, Y= 65, Z= -285 that had [] enchantment(s) | 
[2023-07-21 18:12:30] [world] The Player <wqe123420> has dropped 1 of IRON LEGGINGS at X= 2, Y= 70, Z= -237 that had [] enchantment(s) | §7自由的牧师
[2023-07-21 20:54:02] [world] The Player <wqe123420> has dropped 17 of FERMENTED SPIDER EYE at X= 7993, Y= -3, Z= -6411 that had [] enchantment(s) | 
[2023-07-21 20:54:04] [world] The Player <wqe123420> has dropped 2 of PUFFERFISH at X= 7995, Y= -1, Z= -6409 that had [] enchantment(s) | 
[2023-07-21 20:54:09] [world] The Player <wqe123420> has dropped 3 of BONE at X= 8015, Y= -3, Z= -6412 that had [] enchantment(s) | 
[2023-07-21 20:56:34] [world] The Player <wqe123420> has dropped 3 of BONE at X= 7999, Y= -24, Z= -6447 that had [] enchantment(s) | 
[2023-07-21 21:15:42] [world] The Player <wqe123420> has dropped 1 of BONE at X= -4021, Y= 117, Z= 2447 that had [] enchantment(s) | 
[2023-07-21 21:15:42] [world] The Player <wqe123420> has dropped 1 of BONE at X= -4022, Y= 118, Z= 2445 that had [] enchantment(s) | 
[2023-07-21 21:28:23] [world_nether] The Player <wqe123420> has dropped 19 of STICK at X= 252, Y= 36, Z= 1027 that had [] enchantment(s) | 
[2023-07-21 21:28:31] [world_nether] The Player <wqe123420> has dropped 8 of COD at X= 252, Y= 36, Z= 1027 that had [] enchantment(s) | 
[2023-07-21 21:29:06] [world_nether] The Player <wqe123420> has dropped 1 of STICK at X= 252, Y= 59, Z= 1028 that had [] enchantment(s) | §6火球§f (§3法杖§f)
[2023-07-21 21:29:09] [world_nether] The Player <wqe123420> has dropped 7 of EMERALD at X= 252, Y= 59, Z= 1028 that had [] enchantment(s) | 
[2023-07-21 21:30:15] [world_nether] The Player <wqe123420> has dropped 7 of AMETHYST SHARD at X= 234, Y= 59, Z= 1032 that had [] enchantment(s) | 
[2023-07-21 21:35:53] [world_nether] The Player <wqe123420> has dropped 1 of SOUL SAND at X= 145, Y= 33, Z= 1254 that had [] enchantment(s) | 
[2023-07-21 21:38:08] [world] The Player <Enderlava> has dropped 1 of SNOUT ARMOR TRIM SMITHING TEMPLATE at X= -26, Y= 64, Z= -288 that had [] enchantment(s) | 
[2023-07-21 21:38:24] [world] The Player <wqe123420> has dropped 1 of DIAMOND at X= -27, Y= 64, Z= -287 that had [] enchantment(s) | 
[2023-07-21 21:38:24] [world] The Player <wqe123420> has dropped 1 of DIAMOND at X= -27, Y= 64, Z= -287 that had [] enchantment(s) | 
[2023-07-21 21:38:55] [world] The Player <Enderlava> has dropped 1 of BLACKSTONE at X= -22, Y= 64, Z= -286 that had [] enchantment(s) | 
[2023-07-21 21:39:02] [world] The Player <wqe123420> has dropped 15 of COOKED SALMON at X= -21, Y= 64, Z= -287 that had [] enchantment(s) | 
[2023-07-21 21:39:13] [world] The Player <wqe123420> has dropped 1 of SNOUT ARMOR TRIM SMITHING TEMPLATE at X= -26, Y= 64, Z= -288 that had [] enchantment(s) | 
[2023-07-21 21:49:41] [world] The Player <wqe123420> has dropped 1 of DIAMOND at X= -19, Y= 64, Z= -287 that had [] enchantment(s) | 
[2023-07-21 21:49:48] [world] The Player <wqe123420> has dropped 1 of DIAMOND at X= -17, Y= 64, Z= -286 that had [] enchantment(s) | 
[2023-07-21 21:49:50] [world] The Player <wqe123420> has dropped 1 of DIAMOND at X= -17, Y= 64, Z= -286 that had [] enchantment(s) | 
[2023-07-21 21:49:53] [world] The Player <wqe123420> has dropped 1 of DIAMOND at X= -17, Y= 64, Z= -286 that had [] enchantment(s) | 
[2023-07-21 21:49:55] [world] The Player <wqe123420> has dropped 1 of DIAMOND at X= -17, Y= 64, Z= -286 that had [] enchantment(s) | 
[2023-07-21 21:49:58] [world] The Player <wqe123420> has dropped 1 of DIAMOND at X= -17, Y= 64, Z= -286 that had [] enchantment(s) | 
[2023-07-21 21:49:58] [world] The Player <wqe123420> has dropped 1 of DIAMOND at X= -17, Y= 64, Z= -286 that had [] enchantment(s) | 
[2023-07-21 21:49:58] [world] The Player <wqe123420> has dropped 1 of DIAMOND at X= -17, Y= 64, Z= -286 that had [] enchantment(s) | 
[2023-07-21 21:51:20] [world_nether] The Player <wqe123420> has dropped 1 of NETHERITE UPGRADE SMITHING TEMPLATE at X= -2, Y= 13, Z= -206 that had [] enchantment(s) | 
[2023-07-21 21:51:37] [world_nether] The Player <wqe123420> has dropped 1 of NETHERITE UPGRADE SMITHING TEMPLATE at X= 2, Y= 12, Z= -206 that had [] enchantment(s) | 
[2023-07-21 21:51:46] [world_nether] The Player <wqe123420> has dropped 1 of NETHERITE UPGRADE SMITHING TEMPLATE at X= 9, Y= 7, Z= -205 that had [] enchantment(s) | 
[2023-07-21 21:51:53] [world_nether] The Player <wqe123420> has dropped 1 of NETHERITE UPGRADE SMITHING TEMPLATE at X= 8, Y= 7, Z= -205 that had [] enchantment(s) | 
[2023-07-21 21:51:55] [world_nether] The Player <wqe123420> has dropped 1 of NETHERITE UPGRADE SMITHING TEMPLATE at X= 8, Y= 7, Z= -204 that had [] enchantment(s) | 
[2023-07-21 21:52:30] [world_nether] The Player <wqe123420> has dropped 1 of FLINT at X= 16, Y= 12, Z= -219 that had [] enchantment(s) | 
[2023-07-21 21:53:56] [world_nether] The Player <wqe123420> has dropped 7 of NETHERRACK at X= 16, Y= 16, Z= -467 that had [] enchantment(s) | 
[2023-07-21 22:08:19] [world_nether] The Player <Funget114514> has dropped 64 of NETHERRACK at X= 60, Y= 11, Z= -480 that had [] enchantment(s) | 
[2023-07-21 22:08:20] [world_nether] The Player <Funget114514> has dropped 64 of NETHERRACK at X= 60, Y= 11, Z= -480 that had [] enchantment(s) | 
[2023-07-21 22:11:53] [world_nether] The Player <Funget114514> has dropped 1 of APPLE at X= 101, Y= 14, Z= -437 that had [] enchantment(s) | 
[2023-07-21 22:11:53] [world_nether] The Player <wqe123420> has dropped 64 of NETHERRACK at X= 102, Y= 15, Z= -436 that had [] enchantment(s) | 
[2023-07-21 22:15:16] [world_nether] The Player <Funget114514> has dropped 1 of COOKED BEEF at X= 104, Y= 9, Z= -440 that had [] enchantment(s) | 
[2023-07-21 22:15:54] [world_nether] The Player <wqe123420> has dropped 64 of NETHERRACK at X= 92, Y= 10, Z= -446 that had [] enchantment(s) | 
[2023-07-21 22:15:55] [world_nether] The Player <Funget114514> has dropped 1 of COOKED BEEF at X= 92, Y= 10, Z= -445 that had [] enchantment(s) | 
[2023-07-21 22:16:02] [world_nether] The Player <wqe123420> has dropped 1 of NETHERRACK at X= 93, Y= 9, Z= -446 that had [] enchantment(s) | 
[2023-07-21 22:16:02] [world_nether] The Player <wqe123420> has dropped 1 of NETHERRACK at X= 93, Y= 9, Z= -446 that had [] enchantment(s) | 
[2023-07-21 22:16:02] [world_nether] The Player <wqe123420> has dropped 1 of NETHERRACK at X= 93, Y= 9, Z= -446 that had [] enchantment(s) | 
[2023-07-21 22:16:02] [world_nether] The Player <wqe123420> has dropped 1 of NETHERRACK at X= 93, Y= 9, Z= -446 that had [] enchantment(s) | 
[2023-07-21 22:16:02] [world_nether] The Player <wqe123420> has dropped 1 of NETHERRACK at X= 93, Y= 9, Z= -446 that had [] enchantment(s) | 
[2023-07-21 22:16:02] [world_nether] The Player <wqe123420> has dropped 1 of NETHERRACK at X= 93, Y= 9, Z= -446 that had [] enchantment(s) | 
[2023-07-21 22:16:04] [world_nether] The Player <Funget114514> has dropped 1 of COOKED BEEF at X= 95, Y= 9, Z= -446 that had [] enchantment(s) | 
[2023-07-21 22:16:06] [world_nether] The Player <wqe123420> has dropped 1 of NETHERRACK at X= 93, Y= 9, Z= -446 that had [] enchantment(s) | 
[2023-07-21 22:17:19] [world_nether] The Player <wqe123420> has dropped 64 of NETHERRACK at X= 96, Y= 9, Z= -440 that had [] enchantment(s) | 
[2023-07-21 22:17:19] [world_nether] The Player <Funget114514> has dropped 1 of COOKED BEEF at X= 97, Y= 8, Z= -442 that had [] enchantment(s) | 
[2023-07-21 22:17:19] [world_nether] The Player <Funget114514> has dropped 1 of COOKED BEEF at X= 97, Y= 8, Z= -442 that had [] enchantment(s) | 
[2023-07-21 22:17:19] [world_nether] The Player <Funget114514> has dropped 1 of COOKED BEEF at X= 97, Y= 8, Z= -442 that had [] enchantment(s) | 
[2023-07-21 22:17:21] [world_nether] The Player <wqe123420> has dropped 64 of NETHERRACK at X= 97, Y= 9, Z= -440 that had [] enchantment(s) | 
[2023-07-21 22:17:22] [world_nether] The Player <wqe123420> has dropped 42 of NETHERRACK at X= 97, Y= 9, Z= -440 that had [] enchantment(s) | 
[2023-07-21 22:17:24] [world_nether] The Player <Funget114514> has dropped 64 of NETHERRACK at X= 97, Y= 8, Z= -443 that had [] enchantment(s) | 
[2023-07-21 22:17:31] [world_nether] The Player <Funget114514> has dropped 64 of NETHERRACK at X= 97, Y= 8, Z= -443 that had [] enchantment(s) | 
[2023-07-21 22:21:23] [world] The Player <wqe123420> has dropped 1 of DIAMOND at X= 8, Y= 74, Z= -297 that had [] enchantment(s) | 
[2023-07-21 22:21:24] [world] The Player <wqe123420> has dropped 1 of DIAMOND at X= 8, Y= 74, Z= -297 that had [] enchantment(s) | 
[2023-07-21 22:21:24] [world] The Player <wqe123420> has dropped 1 of DIAMOND at X= 8, Y= 74, Z= -297 that had [] enchantment(s) | 
[2023-07-21 22:21:24] [world] The Player <wqe123420> has dropped 1 of DIAMOND at X= 8, Y= 74, Z= -297 that had [] enchantment(s) | 
[2023-07-21 22:21:24] [world] The Player <wqe123420> has dropped 1 of DIAMOND at X= 8, Y= 74, Z= -297 that had [] enchantment(s) | 
[2023-07-21 22:21:24] [world] The Player <wqe123420> has dropped 1 of DIAMOND at X= 8, Y= 74, Z= -297 that had [] enchantment(s) | 
[2023-07-21 22:21:24] [world] The Player <wqe123420> has dropped 1 of DIAMOND at X= 8, Y= 74, Z= -297 that had [] enchantment(s) | 
[2023-07-21 22:21:24] [world] The Player <wqe123420> has dropped 1 of DIAMOND at X= 8, Y= 74, Z= -297 that had [] enchantment(s) | 
[2023-07-21 22:21:24] [world] The Player <wqe123420> has dropped 1 of DIAMOND at X= 8, Y= 74, Z= -297 that had [] enchantment(s) | 
[2023-07-21 22:21:24] [world] The Player <wqe123420> has dropped 1 of DIAMOND at X= 8, Y= 74, Z= -297 that had [] enchantment(s) | 
[2023-07-21 22:21:27] [world] The Player <wqe123420> has dropped 1 of DIAMOND at X= 9, Y= 75, Z= -298 that had [] enchantment(s) | 
[2023-07-21 22:21:28] [world] The Player <wqe123420> has dropped 1 of DIAMOND at X= 10, Y= 75, Z= -298 that had [] enchantment(s) | 
[2023-07-21 22:21:28] [world] The Player <wqe123420> has dropped 1 of DIAMOND at X= 10, Y= 75, Z= -298 that had [] enchantment(s) | 
[2023-07-21 22:21:28] [world] The Player <wqe123420> has dropped 1 of DIAMOND at X= 10, Y= 75, Z= -298 that had [] enchantment(s) | 
[2023-07-21 22:21:28] [world] The Player <wqe123420> has dropped 1 of DIAMOND at X= 10, Y= 75, Z= -298 that had [] enchantment(s) | 
[2023-07-21 22:21:28] [world] The Player <wqe123420> has dropped 1 of DIAMOND at X= 10, Y= 75, Z= -298 that had [] enchantment(s) | 
[2023-07-21 22:21:28] [world] The Player <wqe123420> has dropped 1 of DIAMOND at X= 10, Y= 75, Z= -298 that had [] enchantment(s) | 
[2023-07-21 22:21:28] [world] The Player <wqe123420> has dropped 1 of DIAMOND at X= 10, Y= 75, Z= -298 that had [] enchantment(s) | 
[2023-07-21 22:21:28] [world] The Player <wqe123420> has dropped 1 of DIAMOND at X= 10, Y= 75, Z= -298 that had [] enchantment(s) | 
[2023-07-21 22:21:28] [world] The Player <wqe123420> has dropped 1 of DIAMOND at X= 10, Y= 75, Z= -298 that had [] enchantment(s) | 
[2023-07-21 22:21:37] [world] The Player <wqe123420> has dropped 1 of DIAMOND at X= 9, Y= 70, Z= -296 that had [] enchantment(s) | 
[2023-07-21 22:21:38] [world] The Player <wqe123420> has dropped 1 of DIAMOND at X= 9, Y= 70, Z= -296 that had [] enchantment(s) | 
[2023-07-21 22:21:38] [world] The Player <wqe123420> has dropped 1 of DIAMOND at X= 9, Y= 70, Z= -296 that had [] enchantment(s) | 
[2023-07-21 22:21:38] [world] The Player <wqe123420> has dropped 1 of DIAMOND at X= 9, Y= 70, Z= -296 that had [] enchantment(s) | 
[2023-07-21 22:21:38] [world] The Player <wqe123420> has dropped 1 of DIAMOND at X= 9, Y= 70, Z= -296 that had [] enchantment(s) | 
[2023-07-21 22:21:39] [world] The Player <wqe123420> has dropped 1 of DIAMOND at X= 9, Y= 70, Z= -296 that had [] enchantment(s) | 
[2023-07-21 22:21:39] [world] The Player <wqe123420> has dropped 1 of DIAMOND at X= 9, Y= 70, Z= -296 that had [] enchantment(s) | 
[2023-07-21 22:21:39] [world] The Player <wqe123420> has dropped 1 of DIAMOND at X= 9, Y= 70, Z= -296 that had [] enchantment(s) | 
[2023-07-21 22:21:39] [world] The Player <wqe123420> has dropped 1 of DIAMOND at X= 9, Y= 70, Z= -296 that had [] enchantment(s) | 
[2023-07-21 22:21:39] [world] The Player <wqe123420> has dropped 1 of DIAMOND at X= 9, Y= 70, Z= -296 that had [] enchantment(s) | 
[2023-07-21 22:21:42] [world] The Player <wqe123420> has dropped 1 of DIAMOND at X= 9, Y= 70, Z= -296 that had [] enchantment(s) | 
[2023-07-21 22:21:43] [world] The Player <wqe123420> has dropped 1 of DIAMOND at X= 9, Y= 70, Z= -296 that had [] enchantment(s) | 
[2023-07-21 22:21:43] [world] The Player <wqe123420> has dropped 1 of DIAMOND at X= 9, Y= 70, Z= -296 that had [] enchantment(s) | 
[2023-07-21 22:21:43] [world] The Player <wqe123420> has dropped 1 of DIAMOND at X= 9, Y= 70, Z= -296 that had [] enchantment(s) | 
[2023-07-21 22:21:43] [world] The Player <wqe123420> has dropped 1 of DIAMOND at X= 9, Y= 70, Z= -296 that had [] enchantment(s) | 
[2023-07-21 22:21:43] [world] The Player <wqe123420> has dropped 1 of DIAMOND at X= 9, Y= 70, Z= -296 that had [] enchantment(s) | 
[2023-07-21 22:21:43] [world] The Player <wqe123420> has dropped 1 of DIAMOND at X= 9, Y= 70, Z= -296 that had [] enchantment(s) | 
[2023-07-21 22:21:43] [world] The Player <wqe123420> has dropped 1 of DIAMOND at X= 9, Y= 70, Z= -296 that had [] enchantment(s) | 
[2023-07-21 22:21:43] [world] The Player <wqe123420> has dropped 1 of DIAMOND at X= 9, Y= 70, Z= -296 that had [] enchantment(s) | 
[2023-07-21 22:21:43] [world] The Player <wqe123420> has dropped 1 of DIAMOND at X= 9, Y= 70, Z= -296 that had [] enchantment(s) | 
[2023-07-21 22:23:02] [world] The Player <wqe123420> has dropped 1 of QUARTZ at X= 9, Y= 64, Z= -286 that had [] enchantment(s) | 
[2023-07-21 22:23:03] [world] The Player <wqe123420> has dropped 1 of QUARTZ at X= 9, Y= 64, Z= -286 that had [] enchantment(s) | 
[2023-07-21 22:23:03] [world] The Player <wqe123420> has dropped 1 of QUARTZ at X= 9, Y= 64, Z= -286 that had [] enchantment(s) | 
[2023-07-21 22:23:03] [world] The Player <wqe123420> has dropped 1 of QUARTZ at X= 9, Y= 64, Z= -286 that had [] enchantment(s) | 
[2023-07-21 22:23:03] [world] The Player <wqe123420> has dropped 1 of QUARTZ at X= 9, Y= 64, Z= -286 that had [] enchantment(s) | 
[2023-07-21 22:23:03] [world] The Player <wqe123420> has dropped 1 of QUARTZ at X= 9, Y= 64, Z= -286 that had [] enchantment(s) | 
[2023-07-21 22:23:03] [world] The Player <wqe123420> has dropped 1 of QUARTZ at X= 9, Y= 64, Z= -286 that had [] enchantment(s) | 
[2023-07-21 22:23:03] [world] The Player <wqe123420> has dropped 1 of QUARTZ at X= 9, Y= 64, Z= -286 that had [] enchantment(s) | 
[2023-07-21 22:23:03] [world] The Player <wqe123420> has dropped 1 of QUARTZ at X= 9, Y= 64, Z= -286 that had [] enchantment(s) | 
[2023-07-21 22:23:03] [world] The Player <wqe123420> has dropped 1 of QUARTZ at X= 9, Y= 64, Z= -286 that had [] enchantment(s) | 
[2023-07-21 22:23:03] [world] The Player <wqe123420> has dropped 1 of QUARTZ at X= 9, Y= 64, Z= -286 that had [] enchantment(s) | 
[2023-07-21 22:23:03] [world] The Player <wqe123420> has dropped 1 of QUARTZ at X= 9, Y= 64, Z= -286 that had [] enchantment(s) | 
[2023-07-21 22:23:03] [world] The Player <wqe123420> has dropped 1 of QUARTZ at X= 9, Y= 64, Z= -286 that had [] enchantment(s) | 
[2023-07-21 22:23:03] [world] The Player <wqe123420> has dropped 1 of QUARTZ at X= 9, Y= 64, Z= -286 that had [] enchantment(s) | 
[2023-07-21 22:23:03] [world] The Player <wqe123420> has dropped 1 of QUARTZ at X= 9, Y= 64, Z= -286 that had [] enchantment(s) | 
[2023-07-21 22:23:03] [world] The Player <wqe123420> has dropped 1 of QUARTZ at X= 9, Y= 64, Z= -286 that had [] enchantment(s) | 
[2023-07-21 22:23:03] [world] The Player <wqe123420> has dropped 1 of QUARTZ at X= 9, Y= 64, Z= -286 that had [] enchantment(s) | 
[2023-07-21 22:23:03] [world] The Player <wqe123420> has dropped 1 of QUARTZ at X= 9, Y= 64, Z= -286 that had [] enchantment(s) | 
[2023-07-21 22:23:03] [world] The Player <wqe123420> has dropped 1 of QUARTZ at X= 9, Y= 64, Z= -286 that had [] enchantment(s) | 
[2023-07-21 22:23:04] [world] The Player <wqe123420> has dropped 1 of QUARTZ at X= 9, Y= 64, Z= -286 that had [] enchantment(s) | 
[2023-07-21 22:23:04] [world] The Player <wqe123420> has dropped 1 of QUARTZ at X= 9, Y= 64, Z= -286 that had [] enchantment(s) | 
[2023-07-21 22:23:04] [world] The Player <wqe123420> has dropped 1 of QUARTZ at X= 9, Y= 64, Z= -286 that had [] enchantment(s) | 
[2023-07-21 22:23:04] [world] The Player <wqe123420> has dropped 1 of QUARTZ at X= 9, Y= 64, Z= -286 that had [] enchantment(s) | 
[2023-07-21 22:23:04] [world] The Player <wqe123420> has dropped 1 of QUARTZ at X= 9, Y= 64, Z= -286 that had [] enchantment(s) | 
[2023-07-21 22:23:04] [world] The Player <wqe123420> has dropped 1 of QUARTZ at X= 9, Y= 64, Z= -286 that had [] enchantment(s) | 
[2023-07-21 22:23:04] [world] The Player <wqe123420> has dropped 1 of QUARTZ at X= 9, Y= 64, Z= -286 that had [] enchantment(s) | 
[2023-07-21 22:23:04] [world] The Player <wqe123420> has dropped 1 of QUARTZ at X= 9, Y= 64, Z= -286 that had [] enchantment(s) | 
[2023-07-21 22:23:04] [world] The Player <wqe123420> has dropped 1 of QUARTZ at X= 9, Y= 64, Z= -286 that had [] enchantment(s) | 
[2023-07-21 22:23:04] [world] The Player <wqe123420> has dropped 1 of QUARTZ at X= 9, Y= 64, Z= -286 that had [] enchantment(s) | 
[2023-07-21 22:23:04] [world] The Player <wqe123420> has dropped 1 of QUARTZ at X= 9, Y= 64, Z= -286 that had [] enchantment(s) | 
[2023-07-21 22:23:04] [world] The Player <wqe123420> has dropped 1 of QUARTZ at X= 9, Y= 64, Z= -286 that had [] enchantment(s) | 
[2023-07-21 22:23:04] [world] The Player <wqe123420> has dropped 1 of QUARTZ at X= 9, Y= 64, Z= -286 that had [] enchantment(s) | 
[2023-07-21 22:23:04] [world] The Player <wqe123420> has dropped 1 of QUARTZ at X= 9, Y= 64, Z= -286 that had [] enchantment(s) | 
[2023-07-21 22:23:04] [world] The Player <wqe123420> has dropped 1 of QUARTZ at X= 9, Y= 64, Z= -286 that had [] enchantment(s) | 
[2023-07-21 22:23:04] [world] The Player <wqe123420> has dropped 1 of QUARTZ at X= 9, Y= 64, Z= -286 that had [] enchantment(s) | 
[2023-07-21 22:23:04] [world] The Player <wqe123420> has dropped 1 of QUARTZ at X= 9, Y= 64, Z= -286 that had [] enchantment(s) | 
[2023-07-21 22:23:04] [world] The Player <wqe123420> has dropped 1 of QUARTZ at X= 9, Y= 64, Z= -286 that had [] enchantment(s) | 
[2023-07-21 22:23:04] [world] The Player <wqe123420> has dropped 1 of QUARTZ at X= 9, Y= 64, Z= -286 that had [] enchantment(s) | 
[2023-07-21 22:23:04] [world] The Player <wqe123420> has dropped 1 of QUARTZ at X= 9, Y= 64, Z= -286 that had [] enchantment(s) | 
[2023-07-21 22:23:04] [world] The Player <wqe123420> has dropped 1 of QUARTZ at X= 9, Y= 64, Z= -286 that had [] enchantment(s) | 
[2023-07-21 22:23:04] [world] The Player <wqe123420> has dropped 1 of QUARTZ at X= 9, Y= 64, Z= -286 that had [] enchantment(s) | 
[2023-07-21 22:23:04] [world] The Player <wqe123420> has dropped 1 of QUARTZ at X= 9, Y= 64, Z= -286 that had [] enchantment(s) | 
[2023-07-21 22:23:04] [world] The Player <wqe123420> has dropped 1 of QUARTZ at X= 9, Y= 64, Z= -286 that had [] enchantment(s) | 
[2023-07-21 22:23:04] [world] The Player <wqe123420> has dropped 1 of QUARTZ at X= 9, Y= 64, Z= -286 that had [] enchantment(s) | 
[2023-07-21 22:23:04] [world] The Player <wqe123420> has dropped 1 of QUARTZ at X= 9, Y= 64, Z= -286 that had [] enchantment(s) | 
[2023-07-21 22:23:04] [world] The Player <wqe123420> has dropped 1 of QUARTZ at X= 9, Y= 64, Z= -286 that had [] enchantment(s) | 
[2023-07-21 22:23:04] [world] The Player <wqe123420> has dropped 1 of QUARTZ at X= 9, Y= 64, Z= -286 that had [] enchantment(s) | 
[2023-07-21 22:23:04] [world] The Player <wqe123420> has dropped 1 of QUARTZ at X= 9, Y= 64, Z= -286 that had [] enchantment(s) | 
[2023-07-21 22:23:04] [world] The Player <wqe123420> has dropped 1 of QUARTZ at X= 9, Y= 64, Z= -286 that had [] enchantment(s) | 
[2023-07-21 22:23:04] [world] The Player <wqe123420> has dropped 1 of QUARTZ at X= 9, Y= 64, Z= -286 that had [] enchantment(s) | 
[2023-07-21 22:23:05] [world] The Player <wqe123420> has dropped 1 of QUARTZ at X= 9, Y= 64, Z= -286 that had [] enchantment(s) | 
[2023-07-21 22:23:05] [world] The Player <wqe123420> has dropped 1 of QUARTZ at X= 9, Y= 64, Z= -286 that had [] enchantment(s) | 
[2023-07-21 22:23:05] [world] The Player <wqe123420> has dropped 1 of QUARTZ at X= 9, Y= 64, Z= -286 that had [] enchantment(s) | 
[2023-07-21 22:23:05] [world] The Player <wqe123420> has dropped 1 of QUARTZ at X= 9, Y= 64, Z= -286 that had [] enchantment(s) | 
[2023-07-21 22:33:21] [world_nether] The Player <Funget114514> has dropped 1 of CRIMSON ROOTS at X= 37, Y= 73, Z= -336 that had [] enchantment(s) | 
[2023-07-21 22:33:47] [world_nether] The Player <Enderlava> has dropped 1 of POTION at X= 37, Y= 73, Z= -340 that had [] enchantment(s) | 
[2023-07-21 22:34:14] [world_nether] The Player <Funget114514> has dropped 1 of POTION at X= 37, Y= 73, Z= -351 that had [] enchantment(s) | 
[2023-07-21 22:34:40] [world_nether] The Player <Funget114514> has dropped 3 of CRIMSON PLANKS at X= 160, Y= 13, Z= -550 that had [] enchantment(s) | 
[2023-07-21 22:34:40] [world_nether] The Player <Funget114514> has dropped 60 of IRON INGOT at X= 160, Y= 13, Z= -550 that had [] enchantment(s) | 
[2023-07-21 22:34:41] [world_nether] The Player <Funget114514> has dropped 61 of IRON INGOT at X= 160, Y= 13, Z= -550 that had [] enchantment(s) | 
[2023-07-21 22:34:42] [world_nether] The Player <Funget114514> has dropped 64 of IRON INGOT at X= 160, Y= 13, Z= -550 that had [] enchantment(s) | 
[2023-07-21 22:34:43] [world_nether] The Player <Funget114514> has dropped 1 of IRON PICKAXE at X= 160, Y= 13, Z= -550 that had [] enchantment(s) | 
[2023-07-21 22:34:44] [world_nether] The Player <Funget114514> has dropped 64 of IRON INGOT at X= 160, Y= 13, Z= -550 that had [] enchantment(s) | 
[2023-07-21 22:34:48] [world_nether] The Player <Funget114514> has dropped 1 of CRIMSON ROOTS at X= 160, Y= 13, Z= -550 that had [] enchantment(s) | 
[2023-07-21 22:34:49] [world_nether] The Player <Funget114514> has dropped 64 of NETHERRACK at X= 160, Y= 13, Z= -550 that had [] enchantment(s) | 
[2023-07-21 22:34:51] [world_nether] The Player <Funget114514> has dropped 2 of STICK at X= 160, Y= 13, Z= -550 that had [] enchantment(s) | 
[2023-07-21 22:34:52] [world_nether] The Player <Funget114514> has dropped 25 of NETHERRACK at X= 160, Y= 13, Z= -550 that had [] enchantment(s) | 
[2023-07-21 22:35:20] [world_nether] The Player <Funget114514> has dropped 1 of DIAMOND CHESTPLATE at X= 160, Y= 13, Z= -550 that had [Protection] enchantment(s) | 
[2023-07-21 22:35:20] [world_nether] The Player <Funget114514> has dropped 1 of DIAMOND LEGGINGS at X= 160, Y= 13, Z= -550 that had [Unbreaking] enchantment(s) | 
[2023-07-21 22:35:36] [world_nether] The Player <Funget114514> has dropped 1 of LEAD at X= 160, Y= 13, Z= -550 that had [] enchantment(s) | 
[2023-07-21 22:35:36] [world_nether] The Player <Funget114514> has dropped 1 of LEAD at X= 160, Y= 13, Z= -550 that had [] enchantment(s) | 
[2023-07-21 22:35:41] [world_nether] The Player <Funget114514> has dropped 1 of DIAMOND CHESTPLATE at X= 160, Y= 13, Z= -550 that had [Protection] enchantment(s) | 
[2023-07-21 22:35:44] [world_nether] The Player <Funget114514> has dropped 64 of IRON INGOT at X= 159, Y= 12, Z= -551 that had [] enchantment(s) | 
[2023-07-21 22:35:45] [world_nether] The Player <Funget114514> has dropped 1 of DIAMOND LEGGINGS at X= 159, Y= 12, Z= -551 that had [Unbreaking] enchantment(s) | 
[2023-07-21 22:35:46] [world_nether] The Player <Funget114514> has dropped 1 of DIAMOND CHESTPLATE at X= 159, Y= 12, Z= -551 that had [Protection] enchantment(s) | 
[2023-07-21 22:36:26] [world] The Player <Enderlava> has dropped 1 of FIREWORK ROCKET at X= -26, Y= 64, Z= -285 that had [] enchantment(s) | 
[2023-07-21 22:36:50] [world] The Player <Funget114514> has dropped 33 of NETHERRACK at X= -14, Y= 64, Z= -284 that had [] enchantment(s) | 
[2023-07-21 22:37:06] [world] The Player <Funget114514> has dropped 64 of NETHERRACK at X= -13, Y= 64, Z= -285 that had [] enchantment(s) | 
[2023-07-21 22:37:33] [world] The Player <wqe123420> has dropped 1 of PIGLIN BANNER PATTERN at X= -64, Y= -21, Z= -202 that had [] enchantment(s) | 
[2023-07-21 22:37:34] [world] The Player <wqe123420> has dropped 7 of TUFF at X= -64, Y= -21, Z= -202 that had [] enchantment(s) | 
[2023-07-21 22:37:51] [world] The Player <Funget114514> has dropped 64 of NETHERRACK at X= -13, Y= 62, Z= -282 that had [] enchantment(s) | 
[2023-07-21 22:37:53] [world] The Player <Funget114514> has dropped 64 of NETHERRACK at X= -13, Y= 62, Z= -282 that had [] enchantment(s) | 
[2023-07-21 22:37:54] [world] The Player <Funget114514> has dropped 64 of NETHERRACK at X= -13, Y= 62, Z= -282 that had [] enchantment(s) | 
[2023-07-21 22:37:55] [world] The Player <Funget114514> has dropped 64 of NETHERRACK at X= -13, Y= 62, Z= -282 that had [] enchantment(s) | 
[2023-07-21 22:37:56] [world] The Player <Enderlava> has dropped 1 of NETHERRACK at X= -13, Y= 64, Z= -283 that had [] enchantment(s) | 
[2023-07-21 22:37:57] [world] The Player <Enderlava> has dropped 64 of NETHERRACK at X= -13, Y= 64, Z= -282 that had [] enchantment(s) | 
[2023-07-21 22:38:11] [world] The Player <Enderlava> has dropped 64 of NETHERRACK at X= -13, Y= 62, Z= -282 that had [] enchantment(s) | 
[2023-07-21 22:38:11] [world] The Player <Funget114514> has dropped 64 of NETHERRACK at X= -13, Y= 61, Z= -281 that had [] enchantment(s) | 
[2023-07-21 22:38:12] [world] The Player <Funget114514> has dropped 64 of NETHERRACK at X= -13, Y= 61, Z= -281 that had [] enchantment(s) | 
[2023-07-21 22:38:13] [world] The Player <Funget114514> has dropped 64 of NETHERRACK at X= -13, Y= 61, Z= -281 that had [] enchantment(s) | 
[2023-07-21 22:38:47] [world] The Player <wqe123420> has dropped 8 of AMETHYST SHARD at X= -60, Y= -57, Z= -215 that had [] enchantment(s) | 
[2023-07-21 22:39:43] [world] The Player <wqe123420> has dropped 64 of COBBLED DEEPSLATE at X= -65, Y= -61, Z= -226 that had [] enchantment(s) | 
[2023-07-21 22:39:44] [world] The Player <wqe123420> has dropped 24 of COBBLED DEEPSLATE at X= -65, Y= -61, Z= -226 that had [] enchantment(s) | 
[2023-07-21 22:41:07] [world] The Player <Enderlava> has dropped 1 of PLAYER HEAD at X= -15, Y= 64, Z= -283 that had [] enchantment(s) | 
[2023-07-21 22:41:18] [world] The Player <Enderlava> has dropped 1 of PLAYER HEAD at X= 4, Y= 64, Z= -291 that had [] enchantment(s) | 
