[2023-07-22 12:58:08] [world] The Player <wqe123420> has dropped 64 of NETHERRACK at X= -77, Y= -53, Z= -200 that had [] enchantment(s) | 
[2023-07-22 12:58:09] [world] The Player <wqe123420> has dropped 1 of COBBLED DEEPSLATE at X= -77, Y= -53, Z= -200 that had [] enchantment(s) | 
[2023-07-22 13:02:43] [world] The Player <Funget114514> has dropped 1 of ROTTEN FLESH at X= 1, Y= 70, Z= -238 that had [] enchantment(s) | 
[2023-07-22 13:02:43] [world] The Player <Funget114514> has dropped 1 of ROTTEN FLESH at X= 1, Y= 70, Z= -238 that had [] enchantment(s) | 
[2023-07-22 13:02:43] [world] The Player <Funget114514> has dropped 1 of ROTTEN FLESH at X= 1, Y= 70, Z= -238 that had [] enchantment(s) | 
[2023-07-22 13:02:58] [world] The Player <Funget114514> has dropped 40 of WHITE CARPET at X= 3, Y= 71, Z= -238 that had [] enchantment(s) | 
[2023-07-22 13:03:00] [world] The Player <Funget114514> has dropped 64 of WHITE CARPET at X= 3, Y= 71, Z= -238 that had [] enchantment(s) | 
[2023-07-22 13:03:05] [world] The Player <Funget114514> has dropped 64 of WHITE CARPET at X= 4, Y= 71, Z= -237 that had [] enchantment(s) | 
[2023-07-22 13:03:44] [world] The Player <Funget114514> has dropped 3 of ROTTEN FLESH at X= 2, Y= 70, Z= -238 that had [] enchantment(s) | 
[2023-07-22 13:04:44] [world] The Player <Funget114514> has dropped 3 of ROTTEN FLESH at X= 4, Y= 71, Z= -237 that had [] enchantment(s) | 
[2023-07-22 13:07:34] [world_nether] The Player <Funget114514> has dropped 64 of NETHERRACK at X= -51, Y= 64, Z= -49 that had [] enchantment(s) | 
[2023-07-22 13:08:50] [world_nether] The Player <Funget114514> has dropped 64 of NETHERRACK at X= 136, Y= 58, Z= -569 that had [] enchantment(s) | 
[2023-07-22 13:17:38] [world_nether] The Player <wqe123420> has dropped 1 of NETHERITE SHOVEL at X= -21, Y= 12, Z= -309 that had [Efficiency, Mending, Unbreaking] enchantment(s) | 
[2023-07-22 13:17:39] [world_nether] The Player <wqe123420> has dropped 1 of FLINT at X= -21, Y= 12, Z= -309 that had [] enchantment(s) | 
[2023-07-22 13:17:43] [world_nether] The Player <wqe123420> has dropped 1 of GRAVEL at X= -21, Y= 12, Z= -309 that had [] enchantment(s) | 
[2023-07-22 13:17:44] [world_nether] The Player <wqe123420> has dropped 1 of GRAVEL at X= -21, Y= 12, Z= -309 that had [] enchantment(s) | 
[2023-07-22 13:17:45] [world_nether] The Player <wqe123420> has dropped 1 of GRAVEL at X= -21, Y= 12, Z= -309 that had [] enchantment(s) | 
[2023-07-22 13:17:45] [world_nether] The Player <wqe123420> has dropped 1 of GRAVEL at X= -21, Y= 12, Z= -309 that had [] enchantment(s) | 
[2023-07-22 13:17:45] [world_nether] The Player <wqe123420> has dropped 1 of GRAVEL at X= -21, Y= 12, Z= -309 that had [] enchantment(s) | 
[2023-07-22 13:17:45] [world_nether] The Player <wqe123420> has dropped 1 of GRAVEL at X= -21, Y= 12, Z= -309 that had [] enchantment(s) | 
[2023-07-22 13:17:45] [world_nether] The Player <wqe123420> has dropped 1 of GRAVEL at X= -21, Y= 12, Z= -309 that had [] enchantment(s) | 
[2023-07-22 13:17:45] [world_nether] The Player <wqe123420> has dropped 1 of GRAVEL at X= -21, Y= 12, Z= -309 that had [] enchantment(s) | 
[2023-07-22 13:17:45] [world_nether] The Player <wqe123420> has dropped 1 of GRAVEL at X= -21, Y= 12, Z= -309 that had [] enchantment(s) | 
[2023-07-22 13:17:45] [world_nether] The Player <wqe123420> has dropped 1 of GRAVEL at X= -21, Y= 12, Z= -309 that had [] enchantment(s) | 
[2023-07-22 13:17:45] [world_nether] The Player <wqe123420> has dropped 1 of GRAVEL at X= -21, Y= 12, Z= -309 that had [] enchantment(s) | 
[2023-07-22 13:17:45] [world_nether] The Player <wqe123420> has dropped 1 of NETHERITE SHOVEL at X= -21, Y= 12, Z= -309 that had [Efficiency, Mending, Unbreaking] enchantment(s) | 
[2023-07-22 13:17:45] [world_nether] The Player <wqe123420> has dropped 1 of FLINT at X= -21, Y= 12, Z= -309 that had [] enchantment(s) | 
[2023-07-22 13:18:13] [world_nether] The Player <wqe123420> has dropped 1 of GRAVEL at X= -22, Y= 13, Z= -309 that had [] enchantment(s) | 
[2023-07-22 13:18:21] [world_nether] The Player <wqe123420> has dropped 6 of BONE at X= -22, Y= 13, Z= -309 that had [] enchantment(s) | 
[2023-07-22 13:18:23] [world_nether] The Player <wqe123420> has dropped 1 of NETHERITE SWORD at X= -21, Y= 13, Z= -309 that had [Fire Aspect, Knockback, Looting, Mending, Sharpness, Sweeping Edge, Unbreaking] enchantment(s) | 
[2023-07-22 13:22:19] [world_nether] The Player <wqe123420> has dropped 64 of NETHERRACK at X= -56, Y= 14, Z= -278 that had [] enchantment(s) | 
[2023-07-22 13:22:20] [world_nether] The Player <wqe123420> has dropped 41 of NETHERRACK at X= -56, Y= 14, Z= -278 that had [] enchantment(s) | 
[2023-07-22 13:22:27] [world_nether] The Player <wqe123420> has dropped 64 of NETHERRACK at X= -55, Y= 14, Z= -278 that had [] enchantment(s) | 
[2023-07-22 13:22:28] [world_nether] The Player <wqe123420> has dropped 48 of NETHERRACK at X= -55, Y= 14, Z= -278 that had [] enchantment(s) | 
[2023-07-22 13:27:43] [world] The Player <wqe123420> has dropped 1 of GUNPOWDER at X= -3218, Y= 65, Z= 4286 that had [] enchantment(s) | 
[2023-07-22 13:27:43] [world] The Player <wqe123420> has dropped 1 of GUNPOWDER at X= -3220, Y= 65, Z= 4289 that had [] enchantment(s) | 
[2023-07-22 13:29:08] [world] The Player <wqe123420> has dropped 1 of WHITE CARPET at X= 3, Y= 71, Z= -237 that had [] enchantment(s) | 
[2023-07-22 13:29:09] [world] The Player <wqe123420> has dropped 1 of WHITE CARPET at X= 3, Y= 71, Z= -237 that had [] enchantment(s) | 
[2023-07-22 13:29:09] [world] The Player <wqe123420> has dropped 1 of WHITE CARPET at X= 3, Y= 71, Z= -237 that had [] enchantment(s) | 
[2023-07-22 13:29:09] [world] The Player <wqe123420> has dropped 1 of WHITE CARPET at X= 3, Y= 71, Z= -237 that had [] enchantment(s) | 
[2023-07-22 13:29:09] [world] The Player <wqe123420> has dropped 1 of WHITE CARPET at X= 3, Y= 71, Z= -237 that had [] enchantment(s) | 
[2023-07-22 13:29:09] [world] The Player <wqe123420> has dropped 1 of WHITE CARPET at X= 3, Y= 71, Z= -237 that had [] enchantment(s) | 
[2023-07-22 13:29:09] [world] The Player <wqe123420> has dropped 1 of WHITE CARPET at X= 3, Y= 71, Z= -237 that had [] enchantment(s) | 
[2023-07-22 13:29:09] [world] The Player <wqe123420> has dropped 1 of WHITE CARPET at X= 3, Y= 71, Z= -237 that had [] enchantment(s) | 
[2023-07-22 13:29:09] [world] The Player <wqe123420> has dropped 1 of WHITE CARPET at X= 3, Y= 71, Z= -237 that had [] enchantment(s) | 
[2023-07-22 13:29:09] [world] The Player <wqe123420> has dropped 1 of WHITE CARPET at X= 3, Y= 71, Z= -237 that had [] enchantment(s) | 
[2023-07-22 13:29:09] [world] The Player <wqe123420> has dropped 1 of WHITE CARPET at X= 3, Y= 71, Z= -237 that had [] enchantment(s) | 
[2023-07-22 13:29:09] [world] The Player <wqe123420> has dropped 1 of WHITE CARPET at X= 3, Y= 71, Z= -237 that had [] enchantment(s) | 
[2023-07-22 13:29:09] [world] The Player <wqe123420> has dropped 1 of WHITE CARPET at X= 3, Y= 71, Z= -237 that had [] enchantment(s) | 
[2023-07-22 13:29:09] [world] The Player <wqe123420> has dropped 1 of WHITE CARPET at X= 3, Y= 71, Z= -237 that had [] enchantment(s) | 
[2023-07-22 13:29:09] [world] The Player <wqe123420> has dropped 1 of WHITE CARPET at X= 3, Y= 71, Z= -237 that had [] enchantment(s) | 
[2023-07-22 13:29:09] [world] The Player <wqe123420> has dropped 1 of WHITE CARPET at X= 3, Y= 71, Z= -237 that had [] enchantment(s) | 
[2023-07-22 13:29:09] [world] The Player <wqe123420> has dropped 1 of WHITE CARPET at X= 3, Y= 71, Z= -237 that had [] enchantment(s) | 
[2023-07-22 13:29:09] [world] The Player <wqe123420> has dropped 1 of WHITE CARPET at X= 3, Y= 71, Z= -237 that had [] enchantment(s) | 
[2023-07-22 13:29:09] [world] The Player <wqe123420> has dropped 1 of WHITE CARPET at X= 3, Y= 71, Z= -237 that had [] enchantment(s) | 
[2023-07-22 13:29:09] [world] The Player <wqe123420> has dropped 1 of WHITE CARPET at X= 3, Y= 71, Z= -237 that had [] enchantment(s) | 
[2023-07-22 13:29:09] [world] The Player <wqe123420> has dropped 1 of WHITE CARPET at X= 3, Y= 71, Z= -237 that had [] enchantment(s) | 
[2023-07-22 13:29:09] [world] The Player <wqe123420> has dropped 1 of WHITE CARPET at X= 3, Y= 71, Z= -237 that had [] enchantment(s) | 
[2023-07-22 13:29:09] [world] The Player <wqe123420> has dropped 1 of WHITE CARPET at X= 3, Y= 71, Z= -237 that had [] enchantment(s) | 
[2023-07-22 13:29:09] [world] The Player <wqe123420> has dropped 1 of WHITE CARPET at X= 3, Y= 71, Z= -237 that had [] enchantment(s) | 
[2023-07-22 13:29:10] [world] The Player <wqe123420> has dropped 1 of WHITE CARPET at X= 3, Y= 71, Z= -237 that had [] enchantment(s) | 
[2023-07-22 13:29:10] [world] The Player <wqe123420> has dropped 1 of WHITE CARPET at X= 3, Y= 71, Z= -237 that had [] enchantment(s) | 
[2023-07-22 13:29:10] [world] The Player <wqe123420> has dropped 1 of WHITE CARPET at X= 3, Y= 71, Z= -237 that had [] enchantment(s) | 
[2023-07-22 13:29:10] [world] The Player <wqe123420> has dropped 1 of WHITE CARPET at X= 3, Y= 71, Z= -237 that had [] enchantment(s) | 
[2023-07-22 13:29:10] [world] The Player <wqe123420> has dropped 1 of WHITE CARPET at X= 3, Y= 71, Z= -237 that had [] enchantment(s) | 
[2023-07-22 13:29:10] [world] The Player <wqe123420> has dropped 1 of WHITE CARPET at X= 3, Y= 71, Z= -237 that had [] enchantment(s) | 
[2023-07-22 13:29:10] [world] The Player <wqe123420> has dropped 1 of WHITE CARPET at X= 3, Y= 71, Z= -237 that had [] enchantment(s) | 
[2023-07-22 13:29:10] [world] The Player <wqe123420> has dropped 1 of WHITE CARPET at X= 3, Y= 71, Z= -237 that had [] enchantment(s) | 
[2023-07-22 13:29:10] [world] The Player <wqe123420> has dropped 1 of WHITE CARPET at X= 3, Y= 71, Z= -237 that had [] enchantment(s) | 
[2023-07-22 13:29:14] [world] The Player <wqe123420> has dropped 1 of WHITE CARPET at X= 4, Y= 71, Z= -238 that had [] enchantment(s) | 
[2023-07-22 13:29:15] [world] The Player <wqe123420> has dropped 1 of WHITE CARPET at X= 4, Y= 71, Z= -238 that had [] enchantment(s) | 
[2023-07-22 13:29:15] [world] The Player <wqe123420> has dropped 1 of WHITE CARPET at X= 4, Y= 71, Z= -238 that had [] enchantment(s) | 
[2023-07-22 13:29:15] [world] The Player <wqe123420> has dropped 1 of WHITE CARPET at X= 4, Y= 71, Z= -238 that had [] enchantment(s) | 
[2023-07-22 13:29:15] [world] The Player <wqe123420> has dropped 1 of WHITE CARPET at X= 4, Y= 71, Z= -238 that had [] enchantment(s) | 
[2023-07-22 13:29:15] [world] The Player <wqe123420> has dropped 1 of WHITE CARPET at X= 4, Y= 71, Z= -238 that had [] enchantment(s) | 
[2023-07-22 13:29:15] [world] The Player <wqe123420> has dropped 1 of WHITE CARPET at X= 4, Y= 71, Z= -238 that had [] enchantment(s) | 
[2023-07-22 13:29:15] [world] The Player <wqe123420> has dropped 1 of WHITE CARPET at X= 4, Y= 71, Z= -238 that had [] enchantment(s) | 
[2023-07-22 13:29:15] [world] The Player <wqe123420> has dropped 1 of WHITE CARPET at X= 4, Y= 71, Z= -238 that had [] enchantment(s) | 
[2023-07-22 13:29:36] [world] The Player <wqe123420> has dropped 1 of WHITE CARPET at X= 1, Y= 72, Z= -239 that had [] enchantment(s) | 
[2023-07-22 13:29:36] [world] The Player <wqe123420> has dropped 1 of WHITE CARPET at X= 1, Y= 72, Z= -239 that had [] enchantment(s) | 
[2023-07-22 13:29:37] [world] The Player <wqe123420> has dropped 1 of WHITE CARPET at X= 1, Y= 72, Z= -239 that had [] enchantment(s) | 
[2023-07-22 13:29:37] [world] The Player <wqe123420> has dropped 1 of WHITE CARPET at X= 1, Y= 72, Z= -239 that had [] enchantment(s) | 
[2023-07-22 13:29:37] [world] The Player <wqe123420> has dropped 1 of WHITE CARPET at X= 1, Y= 72, Z= -239 that had [] enchantment(s) | 
[2023-07-22 13:29:37] [world] The Player <wqe123420> has dropped 1 of WHITE CARPET at X= 1, Y= 72, Z= -239 that had [] enchantment(s) | 
[2023-07-22 13:29:37] [world] The Player <wqe123420> has dropped 1 of WHITE CARPET at X= 1, Y= 72, Z= -239 that had [] enchantment(s) | 
[2023-07-22 13:29:37] [world] The Player <wqe123420> has dropped 1 of WHITE CARPET at X= 1, Y= 72, Z= -239 that had [] enchantment(s) | 
[2023-07-22 13:29:37] [world] The Player <wqe123420> has dropped 1 of WHITE CARPET at X= 1, Y= 72, Z= -239 that had [] enchantment(s) | 
[2023-07-22 13:29:39] [world] The Player <wqe123420> has dropped 1 of WHITE CARPET at X= 1, Y= 72, Z= -239 that had [] enchantment(s) | 
[2023-07-22 13:29:39] [world] The Player <wqe123420> has dropped 1 of WHITE CARPET at X= 1, Y= 72, Z= -239 that had [] enchantment(s) | 
[2023-07-22 13:29:39] [world] The Player <wqe123420> has dropped 1 of WHITE CARPET at X= 1, Y= 72, Z= -239 that had [] enchantment(s) | 
[2023-07-22 13:29:39] [world] The Player <wqe123420> has dropped 1 of WHITE CARPET at X= 1, Y= 72, Z= -239 that had [] enchantment(s) | 
[2023-07-22 13:29:39] [world] The Player <wqe123420> has dropped 1 of WHITE CARPET at X= 1, Y= 72, Z= -239 that had [] enchantment(s) | 
[2023-07-22 13:29:40] [world] The Player <wqe123420> has dropped 1 of WHITE CARPET at X= 1, Y= 72, Z= -239 that had [] enchantment(s) | 
[2023-07-22 13:29:40] [world] The Player <wqe123420> has dropped 1 of WHITE CARPET at X= 1, Y= 72, Z= -239 that had [] enchantment(s) | 
[2023-07-22 13:29:40] [world] The Player <wqe123420> has dropped 1 of WHITE CARPET at X= 1, Y= 72, Z= -239 that had [] enchantment(s) | 
[2023-07-22 13:29:40] [world] The Player <wqe123420> has dropped 1 of WHITE CARPET at X= 1, Y= 72, Z= -239 that had [] enchantment(s) | 
[2023-07-22 13:29:40] [world] The Player <wqe123420> has dropped 1 of WHITE CARPET at X= 1, Y= 72, Z= -239 that had [] enchantment(s) | 
[2023-07-22 13:29:40] [world] The Player <wqe123420> has dropped 1 of WHITE CARPET at X= 1, Y= 72, Z= -239 that had [] enchantment(s) | 
[2023-07-22 13:29:40] [world] The Player <wqe123420> has dropped 1 of WHITE CARPET at X= 1, Y= 72, Z= -239 that had [] enchantment(s) | 
[2023-07-22 13:29:40] [world] The Player <wqe123420> has dropped 1 of WHITE CARPET at X= 1, Y= 72, Z= -239 that had [] enchantment(s) | 
[2023-07-22 13:29:40] [world] The Player <wqe123420> has dropped 1 of WHITE CARPET at X= 1, Y= 72, Z= -239 that had [] enchantment(s) | 
[2023-07-22 13:29:40] [world] The Player <wqe123420> has dropped 1 of WHITE CARPET at X= 1, Y= 72, Z= -239 that had [] enchantment(s) | 
[2023-07-22 13:29:40] [world] The Player <wqe123420> has dropped 1 of WHITE CARPET at X= 1, Y= 72, Z= -239 that had [] enchantment(s) | 
[2023-07-22 13:29:40] [world] The Player <wqe123420> has dropped 1 of WHITE CARPET at X= 1, Y= 72, Z= -239 that had [] enchantment(s) | 
[2023-07-22 13:29:40] [world] The Player <wqe123420> has dropped 1 of WHITE CARPET at X= 1, Y= 72, Z= -239 that had [] enchantment(s) | 
[2023-07-22 13:29:40] [world] The Player <wqe123420> has dropped 1 of WHITE CARPET at X= 1, Y= 72, Z= -239 that had [] enchantment(s) | 
[2023-07-22 13:29:40] [world] The Player <wqe123420> has dropped 1 of WHITE CARPET at X= 1, Y= 72, Z= -239 that had [] enchantment(s) | 
[2023-07-22 13:29:40] [world] The Player <wqe123420> has dropped 1 of WHITE CARPET at X= 1, Y= 72, Z= -239 that had [] enchantment(s) | 
[2023-07-22 13:29:40] [world] The Player <wqe123420> has dropped 1 of WHITE CARPET at X= 1, Y= 72, Z= -239 that had [] enchantment(s) | 
[2023-07-22 13:29:40] [world] The Player <wqe123420> has dropped 1 of WHITE CARPET at X= 1, Y= 72, Z= -239 that had [] enchantment(s) | 
[2023-07-22 13:29:40] [world] The Player <wqe123420> has dropped 1 of WHITE CARPET at X= 1, Y= 72, Z= -239 that had [] enchantment(s) | 
[2023-07-22 13:29:40] [world] The Player <wqe123420> has dropped 1 of WHITE CARPET at X= 1, Y= 72, Z= -239 that had [] enchantment(s) | 
[2023-07-22 13:29:40] [world] The Player <wqe123420> has dropped 1 of WHITE CARPET at X= 1, Y= 72, Z= -239 that had [] enchantment(s) | 
[2023-07-22 13:29:40] [world] The Player <wqe123420> has dropped 1 of WHITE CARPET at X= 1, Y= 72, Z= -239 that had [] enchantment(s) | 
[2023-07-22 13:29:40] [world] The Player <wqe123420> has dropped 1 of WHITE CARPET at X= 1, Y= 72, Z= -239 that had [] enchantment(s) | 
[2023-07-22 13:29:40] [world] The Player <wqe123420> has dropped 1 of WHITE CARPET at X= 1, Y= 72, Z= -239 that had [] enchantment(s) | 
[2023-07-22 13:29:40] [world] The Player <wqe123420> has dropped 1 of WHITE CARPET at X= 1, Y= 72, Z= -239 that had [] enchantment(s) | 
[2023-07-22 13:29:41] [world] The Player <wqe123420> has dropped 1 of WHITE CARPET at X= 1, Y= 72, Z= -239 that had [] enchantment(s) | 
[2023-07-22 13:29:41] [world] The Player <wqe123420> has dropped 1 of WHITE CARPET at X= 1, Y= 72, Z= -239 that had [] enchantment(s) | 
[2023-07-22 13:29:41] [world] The Player <wqe123420> has dropped 1 of WHITE CARPET at X= 1, Y= 72, Z= -239 that had [] enchantment(s) | 
[2023-07-22 13:29:41] [world] The Player <wqe123420> has dropped 1 of WHITE CARPET at X= 1, Y= 72, Z= -239 that had [] enchantment(s) | 
[2023-07-22 13:29:41] [world] The Player <wqe123420> has dropped 1 of WHITE CARPET at X= 1, Y= 72, Z= -239 that had [] enchantment(s) | 
[2023-07-22 13:29:41] [world] The Player <wqe123420> has dropped 1 of WHITE CARPET at X= 1, Y= 72, Z= -239 that had [] enchantment(s) | 
[2023-07-22 13:29:41] [world] The Player <wqe123420> has dropped 1 of WHITE CARPET at X= 1, Y= 72, Z= -239 that had [] enchantment(s) | 
[2023-07-22 13:29:41] [world] The Player <wqe123420> has dropped 1 of WHITE CARPET at X= 1, Y= 72, Z= -239 that had [] enchantment(s) | 
[2023-07-22 13:29:41] [world] The Player <wqe123420> has dropped 1 of WHITE CARPET at X= 1, Y= 72, Z= -239 that had [] enchantment(s) | 
[2023-07-22 13:29:41] [world] The Player <wqe123420> has dropped 1 of WHITE CARPET at X= 1, Y= 72, Z= -239 that had [] enchantment(s) | 
[2023-07-22 13:29:41] [world] The Player <wqe123420> has dropped 1 of WHITE CARPET at X= 1, Y= 72, Z= -239 that had [] enchantment(s) | 
[2023-07-22 13:29:41] [world] The Player <wqe123420> has dropped 1 of WHITE CARPET at X= 1, Y= 72, Z= -239 that had [] enchantment(s) | 
[2023-07-22 13:29:41] [world] The Player <wqe123420> has dropped 1 of WHITE CARPET at X= 1, Y= 72, Z= -239 that had [] enchantment(s) | 
[2023-07-22 13:29:41] [world] The Player <wqe123420> has dropped 1 of WHITE CARPET at X= 1, Y= 72, Z= -239 that had [] enchantment(s) | 
[2023-07-22 13:29:41] [world] The Player <wqe123420> has dropped 1 of WHITE CARPET at X= 1, Y= 72, Z= -239 that had [] enchantment(s) | 
[2023-07-22 13:29:41] [world] The Player <wqe123420> has dropped 1 of WHITE CARPET at X= 1, Y= 72, Z= -239 that had [] enchantment(s) | 
[2023-07-22 13:29:41] [world] The Player <wqe123420> has dropped 1 of WHITE CARPET at X= 1, Y= 72, Z= -239 that had [] enchantment(s) | 
[2023-07-22 13:29:41] [world] The Player <wqe123420> has dropped 1 of WHITE CARPET at X= 1, Y= 72, Z= -239 that had [] enchantment(s) | 
[2023-07-22 13:29:41] [world] The Player <wqe123420> has dropped 1 of WHITE CARPET at X= 1, Y= 72, Z= -239 that had [] enchantment(s) | 
[2023-07-22 13:29:46] [world] The Player <wqe123420> has dropped 1 of WHITE CARPET at X= 1, Y= 70, Z= -235 that had [] enchantment(s) | 
[2023-07-22 13:29:47] [world] The Player <wqe123420> has dropped 1 of WHITE CARPET at X= 1, Y= 70, Z= -235 that had [] enchantment(s) | 
[2023-07-22 13:29:47] [world] The Player <wqe123420> has dropped 1 of WHITE CARPET at X= 1, Y= 70, Z= -235 that had [] enchantment(s) | 
[2023-07-22 13:29:47] [world] The Player <wqe123420> has dropped 1 of WHITE CARPET at X= 1, Y= 70, Z= -235 that had [] enchantment(s) | 
[2023-07-22 13:29:47] [world] The Player <wqe123420> has dropped 1 of WHITE CARPET at X= 1, Y= 70, Z= -235 that had [] enchantment(s) | 
[2023-07-22 13:29:47] [world] The Player <wqe123420> has dropped 1 of WHITE CARPET at X= 1, Y= 70, Z= -235 that had [] enchantment(s) | 
[2023-07-22 13:29:47] [world] The Player <wqe123420> has dropped 1 of WHITE CARPET at X= 1, Y= 70, Z= -235 that had [] enchantment(s) | 
[2023-07-22 13:29:47] [world] The Player <wqe123420> has dropped 1 of WHITE CARPET at X= 1, Y= 70, Z= -235 that had [] enchantment(s) | 
[2023-07-22 13:29:47] [world] The Player <wqe123420> has dropped 1 of WHITE CARPET at X= 1, Y= 70, Z= -235 that had [] enchantment(s) | 
[2023-07-22 13:29:47] [world] The Player <wqe123420> has dropped 1 of WHITE CARPET at X= 1, Y= 70, Z= -235 that had [] enchantment(s) | 
[2023-07-22 13:29:47] [world] The Player <wqe123420> has dropped 1 of WHITE CARPET at X= 1, Y= 70, Z= -235 that had [] enchantment(s) | 
[2023-07-22 13:29:47] [world] The Player <wqe123420> has dropped 1 of WHITE CARPET at X= 1, Y= 70, Z= -235 that had [] enchantment(s) | 
[2023-07-22 13:29:47] [world] The Player <wqe123420> has dropped 1 of WHITE CARPET at X= 1, Y= 70, Z= -235 that had [] enchantment(s) | 
[2023-07-22 13:29:47] [world] The Player <wqe123420> has dropped 1 of WHITE CARPET at X= 1, Y= 70, Z= -235 that had [] enchantment(s) | 
[2023-07-22 13:29:47] [world] The Player <wqe123420> has dropped 1 of WHITE CARPET at X= 1, Y= 70, Z= -235 that had [] enchantment(s) | 
[2023-07-22 13:29:47] [world] The Player <wqe123420> has dropped 1 of WHITE CARPET at X= 1, Y= 70, Z= -235 that had [] enchantment(s) | 
[2023-07-22 13:29:47] [world] The Player <wqe123420> has dropped 1 of WHITE CARPET at X= 1, Y= 70, Z= -235 that had [] enchantment(s) | 
[2023-07-22 13:29:47] [world] The Player <wqe123420> has dropped 1 of WHITE CARPET at X= 1, Y= 70, Z= -235 that had [] enchantment(s) | 
[2023-07-22 13:29:47] [world] The Player <wqe123420> has dropped 1 of WHITE CARPET at X= 1, Y= 70, Z= -235 that had [] enchantment(s) | 
[2023-07-22 13:29:47] [world] The Player <wqe123420> has dropped 1 of WHITE CARPET at X= 1, Y= 70, Z= -235 that had [] enchantment(s) | 
[2023-07-22 13:29:47] [world] The Player <wqe123420> has dropped 1 of WHITE CARPET at X= 1, Y= 70, Z= -235 that had [] enchantment(s) | 
[2023-07-22 13:29:47] [world] The Player <wqe123420> has dropped 1 of WHITE CARPET at X= 1, Y= 70, Z= -235 that had [] enchantment(s) | 
[2023-07-22 13:29:47] [world] The Player <wqe123420> has dropped 1 of WHITE CARPET at X= 1, Y= 70, Z= -235 that had [] enchantment(s) | 
[2023-07-22 13:29:47] [world] The Player <wqe123420> has dropped 1 of WHITE CARPET at X= 1, Y= 70, Z= -235 that had [] enchantment(s) | 
[2023-07-22 13:29:47] [world] The Player <wqe123420> has dropped 1 of WHITE CARPET at X= 1, Y= 70, Z= -235 that had [] enchantment(s) | 
[2023-07-22 13:29:47] [world] The Player <wqe123420> has dropped 1 of WHITE CARPET at X= 1, Y= 70, Z= -235 that had [] enchantment(s) | 
[2023-07-22 13:29:47] [world] The Player <wqe123420> has dropped 1 of WHITE CARPET at X= 1, Y= 70, Z= -235 that had [] enchantment(s) | 
[2023-07-22 13:29:47] [world] The Player <wqe123420> has dropped 1 of WHITE CARPET at X= 1, Y= 70, Z= -235 that had [] enchantment(s) | 
[2023-07-22 13:29:47] [world] The Player <wqe123420> has dropped 1 of WHITE CARPET at X= 1, Y= 70, Z= -235 that had [] enchantment(s) | 
[2023-07-22 13:29:48] [world] The Player <wqe123420> has dropped 1 of WHITE CARPET at X= 1, Y= 70, Z= -235 that had [] enchantment(s) | 
[2023-07-22 13:29:48] [world] The Player <wqe123420> has dropped 1 of WHITE CARPET at X= 1, Y= 70, Z= -235 that had [] enchantment(s) | 
[2023-07-22 13:29:48] [world] The Player <wqe123420> has dropped 1 of WHITE CARPET at X= 1, Y= 70, Z= -235 that had [] enchantment(s) | 
[2023-07-22 13:29:48] [world] The Player <wqe123420> has dropped 1 of WHITE CARPET at X= 1, Y= 70, Z= -235 that had [] enchantment(s) | 
[2023-07-22 13:29:48] [world] The Player <wqe123420> has dropped 1 of WHITE CARPET at X= 1, Y= 70, Z= -235 that had [] enchantment(s) | 
[2023-07-22 13:29:48] [world] The Player <wqe123420> has dropped 1 of WHITE CARPET at X= 1, Y= 70, Z= -235 that had [] enchantment(s) | 
[2023-07-22 13:29:48] [world] The Player <wqe123420> has dropped 1 of WHITE CARPET at X= 1, Y= 70, Z= -235 that had [] enchantment(s) | 
[2023-07-22 13:29:48] [world] The Player <wqe123420> has dropped 1 of WHITE CARPET at X= 1, Y= 70, Z= -235 that had [] enchantment(s) | 
[2023-07-22 13:29:48] [world] The Player <wqe123420> has dropped 1 of WHITE CARPET at X= 1, Y= 70, Z= -235 that had [] enchantment(s) | 
[2023-07-22 13:29:48] [world] The Player <wqe123420> has dropped 1 of WHITE CARPET at X= 1, Y= 70, Z= -235 that had [] enchantment(s) | 
[2023-07-22 13:29:48] [world] The Player <wqe123420> has dropped 1 of WHITE CARPET at X= 1, Y= 70, Z= -235 that had [] enchantment(s) | 
[2023-07-22 13:29:48] [world] The Player <wqe123420> has dropped 1 of WHITE CARPET at X= 1, Y= 70, Z= -235 that had [] enchantment(s) | 
[2023-07-22 13:29:48] [world] The Player <wqe123420> has dropped 1 of WHITE CARPET at X= 1, Y= 70, Z= -235 that had [] enchantment(s) | 
[2023-07-22 13:29:48] [world] The Player <wqe123420> has dropped 1 of WHITE CARPET at X= 1, Y= 70, Z= -235 that had [] enchantment(s) | 
[2023-07-22 13:29:48] [world] The Player <wqe123420> has dropped 1 of WHITE CARPET at X= 1, Y= 70, Z= -235 that had [] enchantment(s) | 
[2023-07-22 13:29:48] [world] The Player <wqe123420> has dropped 1 of WHITE CARPET at X= 1, Y= 70, Z= -235 that had [] enchantment(s) | 
[2023-07-22 13:29:48] [world] The Player <wqe123420> has dropped 1 of WHITE CARPET at X= 1, Y= 70, Z= -235 that had [] enchantment(s) | 
[2023-07-22 13:29:48] [world] The Player <wqe123420> has dropped 1 of WHITE CARPET at X= 1, Y= 70, Z= -235 that had [] enchantment(s) | 
[2023-07-22 13:29:48] [world] The Player <wqe123420> has dropped 1 of WHITE CARPET at X= 1, Y= 70, Z= -235 that had [] enchantment(s) | 
[2023-07-22 13:29:48] [world] The Player <wqe123420> has dropped 1 of WHITE CARPET at X= 1, Y= 70, Z= -235 that had [] enchantment(s) | 
[2023-07-22 13:29:48] [world] The Player <wqe123420> has dropped 1 of WHITE CARPET at X= 1, Y= 70, Z= -235 that had [] enchantment(s) | 
[2023-07-22 13:29:48] [world] The Player <wqe123420> has dropped 1 of WHITE CARPET at X= 1, Y= 70, Z= -235 that had [] enchantment(s) | 
[2023-07-22 13:29:48] [world] The Player <wqe123420> has dropped 1 of WHITE CARPET at X= 1, Y= 70, Z= -235 that had [] enchantment(s) | 
[2023-07-22 13:29:48] [world] The Player <wqe123420> has dropped 1 of WHITE CARPET at X= 1, Y= 70, Z= -235 that had [] enchantment(s) | 
[2023-07-22 13:29:48] [world] The Player <wqe123420> has dropped 1 of WHITE CARPET at X= 1, Y= 70, Z= -235 that had [] enchantment(s) | 
[2023-07-22 13:29:48] [world] The Player <wqe123420> has dropped 1 of WHITE CARPET at X= 1, Y= 70, Z= -235 that had [] enchantment(s) | 
[2023-07-22 13:29:48] [world] The Player <wqe123420> has dropped 1 of WHITE CARPET at X= 1, Y= 70, Z= -235 that had [] enchantment(s) | 
[2023-07-22 13:29:48] [world] The Player <wqe123420> has dropped 1 of WHITE CARPET at X= 1, Y= 70, Z= -235 that had [] enchantment(s) | 
[2023-07-22 13:29:48] [world] The Player <wqe123420> has dropped 1 of WHITE CARPET at X= 1, Y= 70, Z= -235 that had [] enchantment(s) | 
[2023-07-22 13:30:19] [world] The Player <wqe123420> has dropped 4 of GOLD NUGGET at X= -28, Y= 64, Z= -288 that had [] enchantment(s) | 
[2023-07-22 13:36:55] [world_the_end] The Player <wqe123420> has dropped 16 of ENDER PEARL at X= -19, Y= 2, Z= -279 that had [] enchantment(s) | 
[2023-07-22 13:37:04] [world_the_end] The Player <wqe123420> has dropped 16 of ENDER PEARL at X= -19, Y= 2, Z= -277 that had [] enchantment(s) | 
[2023-07-22 13:37:28] [world_the_end] The Player <Funget114514> has dropped 1 of GOLDEN CHESTPLATE at X= -16, Y= 2, Z= -275 that had [Fire Protection] enchantment(s) | §7不必要的妖精龙
[2023-07-22 13:37:40] [world_the_end] The Player <Funget114514> has dropped 16 of ENDER PEARL at X= -16, Y= 2, Z= -275 that had [] enchantment(s) | 
[2023-07-22 13:39:21] [world] The Player <wqe123420> has dropped 1 of NETHERRACK at X= -1, Y= 72, Z= -270 that had [] enchantment(s) | 
[2023-07-22 13:39:21] [world] The Player <wqe123420> has dropped 1 of NETHERRACK at X= 2, Y= 74, Z= -270 that had [] enchantment(s) | 
[2023-07-22 13:39:21] [world] The Player <wqe123420> has dropped 1 of NETHERRACK at X= 2, Y= 74, Z= -270 that had [] enchantment(s) | 
[2023-07-22 13:39:21] [world] The Player <wqe123420> has dropped 1 of NETHERRACK at X= 2, Y= 74, Z= -270 that had [] enchantment(s) | 
[2023-07-22 13:39:22] [world] The Player <wqe123420> has dropped 1 of NETHERRACK at X= 2, Y= 74, Z= -270 that had [] enchantment(s) | 
[2023-07-22 13:39:22] [world] The Player <wqe123420> has dropped 1 of NETHERRACK at X= 2, Y= 74, Z= -270 that had [] enchantment(s) | 
[2023-07-22 13:39:22] [world] The Player <wqe123420> has dropped 1 of NETHERRACK at X= 3, Y= 74, Z= -270 that had [] enchantment(s) | 
[2023-07-22 13:39:22] [world] The Player <wqe123420> has dropped 1 of NETHERRACK at X= 3, Y= 74, Z= -270 that had [] enchantment(s) | 
[2023-07-22 13:39:22] [world] The Player <wqe123420> has dropped 1 of NETHERRACK at X= 3, Y= 74, Z= -270 that had [] enchantment(s) | 
[2023-07-22 13:39:22] [world] The Player <wqe123420> has dropped 1 of NETHERRACK at X= 3, Y= 73, Z= -270 that had [] enchantment(s) | 
[2023-07-22 13:39:22] [world] The Player <wqe123420> has dropped 1 of NETHERRACK at X= 3, Y= 73, Z= -270 that had [] enchantment(s) | 
[2023-07-22 13:39:22] [world] The Player <wqe123420> has dropped 1 of NETHERRACK at X= 3, Y= 73, Z= -270 that had [] enchantment(s) | 
[2023-07-22 13:39:22] [world] The Player <wqe123420> has dropped 1 of NETHERRACK at X= 4, Y= 73, Z= -270 that had [] enchantment(s) | 
[2023-07-22 13:39:22] [world] The Player <wqe123420> has dropped 1 of NETHERRACK at X= 4, Y= 72, Z= -270 that had [] enchantment(s) | 
[2023-07-22 13:39:22] [world] The Player <wqe123420> has dropped 1 of NETHERRACK at X= 4, Y= 72, Z= -270 that had [] enchantment(s) | 
[2023-07-22 13:39:22] [world] The Player <wqe123420> has dropped 1 of NETHERRACK at X= 4, Y= 72, Z= -270 that had [] enchantment(s) | 
[2023-07-22 13:39:22] [world] The Player <wqe123420> has dropped 1 of NETHERRACK at X= 5, Y= 71, Z= -270 that had [] enchantment(s) | 
[2023-07-22 13:39:22] [world] The Player <wqe123420> has dropped 1 of NETHERRACK at X= 5, Y= 70, Z= -270 that had [] enchantment(s) | 
[2023-07-22 13:39:22] [world] The Player <wqe123420> has dropped 1 of NETHERRACK at X= 5, Y= 70, Z= -270 that had [] enchantment(s) | 
[2023-07-22 13:39:22] [world] The Player <wqe123420> has dropped 1 of NETHERRACK at X= 5, Y= 70, Z= -270 that had [] enchantment(s) | 
[2023-07-22 13:39:22] [world] The Player <wqe123420> has dropped 1 of NETHERRACK at X= 5, Y= 70, Z= -270 that had [] enchantment(s) | 
[2023-07-22 13:39:22] [world] The Player <wqe123420> has dropped 1 of NETHERRACK at X= 5, Y= 71, Z= -269 that had [] enchantment(s) | 
[2023-07-22 13:39:22] [world] The Player <wqe123420> has dropped 1 of NETHERRACK at X= 6, Y= 71, Z= -269 that had [] enchantment(s) | 
[2023-07-22 13:39:22] [world] The Player <wqe123420> has dropped 1 of NETHERRACK at X= 6, Y= 71, Z= -269 that had [] enchantment(s) | 
[2023-07-22 13:39:22] [world] The Player <wqe123420> has dropped 1 of NETHERRACK at X= 6, Y= 72, Z= -269 that had [] enchantment(s) | 
[2023-07-22 13:39:22] [world] The Player <wqe123420> has dropped 1 of NETHERRACK at X= 6, Y= 72, Z= -269 that had [] enchantment(s) | 
[2023-07-22 13:39:22] [world] The Player <wqe123420> has dropped 1 of NETHERRACK at X= 6, Y= 72, Z= -268 that had [] enchantment(s) | 
[2023-07-22 13:39:22] [world] The Player <wqe123420> has dropped 1 of NETHERRACK at X= 7, Y= 73, Z= -268 that had [] enchantment(s) | 
[2023-07-22 13:39:22] [world] The Player <wqe123420> has dropped 1 of NETHERRACK at X= 7, Y= 73, Z= -268 that had [] enchantment(s) | 
[2023-07-22 13:39:22] [world] The Player <wqe123420> has dropped 1 of NETHERRACK at X= 7, Y= 73, Z= -268 that had [] enchantment(s) | 
[2023-07-22 13:39:22] [world] The Player <wqe123420> has dropped 1 of NETHERRACK at X= 7, Y= 73, Z= -268 that had [] enchantment(s) | 
[2023-07-22 13:39:22] [world] The Player <wqe123420> has dropped 1 of NETHERRACK at X= 7, Y= 73, Z= -268 that had [] enchantment(s) | 
[2023-07-22 13:39:22] [world] The Player <wqe123420> has dropped 1 of NETHERRACK at X= 7, Y= 73, Z= -268 that had [] enchantment(s) | 
[2023-07-22 13:39:22] [world] The Player <wqe123420> has dropped 1 of NETHERRACK at X= 7, Y= 73, Z= -268 that had [] enchantment(s) | 
[2023-07-22 13:39:22] [world] The Player <wqe123420> has dropped 1 of NETHERRACK at X= 7, Y= 73, Z= -267 that had [] enchantment(s) | 
[2023-07-22 13:39:23] [world] The Player <wqe123420> has dropped 1 of NETHERRACK at X= 8, Y= 73, Z= -267 that had [] enchantment(s) | 
[2023-07-22 13:39:23] [world] The Player <wqe123420> has dropped 1 of NETHERRACK at X= 8, Y= 73, Z= -267 that had [] enchantment(s) | 
[2023-07-22 13:39:23] [world] The Player <wqe123420> has dropped 1 of NETHERRACK at X= 8, Y= 73, Z= -267 that had [] enchantment(s) | 
[2023-07-22 13:39:23] [world] The Player <wqe123420> has dropped 1 of NETHERRACK at X= 8, Y= 73, Z= -267 that had [] enchantment(s) | 
[2023-07-22 13:39:23] [world] The Player <wqe123420> has dropped 1 of NETHERRACK at X= 8, Y= 72, Z= -266 that had [] enchantment(s) | 
[2023-07-22 13:39:23] [world] The Player <wqe123420> has dropped 1 of NETHERRACK at X= 8, Y= 72, Z= -266 that had [] enchantment(s) | 
[2023-07-22 13:39:23] [world] The Player <wqe123420> has dropped 1 of NETHERRACK at X= 8, Y= 72, Z= -266 that had [] enchantment(s) | 
[2023-07-22 13:39:23] [world] The Player <wqe123420> has dropped 1 of NETHERRACK at X= 8, Y= 72, Z= -266 that had [] enchantment(s) | 
[2023-07-22 13:39:23] [world] The Player <wqe123420> has dropped 1 of NETHERRACK at X= 9, Y= 73, Z= -266 that had [] enchantment(s) | 
[2023-07-22 13:39:23] [world] The Player <wqe123420> has dropped 1 of NETHERRACK at X= 9, Y= 73, Z= -266 that had [] enchantment(s) | 
[2023-07-22 13:39:23] [world] The Player <wqe123420> has dropped 1 of NETHERRACK at X= 9, Y= 73, Z= -266 that had [] enchantment(s) | 
[2023-07-22 13:39:23] [world] The Player <wqe123420> has dropped 1 of NETHERRACK at X= 9, Y= 73, Z= -266 that had [] enchantment(s) | 
[2023-07-22 13:39:23] [world] The Player <wqe123420> has dropped 1 of NETHERRACK at X= 9, Y= 74, Z= -266 that had [] enchantment(s) | 
[2023-07-22 13:39:23] [world] The Player <wqe123420> has dropped 1 of NETHERRACK at X= 9, Y= 74, Z= -266 that had [] enchantment(s) | 
[2023-07-22 13:39:23] [world] The Player <wqe123420> has dropped 1 of NETHERRACK at X= 9, Y= 75, Z= -266 that had [] enchantment(s) | 
[2023-07-22 13:39:23] [world] The Player <wqe123420> has dropped 1 of NETHERRACK at X= 9, Y= 75, Z= -266 that had [] enchantment(s) | 
[2023-07-22 13:39:23] [world] The Player <wqe123420> has dropped 1 of NETHERRACK at X= 9, Y= 75, Z= -265 that had [] enchantment(s) | 
[2023-07-22 13:39:23] [world] The Player <wqe123420> has dropped 1 of NETHERRACK at X= 9, Y= 75, Z= -265 that had [] enchantment(s) | 
[2023-07-22 13:39:23] [world] The Player <wqe123420> has dropped 1 of NETHERRACK at X= 9, Y= 75, Z= -265 that had [] enchantment(s) | 
[2023-07-22 13:39:23] [world] The Player <wqe123420> has dropped 1 of NETHERRACK at X= 9, Y= 75, Z= -265 that had [] enchantment(s) | 
[2023-07-22 13:39:23] [world] The Player <wqe123420> has dropped 1 of NETHERRACK at X= 9, Y= 75, Z= -265 that had [] enchantment(s) | 
[2023-07-22 13:39:23] [world] The Player <wqe123420> has dropped 1 of NETHERRACK at X= 9, Y= 75, Z= -265 that had [] enchantment(s) | 
[2023-07-22 13:41:23] [world] The Player <wqe123420> has dropped 1 of ENDER PEARL at X= 19, Y= 64, Z= -327 that had [] enchantment(s) | 
[2023-07-22 13:41:23] [world] The Player <wqe123420> has dropped 1 of ENDER PEARL at X= 19, Y= 64, Z= -327 that had [] enchantment(s) | 
[2023-07-22 13:41:23] [world] The Player <wqe123420> has dropped 1 of ENDER PEARL at X= 19, Y= 64, Z= -327 that had [] enchantment(s) | 
[2023-07-22 13:41:24] [world] The Player <wqe123420> has dropped 1 of ENDER PEARL at X= 19, Y= 64, Z= -327 that had [] enchantment(s) | 
[2023-07-22 13:41:24] [world] The Player <wqe123420> has dropped 1 of ENDER PEARL at X= 19, Y= 64, Z= -327 that had [] enchantment(s) | 
[2023-07-22 13:41:24] [world] The Player <wqe123420> has dropped 1 of ENDER PEARL at X= 19, Y= 63, Z= -327 that had [] enchantment(s) | 
[2023-07-22 13:41:24] [world] The Player <wqe123420> has dropped 1 of ENDER PEARL at X= 19, Y= 63, Z= -327 that had [] enchantment(s) | 
[2023-07-22 13:41:24] [world] The Player <wqe123420> has dropped 1 of ENDER PEARL at X= 19, Y= 63, Z= -327 that had [] enchantment(s) | 
[2023-07-22 13:41:24] [world] The Player <wqe123420> has dropped 1 of ENDER PEARL at X= 19, Y= 63, Z= -327 that had [] enchantment(s) | 
[2023-07-22 13:41:24] [world] The Player <wqe123420> has dropped 1 of ENDER PEARL at X= 19, Y= 63, Z= -327 that had [] enchantment(s) | 
[2023-07-22 13:41:24] [world] The Player <wqe123420> has dropped 1 of ENDER PEARL at X= 19, Y= 63, Z= -327 that had [] enchantment(s) | 
[2023-07-22 13:41:24] [world] The Player <wqe123420> has dropped 1 of ENDER PEARL at X= 19, Y= 63, Z= -327 that had [] enchantment(s) | 
[2023-07-22 13:41:24] [world] The Player <wqe123420> has dropped 1 of ENDER PEARL at X= 19, Y= 63, Z= -327 that had [] enchantment(s) | 
[2023-07-22 13:41:24] [world] The Player <wqe123420> has dropped 1 of ENDER PEARL at X= 19, Y= 63, Z= -327 that had [] enchantment(s) | 
[2023-07-22 13:41:24] [world] The Player <wqe123420> has dropped 1 of ENDER PEARL at X= 19, Y= 63, Z= -327 that had [] enchantment(s) | 
[2023-07-22 13:41:24] [world] The Player <wqe123420> has dropped 1 of ENDER PEARL at X= 19, Y= 63, Z= -327 that had [] enchantment(s) | 
[2023-07-22 13:41:24] [world] The Player <wqe123420> has dropped 1 of GOLDEN HELMET at X= 19, Y= 63, Z= -327 that had [] enchantment(s) | §7难以置信的幽灵
[2023-07-22 13:41:59] [world] The Player <Funget114514> has dropped 64 of NETHERRACK at X= 7, Y= 62, Z= -311 that had [] enchantment(s) | 
[2023-07-22 13:42:11] [world] The Player <Funget114514> has dropped 64 of NETHERRACK at X= -2, Y= 58, Z= -317 that had [] enchantment(s) | 
[2023-07-22 13:44:32] [world] The Player <wqe123420> has dropped 1 of SUGAR CANE at X= 1068, Y= 200, Z= -182 that had [] enchantment(s) | 
[2023-07-22 13:44:50] [world] The Player <wqe123420> has dropped 1 of LOOM at X= 1069, Y= 200, Z= -173 that had [] enchantment(s) | 
[2023-07-22 13:44:53] [world] The Player <wqe123420> has dropped 1 of PHANTOM MEMBRANE at X= 1069, Y= 200, Z= -173 that had [] enchantment(s) | 
[2023-07-22 13:44:55] [world] The Player <wqe123420> has dropped 64 of COBBLESTONE at X= 1069, Y= 200, Z= -173 that had [] enchantment(s) | 
[2023-07-22 13:54:29] [world] The Player <Enderlava> has dropped 1 of GOLDEN AXE at X= 6, Y= 78, Z= -215 that had [] enchantment(s) | §7发现的无用之女巫
[2023-07-22 14:00:43] [world] The Player <Enderlava> has dropped 4 of SPIDER EYE at X= -120, Y= 71, Z= -198 that had [] enchantment(s) | 
[2023-07-22 14:01:10] [world] The Player <Enderlava> has dropped 1 of PAPER at X= -186, Y= 64, Z= -200 that had [] enchantment(s) | 
[2023-07-22 14:01:12] [world] The Player <Enderlava> has dropped 1 of LEATHER LEGGINGS at X= -185, Y= 64, Z= -199 that had [] enchantment(s) | 
[2023-07-22 14:01:13] [world] The Player <Enderlava> has dropped 64 of POPPY at X= -185, Y= 64, Z= -199 that had [] enchantment(s) | 
[2023-07-22 14:01:14] [world] The Player <Enderlava> has dropped 64 of POPPY at X= -185, Y= 64, Z= -199 that had [] enchantment(s) | 
[2023-07-22 14:01:14] [world] The Player <Enderlava> has dropped 3 of BONE at X= -185, Y= 64, Z= -199 that had [] enchantment(s) | 
[2023-07-22 14:01:17] [world] The Player <Enderlava> has dropped 64 of POPPY at X= -185, Y= 64, Z= -199 that had [] enchantment(s) | 
[2023-07-22 14:01:17] [world] The Player <Enderlava> has dropped 64 of POPPY at X= -185, Y= 64, Z= -199 that had [] enchantment(s) | 
[2023-07-22 14:01:18] [world] The Player <Enderlava> has dropped 64 of POPPY at X= -185, Y= 64, Z= -199 that had [] enchantment(s) | 
[2023-07-22 14:01:24] [world] The Player <Enderlava> has dropped 64 of POPPY at X= -190, Y= 64, Z= -198 that had [] enchantment(s) | 
[2023-07-22 14:01:24] [world] The Player <Enderlava> has dropped 2 of IRON INGOT at X= -190, Y= 64, Z= -198 that had [] enchantment(s) | 
[2023-07-22 14:01:24] [world] The Player <Enderlava> has dropped 64 of POPPY at X= -190, Y= 64, Z= -198 that had [] enchantment(s) | 
[2023-07-22 14:01:25] [world] The Player <Enderlava> has dropped 64 of POPPY at X= -190, Y= 64, Z= -198 that had [] enchantment(s) | 
[2023-07-22 14:01:25] [world] The Player <Enderlava> has dropped 3 of POPPY at X= -190, Y= 64, Z= -198 that had [] enchantment(s) | 
[2023-07-22 14:01:26] [world] The Player <Enderlava> has dropped 64 of POPPY at X= -190, Y= 64, Z= -198 that had [] enchantment(s) | 
[2023-07-22 14:01:29] [world] The Player <Enderlava> has dropped 10 of POPPY at X= -190, Y= 64, Z= -198 that had [] enchantment(s) | 
[2023-07-22 14:01:30] [world] The Player <Enderlava> has dropped 2 of POPPY at X= -190, Y= 64, Z= -198 that had [] enchantment(s) | 
[2023-07-22 14:01:31] [world] The Player <Enderlava> has dropped 2 of POPPY at X= -190, Y= 64, Z= -198 that had [] enchantment(s) | 
[2023-07-22 14:01:32] [world] The Player <Enderlava> has dropped 2 of POPPY at X= -190, Y= 64, Z= -198 that had [] enchantment(s) | 
[2023-07-22 14:01:32] [world] The Player <Enderlava> has dropped 1 of POPPY at X= -190, Y= 64, Z= -198 that had [] enchantment(s) | 
[2023-07-22 14:01:33] [world] The Player <Enderlava> has dropped 3 of POPPY at X= -190, Y= 64, Z= -198 that had [] enchantment(s) | 
[2023-07-22 14:01:34] [world] The Player <Enderlava> has dropped 1 of POPPY at X= -190, Y= 64, Z= -198 that had [] enchantment(s) | 
[2023-07-22 14:01:34] [world] The Player <Enderlava> has dropped 1 of POPPY at X= -190, Y= 64, Z= -198 that had [] enchantment(s) | 
[2023-07-22 14:01:34] [world] The Player <Enderlava> has dropped 1 of POPPY at X= -190, Y= 64, Z= -198 that had [] enchantment(s) | 
[2023-07-22 14:01:35] [world] The Player <Enderlava> has dropped 1 of POPPY at X= -190, Y= 64, Z= -198 that had [] enchantment(s) | 
[2023-07-22 14:01:35] [world] The Player <Enderlava> has dropped 1 of POPPY at X= -190, Y= 64, Z= -198 that had [] enchantment(s) | 
[2023-07-22 14:01:36] [world] The Player <Enderlava> has dropped 1 of POPPY at X= -190, Y= 64, Z= -198 that had [] enchantment(s) | 
[2023-07-22 14:01:36] [world] The Player <Enderlava> has dropped 1 of POPPY at X= -190, Y= 64, Z= -198 that had [] enchantment(s) | 
[2023-07-22 14:01:36] [world] The Player <Enderlava> has dropped 1 of POPPY at X= -190, Y= 64, Z= -198 that had [] enchantment(s) | 
[2023-07-22 14:01:37] [world] The Player <Enderlava> has dropped 1 of POPPY at X= -190, Y= 64, Z= -198 that had [] enchantment(s) | 
[2023-07-22 14:01:37] [world] The Player <Enderlava> has dropped 1 of POPPY at X= -190, Y= 64, Z= -198 that had [] enchantment(s) | 
[2023-07-22 14:01:38] [world] The Player <Enderlava> has dropped 1 of POPPY at X= -190, Y= 64, Z= -198 that had [] enchantment(s) | 
[2023-07-22 14:01:38] [world] The Player <Enderlava> has dropped 1 of POPPY at X= -190, Y= 64, Z= -198 that had [] enchantment(s) | 
[2023-07-22 14:01:38] [world] The Player <Enderlava> has dropped 1 of POPPY at X= -190, Y= 64, Z= -198 that had [] enchantment(s) | 
[2023-07-22 14:03:13] [world] The Player <Enderlava> has dropped 16 of ENDER PEARL at X= -225, Y= 65, Z= -176 that had [] enchantment(s) | 
[2023-07-22 14:03:14] [world] The Player <Enderlava> has dropped 2 of BONE at X= -225, Y= 65, Z= -176 that had [] enchantment(s) | 
[2023-07-22 14:03:16] [world] The Player <Enderlava> has dropped 1 of BOW at X= -225, Y= 65, Z= -176 that had [Power] enchantment(s) | 
[2023-07-22 14:04:08] [world] The Player <Enderlava> has dropped 3 of LEATHER at X= -41, Y= 72, Z= -280 that had [] enchantment(s) | 
[2023-07-22 14:06:22] [world] The Player <Enderlava> has dropped 5 of LEATHER at X= -41, Y= 72, Z= -278 that had [] enchantment(s) | 
[2023-07-22 14:07:50] [world] The Player <Enderlava> has dropped 64 of WHITE CARPET at X= 2, Y= 70, Z= -238 that had [] enchantment(s) | 
[2023-07-22 14:07:51] [world] The Player <Enderlava> has dropped 64 of WHITE CARPET at X= 2, Y= 70, Z= -238 that had [] enchantment(s) | 
[2023-07-22 14:07:51] [world] The Player <Enderlava> has dropped 64 of WHITE CARPET at X= 2, Y= 70, Z= -238 that had [] enchantment(s) | 
[2023-07-22 14:07:51] [world] The Player <Enderlava> has dropped 64 of WHITE CARPET at X= 2, Y= 70, Z= -238 that had [] enchantment(s) | 
[2023-07-22 14:07:54] [world] The Player <Enderlava> has dropped 64 of WHITE CARPET at X= 4, Y= 71, Z= -238 that had [] enchantment(s) | 
[2023-07-22 14:08:01] [world] The Player <Enderlava> has dropped 64 of WHITE CARPET at X= 2, Y= 71, Z= -237 that had [] enchantment(s) | 
[2023-07-22 14:08:02] [world] The Player <Enderlava> has dropped 64 of WHITE CARPET at X= 3, Y= 71, Z= -237 that had [] enchantment(s) | 
[2023-07-22 14:08:26] [world] The Player <Enderlava> has dropped 64 of WHITE CARPET at X= 4, Y= 71, Z= -238 that had [] enchantment(s) | 
[2023-07-22 14:08:27] [world] The Player <Enderlava> has dropped 64 of WHITE CARPET at X= 4, Y= 71, Z= -238 that had [] enchantment(s) | 
[2023-07-22 14:56:05] [world_nether] The Player <wqe123420> has dropped 4 of GOLD NUGGET at X= 260, Y= 19, Z= -243 that had [] enchantment(s) | 
[2023-07-22 14:56:07] [world_nether] The Player <wqe123420> has dropped 26 of NETHERRACK at X= 260, Y= 19, Z= -243 that had [] enchantment(s) | 
[2023-07-22 15:05:18] [world] The Player <wqe123420> has dropped 16 of COBBLESTONE at X= -72, Y= 56, Z= -226 that had [] enchantment(s) | 
[2023-07-22 18:24:27] [world] The Player <Enderlava> has dropped 64 of ROTTEN FLESH at X= -12, Y= 69, Z= -266 that had [] enchantment(s) | 
[2023-07-22 18:24:28] [world] The Player <Enderlava> has dropped 43 of ROTTEN FLESH at X= -12, Y= 69, Z= -266 that had [] enchantment(s) | 
[2023-07-22 18:24:29] [world] The Player <Enderlava> has dropped 1 of CRIMSON ROOTS at X= -12, Y= 69, Z= -266 that had [] enchantment(s) | 
[2023-07-22 18:24:30] [world] The Player <Enderlava> has dropped 1 of PHANTOM MEMBRANE at X= -12, Y= 69, Z= -266 that had [] enchantment(s) | 
[2023-07-22 18:33:00] [world_the_end] The Player <Enderlava> has dropped 1 of SAND at X= -4, Y= 58, Z= -4 that had [] enchantment(s) | 
[2023-07-22 18:34:35] [world_the_end] The Player <Enderlava> has dropped 1 of SAND at X= 2, Y= 63, Z= -2 that had [] enchantment(s) | 
[2023-07-22 19:29:48] [world] The Player <Enderlava> has dropped 1 of OAK TRAPDOOR at X= -126, Y= 66, Z= -111 that had [] enchantment(s) | 
[2023-07-22 19:30:52] [world] The Player <Enderlava> has dropped 9 of BLACKSTONE at X= -127, Y= 65, Z= -112 that had [] enchantment(s) | 
[2023-07-22 19:32:34] [world] The Player <Enderlava> has dropped 64 of SAND at X= -123, Y= 65, Z= -111 that had [] enchantment(s) | 
[2023-07-22 19:35:34] [world] The Player <Enderlava> has dropped 64 of SAND at X= -129, Y= 69, Z= -106 that had [] enchantment(s) | 
[2023-07-22 19:35:35] [world] The Player <Enderlava> has dropped 64 of SAND at X= -129, Y= 69, Z= -106 that had [] enchantment(s) | 
[2023-07-22 19:35:35] [world] The Player <Enderlava> has dropped 64 of SAND at X= -129, Y= 69, Z= -106 that had [] enchantment(s) | 
[2023-07-22 19:35:36] [world] The Player <Enderlava> has dropped 64 of SAND at X= -129, Y= 69, Z= -106 that had [] enchantment(s) | 
[2023-07-22 19:35:36] [world] The Player <Enderlava> has dropped 64 of SAND at X= -129, Y= 69, Z= -106 that had [] enchantment(s) | 
[2023-07-22 19:35:44] [world] The Player <Enderlava> has dropped 9 of SAND at X= -128, Y= 69, Z= -108 that had [] enchantment(s) | 
[2023-07-22 19:35:44] [world] The Player <Enderlava> has dropped 64 of SAND at X= -128, Y= 69, Z= -108 that had [] enchantment(s) | 
[2023-07-22 19:35:45] [world] The Player <Enderlava> has dropped 64 of SAND at X= -128, Y= 69, Z= -108 that had [] enchantment(s) | 
[2023-07-22 19:35:46] [world] The Player <Enderlava> has dropped 64 of SAND at X= -128, Y= 69, Z= -108 that had [] enchantment(s) | 
[2023-07-22 19:37:07] [world] The Player <Funget114514> has dropped 1 of ROTTEN FLESH at X= -499, Y= 64, Z= -474 that had [] enchantment(s) | 
[2023-07-22 19:37:08] [world] The Player <Funget114514> has dropped 1 of ROTTEN FLESH at X= -499, Y= 64, Z= -474 that had [] enchantment(s) | 
[2023-07-22 19:37:08] [world] The Player <Funget114514> has dropped 1 of ROTTEN FLESH at X= -499, Y= 64, Z= -474 that had [] enchantment(s) | 
[2023-07-22 19:37:08] [world] The Player <Funget114514> has dropped 1 of ROTTEN FLESH at X= -499, Y= 64, Z= -474 that had [] enchantment(s) | 
[2023-07-22 19:37:08] [world] The Player <Funget114514> has dropped 1 of ROTTEN FLESH at X= -499, Y= 64, Z= -474 that had [] enchantment(s) | 
[2023-07-22 19:37:09] [world] The Player <Funget114514> has dropped 1 of WRITTEN BOOK at X= -499, Y= 64, Z= -474 that had [Unbreaking] enchantment(s) | 
[2023-07-22 19:37:10] [world] The Player <Funget114514> has dropped 1 of WRITTEN BOOK at X= -499, Y= 64, Z= -474 that had [Unbreaking] enchantment(s) | 
[2023-07-22 19:37:10] [world] The Player <Funget114514> has dropped 1 of PHANTOM MEMBRANE at X= -499, Y= 64, Z= -474 that had [] enchantment(s) | 
[2023-07-22 19:37:11] [world] The Player <Funget114514> has dropped 1 of PHANTOM MEMBRANE at X= -499, Y= 64, Z= -474 that had [] enchantment(s) | 
[2023-07-22 19:37:11] [world] The Player <Funget114514> has dropped 1 of PHANTOM MEMBRANE at X= -499, Y= 64, Z= -474 that had [] enchantment(s) | 
[2023-07-22 19:37:11] [world] The Player <Funget114514> has dropped 1 of PHANTOM MEMBRANE at X= -499, Y= 64, Z= -474 that had [] enchantment(s) | 
[2023-07-22 19:37:11] [world] The Player <Funget114514> has dropped 1 of PHANTOM MEMBRANE at X= -499, Y= 64, Z= -474 that had [] enchantment(s) | 
[2023-07-22 19:37:11] [world] The Player <Funget114514> has dropped 1 of PHANTOM MEMBRANE at X= -499, Y= 64, Z= -474 that had [] enchantment(s) | 
[2023-07-22 19:37:12] [world] The Player <Funget114514> has dropped 1 of WRITTEN BOOK at X= -499, Y= 64, Z= -474 that had [Unbreaking] enchantment(s) | 
[2023-07-22 19:37:17] [world] The Player <Funget114514> has dropped 1 of PLAYER HEAD at X= -503, Y= 64, Z= -467 that had [] enchantment(s) | 
[2023-07-22 19:38:33] [world] The Player <Enderlava> has dropped 64 of SMOOTH STONE at X= -9, Y= 70, Z= -260 that had [] enchantment(s) | 
[2023-07-22 19:38:33] [world] The Player <Enderlava> has dropped 30 of SMOOTH STONE at X= -9, Y= 70, Z= -260 that had [] enchantment(s) | 
[2023-07-22 19:43:57] [world] The Player <Enderlava> has dropped 1 of SAND at X= -125, Y= 65, Z= -107 that had [] enchantment(s) | 
[2023-07-22 19:43:57] [world] The Player <Enderlava> has dropped 1 of SMOOTH STONE at X= -125, Y= 65, Z= -107 that had [] enchantment(s) | 
[2023-07-22 19:43:59] [world] The Player <Enderlava> has dropped 1 of SMOOTH STONE at X= -124, Y= 65, Z= -108 that had [] enchantment(s) | 
[2023-07-22 19:44:10] [world] The Player <Enderlava> has dropped 7 of OAK PLANKS at X= -127, Y= 65, Z= -107 that had [] enchantment(s) | 
[2023-07-22 19:45:14] [world] The Player <Enderlava> has dropped 1 of SAND at X= -124, Y= 65, Z= -111 that had [] enchantment(s) | 
[2023-07-22 19:45:16] [world] The Player <Enderlava> has dropped 64 of SAND at X= -124, Y= 65, Z= -111 that had [] enchantment(s) | 
[2023-07-22 19:45:16] [world] The Player <Enderlava> has dropped 64 of SAND at X= -124, Y= 65, Z= -111 that had [] enchantment(s) | 
[2023-07-22 19:45:32] [world] The Player <Enderlava> has dropped 64 of SAND at X= -129, Y= 65, Z= -104 that had [] enchantment(s) | 
[2023-07-22 19:45:32] [world] The Player <Enderlava> has dropped 64 of SAND at X= -129, Y= 65, Z= -104 that had [] enchantment(s) | 
[2023-07-22 19:45:33] [world] The Player <Enderlava> has dropped 64 of SAND at X= -129, Y= 65, Z= -104 that had [] enchantment(s) | 
[2023-07-22 19:45:33] [world] The Player <Enderlava> has dropped 64 of SAND at X= -129, Y= 65, Z= -104 that had [] enchantment(s) | 
[2023-07-22 19:45:33] [world] The Player <Enderlava> has dropped 64 of SAND at X= -129, Y= 65, Z= -104 that had [] enchantment(s) | 
[2023-07-22 19:45:33] [world] The Player <Enderlava> has dropped 64 of SAND at X= -129, Y= 65, Z= -104 that had [] enchantment(s) | 
[2023-07-22 19:45:34] [world] The Player <Enderlava> has dropped 64 of SAND at X= -129, Y= 65, Z= -104 that had [] enchantment(s) | 
[2023-07-22 19:45:34] [world] The Player <Enderlava> has dropped 64 of SAND at X= -129, Y= 65, Z= -104 that had [] enchantment(s) | 
[2023-07-22 19:45:34] [world] The Player <Enderlava> has dropped 64 of SAND at X= -129, Y= 65, Z= -104 that had [] enchantment(s) | 
[2023-07-22 19:45:34] [world] The Player <Enderlava> has dropped 64 of SAND at X= -129, Y= 65, Z= -104 that had [] enchantment(s) | 
[2023-07-22 19:45:34] [world] The Player <Enderlava> has dropped 64 of SAND at X= -129, Y= 65, Z= -104 that had [] enchantment(s) | 
[2023-07-22 19:45:34] [world] The Player <Enderlava> has dropped 64 of SAND at X= -129, Y= 65, Z= -104 that had [] enchantment(s) | 
[2023-07-22 19:45:35] [world] The Player <Enderlava> has dropped 64 of SAND at X= -129, Y= 65, Z= -104 that had [] enchantment(s) | 
[2023-07-22 19:45:35] [world] The Player <Enderlava> has dropped 64 of SAND at X= -129, Y= 65, Z= -104 that had [] enchantment(s) | 
[2023-07-22 19:45:35] [world] The Player <Enderlava> has dropped 64 of SAND at X= -129, Y= 65, Z= -104 that had [] enchantment(s) | 
[2023-07-22 19:45:35] [world] The Player <Enderlava> has dropped 64 of SAND at X= -129, Y= 65, Z= -104 that had [] enchantment(s) | 
[2023-07-22 19:45:35] [world] The Player <Enderlava> has dropped 64 of SAND at X= -129, Y= 65, Z= -104 that had [] enchantment(s) | 
[2023-07-22 19:45:35] [world] The Player <Enderlava> has dropped 64 of SAND at X= -129, Y= 65, Z= -104 that had [] enchantment(s) | 
[2023-07-22 19:45:35] [world] The Player <Enderlava> has dropped 47 of SAND at X= -129, Y= 65, Z= -104 that had [] enchantment(s) | 
[2023-07-22 19:45:35] [world] The Player <Enderlava> has dropped 64 of SAND at X= -129, Y= 65, Z= -104 that had [] enchantment(s) | 
[2023-07-22 19:45:35] [world] The Player <Enderlava> has dropped 64 of SAND at X= -129, Y= 65, Z= -104 that had [] enchantment(s) | 
[2023-07-22 19:45:35] [world] The Player <Enderlava> has dropped 64 of SAND at X= -129, Y= 65, Z= -104 that had [] enchantment(s) | 
[2023-07-22 19:45:36] [world] The Player <Enderlava> has dropped 64 of SAND at X= -129, Y= 65, Z= -104 that had [] enchantment(s) | 
[2023-07-22 19:45:36] [world] The Player <Enderlava> has dropped 64 of SAND at X= -129, Y= 65, Z= -104 that had [] enchantment(s) | 
[2023-07-22 19:45:36] [world] The Player <Enderlava> has dropped 64 of SAND at X= -129, Y= 65, Z= -104 that had [] enchantment(s) | 
[2023-07-22 19:45:36] [world] The Player <Enderlava> has dropped 64 of SAND at X= -129, Y= 65, Z= -104 that had [] enchantment(s) | 
[2023-07-22 19:45:36] [world] The Player <Enderlava> has dropped 64 of SAND at X= -129, Y= 65, Z= -104 that had [] enchantment(s) | 
[2023-07-22 19:45:36] [world] The Player <Enderlava> has dropped 64 of SAND at X= -129, Y= 65, Z= -104 that had [] enchantment(s) | 
[2023-07-22 19:45:38] [world] The Player <Enderlava> has dropped 64 of SAND at X= -130, Y= 65, Z= -103 that had [] enchantment(s) | 
[2023-07-22 19:45:40] [world] The Player <Enderlava> has dropped 64 of SAND at X= -131, Y= 65, Z= -102 that had [] enchantment(s) | 
[2023-07-22 19:45:41] [world] The Player <Enderlava> has dropped 64 of SAND at X= -131, Y= 65, Z= -102 that had [] enchantment(s) | 
[2023-07-22 19:46:01] [world] The Player <Funget114514> has dropped 1 of STRING at X= -465, Y= 61, Z= -466 that had [] enchantment(s) | 
[2023-07-22 19:46:13] [world] The Player <Enderlava> has dropped 63 of SAND at X= -128, Y= 69, Z= -106 that had [] enchantment(s) | 
[2023-07-22 19:47:10] [world] The Player <Funget114514> has dropped 1 of COOKED BEEF at X= -501, Y= 63, Z= -473 that had [] enchantment(s) | 
[2023-07-22 19:48:33] [world] The Player <Enderlava> has dropped 23 of GLASS at X= -64, Y= 110, Z= -154 that had [] enchantment(s) | 
[2023-07-22 20:06:21] [world] The Player <wqe123420> has dropped 58 of BLACKSTONE at X= -76, Y= -56, Z= -251 that had [] enchantment(s) | 
[2023-07-22 20:06:22] [world] The Player <wqe123420> has dropped 2 of COBBLED DEEPSLATE at X= -76, Y= -56, Z= -251 that had [] enchantment(s) | 
[2023-07-22 20:06:25] [world] The Player <wqe123420> has dropped 58 of BLACKSTONE at X= -76, Y= -57, Z= -251 that had [] enchantment(s) | 
[2023-07-22 20:06:26] [world] The Player <wqe123420> has dropped 2 of COBBLED DEEPSLATE at X= -76, Y= -57, Z= -251 that had [] enchantment(s) | 
[2023-07-22 20:06:30] [world] The Player <wqe123420> has dropped 4 of COBBLED DEEPSLATE at X= -76, Y= -58, Z= -252 that had [] enchantment(s) | 
[2023-07-22 20:06:31] [world] The Player <wqe123420> has dropped 58 of BLACKSTONE at X= -76, Y= -58, Z= -252 that had [] enchantment(s) | 
[2023-07-22 20:08:32] [world] The Player <wqe123420> has dropped 16 of ENDER PEARL at X= -21, Y= 64, Z= -286 that had [] enchantment(s) | 
[2023-07-22 20:09:30] [world] The Player <wqe123420> has dropped 1 of STICK at X= -138, Y= 70, Z= -89 that had [] enchantment(s) | Broomstick Handle
[2023-07-22 20:12:38] [world_nether] The Player <wqe123420> has dropped 64 of NETHERRACK at X= 128, Y= 69, Z= 222 that had [] enchantment(s) | 
[2023-07-22 20:34:41] [world] The Player <wqe123420> has dropped 1 of WOODEN SWORD at X= -190, Y= 60, Z= -282 that had [] enchantment(s) | §7激烈的勇敢的职业摔跤手
[2023-07-22 20:34:47] [world] The Player <Enderlava> has dropped 27 of SMOOTH STONE at X= -197, Y= 56, Z= -291 that had [] enchantment(s) | 
[2023-07-22 20:35:46] [world] The Player <wqe123420> has dropped 1 of ROTTEN FLESH at X= -190, Y= 60, Z= -282 that had [] enchantment(s) | 
[2023-07-22 20:35:46] [world] The Player <wqe123420> has dropped 1 of ROTTEN FLESH at X= -190, Y= 59, Z= -282 that had [] enchantment(s) | 
[2023-07-22 20:35:46] [world] The Player <wqe123420> has dropped 1 of ROTTEN FLESH at X= -190, Y= 59, Z= -282 that had [] enchantment(s) | 
[2023-07-22 20:35:46] [world] The Player <wqe123420> has dropped 1 of ROTTEN FLESH at X= -190, Y= 59, Z= -282 that had [] enchantment(s) | 
[2023-07-22 20:35:58] [world] The Player <wqe123420> has dropped 1 of WOODEN AXE at X= -195, Y= 59, Z= -262 that had [Efficiency, Unbreaking, Curse of Vanishing] enchantment(s) | §7食者斧
[2023-07-22 20:38:55] [world] The Player <wqe123420> has dropped 1 of COPPER INGOT at X= -187, Y= 45, Z= -273 that had [] enchantment(s) | 
[2023-07-22 20:40:42] [world] The Player <Enderlava> has dropped 18 of GOLD NUGGET at X= -180, Y= 63, Z= -262 that had [] enchantment(s) | 
[2023-07-22 20:41:00] [world] The Player <wqe123420> has dropped 1 of ROTTEN FLESH at X= -178, Y= 59, Z= -243 that had [] enchantment(s) | 
[2023-07-22 20:41:01] [world] The Player <wqe123420> has dropped 1 of ROTTEN FLESH at X= -178, Y= 58, Z= -242 that had [] enchantment(s) | 
[2023-07-22 20:41:01] [world] The Player <wqe123420> has dropped 1 of ROTTEN FLESH at X= -178, Y= 58, Z= -241 that had [] enchantment(s) | 
[2023-07-22 20:41:01] [world] The Player <wqe123420> has dropped 1 of ROTTEN FLESH at X= -178, Y= 58, Z= -241 that had [] enchantment(s) | 
[2023-07-22 20:41:01] [world] The Player <wqe123420> has dropped 1 of COOKED COD at X= -178, Y= 58, Z= -240 that had [] enchantment(s) | 
[2023-07-22 20:41:01] [world] The Player <wqe123420> has dropped 1 of COOKED COD at X= -178, Y= 58, Z= -240 that had [] enchantment(s) | 
[2023-07-22 20:41:42] [world] The Player <wqe123420> has dropped 1 of WOODEN AXE at X= -139, Y= 77, Z= -206 that had [Efficiency, Unbreaking, Curse of Vanishing] enchantment(s) | §7食者斧
[2023-07-22 20:42:05] [world] The Player <Enderlava> has dropped 16 of LEATHER at X= -42, Y= 72, Z= -278 that had [] enchantment(s) | 
[2023-07-22 20:44:23] [world] The Player <wqe123420> has dropped 1 of COPPER INGOT at X= -40, Y= 72, Z= -270 that had [] enchantment(s) | 
[2023-07-22 20:44:35] [world] The Player <wqe123420> has dropped 1 of DIAMOND at X= -41, Y= 72, Z= -273 that had [] enchantment(s) | 
[2023-07-22 20:44:35] [world] The Player <wqe123420> has dropped 1 of DIAMOND at X= -41, Y= 72, Z= -273 that had [] enchantment(s) | 
[2023-07-22 20:44:35] [world] The Player <wqe123420> has dropped 1 of DIAMOND at X= -41, Y= 72, Z= -273 that had [] enchantment(s) | 
[2023-07-22 20:44:36] [world] The Player <wqe123420> has dropped 1 of DIAMOND at X= -41, Y= 72, Z= -273 that had [] enchantment(s) | 
[2023-07-22 20:44:36] [world] The Player <wqe123420> has dropped 1 of DIAMOND at X= -41, Y= 72, Z= -273 that had [] enchantment(s) | 
[2023-07-22 20:44:36] [world] The Player <wqe123420> has dropped 1 of DIAMOND at X= -41, Y= 72, Z= -273 that had [] enchantment(s) | 
[2023-07-22 20:44:36] [world] The Player <wqe123420> has dropped 1 of DIAMOND at X= -41, Y= 72, Z= -273 that had [] enchantment(s) | 
[2023-07-22 20:44:36] [world] The Player <wqe123420> has dropped 1 of DIAMOND at X= -41, Y= 72, Z= -273 that had [] enchantment(s) | 
[2023-07-22 20:44:36] [world] The Player <wqe123420> has dropped 1 of DIAMOND at X= -41, Y= 72, Z= -273 that had [] enchantment(s) | 
[2023-07-22 20:44:36] [world] The Player <wqe123420> has dropped 1 of DIAMOND at X= -41, Y= 72, Z= -273 that had [] enchantment(s) | 
[2023-07-22 20:44:36] [world] The Player <wqe123420> has dropped 1 of DIAMOND at X= -41, Y= 72, Z= -273 that had [] enchantment(s) | 
[2023-07-22 20:44:36] [world] The Player <wqe123420> has dropped 1 of DIAMOND at X= -41, Y= 72, Z= -273 that had [] enchantment(s) | 
[2023-07-22 20:44:36] [world] The Player <wqe123420> has dropped 1 of DIAMOND at X= -41, Y= 72, Z= -273 that had [] enchantment(s) | 
[2023-07-22 20:44:36] [world] The Player <wqe123420> has dropped 1 of DIAMOND at X= -41, Y= 72, Z= -273 that had [] enchantment(s) | 
[2023-07-22 20:44:36] [world] The Player <wqe123420> has dropped 1 of NETHERITE SCRAP at X= -41, Y= 72, Z= -273 that had [] enchantment(s) | 
[2023-07-22 20:44:36] [world] The Player <wqe123420> has dropped 1 of NETHERITE SCRAP at X= -41, Y= 72, Z= -273 that had [] enchantment(s) | 
[2023-07-22 20:44:36] [world] The Player <wqe123420> has dropped 1 of NETHERITE SCRAP at X= -41, Y= 72, Z= -273 that had [] enchantment(s) | 
[2023-07-22 20:44:36] [world] The Player <wqe123420> has dropped 1 of NETHERITE SCRAP at X= -41, Y= 72, Z= -273 that had [] enchantment(s) | 
[2023-07-22 20:44:36] [world] The Player <wqe123420> has dropped 1 of NETHERITE SCRAP at X= -41, Y= 72, Z= -273 that had [] enchantment(s) | 
[2023-07-22 20:44:36] [world] The Player <wqe123420> has dropped 1 of NETHERITE SCRAP at X= -41, Y= 72, Z= -273 that had [] enchantment(s) | 
[2023-07-22 20:44:36] [world] The Player <wqe123420> has dropped 1 of NETHERITE SCRAP at X= -41, Y= 72, Z= -273 that had [] enchantment(s) | 
[2023-07-22 20:44:36] [world] The Player <wqe123420> has dropped 1 of NETHERITE SCRAP at X= -41, Y= 72, Z= -273 that had [] enchantment(s) | 
[2023-07-22 20:44:37] [world] The Player <wqe123420> has dropped 1 of NETHERITE SCRAP at X= -41, Y= 72, Z= -273 that had [] enchantment(s) | 
[2023-07-22 20:44:37] [world] The Player <wqe123420> has dropped 1 of NETHERITE SCRAP at X= -41, Y= 72, Z= -273 that had [] enchantment(s) | 
[2023-07-22 20:44:37] [world] The Player <wqe123420> has dropped 1 of NETHERITE SCRAP at X= -41, Y= 72, Z= -273 that had [] enchantment(s) | 
[2023-07-22 20:44:37] [world] The Player <wqe123420> has dropped 1 of NETHERITE SCRAP at X= -41, Y= 72, Z= -273 that had [] enchantment(s) | 
[2023-07-22 20:44:37] [world] The Player <wqe123420> has dropped 1 of NETHERITE SCRAP at X= -41, Y= 72, Z= -273 that had [] enchantment(s) | 
[2023-07-22 20:44:37] [world] The Player <wqe123420> has dropped 1 of NETHERITE SCRAP at X= -41, Y= 72, Z= -273 that had [] enchantment(s) | 
[2023-07-22 20:44:37] [world] The Player <Enderlava> has dropped 64 of WHITE CARPET at X= -43, Y= 72, Z= -272 that had [] enchantment(s) | 
[2023-07-22 20:44:40] [world] The Player <Enderlava> has dropped 64 of WHITE CARPET at X= -43, Y= 72, Z= -273 that had [] enchantment(s) | 
[2023-07-22 20:45:40] [world] The Player <wqe123420> has dropped 6 of GOLD NUGGET at X= -27, Y= 64, Z= -287 that had [] enchantment(s) | 
[2023-07-22 20:45:50] [world] The Player <Enderlava> has dropped 7 of NETHERRACK at X= -44, Y= 72, Z= -288 that had [] enchantment(s) | 
[2023-07-22 20:49:07] [world] The Player <wqe123420> has dropped 1 of COAL at X= -17, Y= 64, Z= -303 that had [] enchantment(s) | 
[2023-07-22 21:21:05] [world] The Player <wqe123420> has dropped 18 of GRASS BLOCK at X= -16, Y= 65, Z= -306 that had [] enchantment(s) | 
[2023-07-22 21:21:06] [world] The Player <wqe123420> has dropped 1 of SADDLE at X= -16, Y= 65, Z= -306 that had [] enchantment(s) | 
[2023-07-22 21:21:06] [world] The Player <wqe123420> has dropped 1 of SADDLE at X= -16, Y= 65, Z= -306 that had [] enchantment(s) | 
[2023-07-22 21:25:46] [world] The Player <wqe123420> has dropped 1 of ARROW at X= -14, Y= 59, Z= -305 that had [] enchantment(s) | 
[2023-07-22 21:25:56] [world] The Player <wqe123420> has dropped 1 of ARROW at X= -15, Y= 60, Z= -300 that had [] enchantment(s) | 
[2023-07-22 21:26:06] [world] The Player <wqe123420> has dropped 1 of WET SPONGE at X= -16, Y= 60, Z= -299 that had [] enchantment(s) | 
[2023-07-22 21:29:22] [world] The Player <wqe123420> has dropped 1 of FISHING ROD at X= -15, Y= 65, Z= -306 that had [Mending] enchantment(s) | 
[2023-07-22 21:29:30] [world] The Player <wqe123420> has dropped 17 of LEATHER at X= -15, Y= 65, Z= -306 that had [] enchantment(s) | 
[2023-07-22 21:29:31] [world] The Player <wqe123420> has dropped 1 of FISHING ROD at X= -15, Y= 65, Z= -306 that had [Unbreaking] enchantment(s) | 
[2023-07-22 21:29:32] [world] The Player <wqe123420> has dropped 1 of IRON INGOT at X= -15, Y= 65, Z= -306 that had [] enchantment(s) | 
[2023-07-22 21:29:33] [world] The Player <wqe123420> has dropped 1 of SADDLE at X= -15, Y= 65, Z= -306 that had [] enchantment(s) | 
[2023-07-22 21:29:34] [world] The Player <wqe123420> has dropped 1 of IRON INGOT at X= -15, Y= 65, Z= -306 that had [] enchantment(s) | 
[2023-07-22 21:29:35] [world] The Player <wqe123420> has dropped 1 of SADDLE at X= -15, Y= 65, Z= -306 that had [] enchantment(s) | 
[2023-07-22 21:29:36] [world] The Player <wqe123420> has dropped 1 of SADDLE at X= -15, Y= 65, Z= -306 that had [] enchantment(s) | 
[2023-07-22 21:56:04] [em_adventurers_guild] The Player <wqe123420> has dropped 1 of LEATHER CHESTPLATE at X= 219, Y= 82, Z= 287 that had [Protection, Unbreaking] enchantment(s) | §8菜鸟胸甲
[2023-07-22 21:57:03] [em_adventurers_guild] The Player <wqe123420> has dropped 1 of LEATHER CHESTPLATE at X= 288, Y= 93, Z= 287 that had [Protection, Unbreaking] enchantment(s) | §8菜鸟胸甲
[2023-07-22 21:57:05] [em_adventurers_guild] The Player <wqe123420> has dropped 1 of STONE SWORD at X= 288, Y= 93, Z= 287 that had [Sharpness, Sweeping Edge, Unbreaking] enchantment(s) | §8菜鸟之剑
[2023-07-22 22:07:10] [world] The Player <wqe123420> has dropped 1 of TOTEM OF UNDYING at X= -20, Y= 61, Z= -303 that had [] enchantment(s) | 
[2023-07-22 22:16:46] [em_adventurers_guild] The Player <Enderlava> has dropped 1 of BONE at X= 214, Y= 72, Z= 306 that had [] enchantment(s) | 
[2023-07-22 22:16:47] [em_adventurers_guild] The Player <Enderlava> has dropped 9 of STRING at X= 214, Y= 72, Z= 306 that had [] enchantment(s) | 
[2023-07-22 22:18:00] [em_adventurers_guild] The Player <wqe123420> has dropped 1 of NETHERITE SWORD at X= 224, Y= 72, Z= 316 that had [Fire Aspect, Knockback, Looting, Mending, Sharpness, Sweeping Edge, Unbreaking] enchantment(s) | 
[2023-07-22 22:19:41] [em_adventurers_guild] The Player <Enderlava> has dropped 7 of BASALT at X= 218, Y= 72, Z= 305 that had [] enchantment(s) | 
