[2023-07-23 14:48:34] [world_the_end] The Player <Enderlava> has dropped 16 of ENDER PEARL at X= 329, Y= 2, Z= 7 that had [] enchantment(s) | 
[2023-07-23 14:48:48] [world_the_end] The Player <Enderlava> has dropped 16 of ENDER PEARL at X= 329, Y= 2, Z= 7 that had [] enchantment(s) | 
[2023-07-23 14:48:51] [world_the_end] The Player <Enderlava> has dropped 16 of ENDER PEARL at X= 329, Y= 2, Z= 7 that had [] enchantment(s) | 
[2023-07-23 14:52:12] [world_the_end] The Player <Enderlava> has dropped 7 of BASALT at X= 3, Y= 64, Z= -8 that had [] enchantment(s) | 
[2023-07-23 14:57:18] [world_the_end] The Player <Enderlava> has dropped 24 of END STONE at X= 0, Y= 56, Z= 1 that had [] enchantment(s) | 
[2023-07-23 14:57:52] [world_the_end] The Player <Enderlava> has dropped 25 of END STONE at X= -3, Y= 56, Z= 0 that had [] enchantment(s) | 
[2023-07-23 14:58:48] [world_the_end] The Player <Enderlava> has dropped 64 of END STONE at X= 2, Y= 60, Z= 5 that had [] enchantment(s) | 
[2023-07-23 15:17:55] [world] The Player <Enderlava> has dropped 15 of COAL at X= -3236, Y= 111, Z= 4518 that had [] enchantment(s) | 
[2023-07-23 15:17:56] [world] The Player <Enderlava> has dropped 1 of WITHER SKELETON SKULL at X= -3236, Y= 111, Z= 4518 that had [] enchantment(s) | 
[2023-07-23 15:18:25] [world] The Player <Enderlava> has dropped 64 of COAL at X= -3235, Y= 107, Z= 4521 that had [] enchantment(s) | 
[2023-07-23 15:18:25] [world] The Player <Enderlava> has dropped 64 of COAL at X= -3235, Y= 107, Z= 4521 that had [] enchantment(s) | 
[2023-07-23 15:18:28] [world] The Player <Enderlava> has dropped 64 of COAL at X= -3235, Y= 107, Z= 4521 that had [] enchantment(s) | 
[2023-07-23 15:18:28] [world] The Player <Enderlava> has dropped 64 of COAL at X= -3235, Y= 107, Z= 4521 that had [] enchantment(s) | 
[2023-07-23 15:18:28] [world] The Player <Enderlava> has dropped 64 of COAL at X= -3235, Y= 107, Z= 4521 that had [] enchantment(s) | 
[2023-07-23 15:18:29] [world] The Player <Enderlava> has dropped 64 of COAL at X= -3235, Y= 107, Z= 4521 that had [] enchantment(s) | 
[2023-07-23 15:18:29] [world] The Player <Enderlava> has dropped 64 of COAL at X= -3235, Y= 107, Z= 4521 that had [] enchantment(s) | 
[2023-07-23 15:18:30] [world] The Player <Enderlava> has dropped 64 of COAL at X= -3235, Y= 107, Z= 4521 that had [] enchantment(s) | 
[2023-07-23 15:18:31] [world] The Player <Enderlava> has dropped 64 of COAL at X= -3235, Y= 107, Z= 4521 that had [] enchantment(s) | 
[2023-07-23 15:18:31] [world] The Player <Enderlava> has dropped 64 of COAL at X= -3235, Y= 107, Z= 4521 that had [] enchantment(s) | 
[2023-07-23 15:18:31] [world] The Player <Enderlava> has dropped 64 of BONE at X= -3235, Y= 107, Z= 4521 that had [] enchantment(s) | 
[2023-07-23 15:18:32] [world] The Player <Enderlava> has dropped 64 of COAL at X= -3235, Y= 107, Z= 4521 that had [] enchantment(s) | 
[2023-07-23 15:18:33] [world] The Player <Enderlava> has dropped 64 of COAL at X= -3235, Y= 107, Z= 4521 that had [] enchantment(s) | 
[2023-07-23 15:18:33] [world] The Player <Enderlava> has dropped 2 of WITHER SKELETON SKULL at X= -3235, Y= 107, Z= 4521 that had [] enchantment(s) | 
[2023-07-23 15:18:34] [world] The Player <Enderlava> has dropped 1 of STONE SWORD at X= -3235, Y= 107, Z= 4521 that had [] enchantment(s) | 
[2023-07-23 15:18:34] [world] The Player <Enderlava> has dropped 1 of STONE SWORD at X= -3235, Y= 107, Z= 4521 that had [] enchantment(s) | 
[2023-07-23 15:18:39] [world] The Player <Enderlava> has dropped 64 of COAL at X= -3234, Y= 107, Z= 4520 that had [] enchantment(s) | 
[2023-07-23 15:18:39] [world] The Player <Enderlava> has dropped 1 of BONE at X= -3234, Y= 107, Z= 4520 that had [] enchantment(s) | 
[2023-07-23 15:18:40] [world] The Player <Enderlava> has dropped 64 of COAL at X= -3234, Y= 107, Z= 4520 that had [] enchantment(s) | 
[2023-07-23 15:18:41] [world] The Player <Enderlava> has dropped 64 of COAL at X= -3234, Y= 107, Z= 4520 that had [] enchantment(s) | 
[2023-07-23 15:18:41] [world] The Player <Enderlava> has dropped 64 of COAL at X= -3234, Y= 107, Z= 4520 that had [] enchantment(s) | 
[2023-07-23 15:18:42] [world] The Player <Enderlava> has dropped 64 of COAL at X= -3234, Y= 107, Z= 4520 that had [] enchantment(s) | 
[2023-07-23 15:18:42] [world] The Player <Enderlava> has dropped 1 of STONE SWORD at X= -3234, Y= 107, Z= 4520 that had [] enchantment(s) | 
[2023-07-23 15:18:42] [world] The Player <Enderlava> has dropped 1 of STONE SWORD at X= -3234, Y= 107, Z= 4520 that had [] enchantment(s) | 
[2023-07-23 15:18:43] [world] The Player <Enderlava> has dropped 64 of COAL at X= -3234, Y= 107, Z= 4520 that had [] enchantment(s) | 
[2023-07-23 15:18:43] [world] The Player <Enderlava> has dropped 1 of STONE SWORD at X= -3234, Y= 107, Z= 4520 that had [] enchantment(s) | 
[2023-07-23 15:18:44] [world] The Player <Enderlava> has dropped 1 of STONE SWORD at X= -3234, Y= 107, Z= 4520 that had [] enchantment(s) | 
[2023-07-23 15:18:45] [world] The Player <Enderlava> has dropped 5 of PAPER at X= -3234, Y= 107, Z= 4520 that had [] enchantment(s) | 
[2023-07-23 15:18:46] [world] The Player <Enderlava> has dropped 64 of COAL at X= -3234, Y= 107, Z= 4520 that had [] enchantment(s) | 
[2023-07-23 15:18:46] [world] The Player <Enderlava> has dropped 64 of COAL at X= -3234, Y= 107, Z= 4520 that had [] enchantment(s) | 
[2023-07-23 15:18:47] [world] The Player <Enderlava> has dropped 64 of COAL at X= -3234, Y= 107, Z= 4520 that had [] enchantment(s) | 
[2023-07-23 15:18:47] [world] The Player <Enderlava> has dropped 64 of COAL at X= -3234, Y= 107, Z= 4520 that had [] enchantment(s) | 
[2023-07-23 15:18:52] [world] The Player <Enderlava> has dropped 64 of COAL at X= -3234, Y= 107, Z= 4520 that had [] enchantment(s) | 
[2023-07-23 15:18:52] [world] The Player <Enderlava> has dropped 1 of BONE at X= -3234, Y= 107, Z= 4520 that had [] enchantment(s) | 
[2023-07-23 15:18:53] [world] The Player <Enderlava> has dropped 1 of STONE SWORD at X= -3234, Y= 107, Z= 4520 that had [] enchantment(s) | 
[2023-07-23 15:18:54] [world] The Player <Enderlava> has dropped 64 of COAL at X= -3234, Y= 107, Z= 4520 that had [] enchantment(s) | 
[2023-07-23 15:18:54] [world] The Player <Enderlava> has dropped 64 of COAL at X= -3234, Y= 107, Z= 4520 that had [] enchantment(s) | 
[2023-07-23 15:18:55] [world] The Player <Enderlava> has dropped 1 of STONE SWORD at X= -3234, Y= 107, Z= 4520 that had [] enchantment(s) | 
[2023-07-23 15:18:55] [world] The Player <Enderlava> has dropped 1 of STONE SWORD at X= -3234, Y= 107, Z= 4520 that had [] enchantment(s) | 
[2023-07-23 15:18:56] [world] The Player <Enderlava> has dropped 64 of COAL at X= -3234, Y= 107, Z= 4520 that had [] enchantment(s) | 
[2023-07-23 15:18:57] [world] The Player <Enderlava> has dropped 64 of COAL at X= -3234, Y= 107, Z= 4520 that had [] enchantment(s) | 
[2023-07-23 15:18:57] [world] The Player <Enderlava> has dropped 64 of COAL at X= -3234, Y= 107, Z= 4520 that had [] enchantment(s) | 
[2023-07-23 15:18:57] [world] The Player <Enderlava> has dropped 64 of COAL at X= -3234, Y= 107, Z= 4520 that had [] enchantment(s) | 
[2023-07-23 15:18:58] [world] The Player <Enderlava> has dropped 64 of COAL at X= -3234, Y= 107, Z= 4520 that had [] enchantment(s) | 
[2023-07-23 15:18:58] [world] The Player <Enderlava> has dropped 1 of TOTEM OF UNDYING at X= -3234, Y= 107, Z= 4520 that had [] enchantment(s) | 
[2023-07-23 15:18:59] [world] The Player <Enderlava> has dropped 1 of TOTEM OF UNDYING at X= -3234, Y= 107, Z= 4520 that had [] enchantment(s) | 
[2023-07-23 15:18:59] [world] The Player <Enderlava> has dropped 1 of TOTEM OF UNDYING at X= -3234, Y= 107, Z= 4520 that had [] enchantment(s) | 
[2023-07-23 15:19:00] [world] The Player <Enderlava> has dropped 1 of TOTEM OF UNDYING at X= -3234, Y= 107, Z= 4520 that had [] enchantment(s) | 
[2023-07-23 15:19:04] [world] The Player <Enderlava> has dropped 1 of NETHERITE CHESTPLATE at X= -3234, Y= 107, Z= 4520 that had [Blast Protection, Mending, Protection] enchantment(s) | §8哥布林胸甲
[2023-07-23 15:19:05] [world] The Player <Enderlava> has dropped 2 of WITHER SKELETON SKULL at X= -3234, Y= 107, Z= 4520 that had [] enchantment(s) | 
[2023-07-23 15:19:06] [world] The Player <Enderlava> has dropped 1 of STONE SWORD at X= -3234, Y= 107, Z= 4520 that had [] enchantment(s) | 
[2023-07-23 15:19:06] [world] The Player <Enderlava> has dropped 64 of COAL at X= -3234, Y= 107, Z= 4520 that had [] enchantment(s) | 
[2023-07-23 15:19:07] [world] The Player <Enderlava> has dropped 64 of COAL at X= -3234, Y= 107, Z= 4520 that had [] enchantment(s) | 
[2023-07-23 15:19:07] [world] The Player <Enderlava> has dropped 64 of COAL at X= -3234, Y= 107, Z= 4520 that had [] enchantment(s) | 
[2023-07-23 15:19:08] [world] The Player <Enderlava> has dropped 64 of COAL at X= -3234, Y= 107, Z= 4520 that had [] enchantment(s) | 
[2023-07-23 15:19:08] [world] The Player <Enderlava> has dropped 64 of COAL at X= -3234, Y= 107, Z= 4520 that had [] enchantment(s) | 
[2023-07-23 15:19:08] [world] The Player <Enderlava> has dropped 64 of COAL at X= -3234, Y= 107, Z= 4520 that had [] enchantment(s) | 
[2023-07-23 15:19:08] [world] The Player <Enderlava> has dropped 64 of COAL at X= -3234, Y= 107, Z= 4520 that had [] enchantment(s) | 
[2023-07-23 15:19:08] [world] The Player <Enderlava> has dropped 64 of COAL at X= -3234, Y= 107, Z= 4520 that had [] enchantment(s) | 
[2023-07-23 15:19:09] [world] The Player <Enderlava> has dropped 64 of COAL at X= -3234, Y= 107, Z= 4520 that had [] enchantment(s) | 
[2023-07-23 15:19:09] [world] The Player <Enderlava> has dropped 64 of COAL at X= -3234, Y= 107, Z= 4520 that had [] enchantment(s) | 
[2023-07-23 15:19:09] [world] The Player <Enderlava> has dropped 64 of COAL at X= -3234, Y= 107, Z= 4520 that had [] enchantment(s) | 
[2023-07-23 15:19:16] [world] The Player <Enderlava> has dropped 64 of COAL at X= -3235, Y= 67, Z= 4519 that had [] enchantment(s) | 
[2023-07-23 15:19:16] [world] The Player <Enderlava> has dropped 64 of COAL at X= -3235, Y= 67, Z= 4519 that had [] enchantment(s) | 
[2023-07-23 15:19:17] [world] The Player <Enderlava> has dropped 64 of COAL at X= -3235, Y= 67, Z= 4519 that had [] enchantment(s) | 
[2023-07-23 15:19:17] [world] The Player <Enderlava> has dropped 64 of COAL at X= -3235, Y= 67, Z= 4519 that had [] enchantment(s) | 
[2023-07-23 15:19:17] [world] The Player <Enderlava> has dropped 64 of COAL at X= -3235, Y= 67, Z= 4519 that had [] enchantment(s) | 
[2023-07-23 15:19:18] [world] The Player <Enderlava> has dropped 1 of STONE SWORD at X= -3235, Y= 67, Z= 4519 that had [] enchantment(s) | 
[2023-07-23 15:19:19] [world] The Player <Enderlava> has dropped 1 of STONE SWORD at X= -3235, Y= 67, Z= 4519 that had [] enchantment(s) | 
[2023-07-23 15:19:20] [world] The Player <Enderlava> has dropped 1 of STONE SWORD at X= -3235, Y= 67, Z= 4519 that had [] enchantment(s) | 
[2023-07-23 15:19:20] [world] The Player <Enderlava> has dropped 1 of STONE SWORD at X= -3235, Y= 67, Z= 4519 that had [] enchantment(s) | 
[2023-07-23 15:19:21] [world] The Player <Enderlava> has dropped 1 of STONE SWORD at X= -3235, Y= 67, Z= 4519 that had [] enchantment(s) | 
[2023-07-23 15:19:21] [world] The Player <Enderlava> has dropped 1 of STONE SWORD at X= -3235, Y= 67, Z= 4519 that had [] enchantment(s) | 
[2023-07-23 15:19:22] [world] The Player <Enderlava> has dropped 1 of STONE SWORD at X= -3235, Y= 67, Z= 4519 that had [] enchantment(s) | 
[2023-07-23 15:19:22] [world] The Player <Enderlava> has dropped 64 of COAL at X= -3235, Y= 67, Z= 4519 that had [] enchantment(s) | 
[2023-07-23 15:19:22] [world] The Player <Enderlava> has dropped 64 of COAL at X= -3235, Y= 67, Z= 4519 that had [] enchantment(s) | 
[2023-07-23 15:19:24] [world] The Player <Enderlava> has dropped 64 of COAL at X= -3235, Y= 67, Z= 4519 that had [] enchantment(s) | 
[2023-07-23 15:19:24] [world] The Player <Enderlava> has dropped 64 of COAL at X= -3235, Y= 67, Z= 4519 that had [] enchantment(s) | 
[2023-07-23 15:19:25] [world] The Player <Enderlava> has dropped 64 of COAL at X= -3235, Y= 67, Z= 4519 that had [] enchantment(s) | 
[2023-07-23 15:19:26] [world] The Player <Enderlava> has dropped 64 of COAL at X= -3235, Y= 67, Z= 4519 that had [] enchantment(s) | 
[2023-07-23 15:19:31] [world] The Player <Enderlava> has dropped 1 of STONE SWORD at X= -3233, Y= 67, Z= 4513 that had [] enchantment(s) | 
[2023-07-23 15:19:47] [world] The Player <Enderlava> has dropped 64 of COAL at X= -3238, Y= 113, Z= 4523 that had [] enchantment(s) | 
[2023-07-23 15:19:48] [world] The Player <Enderlava> has dropped 64 of COAL at X= -3238, Y= 113, Z= 4523 that had [] enchantment(s) | 
[2023-07-23 15:19:48] [world] The Player <Enderlava> has dropped 64 of COAL at X= -3238, Y= 113, Z= 4523 that had [] enchantment(s) | 
[2023-07-23 15:19:49] [world] The Player <Enderlava> has dropped 64 of COAL at X= -3238, Y= 113, Z= 4523 that had [] enchantment(s) | 
[2023-07-23 15:19:50] [world] The Player <Enderlava> has dropped 64 of COAL at X= -3238, Y= 113, Z= 4523 that had [] enchantment(s) | 
[2023-07-23 15:21:26] [world] The Player <Enderlava> has dropped 1 of BONE MEAL at X= -22, Y= 71, Z= -256 that had [] enchantment(s) | 
[2023-07-23 15:25:21] [world] The Player <Enderlava> has dropped 32 of BONE at X= -2, Y= 142, Z= -99 that had [] enchantment(s) | 
[2023-07-23 15:25:21] [world] The Player <Enderlava> has dropped 64 of BONE at X= -3, Y= 151, Z= -92 that had [] enchantment(s) | 
[2023-07-23 15:26:50] [world] The Player <Enderlava> has dropped 2 of SUGAR CANE at X= -26, Y= 64, Z= -288 that had [] enchantment(s) | 
[2023-07-23 15:26:58] [world] The Player <Enderlava> has dropped 30 of PAPER at X= -26, Y= 64, Z= -288 that had [] enchantment(s) | 
[2023-07-23 15:30:14] [world] The Player <Enderlava> has dropped 30 of PAPER at X= -27, Y= 64, Z= -287 that had [] enchantment(s) | 
[2023-07-23 15:30:21] [world] The Player <Enderlava> has dropped 2 of SPRUCE PLANKS at X= -27, Y= 64, Z= -287 that had [] enchantment(s) | 
[2023-07-23 15:30:23] [world] The Player <Enderlava> has dropped 2 of SUGAR CANE at X= -27, Y= 64, Z= -287 that had [] enchantment(s) | 
[2023-07-23 15:34:58] [world] The Player <Enderlava> has dropped 30 of PAPER at X= -190, Y= 64, Z= -198 that had [] enchantment(s) | 
[2023-07-23 15:36:49] [world_the_end] The Player <Enderlava> has dropped 2 of BAMBOO at X= 7, Y= 64, Z= 10 that had [] enchantment(s) | 
[2023-07-23 15:38:07] [world_the_end] The Player <Enderlava> has dropped 1 of REPEATER at X= 4, Y= 56, Z= -4 that had [] enchantment(s) | 
[2023-07-23 15:43:16] [world_the_end] The Player <Enderlava> has dropped 56 of COBBLESTONE at X= 5, Y= 61, Z= -1 that had [] enchantment(s) | 
[2023-07-23 15:53:55] [world_the_end] The Player <Enderlava> has dropped 1 of SAND at X= 7, Y= 63, Z= 0 that had [] enchantment(s) | 
[2023-07-23 17:57:14] [world] The Player <wqe123420> has dropped 1 of STRING at X= -20, Y= 64, Z= -299 that had [] enchantment(s) | 
[2023-07-23 17:57:15] [world] The Player <wqe123420> has dropped 8 of STRING at X= -20, Y= 64, Z= -299 that had [] enchantment(s) | 
[2023-07-23 17:57:17] [world] The Player <wqe123420> has dropped 2 of PAPER at X= -20, Y= 64, Z= -299 that had [] enchantment(s) | §6唤商卷轴
[2023-07-23 17:57:23] [world] The Player <wqe123420> has dropped 1 of BONE at X= -20, Y= 64, Z= -299 that had [] enchantment(s) | 
[2023-07-23 18:04:35] [world] The Player <wqe123420> has dropped 19 of COBBLED DEEPSLATE at X= -40, Y= 83, Z= -259 that had [] enchantment(s) | 
[2023-07-23 18:04:37] [world] The Player <wqe123420> has dropped 64 of COBBLED DEEPSLATE at X= -30, Y= 79, Z= -281 that had [] enchantment(s) | 
[2023-07-23 18:04:38] [world] The Player <wqe123420> has dropped 64 of COBBLED DEEPSLATE at X= -24, Y= 78, Z= -288 that had [] enchantment(s) | 
[2023-07-23 18:04:38] [world] The Player <wqe123420> has dropped 4 of ROTTEN FLESH at X= -20, Y= 77, Z= -293 that had [] enchantment(s) | 
[2023-07-23 18:04:40] [world] The Player <wqe123420> has dropped 3 of NETHERRACK at X= -10, Y= 75, Z= -304 that had [] enchantment(s) | 
[2023-07-23 18:04:41] [world] The Player <wqe123420> has dropped 1 of ELYTRA at X= -4, Y= 73, Z= -311 that had [] enchantment(s) | §b超级夜鹰护符
[2023-07-23 18:04:42] [world] The Player <wqe123420> has dropped 3 of TUFF at X= 2, Y= 72, Z= -318 that had [] enchantment(s) | 
[2023-07-23 18:05:03] [world] The Player <wqe123420> has dropped 1 of BAMBOO at X= 3, Y= 55, Z= -319 that had [] enchantment(s) | 
[2023-07-23 18:09:47] [world] The Player <wqe123420> has dropped 2 of COBBLESTONE at X= -27, Y= 64, Z= -287 that had [] enchantment(s) | 
[2023-07-23 18:09:48] [world] The Player <wqe123420> has dropped 3 of DIORITE at X= -27, Y= 64, Z= -287 that had [] enchantment(s) | 
[2023-07-23 18:09:54] [world] The Player <wqe123420> has dropped 1 of GUNPOWDER at X= -25, Y= 64, Z= -287 that had [] enchantment(s) | 
[2023-07-23 18:09:55] [world] The Player <wqe123420> has dropped 1 of GUNPOWDER at X= -25, Y= 64, Z= -287 that had [] enchantment(s) | 
[2023-07-23 18:09:55] [world] The Player <wqe123420> has dropped 1 of GUNPOWDER at X= -25, Y= 64, Z= -287 that had [] enchantment(s) | 
[2023-07-23 18:13:55] [world] The Player <Enderlava> has dropped 8 of ROTTEN FLESH at X= -32, Y= 72, Z= -261 that had [] enchantment(s) | 
[2023-07-23 18:15:37] [world] The Player <wqe123420> has dropped 2 of ROTTEN FLESH at X= -57, Y= 69, Z= -270 that had [] enchantment(s) | 
[2023-07-23 18:15:39] [world] The Player <wqe123420> has dropped 5 of STICK at X= -57, Y= 69, Z= -270 that had [] enchantment(s) | 
[2023-07-23 18:15:40] [world] The Player <wqe123420> has dropped 6 of OAK LOG at X= -57, Y= 69, Z= -270 that had [] enchantment(s) | 
[2023-07-23 18:15:45] [world] The Player <wqe123420> has dropped 58 of COD at X= -55, Y= 69, Z= -271 that had [] enchantment(s) | 
[2023-07-23 18:15:46] [world] The Player <wqe123420> has dropped 1 of DIAMOND at X= -55, Y= 69, Z= -271 that had [] enchantment(s) | 
[2023-07-23 18:15:48] [world] The Player <wqe123420> has dropped 5 of STICK at X= -55, Y= 69, Z= -271 that had [] enchantment(s) | 
[2023-07-23 18:15:51] [world] The Player <wqe123420> has dropped 6 of OAK LOG at X= -53, Y= 70, Z= -273 that had [] enchantment(s) | 
[2023-07-23 18:15:52] [world] The Player <wqe123420> has dropped 64 of LEATHER at X= -53, Y= 70, Z= -273 that had [] enchantment(s) | 
[2023-07-23 18:16:09] [world] The Player <wqe123420> has dropped 1 of POTATO at X= -49, Y= 72, Z= -271 that had [] enchantment(s) | 
[2023-07-23 18:16:19] [world] The Player <wqe123420> has dropped 8 of LEATHER at X= -53, Y= 70, Z= -271 that had [] enchantment(s) | 
[2023-07-23 18:16:20] [world] The Player <wqe123420> has dropped 58 of COD at X= -53, Y= 70, Z= -271 that had [] enchantment(s) | 
[2023-07-23 18:16:45] [world] The Player <Enderlava> has dropped 1 of OAK TRAPDOOR at X= -91, Y= 68, Z= -142 that had [] enchantment(s) | 
[2023-07-23 18:18:33] [world] The Player <Enderlava> has dropped 36 of SAND at X= -138, Y= 65, Z= -114 that had [] enchantment(s) | 
[2023-07-23 18:18:58] [world] The Player <wqe123420> has dropped 1 of WHEAT at X= -45, Y= 74, Z= -282 that had [] enchantment(s) | 
[2023-07-23 18:23:20] [world] The Player <wqe123420> has dropped 6 of COBBLED DEEPSLATE at X= -44, Y= 72, Z= -281 that had [] enchantment(s) | 
[2023-07-23 18:24:48] [world] The Player <Enderlava> has dropped 3 of SPRUCE SIGN at X= 17, Y= 64, Z= -277 that had [] enchantment(s) | 
[2023-07-23 18:25:56] [world] The Player <wqe123420> has dropped 1 of SANDSTONE at X= -44, Y= 68, Z= -282 that had [] enchantment(s) | 
[2023-07-23 18:28:11] [world] The Player <wqe123420> has dropped 1 of SANDSTONE at X= -18, Y= 69, Z= -274 that had [] enchantment(s) | 
[2023-07-23 18:28:12] [world] The Player <wqe123420> has dropped 1 of SANDSTONE at X= -18, Y= 69, Z= -274 that had [] enchantment(s) | 
[2023-07-23 18:28:12] [world] The Player <wqe123420> has dropped 1 of SANDSTONE at X= -18, Y= 69, Z= -274 that had [] enchantment(s) | 
[2023-07-23 18:28:12] [world] The Player <wqe123420> has dropped 1 of SANDSTONE at X= -18, Y= 69, Z= -274 that had [] enchantment(s) | 
[2023-07-23 18:28:12] [world] The Player <wqe123420> has dropped 1 of SANDSTONE at X= -18, Y= 69, Z= -274 that had [] enchantment(s) | 
[2023-07-23 18:28:12] [world] The Player <wqe123420> has dropped 1 of SANDSTONE at X= -18, Y= 69, Z= -274 that had [] enchantment(s) | 
[2023-07-23 18:28:12] [world] The Player <wqe123420> has dropped 1 of SANDSTONE at X= -18, Y= 69, Z= -274 that had [] enchantment(s) | 
[2023-07-23 18:28:12] [world] The Player <wqe123420> has dropped 1 of SANDSTONE at X= -18, Y= 69, Z= -274 that had [] enchantment(s) | 
[2023-07-23 18:28:12] [world] The Player <wqe123420> has dropped 1 of SANDSTONE at X= -18, Y= 69, Z= -274 that had [] enchantment(s) | 
[2023-07-23 18:28:12] [world] The Player <wqe123420> has dropped 1 of SANDSTONE at X= -18, Y= 69, Z= -274 that had [] enchantment(s) | 
[2023-07-23 18:28:12] [world] The Player <wqe123420> has dropped 1 of SANDSTONE at X= -18, Y= 69, Z= -274 that had [] enchantment(s) | 
[2023-07-23 18:28:12] [world] The Player <wqe123420> has dropped 1 of SANDSTONE at X= -18, Y= 69, Z= -274 that had [] enchantment(s) | 
[2023-07-23 18:28:12] [world] The Player <wqe123420> has dropped 1 of SANDSTONE at X= -18, Y= 69, Z= -274 that had [] enchantment(s) | 
[2023-07-23 18:28:12] [world] The Player <wqe123420> has dropped 1 of SANDSTONE at X= -18, Y= 69, Z= -274 that had [] enchantment(s) | 
[2023-07-23 18:28:12] [world] The Player <wqe123420> has dropped 1 of SANDSTONE at X= -18, Y= 69, Z= -274 that had [] enchantment(s) | 
[2023-07-23 18:28:13] [world] The Player <wqe123420> has dropped 1 of SAND at X= -18, Y= 69, Z= -274 that had [] enchantment(s) | 
[2023-07-23 18:28:14] [world] The Player <wqe123420> has dropped 1 of SAND at X= -18, Y= 69, Z= -274 that had [] enchantment(s) | 
[2023-07-23 18:28:14] [world] The Player <wqe123420> has dropped 1 of SAND at X= -18, Y= 69, Z= -274 that had [] enchantment(s) | 
[2023-07-23 18:28:14] [world] The Player <wqe123420> has dropped 1 of SAND at X= -18, Y= 69, Z= -274 that had [] enchantment(s) | 
[2023-07-23 18:28:14] [world] The Player <wqe123420> has dropped 1 of SAND at X= -18, Y= 69, Z= -274 that had [] enchantment(s) | 
[2023-07-23 18:28:14] [world] The Player <wqe123420> has dropped 1 of SAND at X= -18, Y= 69, Z= -274 that had [] enchantment(s) | 
[2023-07-23 18:28:14] [world] The Player <wqe123420> has dropped 1 of SAND at X= -18, Y= 69, Z= -274 that had [] enchantment(s) | 
[2023-07-23 18:28:14] [world] The Player <wqe123420> has dropped 1 of SAND at X= -18, Y= 69, Z= -274 that had [] enchantment(s) | 
[2023-07-23 18:28:14] [world] The Player <wqe123420> has dropped 1 of SAND at X= -18, Y= 69, Z= -274 that had [] enchantment(s) | 
[2023-07-23 18:28:14] [world] The Player <wqe123420> has dropped 1 of SAND at X= -18, Y= 69, Z= -274 that had [] enchantment(s) | 
[2023-07-23 18:28:14] [world] The Player <wqe123420> has dropped 1 of SAND at X= -18, Y= 69, Z= -274 that had [] enchantment(s) | 
[2023-07-23 18:28:14] [world] The Player <wqe123420> has dropped 1 of SAND at X= -18, Y= 69, Z= -274 that had [] enchantment(s) | 
[2023-07-23 18:28:14] [world] The Player <wqe123420> has dropped 1 of SAND at X= -18, Y= 69, Z= -274 that had [] enchantment(s) | 
[2023-07-23 18:28:14] [world] The Player <wqe123420> has dropped 1 of SAND at X= -18, Y= 69, Z= -274 that had [] enchantment(s) | 
[2023-07-23 18:28:14] [world] The Player <wqe123420> has dropped 1 of SAND at X= -18, Y= 69, Z= -274 that had [] enchantment(s) | 
[2023-07-23 18:28:17] [world] The Player <wqe123420> has dropped 1 of IRON INGOT at X= -18, Y= 69, Z= -274 that had [] enchantment(s) | 
[2023-07-23 18:28:17] [world] The Player <wqe123420> has dropped 1 of IRON INGOT at X= -18, Y= 69, Z= -274 that had [] enchantment(s) | 
[2023-07-23 18:28:18] [world] The Player <wqe123420> has dropped 1 of IRON INGOT at X= -18, Y= 69, Z= -274 that had [] enchantment(s) | 
[2023-07-23 18:28:18] [world] The Player <wqe123420> has dropped 1 of IRON INGOT at X= -18, Y= 69, Z= -274 that had [] enchantment(s) | 
[2023-07-23 18:28:18] [world] The Player <wqe123420> has dropped 1 of IRON INGOT at X= -18, Y= 69, Z= -274 that had [] enchantment(s) | 
[2023-07-23 18:28:18] [world] The Player <wqe123420> has dropped 1 of IRON INGOT at X= -18, Y= 69, Z= -274 that had [] enchantment(s) | 
[2023-07-23 18:28:18] [world] The Player <wqe123420> has dropped 1 of IRON INGOT at X= -18, Y= 69, Z= -274 that had [] enchantment(s) | 
[2023-07-23 18:28:18] [world] The Player <wqe123420> has dropped 1 of IRON INGOT at X= -18, Y= 69, Z= -274 that had [] enchantment(s) | 
[2023-07-23 18:28:18] [world] The Player <wqe123420> has dropped 1 of IRON INGOT at X= -18, Y= 69, Z= -274 that had [] enchantment(s) | 
[2023-07-23 18:28:18] [world] The Player <wqe123420> has dropped 1 of IRON INGOT at X= -18, Y= 69, Z= -274 that had [] enchantment(s) | 
[2023-07-23 18:28:18] [world] The Player <wqe123420> has dropped 1 of IRON INGOT at X= -18, Y= 69, Z= -274 that had [] enchantment(s) | 
[2023-07-23 18:28:18] [world] The Player <wqe123420> has dropped 1 of IRON INGOT at X= -18, Y= 69, Z= -274 that had [] enchantment(s) | 
[2023-07-23 18:28:18] [world] The Player <wqe123420> has dropped 1 of IRON INGOT at X= -18, Y= 69, Z= -274 that had [] enchantment(s) | 
[2023-07-23 18:28:18] [world] The Player <wqe123420> has dropped 1 of IRON INGOT at X= -18, Y= 69, Z= -274 that had [] enchantment(s) | 
[2023-07-23 18:28:18] [world] The Player <wqe123420> has dropped 1 of IRON INGOT at X= -18, Y= 69, Z= -274 that had [] enchantment(s) | 
[2023-07-23 18:28:18] [world] The Player <wqe123420> has dropped 1 of IRON INGOT at X= -18, Y= 69, Z= -274 that had [] enchantment(s) | 
[2023-07-23 18:28:18] [world] The Player <wqe123420> has dropped 1 of IRON INGOT at X= -18, Y= 69, Z= -274 that had [] enchantment(s) | 
[2023-07-23 18:28:18] [world] The Player <wqe123420> has dropped 1 of IRON INGOT at X= -18, Y= 69, Z= -274 that had [] enchantment(s) | 
[2023-07-23 18:28:18] [world] The Player <wqe123420> has dropped 1 of IRON INGOT at X= -18, Y= 69, Z= -274 that had [] enchantment(s) | 
[2023-07-23 18:28:18] [world] The Player <wqe123420> has dropped 1 of IRON INGOT at X= -18, Y= 69, Z= -274 that had [] enchantment(s) | 
[2023-07-23 18:28:18] [world] The Player <wqe123420> has dropped 1 of IRON INGOT at X= -18, Y= 69, Z= -274 that had [] enchantment(s) | 
[2023-07-23 18:28:18] [world] The Player <wqe123420> has dropped 1 of IRON INGOT at X= -18, Y= 69, Z= -274 that had [] enchantment(s) | 
[2023-07-23 18:28:18] [world] The Player <wqe123420> has dropped 1 of IRON INGOT at X= -18, Y= 69, Z= -274 that had [] enchantment(s) | 
[2023-07-23 18:28:18] [world] The Player <wqe123420> has dropped 1 of IRON INGOT at X= -18, Y= 69, Z= -274 that had [] enchantment(s) | 
[2023-07-23 18:28:18] [world] The Player <wqe123420> has dropped 1 of IRON INGOT at X= -18, Y= 69, Z= -274 that had [] enchantment(s) | 
[2023-07-23 18:28:18] [world] The Player <wqe123420> has dropped 1 of IRON INGOT at X= -18, Y= 69, Z= -274 that had [] enchantment(s) | 
[2023-07-23 18:28:18] [world] The Player <wqe123420> has dropped 1 of IRON INGOT at X= -18, Y= 69, Z= -274 that had [] enchantment(s) | 
[2023-07-23 18:28:18] [world] The Player <wqe123420> has dropped 1 of IRON INGOT at X= -18, Y= 69, Z= -274 that had [] enchantment(s) | 
[2023-07-23 18:28:18] [world] The Player <wqe123420> has dropped 1 of IRON INGOT at X= -18, Y= 69, Z= -274 that had [] enchantment(s) | 
[2023-07-23 18:28:18] [world] The Player <wqe123420> has dropped 1 of IRON INGOT at X= -18, Y= 69, Z= -274 that had [] enchantment(s) | 
[2023-07-23 18:28:18] [world] The Player <wqe123420> has dropped 1 of IRON INGOT at X= -18, Y= 69, Z= -274 that had [] enchantment(s) | 
[2023-07-23 18:28:18] [world] The Player <wqe123420> has dropped 1 of IRON INGOT at X= -18, Y= 69, Z= -274 that had [] enchantment(s) | 
[2023-07-23 18:28:18] [world] The Player <wqe123420> has dropped 1 of IRON INGOT at X= -18, Y= 69, Z= -274 that had [] enchantment(s) | 
[2023-07-23 18:28:19] [world] The Player <wqe123420> has dropped 1 of IRON INGOT at X= -18, Y= 69, Z= -274 that had [] enchantment(s) | 
[2023-07-23 18:28:19] [world] The Player <wqe123420> has dropped 1 of IRON INGOT at X= -18, Y= 69, Z= -274 that had [] enchantment(s) | 
[2023-07-23 18:28:19] [world] The Player <wqe123420> has dropped 1 of IRON INGOT at X= -18, Y= 69, Z= -274 that had [] enchantment(s) | 
[2023-07-23 18:28:19] [world] The Player <wqe123420> has dropped 1 of IRON INGOT at X= -18, Y= 69, Z= -274 that had [] enchantment(s) | 
[2023-07-23 18:28:19] [world] The Player <wqe123420> has dropped 1 of IRON INGOT at X= -18, Y= 69, Z= -274 that had [] enchantment(s) | 
[2023-07-23 18:28:19] [world] The Player <wqe123420> has dropped 1 of IRON INGOT at X= -18, Y= 69, Z= -274 that had [] enchantment(s) | 
[2023-07-23 18:28:19] [world] The Player <wqe123420> has dropped 1 of IRON INGOT at X= -18, Y= 69, Z= -274 that had [] enchantment(s) | 
[2023-07-23 18:28:19] [world] The Player <wqe123420> has dropped 1 of IRON INGOT at X= -18, Y= 69, Z= -274 that had [] enchantment(s) | 
[2023-07-23 18:28:19] [world] The Player <wqe123420> has dropped 1 of IRON INGOT at X= -18, Y= 69, Z= -274 that had [] enchantment(s) | 
[2023-07-23 18:28:19] [world] The Player <wqe123420> has dropped 1 of IRON INGOT at X= -18, Y= 69, Z= -274 that had [] enchantment(s) | 
[2023-07-23 18:28:19] [world] The Player <wqe123420> has dropped 1 of IRON INGOT at X= -18, Y= 69, Z= -274 that had [] enchantment(s) | 
[2023-07-23 18:28:19] [world] The Player <wqe123420> has dropped 1 of IRON INGOT at X= -18, Y= 69, Z= -274 that had [] enchantment(s) | 
[2023-07-23 18:28:19] [world] The Player <wqe123420> has dropped 1 of IRON INGOT at X= -18, Y= 69, Z= -274 that had [] enchantment(s) | 
[2023-07-23 18:28:19] [world] The Player <wqe123420> has dropped 1 of IRON INGOT at X= -18, Y= 69, Z= -274 that had [] enchantment(s) | 
[2023-07-23 18:28:19] [world] The Player <wqe123420> has dropped 1 of IRON INGOT at X= -18, Y= 69, Z= -274 that had [] enchantment(s) | 
[2023-07-23 18:28:19] [world] The Player <wqe123420> has dropped 1 of IRON INGOT at X= -18, Y= 69, Z= -274 that had [] enchantment(s) | 
[2023-07-23 18:30:28] [world] The Player <wqe123420> has dropped 44 of OAK PLANKS at X= -27, Y= 64, Z= -287 that had [] enchantment(s) | 
[2023-07-23 18:30:29] [world] The Player <wqe123420> has dropped 1 of STICK at X= -27, Y= 64, Z= -287 that had [] enchantment(s) | 
[2023-07-23 18:31:57] [world] The Player <wqe123420> has dropped 15 of DIRT at X= -28, Y= 64, Z= -287 that had [] enchantment(s) | 
[2023-07-23 18:32:01] [world] The Player <wqe123420> has dropped 64 of BEEF at X= -28, Y= 64, Z= -287 that had [] enchantment(s) | 
[2023-07-23 18:32:05] [world] The Player <wqe123420> has dropped 1 of GOLDEN LEGGINGS at X= -28, Y= 64, Z= -287 that had [] enchantment(s) | 
[2023-07-23 18:32:06] [world] The Player <wqe123420> has dropped 1 of STICK at X= -28, Y= 64, Z= -287 that had [] enchantment(s) | 
[2023-07-23 18:32:08] [world] The Player <wqe123420> has dropped 15 of DIRT at X= -27, Y= 64, Z= -286 that had [] enchantment(s) | 
[2023-07-23 18:32:09] [world] The Player <wqe123420> has dropped 64 of LEATHER at X= -27, Y= 64, Z= -286 that had [] enchantment(s) | 
[2023-07-23 18:32:10] [world] The Player <wqe123420> has dropped 64 of LEATHER at X= -27, Y= 64, Z= -286 that had [] enchantment(s) | 
[2023-07-23 18:32:11] [world] The Player <wqe123420> has dropped 64 of BEEF at X= -27, Y= 64, Z= -286 that had [] enchantment(s) | 
[2023-07-23 18:43:48] [world] The Player <wqe123420> has dropped 1 of LAVA BUCKET at X= -35, Y= 71, Z= -279 that had [] enchantment(s) | 
[2023-07-23 18:43:48] [world] The Player <wqe123420> has dropped 1 of LAVA BUCKET at X= -35, Y= 71, Z= -279 that had [] enchantment(s) | 
[2023-07-23 18:43:49] [world] The Player <wqe123420> has dropped 1 of LAVA BUCKET at X= -35, Y= 71, Z= -279 that had [] enchantment(s) | 
[2023-07-23 18:43:49] [world] The Player <wqe123420> has dropped 1 of LAVA BUCKET at X= -35, Y= 71, Z= -279 that had [] enchantment(s) | 
[2023-07-23 18:43:56] [world] The Player <wqe123420> has dropped 1 of LAVA BUCKET at X= -39, Y= 75, Z= -280 that had [] enchantment(s) | 
[2023-07-23 18:43:56] [world] The Player <wqe123420> has dropped 1 of LAVA BUCKET at X= -39, Y= 75, Z= -280 that had [] enchantment(s) | 
[2023-07-23 18:43:58] [world] The Player <wqe123420> has dropped 44 of OAK PLANKS at X= -39, Y= 75, Z= -280 that had [] enchantment(s) | 
[2023-07-23 18:43:59] [world] The Player <wqe123420> has dropped 39 of IRON INGOT at X= -39, Y= 75, Z= -280 that had [] enchantment(s) | 
[2023-07-23 18:44:02] [world] The Player <wqe123420> has dropped 16 of BIRCH PLANKS at X= -39, Y= 75, Z= -280 that had [] enchantment(s) | 
[2023-07-23 18:44:02] [world] The Player <wqe123420> has dropped 3 of OAK SIGN at X= -39, Y= 75, Z= -280 that had [] enchantment(s) | 
[2023-07-23 18:44:03] [world] The Player <wqe123420> has dropped 44 of WHEAT at X= -39, Y= 75, Z= -280 that had [] enchantment(s) | 
[2023-07-23 18:44:03] [world] The Player <wqe123420> has dropped 3 of SANDSTONE at X= -39, Y= 75, Z= -280 that had [] enchantment(s) | 
[2023-07-23 18:44:46] [world] The Player <wqe123420> has dropped 1 of COOKED BEEF at X= 1, Y= 74, Z= -267 that had [] enchantment(s) | 
[2023-07-23 18:45:20] [world] The Player <wqe123420> has dropped 3 of OAK SIGN at X= -38, Y= 75, Z= -281 that had [] enchantment(s) | 
[2023-07-23 18:45:21] [world] The Player <wqe123420> has dropped 4 of LEATHER at X= -38, Y= 75, Z= -281 that had [] enchantment(s) | 
[2023-07-23 18:45:23] [world] The Player <wqe123420> has dropped 39 of IRON INGOT at X= -38, Y= 75, Z= -281 that had [] enchantment(s) | 
[2023-07-23 18:45:24] [world] The Player <wqe123420> has dropped 9 of COOKED COD at X= -38, Y= 75, Z= -281 that had [] enchantment(s) | 
[2023-07-23 18:45:27] [world] The Player <wqe123420> has dropped 1 of LAVA BUCKET at X= -38, Y= 75, Z= -281 that had [] enchantment(s) | 
[2023-07-23 18:45:28] [world] The Player <wqe123420> has dropped 1 of LAVA BUCKET at X= -38, Y= 75, Z= -281 that had [] enchantment(s) | 
[2023-07-23 18:52:00] [world] The Player <wqe123420> has dropped 3 of COOKED CHICKEN at X= 9, Y= 65, Z= -278 that had [] enchantment(s) | 
[2023-07-23 18:52:01] [world] The Player <wqe123420> has dropped 57 of CHICKEN at X= 9, Y= 65, Z= -278 that had [] enchantment(s) | 
[2023-07-23 18:52:02] [world] The Player <wqe123420> has dropped 64 of FEATHER at X= 9, Y= 65, Z= -278 that had [] enchantment(s) | 
[2023-07-23 18:52:03] [world] The Player <wqe123420> has dropped 4 of FEATHER at X= 9, Y= 65, Z= -278 that had [] enchantment(s) | 
[2023-07-23 20:17:04] [world] The Player <Funget114514> has dropped 54 of NETHERRACK at X= -28, Y= 64, Z= -286 that had [] enchantment(s) | 
[2023-07-23 20:17:15] [world] The Player <Funget114514> has dropped 54 of NETHERRACK at X= -28, Y= 64, Z= -286 that had [] enchantment(s) | 
[2023-07-23 20:18:22] [world] The Player <Funget114514> has dropped 17 of OAK LEAVES at X= -23, Y= 64, Z= -288 that had [] enchantment(s) | 
[2023-07-23 20:18:47] [world] The Player <Funget114514> has dropped 43 of QUARTZ at X= -28, Y= 64, Z= -286 that had [] enchantment(s) | 
[2023-07-23 20:18:56] [world] The Player <Funget114514> has dropped 54 of NETHERRACK at X= -27, Y= 64, Z= -287 that had [] enchantment(s) | 
[2023-07-23 20:25:51] [world] The Player <Funget114514> has dropped 64 of WHITE CARPET at X= -27, Y= 64, Z= -287 that had [] enchantment(s) | 
[2023-07-23 20:54:13] [world] The Player <wqe123420> has dropped 55 of BEEF at X= -43, Y= 69, Z= -282 that had [] enchantment(s) | 
[2023-07-23 20:54:13] [world] The Player <wqe123420> has dropped 64 of BEEF at X= -43, Y= 69, Z= -282 that had [] enchantment(s) | 
[2023-07-23 21:08:57] [world] The Player <wqe123420> has dropped 1 of SAND at X= -125, Y= 66, Z= -102 that had [] enchantment(s) | 
[2023-07-23 21:08:58] [world] The Player <wqe123420> has dropped 43 of SAND at X= -124, Y= 66, Z= -103 that had [] enchantment(s) | 
[2023-07-23 21:10:48] [world_the_end] The Player <wqe123420> has dropped 1 of COBBLESTONE SLAB at X= -58, Y= 66, Z= -109 that had [] enchantment(s) | 
[2023-07-23 21:10:48] [world_the_end] The Player <wqe123420> has dropped 1 of COBBLESTONE SLAB at X= -57, Y= 64, Z= -114 that had [] enchantment(s) | 
[2023-07-23 21:10:48] [world_the_end] The Player <wqe123420> has dropped 1 of COBBLESTONE SLAB at X= -55, Y= 62, Z= -119 that had [] enchantment(s) | 
[2023-07-23 21:10:48] [world_the_end] The Player <wqe123420> has dropped 1 of COBBLESTONE SLAB at X= -54, Y= 61, Z= -125 that had [] enchantment(s) | 
[2023-07-23 21:10:49] [world_the_end] The Player <wqe123420> has dropped 1 of COBBLESTONE SLAB at X= -51, Y= 56, Z= -139 that had [] enchantment(s) | 
[2023-07-23 21:12:46] [world_the_end] The Player <wqe123420> has dropped 16 of ENDER PEARL at X= -18, Y= 2, Z= -274 that had [] enchantment(s) | 
