[2023-08-23 14:05:26] [world] The Player <wqe123420> has dropped 1 of KELP at X= -360, Y= 70, Z= -79 that had [] enchantment(s) | 
[2023-08-23 14:05:26] [world] The Player <wqe123420> has dropped 1 of KELP at X= -354, Y= 73, Z= -82 that had [] enchantment(s) | 
[2023-08-23 14:05:27] [world] The Player <wqe123420> has dropped 1 of KELP at X= -349, Y= 76, Z= -85 that had [] enchantment(s) | 
[2023-08-23 14:06:03] [world] The Player <wqe123420> has dropped 1 of LEATHER CHESTPLATE at X= 8, Y= 64, Z= -290 that had [] enchantment(s) | §7战无不胜的诱惑者
[2023-08-23 14:06:57] [world] The Player <wqe123420> has dropped 2 of WHEAT SEEDS at X= -383, Y= 64, Z= -68 that had [] enchantment(s) | 
[2023-08-23 14:08:23] [world] The Player <wqe123420> has dropped 55 of DIAMOND at X= -405, Y= 58, Z= -63 that had [] enchantment(s) | 
[2023-08-23 14:08:30] [world] The Player <wqe123420> has dropped 55 of DIAMOND at X= -404, Y= 58, Z= -61 that had [] enchantment(s) | 
[2023-08-23 14:08:50] [world] The Player <wqe123420> has dropped 1 of DIAMOND CHESTPLATE at X= -404, Y= 58, Z= -64 that had [Protection, Unbreaking] enchantment(s) | 
[2023-08-23 14:08:51] [world] The Player <wqe123420> has dropped 1 of DIAMOND LEGGINGS at X= -404, Y= 58, Z= -64 that had [Protection, Unbreaking] enchantment(s) | 
[2023-08-23 14:08:53] [world] The Player <wqe123420> has dropped 1 of DIAMOND BOOTS at X= -404, Y= 58, Z= -64 that had [Feather Falling] enchantment(s) | 
[2023-08-23 14:08:56] [world] The Player <wqe123420> has dropped 1 of DIAMOND HELMET at X= -404, Y= 58, Z= -64 that had [Aqua Affinity, Protection, Unbreaking] enchantment(s) | 
[2023-08-23 14:09:46] [world] The Player <wqe123420> has dropped 5 of NETHERITE INGOT at X= -405, Y= 58, Z= -63 that had [] enchantment(s) | 
[2023-08-23 14:09:51] [world] The Player <wqe123420> has dropped 5 of NETHERITE INGOT at X= -404, Y= 59, Z= -64 that had [] enchantment(s) | 
[2023-08-23 14:13:44] [world] The Player <wqe123420> has dropped 2 of WHEAT SEEDS at X= -404, Y= 58, Z= -64 that had [] enchantment(s) | 
[2023-08-23 14:13:47] [world] The Player <wqe123420> has dropped 2 of WHEAT SEEDS at X= -404, Y= 58, Z= -64 that had [] enchantment(s) | 
[2023-08-23 14:13:49] [world] The Player <wqe123420> has dropped 1 of BONE at X= -404, Y= 58, Z= -64 that had [] enchantment(s) | 
[2023-08-23 14:15:28] [world] The Player <wqe123420> has dropped 26 of STRING at X= -404, Y= 58, Z= -64 that had [] enchantment(s) | 
[2023-08-23 14:16:13] [world] The Player <wqe123420> has dropped 1 of CHAINMAIL HELMET at X= -404, Y= 58, Z= -61 that had [Projectile Protection] enchantment(s) | §7石像鬼头盔
[2023-08-23 14:16:24] [world] The Player <wqe123420> has dropped 1 of CHAINMAIL HELMET at X= -404, Y= 58, Z= -59 that had [Projectile Protection] enchantment(s) | §7石像鬼头盔
[2023-08-23 14:17:13] [world] The Player <wqe123420> has dropped 20 of ROTTEN FLESH at X= -404, Y= 58, Z= -60 that had [] enchantment(s) | 
[2023-08-23 14:20:30] [world] The Player <wqe123420> has dropped 26 of STRING at X= -402, Y= 65, Z= -55 that had [] enchantment(s) | 
[2023-08-23 14:23:19] [world_the_end] The Player <wqe123420> has dropped 16 of ENDER PEARL at X= 275, Y= 12, Z= -2 that had [] enchantment(s) | 
[2023-08-23 14:23:20] [world_the_end] The Player <wqe123420> has dropped 16 of ENDER PEARL at X= 238, Y= 17, Z= -7 that had [] enchantment(s) | 
[2023-08-23 14:23:21] [world_the_end] The Player <wqe123420> has dropped 16 of ENDER PEARL at X= 233, Y= 17, Z= -8 that had [] enchantment(s) | 
[2023-08-23 14:23:21] [world_the_end] The Player <wqe123420> has dropped 16 of ENDER PEARL at X= 230, Y= 17, Z= -8 that had [] enchantment(s) | 
[2023-08-23 14:23:21] [world_the_end] The Player <wqe123420> has dropped 16 of ENDER PEARL at X= 227, Y= 17, Z= -9 that had [] enchantment(s) | 
[2023-08-23 14:23:21] [world_the_end] The Player <wqe123420> has dropped 16 of ENDER PEARL at X= 224, Y= 17, Z= -9 that had [] enchantment(s) | 
[2023-08-23 14:23:22] [world_the_end] The Player <wqe123420> has dropped 16 of ENDER PEARL at X= 215, Y= 17, Z= -10 that had [] enchantment(s) | 
[2023-08-23 14:23:22] [world_the_end] The Player <wqe123420> has dropped 2 of WHEAT SEEDS at X= 209, Y= 16, Z= -11 that had [] enchantment(s) | 
[2023-08-23 14:23:24] [world_the_end] The Player <wqe123420> has dropped 23 of ROTTEN FLESH at X= 192, Y= 14, Z= -14 that had [] enchantment(s) | 
[2023-08-23 14:28:02] [world] The Player <wqe123420> has dropped 1 of BONE at X= -404, Y= 65, Z= -60 that had [] enchantment(s) | §6狼人的骨头
