[2023-08-07 13:03:18] [world] The Player <Funget114514> has picked 1 of STONE at X= -107, Y= 67, Z= -267 | 
[2023-08-07 13:03:19] [world] The Player <Funget114514> has picked 1 of STONE at X= -106, Y= 67, Z= -267 | 
[2023-08-07 13:03:19] [world] The Player <Funget114514> has picked 1 of STONE at X= -107, Y= 67, Z= -267 | 
[2023-08-07 13:03:20] [world] The Player <Funget114514> has picked 1 of STONE at X= -107, Y= 66, Z= -267 | 
[2023-08-07 13:03:21] [world] The Player <Funget114514> has picked 1 of STONE at X= -107, Y= 66, Z= -267 | 
[2023-08-07 13:03:21] [world] The Player <Funget114514> has picked 3 of STONE at X= -107, Y= 66, Z= -267 | 
[2023-08-07 13:03:21] [world] The Player <Funget114514> has picked 1 of STONE at X= -106, Y= 66, Z= -268 | 
[2023-08-07 13:03:22] [world] The Player <Funget114514> has picked 1 of SANDSTONE at X= -107, Y= 66, Z= -269 | 
[2023-08-07 13:03:22] [world] The Player <Funget114514> has picked 1 of SANDSTONE at X= -107, Y= 66, Z= -270 | 
[2023-08-07 13:04:14] [world] The Player <Funget114514> has picked 1 of WHEAT_SEEDS at X= -198, Y= 69, Z= -119 | 
[2023-08-07 13:06:49] [world] The Player <Funget114514> has picked 64 of SPRUCE_LOG at X= 838, Y= 200, Z= 544 | 
[2023-08-07 13:06:50] [world] The Player <Funget114514> has picked 64 of SPRUCE_SLAB at X= 838, Y= 200, Z= 544 | 
[2023-08-07 13:06:50] [world] The Player <Funget114514> has picked 64 of SPRUCE_STAIRS at X= 838, Y= 200, Z= 545 | 
[2023-08-07 13:09:08] [world] The Player <Funget114514> has picked 64 of BREAD at X= 840, Y= 201, Z= 542 | 
[2023-08-07 13:10:44] [world] The Player <Funget114514> has picked 1 of SPRUCE_SLAB at X= 835, Y= 204, Z= 550 | 
[2023-08-07 13:10:49] [world] The Player <Funget114514> has picked 1 of SPRUCE_SLAB at X= 836, Y= 203, Z= 551 | 
[2023-08-07 13:11:40] [world] The Player <Funget114514> has picked 2 of SPRUCE_SLAB at X= 840, Y= 202, Z= 552 | 
[2023-08-07 13:12:58] [world] The Player <Funget114514> has picked 1 of SPRUCE_SLAB at X= 840, Y= 203, Z= 547 | 
[2023-08-07 13:13:04] [world] The Player <Funget114514> has picked 2 of SPRUCE_SLAB at X= 839, Y= 200, Z= 546 | 
[2023-08-07 13:13:24] [world] The Player <Funget114514> has picked 1 of SPRUCE_STAIRS at X= 835, Y= 205, Z= 545 | 
[2023-08-07 13:13:25] [world] The Player <Funget114514> has picked 1 of SPRUCE_STAIRS at X= 834, Y= 204, Z= 544 | 
[2023-08-07 13:13:39] [world] The Player <Funget114514> has picked 1 of SPRUCE_STAIRS at X= 833, Y= 205, Z= 546 | 
[2023-08-07 13:13:47] [world] The Player <Funget114514> has picked 1 of SPRUCE_STAIRS at X= 833, Y= 206, Z= 546 | 
[2023-08-07 13:13:51] [world] The Player <Funget114514> has picked 1 of SPRUCE_STAIRS at X= 833, Y= 205, Z= 546 | 
[2023-08-07 13:13:52] [world] The Player <Funget114514> has picked 1 of SPRUCE_STAIRS at X= 832, Y= 204, Z= 546 | 
[2023-08-07 13:14:05] [world] The Player <Funget114514> has picked 1 of SPRUCE_LOG at X= 833, Y= 208, Z= 545 | 
[2023-08-07 13:14:05] [world] The Player <Funget114514> has picked 1 of SPRUCE_LOG at X= 833, Y= 207, Z= 545 | 
[2023-08-07 13:14:16] [world] The Player <Funget114514> has picked 1 of SPRUCE_SLAB at X= 833, Y= 204, Z= 547 | 
[2023-08-07 13:14:24] [world] The Player <Funget114514> has picked 1 of SPRUCE_SLAB at X= 833, Y= 205, Z= 546 | 
[2023-08-07 13:14:24] [world] The Player <Funget114514> has picked 1 of SPRUCE_SLAB at X= 833, Y= 204, Z= 546 | 
[2023-08-07 13:14:25] [world] The Player <Funget114514> has picked 1 of SPRUCE_STAIRS at X= 831, Y= 200, Z= 547 | 
[2023-08-07 13:14:35] [world] The Player <Funget114514> has picked 1 of SPRUCE_STAIRS at X= 833, Y= 204, Z= 546 | 
[2023-08-07 13:14:45] [world] The Player <Funget114514> has picked 1 of SPRUCE_STAIRS at X= 834, Y= 204, Z= 546 | 
[2023-08-07 13:15:01] [world] The Player <Funget114514> has picked 1 of SPRUCE_STAIRS at X= 833, Y= 206, Z= 548 | 
[2023-08-07 13:15:03] [world] The Player <Funget114514> has picked 1 of SPRUCE_STAIRS at X= 832, Y= 206, Z= 547 | 
[2023-08-07 13:15:10] [world] The Player <Funget114514> has picked 1 of SPRUCE_STAIRS at X= 834, Y= 205, Z= 547 | 
[2023-08-07 13:15:37] [world] The Player <Funget114514> has picked 1 of SPRUCE_STAIRS at X= 833, Y= 206, Z= 552 | 
[2023-08-07 13:15:37] [world] The Player <Funget114514> has picked 1 of SPRUCE_STAIRS at X= 833, Y= 205, Z= 552 | 
[2023-08-07 13:15:38] [world] The Player <Funget114514> has picked 1 of SPRUCE_STAIRS at X= 833, Y= 204, Z= 552 | 
[2023-08-07 13:15:39] [world] The Player <Funget114514> has picked 2 of SPRUCE_STAIRS at X= 834, Y= 206, Z= 551 | 
[2023-08-07 13:15:41] [world] The Player <Funget114514> has picked 2 of SPRUCE_STAIRS at X= 834, Y= 204, Z= 550 | 
[2023-08-07 13:15:41] [world] The Player <Funget114514> has picked 1 of SPRUCE_STAIRS at X= 832, Y= 206, Z= 549 | 
[2023-08-07 13:15:41] [world] The Player <Funget114514> has picked 1 of SPRUCE_STAIRS at X= 833, Y= 205, Z= 549 | 
[2023-08-07 13:15:42] [world] The Player <Funget114514> has picked 1 of SPRUCE_STAIRS at X= 832, Y= 205, Z= 548 | 
[2023-08-07 13:15:42] [world] The Player <Funget114514> has picked 1 of SPRUCE_STAIRS at X= 833, Y= 206, Z= 548 | 
[2023-08-07 13:15:43] [world] The Player <Funget114514> has picked 1 of SPRUCE_STAIRS at X= 833, Y= 205, Z= 547 | 
[2023-08-07 13:15:43] [world] The Player <Funget114514> has picked 1 of SPRUCE_STAIRS at X= 833, Y= 206, Z= 547 | 
[2023-08-07 13:15:44] [world] The Player <Funget114514> has picked 1 of SPRUCE_STAIRS at X= 833, Y= 205, Z= 547 | 
[2023-08-07 13:15:45] [world] The Player <Funget114514> has picked 1 of SPRUCE_STAIRS at X= 833, Y= 204, Z= 546 | 
[2023-08-07 13:15:47] [world] The Player <Funget114514> has picked 1 of SPRUCE_STAIRS at X= 834, Y= 204, Z= 549 | 
[2023-08-07 13:15:47] [world] The Player <Funget114514> has picked 1 of SPRUCE_STAIRS at X= 833, Y= 204, Z= 550 | 
[2023-08-07 13:15:48] [world] The Player <Funget114514> has picked 1 of SPRUCE_STAIRS at X= 833, Y= 204, Z= 550 | 
[2023-08-07 18:07:26] [world] The Player <Funget114514> has picked 1 of NETHERITE_AXE at X= 835, Y= 204, Z= 550 | 三板斧
[2023-08-07 18:07:37] [world] The Player <Funget114514> has picked 1 of NETHERITE_SWORD at X= 835, Y= 204, Z= 549 | 轩辕夏禹剑
[2023-08-07 18:07:41] [world] The Player <Funget114514> has picked 1 of NETHERITE_PICKAXE at X= 835, Y= 204, Z= 548 | 
[2023-08-07 18:07:43] [world] The Player <Funget114514> has picked 1 of BOW at X= 835, Y= 204, Z= 548 | strong bow 1.0
[2023-08-07 18:07:54] [world] The Player <Funget114514> has picked 1 of DIAMOND_HOE at X= 835, Y= 204, Z= 546 | 
[2023-08-07 18:08:03] [world] The Player <Funget114514> has picked 1 of STONE_SWORD at X= 837, Y= 204, Z= 546 | §7探索者剑
[2023-08-07 18:10:13] [world] The Player <Funget114514> has picked 1 of NETHERITE_AXE at X= 838, Y= 204, Z= 552 | 三板斧
[2023-08-07 18:10:17] [world] The Player <Funget114514> has picked 1 of IRON_CHESTPLATE at X= 838, Y= 204, Z= 552 | §7萨满胸甲
[2023-08-07 18:14:35] [world] The Player <Funget114514> has picked 1 of WHEAT_SEEDS at X= -15, Y= 62, Z= -283 | 
[2023-08-07 18:16:36] [world_the_end] The Player <Funget114514> has picked 16 of ENDER_PEARL at X= -17, Y= 1, Z= -277 | 
[2023-08-07 18:16:37] [world_the_end] The Player <Funget114514> has picked 16 of ENDER_PEARL at X= -17, Y= 1, Z= -277 | 
[2023-08-07 18:16:37] [world_the_end] The Player <Funget114514> has picked 16 of ENDER_PEARL at X= -17, Y= 1, Z= -277 | 
[2023-08-07 18:16:44] [world_the_end] The Player <Funget114514> has picked 1 of SMITHING_TABLE at X= -16, Y= 1, Z= -276 | 
[2023-08-07 18:16:45] [world_the_end] The Player <Funget114514> has picked 16 of ENDER_PEARL at X= -15, Y= 1, Z= -277 | 
[2023-08-07 18:16:45] [world_the_end] The Player <Funget114514> has picked 16 of ENDER_PEARL at X= -16, Y= 1, Z= -277 | 
[2023-08-07 18:16:45] [world_the_end] The Player <Funget114514> has picked 16 of ENDER_PEARL at X= -16, Y= 1, Z= -277 | 
[2023-08-07 18:16:45] [world_the_end] The Player <Funget114514> has picked 1 of LEATHER_BOOTS at X= -16, Y= 1, Z= -277 | §7夺心魔靴子
[2023-08-07 18:16:45] [world_the_end] The Player <Funget114514> has picked 16 of ENDER_PEARL at X= -15, Y= 1, Z= -277 | 
[2023-08-07 18:16:45] [world_the_end] The Player <Funget114514> has picked 16 of ENDER_PEARL at X= -16, Y= 0, Z= -277 | 
