[2023-08-09 11:46:52] [world] The Player <Enderlava1234> has picked 5 of BONE at X= -86, Y= 67, Z= -273 | 
[2023-08-09 11:52:12] [world] The Player <Enderlava1234> has picked 2 of PORKCHOP at X= -80, Y= 72, Z= -238 | 
[2023-08-09 14:28:19] [world] The Player <Enderlava> has picked 5 of CHORUS_FLOWER at X= -19, Y= 63, Z= -297 | 
[2023-08-09 14:28:23] [world] The Player <Enderlava> has picked 1 of CHORUS_FLOWER at X= -22, Y= 63, Z= -297 | 
[2023-08-09 14:28:51] [world] The Player <Enderlava> has picked 1 of CHORUS_FLOWER at X= -23, Y= 63, Z= -297 | 
[2023-08-09 14:29:11] [world] The Player <Enderlava> has picked 23 of CHORUS_FRUIT at X= -20, Y= 63, Z= -298 | 
[2023-08-09 14:29:18] [world] The Player <Enderlava> has picked 4 of CHORUS_FLOWER at X= -20, Y= 62, Z= -301 | 
[2023-08-09 14:29:51] [world] The Player <Enderlava> has picked 2 of COBBLESTONE at X= -25, Y= 63, Z= -294 | 
[2023-08-09 14:30:00] [world] The Player <Enderlava> has picked 6 of CHORUS_FRUIT at X= -22, Y= 62, Z= -306 | 
[2023-08-09 14:30:01] [world] The Player <Enderlava> has picked 23 of CHORUS_FRUIT at X= -26, Y= 62, Z= -304 | 
[2023-08-09 14:30:04] [world] The Player <Enderlava> has picked 29 of CHORUS_FRUIT at X= -18, Y= 61, Z= -302 | 
[2023-08-09 14:49:37] [world_the_end] The Player <Enderlava> has picked 1 of DAMAGED_ANVIL at X= 99, Y= 48, Z= 1 | 
[2023-08-09 14:50:47] [world_the_end] The Player <Enderlava> has picked 2 of LADDER at X= 98, Y= 46, Z= 3 | 
[2023-08-09 14:51:17] [world_the_end] The Player <Enderlava> has picked 1 of END_STONE at X= 1, Y= 56, Z= -1 | 
[2023-08-09 14:51:25] [world_the_end] The Player <Enderlava> has picked 1 of SLIME_BLOCK at X= 3, Y= 62, Z= -1 | 
[2023-08-09 14:51:25] [world_the_end] The Player <Enderlava> has picked 1 of SLIME_BLOCK at X= 5, Y= 62, Z= 0 | 
[2023-08-09 14:51:26] [world_the_end] The Player <Enderlava> has picked 1 of SLIME_BLOCK at X= 3, Y= 62, Z= 1 | 
[2023-08-09 14:51:38] [world_the_end] The Player <Enderlava> has picked 1 of SLIME_BLOCK at X= 1, Y= 62, Z= 3 | 
[2023-08-09 14:51:39] [world_the_end] The Player <Enderlava> has picked 1 of SLIME_BLOCK at X= 1, Y= 62, Z= 4 | 
[2023-08-09 14:52:03] [world_the_end] The Player <Enderlava> has picked 4 of SLIME_BLOCK at X= -3, Y= 55, Z= -3 | 
[2023-08-09 14:52:06] [world_the_end] The Player <Enderlava> has picked 3 of SLIME_BLOCK at X= -5, Y= 55, Z= 3 | 
[2023-08-09 14:55:26] [world] The Player <Enderlava> has picked 1 of REDSTONE at X= 1361, Y= -3, Z= 983 | 
[2023-08-09 14:55:27] [world] The Player <Enderlava> has picked 1 of REDSTONE_TORCH at X= 1360, Y= -3, Z= 984 | 
[2023-08-09 14:56:11] [world] The Player <Enderlava> has picked 39 of END_STONE_BRICK_STAIRS at X= 1361, Y= -2, Z= 981 | 
[2023-08-09 14:56:11] [world] The Player <Enderlava> has picked 25 of END_STONE_BRICK_STAIRS at X= 1361, Y= -3, Z= 981 | 
[2023-08-09 14:56:11] [world] The Player <Enderlava> has picked 1 of REDSTONE_TORCH at X= 1361, Y= -5, Z= 980 | 
[2023-08-09 14:56:14] [world] The Player <Enderlava> has picked 1 of BIRCH_PRESSURE_PLATE at X= 1359, Y= -5, Z= 981 | 
[2023-08-09 14:57:21] [world_the_end] The Player <Enderlava> has picked 62 of END_STONE_BRICK_STAIRS at X= 100, Y= 49, Z= 0 | 
[2023-08-09 15:02:14] [world] The Player <Enderlava> has picked 1 of RAIL at X= 1365, Y= -2, Z= 982 | 
[2023-08-09 15:02:14] [world] The Player <Enderlava> has picked 9 of SMOOTH_STONE_SLAB at X= 1365, Y= -3, Z= 983 | 
[2023-08-09 15:02:14] [world] The Player <Enderlava> has picked 5 of CRACKED_STONE_BRICKS at X= 1368, Y= -3, Z= 982 | 
[2023-08-09 15:02:20] [world] The Player <Enderlava> has picked 1 of MINECART at X= 1365, Y= -3, Z= 981 | 
[2023-08-09 15:02:49] [world] The Player <Enderlava> has picked 2 of RAIL at X= 1364, Y= -3, Z= 981 | 
[2023-08-09 15:03:39] [world] The Player <Enderlava> has picked 6 of IRON_BARS at X= 1368, Y= -3, Z= 983 | 
[2023-08-09 15:04:02] [world] The Player <Enderlava> has picked 10 of SMOOTH_STONE_SLAB at X= 1366, Y= -5, Z= 983 | 
[2023-08-09 15:04:04] [world] The Player <Enderlava> has picked 8 of MOSSY_STONE_BRICKS at X= 1366, Y= -3, Z= 985 | 
[2023-08-09 15:04:08] [world] The Player <Enderlava> has picked 10 of SMOOTH_STONE_SLAB at X= 1368, Y= -3, Z= 982 | 
[2023-08-09 15:04:55] [world] The Player <Enderlava> has picked 1 of NAME_TAG at X= 1365, Y= -5, Z= 979 | 命
[2023-08-09 15:05:02] [world] The Player <Enderlava> has picked 8 of MOSSY_STONE_BRICKS at X= 1366, Y= -5, Z= 977 | 
[2023-08-09 15:05:02] [world] The Player <Enderlava> has picked 10 of SMOOTH_STONE_SLAB at X= 1367, Y= -5, Z= 977 | 
[2023-08-09 15:05:06] [world_the_end] The Player <Enderlava> has picked 4 of OAK_TRAPDOOR at X= 100, Y= 49, Z= 0 | 
[2023-08-09 15:06:11] [world] The Player <HEIYAOSHI> has picked 11 of SNOWBALL at X= 1363, Y= -4, Z= 979 | 
[2023-08-09 15:06:28] [world] The Player <Enderlava> has picked 1 of OAK_BOAT at X= 1361, Y= -4, Z= 979 | 
[2023-08-09 15:06:28] [world] The Player <Enderlava> has picked 10 of SMOOTH_STONE_SLAB at X= 1359, Y= -4, Z= 977 | 
[2023-08-09 15:07:16] [world] The Player <Enderlava> has picked 10 of SMOOTH_STONE_SLAB at X= 1360, Y= -5, Z= 981 | 
[2023-08-09 15:07:34] [world_the_end] The Player <Enderlava> has picked 10 of SMOOTH_STONE_SLAB at X= 99, Y= 49, Z= 1 | 
[2023-08-09 15:07:46] [world] The Player <Enderlava> has picked 2 of OAK_TRAPDOOR at X= 1364, Y= -2, Z= 981 | 
[2023-08-09 15:07:50] [world] The Player <Enderlava> has picked 1 of OAK_TRAPDOOR at X= 1365, Y= -2, Z= 981 | 
[2023-08-09 15:08:11] [world_the_end] The Player <Enderlava> has picked 1 of OAK_TRAPDOOR at X= 100, Y= 49, Z= 0 | 
[2023-08-09 15:08:33] [world_the_end] The Player <Enderlava> has picked 1 of GOLDEN_SWORD at X= 100, Y= 1, Z= 3 | 
