[2023-07-17 09:09:47] [world] The Player <Enderlava> has picked 2 of REDSTONE at X= 1066, Y= 207, Z= -203 | 
[2023-07-17 09:11:29] [world] The Player <Enderlava> has picked 1 of SADDLE at X= 1076, Y= 202, Z= -197 | 
[2023-07-17 09:11:33] [world] The Player <Enderlava> has picked 13 of WHITE_BANNER at X= 1077, Y= 202, Z= -197 | §6Ominous Banner
[2023-07-17 09:11:33] [world] The Player <Enderlava> has picked 57 of EMERALD at X= 1076, Y= 202, Z= -197 | 
[2023-07-17 09:11:33] [world] The Player <Enderlava> has picked 1 of TOTEM_OF_UNDYING at X= 1078, Y= 202, Z= -197 | 
[2023-07-17 09:11:34] [world] The Player <Enderlava> has picked 9 of REDSTONE at X= 1076, Y= 202, Z= -196 | 
[2023-07-17 09:11:34] [world] The Player <Enderlava> has picked 7 of EMERALD at X= 1079, Y= 202, Z= -197 | 
[2023-07-17 09:11:34] [world] The Player <Enderlava> has picked 3 of WHITE_BANNER at X= 1080, Y= 202, Z= -196 | §6Ominous Banner
[2023-07-17 09:11:35] [world] The Player <Enderlava> has picked 5 of REDSTONE at X= 1081, Y= 203, Z= -197 | 
[2023-07-17 09:11:37] [world] The Player <Enderlava> has picked 8 of REDSTONE at X= 1080, Y= 201, Z= -196 | 
[2023-07-17 09:12:17] [world] The Player <Enderlava> has picked 1 of CROSSBOW at X= 1080, Y= 202, Z= -197 | 
[2023-07-17 09:12:50] [world] The Player <Enderlava> has picked 1 of SADDLE at X= 1075, Y= 203, Z= -195 | 
[2023-07-17 09:23:13] [world] The Player <Funget114514> has picked 1 of WHITE_WOOL at X= -16, Y= 66, Z= -306 | 
[2023-07-17 11:12:11] [world] The Player <Funget114514> has picked 1 of BLACK_SHULKER_BOX at X= -28, Y= 63, Z= -288 | 矿物
[2023-07-17 11:13:10] [world] The Player <Funget114514> has picked 1 of BLACK_SHULKER_BOX at X= -28, Y= 63, Z= -288 | 矿物
[2023-07-17 11:15:39] [world] The Player <Funget114514> has picked 1 of COBBLESTONE at X= -28, Y= 62, Z= -288 | 
[2023-07-17 11:18:54] [world] The Player <Funget114514> has picked 1 of TRIPWIRE_HOOK at X= -28, Y= 63, Z= -287 | 
[2023-07-17 11:19:47] [world] The Player <Funget114514> has picked 1 of COBBLESTONE at X= -28, Y= 63, Z= -286 | 
[2023-07-17 11:21:34] [world] The Player <Funget114514> has picked 1 of BLUE_SHULKER_BOX at X= -28, Y= 62, Z= -288 | 很强的东西
[2023-07-17 11:24:32] [world] The Player <Funget114514> has picked 1 of BLUE_SHULKER_BOX at X= -28, Y= 62, Z= -288 | 很强的东西
[2023-07-17 11:26:22] [world] The Player <Funget114514> has picked 1 of RED_SHULKER_BOX at X= -28, Y= 63, Z= -287 | 附魔的东西
[2023-07-17 11:29:15] [world_nether] The Player <Funget114514> has picked 1 of SPRUCE_CHEST_BOAT at X= 115, Y= 128, Z= -25 | 
[2023-07-17 11:29:57] [world] The Player <Funget114514> has picked 1 of SPRUCE_CHEST_BOAT at X= 1069, Y= 199, Z= -193 | 
[2023-07-17 11:35:18] [world] The Player <Funget114514> has picked 1 of YELLOW_SHULKER_BOX at X= -28, Y= 63, Z= -287 | 杂物
[2023-07-17 11:35:40] [world] The Player <Funget114514> has picked 1 of BLACK_SHULKER_BOX at X= -28, Y= 63, Z= -286 | 矿物
[2023-07-17 11:40:18] [world] The Player <Funget114514> has picked 7 of WHITE_CARPET at X= -2, Y= 69, Z= -250 | 
[2023-07-17 11:42:11] [world] The Player <Funget114514> has picked 2 of ARROW at X= -976, Y= 71, Z= -1020 | 
[2023-07-17 11:42:11] [world] The Player <Funget114514> has picked 1 of BONE at X= -976, Y= 71, Z= -1020 | 
[2023-07-17 11:44:03] [world] The Player <Funget114514> has picked 1 of COBBLESTONE at X= -977, Y= 68, Z= -1016 | 
[2023-07-17 11:44:04] [world] The Player <Funget114514> has picked 1 of COBBLESTONE at X= -977, Y= 67, Z= -1016 | 
[2023-07-17 11:44:05] [world] The Player <Funget114514> has picked 1 of COBBLESTONE at X= -977, Y= 66, Z= -1016 | 
[2023-07-17 11:44:06] [world] The Player <Funget114514> has picked 1 of SMOOTH_STONE at X= -976, Y= 67, Z= -1016 | 
[2023-07-17 11:44:31] [world] The Player <Funget114514> has picked 62 of POTATO at X= -968, Y= 64, Z= -1007 | 
[2023-07-17 11:44:32] [world] The Player <Funget114514> has picked 1 of GLASS at X= -968, Y= 66, Z= -1007 | 
[2023-07-17 11:45:09] [world] The Player <Funget114514> has picked 1 of SCAFFOLDING at X= -973, Y= 67, Z= -1015 | 
[2023-07-17 11:46:00] [world] The Player <Funget114514> has picked 1 of BONE_MEAL at X= -972, Y= 67, Z= -1019 | 
[2023-07-17 11:46:16] [world] The Player <Funget114514> has picked 1 of SCAFFOLDING at X= -973, Y= 64, Z= -1007 | 
[2023-07-17 11:54:32] [world] The Player <Enderlava> has picked 2 of PORKCHOP at X= -22, Y= 66, Z= -282 | 
[2023-07-17 11:57:03] [world] The Player <Enderlava> has picked 1 of ARROW at X= -57, Y= 69, Z= -159 | 
[2023-07-17 11:57:10] [world] The Player <Enderlava> has picked 4 of ROTTEN_FLESH at X= -59, Y= 68, Z= -159 | 
[2023-07-17 11:57:10] [world] The Player <Enderlava> has picked 2 of ROTTEN_FLESH at X= -59, Y= 68, Z= -160 | 
[2023-07-17 11:57:35] [world] The Player <Enderlava> has picked 5 of ROTTEN_FLESH at X= -62, Y= 66, Z= -164 | 
[2023-07-17 12:02:02] [world] The Player <Enderlava> has picked 1 of KELP at X= -37, Y= 56, Z= -90 | 
[2023-07-17 12:03:34] [world] The Player <Enderlava> has picked 1 of CROSSBOW at X= -56, Y= 62, Z= -77 | §7死灵法师的漂亮的幽灵
[2023-07-17 12:03:54] [world] The Player <Funget114514> has picked 1 of COBBLESTONE at X= -977, Y= 65, Z= -1016 | 
[2023-07-17 12:03:55] [world] The Player <Funget114514> has picked 1 of COBBLESTONE at X= -977, Y= 64, Z= -1016 | 
[2023-07-17 12:03:56] [world] The Player <Funget114514> has picked 1 of COBBLESTONE at X= -977, Y= 65, Z= -1016 | 
[2023-07-17 12:03:57] [world] The Player <Funget114514> has picked 1 of COBBLESTONE at X= -976, Y= 64, Z= -1016 | 
[2023-07-17 12:03:57] [world] The Player <Funget114514> has picked 1 of COBBLESTONE at X= -975, Y= 64, Z= -1016 | 
[2023-07-17 12:03:58] [world] The Player <Funget114514> has picked 2 of COBBLESTONE at X= -976, Y= 64, Z= -1016 | 
[2023-07-17 12:22:54] [world] The Player <Enderlava> has picked 1 of BOOK at X= -91, Y= 63, Z= -61 | §5Elite Projectile Protection Enchanted Book
