[2023-07-18 11:31:46] [world] The Player <Enderlava> has picked 4 of SPIDER_EYE at X= -111, Y= 70, Z= -205 | 
[2023-07-18 11:32:50] [world] The Player <Enderlava> has picked 2 of PHANTOM_MEMBRANE at X= -98, Y= 72, Z= -187 | 
[2023-07-18 11:32:53] [world] The Player <Enderlava> has picked 6 of ROTTEN_FLESH at X= -99, Y= 71, Z= -187 | 
[2023-07-18 11:32:53] [world] The Player <Enderlava> has picked 1 of GUNPOWDER at X= -99, Y= 71, Z= -187 | 
[2023-07-18 11:33:14] [world] The Player <Enderlava> has picked 1 of PHANTOM_MEMBRANE at X= -107, Y= 68, Z= -178 | 
[2023-07-18 11:33:19] [world] The Player <Enderlava> has picked 1 of PHANTOM_MEMBRANE at X= -107, Y= 68, Z= -181 | 
[2023-07-18 11:33:57] [world] The Player <Enderlava> has picked 2 of PHANTOM_MEMBRANE at X= -90, Y= 72, Z= -231 | 
[2023-07-18 11:34:08] [world] The Player <Enderlava> has picked 10 of ROTTEN_FLESH at X= -90, Y= 71, Z= -230 | 
[2023-07-18 11:34:09] [world] The Player <Enderlava> has picked 3 of PHANTOM_MEMBRANE at X= -91, Y= 71, Z= -229 | 
[2023-07-18 11:34:21] [world] The Player <Enderlava> has picked 2 of ROTTEN_FLESH at X= -81, Y= 72, Z= -233 | 
[2023-07-18 11:35:18] [world] The Player <Enderlava> has picked 1 of BOOK at X= -31, Y= 76, Z= -271 | §5Elite Blast Protection Enchanted Book
[2023-07-18 11:36:55] [world] The Player <Enderlava> has picked 3 of PHANTOM_MEMBRANE at X= -17, Y= 66, Z= -276 | 
[2023-07-18 11:37:03] [world] The Player <Enderlava> has picked 1 of PHANTOM_MEMBRANE at X= -23, Y= 69, Z= -275 | 
[2023-07-18 11:37:21] [world] The Player <Enderlava> has picked 1 of PHANTOM_MEMBRANE at X= -30, Y= 71, Z= -279 | 
[2023-07-18 11:37:55] [em_steamworks_lair] The Player <Enderlava> has picked 3 of BONE at X= -61, Y= -49, Z= -112 | 
[2023-07-18 11:37:55] [em_steamworks_lair] The Player <Enderlava> has picked 1 of WRITTEN_BOOK at X= -61, Y= -49, Z= -112 | 
[2023-07-18 11:49:47] [em_sewer_maze] The Player <Enderlava> has picked 1 of BOOK at X= -52, Y= 168, Z= -173 | §5Elite Protection Enchanted Book
[2023-07-18 11:50:16] [em_sewer_maze] The Player <Enderlava> has picked 1 of WRITTEN_BOOK at X= -72, Y= 167, Z= -172 | 
[2023-07-18 11:50:20] [em_sewer_maze] The Player <Enderlava> has picked 1 of WRITTEN_BOOK at X= -72, Y= 167, Z= -172 | 
[2023-07-18 11:53:07] [em_sewer_maze] The Player <Enderlava> has picked 1 of STRING at X= -193, Y= 89, Z= -111 | 
[2023-07-18 11:55:19] [em_sewer_maze] The Player <Enderlava> has picked 1 of STRING at X= -194, Y= 89, Z= -46 | 
[2023-07-18 11:56:08] [em_sewer_maze] The Player <Enderlava> has picked 1 of STRING at X= -191, Y= 88, Z= -111 | 
[2023-07-18 11:59:39] [em_sewer_maze] The Player <Enderlava> has picked 1 of STRING at X= -205, Y= 67, Z= -151 | 
[2023-07-18 11:59:43] [em_sewer_maze] The Player <Enderlava> has picked 1 of STRING at X= -204, Y= 67, Z= -151 | 
[2023-07-18 11:59:46] [em_sewer_maze] The Player <Enderlava> has picked 1 of STRING at X= -204, Y= 67, Z= -149 | 
[2023-07-18 11:59:50] [em_sewer_maze] The Player <Enderlava> has picked 1 of STRING at X= -204, Y= 66, Z= -148 | 
[2023-07-18 11:59:53] [em_sewer_maze] The Player <Enderlava> has picked 1 of STRING at X= -204, Y= 67, Z= -148 | 
[2023-07-18 11:59:59] [em_sewer_maze] The Player <Enderlava> has picked 1 of STRING at X= -204, Y= 67, Z= -153 | 
[2023-07-18 12:00:02] [em_sewer_maze] The Player <Enderlava> has picked 1 of STRING at X= -204, Y= 67, Z= -153 | 
[2023-07-18 12:00:05] [em_sewer_maze] The Player <Enderlava> has picked 1 of STRING at X= -204, Y= 67, Z= -155 | 
[2023-07-18 12:00:08] [em_sewer_maze] The Player <Enderlava> has picked 1 of STRING at X= -205, Y= 67, Z= -155 | 
[2023-07-18 12:00:12] [em_sewer_maze] The Player <Enderlava> has picked 1 of STRING at X= -204, Y= 67, Z= -155 | 
[2023-07-18 12:00:15] [em_sewer_maze] The Player <Enderlava> has picked 1 of STRING at X= -206, Y= 67, Z= -155 | 
[2023-07-18 12:00:18] [em_sewer_maze] The Player <Enderlava> has picked 1 of STRING at X= -204, Y= 66, Z= -155 | 
[2023-07-18 12:00:42] [em_sewer_maze] The Player <Enderlava> has picked 1 of STRING at X= -205, Y= 67, Z= -155 | 
[2023-07-18 12:00:45] [em_sewer_maze] The Player <Enderlava> has picked 1 of STRING at X= -205, Y= 67, Z= -155 | 
[2023-07-18 12:00:50] [em_sewer_maze] The Player <Enderlava> has picked 1 of STRING at X= -205, Y= 66, Z= -154 | 
[2023-07-18 12:00:53] [em_sewer_maze] The Player <Enderlava> has picked 1 of STRING at X= -205, Y= 67, Z= -155 | 
[2023-07-18 12:00:56] [em_sewer_maze] The Player <Enderlava> has picked 1 of STRING at X= -206, Y= 67, Z= -156 | 
[2023-07-18 12:01:02] [em_sewer_maze] The Player <Enderlava> has picked 1 of STRING at X= -205, Y= 67, Z= -155 | 
[2023-07-18 12:01:06] [em_sewer_maze] The Player <Enderlava> has picked 1 of STRING at X= -205, Y= 67, Z= -155 | 
[2023-07-18 12:01:09] [em_sewer_maze] The Player <Enderlava> has picked 1 of STRING at X= -205, Y= 67, Z= -155 | 
[2023-07-18 12:01:12] [em_sewer_maze] The Player <Enderlava> has picked 1 of STRING at X= -206, Y= 66, Z= -156 | 
[2023-07-18 12:01:16] [em_sewer_maze] The Player <Enderlava> has picked 1 of STRING at X= -205, Y= 67, Z= -155 | 
[2023-07-18 12:01:19] [em_sewer_maze] The Player <Enderlava> has picked 1 of STRING at X= -205, Y= 67, Z= -156 | 
[2023-07-18 12:01:23] [em_sewer_maze] The Player <Enderlava> has picked 1 of STRING at X= -205, Y= 66, Z= -155 | 
[2023-07-18 12:01:26] [em_sewer_maze] The Player <Enderlava> has picked 1 of STRING at X= -205, Y= 67, Z= -154 | 
[2023-07-18 12:01:29] [em_sewer_maze] The Player <Enderlava> has picked 1 of STRING at X= -205, Y= 66, Z= -154 | 
[2023-07-18 14:06:04] [world] The Player <Enderlava> has picked 4 of GUNPOWDER at X= -38, Y= 72, Z= -190 | 
[2023-07-18 17:13:25] [world] The Player <Funget114514> has picked 1 of STICK at X= -14, Y= 69, Z= -243 | 
[2023-07-18 17:14:02] [world] The Player <Funget114514> has picked 1 of ENDER_PEARL at X= -13, Y= 69, Z= -245 | 
[2023-07-18 17:20:06] [world_nether] The Player <Funget114514> has picked 1 of SCAFFOLDING at X= -2, Y= 81, Z= -5 | 
[2023-07-18 17:20:10] [world_nether] The Player <Funget114514> has picked 1 of WRITTEN_BOOK at X= -2, Y= 81, Z= -5 | 
[2023-07-18 17:20:11] [world_nether] The Player <Funget114514> has picked 1 of POWERED_RAIL at X= -2, Y= 81, Z= -5 | 
[2023-07-18 17:20:37] [world_nether] The Player <Funget114514> has picked 1 of NETHERITE_SWORD at X= -2, Y= 80, Z= -5 | 
[2023-07-18 17:23:11] [world] The Player <Funget114514> has picked 16 of ENDER_PEARL at X= 6, Y= 113, Z= 15 | 
[2023-07-18 17:23:11] [world] The Player <Funget114514> has picked 9 of ENDER_PEARL at X= 6, Y= 113, Z= 15 | 
[2023-07-18 17:23:11] [world] The Player <Funget114514> has picked 12 of ENDER_PEARL at X= 7, Y= 113, Z= 15 | 
[2023-07-18 17:23:36] [world] The Player <Funget114514> has picked 5 of ENDER_PEARL at X= 5, Y= 113, Z= 14 | 
[2023-07-18 17:23:37] [world] The Player <Funget114514> has picked 16 of ENDER_PEARL at X= 5, Y= 113, Z= 14 | 
[2023-07-18 17:23:37] [world] The Player <Funget114514> has picked 16 of ENDER_PEARL at X= 5, Y= 113, Z= 15 | 
[2023-07-18 17:24:06] [world] The Player <Funget114514> has picked 16 of ENDER_PEARL at X= 5, Y= 113, Z= 15 | 
[2023-07-18 17:24:06] [world] The Player <Funget114514> has picked 5 of ENDER_PEARL at X= 4, Y= 113, Z= 14 | 
[2023-07-18 17:24:06] [world] The Player <Funget114514> has picked 16 of ENDER_PEARL at X= 4, Y= 113, Z= 14 | 
[2023-07-18 17:24:10] [world] The Player <shuaguaita> has picked 5 of ENDER_PEARL at X= 4, Y= 113, Z= 17 | 
[2023-07-18 17:33:49] [world] The Player <Funget114514> has picked 1 of SMOOTH_STONE at X= -17, Y= 69, Z= -251 | 
[2023-07-18 17:33:50] [world] The Player <Funget114514> has picked 1 of SMOOTH_STONE at X= -18, Y= 69, Z= -251 | 
[2023-07-18 17:33:55] [world] The Player <Funget114514> has picked 1 of DIRT at X= -17, Y= 68, Z= -251 | 
[2023-07-18 17:34:13] [world] The Player <Funget114514> has picked 1 of SMOOTH_STONE at X= -17, Y= 68, Z= -251 | 
[2023-07-18 17:34:24] [world] The Player <Funget114514> has picked 1 of SMOOTH_STONE at X= -8, Y= 69, Z= -250 | 
[2023-07-18 17:35:12] [world] The Player <fishing> has picked 1 of SALMON at X= -16, Y= 64, Z= -306 | 
[2023-07-18 17:35:26] [world] The Player <fishing> has picked 1 of COD at X= -16, Y= 64, Z= -306 | 
[2023-07-18 17:35:37] [world] The Player <fishing> has picked 1 of COD at X= -16, Y= 64, Z= -306 | 
[2023-07-18 17:35:52] [world] The Player <fishing> has picked 1 of TROPICAL_FISH at X= -16, Y= 64, Z= -306 | 
[2023-07-18 17:35:58] [world] The Player <fishing> has picked 1 of SALMON at X= -16, Y= 64, Z= -306 | 
[2023-07-18 17:36:14] [world] The Player <fishing> has picked 1 of FISHING_ROD at X= -16, Y= 64, Z= -306 | 
[2023-07-18 17:36:34] [world] The Player <fishing> has picked 1 of COD at X= -16, Y= 64, Z= -306 | 
[2023-07-18 17:36:39] [world] The Player <fishing> has picked 1 of COD at X= -16, Y= 64, Z= -306 | 
[2023-07-18 17:36:55] [world] The Player <fishing> has picked 1 of COD at X= -16, Y= 64, Z= -306 | 
[2023-07-18 17:37:06] [world] The Player <fishing> has picked 1 of COD at X= -16, Y= 64, Z= -306 | 
[2023-07-18 17:37:14] [world] The Player <fishing> has picked 1 of TROPICAL_FISH at X= -16, Y= 64, Z= -306 | 
[2023-07-18 17:37:25] [world] The Player <fishing> has picked 1 of SALMON at X= -16, Y= 64, Z= -306 | 
[2023-07-18 17:37:27] [world] The Player <Funget114514> has picked 1 of MANGROVE_ROOTS at X= -11, Y= 64, Z= -286 | 
[2023-07-18 17:37:36] [world] The Player <fishing> has picked 1 of SALMON at X= -16, Y= 64, Z= -306 | 
[2023-07-18 17:37:44] [world] The Player <fishing> has picked 1 of COD at X= -16, Y= 64, Z= -306 | 
[2023-07-18 17:38:02] [world] The Player <Funget114514> has picked 1 of DIRT at X= -12, Y= 69, Z= -256 | 
[2023-07-18 17:38:04] [world] The Player <fishing> has picked 1 of SALMON at X= -16, Y= 64, Z= -306 | 
[2023-07-18 17:38:04] [world] The Player <Funget114514> has picked 1 of DIRT at X= -12, Y= 69, Z= -255 | 
[2023-07-18 17:38:09] [world] The Player <Funget114514> has picked 2 of DIRT at X= -11, Y= 69, Z= -255 | 
[2023-07-18 17:38:11] [world] The Player <fishing> has picked 1 of PUFFERFISH at X= -16, Y= 64, Z= -306 | 
[2023-07-18 17:38:18] [world] The Player <fishing> has picked 1 of COD at X= -16, Y= 64, Z= -306 | 
[2023-07-18 17:38:32] [world] The Player <fishing> has picked 1 of COD at X= -16, Y= 64, Z= -306 | 
[2023-07-18 17:38:38] [world] The Player <fishing> has picked 1 of COD at X= -16, Y= 64, Z= -306 | 
[2023-07-18 17:38:45] [world] The Player <fishing> has picked 1 of PUFFERFISH at X= -16, Y= 64, Z= -306 | 
[2023-07-18 17:39:04] [world] The Player <fishing> has picked 1 of SALMON at X= -16, Y= 64, Z= -306 | 
[2023-07-18 17:39:11] [world] The Player <fishing> has picked 1 of COD at X= -16, Y= 64, Z= -306 | 
[2023-07-18 17:39:29] [world] The Player <fishing> has picked 1 of COD at X= -16, Y= 64, Z= -306 | 
[2023-07-18 17:39:43] [world] The Player <fishing> has picked 1 of LILY_PAD at X= -16, Y= 64, Z= -306 | 
[2023-07-18 17:39:49] [world] The Player <fishing> has picked 1 of SADDLE at X= -16, Y= 64, Z= -306 | 
[2023-07-18 17:39:57] [world] The Player <fishing> has picked 1 of COD at X= -16, Y= 64, Z= -306 | 
[2023-07-18 17:40:10] [world] The Player <fishing> has picked 1 of SALMON at X= -16, Y= 64, Z= -306 | 
[2023-07-18 17:40:16] [world] The Player <fishing> has picked 1 of COD at X= -16, Y= 64, Z= -306 | 
[2023-07-18 17:40:27] [world] The Player <fishing> has picked 1 of SALMON at X= -16, Y= 64, Z= -306 | 
[2023-07-18 17:40:31] [world] The Player <fishing> has picked 1 of SALMON at X= -16, Y= 64, Z= -306 | 
[2023-07-18 17:40:42] [world] The Player <Funget114514> has picked 2 of PAPER at X= -28, Y= 63, Z= -288 | 
[2023-07-18 17:40:48] [world] The Player <fishing> has picked 1 of COD at X= -16, Y= 64, Z= -306 | 
[2023-07-18 17:40:55] [world] The Player <fishing> has picked 1 of COD at X= -16, Y= 64, Z= -306 | 
[2023-07-18 17:41:07] [world] The Player <fishing> has picked 1 of COD at X= -16, Y= 64, Z= -306 | 
[2023-07-18 17:41:13] [world] The Player <fishing> has picked 1 of PUFFERFISH at X= -16, Y= 64, Z= -306 | 
[2023-07-18 17:41:23] [world] The Player <fishing> has picked 1 of PUFFERFISH at X= -16, Y= 64, Z= -306 | 
[2023-07-18 17:41:32] [world] The Player <fishing> has picked 1 of COD at X= -16, Y= 64, Z= -306 | 
[2023-07-18 17:41:37] [world] The Player <Funget114514> has picked 1 of YELLOW_SHULKER_BOX at X= -28, Y= 63, Z= -288 | 杂物
[2023-07-18 17:41:43] [world] The Player <fishing> has picked 1 of COD at X= -16, Y= 64, Z= -306 | 
[2023-07-18 17:41:47] [world] The Player <fishing> has picked 1 of TRIPWIRE_HOOK at X= -16, Y= 64, Z= -306 | 
[2023-07-18 17:42:00] [world] The Player <fishing> has picked 1 of SALMON at X= -16, Y= 64, Z= -306 | 
[2023-07-18 17:42:10] [world] The Player <Funget114514> has picked 1 of YELLOW_SHULKER_BOX at X= -26, Y= 63, Z= -288 | 杂物
[2023-07-18 17:42:11] [world] The Player <fishing> has picked 1 of COD at X= -16, Y= 64, Z= -306 | 
[2023-07-18 17:42:23] [world] The Player <fishing> has picked 1 of COD at X= -16, Y= 64, Z= -306 | 
[2023-07-18 17:42:28] [world] The Player <fishing> has picked 1 of PUFFERFISH at X= -16, Y= 64, Z= -306 | 
[2023-07-18 17:42:42] [world] The Player <fishing> has picked 1 of COD at X= -16, Y= 64, Z= -306 | 
[2023-07-18 17:42:58] [world] The Player <fishing> has picked 1 of COD at X= -16, Y= 64, Z= -306 | 
[2023-07-18 17:43:13] [world] The Player <Funget114514> has picked 1 of ROTTEN_FLESH at X= -33, Y= 71, Z= -253 | 
[2023-07-18 17:43:13] [world] The Player <Funget114514> has picked 2 of FEATHER at X= -33, Y= 71, Z= -252 | 
[2023-07-18 17:43:13] [world] The Player <Funget114514> has picked 1 of CHICKEN at X= -33, Y= 71, Z= -251 | 
[2023-07-18 17:43:14] [world] The Player <Funget114514> has picked 2 of ROTTEN_FLESH at X= -33, Y= 71, Z= -252 | 
[2023-07-18 17:43:15] [world] The Player <fishing> has picked 1 of COD at X= -16, Y= 64, Z= -306 | 
[2023-07-18 17:43:18] [world] The Player <fishing> has picked 1 of BONE at X= -16, Y= 64, Z= -306 | 
[2023-07-18 17:43:33] [world] The Player <fishing> has picked 1 of COD at X= -16, Y= 64, Z= -306 | 
[2023-07-18 17:43:41] [world] The Player <fishing> has picked 1 of COD at X= -16, Y= 64, Z= -306 | 
[2023-07-18 17:43:48] [world] The Player <fishing> has picked 1 of SALMON at X= -16, Y= 64, Z= -306 | 
[2023-07-18 17:43:57] [world] The Player <Funget114514> has picked 15 of FEATHER at X= -30, Y= 72, Z= -272 | 
[2023-07-18 17:43:57] [world] The Player <Funget114514> has picked 28 of FEATHER at X= -30, Y= 71, Z= -272 | 
[2023-07-18 17:43:57] [world] The Player <Funget114514> has picked 23 of FEATHER at X= -30, Y= 72, Z= -272 | 
[2023-07-18 17:43:57] [world] The Player <Funget114514> has picked 28 of FEATHER at X= -30, Y= 71, Z= -272 | 
[2023-07-18 17:43:57] [world] The Player <Funget114514> has picked 17 of FEATHER at X= -30, Y= 71, Z= -272 | 
[2023-07-18 17:43:57] [world] The Player <Funget114514> has picked 29 of FEATHER at X= -30, Y= 72, Z= -272 | 
[2023-07-18 17:43:57] [world] The Player <Funget114514> has picked 19 of FEATHER at X= -30, Y= 72, Z= -272 | 
[2023-07-18 17:43:57] [world] The Player <Funget114514> has picked 1 of PAPER at X= -30, Y= 72, Z= -272 | 
[2023-07-18 17:43:57] [world] The Player <Funget114514> has picked 61 of FEATHER at X= -30, Y= 72, Z= -272 | 
[2023-07-18 17:43:57] [world] The Player <Funget114514> has picked 36 of FEATHER at X= -30, Y= 71, Z= -272 | 
[2023-07-18 17:44:02] [world] The Player <fishing> has picked 1 of COD at X= -16, Y= 64, Z= -306 | 
[2023-07-18 17:44:05] [world] The Player <Funget114514> has picked 1 of GUNPOWDER at X= -27, Y= 70, Z= -273 | 
[2023-07-18 17:44:05] [world] The Player <Funget114514> has picked 1 of ROTTEN_FLESH at X= -27, Y= 70, Z= -272 | 
[2023-07-18 17:44:09] [world] The Player <Funget114514> has picked 2 of ROTTEN_FLESH at X= -27, Y= 70, Z= -273 | 
[2023-07-18 17:44:09] [world] The Player <Funget114514> has picked 1 of IRON_INGOT at X= -27, Y= 70, Z= -273 | 
[2023-07-18 17:44:09] [world] The Player <Funget114514> has picked 64 of FEATHER at X= -27, Y= 70, Z= -273 | 
[2023-07-18 17:44:10] [world] The Player <fishing> has picked 1 of COD at X= -16, Y= 64, Z= -306 | 
[2023-07-18 17:44:10] [world] The Player <Funget114514> has picked 1 of CHEST at X= -28, Y= 70, Z= -273 | 
[2023-07-18 17:44:13] [world] The Player <Funget114514> has picked 61 of FEATHER at X= -29, Y= 70, Z= -271 | 
[2023-07-18 17:44:13] [world] The Player <Funget114514> has picked 3 of FEATHER at X= -29, Y= 70, Z= -271 | 
[2023-07-18 17:44:19] [world] The Player <Funget114514> has picked 3 of ROTTEN_FLESH at X= -29, Y= 70, Z= -271 | 
[2023-07-18 17:44:21] [world] The Player <Funget114514> has picked 61 of FEATHER at X= -29, Y= 70, Z= -271 | 
[2023-07-18 17:44:21] [world] The Player <Funget114514> has picked 3 of FEATHER at X= -30, Y= 70, Z= -272 | 
[2023-07-18 17:44:21] [world] The Player <Funget114514> has picked 56 of FEATHER at X= -30, Y= 70, Z= -272 | 
[2023-07-18 17:44:21] [world] The Player <Funget114514> has picked 8 of FEATHER at X= -30, Y= 70, Z= -271 | 
[2023-07-18 17:44:22] [world] The Player <Funget114514> has picked 48 of FEATHER at X= -30, Y= 70, Z= -271 | 
[2023-07-18 17:44:23] [world] The Player <Funget114514> has picked 7 of CHICKEN at X= -30, Y= 70, Z= -271 | 
[2023-07-18 17:44:23] [world] The Player <Funget114514> has picked 1 of CARROT at X= -29, Y= 70, Z= -271 | 
[2023-07-18 17:44:24] [world] The Player <fishing> has picked 1 of COD at X= -16, Y= 64, Z= -306 | 
[2023-07-18 17:44:26] [world] The Player <Funget114514> has picked 63 of FEATHER at X= -31, Y= 70, Z= -270 | 
[2023-07-18 17:44:34] [world] The Player <fishing> has picked 1 of PUFFERFISH at X= -16, Y= 64, Z= -306 | 
[2023-07-18 17:44:52] [world] The Player <fishing> has picked 1 of TROPICAL_FISH at X= -16, Y= 64, Z= -306 | 
[2023-07-18 17:45:01] [world] The Player <fishing> has picked 1 of COD at X= -16, Y= 64, Z= -306 | 
[2023-07-18 17:45:13] [world] The Player <fishing> has picked 1 of COD at X= -16, Y= 64, Z= -306 | 
[2023-07-18 17:45:21] [world] The Player <fishing> has picked 1 of PUFFERFISH at X= -16, Y= 64, Z= -306 | 
[2023-07-18 17:45:25] [world] The Player <Funget114514> has picked 1 of PHANTOM_MEMBRANE at X= 1, Y= 78, Z= -205 | 
[2023-07-18 17:45:39] [world] The Player <fishing> has picked 1 of COD at X= -16, Y= 64, Z= -306 | 
[2023-07-18 17:45:51] [world] The Player <fishing> has picked 1 of COD at X= -16, Y= 64, Z= -306 | 
[2023-07-18 17:45:53] [world] The Player <Funget114514> has picked 63 of FEATHER at X= 6, Y= 78, Z= -210 | 
[2023-07-18 17:45:59] [world] The Player <fishing> has picked 1 of COD at X= -16, Y= 64, Z= -306 | 
[2023-07-18 17:46:06] [world] The Player <Funget114514> has picked 64 of PAPER at X= 7, Y= 78, Z= -211 | 
[2023-07-18 17:46:07] [world] The Player <fishing> has picked 1 of COD at X= -16, Y= 64, Z= -306 | 
[2023-07-18 17:46:20] [world] The Player <fishing> has picked 1 of SALMON at X= -16, Y= 64, Z= -306 | 
[2023-07-18 17:46:25] [world] The Player <fishing> has picked 1 of SALMON at X= -16, Y= 64, Z= -306 | 
[2023-07-18 17:46:31] [world] The Player <fishing> has picked 1 of PUFFERFISH at X= -16, Y= 64, Z= -306 | 
[2023-07-18 17:46:44] [world] The Player <fishing> has picked 1 of COD at X= -16, Y= 64, Z= -306 | 
[2023-07-18 17:46:51] [world] The Player <fishing> has picked 1 of PUFFERFISH at X= -16, Y= 64, Z= -306 | 
[2023-07-18 17:47:00] [world] The Player <fishing> has picked 1 of PUFFERFISH at X= -16, Y= 64, Z= -306 | 
[2023-07-18 17:47:12] [world] The Player <fishing> has picked 1 of FISHING_ROD at X= -16, Y= 64, Z= -306 | 
[2023-07-18 17:47:18] [world] The Player <fishing> has picked 1 of COD at X= -16, Y= 64, Z= -306 | 
[2023-07-18 17:47:25] [world] The Player <fishing> has picked 1 of COD at X= -16, Y= 64, Z= -306 | 
[2023-07-18 17:47:45] [world] The Player <fishing> has picked 1 of COD at X= -16, Y= 64, Z= -306 | 
[2023-07-18 17:47:47] [world] The Player <Funget114514> has picked 1 of OAK_SAPLING at X= -43, Y= 73, Z= -242 | 
[2023-07-18 17:48:02] [world] The Player <fishing> has picked 1 of COD at X= -16, Y= 64, Z= -306 | 
[2023-07-18 17:48:15] [world] The Player <fishing> has picked 1 of COD at X= -16, Y= 64, Z= -306 | 
[2023-07-18 17:48:32] [world] The Player <fishing> has picked 1 of COD at X= -16, Y= 64, Z= -306 | 
[2023-07-18 17:48:41] [world] The Player <fishing> has picked 1 of COD at X= -16, Y= 64, Z= -306 | 
[2023-07-18 17:48:57] [world] The Player <fishing> has picked 1 of PUFFERFISH at X= -16, Y= 64, Z= -306 | 
[2023-07-18 17:49:10] [world] The Player <fishing> has picked 1 of COD at X= -16, Y= 64, Z= -306 | 
[2023-07-18 17:49:24] [world] The Player <fishing> has picked 1 of NAME_TAG at X= -16, Y= 64, Z= -306 | 
[2023-07-18 17:49:42] [world] The Player <fishing> has picked 1 of SALMON at X= -16, Y= 64, Z= -306 | 
[2023-07-18 17:49:56] [world] The Player <fishing> has picked 1 of COD at X= -16, Y= 64, Z= -306 | 
[2023-07-18 17:50:03] [world] The Player <Funget114514> has picked 5 of ROTTEN_FLESH at X= -19, Y= 75, Z= -219 | 
[2023-07-18 17:50:12] [world] The Player <Funget114514> has picked 7 of ROTTEN_FLESH at X= -29, Y= 74, Z= -237 | 
[2023-07-18 17:50:13] [world] The Player <fishing> has picked 1 of COD at X= -16, Y= 64, Z= -306 | 
[2023-07-18 17:50:18] [world] The Player <fishing> has picked 1 of PUFFERFISH at X= -16, Y= 64, Z= -306 | 
[2023-07-18 17:50:30] [world] The Player <fishing> has picked 1 of COD at X= -16, Y= 64, Z= -306 | 
[2023-07-18 17:50:36] [world] The Player <fishing> has picked 1 of SADDLE at X= -16, Y= 64, Z= -306 | 
[2023-07-18 17:50:50] [world] The Player <fishing> has picked 1 of SALMON at X= -16, Y= 64, Z= -306 | 
[2023-07-18 17:51:00] [world] The Player <fishing> has picked 1 of PUFFERFISH at X= -16, Y= 64, Z= -306 | 
[2023-07-18 17:51:15] [world] The Player <fishing> has picked 1 of COD at X= -16, Y= 64, Z= -306 | 
[2023-07-18 17:51:27] [world] The Player <fishing> has picked 1 of PUFFERFISH at X= -16, Y= 64, Z= -306 | 
[2023-07-18 17:51:38] [world] The Player <fishing> has picked 1 of LEATHER_BOOTS at X= -16, Y= 64, Z= -306 | 
[2023-07-18 17:51:49] [world] The Player <fishing> has picked 1 of NAME_TAG at X= -16, Y= 64, Z= -306 | 
[2023-07-18 17:52:06] [world] The Player <fishing> has picked 1 of SALMON at X= -16, Y= 64, Z= -306 | 
[2023-07-18 17:52:21] [world] The Player <fishing> has picked 1 of SALMON at X= -16, Y= 64, Z= -306 | 
[2023-07-18 17:52:34] [world] The Player <fishing> has picked 1 of COD at X= -16, Y= 64, Z= -306 | 
[2023-07-18 17:52:45] [world] The Player <fishing> has picked 1 of COD at X= -16, Y= 64, Z= -306 | 
[2023-07-18 17:52:57] [world] The Player <Funget114514> has picked 1 of RED_SHULKER_BOX at X= -27, Y= 63, Z= -288 | 附魔的东西
[2023-07-18 17:53:00] [world] The Player <fishing> has picked 1 of COD at X= -16, Y= 64, Z= -306 | 
[2023-07-18 17:53:08] [world] The Player <fishing> has picked 1 of COD at X= -16, Y= 64, Z= -306 | 
[2023-07-18 17:53:13] [world] The Player <Funget114514> has picked 1 of RED_SHULKER_BOX at X= -27, Y= 63, Z= -288 | 附魔的东西
[2023-07-18 17:53:27] [world] The Player <fishing> has picked 1 of PUFFERFISH at X= -16, Y= 64, Z= -306 | 
[2023-07-18 17:53:33] [world] The Player <fishing> has picked 1 of PUFFERFISH at X= -16, Y= 64, Z= -306 | 
[2023-07-18 17:53:41] [world] The Player <fishing> has picked 1 of FISHING_ROD at X= -16, Y= 64, Z= -306 | 
[2023-07-18 17:53:48] [world] The Player <fishing> has picked 1 of BOW at X= -16, Y= 64, Z= -306 | 
[2023-07-18 17:54:04] [world] The Player <fishing> has picked 1 of SALMON at X= -16, Y= 64, Z= -306 | 
[2023-07-18 17:54:04] [world] The Player <Funget114514> has picked 1 of YELLOW_SHULKER_BOX at X= -27, Y= 63, Z= -288 | 杂物
[2023-07-18 17:54:05] [world] The Player <Funget114514> has picked 20 of ROTTEN_FLESH at X= -28, Y= 63, Z= -288 | 
[2023-07-18 17:54:05] [world] The Player <Funget114514> has picked 1 of IRON_INGOT at X= -28, Y= 63, Z= -288 | 
[2023-07-18 17:54:05] [world] The Player <Funget114514> has picked 1 of PHANTOM_MEMBRANE at X= -28, Y= 63, Z= -288 | 
[2023-07-18 17:54:22] [world] The Player <fishing> has picked 1 of ENCHANTED_BOOK at X= -16, Y= 64, Z= -306 | 
[2023-07-18 17:54:34] [world] The Player <fishing> has picked 1 of SALMON at X= -16, Y= 64, Z= -306 | 
[2023-07-18 17:54:39] [world] The Player <fishing> has picked 1 of NAME_TAG at X= -16, Y= 64, Z= -306 | 
[2023-07-18 17:54:47] [world] The Player <fishing> has picked 1 of POTION at X= -16, Y= 64, Z= -306 | 
[2023-07-18 17:55:04] [world] The Player <fishing> has picked 1 of PUFFERFISH at X= -16, Y= 64, Z= -306 | 
[2023-07-18 17:55:13] [world] The Player <fishing> has picked 1 of SALMON at X= -16, Y= 64, Z= -306 | 
[2023-07-18 17:55:24] [world] The Player <fishing> has picked 1 of BOW at X= -16, Y= 64, Z= -306 | 
[2023-07-18 17:55:26] [world_nether] The Player <Funget114514> has picked 1 of WRITTEN_BOOK at X= 10, Y= 66, Z= -25 | 
[2023-07-18 17:55:27] [world_nether] The Player <Funget114514> has picked 1 of WRITTEN_BOOK at X= 10, Y= 66, Z= -25 | 
[2023-07-18 17:55:27] [world_nether] The Player <Funget114514> has picked 1 of WRITTEN_BOOK at X= 10, Y= 66, Z= -25 | 
[2023-07-18 17:55:28] [world_nether] The Player <Funget114514> has picked 1 of WRITTEN_BOOK at X= 10, Y= 66, Z= -25 | 
[2023-07-18 17:55:28] [world_nether] The Player <Funget114514> has picked 1 of WRITTEN_BOOK at X= 10, Y= 66, Z= -25 | 
[2023-07-18 17:55:29] [world_nether] The Player <Funget114514> has picked 1 of WRITTEN_BOOK at X= 10, Y= 66, Z= -25 | 
[2023-07-18 17:55:30] [world] The Player <fishing> has picked 1 of SALMON at X= -16, Y= 64, Z= -306 | 
[2023-07-18 17:55:35] [world_nether] The Player <Funget114514> has picked 1 of WRITTEN_BOOK at X= 10, Y= 66, Z= -25 | 
[2023-07-18 17:55:40] [world] The Player <fishing> has picked 1 of COD at X= -16, Y= 64, Z= -306 | 
[2023-07-18 17:55:53] [world] The Player <fishing> has picked 1 of SALMON at X= -16, Y= 64, Z= -306 | 
[2023-07-18 17:55:54] [world_nether] The Player <Funget114514> has picked 1 of WRITTEN_BOOK at X= 12, Y= 67, Z= -26 | 
[2023-07-18 17:55:55] [world_nether] The Player <Funget114514> has picked 1 of WRITTEN_BOOK at X= 13, Y= 67, Z= -26 | 
[2023-07-18 17:56:07] [world] The Player <fishing> has picked 1 of COD at X= -16, Y= 64, Z= -306 | 
[2023-07-18 17:56:16] [world] The Player <fishing> has picked 1 of COD at X= -16, Y= 64, Z= -306 | 
[2023-07-18 17:56:23] [world] The Player <fishing> has picked 1 of SALMON at X= -16, Y= 64, Z= -306 | 
[2023-07-18 17:56:29] [world] The Player <fishing> has picked 1 of COD at X= -16, Y= 64, Z= -306 | 
[2023-07-18 17:56:47] [world] The Player <fishing> has picked 1 of COD at X= -16, Y= 64, Z= -306 | 
[2023-07-18 17:56:56] [world] The Player <fishing> has picked 1 of COD at X= -16, Y= 64, Z= -306 | 
[2023-07-18 17:57:07] [world] The Player <fishing> has picked 1 of TROPICAL_FISH at X= -16, Y= 64, Z= -306 | 
[2023-07-18 17:57:19] [world] The Player <fishing> has picked 1 of PUFFERFISH at X= -16, Y= 64, Z= -306 | 
[2023-07-18 17:57:24] [world] The Player <fishing> has picked 1 of COD at X= -16, Y= 64, Z= -306 | 
[2023-07-18 17:57:30] [world] The Player <fishing> has picked 1 of COD at X= -16, Y= 64, Z= -306 | 
[2023-07-18 17:57:42] [world] The Player <fishing> has picked 1 of COD at X= -16, Y= 64, Z= -306 | 
[2023-07-18 17:57:50] [world] The Player <fishing> has picked 1 of COD at X= -16, Y= 64, Z= -306 | 
[2023-07-18 17:57:56] [world] The Player <fishing> has picked 1 of COD at X= -16, Y= 64, Z= -306 | 
[2023-07-18 17:58:05] [world] The Player <fishing> has picked 1 of COD at X= -16, Y= 64, Z= -306 | 
[2023-07-18 17:58:11] [world] The Player <fishing> has picked 1 of COD at X= -16, Y= 64, Z= -306 | 
[2023-07-18 17:58:29] [world] The Player <fishing> has picked 1 of COD at X= -16, Y= 64, Z= -306 | 
[2023-07-18 17:58:36] [world] The Player <fishing> has picked 1 of COD at X= -16, Y= 64, Z= -306 | 
[2023-07-18 17:58:51] [world] The Player <fishing> has picked 1 of COD at X= -16, Y= 64, Z= -306 | 
[2023-07-18 17:59:04] [world] The Player <fishing> has picked 1 of COD at X= -16, Y= 64, Z= -306 | 
[2023-07-18 17:59:23] [world] The Player <fishing> has picked 1 of SALMON at X= -16, Y= 64, Z= -306 | 
[2023-07-18 17:59:27] [world] The Player <fishing> has picked 1 of COD at X= -16, Y= 64, Z= -306 | 
[2023-07-18 17:59:46] [world] The Player <fishing> has picked 1 of NAME_TAG at X= -16, Y= 64, Z= -306 | 
[2023-07-18 18:00:02] [world] The Player <fishing> has picked 1 of COD at X= -16, Y= 64, Z= -306 | 
[2023-07-18 18:00:17] [world] The Player <fishing> has picked 1 of COD at X= -16, Y= 64, Z= -306 | 
[2023-07-18 18:00:33] [world] The Player <fishing> has picked 1 of FISHING_ROD at X= -16, Y= 64, Z= -306 | 
[2023-07-18 18:00:49] [world] The Player <fishing> has picked 1 of COD at X= -16, Y= 64, Z= -306 | 
[2023-07-18 18:01:02] [world] The Player <fishing> has picked 1 of ENCHANTED_BOOK at X= -16, Y= 64, Z= -306 | 
[2023-07-18 18:01:15] [world] The Player <fishing> has picked 1 of SALMON at X= -16, Y= 64, Z= -306 | 
[2023-07-18 18:01:29] [world] The Player <fishing> has picked 1 of SALMON at X= -16, Y= 64, Z= -306 | 
[2023-07-18 18:01:43] [world] The Player <fishing> has picked 1 of PUFFERFISH at X= -16, Y= 64, Z= -306 | 
[2023-07-18 18:01:51] [world] The Player <fishing> has picked 1 of COD at X= -16, Y= 64, Z= -306 | 
[2023-07-18 18:03:12] [world] The Player <fishing> has picked 1 of COD at X= -16, Y= 64, Z= -306 | 
[2023-07-18 18:15:03] [world] The Player <Funget114514> has picked 3 of OAK_LOG at X= 9, Y= 77, Z= -214 | 
[2023-07-18 18:15:06] [world] The Player <Funget114514> has picked 1 of OAK_LOG at X= 10, Y= 78, Z= -213 | 
[2023-07-18 18:15:06] [world] The Player <Funget114514> has picked 1 of OAK_LOG at X= 10, Y= 79, Z= -213 | 
[2023-07-18 18:15:07] [world] The Player <Funget114514> has picked 1 of OAK_LOG at X= 10, Y= 79, Z= -213 | 
[2023-07-18 18:15:08] [world] The Player <Funget114514> has picked 1 of OAK_LOG at X= 7, Y= 78, Z= -215 | 
[2023-07-18 18:15:09] [world] The Player <Funget114514> has picked 1 of OAK_LOG at X= 7, Y= 77, Z= -215 | 
[2023-07-18 18:15:09] [world] The Player <Funget114514> has picked 1 of OAK_LOG at X= 7, Y= 79, Z= -216 | 
[2023-07-18 18:15:10] [world] The Player <Funget114514> has picked 1 of OAK_LOG at X= 7, Y= 79, Z= -215 | 
[2023-07-18 18:15:10] [world] The Player <Funget114514> has picked 1 of OAK_LOG at X= 7, Y= 79, Z= -215 | 
[2023-07-18 18:15:11] [world] The Player <Funget114514> has picked 1 of OAK_LOG at X= 7, Y= 79, Z= -215 | 
[2023-07-18 18:16:23] [world] The Player <Funget114514> has picked 1 of CRAFTING_TABLE at X= 3, Y= 114, Z= 12 | 
[2023-07-18 18:17:36] [world] The Player <Funget114514> has picked 1 of YELLOW_SHULKER_BOX at X= 11, Y= 114, Z= 16 | 杂物
[2023-07-18 18:18:08] [world] The Player <Funget114514> has picked 1 of YELLOW_SHULKER_BOX at X= 12, Y= 114, Z= 15 | 杂物
[2023-07-18 18:18:59] [world] The Player <Funget114514> has picked 1 of YELLOW_SHULKER_BOX at X= 12, Y= 113, Z= 18 | 杂物
[2023-07-18 18:21:16] [world] The Player <Funget114514> has picked 1 of RED_SHULKER_BOX at X= -27, Y= 63, Z= -288 | 附魔的东西
[2023-07-18 18:21:55] [world] The Player <Funget114514> has picked 1 of BLACK_SHULKER_BOX at X= -24, Y= 63, Z= -285 | 矿物
[2023-07-18 18:22:33] [world] The Player <Funget114514> has picked 1 of NETHERRACK at X= -28, Y= 62, Z= -287 | 
[2023-07-18 18:22:35] [world] The Player <Funget114514> has picked 1 of BLUE_SHULKER_BOX at X= -28, Y= 63, Z= -288 | 很强的东西
[2023-07-18 18:27:11] [world] The Player <Funget114514> has picked 2 of ROTTEN_FLESH at X= -40, Y= 71, Z= -274 | 
[2023-07-18 18:27:51] [world] The Player <Enderlava> has picked 1 of COBBLESTONE at X= -13, Y= 71, Z= -241 | 
[2023-07-18 18:36:38] [world] The Player <Enderlava> has picked 1 of OBSERVER at X= -14, Y= 75, Z= -245 | 
[2023-07-18 18:36:38] [world] The Player <Enderlava> has picked 1 of SMOOTH_STONE at X= -14, Y= 69, Z= -245 | 
[2023-07-18 18:38:47] [world] The Player <Enderlava> has picked 1 of LEVER at X= -12, Y= 108, Z= -245 | 
[2023-07-18 18:38:53] [world] The Player <Enderlava> has picked 1 of LEVER at X= -13, Y= 108, Z= -245 | 
[2023-07-18 18:41:27] [world] The Player <Funget114514> has picked 3 of SCAFFOLDING at X= -5, Y= 104, Z= -246 | 
[2023-07-18 18:41:39] [world] The Player <Enderlava> has picked 5 of SCAFFOLDING at X= -8, Y= 75, Z= -243 | 
[2023-07-18 18:42:45] [world] The Player <Enderlava> has picked 1 of SCAFFOLDING at X= -10, Y= 108, Z= -246 | 
[2023-07-18 18:42:53] [world] The Player <Funget114514> has picked 2 of ARROW at X= -38, Y= 72, Z= -209 | 
[2023-07-18 18:43:04] [world] The Player <Enderlava> has picked 1 of SCAFFOLDING at X= -11, Y= 114, Z= -246 | 
[2023-07-18 18:43:23] [world] The Player <Enderlava> has picked 1 of SMOOTH_STONE at X= -15, Y= 114, Z= -245 | 
[2023-07-18 18:43:29] [world] The Player <Enderlava> has picked 1 of OBSERVER at X= -16, Y= 114, Z= -245 | 
[2023-07-18 18:43:34] [world] The Player <Enderlava> has picked 1 of TNT at X= -17, Y= 114, Z= -245 | 
[2023-07-18 18:44:09] [world] The Player <Funget114514> has picked 1 of SCAFFOLDING at X= -12, Y= 108, Z= -245 | 
[2023-07-18 18:44:23] [world] The Player <Funget114514> has picked 1 of SCAFFOLDING at X= -11, Y= 114, Z= -246 | 
[2023-07-18 18:44:27] [world] The Player <Funget114514> has picked 1 of COBBLESTONE at X= -17, Y= 114, Z= -245 | 
[2023-07-18 18:44:43] [world] The Player <Funget114514> has picked 5 of ROTTEN_FLESH at X= -14, Y= 69, Z= -245 | 
[2023-07-18 18:44:43] [world] The Player <Funget114514> has picked 1 of SCAFFOLDING at X= -13, Y= 69, Z= -245 | 
[2023-07-18 18:44:53] [world] The Player <Enderlava> has picked 1 of SMOOTH_STONE at X= -15, Y= 114, Z= -245 | 
[2023-07-18 18:45:03] [world] The Player <Enderlava> has picked 1 of SMOOTH_STONE at X= -14, Y= 114, Z= -244 | 
[2023-07-18 18:51:39] [world] The Player <Enderlava> has picked 1 of COBBLESTONE at X= 6, Y= 67, Z= -279 | 
[2023-07-18 18:51:40] [world] The Player <Enderlava> has picked 1 of COBBLESTONE at X= 6, Y= 66, Z= -280 | 
[2023-07-18 18:51:41] [world] The Player <Enderlava> has picked 1 of COBBLESTONE at X= 6, Y= 65, Z= -279 | 
[2023-07-18 18:51:41] [world] The Player <Enderlava> has picked 1 of COBBLESTONE at X= 6, Y= 68, Z= -280 | 
[2023-07-18 18:51:42] [world] The Player <Enderlava> has picked 1 of COBBLESTONE at X= 5, Y= 68, Z= -279 | 
[2023-07-18 18:51:43] [world] The Player <Enderlava> has picked 2 of COBBLESTONE at X= 5, Y= 67, Z= -278 | 
[2023-07-18 18:51:50] [world] The Player <Enderlava> has picked 1 of COBBLESTONE at X= 4, Y= 63, Z= -280 | 
[2023-07-18 19:02:21] [world] The Player <Enderlava> has picked 1 of CROSSBOW at X= 6, Y= 69, Z= -258 | §7射手
[2023-07-18 19:05:00] [world] The Player <Enderlava> has picked 1 of CHAINMAIL_BOOTS at X= 123, Y= 62, Z= -120 | §7约束者
[2023-07-18 19:25:59] [world] The Player <Funget114514> has picked 4 of PHANTOM_MEMBRANE at X= -26, Y= 73, Z= -239 | 
[2023-07-18 19:26:03] [world] The Player <Funget114514> has picked 1 of WRITTEN_BOOK at X= -25, Y= 73, Z= -238 | 
[2023-07-18 19:26:23] [world] The Player <Funget114514> has picked 1 of CARROT_ON_A_STICK at X= -15, Y= 69, Z= -231 | §b迟钝护符
[2023-07-18 19:26:25] [world] The Player <Funget114514> has picked 1 of ROTTEN_FLESH at X= -11, Y= 69, Z= -228 | 
[2023-07-18 19:26:28] [world] The Player <Funget114514> has picked 1 of SHIELD at X= -15, Y= 69, Z= -226 | §9巫妖盾牌
[2023-07-18 19:27:58] [world] The Player <Funget114514> has picked 2 of PHANTOM_MEMBRANE at X= -16, Y= 69, Z= -227 | 
[2023-07-18 19:28:03] [world] The Player <Funget114514> has picked 1 of WRITTEN_BOOK at X= -16, Y= 69, Z= -228 | 
[2023-07-18 19:29:20] [world] The Player <Enderlava> has picked 1 of WRITTEN_BOOK at X= -17, Y= 69, Z= -228 | 
[2023-07-18 19:29:21] [world] The Player <Enderlava> has picked 1 of ROTTEN_FLESH at X= -16, Y= 69, Z= -228 | 
[2023-07-18 19:29:22] [world] The Player <Enderlava> has picked 1 of CHAINMAIL_BOOTS at X= -16, Y= 69, Z= -228 | §7约束者
[2023-07-18 19:29:24] [world] The Player <Enderlava> has picked 1 of WRITTEN_BOOK at X= -16, Y= 69, Z= -228 | 
[2023-07-18 19:29:47] [world] The Player <Enderlava> has picked 2 of PHANTOM_MEMBRANE at X= -18, Y= 77, Z= -231 | 
[2023-07-18 19:39:43] [world] The Player <Enderlava> has picked 53 of REDSTONE at X= -4, Y= 69, Z= -250 | 
[2023-07-18 19:40:10] [world] The Player <Enderlava> has picked 1 of OAK_TRAPDOOR at X= -5, Y= 70, Z= -244 | 
[2023-07-18 19:40:27] [world] The Player <Enderlava> has picked 5 of REPEATER at X= -3, Y= 69, Z= -250 | 
[2023-07-18 19:40:38] [world] The Player <Enderlava> has picked 52 of REDSTONE at X= -3, Y= 69, Z= -247 | 
[2023-07-18 19:41:47] [world] The Player <Enderlava> has picked 1 of COBBLESTONE at X= -13, Y= 68, Z= -245 | 
[2023-07-18 19:41:48] [world] The Player <Enderlava> has picked 1 of COBBLESTONE at X= -14, Y= 68, Z= -245 | 
[2023-07-18 19:41:48] [world] The Player <Enderlava> has picked 1 of COBBLESTONE at X= -13, Y= 67, Z= -245 | 
[2023-07-18 19:41:49] [world] The Player <Enderlava> has picked 1 of COBBLESTONE at X= -14, Y= 67, Z= -245 | 
[2023-07-18 19:41:52] [world] The Player <Enderlava> has picked 1 of COBBLESTONE at X= -14, Y= 66, Z= -245 | 
[2023-07-18 19:41:52] [world] The Player <Enderlava> has picked 1 of COBBLESTONE at X= -14, Y= 66, Z= -245 | 
[2023-07-18 19:41:54] [world] The Player <Enderlava> has picked 1 of COBBLESTONE at X= -14, Y= 65, Z= -245 | 
[2023-07-18 19:41:54] [world] The Player <Enderlava> has picked 1 of COBBLESTONE at X= -14, Y= 65, Z= -245 | 
[2023-07-18 19:41:55] [world] The Player <Enderlava> has picked 1 of COBBLESTONE at X= -13, Y= 65, Z= -245 | 
[2023-07-18 19:41:56] [world] The Player <Enderlava> has picked 3 of COBBLESTONE at X= -12, Y= 65, Z= -245 | 
[2023-07-18 19:41:56] [world] The Player <Enderlava> has picked 4 of COBBLESTONE at X= -10, Y= 65, Z= -245 | 
[2023-07-18 19:41:57] [world] The Player <Enderlava> has picked 3 of COBBLESTONE at X= -10, Y= 65, Z= -245 | 
[2023-07-18 19:41:58] [world] The Player <Enderlava> has picked 3 of COBBLESTONE at X= -8, Y= 65, Z= -245 | 
[2023-07-18 19:42:16] [world] The Player <Enderlava> has picked 1 of COBBLESTONE at X= -8, Y= 67, Z= -245 | 
[2023-07-18 19:42:16] [world] The Player <Enderlava> has picked 1 of COBBLESTONE at X= -8, Y= 67, Z= -245 | 
[2023-07-18 19:42:17] [world] The Player <Enderlava> has picked 1 of COBBLESTONE at X= -8, Y= 67, Z= -245 | 
[2023-07-18 19:42:19] [world] The Player <Enderlava> has picked 1 of TORCH at X= -7, Y= 69, Z= -246 | 
[2023-07-18 19:42:40] [world] The Player <Funget114514> has picked 1 of TORCH at X= -7, Y= 65, Z= -245 | 
[2023-07-18 19:42:58] [world] The Player <Enderlava> has picked 3 of COBBLESTONE at X= -9, Y= 65, Z= -245 | 
[2023-07-18 19:43:16] [world] The Player <Funget114514> has picked 1 of SMOOTH_STONE at X= -7, Y= 66, Z= -245 | 
[2023-07-18 19:43:24] [world] The Player <Funget114514> has picked 1 of STONE at X= -7, Y= 66, Z= -246 | 
[2023-07-18 19:43:24] [world] The Player <Funget114514> has picked 1 of SCAFFOLDING at X= -7, Y= 66, Z= -245 | 
[2023-07-18 19:43:24] [world] The Player <Funget114514> has picked 1 of STONE at X= -7, Y= 67, Z= -245 | 
[2023-07-18 19:43:24] [world] The Player <Funget114514> has picked 1 of STONE at X= -6, Y= 67, Z= -245 | 
[2023-07-18 19:43:57] [world] The Player <Funget114514> has picked 1 of BUCKET at X= -8, Y= 65, Z= -245 | 
[2023-07-18 19:51:59] [world] The Player <fishing> has picked 1 of SALMON at X= -16, Y= 64, Z= -306 | 
[2023-07-18 19:52:10] [world] The Player <fishing> has picked 1 of COD at X= -16, Y= 64, Z= -306 | 
[2023-07-18 19:52:19] [world] The Player <fishing> has picked 1 of COD at X= -16, Y= 64, Z= -306 | 
[2023-07-18 19:52:19] [world] The Player <Enderlava> has picked 1 of ROTTEN_FLESH at X= 41, Y= 63, Z= -272 | 
[2023-07-18 19:52:26] [world] The Player <Funget114514> has picked 1 of IRON_LEGGINGS at X= 40, Y= 67, Z= -269 | §7饥饿的探索者
[2023-07-18 19:52:26] [world] The Player <Funget114514> has picked 3 of ROTTEN_FLESH at X= 39, Y= 67, Z= -269 | 
[2023-07-18 19:52:35] [world] The Player <fishing> has picked 1 of COD at X= -16, Y= 64, Z= -306 | 
[2023-07-18 19:52:54] [world] The Player <fishing> has picked 1 of SALMON at X= -16, Y= 64, Z= -306 | 
[2023-07-18 19:53:03] [world] The Player <fishing> has picked 1 of PUFFERFISH at X= -16, Y= 64, Z= -306 | 
[2023-07-18 19:53:03] [world] The Player <Enderlava> has picked 3 of ROTTEN_FLESH at X= 37, Y= 55, Z= -276 | 
[2023-07-18 19:53:12] [world] The Player <fishing> has picked 1 of COD at X= -16, Y= 64, Z= -306 | 
[2023-07-18 19:53:25] [world] The Player <fishing> has picked 1 of PUFFERFISH at X= -16, Y= 64, Z= -306 | 
[2023-07-18 19:53:32] [world] The Player <Enderlava> has picked 1 of ROTTEN_FLESH at X= 46, Y= 58, Z= -276 | 
[2023-07-18 19:53:33] [world] The Player <Funget114514> has picked 4 of ROTTEN_FLESH at X= 46, Y= 61, Z= -273 | 
[2023-07-18 19:53:38] [world] The Player <fishing> has picked 1 of COD at X= -16, Y= 64, Z= -306 | 
[2023-07-18 19:53:46] [world] The Player <fishing> has picked 1 of PUFFERFISH at X= -16, Y= 64, Z= -306 | 
[2023-07-18 19:53:58] [world] The Player <fishing> has picked 1 of COD at X= -16, Y= 64, Z= -306 | 
[2023-07-18 19:54:02] [world] The Player <Enderlava> has picked 1 of CARROT at X= 47, Y= 50, Z= -274 | 
[2023-07-18 19:54:02] [world] The Player <Enderlava> has picked 3 of ROTTEN_FLESH at X= 48, Y= 50, Z= -274 | 
[2023-07-18 19:54:10] [world] The Player <fishing> has picked 1 of BONE at X= -16, Y= 64, Z= -306 | 
[2023-07-18 19:54:29] [world] The Player <Funget114514> has picked 2 of ROTTEN_FLESH at X= 39, Y= 55, Z= -275 | 
[2023-07-18 19:54:29] [world] The Player <fishing> has picked 1 of BOW at X= -16, Y= 64, Z= -306 | 
[2023-07-18 19:54:31] [world] The Player <Enderlava> has picked 2 of ROTTEN_FLESH at X= 47, Y= 60, Z= -272 | 
[2023-07-18 19:54:35] [world] The Player <Enderlava> has picked 3 of ROTTEN_FLESH at X= 43, Y= 57, Z= -272 | 
[2023-07-18 19:54:39] [world] The Player <fishing> has picked 1 of COD at X= -16, Y= 64, Z= -306 | 
[2023-07-18 19:54:47] [world] The Player <Enderlava> has picked 3 of ROTTEN_FLESH at X= 41, Y= 59, Z= -268 | 
[2023-07-18 19:54:47] [world] The Player <Funget114514> has picked 2 of ROTTEN_FLESH at X= 42, Y= 61, Z= -274 | 
[2023-07-18 19:54:48] [world] The Player <fishing> has picked 1 of SALMON at X= -16, Y= 64, Z= -306 | 
[2023-07-18 19:54:58] [world] The Player <fishing> has picked 1 of POTION at X= -16, Y= 64, Z= -306 | 
[2023-07-18 19:55:08] [world] The Player <Funget114514> has picked 6 of CHAIN at X= 40, Y= 58, Z= -271 | 
[2023-07-18 19:55:14] [world] The Player <Enderlava> has picked 1 of IRON_INGOT at X= 45, Y= 62, Z= -271 | 
[2023-07-18 19:55:14] [world] The Player <Enderlava> has picked 10 of ROTTEN_FLESH at X= 46, Y= 62, Z= -268 | 
[2023-07-18 19:55:15] [world] The Player <fishing> has picked 1 of COD at X= -16, Y= 64, Z= -306 | 
[2023-07-18 19:55:23] [world] The Player <Funget114514> has picked 1 of EGG at X= 44, Y= 72, Z= -253 | 
[2023-07-18 19:55:33] [world] The Player <fishing> has picked 1 of COD at X= -16, Y= 64, Z= -306 | 
[2023-07-18 19:55:45] [world] The Player <fishing> has picked 1 of PUFFERFISH at X= -16, Y= 64, Z= -306 | 
[2023-07-18 19:55:54] [world] The Player <fishing> has picked 1 of NAUTILUS_SHELL at X= -16, Y= 64, Z= -306 | 
[2023-07-18 19:56:04] [world] The Player <Enderlava> has picked 5 of ROTTEN_FLESH at X= 51, Y= 59, Z= -266 | 
[2023-07-18 19:56:04] [world] The Player <Funget114514> has picked 2 of ROTTEN_FLESH at X= 53, Y= 48, Z= -266 | 
[2023-07-18 19:56:13] [world] The Player <fishing> has picked 1 of COD at X= -16, Y= 64, Z= -306 | 
[2023-07-18 19:56:19] [world] The Player <Enderlava> has picked 1 of COPPER_INGOT at X= 55, Y= 48, Z= -267 | 
[2023-07-18 19:56:19] [world] The Player <fishing> has picked 1 of COD at X= -16, Y= 64, Z= -306 | 
[2023-07-18 19:56:22] [world] The Player <Enderlava> has picked 2 of ROTTEN_FLESH at X= 52, Y= 49, Z= -266 | 
[2023-07-18 19:56:22] [world] The Player <Enderlava> has picked 1 of BAKED_POTATO at X= 52, Y= 49, Z= -266 | 
[2023-07-18 19:56:23] [world] The Player <Enderlava> has picked 4 of ROTTEN_FLESH at X= 51, Y= 50, Z= -265 | 
[2023-07-18 19:56:23] [world] The Player <Enderlava> has picked 5 of ROTTEN_FLESH at X= 50, Y= 48, Z= -264 | 
[2023-07-18 19:56:25] [world] The Player <Funget114514> has picked 1 of IRON_INGOT at X= 47, Y= 52, Z= -276 | 
[2023-07-18 19:56:28] [world] The Player <Enderlava> has picked 1 of IRON_INGOT at X= 51, Y= 49, Z= -269 | 
[2023-07-18 19:56:31] [world] The Player <Enderlava> has picked 6 of ROTTEN_FLESH at X= 51, Y= 50, Z= -273 | 
[2023-07-18 19:56:33] [world] The Player <fishing> has picked 1 of COD at X= -16, Y= 64, Z= -306 | 
[2023-07-18 19:56:34] [world] The Player <Enderlava> has picked 4 of ROTTEN_FLESH at X= 49, Y= 50, Z= -286 | 
[2023-07-18 19:56:36] [world] The Player <Enderlava> has picked 4 of ROTTEN_FLESH at X= 46, Y= 51, Z= -276 | 
[2023-07-18 19:56:38] [world] The Player <Enderlava> has picked 1 of BAKED_POTATO at X= 46, Y= 51, Z= -274 | 
[2023-07-18 19:56:38] [world] The Player <Enderlava> has picked 7 of ROTTEN_FLESH at X= 46, Y= 51, Z= -274 | 
[2023-07-18 19:56:44] [world] The Player <fishing> has picked 1 of COD at X= -16, Y= 64, Z= -306 | 
[2023-07-18 19:56:49] [world] The Player <Enderlava> has picked 1 of ROTTEN_FLESH at X= 55, Y= 63, Z= -274 | 
[2023-07-18 19:56:50] [world] The Player <Funget114514> has picked 10 of ROTTEN_FLESH at X= 48, Y= 61, Z= -278 | 
[2023-07-18 19:56:59] [world] The Player <Funget114514> has picked 2 of COPPER_INGOT at X= 47, Y= 62, Z= -276 | 
[2023-07-18 19:56:59] [world] The Player <fishing> has picked 1 of PUFFERFISH at X= -16, Y= 64, Z= -306 | 
[2023-07-18 19:57:17] [world] The Player <fishing> has picked 1 of PUFFERFISH at X= -16, Y= 64, Z= -306 | 
[2023-07-18 19:57:24] [world] The Player <Funget114514> has picked 1 of BOOK at X= 50, Y= 56, Z= -280 | §5Elite Channeling Enchanted Book
[2023-07-18 19:57:24] [world] The Player <fishing> has picked 1 of SADDLE at X= -16, Y= 64, Z= -306 | 
[2023-07-18 19:57:25] [world] The Player <Funget114514> has picked 1 of BOOK at X= 49, Y= 62, Z= -282 | §5Elite Fortune Enchanted Book
[2023-07-18 19:57:25] [world] The Player <Funget114514> has picked 1 of ENCHANTED_BOOK at X= 51, Y= 62, Z= -282 | §4哲理伦宝典
[2023-07-18 19:57:25] [world] The Player <Funget114514> has picked 1 of ENCHANTED_BOOK at X= 51, Y= 62, Z= -282 | §4哲理伦宝典
[2023-07-18 19:57:25] [world] The Player <Funget114514> has picked 1 of ENCHANTED_BOOK at X= 51, Y= 62, Z= -282 | §4哲理伦宝典
[2023-07-18 19:57:26] [world] The Player <Funget114514> has picked 1 of ENCHANTED_BOOK at X= 51, Y= 62, Z= -282 | §4哲理伦宝典
[2023-07-18 19:57:26] [world] The Player <Funget114514> has picked 1 of ENCHANTED_BOOK at X= 51, Y= 62, Z= -282 | §4哲理伦宝典
[2023-07-18 19:57:26] [world] The Player <Funget114514> has picked 1 of ENCHANTED_BOOK at X= 51, Y= 62, Z= -282 | §4哲理伦宝典
[2023-07-18 19:57:26] [world] The Player <Funget114514> has picked 1 of ENCHANTED_BOOK at X= 51, Y= 62, Z= -282 | §4哲理伦宝典
[2023-07-18 19:57:26] [world] The Player <Funget114514> has picked 1 of ENCHANTED_BOOK at X= 51, Y= 62, Z= -282 | §4哲理伦宝典
[2023-07-18 19:57:26] [world] The Player <Funget114514> has picked 1 of ENCHANTED_BOOK at X= 51, Y= 62, Z= -282 | §4哲理伦宝典
[2023-07-18 19:57:26] [world] The Player <Funget114514> has picked 1 of ENCHANTED_BOOK at X= 51, Y= 62, Z= -282 | §4哲理伦宝典
[2023-07-18 19:57:26] [world] The Player <Funget114514> has picked 1 of ENCHANTED_BOOK at X= 51, Y= 62, Z= -282 | §4哲理伦宝典
[2023-07-18 19:57:27] [world] The Player <Funget114514> has picked 1 of ENCHANTED_BOOK at X= 51, Y= 62, Z= -282 | §4哲理伦宝典
[2023-07-18 19:57:27] [world] The Player <Funget114514> has picked 1 of ENCHANTED_BOOK at X= 51, Y= 62, Z= -282 | §4哲理伦宝典
[2023-07-18 19:57:27] [world] The Player <Funget114514> has picked 1 of ENCHANTED_BOOK at X= 51, Y= 62, Z= -282 | §4哲理伦宝典
[2023-07-18 19:57:27] [world] The Player <Funget114514> has picked 1 of ENCHANTED_BOOK at X= 51, Y= 62, Z= -282 | §4哲理伦宝典
[2023-07-18 19:57:27] [world] The Player <Funget114514> has picked 1 of ENCHANTED_BOOK at X= 51, Y= 62, Z= -282 | §4哲理伦宝典
[2023-07-18 19:57:27] [world] The Player <Funget114514> has picked 1 of ENCHANTED_BOOK at X= 51, Y= 62, Z= -282 | §4哲理伦宝典
[2023-07-18 19:57:27] [world] The Player <Funget114514> has picked 1 of ENCHANTED_BOOK at X= 51, Y= 62, Z= -282 | §4哲理伦宝典
[2023-07-18 19:57:27] [world] The Player <Funget114514> has picked 1 of ENCHANTED_BOOK at X= 51, Y= 62, Z= -282 | §4哲理伦宝典
[2023-07-18 19:57:27] [world] The Player <Funget114514> has picked 1 of ENCHANTED_BOOK at X= 51, Y= 62, Z= -282 | §4哲理伦宝典
[2023-07-18 19:57:27] [world] The Player <Funget114514> has picked 1 of ENCHANTED_BOOK at X= 51, Y= 62, Z= -282 | §4哲理伦宝典
[2023-07-18 19:57:27] [world] The Player <Funget114514> has picked 1 of ENCHANTED_BOOK at X= 51, Y= 62, Z= -282 | §4哲理伦宝典
[2023-07-18 19:57:27] [world] The Player <Funget114514> has picked 1 of ENCHANTED_BOOK at X= 51, Y= 62, Z= -282 | §4哲理伦宝典
[2023-07-18 19:57:27] [world] The Player <Funget114514> has picked 1 of ENCHANTED_BOOK at X= 51, Y= 62, Z= -282 | §4哲理伦宝典
[2023-07-18 19:57:27] [world] The Player <Funget114514> has picked 1 of ENCHANTED_BOOK at X= 51, Y= 62, Z= -282 | §4哲理伦宝典
[2023-07-18 19:57:27] [world] The Player <Funget114514> has picked 1 of ENCHANTED_BOOK at X= 51, Y= 62, Z= -282 | §4哲理伦宝典
[2023-07-18 19:57:27] [world] The Player <Funget114514> has picked 1 of ENCHANTED_BOOK at X= 51, Y= 62, Z= -282 | §4哲理伦宝典
[2023-07-18 19:57:28] [world] The Player <Funget114514> has picked 1 of ENCHANTED_BOOK at X= 51, Y= 62, Z= -282 | §4哲理伦宝典
[2023-07-18 19:57:28] [world] The Player <Funget114514> has picked 1 of ENCHANTED_BOOK at X= 51, Y= 62, Z= -282 | §4哲理伦宝典
[2023-07-18 19:57:28] [world] The Player <Funget114514> has picked 1 of ENCHANTED_BOOK at X= 51, Y= 62, Z= -282 | §4哲理伦宝典
[2023-07-18 19:57:28] [world] The Player <Funget114514> has picked 1 of ENCHANTED_BOOK at X= 51, Y= 62, Z= -282 | §4哲理伦宝典
[2023-07-18 19:57:28] [world] The Player <Funget114514> has picked 1 of ENCHANTED_BOOK at X= 51, Y= 62, Z= -282 | §4哲理伦宝典
[2023-07-18 19:57:28] [world] The Player <Funget114514> has picked 1 of ENCHANTED_BOOK at X= 51, Y= 62, Z= -282 | §4哲理伦宝典
[2023-07-18 19:57:28] [world] The Player <Funget114514> has picked 1 of ENCHANTED_BOOK at X= 51, Y= 62, Z= -282 | §4哲理伦宝典
[2023-07-18 19:57:28] [world] The Player <Funget114514> has picked 1 of ENCHANTED_BOOK at X= 51, Y= 62, Z= -282 | §4哲理伦宝典
[2023-07-18 19:57:28] [world] The Player <Funget114514> has picked 1 of ENCHANTED_BOOK at X= 51, Y= 62, Z= -282 | §4哲理伦宝典
[2023-07-18 19:57:28] [world] The Player <Funget114514> has picked 1 of ENCHANTED_BOOK at X= 51, Y= 62, Z= -282 | §4哲理伦宝典
[2023-07-18 19:57:28] [world] The Player <Funget114514> has picked 1 of ENCHANTED_BOOK at X= 51, Y= 62, Z= -282 | §4哲理伦宝典
[2023-07-18 19:57:28] [world] The Player <Funget114514> has picked 1 of ENCHANTED_BOOK at X= 51, Y= 62, Z= -282 | §4哲理伦宝典
[2023-07-18 19:57:28] [world] The Player <Funget114514> has picked 1 of ENCHANTED_BOOK at X= 51, Y= 62, Z= -282 | §4哲理伦宝典
[2023-07-18 19:57:28] [world] The Player <Funget114514> has picked 1 of ENCHANTED_BOOK at X= 51, Y= 62, Z= -282 | §4哲理伦宝典
[2023-07-18 19:57:28] [world] The Player <Funget114514> has picked 1 of ENCHANTED_BOOK at X= 51, Y= 62, Z= -282 | §4哲理伦宝典
[2023-07-18 19:57:28] [world] The Player <Funget114514> has picked 1 of ENCHANTED_BOOK at X= 51, Y= 62, Z= -282 | §4哲理伦宝典
[2023-07-18 19:57:28] [world] The Player <Funget114514> has picked 1 of ENCHANTED_BOOK at X= 51, Y= 62, Z= -282 | §4哲理伦宝典
[2023-07-18 19:57:28] [world] The Player <Funget114514> has picked 1 of ENCHANTED_BOOK at X= 51, Y= 62, Z= -282 | §4哲理伦宝典
[2023-07-18 19:57:28] [world] The Player <Funget114514> has picked 1 of ENCHANTED_BOOK at X= 51, Y= 62, Z= -282 | §4哲理伦宝典
[2023-07-18 19:57:28] [world] The Player <Funget114514> has picked 1 of ENCHANTED_BOOK at X= 51, Y= 62, Z= -282 | §4哲理伦宝典
[2023-07-18 19:57:29] [world] The Player <Funget114514> has picked 1 of ENCHANTED_BOOK at X= 51, Y= 62, Z= -282 | §4哲理伦宝典
[2023-07-18 19:57:29] [world] The Player <Funget114514> has picked 1 of ENCHANTED_BOOK at X= 51, Y= 62, Z= -282 | §4哲理伦宝典
[2023-07-18 19:57:29] [world] The Player <Funget114514> has picked 1 of ENCHANTED_BOOK at X= 51, Y= 62, Z= -282 | §4哲理伦宝典
[2023-07-18 19:57:29] [world] The Player <Funget114514> has picked 1 of ENCHANTED_BOOK at X= 51, Y= 62, Z= -282 | §4哲理伦宝典
[2023-07-18 19:57:29] [world] The Player <Funget114514> has picked 6 of ROTTEN_FLESH at X= 49, Y= 62, Z= -282 | 
[2023-07-18 19:57:30] [world] The Player <fishing> has picked 1 of SALMON at X= -16, Y= 64, Z= -306 | 
[2023-07-18 19:57:32] [world] The Player <Enderlava> has picked 1 of ENCHANTED_BOOK at X= 51, Y= 62, Z= -282 | §4哲理伦宝典
[2023-07-18 19:57:39] [world] The Player <Enderlava> has picked 14 of GOLD_NUGGET at X= 39, Y= 56, Z= -273 | 
[2023-07-18 19:57:46] [world] The Player <Funget114514> has picked 1 of COPPER_INGOT at X= 47, Y= 62, Z= -285 | 
[2023-07-18 19:57:46] [world] The Player <Enderlava> has picked 14 of GOLD_NUGGET at X= 41, Y= 63, Z= -282 | 
[2023-07-18 19:57:47] [world] The Player <fishing> has picked 1 of PUFFERFISH at X= -16, Y= 64, Z= -306 | 
[2023-07-18 19:57:48] [world] The Player <Enderlava> has picked 1 of EMERALD at X= 40, Y= 62, Z= -283 | 
[2023-07-18 19:57:49] [world] The Player <Enderlava> has picked 1 of PLAYER_HEAD at X= 40, Y= 62, Z= -282 | §e16 §bSpell Points
[2023-07-18 19:57:56] [world] The Player <fishing> has picked 1 of COD at X= -16, Y= 64, Z= -306 | 
[2023-07-18 19:57:57] [world] The Player <Enderlava> has picked 1 of PLAYER_HEAD at X= 58, Y= 59, Z= -269 | §e16 §bSpell Points
[2023-07-18 19:58:01] [world] The Player <Enderlava> has picked 1 of PLAYER_HEAD at X= 61, Y= 50, Z= -273 | §e16 §bSpell Points
[2023-07-18 19:58:09] [world] The Player <fishing> has picked 1 of COD at X= -16, Y= 64, Z= -306 | 
[2023-07-18 19:58:14] [world] The Player <Funget114514> has picked 1 of PLAYER_HEAD at X= 37, Y= 52, Z= -287 | §e16 §bSpell Points
[2023-07-18 19:58:14] [world] The Player <Funget114514> has picked 4 of GOLD_NUGGET at X= 36, Y= 52, Z= -286 | 
[2023-07-18 19:58:15] [world] The Player <Enderlava> has picked 1 of PLAYER_HEAD at X= 32, Y= 56, Z= -277 | §e16 §bSpell Points
[2023-07-18 19:58:25] [world] The Player <Funget114514> has picked 1 of EMERALD at X= 45, Y= 52, Z= -273 | 
[2023-07-18 19:58:25] [world] The Player <Funget114514> has picked 1 of PLAYER_HEAD at X= 46, Y= 52, Z= -274 | §e16 §bSpell Points
[2023-07-18 19:58:25] [world] The Player <Funget114514> has picked 4 of GOLD_NUGGET at X= 45, Y= 52, Z= -274 | 
[2023-07-18 19:58:28] [world] The Player <Enderlava> has picked 1 of PLAYER_HEAD at X= 50, Y= 49, Z= -277 | §e16 §bSpell Points
[2023-07-18 19:58:31] [world] The Player <Enderlava> has picked 1 of PLAYER_HEAD at X= 50, Y= 55, Z= -286 | §e16 §bSpell Points
[2023-07-18 19:58:35] [world] The Player <Funget114514> has picked 4 of GOLD_NUGGET at X= 45, Y= 52, Z= -275 | 
[2023-07-18 19:58:35] [world] The Player <Funget114514> has picked 1 of PLAYER_HEAD at X= 45, Y= 52, Z= -275 | §e16 §bSpell Points
[2023-07-18 19:58:35] [world] The Player <Funget114514> has picked 1 of AMETHYST_SHARD at X= 45, Y= 51, Z= -276 | 
[2023-07-18 19:58:42] [world] The Player <Funget114514> has picked 1 of CROSSBOW at X= 42, Y= 62, Z= -271 | §7探险家弩
[2023-07-18 19:58:44] [world] The Player <Funget114514> has picked 4 of DAMAGED_ANVIL at X= 37, Y= 61, Z= -272 | 
[2023-07-18 19:58:50] [world] The Player <Funget114514> has picked 4 of GOLD_NUGGET at X= 38, Y= 63, Z= -287 | 
[2023-07-18 19:58:50] [world] The Player <Funget114514> has picked 1 of PLAYER_HEAD at X= 39, Y= 63, Z= -288 | §e16 §bSpell Points
[2023-07-18 19:58:55] [world] The Player <Enderlava> has picked 1 of PLAYER_HEAD at X= 58, Y= 60, Z= -271 | §e16 §bSpell Points
[2023-07-18 19:59:03] [world] The Player <Enderlava> has picked 1 of PLAYER_HEAD at X= 47, Y= 64, Z= -291 | §e16 §bSpell Points
[2023-07-18 19:59:08] [world] The Player <Funget114514> has picked 1 of PLAYER_HEAD at X= 38, Y= 62, Z= -273 | §e16 §bSpell Points
[2023-07-18 19:59:08] [world] The Player <Funget114514> has picked 4 of GOLD_NUGGET at X= 38, Y= 62, Z= -272 | 
[2023-07-18 19:59:13] [world] The Player <Enderlava> has picked 1 of PLAYER_HEAD at X= 16, Y= 62, Z= -294 | §e16 §bSpell Points
[2023-07-18 19:59:18] [world] The Player <Funget114514> has picked 1 of PLAYER_HEAD at X= 37, Y= 62, Z= -274 | §e16 §bSpell Points
[2023-07-18 19:59:22] [world] The Player <Funget114514> has picked 1 of EMERALD at X= 41, Y= 63, Z= -283 | 
[2023-07-18 19:59:23] [world] The Player <Funget114514> has picked 51 of GOLD_NUGGET at X= 41, Y= 63, Z= -283 | 
[2023-07-18 19:59:25] [world] The Player <Funget114514> has picked 5 of ROTTEN_FLESH at X= 44, Y= 62, Z= -276 | 
[2023-07-18 19:59:25] [world] The Player <Funget114514> has picked 1 of ROTTEN_FLESH at X= 41, Y= 62, Z= -276 | 
[2023-07-18 19:59:34] [world] The Player <Funget114514> has picked 3 of ROTTEN_FLESH at X= 42, Y= 62, Z= -269 | 
[2023-07-18 19:59:35] [world] The Player <Funget114514> has picked 5 of ROTTEN_FLESH at X= 43, Y= 62, Z= -273 | 
[2023-07-18 19:59:35] [world] The Player <Funget114514> has picked 1 of CARROT at X= 43, Y= 62, Z= -274 | 
[2023-07-18 19:59:44] [world] The Player <Funget114514> has picked 1 of SMOOTH_STONE at X= 42, Y= 61, Z= -269 | 
[2023-07-18 19:59:59] [world] The Player <Funget114514> has picked 1 of SMOOTH_STONE at X= 51, Y= 63, Z= -286 | 
[2023-07-18 20:00:02] [world] The Player <Enderlava> has picked 1 of PLAYER_HEAD at X= 55, Y= 63, Z= -287 | §e16 §bSpell Points
[2023-07-18 20:00:02] [world] The Player <Enderlava> has picked 1 of EMERALD at X= 55, Y= 63, Z= -287 | 
[2023-07-18 20:00:03] [world] The Player <Funget114514> has picked 4 of GOLD_NUGGET at X= 49, Y= 63, Z= -295 | 
[2023-07-18 20:00:05] [world] The Player <Funget114514> has picked 1 of DIAMOND at X= 49, Y= 63, Z= -294 | 
[2023-07-18 20:00:08] [world] The Player <Funget114514> has picked 1 of PLAYER_HEAD at X= 49, Y= 63, Z= -295 | §e16 §bSpell Points
[2023-07-18 20:00:11] [world] The Player <Funget114514> has picked 4 of GOLD_NUGGET at X= 54, Y= 63, Z= -287 | 
[2023-07-18 20:00:15] [world] The Player <Enderlava> has picked 1 of PLAYER_HEAD at X= 42, Y= 63, Z= -288 | §e16 §bSpell Points
[2023-07-18 20:00:17] [world] The Player <Enderlava> has picked 1 of PLAYER_HEAD at X= 38, Y= 63, Z= -289 | §e16 §bSpell Points
[2023-07-18 20:00:20] [world] The Player <Funget114514> has picked 1 of PLAYER_HEAD at X= 38, Y= 63, Z= -293 | §e16 §bSpell Points
[2023-07-18 20:00:20] [world] The Player <Funget114514> has picked 4 of GOLD_NUGGET at X= 39, Y= 63, Z= -293 | 
[2023-07-18 20:00:22] [world] The Player <Enderlava> has picked 1 of PLAYER_HEAD at X= 32, Y= 63, Z= -280 | §e16 §bSpell Points
[2023-07-18 20:00:30] [world] The Player <Funget114514> has picked 1 of AMETHYST_SHARD at X= 23, Y= 62, Z= -294 | 
[2023-07-18 20:00:30] [world] The Player <Funget114514> has picked 1 of PLAYER_HEAD at X= 23, Y= 62, Z= -294 | §e16 §bSpell Points
[2023-07-18 20:00:30] [world] The Player <Funget114514> has picked 4 of GOLD_NUGGET at X= 23, Y= 62, Z= -294 | 
[2023-07-18 20:00:39] [world] The Player <Funget114514> has picked 4 of GOLD_NUGGET at X= 38, Y= 63, Z= -303 | 
[2023-07-18 20:00:40] [world] The Player <Funget114514> has picked 1 of PLAYER_HEAD at X= 39, Y= 61, Z= -302 | §e16 §bSpell Points
[2023-07-18 20:00:53] [world] The Player <Funget114514> has picked 14 of GOLD_NUGGET at X= 37, Y= 63, Z= -289 | 
[2023-07-18 20:00:53] [world] The Player <Funget114514> has picked 1 of AMETHYST_SHARD at X= 41, Y= 63, Z= -288 | 
[2023-07-18 20:00:57] [world] The Player <Funget114514> has picked 4 of GOLD_NUGGET at X= 33, Y= 62, Z= -289 | 
[2023-07-18 20:00:57] [world] The Player <Funget114514> has picked 1 of PLAYER_HEAD at X= 33, Y= 63, Z= -290 | §e16 §bSpell Points
[2023-07-18 20:01:00] [world] The Player <Funget114514> has picked 1 of PLAYER_HEAD at X= 42, Y= 63, Z= -286 | §e16 §bSpell Points
[2023-07-18 20:01:00] [world] The Player <Funget114514> has picked 18 of GOLD_NUGGET at X= 43, Y= 63, Z= -286 | 
[2023-07-18 20:01:15] [world] The Player <Enderlava> has picked 1 of IRON_AXE at X= 53, Y= 52, Z= -294 | 
[2023-07-18 20:01:15] [world] The Player <Funget114514> has picked 1 of PLAYER_HEAD at X= 49, Y= 62, Z= -281 | §e16 §bSpell Points
[2023-07-18 20:01:15] [world] The Player <Funget114514> has picked 1 of GOLD_NUGGET at X= 49, Y= 62, Z= -282 | 
[2023-07-18 20:01:18] [world] The Player <Funget114514> has picked 1 of DANDELION at X= 54, Y= 63, Z= -286 | 
[2023-07-18 20:01:31] [world] The Player <Funget114514> has picked 12 of GOLD_NUGGET at X= 57, Y= 63, Z= -279 | 
[2023-07-18 20:01:31] [world] The Player <Funget114514> has picked 1 of AMETHYST_SHARD at X= 57, Y= 63, Z= -279 | 
[2023-07-18 20:01:32] [world] The Player <Funget114514> has picked 1 of WOODEN_HOE at X= 54, Y= 63, Z= -278 | §aWarlock wand
[2023-07-18 20:01:33] [world] The Player <Funget114514> has picked 3 of PLAYER_HEAD at X= 54, Y= 63, Z= -279 | §e16 §bSpell Points
[2023-07-18 20:01:46] [world] The Player <Funget114514> has picked 1 of OAK_PLANKS at X= 47, Y= 62, Z= -283 | 
[2023-07-18 20:02:06] [world] The Player <Funget114514> has picked 1 of OAK_PLANKS at X= 36, Y= 63, Z= -285 | 
[2023-07-18 20:02:10] [world] The Player <Enderlava> has picked 1 of PLAYER_HEAD at X= 65, Y= 62, Z= -285 | §e16 §bSpell Points
[2023-07-18 20:02:27] [world] The Player <Enderlava> has picked 1 of PLAYER_HEAD at X= 49, Y= 62, Z= -284 | §e16 §bSpell Points
[2023-07-18 20:02:31] [world] The Player <Funget114514> has picked 36 of ARROW at X= 33, Y= 61, Z= -288 | 
[2023-07-18 20:02:49] [world] The Player <Funget114514> has picked 1 of PLAYER_HEAD at X= 25, Y= 63, Z= -273 | §e16 §bSpell Points
[2023-07-18 20:02:53] [world] The Player <Enderlava> has picked 1 of PLAYER_HEAD at X= 62, Y= 63, Z= -283 | §e16 §bSpell Points
[2023-07-18 20:02:54] [world] The Player <Enderlava> has picked 1 of PLAYER_HEAD at X= 63, Y= 63, Z= -279 | §e16 §bSpell Points
[2023-07-18 20:02:57] [world] The Player <Funget114514> has picked 1 of AMETHYST_SHARD at X= 49, Y= 62, Z= -284 | 
[2023-07-18 20:03:03] [world] The Player <Enderlava> has picked 1 of PLAYER_HEAD at X= 57, Y= 63, Z= -282 | §e16 §bSpell Points
[2023-07-18 20:03:08] [world] The Player <Enderlava> has picked 1 of PLAYER_HEAD at X= 59, Y= 63, Z= -278 | §e16 §bSpell Points
[2023-07-18 20:03:20] [world] The Player <Funget114514> has picked 1 of PLAYER_HEAD at X= 77, Y= 63, Z= -290 | §e16 §bSpell Points
[2023-07-18 20:03:20] [world] The Player <Funget114514> has picked 1 of DIAMOND at X= 77, Y= 62, Z= -291 | 
[2023-07-18 20:03:20] [world] The Player <Enderlava> has picked 1 of PLAYER_HEAD at X= 67, Y= 63, Z= -279 | §e16 §bSpell Points
[2023-07-18 20:03:25] [world] The Player <Enderlava> has picked 1 of PLAYER_HEAD at X= 76, Y= 60, Z= -283 | §e16 §bSpell Points
[2023-07-18 20:03:26] [world] The Player <Funget114514> has picked 1 of PLAYER_HEAD at X= 76, Y= 63, Z= -294 | §e16 §bSpell Points
[2023-07-18 20:03:29] [world] The Player <Enderlava> has picked 1 of PLAYER_HEAD at X= 86, Y= 53, Z= -281 | §e16 §bSpell Points
[2023-07-18 20:03:36] [world] The Player <Funget114514> has picked 1 of OAK_PLANKS at X= 73, Y= 62, Z= -298 | 
[2023-07-18 20:03:44] [world] The Player <Enderlava> has picked 1 of PLAYER_HEAD at X= 82, Y= 63, Z= -301 | §e16 §bSpell Points
[2023-07-18 20:03:45] [world] The Player <Enderlava> has picked 1 of PLAYER_HEAD at X= 79, Y= 63, Z= -302 | §e16 §bSpell Points
[2023-07-18 20:03:52] [world] The Player <Funget114514> has picked 4 of GOLD_NUGGET at X= 80, Y= 63, Z= -300 | 
[2023-07-18 20:03:58] [world] The Player <Funget114514> has picked 4 of GOLD_NUGGET at X= 78, Y= 63, Z= -293 | 
[2023-07-18 20:04:05] [world] The Player <Enderlava> has picked 1 of EMERALD at X= 65, Y= 62, Z= -284 | 
[2023-07-18 20:04:10] [world] The Player <Enderlava> has picked 1 of PLAYER_HEAD at X= 58, Y= 63, Z= -291 | §e16 §bSpell Points
[2023-07-18 20:04:13] [world] The Player <Enderlava> has picked 3 of SUGAR_CANE at X= 55, Y= 63, Z= -292 | 
[2023-07-18 20:04:16] [world] The Player <Enderlava> has picked 3 of SUGAR_CANE at X= 64, Y= 62, Z= -285 | 
[2023-07-18 20:04:19] [world] The Player <Funget114514> has picked 4 of GOLD_NUGGET at X= 73, Y= 56, Z= -294 | 
[2023-07-18 20:04:20] [world] The Player <Enderlava> has picked 1 of PLAYER_HEAD at X= 70, Y= 63, Z= -282 | §e16 §bSpell Points
[2023-07-18 20:04:20] [world] The Player <Enderlava> has picked 4 of GOLD_NUGGET at X= 70, Y= 62, Z= -281 | 
[2023-07-18 20:04:21] [world] The Player <Enderlava> has picked 4 of GOLD_NUGGET at X= 67, Y= 63, Z= -277 | 
[2023-07-18 20:04:23] [world] The Player <Funget114514> has picked 1 of PLAYER_HEAD at X= 73, Y= 56, Z= -294 | §e16 §bSpell Points
[2023-07-18 20:04:25] [world] The Player <Enderlava> has picked 7 of GOLD_NUGGET at X= 48, Y= 63, Z= -283 | 
[2023-07-18 20:04:42] [world] The Player <Funget114514> has picked 1 of OAK_PLANKS at X= 73, Y= 62, Z= -301 | 
[2023-07-18 20:04:56] [world] The Player <Funget114514> has picked 1 of PLAYER_HEAD at X= 49, Y= 63, Z= -292 | §e16 §bSpell Points
[2023-07-18 20:04:58] [world] The Player <Funget114514> has picked 1 of OAK_LOG at X= 50, Y= 63, Z= -291 | 
[2023-07-18 20:05:01] [world] The Player <Funget114514> has picked 4 of GOLD_NUGGET at X= 49, Y= 63, Z= -291 | 
[2023-07-18 20:05:02] [world] The Player <Enderlava> has picked 3 of INK_SAC at X= -10, Y= 62, Z= -299 | 
[2023-07-18 20:07:49] [world] The Player <Enderlava> has picked 1 of WRITTEN_BOOK at X= -8, Y= 65, Z= -245 | 
[2023-07-18 20:08:08] [world] The Player <Enderlava> has picked 1 of COBBLESTONE at X= -8, Y= 64, Z= -245 | 
[2023-07-18 20:08:49] [world] The Player <Enderlava> has picked 1 of SMOOTH_STONE at X= -8, Y= 70, Z= -245 | 
[2023-07-18 20:09:49] [world] The Player <Enderlava> has picked 1 of SMOOTH_STONE at X= -8, Y= 67, Z= -245 | 
[2023-07-18 20:10:01] [world] The Player <Enderlava> has picked 4 of OAK_SIGN at X= -8, Y= 66, Z= -245 | 
[2023-07-18 20:10:18] [world] The Player <Enderlava> has picked 1 of OAK_SIGN at X= -10, Y= 67, Z= -245 | 
[2023-07-18 20:10:53] [world] The Player <Enderlava> has picked 1 of WATER_BUCKET at X= -8, Y= 64, Z= -245 | 
[2023-07-18 20:11:02] [world] The Player <Enderlava> has picked 2 of BUCKET at X= -8, Y= 64, Z= -245 | 
[2023-07-18 20:11:12] [world] The Player <Enderlava> has picked 1 of WATER_BUCKET at X= -8, Y= 64, Z= -245 | 
[2023-07-18 20:11:36] [world] The Player <Enderlava> has picked 1 of BUCKET at X= -8, Y= 69, Z= -245 | 
[2023-07-18 20:12:41] [world] The Player <Enderlava> has picked 1 of BUCKET at X= -8, Y= 67, Z= -245 | 
[2023-07-18 20:12:48] [world] The Player <Enderlava> has picked 2 of BUCKET at X= -8, Y= 68, Z= -245 | 
[2023-07-18 20:12:50] [world] The Player <Enderlava> has picked 1 of WATER_BUCKET at X= -8, Y= 68, Z= -245 | 
[2023-07-18 20:12:52] [world] The Player <Enderlava> has picked 2 of BUCKET at X= -8, Y= 68, Z= -245 | 
[2023-07-18 20:12:55] [world] The Player <Enderlava> has picked 3 of BUCKET at X= -8, Y= 69, Z= -245 | 
[2023-07-18 20:13:01] [world] The Player <Enderlava> has picked 3 of BUCKET at X= -8, Y= 69, Z= -245 | 
[2023-07-18 20:13:06] [world] The Player <Enderlava> has picked 3 of BUCKET at X= -8, Y= 72, Z= -244 | 
[2023-07-18 20:13:23] [world] The Player <Enderlava> has picked 3 of BUCKET at X= -8, Y= 70, Z= -240 | 
[2023-07-18 20:13:28] [world] The Player <Enderlava> has picked 1 of REDSTONE at X= -2, Y= 69, Z= -249 | 
[2023-07-18 20:13:34] [world] The Player <Enderlava> has picked 1 of WATER_BUCKET at X= -7, Y= 70, Z= -240 | 
[2023-07-18 20:13:59] [world] The Player <Enderlava> has picked 1 of SMOOTH_STONE at X= -7, Y= 70, Z= -240 | 
[2023-07-18 20:14:34] [world] The Player <Enderlava> has picked 1 of OAK_SIGN at X= -9, Y= 70, Z= -244 | 
[2023-07-18 20:15:01] [world] The Player <Enderlava> has picked 1 of COBBLESTONE at X= -9, Y= 70, Z= -243 | 
[2023-07-18 20:15:02] [world] The Player <Enderlava> has picked 1 of COBBLESTONE at X= -9, Y= 69, Z= -243 | 
[2023-07-18 20:15:40] [world] The Player <Enderlava> has picked 1 of OAK_SIGN at X= -9, Y= 72, Z= -241 | 
[2023-07-18 20:16:02] [world] The Player <Enderlava> has picked 1 of REPEATER at X= -5, Y= 69, Z= -248 | 
[2023-07-18 20:16:05] [world] The Player <Enderlava> has picked 3 of BUCKET at X= -4, Y= 69, Z= -250 | 
[2023-07-18 20:16:07] [world] The Player <Enderlava> has picked 1 of REDSTONE at X= -4, Y= 69, Z= -248 | 
[2023-07-18 20:17:07] [world] The Player <Enderlava> has picked 27 of COBBLESTONE at X= -8, Y= 69, Z= -239 | 
[2023-07-18 20:17:19] [world] The Player <Enderlava> has picked 27 of COBBLESTONE at X= -8, Y= 72, Z= -241 | 
[2023-07-18 20:17:33] [world] The Player <Enderlava> has picked 27 of COBBLESTONE at X= -8, Y= 72, Z= -241 | 
[2023-07-18 20:17:42] [world] The Player <Enderlava> has picked 27 of COBBLESTONE at X= -8, Y= 72, Z= -241 | 
[2023-07-18 20:19:30] [world] The Player <Enderlava> has picked 1 of REDSTONE at X= -6, Y= 69, Z= -249 | 
[2023-07-18 20:20:29] [world] The Player <Enderlava> has picked 1 of OAK_SAPLING at X= -8, Y= 72, Z= -245 | 
[2023-07-18 20:20:30] [world] The Player <Enderlava> has picked 5 of OAK_LOG at X= -8, Y= 72, Z= -245 | 
[2023-07-18 20:20:31] [world] The Player <Enderlava> has picked 1 of OAK_LOG at X= -8, Y= 72, Z= -245 | 
[2023-07-18 20:20:31] [world] The Player <Enderlava> has picked 2 of OAK_SAPLING at X= -8, Y= 72, Z= -245 | 
[2023-07-18 20:20:33] [world] The Player <Enderlava> has picked 1 of OAK_SAPLING at X= -8, Y= 72, Z= -245 | 
[2023-07-18 20:20:36] [world] The Player <Enderlava> has picked 1 of OAK_SAPLING at X= -8, Y= 72, Z= -245 | 
[2023-07-18 20:21:32] [world] The Player <Enderlava> has picked 2 of SCAFFOLDING at X= -10, Y= 109, Z= -245 | 
[2023-07-18 20:25:17] [world] The Player <Enderlava> has picked 1 of SCAFFOLDING at X= -12, Y= 108, Z= -245 | 
[2023-07-18 20:29:59] [world] The Player <Enderlava> has picked 1 of PISTON at X= -13, Y= 71, Z= -253 | 
[2023-07-18 20:30:18] [world] The Player <Enderlava> has picked 3 of ROTTEN_FLESH at X= -4, Y= 69, Z= -251 | 
[2023-07-18 20:31:20] [world] The Player <Enderlava> has picked 1 of SMOOTH_STONE at X= -12, Y= 72, Z= -243 | 
[2023-07-18 20:31:26] [world] The Player <Enderlava> has picked 4 of DIRT at X= -24, Y= 70, Z= -246 | 
[2023-07-18 20:46:32] [world] The Player <Enderlava> has picked 2 of OAK_SAPLING at X= -8, Y= 72, Z= -245 | 
[2023-07-18 20:46:45] [world] The Player <Enderlava> has picked 4 of OAK_SAPLING at X= -8, Y= 72, Z= -245 | 
[2023-07-18 20:46:55] [world] The Player <Enderlava> has picked 5 of OAK_SAPLING at X= -8, Y= 72, Z= -245 | 
[2023-07-18 20:47:03] [world] The Player <Enderlava> has picked 1 of OAK_SAPLING at X= -8, Y= 72, Z= -245 | 
[2023-07-18 20:47:10] [world] The Player <Enderlava> has picked 2 of OAK_SAPLING at X= -8, Y= 72, Z= -245 | 
[2023-07-18 20:47:12] [world] The Player <Enderlava> has picked 1 of OAK_SAPLING at X= -8, Y= 72, Z= -245 | 
[2023-07-18 20:47:16] [world] The Player <Enderlava> has picked 4 of OAK_SAPLING at X= -8, Y= 72, Z= -245 | 
[2023-07-18 20:47:27] [world] The Player <Enderlava> has picked 3 of OAK_SAPLING at X= -8, Y= 72, Z= -245 | 
[2023-07-18 20:47:29] [world] The Player <Enderlava> has picked 1 of OAK_SAPLING at X= -8, Y= 72, Z= -245 | 
[2023-07-18 20:47:36] [world] The Player <Enderlava> has picked 3 of OAK_SAPLING at X= -8, Y= 72, Z= -245 | 
[2023-07-18 20:47:39] [world] The Player <Enderlava> has picked 1 of OAK_SAPLING at X= -8, Y= 72, Z= -245 | 
[2023-07-18 20:47:41] [world] The Player <Enderlava> has picked 2 of OAK_SAPLING at X= -8, Y= 72, Z= -245 | 
[2023-07-18 20:47:43] [world] The Player <Enderlava> has picked 1 of OAK_SAPLING at X= -8, Y= 72, Z= -245 | 
[2023-07-18 20:47:50] [world] The Player <Enderlava> has picked 4 of OAK_SAPLING at X= -8, Y= 72, Z= -241 | 
[2023-07-18 20:47:58] [world] The Player <Enderlava> has picked 1 of STRIPPED_OAK_LOG at X= -8, Y= 69, Z= -239 | 
[2023-07-18 20:48:00] [world] The Player <Enderlava> has picked 36 of OAK_LOG at X= -8, Y= 69, Z= -239 | 
[2023-07-18 20:48:00] [world] The Player <Enderlava> has picked 1 of OAK_LOG at X= -8, Y= 72, Z= -241 | 
[2023-07-18 20:49:38] [world] The Player <Enderlava> has picked 1 of DIRT at X= -13, Y= 73, Z= -244 | 
[2023-07-18 20:49:46] [world] The Player <Enderlava> has picked 2 of APPLE at X= -8, Y= 72, Z= -241 | 
[2023-07-18 20:49:46] [world] The Player <Enderlava> has picked 3 of DIRT at X= -8, Y= 70, Z= -240 | 
[2023-07-18 20:49:49] [world] The Player <Enderlava> has picked 26 of STICK at X= -8, Y= 72, Z= -241 | 
[2023-07-18 20:49:51] [world] The Player <Enderlava> has picked 3 of ROTTEN_FLESH at X= -8, Y= 72, Z= -241 | 
[2023-07-18 20:49:53] [world] The Player <Enderlava> has picked 38 of COOKED_COD at X= -8, Y= 70, Z= -240 | 
[2023-07-18 20:49:57] [world] The Player <Enderlava> has picked 1 of SMOOTH_STONE at X= -8, Y= 72, Z= -241 | 
[2023-07-18 20:50:16] [world] The Player <Enderlava> has picked 2 of EMERALD at X= -8, Y= 72, Z= -241 | 
[2023-07-18 20:50:19] [world] The Player <Enderlava> has picked 3 of ROTTEN_FLESH at X= -8, Y= 69, Z= -239 | 
[2023-07-18 20:50:21] [world] The Player <Enderlava> has picked 1 of STRIPPED_OAK_LOG at X= -8, Y= 69, Z= -239 | 
[2023-07-18 20:50:22] [world] The Player <Enderlava> has picked 38 of COOKED_COD at X= -8, Y= 69, Z= -239 | 
[2023-07-18 20:50:30] [world] The Player <Enderlava> has picked 1 of DIRT at X= -5, Y= 70, Z= -235 | 
[2023-07-18 20:51:17] [world] The Player <Enderlava> has picked 2 of OAK_LOG at X= -11, Y= 69, Z= -248 | 
[2023-07-18 20:51:24] [world] The Player <Enderlava> has picked 3 of OAK_SAPLING at X= -7, Y= 73, Z= -245 | 
[2023-07-18 20:51:51] [world] The Player <Enderlava> has picked 1 of LEVER at X= -12, Y= 108, Z= -245 | 
[2023-07-18 20:51:51] [world] The Player <Enderlava> has picked 4 of SMOOTH_STONE at X= -14, Y= 107, Z= -245 | 
[2023-07-18 20:51:51] [world] The Player <Enderlava> has picked 1 of OAK_TRAPDOOR at X= -13, Y= 107, Z= -246 | 
[2023-07-18 20:57:35] [world] The Player <Enderlava> has picked 3 of ROTTEN_FLESH at X= -6, Y= 69, Z= -238 | 
[2023-07-18 20:57:40] [world] The Player <Enderlava> has picked 61 of ROTTEN_FLESH at X= -7, Y= 69, Z= -237 | 
[2023-07-18 20:57:40] [world] The Player <Enderlava> has picked 1 of STRIPPED_OAK_LOG at X= -8, Y= 69, Z= -239 | 
[2023-07-18 20:58:26] [world] The Player <Enderlava> has picked 1 of DIRT at X= -13, Y= 72, Z= -244 | 
[2023-07-18 20:58:29] [world] The Player <Enderlava> has picked 1 of OAK_LOG at X= -12, Y= 74, Z= -245 | 
[2023-07-18 20:58:39] [world] The Player <Enderlava> has picked 1 of SMOOTH_STONE at X= -14, Y= 72, Z= -245 | 
[2023-07-18 20:58:52] [world] The Player <Enderlava> has picked 1 of OAK_LOG at X= -12, Y= 73, Z= -245 | 
[2023-07-18 20:58:53] [world] The Player <Enderlava> has picked 1 of OAK_LOG at X= -12, Y= 72, Z= -245 | 
[2023-07-18 20:58:53] [world] The Player <Enderlava> has picked 1 of OAK_LOG at X= -13, Y= 71, Z= -245 | 
[2023-07-18 20:58:53] [world] The Player <Enderlava> has picked 1 of OAK_LOG at X= -13, Y= 70, Z= -244 | 
[2023-07-18 20:58:54] [world] The Player <Enderlava> has picked 1 of OAK_LOG at X= -12, Y= 69, Z= -245 | 
[2023-07-18 20:58:56] [world] The Player <Enderlava> has picked 1 of COMPOSTER at X= -8, Y= 72, Z= -241 | 
[2023-07-18 20:59:15] [world] The Player <Enderlava> has picked 2 of STICK at X= -8, Y= 72, Z= -245 | 
[2023-07-18 21:00:22] [world] The Player <Enderlava> has picked 40 of BONE_MEAL at X= -7, Y= 69, Z= -248 | 
[2023-07-18 21:00:23] [world] The Player <Enderlava> has picked 24 of BONE_MEAL at X= -7, Y= 69, Z= -248 | 
[2023-07-18 21:00:32] [world] The Player <Enderlava> has picked 1 of STRIPPED_OAK_LOG at X= -1, Y= 69, Z= -243 | 
[2023-07-18 21:00:34] [world] The Player <Enderlava> has picked 1 of APPLE at X= -8, Y= 72, Z= -241 | 
[2023-07-18 21:00:34] [world] The Player <Enderlava> has picked 1 of DIRT at X= -8, Y= 72, Z= -241 | 
[2023-07-18 21:00:59] [world] The Player <Enderlava> has picked 3 of OAK_SAPLING at X= -10, Y= 73, Z= -244 | 
[2023-07-18 21:42:54] [world] The Player <Enderlava> has picked 5 of STICK at X= -33, Y= 63, Z= -279 | 
[2023-07-18 21:42:56] [world] The Player <Enderlava> has picked 5 of STICK at X= -33, Y= 63, Z= -278 | 
[2023-07-18 21:52:14] [world] The Player <Enderlava> has picked 1 of SHULKER_BOX at X= -28, Y= 63, Z= -288 | 
[2023-07-18 21:52:20] [world] The Player <Enderlava> has picked 1 of SHULKER_BOX at X= -28, Y= 63, Z= -288 | 
[2023-07-18 21:55:25] [world] The Player <Enderlava> has picked 1 of BEEF at X= -45, Y= 71, Z= -274 | 
[2023-07-18 21:55:37] [world] The Player <Enderlava> has picked 3 of LEATHER at X= -45, Y= 71, Z= -285 | 
[2023-07-18 21:55:39] [world] The Player <Enderlava> has picked 6 of BEEF at X= -44, Y= 69, Z= -291 | 
[2023-07-18 21:55:53] [world] The Player <Enderlava> has picked 6 of BEEF at X= -42, Y= 71, Z= -290 | 
[2023-07-18 21:55:59] [world] The Player <Enderlava> has picked 3 of BEEF at X= -40, Y= 71, Z= -288 | 
[2023-07-18 21:56:02] [world] The Player <Enderlava> has picked 9 of BEEF at X= -39, Y= 73, Z= -286 | 
[2023-07-18 21:56:04] [world] The Player <Enderlava> has picked 3 of LEATHER at X= -39, Y= 73, Z= -287 | 
[2023-07-18 21:56:06] [world] The Player <Enderlava> has picked 21 of BEEF at X= -37, Y= 71, Z= -287 | 
[2023-07-18 21:56:11] [world] The Player <Enderlava> has picked 9 of BEEF at X= -37, Y= 73, Z= -276 | 
[2023-07-18 21:56:13] [world] The Player <Enderlava> has picked 1 of BEEF at X= -38, Y= 73, Z= -275 | 
[2023-07-18 21:56:14] [world] The Player <Enderlava> has picked 1 of LEATHER at X= -40, Y= 71, Z= -272 | 
[2023-07-18 21:56:18] [world] The Player <Enderlava> has picked 2 of BEEF at X= -47, Y= 71, Z= -274 | 
[2023-07-18 21:56:22] [world] The Player <Enderlava> has picked 1 of LEATHER at X= -48, Y= 70, Z= -280 | 
