[2023-07-19 09:12:49] [world] The Player <Enderlava> has picked 12 of BEEF at X= -41, Y= 73, Z= -273 | 
[2023-07-19 09:14:41] [world] The Player <Enderlava> has picked 1 of SMOOTH_STONE at X= -8, Y= 69, Z= -239 | 
[2023-07-19 09:14:42] [world] The Player <Enderlava> has picked 1 of DIRT at X= -8, Y= 72, Z= -241 | 
[2023-07-19 09:20:39] [world] The Player <Funget114514> has picked 1 of STICK at X= -4, Y= 69, Z= -239 | 
[2023-07-19 09:24:01] [world] The Player <Enderlava> has picked 1 of PHANTOM_MEMBRANE at X= 15, Y= 63, Z= -277 | 
[2023-07-19 10:51:07] [world] The Player <Funget114514> has picked 1 of BLACK_SHULKER_BOX at X= -28, Y= 63, Z= -287 | 矿物
[2023-07-19 10:56:23] [world] The Player <Funget114514> has picked 1 of BLACK_SHULKER_BOX at X= -28, Y= 63, Z= -286 | 矿物
[2023-07-19 10:56:46] [world] The Player <Funget114514> has picked 1 of BLACK_SHULKER_BOX at X= -27, Y= 69, Z= -280 | 矿物
[2023-07-19 10:57:28] [world] The Player <Funget114514> has picked 1 of BLACK_SHULKER_BOX at X= -16, Y= 63, Z= -303 | 矿物
[2023-07-19 10:57:56] [world] The Player <Funget114514> has picked 1 of FIREWORK_ROCKET at X= -22, Y= 64, Z= -289 | 
[2023-07-19 10:58:10] [world] The Player <Funget114514> has picked 1 of STRIPPED_SPRUCE_LOG at X= -24, Y= 68, Z= -284 | 
[2023-07-19 10:58:26] [world] The Player <Funget114514> has picked 2 of STRIPPED_SPRUCE_LOG at X= -24, Y= 68, Z= -286 | 
[2023-07-19 10:58:32] [world] The Player <Funget114514> has picked 1 of SPRUCE_LOG at X= -25, Y= 71, Z= -284 | 
[2023-07-19 11:00:37] [world] The Player <Funget114514> has picked 1 of SPRUCE_SIGN at X= -21, Y= 63, Z= -290 | 
[2023-07-19 11:02:35] [world] The Player <Funget114514> has picked 2 of DIRT at X= 10, Y= 62, Z= -290 | 
[2023-07-19 11:03:05] [world] The Player <Funget114514> has picked 1 of GLOW_INK_SAC at X= 5, Y= 63, Z= -288 | 
[2023-07-19 11:03:10] [world] The Player <Funget114514> has picked 1 of SPRUCE_SIGN at X= 5, Y= 63, Z= -287 | 
[2023-07-19 11:03:32] [world] The Player <Funget114514> has picked 2 of GUNPOWDER at X= 18, Y= 59, Z= -290 | 
[2023-07-19 11:11:21] [world] The Player <Enderlava> has picked 1 of OAK_SAPLING at X= -10, Y= 76, Z= -244 | 
[2023-07-19 11:12:16] [world] The Player <Enderlava> has picked 8 of OAK_LOG at X= -8, Y= 72, Z= -244 | 
[2023-07-19 11:12:16] [world] The Player <Enderlava> has picked 14 of OAK_SAPLING at X= -8, Y= 72, Z= -245 | 
[2023-07-19 11:12:23] [world] The Player <Enderlava> has picked 3 of SMOOTH_STONE at X= -22, Y= 67, Z= -245 | 
[2023-07-19 11:12:24] [world] The Player <Enderlava> has picked 5 of OAK_LOG at X= -22, Y= 67, Z= -244 | 
[2023-07-19 11:12:24] [world] The Player <Enderlava> has picked 13 of COBBLESTONE at X= -22, Y= 67, Z= -244 | 
[2023-07-19 11:12:32] [world] The Player <Enderlava> has picked 1 of OAK_SAPLING at X= -13, Y= 69, Z= -247 | 
[2023-07-19 11:12:33] [world] The Player <Enderlava> has picked 2 of APPLE at X= -14, Y= 66, Z= -245 | 
[2023-07-19 11:12:33] [world] The Player <Enderlava> has picked 1 of OAK_SAPLING at X= -14, Y= 66, Z= -245 | 
[2023-07-19 11:12:33] [world] The Player <Enderlava> has picked 7 of OAK_LOG at X= -14, Y= 66, Z= -245 | 
[2023-07-19 11:12:33] [world] The Player <Enderlava> has picked 2 of STICK at X= -14, Y= 65, Z= -245 | 
[2023-07-19 11:14:02] [world] The Player <Enderlava> has picked 1 of DIORITE at X= -14, Y= 62, Z= -328 | 
[2023-07-19 11:15:15] [world] The Player <Enderlava> has picked 1 of OAK_SAPLING at X= -10, Y= 63, Z= -328 | 
[2023-07-19 11:16:26] [world] The Player <Funget114514> has picked 1 of DIRT at X= 15, Y= 62, Z= -281 | 
[2023-07-19 11:16:28] [world] The Player <Funget114514> has picked 1 of SAND at X= 16, Y= 61, Z= -282 | 
[2023-07-19 11:16:29] [world] The Player <Funget114514> has picked 1 of SAND at X= 16, Y= 60, Z= -282 | 
[2023-07-19 11:16:30] [world] The Player <Funget114514> has picked 1 of SAND at X= 16, Y= 59, Z= -282 | 
[2023-07-19 11:16:30] [world] The Player <Funget114514> has picked 1 of SAND at X= 16, Y= 59, Z= -282 | 
[2023-07-19 11:16:32] [world] The Player <Funget114514> has picked 1 of SAND at X= 16, Y= 59, Z= -281 | 
[2023-07-19 11:22:12] [world] The Player <Funget114514> has picked 1 of BLACK_SHULKER_BOX at X= 10, Y= 188, Z= 19 | 矿物
[2023-07-19 11:25:12] [world] The Player <Funget114514> has picked 6 of DIAMOND at X= -40, Y= 73, Z= -245 | 
[2023-07-19 11:25:23] [world] The Player <Funget114514> has picked 1 of ROTTEN_FLESH at X= -39, Y= 73, Z= -244 | 
[2023-07-19 11:25:33] [world] The Player <Funget114514> has picked 4 of ROTTEN_FLESH at X= -28, Y= 71, Z= -226 | 
[2023-07-19 11:25:33] [world] The Player <Funget114514> has picked 3 of GOLD_NUGGET at X= -28, Y= 71, Z= -226 | 
[2023-07-19 11:26:02] [world] The Player <Funget114514> has picked 1 of GOLD_NUGGET at X= -37, Y= 71, Z= -210 | 
[2023-07-19 11:26:13] [world] The Player <Funget114514> has picked 1 of GOLDEN_LEGGINGS at X= -40, Y= 70, Z= -213 | §7幻想的憎恶
[2023-07-19 11:26:13] [world] The Player <Funget114514> has picked 2 of ROTTEN_FLESH at X= -40, Y= 70, Z= -213 | 
[2023-07-19 11:26:39] [world] The Player <Funget114514> has picked 2 of ROTTEN_FLESH at X= -36, Y= 72, Z= -246 | 
[2023-07-19 11:26:42] [world] The Player <Funget114514> has picked 1 of PUMPKIN at X= -35, Y= 72, Z= -246 | §aLucky Pumpkin
[2023-07-19 11:29:58] [world] The Player <Funget114514> has picked 1 of SALMON at X= 1, Y= 63, Z= -294 | 
[2023-07-19 11:30:07] [world] The Player <Funget114514> has picked 1 of SALMON at X= 0, Y= 62, Z= -294 | 
[2023-07-19 11:30:20] [world] The Player <Funget114514> has picked 1 of SALMON at X= 1, Y= 63, Z= -294 | 
[2023-07-19 11:30:28] [world] The Player <Funget114514> has picked 5 of PRISMARINE_CRYSTALS at X= 1, Y= 63, Z= -294 | 
[2023-07-19 11:30:46] [world] The Player <Funget114514> has picked 1 of COD at X= 2, Y= 62, Z= -297 | 
[2023-07-19 11:34:45] [world_the_end] The Player <Enderlava> has picked 5 of ENDER_PEARL at X= 331, Y= 0, Z= 7 | 
[2023-07-19 11:34:46] [world_the_end] The Player <Enderlava> has picked 16 of ENDER_PEARL at X= 331, Y= 1, Z= 7 | 
[2023-07-19 11:34:46] [world_the_end] The Player <Enderlava> has picked 16 of ENDER_PEARL at X= 331, Y= 1, Z= 7 | 
[2023-07-19 11:34:46] [world_the_end] The Player <Enderlava> has picked 16 of ENDER_PEARL at X= 331, Y= 0, Z= 7 | 
[2023-07-19 11:34:46] [world_the_end] The Player <Enderlava> has picked 3 of ENDER_PEARL at X= 331, Y= 1, Z= 6 | 
[2023-07-19 11:34:47] [world_the_end] The Player <Enderlava> has picked 2 of ENDER_PEARL at X= 331, Y= 1, Z= 7 | 
[2023-07-19 11:34:47] [world_the_end] The Player <Enderlava> has picked 2 of ENDER_PEARL at X= 331, Y= 1, Z= 7 | 
[2023-07-19 11:34:52] [world_the_end] The Player <Enderlava> has picked 4 of ENDER_PEARL at X= 331, Y= 0, Z= 6 | 
[2023-07-19 11:34:58] [world_the_end] The Player <Enderlava> has picked 1 of ENDER_PEARL at X= 331, Y= 1, Z= 7 | 
[2023-07-19 11:35:05] [world_the_end] The Player <Enderlava> has picked 1 of ENDER_PEARL at X= 331, Y= 1, Z= 7 | 
[2023-07-19 11:35:11] [world_the_end] The Player <Enderlava> has picked 1 of ENDER_PEARL at X= 331, Y= 1, Z= 7 | 
[2023-07-19 11:35:40] [world_the_end] The Player <Enderlava> has picked 13 of ENDER_PEARL at X= 331, Y= 1, Z= 7 | 
[2023-07-19 11:35:40] [world_the_end] The Player <Enderlava> has picked 3 of ENDER_PEARL at X= 331, Y= 1, Z= 7 | 
[2023-07-19 11:35:51] [world_the_end] The Player <Enderlava> has picked 1 of ENDER_PEARL at X= 329, Y= 1, Z= 7 | 
[2023-07-19 11:36:12] [world_the_end] The Player <Enderlava> has picked 1 of ENDER_PEARL at X= 329, Y= 1, Z= 7 | 
[2023-07-19 11:36:22] [world_the_end] The Player <Enderlava> has picked 1 of ENDER_PEARL at X= 329, Y= 1, Z= 7 | 
[2023-07-19 11:36:24] [world_the_end] The Player <Enderlava> has picked 1 of ENDER_PEARL at X= 329, Y= 1, Z= 7 | 
[2023-07-19 11:36:27] [world_the_end] The Player <Enderlava> has picked 1 of ENDER_PEARL at X= 329, Y= 1, Z= 7 | 
[2023-07-19 11:36:32] [world_the_end] The Player <Enderlava> has picked 1 of ENDER_PEARL at X= 329, Y= 1, Z= 7 | 
[2023-07-19 11:36:47] [world_the_end] The Player <Enderlava> has picked 3 of ENDER_PEARL at X= 331, Y= 1, Z= 7 | 
[2023-07-19 11:36:58] [world_the_end] The Player <Enderlava> has picked 16 of ENDER_PEARL at X= 331, Y= 1, Z= 6 | 
[2023-07-19 11:36:58] [world_the_end] The Player <Enderlava> has picked 15 of ENDER_PEARL at X= 333, Y= 2, Z= 7 | 
[2023-07-19 11:37:13] [world_the_end] The Player <Enderlava> has picked 16 of ENDER_PEARL at X= 332, Y= 1, Z= 6 | 
[2023-07-19 11:37:16] [world_the_end] The Player <Enderlava> has picked 16 of ENDER_PEARL at X= 331, Y= 1, Z= 7 | 
[2023-07-19 11:37:19] [world_the_end] The Player <Enderlava> has picked 16 of ENDER_PEARL at X= 332, Y= 1, Z= 8 | 
[2023-07-19 11:37:21] [world_the_end] The Player <Enderlava> has picked 16 of ENDER_PEARL at X= 331, Y= 1, Z= 6 | 
[2023-07-19 11:37:25] [world_the_end] The Player <Enderlava> has picked 16 of ENDER_PEARL at X= 331, Y= 1, Z= 6 | 
[2023-07-19 11:38:19] [world_the_end] The Player <Enderlava> has picked 2 of ENDER_PEARL at X= 331, Y= 1, Z= 8 | 
[2023-07-19 11:38:24] [world_the_end] The Player <Enderlava> has picked 1 of ENDER_PEARL at X= 331, Y= 1, Z= 8 | 
[2023-07-19 11:39:57] [world_the_end] The Player <Enderlava> has picked 16 of ENDER_PEARL at X= 331, Y= 1, Z= 7 | 
[2023-07-19 11:47:13] [em_adventurers_guild] The Player <Enderlava> has picked 1 of LEATHER at X= 293, Y= 81, Z= 255 | §b沙罗曼蛇护符
[2023-07-19 11:47:27] [em_adventurers_guild] The Player <Enderlava> has picked 1 of LEATHER at X= 287, Y= 81, Z= 258 | §b沙罗曼蛇护符
[2023-07-19 11:50:23] [em_adventurers_guild] The Player <Enderlava> has picked 1 of LEATHER at X= 281, Y= 77, Z= 250 | §b沙罗曼蛇护符
[2023-07-19 11:50:35] [em_adventurers_guild] The Player <Enderlava> has picked 1 of LEATHER at X= 281, Y= 77, Z= 250 | §b沙罗曼蛇护符
[2023-07-19 11:54:36] [world_nether] The Player <Enderlava> has picked 1 of NETHERRACK at X= 5, Y= 67, Z= -24 | 
[2023-07-19 11:54:36] [world_nether] The Player <Enderlava> has picked 3 of LADDER at X= 7, Y= 65, Z= -23 | 
[2023-07-19 11:56:53] [world_nether] The Player <Enderlava> has picked 1 of NETHERRACK at X= -2, Y= 80, Z= -6 | 
[2023-07-19 12:01:53] [world] The Player <Enderlava> has picked 2 of SUGAR_CANE at X= -10, Y= 65, Z= -293 | 
[2023-07-19 12:01:55] [world] The Player <Enderlava> has picked 4 of SUGAR_CANE at X= -7, Y= 64, Z= -293 | 
[2023-07-19 12:01:55] [world] The Player <Enderlava> has picked 8 of SUGAR_CANE at X= -4, Y= 63, Z= -291 | 
[2023-07-19 12:02:03] [world] The Player <Enderlava> has picked 1 of SUGAR_CANE at X= 4, Y= 63, Z= -292 | 
[2023-07-19 12:02:04] [world] The Player <Enderlava> has picked 1 of SUGAR_CANE at X= 4, Y= 63, Z= -293 | 
[2023-07-19 12:02:06] [world] The Player <Enderlava> has picked 1 of SUGAR_CANE at X= 4, Y= 64, Z= -296 | 
[2023-07-19 12:02:07] [world] The Player <Enderlava> has picked 9 of SUGAR_CANE at X= 5, Y= 63, Z= -299 | 
[2023-07-19 12:02:08] [world] The Player <Enderlava> has picked 6 of SUGAR_CANE at X= 10, Y= 63, Z= -304 | 
[2023-07-19 12:02:52] [world_nether] The Player <Enderlava> has picked 45 of NETHERRACK at X= -9, Y= 15, Z= 4 | 
[2023-07-19 12:03:31] [world_nether] The Player <Enderlava> has picked 32 of TNT at X= -11, Y= 15, Z= 8 | 
[2023-07-19 12:03:43] [world_nether] The Player <Enderlava> has picked 10 of NETHERRACK at X= -14, Y= 16, Z= 9 | 
[2023-07-19 12:03:44] [world_nether] The Player <Enderlava> has picked 1 of NETHERRACK at X= -15, Y= 16, Z= 10 | 
[2023-07-19 12:03:48] [world_nether] The Player <Enderlava> has picked 4 of NETHERRACK at X= -16, Y= 16, Z= 10 | 
[2023-07-19 12:03:55] [world_nether] The Player <Enderlava> has picked 6 of NETHERRACK at X= -7, Y= 15, Z= 8 | 
[2023-07-19 12:04:46] [world_nether] The Player <Enderlava> has picked 2 of NETHERRACK at X= -7, Y= 15, Z= 12 | 
[2023-07-19 12:04:49] [world_nether] The Player <Enderlava> has picked 1 of NETHERRACK at X= -6, Y= 16, Z= 11 | 
[2023-07-19 12:04:49] [world_nether] The Player <Enderlava> has picked 1 of NETHERRACK at X= -6, Y= 15, Z= 12 | 
[2023-07-19 12:04:49] [world_nether] The Player <Enderlava> has picked 7 of NETHERRACK at X= -5, Y= 14, Z= 12 | 
[2023-07-19 12:04:50] [world_nether] The Player <Enderlava> has picked 1 of NETHERRACK at X= -4, Y= 16, Z= 12 | 
[2023-07-19 12:04:50] [world_nether] The Player <Enderlava> has picked 1 of NETHERRACK at X= -2, Y= 15, Z= 12 | 
[2023-07-19 12:04:50] [world_nether] The Player <Enderlava> has picked 3 of NETHERRACK at X= -2, Y= 15, Z= 12 | 
[2023-07-19 12:04:51] [world_nether] The Player <Enderlava> has picked 1 of NETHERRACK at X= -1, Y= 16, Z= 12 | 
[2023-07-19 12:04:51] [world_nether] The Player <Enderlava> has picked 1 of NETHERRACK at X= 1, Y= 15, Z= 12 | 
[2023-07-19 12:04:51] [world_nether] The Player <Enderlava> has picked 1 of NETHERRACK at X= 0, Y= 16, Z= 12 | 
[2023-07-19 12:04:51] [world_nether] The Player <Enderlava> has picked 1 of NETHERRACK at X= 1, Y= 16, Z= 12 | 
[2023-07-19 12:04:51] [world_nether] The Player <Enderlava> has picked 1 of NETHERRACK at X= 2, Y= 15, Z= 12 | 
[2023-07-19 12:04:52] [world_nether] The Player <Enderlava> has picked 1 of NETHERRACK at X= 2, Y= 16, Z= 12 | 
[2023-07-19 12:04:53] [world_nether] The Player <Enderlava> has picked 5 of NETHERRACK at X= 5, Y= 15, Z= 12 | 
[2023-07-19 12:04:53] [world_nether] The Player <Enderlava> has picked 1 of NETHERRACK at X= 7, Y= 16, Z= 12 | 
[2023-07-19 12:04:53] [world_nether] The Player <Enderlava> has picked 1 of NETHERRACK at X= 8, Y= 15, Z= 12 | 
[2023-07-19 12:04:53] [world_nether] The Player <Enderlava> has picked 1 of NETHERRACK at X= 8, Y= 15, Z= 12 | 
[2023-07-19 12:04:54] [world_nether] The Player <Enderlava> has picked 6 of NETHERRACK at X= 10, Y= 15, Z= 12 | 
[2023-07-19 12:04:54] [world_nether] The Player <Enderlava> has picked 1 of NETHERRACK at X= 12, Y= 16, Z= 12 | 
[2023-07-19 12:04:54] [world_nether] The Player <Enderlava> has picked 1 of NETHERRACK at X= 13, Y= 15, Z= 12 | 
[2023-07-19 12:04:55] [world_nether] The Player <Enderlava> has picked 2 of NETHERRACK at X= 15, Y= 15, Z= 12 | 
[2023-07-19 12:04:55] [world_nether] The Player <Enderlava> has picked 1 of NETHERRACK at X= 16, Y= 15, Z= 12 | 
[2023-07-19 12:04:55] [world_nether] The Player <Enderlava> has picked 5 of NETHERRACK at X= 18, Y= 15, Z= 12 | 
[2023-07-19 12:04:58] [world_nether] The Player <Enderlava> has picked 1 of NETHERRACK at X= 19, Y= 15, Z= 12 | 
[2023-07-19 12:05:02] [world_nether] The Player <Enderlava> has picked 2 of NETHERRACK at X= 20, Y= 16, Z= 11 | 
[2023-07-19 12:05:09] [world_nether] The Player <Enderlava> has picked 14 of QUARTZ at X= 17, Y= 14, Z= 11 | 
[2023-07-19 12:05:10] [world_nether] The Player <Enderlava> has picked 48 of NETHERRACK at X= 20, Y= 13, Z= 13 | 
[2023-07-19 12:05:11] [world_nether] The Player <Enderlava> has picked 31 of NETHERRACK at X= 21, Y= 13, Z= 11 | 
[2023-07-19 12:05:22] [world_nether] The Player <Enderlava> has picked 1 of NETHERRACK at X= 22, Y= 12, Z= 9 | 
[2023-07-19 12:05:23] [world_nether] The Player <Enderlava> has picked 1 of NETHERRACK at X= 22, Y= 13, Z= 8 | 
[2023-07-19 12:06:01] [world_nether] The Player <Enderlava> has picked 1 of NETHERRACK at X= 34, Y= 13, Z= 17 | 
[2023-07-19 12:06:45] [world_nether] The Player <Enderlava> has picked 1 of NETHERRACK at X= 45, Y= 14, Z= 18 | 
[2023-07-19 12:06:46] [world_nether] The Player <Enderlava> has picked 1 of NETHERRACK at X= 45, Y= 14, Z= 18 | 
[2023-07-19 12:06:46] [world_nether] The Player <Enderlava> has picked 1 of NETHERRACK at X= 45, Y= 14, Z= 18 | 
[2023-07-19 12:06:46] [world_nether] The Player <Enderlava> has picked 1 of NETHERRACK at X= 45, Y= 14, Z= 18 | 
[2023-07-19 12:06:57] [world_nether] The Player <Enderlava> has picked 1 of NETHERRACK at X= 45, Y= 16, Z= 18 | 
[2023-07-19 12:07:10] [world_nether] The Player <Enderlava> has picked 1 of NETHERRACK at X= 42, Y= 15, Z= 18 | 
[2023-07-19 12:07:11] [world_nether] The Player <Enderlava> has picked 1 of NETHERRACK at X= 42, Y= 15, Z= 18 | 
[2023-07-19 12:07:15] [world_nether] The Player <Enderlava> has picked 3 of NETHERRACK at X= 42, Y= 15, Z= 18 | 
[2023-07-19 12:07:30] [world_nether] The Player <Enderlava> has picked 7 of QUARTZ at X= 42, Y= 14, Z= 27 | 
[2023-07-19 12:08:06] [world_nether] The Player <Enderlava> has picked 2 of NETHERRACK at X= 29, Y= 13, Z= 25 | 
[2023-07-19 12:08:14] [world_nether] The Player <Enderlava> has picked 2 of NETHERRACK at X= 27, Y= 17, Z= 25 | 
[2023-07-19 12:08:31] [world_nether] The Player <Enderlava> has picked 1 of NETHERRACK at X= 26, Y= 14, Z= 26 | 
[2023-07-19 12:09:11] [world_nether] The Player <Enderlava> has picked 1 of QUARTZ at X= 19, Y= 15, Z= 25 | 
[2023-07-19 12:09:14] [world_nether] The Player <Enderlava> has picked 12 of QUARTZ at X= 19, Y= 15, Z= 24 | 
[2023-07-19 12:09:47] [world_nether] The Player <Enderlava> has picked 1 of ANCIENT_DEBRIS at X= 17, Y= 16, Z= 18 | 
[2023-07-19 12:09:51] [world_nether] The Player <Enderlava> has picked 1 of BLACKSTONE at X= 19, Y= 12, Z= 17 | 
[2023-07-19 12:09:52] [world_nether] The Player <Enderlava> has picked 13 of QUARTZ at X= 22, Y= 14, Z= 19 | 
[2023-07-19 12:09:52] [world_nether] The Player <Enderlava> has picked 1 of NETHERRACK at X= 23, Y= 16, Z= 18 | 
[2023-07-19 12:09:52] [world_nether] The Player <Enderlava> has picked 1 of NETHERRACK at X= 23, Y= 16, Z= 18 | 
[2023-07-19 12:09:53] [world_nether] The Player <Enderlava> has picked 2 of NETHERRACK at X= 23, Y= 16, Z= 18 | 
[2023-07-19 12:10:07] [world_nether] The Player <Enderlava> has picked 4 of NETHERRACK at X= 23, Y= 18, Z= 17 | 
[2023-07-19 12:10:08] [world_nether] The Player <Enderlava> has picked 3 of NETHERRACK at X= 23, Y= 18, Z= 17 | 
[2023-07-19 12:11:04] [world_nether] The Player <Enderlava> has picked 23 of BLACKSTONE at X= 27, Y= 11, Z= 2 | 
[2023-07-19 12:12:41] [world_nether] The Player <Enderlava> has picked 64 of NETHERRACK at X= 28, Y= 10, Z= 1 | 
[2023-07-19 12:12:44] [world_nether] The Player <Enderlava> has picked 1 of WRITTEN_BOOK at X= 27, Y= 10, Z= 1 | 
[2023-07-19 12:13:35] [world_nether] The Player <Enderlava> has picked 1 of BLACKSTONE at X= 14, Y= 14, Z= -13 | 
[2023-07-19 12:13:36] [world_nether] The Player <Enderlava> has picked 1 of BLACKSTONE at X= 14, Y= 13, Z= -13 | 
[2023-07-19 12:13:38] [world_nether] The Player <Enderlava> has picked 2 of BLACKSTONE at X= 14, Y= 14, Z= -13 | 
[2023-07-19 12:13:44] [world_nether] The Player <Enderlava> has picked 16 of BLACKSTONE at X= 16, Y= 11, Z= -12 | 
[2023-07-19 12:14:18] [world_nether] The Player <Enderlava> has picked 1 of QUARTZ at X= 21, Y= 12, Z= 9 | 
[2023-07-19 12:15:21] [world_nether] The Player <Enderlava> has picked 53 of GRAVEL at X= 23, Y= 9, Z= 5 | 
[2023-07-19 12:15:21] [world_nether] The Player <Enderlava> has picked 2 of FLINT at X= 23, Y= 8, Z= 6 | 
[2023-07-19 12:15:22] [world_nether] The Player <Enderlava> has picked 16 of NETHERRACK at X= 22, Y= 9, Z= 5 | 
[2023-07-19 12:15:23] [world_nether] The Player <Enderlava> has picked 16 of WHITE_BANNER at X= 23, Y= 9, Z= 7 | §6Ominous Banner
[2023-07-19 12:15:30] [world_nether] The Player <Enderlava> has picked 53 of GRAVEL at X= 23, Y= 9, Z= 7 | 
[2023-07-19 12:15:31] [world_nether] The Player <Enderlava> has picked 1 of FLINT_AND_STEEL at X= 23, Y= 9, Z= 7 | 
[2023-07-19 12:15:35] [world_nether] The Player <Enderlava> has picked 64 of NETHERRACK at X= 23, Y= 9, Z= 7 | 
[2023-07-19 12:15:37] [world_nether] The Player <Enderlava> has picked 64 of NETHERRACK at X= 22, Y= 10, Z= 8 | 
[2023-07-19 12:15:38] [world_nether] The Player <Enderlava> has picked 44 of IRON_INGOT at X= 23, Y= 9, Z= 7 | 
[2023-07-19 12:21:20] [world] The Player <Enderlava> has picked 3 of LEATHER at X= -38, Y= 73, Z= -274 | 
[2023-07-19 12:21:26] [world] The Player <Enderlava> has picked 24 of BEEF at X= -38, Y= 71, Z= -274 | 
[2023-07-19 12:21:27] [world] The Player <Enderlava> has picked 3 of LEATHER at X= -37, Y= 72, Z= -270 | 
[2023-07-19 12:21:29] [world] The Player <Enderlava> has picked 3 of BEEF at X= -36, Y= 73, Z= -272 | 
[2023-07-19 12:21:31] [world] The Player <Enderlava> has picked 2 of LEATHER at X= -38, Y= 73, Z= -271 | 
[2023-07-19 12:21:47] [world] The Player <Enderlava> has picked 3 of BEEF at X= -41, Y= 71, Z= -272 | 
[2023-07-19 12:21:52] [world] The Player <Enderlava> has picked 3 of BEEF at X= -46, Y= 72, Z= -280 | 
[2023-07-19 12:21:58] [world] The Player <Enderlava> has picked 6 of BEEF at X= -48, Y= 73, Z= -281 | 
[2023-07-19 12:22:00] [world] The Player <Enderlava> has picked 3 of BEEF at X= -46, Y= 71, Z= -281 | 
[2023-07-19 12:22:00] [world] The Player <Enderlava> has picked 3 of LEATHER at X= -45, Y= 71, Z= -280 | 
[2023-07-19 12:22:01] [world] The Player <Enderlava> has picked 18 of BEEF at X= -44, Y= 69, Z= -282 | 
[2023-07-19 12:22:01] [world] The Player <Enderlava> has picked 6 of LEATHER at X= -44, Y= 69, Z= -282 | 
[2023-07-19 12:22:05] [world] The Player <Enderlava> has picked 3 of BEEF at X= -49, Y= 73, Z= -282 | 
[2023-07-19 12:22:07] [world] The Player <Enderlava> has picked 1 of BEEF at X= -45, Y= 73, Z= -280 | 
[2023-07-19 12:22:07] [world] The Player <Enderlava> has picked 3 of LEATHER at X= -45, Y= 73, Z= -281 | 
[2023-07-19 12:22:11] [world] The Player <Enderlava> has picked 5 of BEEF at X= -46, Y= 69, Z= -281 | 
[2023-07-19 12:24:46] [world] The Player <Enderlava> has picked 1 of STICK at X= -8, Y= 74, Z= -244 | 
[2023-07-19 12:24:49] [world] The Player <Enderlava> has picked 1 of STICK at X= -8, Y= 74, Z= -244 | 
[2023-07-19 12:24:52] [world] The Player <Enderlava> has picked 1 of STICK at X= -8, Y= 73, Z= -246 | 
[2023-07-19 12:35:54] [world] The Player <Funget114514> has picked 1 of COD at X= -4, Y= 61, Z= -298 | 
[2023-07-19 12:38:03] [world] The Player <Funget114514> has picked 1 of WRITTEN_BOOK at X= -20, Y= 63, Z= -287 | 
[2023-07-19 12:40:38] [world] The Player <Funget114514> has picked 3 of STRING at X= 9, Y= 63, Z= -286 | 
[2023-07-19 12:43:23] [world] The Player <Funget114514> has picked 1 of BLACK_SHULKER_BOX at X= -27, Y= 63, Z= -288 | 矿物
[2023-07-19 12:45:43] [world_the_end] The Player <Funget114514> has picked 16 of ENDER_PEARL at X= -15, Y= 1, Z= -278 | 
[2023-07-19 12:45:43] [world_the_end] The Player <Funget114514> has picked 16 of ENDER_PEARL at X= -15, Y= 1, Z= -277 | 
[2023-07-19 12:45:48] [world_the_end] The Player <Funget114514> has picked 2 of ENDER_PEARL at X= -15, Y= 1, Z= -280 | 
[2023-07-19 12:45:48] [world_the_end] The Player <Funget114514> has picked 16 of ENDER_PEARL at X= -15, Y= 0, Z= -279 | 
[2023-07-19 12:45:48] [world_the_end] The Player <Funget114514> has picked 16 of ENDER_PEARL at X= -15, Y= 1, Z= -280 | 
[2023-07-19 12:45:49] [world_the_end] The Player <Funget114514> has picked 16 of ENDER_PEARL at X= -15, Y= 1, Z= -280 | 
[2023-07-19 12:45:50] [world_the_end] The Player <Funget114514> has picked 16 of ENDER_PEARL at X= -16, Y= 1, Z= -280 | 
[2023-07-19 12:45:53] [world_the_end] The Player <Funget114514> has picked 14 of ENDER_PEARL at X= -17, Y= 1, Z= -280 | 
[2023-07-19 12:46:04] [world_the_end] The Player <Funget114514> has picked 16 of ENDER_PEARL at X= -12, Y= 1, Z= -274 | 
[2023-07-19 12:46:06] [world_the_end] The Player <Funget114514> has picked 16 of ENDER_PEARL at X= -11, Y= 1, Z= -273 | 
[2023-07-19 12:46:12] [world_the_end] The Player <Funget114514> has picked 16 of ENDER_PEARL at X= -12, Y= 1, Z= -274 | 
[2023-07-19 12:47:53] [world_the_end] The Player <Funget114514> has picked 16 of ENDER_PEARL at X= -17, Y= 1, Z= -276 | 
[2023-07-19 12:48:39] [world_the_end] The Player <Funget114514> has picked 16 of ENDER_PEARL at X= -18, Y= 1, Z= -277 | 
[2023-07-19 12:48:39] [world_the_end] The Player <Funget114514> has picked 16 of ENDER_PEARL at X= -18, Y= 1, Z= -277 | 
[2023-07-19 12:48:40] [world_the_end] The Player <Funget114514> has picked 16 of ENDER_PEARL at X= -18, Y= 1, Z= -280 | 
[2023-07-19 12:48:40] [world_the_end] The Player <Funget114514> has picked 16 of ENDER_PEARL at X= -18, Y= 1, Z= -280 | 
[2023-07-19 12:48:40] [world_the_end] The Player <Funget114514> has picked 1 of SCAFFOLDING at X= -16, Y= 1, Z= -280 | 
[2023-07-19 12:48:46] [world_the_end] The Player <Funget114514> has picked 16 of ENDER_PEARL at X= -14, Y= 0, Z= -278 | 
[2023-07-19 12:48:46] [world_the_end] The Player <Funget114514> has picked 16 of ENDER_PEARL at X= -14, Y= 0, Z= -278 | 
[2023-07-19 12:48:49] [world_the_end] The Player <Funget114514> has picked 16 of ENDER_PEARL at X= -15, Y= 1, Z= -277 | 
[2023-07-19 12:48:49] [world_the_end] The Player <Funget114514> has picked 16 of ENDER_PEARL at X= -15, Y= 1, Z= -278 | 
[2023-07-19 12:49:19] [world_the_end] The Player <Funget114514> has picked 16 of ENDER_PEARL at X= -16, Y= 1, Z= -276 | 
[2023-07-19 12:49:19] [world_the_end] The Player <Funget114514> has picked 16 of ENDER_PEARL at X= -16, Y= 1, Z= -276 | 
[2023-07-19 12:49:19] [world_the_end] The Player <Funget114514> has picked 16 of ENDER_PEARL at X= -16, Y= 1, Z= -276 | 
[2023-07-19 12:49:19] [world_the_end] The Player <Funget114514> has picked 16 of ENDER_PEARL at X= -16, Y= 1, Z= -276 | 
[2023-07-19 12:49:20] [world_the_end] The Player <Funget114514> has picked 7 of ENDER_PEARL at X= -18, Y= 1, Z= -278 | 
[2023-07-19 12:49:27] [world_the_end] The Player <Funget114514> has picked 16 of ENDER_PEARL at X= -14, Y= 0, Z= -277 | 
[2023-07-19 16:36:28] [world] The Player <Funget114514> has picked 1 of ROTTEN_FLESH at X= 7, Y= 64, Z= -295 | 
[2023-07-19 16:43:29] [world] The Player <Funget114514> has picked 2 of ROTTEN_FLESH at X= -20, Y= 63, Z= -286 | 
[2023-07-19 16:44:30] [world] The Player <Funget114514> has picked 7 of ENDER_PEARL at X= -28, Y= 63, Z= -288 | 
[2023-07-19 16:47:15] [world] The Player <Funget114514> has picked 7 of OAK_LOG at X= -27, Y= 63, Z= -287 | 
[2023-07-19 16:47:23] [world] The Player <Funget114514> has picked 1 of BLACK_SHULKER_BOX at X= -27, Y= 63, Z= -287 | 矿物
[2023-07-19 16:47:29] [world] The Player <Funget114514> has picked 2 of OAK_PLANKS at X= -28, Y= 63, Z= -287 | 
[2023-07-19 16:47:46] [world] The Player <Funget114514> has picked 2 of OAK_PLANKS at X= -28, Y= 63, Z= -287 | 
[2023-07-19 16:48:00] [world] The Player <Funget114514> has picked 3 of GOLD_NUGGET at X= -20, Y= 63, Z= -286 | 
[2023-07-19 16:55:07] [world_the_end] The Player <Funget114514> has picked 2 of ENDER_PEARL at X= -15, Y= 1, Z= -280 | 
[2023-07-19 16:55:08] [world_the_end] The Player <Funget114514> has picked 2 of ENDER_PEARL at X= -15, Y= 1, Z= -280 | 
[2023-07-19 16:55:10] [world_the_end] The Player <Funget114514> has picked 16 of ENDER_PEARL at X= -15, Y= 1, Z= -280 | 
[2023-07-19 16:55:11] [world_the_end] The Player <Funget114514> has picked 5 of ENDER_PEARL at X= -15, Y= 1, Z= -280 | 
[2023-07-19 16:55:31] [world_the_end] The Player <Funget114514> has picked 15 of ENDER_PEARL at X= -18, Y= 1, Z= -280 | 
[2023-07-19 16:56:40] [world_the_end] The Player <Funget114514> has picked 16 of ENDER_PEARL at X= -17, Y= 1, Z= -274 | 
[2023-07-19 16:57:03] [world_the_end] The Player <Funget114514> has picked 1 of BLACK_SHULKER_BOX at X= -18, Y= 1, Z= -272 | 矿物
[2023-07-19 17:01:38] [world_the_end] The Player <Funget114514> has picked 1 of BLACK_SHULKER_BOX at X= -15, Y= 1, Z= -273 | 矿物
[2023-07-19 17:02:06] [world_the_end] The Player <Funget114514> has picked 1 of BLACK_SHULKER_BOX at X= -16, Y= 1, Z= -274 | 矿物
[2023-07-19 17:03:36] [world_the_end] The Player <Funget114514> has picked 1 of SCAFFOLDING at X= -13, Y= 1, Z= -274 | 
[2023-07-19 17:03:53] [world_the_end] The Player <Funget114514> has picked 1 of SPRUCE_PLANKS at X= -11, Y= 1, Z= -279 | 
[2023-07-19 21:43:32] [world_the_end] The Player <Funget114514> has picked 1 of BLACK_SHULKER_BOX at X= -17, Y= 1, Z= -272 | 矿物
[2023-07-19 22:07:13] [world] The Player <wqe123420> has picked 1 of CROSSBOW at X= 1205, Y= 79, Z= -511 | 
[2023-07-19 22:08:46] [world] The Player <wqe123420> has picked 1 of CROSSBOW at X= 1184, Y= 78, Z= -474 | 
[2023-07-19 22:18:38] [world] The Player <Enderlava> has picked 1 of WRITTEN_BOOK at X= 1188, Y= 77, Z= -460 | 
[2023-07-19 22:18:42] [world] The Player <Enderlava> has picked 1 of WRITTEN_BOOK at X= 1189, Y= 77, Z= -459 | 
[2023-07-19 22:18:47] [world] The Player <Enderlava> has picked 1 of WRITTEN_BOOK at X= 1189, Y= 77, Z= -460 | 
[2023-07-19 22:25:07] [world] The Player <Enderlava> has picked 1 of BOOK at X= -22, Y= 71, Z= -239 | §5Elite Lure Enchanted Book
[2023-07-19 22:25:10] [world] The Player <Enderlava> has picked 1 of BOOK at X= -19, Y= 70, Z= -240 | §5Elite Lure Enchanted Book
[2023-07-19 22:29:21] [world] The Player <Enderlava> has picked 1 of BOOK at X= -21, Y= 66, Z= -246 | §5Elite Feather Falling Enchanted Book
[2023-07-19 22:29:26] [world] The Player <Enderlava> has picked 1 of BOOK at X= -22, Y= 68, Z= -248 | §5Elite Earthquake Enchanted Book
[2023-07-19 22:31:28] [world] The Player <Enderlava> has picked 2 of ARROW at X= -113, Y= 70, Z= -200 | 
[2023-07-19 22:33:01] [world] The Player <Enderlava> has picked 1 of BOOK at X= -97, Y= 63, Z= -201 | §5Elite Protection Enchanted Book
[2023-07-19 22:33:02] [world] The Player <Enderlava> has picked 1 of LEATHER_HELMET at X= -97, Y= 63, Z= -200 | §7钩索的战无不胜的头盔
[2023-07-19 22:33:03] [world] The Player <Enderlava> has picked 1 of BOOK at X= -97, Y= 63, Z= -200 | §5Elite Fortune Enchanted Book
[2023-07-19 22:35:59] [world] The Player <Enderlava> has picked 1 of BOOK at X= -61, Y= 69, Z= -188 | §5Elite Power Enchanted Book
[2023-07-19 22:41:00] [world] The Player <Enderlava> has picked 4 of DIRT at X= -199, Y= 63, Z= -150 | 
[2023-07-19 22:41:01] [world] The Player <Enderlava> has picked 6 of SAND at X= -197, Y= 64, Z= -149 | 
[2023-07-19 22:41:05] [world] The Player <Enderlava> has picked 14 of NETHERRACK at X= -198, Y= 64, Z= -152 | 
[2023-07-19 22:41:28] [world] The Player <Enderlava> has picked 1 of NETHERRACK at X= -259, Y= 64, Z= -186 | 
[2023-07-19 22:41:32] [world] The Player <Enderlava> has picked 1 of NETHERRACK at X= -264, Y= 66, Z= -185 | 
[2023-07-19 22:41:34] [world] The Player <Enderlava> has picked 2 of NETHERRACK at X= -264, Y= 66, Z= -186 | 
[2023-07-19 22:41:34] [world] The Player <Enderlava> has picked 1 of NETHERRACK at X= -266, Y= 68, Z= -185 | 
[2023-07-19 22:41:35] [world] The Player <Enderlava> has picked 19 of NETHERRACK at X= -264, Y= 64, Z= -187 | 
[2023-07-19 22:41:36] [world] The Player <Enderlava> has picked 1 of NETHERRACK at X= -264, Y= 65, Z= -186 | 
[2023-07-19 22:41:36] [world] The Player <Enderlava> has picked 1 of NETHERRACK at X= -262, Y= 67, Z= -186 | 
[2023-07-19 22:41:43] [world] The Player <Enderlava> has picked 1 of NETHERRACK at X= -243, Y= 64, Z= -187 | 
[2023-07-19 22:41:44] [world] The Player <Enderlava> has picked 1 of NETHERRACK at X= -238, Y= 64, Z= -187 | 
[2023-07-19 22:41:46] [world] The Player <Enderlava> has picked 1 of NETHERRACK at X= -230, Y= 64, Z= -187 | 
[2023-07-19 22:41:47] [world] The Player <Enderlava> has picked 1 of NETHERRACK at X= -226, Y= 63, Z= -186 | 
[2023-07-19 22:41:48] [world] The Player <Enderlava> has picked 1 of NETHERRACK at X= -222, Y= 63, Z= -188 | 
[2023-07-19 22:41:50] [world] The Player <Enderlava> has picked 1 of NETHERRACK at X= -216, Y= 64, Z= -187 | 
[2023-07-19 22:41:51] [world] The Player <Enderlava> has picked 1 of NETHERRACK at X= -214, Y= 64, Z= -188 | 
[2023-07-19 22:41:51] [world] The Player <Enderlava> has picked 1 of NETHERRACK at X= -209, Y= 64, Z= -187 | 
[2023-07-19 22:41:52] [world] The Player <Enderlava> has picked 1 of NETHERRACK at X= -205, Y= 64, Z= -187 | 
[2023-07-19 22:41:53] [world] The Player <Enderlava> has picked 1 of NETHERRACK at X= -200, Y= 64, Z= -185 | 
[2023-07-19 22:41:53] [world] The Player <Enderlava> has picked 1 of NETHERRACK at X= -199, Y= 64, Z= -182 | 
[2023-07-19 22:41:54] [world] The Player <Enderlava> has picked 1 of NETHERRACK at X= -195, Y= 64, Z= -180 | 
[2023-07-19 22:41:55] [world] The Player <Enderlava> has picked 1 of NETHERRACK at X= -191, Y= 64, Z= -178 | 
[2023-07-19 22:42:02] [world] The Player <Enderlava> has picked 1 of NETHERRACK at X= -167, Y= 71, Z= -165 | 
[2023-07-19 22:42:02] [world] The Player <Enderlava> has picked 1 of NETHERRACK at X= -167, Y= 71, Z= -165 | 
[2023-07-19 22:42:02] [world] The Player <Enderlava> has picked 1 of NETHERRACK at X= -167, Y= 73, Z= -166 | 
[2023-07-19 22:42:06] [world] The Player <Enderlava> has picked 1 of NETHERRACK at X= -157, Y= 74, Z= -171 | 
[2023-07-19 22:42:15] [world] The Player <Enderlava> has picked 7 of NETHERRACK at X= -162, Y= 71, Z= -162 | 
[2023-07-19 22:42:21] [world] The Player <Enderlava> has picked 3 of NETHERRACK at X= -161, Y= 68, Z= -145 | 
[2023-07-19 22:42:51] [world] The Player <Enderlava> has picked 3 of NETHERRACK at X= -163, Y= 70, Z= -157 | 
[2023-07-19 22:44:11] [world] The Player <Enderlava> has picked 3 of NETHERRACK at X= -16, Y= 72, Z= -185 | 
[2023-07-19 22:44:11] [world] The Player <Enderlava> has picked 2 of NETHERRACK at X= -16, Y= 72, Z= -186 | 
[2023-07-19 22:48:10] [world] The Player <Enderlava> has picked 9 of DIRT at X= -55, Y= 70, Z= -263 | 
[2023-07-19 22:48:11] [world] The Player <Enderlava> has picked 1 of DIRT at X= -56, Y= 70, Z= -262 | 
[2023-07-19 22:48:12] [world] The Player <Enderlava> has picked 11 of DIRT at X= -57, Y= 70, Z= -262 | 
[2023-07-19 22:48:12] [world] The Player <Enderlava> has picked 4 of DIRT at X= -57, Y= 70, Z= -262 | 
[2023-07-19 22:50:30] [world] The Player <Enderlava> has picked 1 of ROTTEN_FLESH at X= -479, Y= 67, Z= -587 | 
[2023-07-19 22:50:38] [world] The Player <Enderlava> has picked 2 of ROTTEN_FLESH at X= -472, Y= 68, Z= -598 | 
[2023-07-19 22:50:45] [world] The Player <Enderlava> has picked 2 of ROTTEN_FLESH at X= -473, Y= 68, Z= -601 | 
