[2023-07-22 12:58:00] [world] The Player <wqe123420> has picked 2 of DIAMOND at X= -77, Y= -53, Z= -201 | 
[2023-07-22 12:58:01] [world] The Player <wqe123420> has picked 1 of DIAMOND at X= -78, Y= -53, Z= -201 | 
[2023-07-22 12:58:07] [world] The Player <wqe123420> has picked 1 of COBBLED_DEEPSLATE at X= -77, Y= -54, Z= -200 | 
[2023-07-22 12:58:08] [world] The Player <wqe123420> has picked 16 of DIAMOND at X= -78, Y= -53, Z= -200 | 
[2023-07-22 12:58:10] [world] The Player <wqe123420> has picked 39 of NETHERRACK at X= -78, Y= -53, Z= -200 | 
[2023-07-22 12:58:17] [world] The Player <wqe123420> has picked 4 of DIAMOND at X= -79, Y= -57, Z= -198 | 
[2023-07-22 12:58:19] [world] The Player <wqe123420> has picked 7 of DIAMOND at X= -80, Y= -57, Z= -198 | 
[2023-07-22 12:58:20] [world] The Player <wqe123420> has picked 2 of DIAMOND at X= -81, Y= -57, Z= -197 | 
[2023-07-22 13:00:24] [world_nether] The Player <wqe123420> has picked 1 of BLACKSTONE at X= -44, Y= 14, Z= -112 | 
[2023-07-22 13:00:24] [world_nether] The Player <wqe123420> has picked 1 of BLACKSTONE at X= -45, Y= 14, Z= -113 | 
[2023-07-22 13:00:25] [world_nether] The Player <wqe123420> has picked 1 of BLACKSTONE at X= -46, Y= 14, Z= -113 | 
[2023-07-22 13:00:30] [world_nether] The Player <wqe123420> has picked 1 of BLACKSTONE at X= -55, Y= 9, Z= -112 | 
[2023-07-22 13:00:33] [world_nether] The Player <wqe123420> has picked 1 of ANCIENT_DEBRIS at X= -56, Y= 9, Z= -114 | 
[2023-07-22 13:00:43] [world_the_end] The Player <Enderlava> has picked 1 of ENDER_PEARL at X= 331, Y= 1, Z= 7 | 
[2023-07-22 13:00:44] [world_the_end] The Player <Enderlava> has picked 16 of ENDER_PEARL at X= 331, Y= 1, Z= 8 | 
[2023-07-22 13:00:46] [world_the_end] The Player <Enderlava> has picked 16 of ENDER_PEARL at X= 331, Y= 1, Z= 6 | 
[2023-07-22 13:00:47] [world_the_end] The Player <Enderlava> has picked 4 of ENDER_PEARL at X= 331, Y= 1, Z= 7 | 
[2023-07-22 13:00:50] [world_the_end] The Player <Enderlava> has picked 3 of ENDER_PEARL at X= 331, Y= 1, Z= 6 | 
[2023-07-22 13:00:51] [world_the_end] The Player <Enderlava> has picked 4 of ENDER_PEARL at X= 331, Y= 1, Z= 7 | 
[2023-07-22 13:00:51] [world_the_end] The Player <Enderlava> has picked 4 of ENDER_PEARL at X= 331, Y= 1, Z= 6 | 
[2023-07-22 13:02:50] [world] The Player <Funget114514> has picked 63 of WHITE_CARPET at X= 1, Y= 71, Z= -239 | 
[2023-07-22 13:02:55] [world] The Player <Funget114514> has picked 41 of WHITE_CARPET at X= 1, Y= 71, Z= -239 | 
[2023-07-22 13:03:03] [world] The Player <Funget114514> has picked 64 of WHITE_CARPET at X= 1, Y= 71, Z= -239 | 
[2023-07-22 13:03:33] [world] The Player <Funget114514> has picked 64 of WHITE_CARPET at X= 0, Y= 69, Z= -237 | 
[2023-07-22 13:03:33] [world] The Player <Funget114514> has picked 3 of ROTTEN_FLESH at X= 0, Y= 69, Z= -237 | 
[2023-07-22 13:04:39] [world] The Player <Funget114514> has picked 40 of WHITE_CARPET at X= 0, Y= 69, Z= -237 | 
[2023-07-22 13:04:39] [world] The Player <Funget114514> has picked 3 of ROTTEN_FLESH at X= 1, Y= 69, Z= -237 | 
[2023-07-22 13:06:27] [world_nether] The Player <Funget114514> has picked 22 of NETHERRACK at X= 5, Y= 97, Z= -37 | 
[2023-07-22 13:06:28] [world_nether] The Player <Funget114514> has picked 6 of NETHERRACK at X= 5, Y= 96, Z= -41 | 
[2023-07-22 13:06:28] [world_nether] The Player <Funget114514> has picked 1 of NETHERRACK at X= 5, Y= 96, Z= -41 | 
[2023-07-22 13:06:28] [world_nether] The Player <Funget114514> has picked 1 of NETHERRACK at X= 5, Y= 97, Z= -40 | 
[2023-07-22 13:06:28] [world_nether] The Player <Funget114514> has picked 1 of NETHERRACK at X= 6, Y= 96, Z= -41 | 
[2023-07-22 13:06:28] [world_nether] The Player <Funget114514> has picked 1 of NETHERRACK at X= 5, Y= 96, Z= -42 | 
[2023-07-22 13:06:28] [world_nether] The Player <Funget114514> has picked 1 of NETHERRACK at X= 5, Y= 98, Z= -41 | 
[2023-07-22 13:06:30] [world_nether] The Player <Funget114514> has picked 17 of NETHERRACK at X= 5, Y= 95, Z= -46 | 
[2023-07-22 13:06:30] [world_nether] The Player <Funget114514> has picked 1 of NETHERRACK at X= 6, Y= 96, Z= -45 | 
[2023-07-22 13:06:31] [world_nether] The Player <Funget114514> has picked 7 of NETHERRACK at X= 6, Y= 96, Z= -46 | 
[2023-07-22 13:06:33] [world_nether] The Player <Funget114514> has picked 19 of NETHERRACK at X= 5, Y= 96, Z= -47 | 
[2023-07-22 13:06:33] [world_nether] The Player <Funget114514> has picked 1 of NETHERRACK at X= 5, Y= 96, Z= -50 | 
[2023-07-22 13:06:35] [world_nether] The Player <Funget114514> has picked 7 of NETHERRACK at X= 5, Y= 96, Z= -53 | 
[2023-07-22 13:06:36] [world_nether] The Player <Funget114514> has picked 1 of NETHERRACK at X= 5, Y= 96, Z= -54 | 
[2023-07-22 13:06:46] [world_nether] The Player <Funget114514> has picked 1 of NETHERRACK at X= 2, Y= 96, Z= -59 | 
[2023-07-22 13:06:46] [world_nether] The Player <Funget114514> has picked 41 of NETHERRACK at X= 1, Y= 94, Z= -60 | 
[2023-07-22 13:07:12] [world_nether] The Player <Funget114514> has picked 1 of NETHERRACK at X= -33, Y= 58, Z= -45 | 
[2023-07-22 13:07:23] [world_nether] The Player <Funget114514> has picked 1 of NETHERRACK at X= -55, Y= 64, Z= -48 | 
[2023-07-22 13:07:26] [world_nether] The Player <Funget114514> has picked 1 of NETHERRACK at X= -54, Y= 64, Z= -48 | 
[2023-07-22 13:07:26] [world_nether] The Player <Funget114514> has picked 1 of NETHERRACK at X= -54, Y= 63, Z= -49 | 
[2023-07-22 13:07:31] [world_nether] The Player <Funget114514> has picked 1 of NETHERRACK at X= -51, Y= 63, Z= -49 | 
[2023-07-22 13:07:33] [world_nether] The Player <Funget114514> has picked 19 of GOLD_NUGGET at X= -51, Y= 63, Z= -49 | 
[2023-07-22 13:07:45] [world_nether] The Player <Funget114514> has picked 4 of GOLD_NUGGET at X= -47, Y= 68, Z= -41 | 
[2023-07-22 13:07:46] [world_nether] The Player <Funget114514> has picked 6 of GOLD_NUGGET at X= -47, Y= 68, Z= -41 | 
[2023-07-22 13:07:55] [world_nether] The Player <Funget114514> has picked 5 of NETHERRACK at X= -49, Y= 60, Z= -41 | 
[2023-07-22 13:07:56] [world_nether] The Player <Funget114514> has picked 1 of NETHERRACK at X= -49, Y= 60, Z= -41 | 
[2023-07-22 13:08:21] [world_nether] The Player <Funget114514> has picked 3 of ARROW at X= 150, Y= 33, Z= -550 | 
[2023-07-22 13:08:46] [world_nether] The Player <Funget114514> has picked 7 of GOLD_NUGGET at X= 137, Y= 58, Z= -568 | 
[2023-07-22 13:08:49] [world_nether] The Player <Funget114514> has picked 1 of NETHER_GOLD_ORE at X= 136, Y= 57, Z= -569 | 
[2023-07-22 13:09:04] [world_nether] The Player <Funget114514> has picked 1 of NETHER_GOLD_ORE at X= 121, Y= 66, Z= -579 | 
[2023-07-22 13:09:04] [world_nether] The Player <Funget114514> has picked 1 of NETHER_GOLD_ORE at X= 121, Y= 66, Z= -579 | 
[2023-07-22 13:09:05] [world_nether] The Player <Funget114514> has picked 1 of NETHERRACK at X= 120, Y= 66, Z= -579 | 
[2023-07-22 13:09:06] [world_nether] The Player <Funget114514> has picked 1 of NETHER_GOLD_ORE at X= 121, Y= 66, Z= -580 | 
[2023-07-22 13:09:08] [world_nether] The Player <Funget114514> has picked 1 of NETHER_GOLD_ORE at X= 120, Y= 66, Z= -581 | 
[2023-07-22 13:09:08] [world_nether] The Player <Funget114514> has picked 2 of NETHER_GOLD_ORE at X= 121, Y= 66, Z= -581 | 
[2023-07-22 13:09:08] [world_nether] The Player <Funget114514> has picked 1 of NETHERRACK at X= 120, Y= 66, Z= -581 | 
[2023-07-22 13:09:08] [world_nether] The Player <Funget114514> has picked 1 of NETHERRACK at X= 120, Y= 65, Z= -580 | 
[2023-07-22 13:09:10] [world_nether] The Player <Funget114514> has picked 1 of NETHER_GOLD_ORE at X= 120, Y= 64, Z= -580 | 
[2023-07-22 13:09:11] [world_nether] The Player <Funget114514> has picked 10 of NETHERRACK at X= 119, Y= 63, Z= -580 | 
[2023-07-22 13:09:11] [world_nether] The Player <Funget114514> has picked 1 of NETHERRACK at X= 119, Y= 64, Z= -581 | 
[2023-07-22 13:09:31] [world_nether] The Player <Funget114514> has picked 1 of NETHERRACK at X= 119, Y= 63, Z= -580 | 
[2023-07-22 13:09:36] [world_nether] The Player <Funget114514> has picked 1 of NETHER_GOLD_ORE at X= 120, Y= 63, Z= -580 | 
[2023-07-22 13:09:37] [world_nether] The Player <Funget114514> has picked 1 of NETHER_GOLD_ORE at X= 121, Y= 64, Z= -580 | 
[2023-07-22 13:09:37] [world_nether] The Player <Funget114514> has picked 1 of NETHER_GOLD_ORE at X= 120, Y= 63, Z= -580 | 
[2023-07-22 13:09:37] [world_nether] The Player <Funget114514> has picked 1 of NETHER_GOLD_ORE at X= 122, Y= 63, Z= -580 | 
[2023-07-22 13:09:38] [world_nether] The Player <Funget114514> has picked 1 of NETHER_GOLD_ORE at X= 121, Y= 63, Z= -580 | 
[2023-07-22 13:09:38] [world_nether] The Player <Funget114514> has picked 1 of NETHER_GOLD_ORE at X= 121, Y= 63, Z= -581 | 
[2023-07-22 13:09:40] [world_nether] The Player <Funget114514> has picked 2 of NETHER_GOLD_ORE at X= 122, Y= 63, Z= -580 | 
[2023-07-22 13:09:40] [world_nether] The Player <Funget114514> has picked 1 of NETHER_GOLD_ORE at X= 122, Y= 63, Z= -581 | 
[2023-07-22 13:09:40] [world_nether] The Player <Funget114514> has picked 1 of NETHERRACK at X= 122, Y= 62, Z= -581 | 
[2023-07-22 13:09:42] [world_nether] The Player <Funget114514> has picked 1 of NETHER_GOLD_ORE at X= 122, Y= 64, Z= -581 | 
[2023-07-22 13:09:43] [world_nether] The Player <Funget114514> has picked 1 of NETHER_GOLD_ORE at X= 123, Y= 62, Z= -581 | 
[2023-07-22 13:09:43] [world_nether] The Player <Funget114514> has picked 2 of NETHERRACK at X= 123, Y= 62, Z= -581 | 
[2023-07-22 13:09:44] [world_nether] The Player <wqe123420> has picked 1 of ANCIENT_DEBRIS at X= -74, Y= 11, Z= -112 | 
[2023-07-22 13:09:47] [world_nether] The Player <wqe123420> has picked 1 of ANCIENT_DEBRIS at X= -74, Y= 13, Z= -114 | 
[2023-07-22 13:09:49] [world_nether] The Player <wqe123420> has picked 1 of ANCIENT_DEBRIS at X= -74, Y= 13, Z= -114 | 
[2023-07-22 13:10:00] [world_nether] The Player <Funget114514> has picked 1 of NETHERRACK at X= 116, Y= 63, Z= -580 | 
[2023-07-22 13:10:01] [world_nether] The Player <Funget114514> has picked 1 of NETHERRACK at X= 116, Y= 62, Z= -580 | 
[2023-07-22 13:10:01] [world_nether] The Player <Funget114514> has picked 1 of NETHERRACK at X= 115, Y= 62, Z= -580 | 
[2023-07-22 13:10:01] [world_nether] The Player <Funget114514> has picked 1 of NETHERRACK at X= 115, Y= 61, Z= -580 | 
[2023-07-22 13:10:01] [world_nether] The Player <Funget114514> has picked 1 of NETHERRACK at X= 114, Y= 61, Z= -580 | 
[2023-07-22 13:10:29] [world_nether] The Player <wqe123420> has picked 1 of ANCIENT_DEBRIS at X= -96, Y= 17, Z= -109 | 
[2023-07-22 13:10:31] [world_nether] The Player <wqe123420> has picked 1 of ANCIENT_DEBRIS at X= -96, Y= 18, Z= -109 | 
[2023-07-22 13:11:57] [world_nether] The Player <wqe123420> has picked 1 of ANCIENT_DEBRIS at X= -11, Y= 23, Z= -129 | 
[2023-07-22 13:12:14] [world_nether] The Player <Funget114514> has picked 1 of NETHER_GOLD_ORE at X= 114, Y= 63, Z= -582 | 
[2023-07-22 13:12:14] [world_nether] The Player <wqe123420> has picked 1 of ANCIENT_DEBRIS at X= -7, Y= 11, Z= -121 | 
[2023-07-22 13:12:14] [world_nether] The Player <wqe123420> has picked 1 of ANCIENT_DEBRIS at X= -7, Y= 11, Z= -121 | 
[2023-07-22 13:12:14] [world_nether] The Player <Funget114514> has picked 1 of NETHER_GOLD_ORE at X= 115, Y= 63, Z= -582 | 
[2023-07-22 13:12:15] [world_nether] The Player <Funget114514> has picked 1 of NETHER_GOLD_ORE at X= 114, Y= 63, Z= -582 | 
[2023-07-22 13:12:16] [world_nether] The Player <Funget114514> has picked 2 of NETHER_GOLD_ORE at X= 115, Y= 63, Z= -582 | 
[2023-07-22 13:12:16] [world_nether] The Player <Funget114514> has picked 1 of NETHER_GOLD_ORE at X= 115, Y= 63, Z= -583 | 
[2023-07-22 13:12:17] [world_nether] The Player <Funget114514> has picked 1 of NETHER_GOLD_ORE at X= 114, Y= 63, Z= -583 | 
[2023-07-22 13:12:17] [world_nether] The Player <Funget114514> has picked 1 of NETHER_GOLD_ORE at X= 115, Y= 64, Z= -583 | 
[2023-07-22 13:12:29] [world_nether] The Player <wqe123420> has picked 1 of ANCIENT_DEBRIS at X= 10, Y= 14, Z= -123 | 
[2023-07-22 13:12:43] [world_nether] The Player <Funget114514> has picked 1 of NETHERRACK at X= 125, Y= 61, Z= -579 | 
[2023-07-22 13:12:44] [world_nether] The Player <Funget114514> has picked 1 of NETHERRACK at X= 124, Y= 61, Z= -579 | 
[2023-07-22 13:12:50] [world_nether] The Player <wqe123420> has picked 1 of ANCIENT_DEBRIS at X= 10, Y= 25, Z= -132 | 
[2023-07-22 13:12:52] [world_nether] The Player <wqe123420> has picked 2 of ANCIENT_DEBRIS at X= 10, Y= 24, Z= -131 | 
[2023-07-22 13:13:01] [world_nether] The Player <Funget114514> has picked 1 of NETHERRACK at X= 130, Y= 61, Z= -573 | 
[2023-07-22 13:13:13] [world_nether] The Player <wqe123420> has picked 2 of ANCIENT_DEBRIS at X= 19, Y= 24, Z= -139 | 
[2023-07-22 13:13:16] [world_nether] The Player <wqe123420> has picked 2 of ANCIENT_DEBRIS at X= 20, Y= 23, Z= -139 | 
[2023-07-22 13:13:30] [world_nether] The Player <Funget114514> has picked 1 of NETHERRACK at X= 132, Y= 59, Z= -575 | 
[2023-07-22 13:13:30] [world_nether] The Player <wqe123420> has picked 1 of ANCIENT_DEBRIS at X= 20, Y= 21, Z= -149 | 
[2023-07-22 13:13:30] [world_nether] The Player <Funget114514> has picked 1 of NETHERRACK at X= 132, Y= 59, Z= -575 | 
[2023-07-22 13:13:34] [world_nether] The Player <wqe123420> has picked 1 of ANCIENT_DEBRIS at X= 20, Y= 20, Z= -150 | 
[2023-07-22 13:13:41] [world_nether] The Player <wqe123420> has picked 1 of ANCIENT_DEBRIS at X= 22, Y= 21, Z= -149 | 
[2023-07-22 13:13:55] [world_nether] The Player <Funget114514> has picked 1 of NETHERRACK at X= 133, Y= 60, Z= -576 | 
[2023-07-22 13:13:55] [world_nether] The Player <Funget114514> has picked 1 of NETHERRACK at X= 133, Y= 59, Z= -576 | 
[2023-07-22 13:13:59] [world_nether] The Player <wqe123420> has picked 1 of ANCIENT_DEBRIS at X= 14, Y= 17, Z= -162 | 
[2023-07-22 13:14:00] [world_nether] The Player <wqe123420> has picked 1 of ANCIENT_DEBRIS at X= 14, Y= 15, Z= -162 | 
[2023-07-22 13:14:10] [world_nether] The Player <wqe123420> has picked 1 of ANCIENT_DEBRIS at X= 8, Y= 8, Z= -161 | 
[2023-07-22 13:14:24] [world_nether] The Player <Funget114514> has picked 1 of NETHERRACK at X= 133, Y= 59, Z= -634 | 
[2023-07-22 13:14:32] [world_nether] The Player <Funget114514> has picked 1 of NETHERRACK at X= 126, Y= 58, Z= -636 | 
[2023-07-22 13:14:32] [world_nether] The Player <Funget114514> has picked 1 of NETHERRACK at X= 126, Y= 59, Z= -636 | 
[2023-07-22 13:14:33] [world_nether] The Player <wqe123420> has picked 1 of ANCIENT_DEBRIS at X= 35, Y= 10, Z= -169 | 
[2023-07-22 13:14:33] [world_nether] The Player <wqe123420> has picked 1 of ANCIENT_DEBRIS at X= 35, Y= 10, Z= -169 | 
[2023-07-22 13:14:35] [world_nether] The Player <wqe123420> has picked 1 of ANCIENT_DEBRIS at X= 35, Y= 11, Z= -169 | 
[2023-07-22 13:14:41] [world_nether] The Player <wqe123420> has picked 1 of ANCIENT_DEBRIS at X= 37, Y= 11, Z= -166 | 
[2023-07-22 13:14:43] [world_nether] The Player <wqe123420> has picked 2 of ANCIENT_DEBRIS at X= 38, Y= 11, Z= -166 | 
[2023-07-22 13:14:47] [world_nether] The Player <wqe123420> has picked 1 of ANCIENT_DEBRIS at X= 39, Y= 11, Z= -166 | 
[2023-07-22 13:15:02] [world_nether] The Player <wqe123420> has picked 1 of ANCIENT_DEBRIS at X= 37, Y= 13, Z= -177 | 
[2023-07-22 13:15:11] [world_nether] The Player <Funget114514> has picked 2 of NETHERRACK at X= 124, Y= 38, Z= -649 | 
[2023-07-22 13:15:12] [world_nether] The Player <wqe123420> has picked 1 of ANCIENT_DEBRIS at X= 31, Y= 11, Z= -185 | 
[2023-07-22 13:15:14] [world_nether] The Player <wqe123420> has picked 1 of ANCIENT_DEBRIS at X= 29, Y= 11, Z= -186 | 
[2023-07-22 13:15:51] [world_nether] The Player <Funget114514> has picked 5 of GOLD_NUGGET at X= 110, Y= 39, Z= -695 | 
[2023-07-22 13:15:52] [world_nether] The Player <Funget114514> has picked 8 of GOLD_NUGGET at X= 109, Y= 40, Z= -696 | 
[2023-07-22 13:15:54] [world_nether] The Player <wqe123420> has picked 1 of ANCIENT_DEBRIS at X= 24, Y= 15, Z= -204 | 
[2023-07-22 13:16:07] [world_nether] The Player <Funget114514> has picked 1 of NETHERRACK at X= 90, Y= 47, Z= -678 | 
[2023-07-22 13:16:08] [world_nether] The Player <Funget114514> has picked 1 of NETHER_GOLD_ORE at X= 91, Y= 46, Z= -678 | 
[2023-07-22 13:16:08] [world_nether] The Player <Funget114514> has picked 1 of NETHER_GOLD_ORE at X= 91, Y= 45, Z= -678 | 
[2023-07-22 13:16:09] [world_nether] The Player <Funget114514> has picked 1 of NETHERRACK at X= 91, Y= 44, Z= -678 | 
[2023-07-22 13:16:09] [world_nether] The Player <Funget114514> has picked 1 of NETHERRACK at X= 91, Y= 43, Z= -678 | 
[2023-07-22 13:16:09] [world_nether] The Player <Funget114514> has picked 1 of NETHERRACK at X= 91, Y= 43, Z= -678 | 
[2023-07-22 13:16:09] [world_nether] The Player <Funget114514> has picked 1 of NETHERRACK at X= 92, Y= 45, Z= -678 | 
[2023-07-22 13:16:10] [world_nether] The Player <Funget114514> has picked 1 of NETHER_GOLD_ORE at X= 91, Y= 45, Z= -678 | 
[2023-07-22 13:16:11] [world_nether] The Player <Funget114514> has picked 1 of NETHER_GOLD_ORE at X= 91, Y= 45, Z= -677 | 
[2023-07-22 13:16:11] [world_nether] The Player <Funget114514> has picked 1 of NETHER_GOLD_ORE at X= 92, Y= 45, Z= -677 | 
[2023-07-22 13:16:12] [world_nether] The Player <Funget114514> has picked 1 of NETHER_GOLD_ORE at X= 92, Y= 45, Z= -678 | 
[2023-07-22 13:16:12] [world_nether] The Player <Funget114514> has picked 1 of NETHER_GOLD_ORE at X= 93, Y= 46, Z= -677 | 
[2023-07-22 13:16:13] [world_nether] The Player <Funget114514> has picked 1 of NETHER_GOLD_ORE at X= 92, Y= 46, Z= -678 | 
[2023-07-22 13:16:23] [world_nether] The Player <Funget114514> has picked 1 of NETHER_GOLD_ORE at X= 89, Y= 48, Z= -676 | 
[2023-07-22 13:16:23] [world_nether] The Player <Funget114514> has picked 1 of NETHER_GOLD_ORE at X= 89, Y= 48, Z= -675 | 
[2023-07-22 13:16:24] [world_nether] The Player <wqe123420> has picked 1 of ANCIENT_DEBRIS at X= -6, Y= 13, Z= -232 | 
[2023-07-22 13:16:24] [world_nether] The Player <Funget114514> has picked 2 of NETHER_GOLD_ORE at X= 89, Y= 47, Z= -675 | 
[2023-07-22 13:16:25] [world_nether] The Player <Funget114514> has picked 2 of NETHER_GOLD_ORE at X= 88, Y= 46, Z= -675 | 
[2023-07-22 13:16:28] [world_nether] The Player <Funget114514> has picked 1 of NETHER_GOLD_ORE at X= 86, Y= 42, Z= -675 | 
[2023-07-22 13:16:28] [world_nether] The Player <Funget114514> has picked 1 of NETHER_GOLD_ORE at X= 85, Y= 42, Z= -675 | 
[2023-07-22 13:16:29] [world_nether] The Player <Funget114514> has picked 1 of NETHER_GOLD_ORE at X= 85, Y= 41, Z= -675 | 
[2023-07-22 13:16:30] [world_nether] The Player <Funget114514> has picked 1 of NETHER_GOLD_ORE at X= 86, Y= 41, Z= -675 | 
[2023-07-22 13:16:31] [world_nether] The Player <Funget114514> has picked 1 of NETHER_GOLD_ORE at X= 86, Y= 42, Z= -674 | 
[2023-07-22 13:16:31] [world_nether] The Player <Funget114514> has picked 1 of NETHER_GOLD_ORE at X= 86, Y= 41, Z= -674 | 
[2023-07-22 13:16:31] [world_nether] The Player <Funget114514> has picked 1 of NETHER_GOLD_ORE at X= 85, Y= 41, Z= -674 | 
[2023-07-22 13:16:32] [world_nether] The Player <Funget114514> has picked 1 of NETHER_GOLD_ORE at X= 85, Y= 42, Z= -673 | 
[2023-07-22 13:16:33] [world_nether] The Player <Funget114514> has picked 1 of NETHER_GOLD_ORE at X= 87, Y= 42, Z= -673 | 
[2023-07-22 13:16:33] [world_nether] The Player <Funget114514> has picked 1 of NETHER_GOLD_ORE at X= 87, Y= 41, Z= -674 | 
[2023-07-22 13:16:37] [world_nether] The Player <wqe123420> has picked 1 of ANCIENT_DEBRIS at X= -15, Y= 14, Z= -260 | 
[2023-07-22 13:17:00] [world_nether] The Player <wqe123420> has picked 1 of NETHERRACK at X= -11, Y= 11, Z= -276 | 
[2023-07-22 13:17:05] [world_nether] The Player <wqe123420> has picked 1 of ANCIENT_DEBRIS at X= -10, Y= 13, Z= -276 | 
[2023-07-22 13:17:07] [world_nether] The Player <wqe123420> has picked 1 of ANCIENT_DEBRIS at X= -11, Y= 13, Z= -277 | 
[2023-07-22 13:17:24] [world_nether] The Player <wqe123420> has picked 1 of NETHERRACK at X= -15, Y= 11, Z= -298 | 
[2023-07-22 13:17:24] [world_nether] The Player <wqe123420> has picked 1 of NETHERRACK at X= -16, Y= 12, Z= -298 | 
[2023-07-22 13:17:31] [world_nether] The Player <wqe123420> has picked 1 of BONE at X= -16, Y= 11, Z= -308 | 
[2023-07-22 13:17:38] [world_nether] The Player <wqe123420> has picked 1 of FLINT at X= -21, Y= 11, Z= -309 | 
[2023-07-22 13:17:39] [world_nether] The Player <wqe123420> has picked 11 of GRAVEL at X= -21, Y= 11, Z= -309 | 
[2023-07-22 13:17:45] [world_nether] The Player <wqe123420> has picked 1 of NETHERITE_SHOVEL at X= -21, Y= 11, Z= -309 | 
[2023-07-22 13:17:45] [world_nether] The Player <wqe123420> has picked 1 of FLINT at X= -21, Y= 11, Z= -309 | 
[2023-07-22 13:17:47] [world_nether] The Player <wqe123420> has picked 1 of NETHERITE_SHOVEL at X= -21, Y= 11, Z= -309 | 
[2023-07-22 13:18:12] [world_nether] The Player <wqe123420> has picked 1 of GRAVEL at X= -22, Y= 12, Z= -309 | 
[2023-07-22 13:18:25] [world_nether] The Player <wqe123420> has picked 1 of NETHERITE_SWORD at X= -22, Y= 12, Z= -309 | 
[2023-07-22 13:18:57] [world_nether] The Player <wqe123420> has picked 2 of ANCIENT_DEBRIS at X= -32, Y= 15, Z= -310 | 
[2023-07-22 13:19:13] [world_nether] The Player <wqe123420> has picked 1 of ANCIENT_DEBRIS at X= -46, Y= 8, Z= -304 | 
[2023-07-22 13:19:15] [world_nether] The Player <wqe123420> has picked 1 of ANCIENT_DEBRIS at X= -45, Y= 8, Z= -303 | 
[2023-07-22 13:19:17] [world_nether] The Player <wqe123420> has picked 1 of ANCIENT_DEBRIS at X= -46, Y= 8, Z= -304 | 
[2023-07-22 13:19:30] [world_nether] The Player <wqe123420> has picked 1 of ANCIENT_DEBRIS at X= -41, Y= 14, Z= -318 | 
[2023-07-22 13:19:37] [world_nether] The Player <wqe123420> has picked 1 of ANCIENT_DEBRIS at X= -45, Y= 14, Z= -326 | 
[2023-07-22 13:19:47] [world_nether] The Player <wqe123420> has picked 1 of ANCIENT_DEBRIS at X= -61, Y= 13, Z= -329 | 
[2023-07-22 13:19:53] [world_nether] The Player <wqe123420> has picked 1 of ANCIENT_DEBRIS at X= -62, Y= 13, Z= -330 | 
[2023-07-22 13:20:44] [world] The Player <Funget114514> has picked 1 of STRING at X= -12, Y= 70, Z= -256 | 
[2023-07-22 13:21:58] [world_nether] The Player <wqe123420> has picked 1 of ANCIENT_DEBRIS at X= -55, Y= 14, Z= -292 | 
[2023-07-22 13:22:00] [world_nether] The Player <wqe123420> has picked 1 of ANCIENT_DEBRIS at X= -55, Y= 13, Z= -290 | 
[2023-07-22 13:22:16] [world_nether] The Player <wqe123420> has picked 1 of ANCIENT_DEBRIS at X= -56, Y= 15, Z= -278 | 
[2023-07-22 13:22:18] [world_nether] The Player <wqe123420> has picked 40 of NETHERRACK at X= -56, Y= 13, Z= -278 | 
[2023-07-22 13:22:18] [world_nether] The Player <wqe123420> has picked 1 of NETHERRACK at X= -56, Y= 13, Z= -278 | 
[2023-07-22 13:22:21] [world_nether] The Player <wqe123420> has picked 64 of NETHERRACK at X= -56, Y= 13, Z= -278 | 
[2023-07-22 13:22:27] [world_nether] The Player <wqe123420> has picked 48 of NETHERRACK at X= -55, Y= 13, Z= -278 | 
[2023-07-22 13:22:28] [world_nether] The Player <wqe123420> has picked 2 of ANCIENT_DEBRIS at X= -54, Y= 14, Z= -278 | 
[2023-07-22 13:22:36] [world_nether] The Player <wqe123420> has picked 1 of ANCIENT_DEBRIS at X= -56, Y= 11, Z= -269 | 
[2023-07-22 13:22:43] [world_nether] The Player <wqe123420> has picked 1 of ANCIENT_DEBRIS at X= -56, Y= 12, Z= -258 | 
[2023-07-22 13:22:45] [world_nether] The Player <wqe123420> has picked 1 of ANCIENT_DEBRIS at X= -56, Y= 13, Z= -258 | 
[2023-07-22 13:22:55] [world_nether] The Player <wqe123420> has picked 1 of ANCIENT_DEBRIS at X= -78, Y= 14, Z= -258 | 
[2023-07-22 13:22:57] [world_nether] The Player <wqe123420> has picked 1 of ANCIENT_DEBRIS at X= -77, Y= 14, Z= -258 | 
[2023-07-22 13:23:05] [world_nether] The Player <wqe123420> has picked 1 of ANCIENT_DEBRIS at X= -87, Y= 9, Z= -263 | 
[2023-07-22 13:23:09] [world_nether] The Player <wqe123420> has picked 1 of ANCIENT_DEBRIS at X= -88, Y= 8, Z= -263 | 
[2023-07-22 13:23:09] [world_nether] The Player <wqe123420> has picked 1 of ANCIENT_DEBRIS at X= -88, Y= 8, Z= -264 | 
[2023-07-22 13:23:19] [world_nether] The Player <wqe123420> has picked 1 of ANCIENT_DEBRIS at X= -96, Y= 7, Z= -276 | 
[2023-07-22 13:23:35] [world_nether] The Player <wqe123420> has picked 1 of ANCIENT_DEBRIS at X= -87, Y= 17, Z= -285 | 
[2023-07-22 13:23:39] [world_nether] The Player <wqe123420> has picked 1 of ANCIENT_DEBRIS at X= -88, Y= 14, Z= -290 | 
[2023-07-22 13:23:42] [world_nether] The Player <wqe123420> has picked 1 of ANCIENT_DEBRIS at X= -89, Y= 15, Z= -290 | 
[2023-07-22 13:23:42] [world_nether] The Player <wqe123420> has picked 1 of ANCIENT_DEBRIS at X= -89, Y= 15, Z= -290 | 
[2023-07-22 13:23:44] [world_nether] The Player <wqe123420> has picked 1 of ANCIENT_DEBRIS at X= -89, Y= 16, Z= -289 | 
[2023-07-22 13:23:58] [world_nether] The Player <wqe123420> has picked 1 of ANCIENT_DEBRIS at X= -101, Y= 17, Z= -314 | 
[2023-07-22 13:24:00] [world_nether] The Player <wqe123420> has picked 1 of ANCIENT_DEBRIS at X= -102, Y= 18, Z= -314 | 
[2023-07-22 13:24:05] [world_nether] The Player <wqe123420> has picked 1 of ANCIENT_DEBRIS at X= -102, Y= 18, Z= -318 | 
[2023-07-22 13:24:15] [world_nether] The Player <wqe123420> has picked 1 of ANCIENT_DEBRIS at X= -90, Y= 16, Z= -330 | 
[2023-07-22 13:24:18] [world_nether] The Player <wqe123420> has picked 2 of ANCIENT_DEBRIS at X= -90, Y= 16, Z= -329 | 
[2023-07-22 13:24:20] [world_nether] The Player <wqe123420> has picked 2 of ANCIENT_DEBRIS at X= -90, Y= 16, Z= -328 | 
[2023-07-22 13:25:51] [world_nether] The Player <wqe123420> has picked 1 of ANCIENT_DEBRIS at X= -116, Y= 11, Z= -334 | 
[2023-07-22 13:28:58] [world] The Player <wqe123420> has picked 16 of WHITE_CARPET at X= 1, Y= 71, Z= -239 | 
[2023-07-22 13:29:07] [world] The Player <wqe123420> has picked 14 of WHITE_CARPET at X= 1, Y= 71, Z= -239 | 
[2023-07-22 13:29:10] [world] The Player <wqe123420> has picked 12 of WHITE_CARPET at X= 1, Y= 71, Z= -239 | 
[2023-07-22 13:29:34] [world] The Player <wqe123420> has picked 9 of WHITE_CARPET at X= 1, Y= 72, Z= -240 | 
[2023-07-22 13:29:39] [world] The Player <wqe123420> has picked 49 of WHITE_CARPET at X= 1, Y= 72, Z= -240 | 
[2023-07-22 13:29:46] [world] The Player <wqe123420> has picked 58 of WHITE_CARPET at X= 1, Y= 69, Z= -237 | 
[2023-07-22 13:30:21] [world] The Player <wqe123420> has picked 4 of GOLD_NUGGET at X= -28, Y= 63, Z= -288 | 
[2023-07-22 13:34:06] [world] The Player <Funget114514> has picked 24 of WHITE_CARPET at X= 1, Y= 71, Z= -239 | 
[2023-07-22 13:34:22] [world] The Player <wqe123420> has picked 1 of NETHERRACK at X= -29, Y= 70, Z= -290 | 
[2023-07-22 13:35:57] [world_the_end] The Player <wqe123420> has picked 16 of ENDER_PEARL at X= -16, Y= 1, Z= -281 | 
[2023-07-22 13:35:58] [world_the_end] The Player <wqe123420> has picked 16 of ENDER_PEARL at X= -17, Y= 1, Z= -280 | 
[2023-07-22 13:36:05] [world_the_end] The Player <wqe123420> has picked 16 of ENDER_PEARL at X= -18, Y= 1, Z= -279 | 
[2023-07-22 13:36:54] [world_the_end] The Player <Funget114514> has picked 16 of ENDER_PEARL at X= -18, Y= 1, Z= -276 | 
[2023-07-22 13:36:58] [world_the_end] The Player <Funget114514> has picked 11 of ENDER_PEARL at X= -17, Y= 1, Z= -276 | 
[2023-07-22 13:37:03] [world_the_end] The Player <wqe123420> has picked 16 of ENDER_PEARL at X= -18, Y= 1, Z= -277 | 
[2023-07-22 13:37:06] [world_the_end] The Player <Funget114514> has picked 5 of ENDER_PEARL at X= -18, Y= 1, Z= -274 | 
[2023-07-22 13:37:25] [world_the_end] The Player <Funget114514> has picked 1 of GOLDEN_CHESTPLATE at X= -17, Y= 1, Z= -276 | §7不必要的妖精龙
[2023-07-22 13:37:29] [world_the_end] The Player <Funget114514> has picked 16 of ENDER_PEARL at X= -16, Y= 1, Z= -276 | 
[2023-07-22 13:41:24] [world] The Player <wqe123420> has picked 1 of GOLDEN_HELMET at X= 20, Y= 63, Z= -328 | §7难以置信的幽灵
[2023-07-22 13:41:26] [world] The Player <wqe123420> has picked 3 of SUGAR_CANE at X= 21, Y= 62, Z= -328 | 
[2023-07-22 13:41:30] [world] The Player <wqe123420> has picked 3 of ARROW at X= 31, Y= 63, Z= -331 | 
[2023-07-22 13:41:58] [world] The Player <Funget114514> has picked 1 of BOOK at X= 7, Y= 62, Z= -311 | §5Elite Power Enchanted Book
[2023-07-22 13:42:10] [world] The Player <Funget114514> has picked 1 of SHIELD at X= -3, Y= 56, Z= -318 | §6进击的稀有之盾牌
[2023-07-22 13:42:21] [world] The Player <Funget114514> has picked 64 of NETHERRACK at X= 2, Y= 62, Z= -313 | 
[2023-07-22 13:54:26] [world] The Player <Enderlava> has picked 1 of GOLDEN_AXE at X= 6, Y= 77, Z= -216 | §7发现的无用之女巫
[2023-07-22 13:59:07] [world] The Player <Enderlava> has picked 2 of ROTTEN_FLESH at X= -41, Y= 71, Z= -268 | 
[2023-07-22 13:59:37] [world] The Player <Enderlava> has picked 5 of STRING at X= -47, Y= 75, Z= -234 | 
[2023-07-22 13:59:42] [world] The Player <Enderlava> has picked 11 of TNT at X= -52, Y= 70, Z= -221 | 
[2023-07-22 13:59:44] [world] The Player <Enderlava> has picked 5 of TNT at X= -52, Y= 70, Z= -218 | 
[2023-07-22 14:00:27] [world] The Player <Enderlava> has picked 4 of STRING at X= -125, Y= 68, Z= -207 | 
[2023-07-22 14:00:27] [world] The Player <Enderlava> has picked 4 of SPIDER_EYE at X= -125, Y= 68, Z= -206 | 
[2023-07-22 14:00:39] [world] The Player <Enderlava> has picked 6 of ROTTEN_FLESH at X= -118, Y= 71, Z= -198 | 
[2023-07-22 14:00:42] [world] The Player <Enderlava> has picked 8 of ROTTEN_FLESH at X= -120, Y= 70, Z= -200 | 
[2023-07-22 14:00:43] [world] The Player <Enderlava> has picked 1 of BAKED_POTATO at X= -120, Y= 70, Z= -199 | 
[2023-07-22 14:00:57] [world] The Player <Enderlava> has picked 5 of ROTTEN_FLESH at X= -187, Y= 64, Z= -214 | 
[2023-07-22 14:00:57] [world] The Player <Enderlava> has picked 1 of POTATO at X= -187, Y= 64, Z= -214 | 
[2023-07-22 14:02:32] [world] The Player <Enderlava> has picked 1 of ARROW at X= -222, Y= 64, Z= -184 | 
[2023-07-22 14:02:54] [world] The Player <Enderlava> has picked 2 of ROTTEN_FLESH at X= -218, Y= 67, Z= -176 | 
[2023-07-22 14:02:59] [world] The Player <Enderlava> has picked 1 of ARROW at X= -226, Y= 64, Z= -177 | 
[2023-07-22 14:03:03] [world] The Player <Enderlava> has picked 1 of ARROW at X= -233, Y= 64, Z= -173 | 
[2023-07-22 14:03:13] [world] The Player <Enderlava> has picked 2 of BONE at X= -226, Y= 64, Z= -177 | 
[2023-07-22 14:03:14] [world] The Player <Enderlava> has picked 1 of BOW at X= -225, Y= 64, Z= -177 | 
[2023-07-22 14:03:15] [world] The Player <Enderlava> has picked 16 of ENDER_PEARL at X= -225, Y= 64, Z= -177 | 
[2023-07-22 14:04:04] [world] The Player <Enderlava> has picked 9 of BEEF at X= -42, Y= 73, Z= -282 | 
[2023-07-22 14:04:04] [world] The Player <Enderlava> has picked 3 of LEATHER at X= -41, Y= 72, Z= -284 | 
[2023-07-22 14:06:18] [world] The Player <Enderlava> has picked 2 of LEATHER at X= -40, Y= 73, Z= -273 | 
[2023-07-22 14:06:18] [world] The Player <Enderlava> has picked 2 of BEEF at X= -38, Y= 73, Z= -271 | 
[2023-07-22 14:06:20] [world] The Player <Enderlava> has picked 3 of LEATHER at X= -40, Y= 71, Z= -278 | 
[2023-07-22 14:06:26] [world] The Player <Enderlava> has picked 6 of BEEF at X= -41, Y= 71, Z= -273 | 
[2023-07-22 14:06:39] [world] The Player <Enderlava> has picked 1 of BEEF at X= -40, Y= 73, Z= -274 | 
[2023-07-22 14:06:59] [world] The Player <Enderlava> has picked 3 of BEEF at X= -38, Y= 71, Z= -282 | 
[2023-07-22 14:07:07] [world] The Player <Enderlava> has picked 6 of BEEF at X= -40, Y= 73, Z= -277 | 
[2023-07-22 14:07:11] [world] The Player <Enderlava> has picked 12 of BEEF at X= -40, Y= 71, Z= -283 | 
[2023-07-22 14:07:12] [world] The Player <Enderlava> has picked 9 of BEEF at X= -42, Y= 72, Z= -283 | 
[2023-07-22 14:07:15] [world] The Player <Enderlava> has picked 6 of BEEF at X= -43, Y= 71, Z= -284 | 
[2023-07-22 14:07:18] [world] The Player <Enderlava> has picked 18 of BEEF at X= -43, Y= 71, Z= -287 | 
[2023-07-22 14:07:47] [world] The Player <Enderlava> has picked 64 of WHITE_CARPET at X= 1, Y= 71, Z= -239 | 
[2023-07-22 14:07:50] [world] The Player <Enderlava> has picked 64 of WHITE_CARPET at X= 1, Y= 71, Z= -239 | 
[2023-07-22 14:07:51] [world] The Player <Enderlava> has picked 57 of WHITE_CARPET at X= 1, Y= 71, Z= -239 | 
[2023-07-22 14:07:51] [world] The Player <Enderlava> has picked 7 of WHITE_CARPET at X= 1, Y= 71, Z= -239 | 
[2023-07-22 14:07:51] [world] The Player <Enderlava> has picked 48 of WHITE_CARPET at X= 1, Y= 71, Z= -239 | 
[2023-07-22 14:07:51] [world] The Player <Enderlava> has picked 16 of WHITE_CARPET at X= 1, Y= 71, Z= -239 | 
[2023-07-22 14:07:51] [world] The Player <Enderlava> has picked 46 of WHITE_CARPET at X= 1, Y= 71, Z= -239 | 
[2023-07-22 14:07:51] [world] The Player <Enderlava> has picked 18 of WHITE_CARPET at X= 1, Y= 71, Z= -239 | 
[2023-07-22 14:08:00] [world] The Player <Enderlava> has picked 64 of WHITE_CARPET at X= 1, Y= 71, Z= -239 | 
[2023-07-22 14:08:01] [world] The Player <Enderlava> has picked 64 of WHITE_CARPET at X= 1, Y= 71, Z= -239 | 
[2023-07-22 14:08:25] [world] The Player <Enderlava> has picked 64 of WHITE_CARPET at X= 1, Y= 71, Z= -239 | 
[2023-07-22 14:08:25] [world] The Player <Enderlava> has picked 64 of WHITE_CARPET at X= 1, Y= 71, Z= -239 | 
[2023-07-22 14:09:00] [world] The Player <Enderlava> has picked 1 of COBBLESTONE at X= -58, Y= 18, Z= -213 | 
[2023-07-22 14:09:01] [world] The Player <Enderlava> has picked 2 of COBBLESTONE at X= -57, Y= 18, Z= -213 | 
[2023-07-22 14:09:14] [world] The Player <Enderlava> has picked 24 of COBBLESTONE at X= -59, Y= 18, Z= -212 | 
[2023-07-22 14:09:15] [world] The Player <Enderlava> has picked 1 of COBBLESTONE at X= -59, Y= 17, Z= -213 | 
[2023-07-22 14:56:05] [world_nether] The Player <wqe123420> has picked 26 of NETHERRACK at X= 260, Y= 18, Z= -243 | 
[2023-07-22 14:56:07] [world_nether] The Player <wqe123420> has picked 1 of ANCIENT_DEBRIS at X= 260, Y= 18, Z= -243 | 
[2023-07-22 14:56:14] [world_nether] The Player <wqe123420> has picked 1 of ANCIENT_DEBRIS at X= 258, Y= 12, Z= -256 | 
[2023-07-22 14:56:20] [world_nether] The Player <wqe123420> has picked 1 of ANCIENT_DEBRIS at X= 264, Y= 14, Z= -268 | 
[2023-07-22 14:56:22] [world_nether] The Player <wqe123420> has picked 1 of ANCIENT_DEBRIS at X= 265, Y= 13, Z= -268 | 
[2023-07-22 14:56:24] [world_nether] The Player <wqe123420> has picked 1 of ANCIENT_DEBRIS at X= 264, Y= 14, Z= -268 | 
[2023-07-22 14:56:32] [world_nether] The Player <wqe123420> has picked 1 of ANCIENT_DEBRIS at X= 254, Y= 17, Z= -269 | 
[2023-07-22 14:56:44] [world_nether] The Player <wqe123420> has picked 1 of ANCIENT_DEBRIS at X= 262, Y= 28, Z= -264 | 
[2023-07-22 14:56:46] [world_nether] The Player <wqe123420> has picked 1 of ANCIENT_DEBRIS at X= 263, Y= 28, Z= -264 | 
[2023-07-22 14:57:06] [world_nether] The Player <wqe123420> has picked 1 of ANCIENT_DEBRIS at X= 275, Y= 11, Z= -258 | 
[2023-07-22 14:57:31] [world_nether] The Player <wqe123420> has picked 1 of ANCIENT_DEBRIS at X= 299, Y= 18, Z= -272 | 
[2023-07-22 14:57:33] [world_nether] The Player <wqe123420> has picked 1 of ANCIENT_DEBRIS at X= 299, Y= 17, Z= -272 | 
[2023-07-22 14:57:43] [world_nether] The Player <wqe123420> has picked 1 of ANCIENT_DEBRIS at X= 305, Y= 10, Z= -272 | 
[2023-07-22 14:58:20] [world_nether] The Player <wqe123420> has picked 1 of ANCIENT_DEBRIS at X= 308, Y= 12, Z= -249 | 
[2023-07-22 14:58:21] [world_nether] The Player <wqe123420> has picked 1 of ANCIENT_DEBRIS at X= 308, Y= 12, Z= -249 | 
[2023-07-22 14:58:47] [world_nether] The Player <wqe123420> has picked 1 of ANCIENT_DEBRIS at X= 307, Y= 19, Z= -234 | 
[2023-07-22 14:58:49] [world_nether] The Player <wqe123420> has picked 1 of ANCIENT_DEBRIS at X= 307, Y= 19, Z= -233 | 
[2023-07-22 14:58:51] [world_nether] The Player <wqe123420> has picked 1 of ANCIENT_DEBRIS at X= 306, Y= 20, Z= -233 | 
[2023-07-22 14:58:57] [world_nether] The Player <wqe123420> has picked 1 of ANCIENT_DEBRIS at X= 310, Y= 21, Z= -235 | 
[2023-07-22 14:59:29] [world_nether] The Player <wqe123420> has picked 1 of ANCIENT_DEBRIS at X= 296, Y= 17, Z= -217 | 
[2023-07-22 14:59:30] [world_nether] The Player <wqe123420> has picked 1 of ANCIENT_DEBRIS at X= 296, Y= 18, Z= -217 | 
[2023-07-22 14:59:57] [world_nether] The Player <wqe123420> has picked 2 of ANCIENT_DEBRIS at X= 308, Y= 20, Z= -208 | 
[2023-07-22 15:00:03] [world_nether] The Player <wqe123420> has picked 2 of ANCIENT_DEBRIS at X= 309, Y= 15, Z= -209 | 
[2023-07-22 15:00:05] [world_nether] The Player <wqe123420> has picked 1 of ANCIENT_DEBRIS at X= 310, Y= 14, Z= -210 | 
[2023-07-22 15:00:07] [world_nether] The Player <wqe123420> has picked 1 of ANCIENT_DEBRIS at X= 309, Y= 13, Z= -210 | 
[2023-07-22 15:00:45] [world_nether] The Player <wqe123420> has picked 1 of ANCIENT_DEBRIS at X= 350, Y= 14, Z= -218 | 
[2023-07-22 15:00:49] [world_nether] The Player <wqe123420> has picked 1 of ANCIENT_DEBRIS at X= 350, Y= 14, Z= -217 | 
[2023-07-22 15:00:56] [world_nether] The Player <wqe123420> has picked 1 of ANCIENT_DEBRIS at X= 356, Y= 13, Z= -219 | 
[2023-07-22 15:00:58] [world_nether] The Player <wqe123420> has picked 1 of ANCIENT_DEBRIS at X= 356, Y= 13, Z= -220 | 
[2023-07-22 15:00:58] [world_nether] The Player <wqe123420> has picked 1 of ANCIENT_DEBRIS at X= 356, Y= 13, Z= -220 | 
[2023-07-22 15:01:01] [world_nether] The Player <wqe123420> has picked 1 of ANCIENT_DEBRIS at X= 356, Y= 12, Z= -221 | 
[2023-07-22 15:02:16] [world_nether] The Player <wqe123420> has picked 1 of BLACKSTONE at X= 362, Y= 14, Z= -221 | 
[2023-07-22 15:02:20] [world_nether] The Player <wqe123420> has picked 1 of BLACKSTONE at X= 362, Y= 14, Z= -221 | 
[2023-07-22 15:02:36] [world_nether] The Player <wqe123420> has picked 1 of ANCIENT_DEBRIS at X= 362, Y= 13, Z= -222 | 
[2023-07-22 15:02:45] [world_nether] The Player <wqe123420> has picked 3 of BLACKSTONE at X= 354, Y= 14, Z= -218 | 
[2023-07-22 15:03:08] [world_nether] The Player <wqe123420> has picked 1 of ANCIENT_DEBRIS at X= 319, Y= 12, Z= -222 | 
[2023-07-22 15:03:11] [world_nether] The Player <wqe123420> has picked 1 of ANCIENT_DEBRIS at X= 320, Y= 12, Z= -223 | 
[2023-07-22 15:05:17] [world] The Player <wqe123420> has picked 16 of COBBLESTONE at X= -72, Y= 55, Z= -226 | 
[2023-07-22 15:06:38] [world] The Player <wqe123420> has picked 1 of DIAMOND at X= -70, Y= -40, Z= -212 | 
[2023-07-22 15:06:38] [world] The Player <wqe123420> has picked 3 of DIAMOND at X= -70, Y= -39, Z= -211 | 
[2023-07-22 15:06:39] [world] The Player <wqe123420> has picked 4 of DIAMOND at X= -70, Y= -40, Z= -211 | 
[2023-07-22 15:06:40] [world] The Player <wqe123420> has picked 1 of DIAMOND at X= -71, Y= -40, Z= -212 | 
[2023-07-22 15:06:41] [world] The Player <wqe123420> has picked 1 of DIAMOND at X= -71, Y= -40, Z= -212 | 
[2023-07-22 18:25:15] [world] The Player <Enderlava> has picked 6 of NETHERRACK at X= -9, Y= 63, Z= -280 | 
[2023-07-22 18:25:35] [world_nether] The Player <Enderlava> has picked 1 of OAK_BOAT at X= 26, Y= 128, Z= -24 | 
[2023-07-22 19:27:14] [world] The Player <Enderlava> has picked 2 of DIRT at X= -128, Y= 63, Z= -111 | 
[2023-07-22 19:27:59] [world] The Player <Enderlava> has picked 1 of DIRT at X= -128, Y= 62, Z= -112 | 
[2023-07-22 19:27:59] [world] The Player <Enderlava> has picked 64 of SAND at X= -128, Y= 62, Z= -112 | 
[2023-07-22 19:27:59] [world] The Player <Enderlava> has picked 64 of SAND at X= -128, Y= 62, Z= -112 | 
[2023-07-22 19:27:59] [world] The Player <Enderlava> has picked 64 of SAND at X= -128, Y= 62, Z= -112 | 
[2023-07-22 19:27:59] [world] The Player <Enderlava> has picked 64 of SAND at X= -128, Y= 62, Z= -112 | 
[2023-07-22 19:27:59] [world] The Player <Enderlava> has picked 64 of SAND at X= -128, Y= 62, Z= -112 | 
[2023-07-22 19:27:59] [world] The Player <Enderlava> has picked 52 of SAND at X= -128, Y= 62, Z= -112 | 
[2023-07-22 19:27:59] [world] The Player <Enderlava> has picked 1 of SAND at X= -128, Y= 62, Z= -112 | 
[2023-07-22 19:27:59] [world] The Player <Enderlava> has picked 1 of SAND at X= -128, Y= 62, Z= -112 | 
[2023-07-22 19:27:59] [world] The Player <Enderlava> has picked 1 of SAND at X= -128, Y= 62, Z= -112 | 
[2023-07-22 19:27:59] [world] The Player <Enderlava> has picked 1 of SAND at X= -128, Y= 62, Z= -112 | 
[2023-07-22 19:27:59] [world] The Player <Enderlava> has picked 1 of SAND at X= -128, Y= 62, Z= -112 | 
[2023-07-22 19:27:59] [world] The Player <Enderlava> has picked 1 of SAND at X= -128, Y= 62, Z= -112 | 
[2023-07-22 19:27:59] [world] The Player <Enderlava> has picked 1 of SAND at X= -128, Y= 62, Z= -112 | 
[2023-07-22 19:27:59] [world] The Player <Enderlava> has picked 1 of SAND at X= -128, Y= 62, Z= -112 | 
[2023-07-22 19:27:59] [world] The Player <Enderlava> has picked 1 of SAND at X= -128, Y= 62, Z= -112 | 
[2023-07-22 19:27:59] [world] The Player <Enderlava> has picked 1 of SAND at X= -128, Y= 62, Z= -112 | 
[2023-07-22 19:27:59] [world] The Player <Enderlava> has picked 1 of SAND at X= -128, Y= 62, Z= -112 | 
[2023-07-22 19:30:11] [world] The Player <Enderlava> has picked 1 of BLACKSTONE at X= -129, Y= 63, Z= -112 | 
[2023-07-22 19:32:34] [world] The Player <Enderlava> has picked 1 of OAK_TRAPDOOR at X= -123, Y= 64, Z= -111 | 
[2023-07-22 19:33:30] [world] The Player <Enderlava> has picked 9 of BLACKSTONE at X= -122, Y= 63, Z= -112 | 
[2023-07-22 19:33:57] [world] The Player <Enderlava> has picked 2 of SMOOTH_STONE at X= -129, Y= 64, Z= -113 | 
[2023-07-22 19:33:57] [world] The Player <Enderlava> has picked 1 of BLACKSTONE at X= -128, Y= 64, Z= -114 | 
[2023-07-22 19:34:05] [world] The Player <Enderlava> has picked 1 of SMOOTH_STONE at X= -127, Y= 68, Z= -111 | 
[2023-07-22 19:34:05] [world] The Player <Enderlava> has picked 1 of SMOOTH_STONE at X= -127, Y= 68, Z= -112 | 
[2023-07-22 19:34:06] [world] The Player <Enderlava> has picked 1 of SMOOTH_STONE at X= -127, Y= 68, Z= -112 | 
[2023-07-22 19:34:08] [world] The Player <Enderlava> has picked 1 of SMOOTH_STONE at X= -129, Y= 68, Z= -113 | 
[2023-07-22 19:34:09] [world] The Player <Enderlava> has picked 1 of SMOOTH_STONE at X= -130, Y= 68, Z= -113 | 
[2023-07-22 19:34:18] [world] The Player <Enderlava> has picked 2 of SMOOTH_STONE at X= -130, Y= 68, Z= -110 | 
[2023-07-22 19:35:36] [world] The Player <Enderlava> has picked 9 of SAND at X= -128, Y= 67, Z= -107 | 
[2023-07-22 19:35:40] [world] The Player <Enderlava> has picked 64 of SAND at X= -129, Y= 68, Z= -108 | 
[2023-07-22 19:35:40] [world] The Player <Enderlava> has picked 64 of SAND at X= -128, Y= 68, Z= -109 | 
[2023-07-22 19:35:40] [world] The Player <Enderlava> has picked 64 of SAND at X= -128, Y= 68, Z= -109 | 
[2023-07-22 19:35:49] [world] The Player <Enderlava> has picked 64 of SAND at X= -128, Y= 67, Z= -104 | 
[2023-07-22 19:35:49] [world] The Player <Enderlava> has picked 64 of SAND at X= -128, Y= 67, Z= -104 | 
[2023-07-22 19:35:49] [world] The Player <Enderlava> has picked 64 of SAND at X= -128, Y= 67, Z= -104 | 
[2023-07-22 19:35:49] [world] The Player <Enderlava> has picked 63 of SAND at X= -128, Y= 67, Z= -103 | 
[2023-07-22 19:35:49] [world] The Player <Enderlava> has picked 60 of SAND at X= -128, Y= 67, Z= -103 | 
[2023-07-22 19:35:49] [world] The Player <Enderlava> has picked 1 of SMOOTH_STONE at X= -128, Y= 67, Z= -104 | 
[2023-07-22 19:35:49] [world] The Player <Enderlava> has picked 5 of SAND at X= -128, Y= 67, Z= -104 | 
[2023-07-22 19:36:30] [world] The Player <Enderlava> has picked 1 of DIRT at X= -8, Y= 71, Z= -258 | 
[2023-07-22 19:37:05] [world] The Player <Funget114514> has picked 6 of PHANTOM_MEMBRANE at X= -498, Y= 63, Z= -474 | 
[2023-07-22 19:37:11] [world] The Player <Funget114514> has picked 1 of WRITTEN_BOOK at X= -500, Y= 62, Z= -475 | 
[2023-07-22 19:38:13] [world] The Player <Enderlava> has picked 1 of OAK_SAPLING at X= -14, Y= 63, Z= -284 | 
[2023-07-22 19:38:29] [world] The Player <Enderlava> has picked 2 of CHEST at X= -9, Y= 69, Z= -259 | 
[2023-07-22 19:42:38] [world] The Player <Enderlava> has picked 60 of SAND at X= -128, Y= 65, Z= -103 | 
[2023-07-22 19:42:39] [world] The Player <Enderlava> has picked 60 of SAND at X= -128, Y= 67, Z= -103 | 
[2023-07-22 19:42:39] [world] The Player <Enderlava> has picked 8 of SAND at X= -128, Y= 67, Z= -103 | 
[2023-07-22 19:43:29] [world] The Player <Enderlava> has picked 1 of BARREL at X= -127, Y= 66, Z= -112 | 
[2023-07-22 19:43:32] [world] The Player <Enderlava> has picked 1 of SMOOTH_STONE at X= -126, Y= 64, Z= -113 | 
[2023-07-22 19:43:51] [world] The Player <Enderlava> has picked 1 of SMOOTH_STONE at X= -127, Y= 65, Z= -108 | 
[2023-07-22 19:44:02] [world] The Player <Enderlava> has picked 2 of SMOOTH_STONE at X= -126, Y= 64, Z= -111 | 
[2023-07-22 19:44:10] [world] The Player <Enderlava> has picked 12 of BARREL at X= -127, Y= 64, Z= -107 | 
[2023-07-22 19:44:14] [world] The Player <Enderlava> has picked 1 of BARREL at X= -125, Y= 64, Z= -110 | 
[2023-07-22 19:44:26] [world] The Player <Enderlava> has picked 1 of SMOOTH_STONE at X= -128, Y= 65, Z= -108 | 
[2023-07-22 19:44:33] [world] The Player <Enderlava> has picked 1 of HOPPER at X= -127, Y= 64, Z= -107 | 
[2023-07-22 19:45:08] [world] The Player <Enderlava> has picked 1 of SAND at X= -126, Y= 64, Z= -111 | 
[2023-07-22 19:45:12] [world] The Player <Funget114514> has picked 3 of ARROW at X= -489, Y= 63, Z= -414 | 
[2023-07-22 19:45:30] [world] The Player <Enderlava> has picked 64 of SAND at X= -129, Y= 65, Z= -103 | 
[2023-07-22 19:45:30] [world] The Player <Enderlava> has picked 64 of SAND at X= -128, Y= 65, Z= -103 | 
[2023-07-22 19:45:30] [world] The Player <Enderlava> has picked 64 of SAND at X= -128, Y= 65, Z= -104 | 
[2023-07-22 19:45:30] [world] The Player <Enderlava> has picked 63 of SAND at X= -128, Y= 65, Z= -103 | 
[2023-07-22 19:45:30] [world] The Player <Enderlava> has picked 1 of SAND at X= -128, Y= 65, Z= -103 | 
[2023-07-22 19:45:30] [world] The Player <Enderlava> has picked 1 of SMOOTH_STONE at X= -128, Y= 65, Z= -103 | 
[2023-07-22 19:45:32] [world] The Player <Enderlava> has picked 1 of HOPPER at X= -129, Y= 64, Z= -104 | 
[2023-07-22 19:45:32] [world] The Player <Enderlava> has picked 57 of SAND at X= -129, Y= 64, Z= -104 | 
[2023-07-22 19:45:32] [world] The Player <Enderlava> has picked 7 of SAND at X= -128, Y= 64, Z= -104 | 
[2023-07-22 19:45:33] [world] The Player <Enderlava> has picked 56 of SAND at X= -128, Y= 64, Z= -104 | 
[2023-07-22 19:45:33] [world] The Player <Enderlava> has picked 8 of SAND at X= -128, Y= 65, Z= -103 | 
[2023-07-22 19:45:33] [world] The Player <Enderlava> has picked 54 of SAND at X= -128, Y= 65, Z= -103 | 
[2023-07-22 19:45:33] [world] The Player <Enderlava> has picked 10 of SAND at X= -128, Y= 65, Z= -103 | 
[2023-07-22 19:45:33] [world] The Player <Enderlava> has picked 54 of SAND at X= -128, Y= 65, Z= -103 | 
[2023-07-22 19:45:33] [world] The Player <Enderlava> has picked 10 of SAND at X= -128, Y= 65, Z= -103 | 
[2023-07-22 19:45:33] [world] The Player <Enderlava> has picked 50 of SAND at X= -128, Y= 65, Z= -103 | 
[2023-07-22 19:45:33] [world] The Player <Enderlava> has picked 14 of SAND at X= -128, Y= 65, Z= -103 | 
[2023-07-22 19:45:34] [world] The Player <Enderlava> has picked 49 of SAND at X= -128, Y= 65, Z= -103 | 
[2023-07-22 19:45:34] [world] The Player <Enderlava> has picked 15 of SAND at X= -128, Y= 65, Z= -104 | 
[2023-07-22 19:45:34] [world] The Player <Enderlava> has picked 64 of SAND at X= -130, Y= 64, Z= -106 | 
[2023-07-22 19:45:34] [world] The Player <Enderlava> has picked 64 of SAND at X= -130, Y= 64, Z= -105 | 
[2023-07-22 19:45:34] [world] The Player <Enderlava> has picked 48 of SAND at X= -128, Y= 65, Z= -104 | 
[2023-07-22 19:45:34] [world] The Player <Enderlava> has picked 16 of SAND at X= -128, Y= 64, Z= -104 | 
[2023-07-22 19:45:34] [world] The Player <Enderlava> has picked 48 of SAND at X= -128, Y= 64, Z= -104 | 
[2023-07-22 19:45:34] [world] The Player <Enderlava> has picked 16 of SAND at X= -128, Y= 65, Z= -103 | 
[2023-07-22 19:45:35] [world] The Player <Enderlava> has picked 46 of SAND at X= -128, Y= 65, Z= -103 | 
[2023-07-22 19:45:35] [world] The Player <Enderlava> has picked 18 of SAND at X= -128, Y= 65, Z= -103 | 
[2023-07-22 19:45:35] [world] The Player <Enderlava> has picked 45 of SAND at X= -128, Y= 65, Z= -103 | 
[2023-07-22 19:45:35] [world] The Player <Enderlava> has picked 19 of SAND at X= -128, Y= 65, Z= -103 | 
[2023-07-22 19:45:35] [world] The Player <Enderlava> has picked 44 of SAND at X= -128, Y= 65, Z= -103 | 
[2023-07-22 19:45:35] [world] The Player <Enderlava> has picked 20 of SAND at X= -128, Y= 64, Z= -104 | 
[2023-07-22 19:45:35] [world] The Player <Enderlava> has picked 43 of SAND at X= -128, Y= 64, Z= -104 | 
[2023-07-22 19:45:35] [world] The Player <Enderlava> has picked 21 of SAND at X= -128, Y= 64, Z= -104 | 
[2023-07-22 19:45:35] [world] The Player <Enderlava> has picked 64 of SAND at X= -130, Y= 64, Z= -105 | 
[2023-07-22 19:45:35] [world] The Player <Enderlava> has picked 34 of SAND at X= -128, Y= 64, Z= -104 | 
[2023-07-22 19:45:35] [world] The Player <Enderlava> has picked 30 of SAND at X= -128, Y= 64, Z= -104 | 
[2023-07-22 19:45:35] [world] The Player <Enderlava> has picked 20 of SAND at X= -128, Y= 64, Z= -104 | 
[2023-07-22 19:45:35] [world] The Player <Enderlava> has picked 27 of SAND at X= -128, Y= 64, Z= -104 | 
[2023-07-22 19:45:35] [world] The Player <Enderlava> has picked 64 of SAND at X= -130, Y= 64, Z= -105 | 
[2023-07-22 19:45:35] [world] The Player <Enderlava> has picked 64 of SAND at X= -130, Y= 64, Z= -106 | 
[2023-07-22 19:45:35] [world] The Player <Enderlava> has picked 64 of SAND at X= -130, Y= 64, Z= -105 | 
[2023-07-22 19:45:36] [world] The Player <Enderlava> has picked 64 of SAND at X= -130, Y= 64, Z= -106 | 
[2023-07-22 19:45:36] [world] The Player <Enderlava> has picked 64 of SAND at X= -130, Y= 64, Z= -106 | 
[2023-07-22 19:45:36] [world] The Player <Enderlava> has picked 64 of SAND at X= -130, Y= 64, Z= -105 | 
[2023-07-22 19:45:36] [world] The Player <Enderlava> has picked 64 of SAND at X= -130, Y= 64, Z= -105 | 
[2023-07-22 19:45:36] [world] The Player <Enderlava> has picked 64 of SAND at X= -130, Y= 64, Z= -105 | 
[2023-07-22 19:45:36] [world] The Player <Enderlava> has picked 64 of SAND at X= -130, Y= 64, Z= -105 | 
[2023-07-22 19:45:36] [world] The Player <Enderlava> has picked 64 of SAND at X= -130, Y= 64, Z= -105 | 
[2023-07-22 19:45:53] [world] The Player <Enderlava> has picked 2 of NETHERRACK at X= -94, Y= 69, Z= -161 | 
[2023-07-22 19:46:01] [world] The Player <Funget114514> has picked 3 of BOOK at X= -465, Y= 60, Z= -467 | 
[2023-07-22 19:46:02] [world] The Player <Enderlava> has picked 63 of SAND at X= -128, Y= 65, Z= -101 | 
[2023-07-22 19:46:49] [world] The Player <Enderlava> has picked 61 of SAND at X= -128, Y= 65, Z= -101 | 
[2023-07-22 19:46:49] [world] The Player <Enderlava> has picked 3 of SAND at X= -128, Y= 65, Z= -101 | 
[2023-07-22 19:46:55] [world] The Player <Enderlava> has picked 1 of SMOOTH_STONE at X= -127, Y= 69, Z= -112 | 
[2023-07-22 19:46:57] [world] The Player <Enderlava> has picked 1 of SMOOTH_STONE at X= -128, Y= 68, Z= -112 | 
[2023-07-22 19:46:58] [world] The Player <Enderlava> has picked 1 of SMOOTH_STONE at X= -130, Y= 64, Z= -113 | 
[2023-07-22 19:47:07] [world] The Player <Enderlava> has picked 2 of SMOOTH_STONE at X= -127, Y= 66, Z= -115 | 
[2023-07-22 19:47:12] [world] The Player <Funget114514> has picked 1 of COOKED_BEEF at X= -503, Y= 62, Z= -476 | 
[2023-07-22 19:47:13] [world] The Player <Enderlava> has picked 1 of SMOOTH_STONE at X= -131, Y= 66, Z= -112 | 
[2023-07-22 19:47:14] [world] The Player <Enderlava> has picked 1 of SMOOTH_STONE at X= -131, Y= 64, Z= -110 | 
[2023-07-22 19:47:17] [world] The Player <Enderlava> has picked 2 of SMOOTH_STONE at X= -131, Y= 65, Z= -110 | 
[2023-07-22 19:47:28] [world] The Player <Enderlava> has picked 3 of SMOOTH_STONE at X= -128, Y= 66, Z= -103 | 
[2023-07-22 19:47:41] [world] The Player <Enderlava> has picked 1 of SMOOTH_STONE at X= -127, Y= 68, Z= -111 | 
[2023-07-22 19:47:43] [world] The Player <Enderlava> has picked 1 of SMOOTH_STONE at X= -127, Y= 68, Z= -110 | 
[2023-07-22 19:47:46] [world] The Player <Enderlava> has picked 1 of SMOOTH_STONE at X= -127, Y= 67, Z= -107 | 
[2023-07-22 19:47:49] [world] The Player <Enderlava> has picked 1 of SMOOTH_STONE at X= -126, Y= 67, Z= -105 | 
[2023-07-22 19:47:52] [world] The Player <Enderlava> has picked 1 of SMOOTH_STONE at X= -126, Y= 67, Z= -101 | 
[2023-07-22 20:05:12] [world] The Player <wqe123420> has picked 1 of DIAMOND at X= -84, Y= -50, Z= -241 | 
[2023-07-22 20:05:12] [world] The Player <wqe123420> has picked 3 of DIAMOND at X= -84, Y= -50, Z= -241 | 
[2023-07-22 20:05:12] [world] The Player <wqe123420> has picked 2 of DIAMOND at X= -84, Y= -51, Z= -241 | 
[2023-07-22 20:05:15] [world] The Player <wqe123420> has picked 2 of DIAMOND at X= -85, Y= -52, Z= -240 | 
[2023-07-22 20:05:30] [world] The Player <wqe123420> has picked 1 of DIAMOND at X= -87, Y= -57, Z= -249 | 
[2023-07-22 20:05:31] [world] The Player <wqe123420> has picked 4 of DIAMOND at X= -88, Y= -57, Z= -249 | 
[2023-07-22 20:05:31] [world] The Player <wqe123420> has picked 3 of DIAMOND at X= -88, Y= -57, Z= -249 | 
[2023-07-22 20:05:32] [world] The Player <wqe123420> has picked 2 of DIAMOND at X= -88, Y= -57, Z= -250 | 
[2023-07-22 20:05:33] [world] The Player <wqe123420> has picked 1 of DIAMOND at X= -87, Y= -57, Z= -249 | 
[2023-07-22 20:06:21] [world] The Player <wqe123420> has picked 2 of COBBLED_DEEPSLATE at X= -76, Y= -57, Z= -251 | 
[2023-07-22 20:06:23] [world] The Player <wqe123420> has picked 2 of DIAMOND at X= -76, Y= -58, Z= -251 | 
[2023-07-22 20:06:23] [world] The Player <wqe123420> has picked 58 of BLACKSTONE at X= -76, Y= -58, Z= -251 | 
[2023-07-22 20:06:25] [world] The Player <wqe123420> has picked 2 of COBBLED_DEEPSLATE at X= -76, Y= -58, Z= -251 | 
[2023-07-22 20:06:27] [world] The Player <wqe123420> has picked 1 of COBBLED_DEEPSLATE at X= -76, Y= -57, Z= -252 | 
[2023-07-22 20:06:27] [world] The Player <wqe123420> has picked 1 of COBBLED_DEEPSLATE at X= -76, Y= -58, Z= -251 | 
[2023-07-22 20:06:28] [world] The Player <wqe123420> has picked 2 of COBBLED_DEEPSLATE at X= -76, Y= -59, Z= -251 | 
[2023-07-22 20:06:28] [world] The Player <wqe123420> has picked 1 of DIAMOND at X= -76, Y= -59, Z= -251 | 
[2023-07-22 20:06:28] [world] The Player <wqe123420> has picked 2 of DIAMOND at X= -76, Y= -59, Z= -251 | 
[2023-07-22 20:06:29] [world] The Player <wqe123420> has picked 1 of DIAMOND at X= -76, Y= -59, Z= -251 | 
[2023-07-22 20:06:30] [world] The Player <wqe123420> has picked 58 of BLACKSTONE at X= -76, Y= -59, Z= -251 | 
[2023-07-22 20:06:30] [world] The Player <wqe123420> has picked 4 of DIAMOND at X= -76, Y= -59, Z= -251 | 
[2023-07-22 20:06:31] [world] The Player <wqe123420> has picked 3 of DIAMOND at X= -75, Y= -58, Z= -252 | 
[2023-07-22 20:06:31] [world] The Player <wqe123420> has picked 4 of DIAMOND at X= -75, Y= -58, Z= -252 | 
[2023-07-22 20:06:32] [world] The Player <wqe123420> has picked 1 of DIAMOND at X= -75, Y= -59, Z= -252 | 
[2023-07-22 20:06:33] [world] The Player <wqe123420> has picked 1 of DIAMOND at X= -75, Y= -59, Z= -251 | 
[2023-07-22 20:06:33] [world] The Player <wqe123420> has picked 2 of DIAMOND at X= -75, Y= -60, Z= -252 | 
[2023-07-22 20:06:35] [world] The Player <wqe123420> has picked 3 of DIAMOND at X= -74, Y= -59, Z= -253 | 
[2023-07-22 20:06:35] [world] The Player <wqe123420> has picked 3 of DIAMOND at X= -74, Y= -60, Z= -253 | 
[2023-07-22 20:06:35] [world] The Player <wqe123420> has picked 4 of DIAMOND at X= -74, Y= -60, Z= -253 | 
[2023-07-22 20:11:52] [world_nether] The Player <wqe123420> has picked 1 of NETHERRACK at X= 161, Y= 90, Z= 237 | 
[2023-07-22 20:11:52] [world_nether] The Player <wqe123420> has picked 1 of NETHERRACK at X= 161, Y= 90, Z= 236 | 
[2023-07-22 20:11:53] [world_nether] The Player <wqe123420> has picked 1 of NETHERRACK at X= 161, Y= 89, Z= 237 | 
[2023-07-22 20:11:53] [world_nether] The Player <wqe123420> has picked 1 of NETHERRACK at X= 161, Y= 88, Z= 237 | 
[2023-07-22 20:11:53] [world_nether] The Player <wqe123420> has picked 1 of NETHERRACK at X= 161, Y= 87, Z= 237 | 
[2023-07-22 20:11:53] [world_nether] The Player <wqe123420> has picked 1 of NETHERRACK at X= 161, Y= 86, Z= 237 | 
[2023-07-22 20:11:54] [world_nether] The Player <wqe123420> has picked 1 of NETHERRACK at X= 161, Y= 85, Z= 237 | 
[2023-07-22 20:11:54] [world_nether] The Player <wqe123420> has picked 1 of NETHERRACK at X= 161, Y= 84, Z= 237 | 
[2023-07-22 20:11:54] [world_nether] The Player <wqe123420> has picked 1 of NETHERRACK at X= 161, Y= 83, Z= 237 | 
[2023-07-22 20:11:54] [world_nether] The Player <wqe123420> has picked 1 of NETHERRACK at X= 161, Y= 82, Z= 237 | 
[2023-07-22 20:11:54] [world_nether] The Player <wqe123420> has picked 1 of NETHERRACK at X= 161, Y= 81, Z= 237 | 
[2023-07-22 20:11:55] [world_nether] The Player <wqe123420> has picked 1 of NETHERRACK at X= 161, Y= 80, Z= 237 | 
[2023-07-22 20:11:55] [world_nether] The Player <wqe123420> has picked 1 of CRACKED_POLISHED_BLACKSTONE_BRICKS at X= 161, Y= 79, Z= 237 | 
[2023-07-22 20:12:16] [world_nether] The Player <wqe123420> has picked 5 of NETHERRACK at X= 161, Y= 80, Z= 236 | 
[2023-07-22 20:12:18] [world_nether] The Player <wqe123420> has picked 3 of NETHERRACK at X= 164, Y= 80, Z= 230 | 
[2023-07-22 20:12:19] [world_nether] The Player <wqe123420> has picked 1 of NETHERRACK at X= 165, Y= 80, Z= 234 | 
[2023-07-22 20:12:19] [world_nether] The Player <wqe123420> has picked 6 of NETHERRACK at X= 165, Y= 80, Z= 235 | 
[2023-07-22 20:12:19] [world_nether] The Player <wqe123420> has picked 2 of NETHERRACK at X= 165, Y= 80, Z= 238 | 
[2023-07-22 20:12:23] [world_nether] The Player <wqe123420> has picked 1 of NETHERRACK at X= 158, Y= 80, Z= 230 | 
[2023-07-22 20:12:23] [world_nether] The Player <wqe123420> has picked 7 of NETHERRACK at X= 156, Y= 79, Z= 230 | 
[2023-07-22 20:12:24] [world_nether] The Player <wqe123420> has picked 2 of NETHERRACK at X= 154, Y= 80, Z= 230 | 
[2023-07-22 20:12:24] [world_nether] The Player <wqe123420> has picked 1 of NETHERRACK at X= 153, Y= 81, Z= 230 | 
[2023-07-22 20:12:24] [world_nether] The Player <wqe123420> has picked 1 of NETHERRACK at X= 152, Y= 80, Z= 230 | 
[2023-07-22 20:12:25] [world_nether] The Player <wqe123420> has picked 7 of NETHERRACK at X= 151, Y= 80, Z= 230 | 
[2023-07-22 20:12:26] [world_nether] The Player <wqe123420> has picked 5 of NETHERRACK at X= 148, Y= 80, Z= 230 | 
[2023-07-22 20:12:26] [world_nether] The Player <wqe123420> has picked 2 of NETHERRACK at X= 146, Y= 80, Z= 230 | 
[2023-07-22 20:12:26] [world_nether] The Player <wqe123420> has picked 4 of NETHERRACK at X= 145, Y= 80, Z= 230 | 
[2023-07-22 20:12:27] [world_nether] The Player <wqe123420> has picked 1 of NETHERRACK at X= 143, Y= 80, Z= 230 | 
[2023-07-22 20:12:27] [world_nether] The Player <wqe123420> has picked 1 of NETHERRACK at X= 142, Y= 80, Z= 230 | 
[2023-07-22 20:12:27] [world_nether] The Player <wqe123420> has picked 1 of NETHERRACK at X= 142, Y= 80, Z= 230 | 
[2023-07-22 20:12:28] [world_nether] The Player <wqe123420> has picked 2 of NETHERRACK at X= 138, Y= 80, Z= 230 | 
[2023-07-22 20:12:40] [world_nether] The Player <wqe123420> has picked 1 of GOLD_BLOCK at X= 125, Y= 69, Z= 220 | 
[2023-07-22 20:12:44] [world_nether] The Player <wqe123420> has picked 1 of GOLD_BLOCK at X= 124, Y= 70, Z= 225 | 
[2023-07-22 20:21:18] [world] The Player <wqe123420> has picked 1 of BLACK_SHULKER_BOX at X= -26, Y= 63, Z= -288 | 矿物
[2023-07-22 20:22:59] [world] The Player <wqe123420> has picked 1 of BLACK_SHULKER_BOX at X= -24, Y= 69, Z= -282 | 矿物
[2023-07-22 20:23:12] [world] The Player <wqe123420> has picked 1 of COD at X= -17, Y= 62, Z= -295 | 
[2023-07-22 20:23:23] [world] The Player <wqe123420> has picked 1 of COD at X= -17, Y= 62, Z= -295 | 
[2023-07-22 20:23:37] [world] The Player <wqe123420> has picked 1 of RED_SHULKER_BOX at X= -18, Y= 63, Z= -296 | 护符
[2023-07-22 20:24:35] [world] The Player <wqe123420> has picked 1 of YELLOW_SHULKER_BOX at X= -27, Y= 63, Z= -286 | 杂物
[2023-07-22 20:24:36] [world] The Player <wqe123420> has picked 1 of RED_SHULKER_BOX at X= -27, Y= 63, Z= -286 | 护符
[2023-07-22 20:24:36] [world] The Player <wqe123420> has picked 1 of LIGHT_GRAY_SHULKER_BOX at X= -26, Y= 63, Z= -287 | 附魔书
[2023-07-22 20:25:32] [world] The Player <wqe123420> has picked 1 of YELLOW_SHULKER_BOX at X= -27, Y= 63, Z= -286 | 武器1
[2023-07-22 20:25:48] [world] The Player <wqe123420> has picked 1 of YELLOW_SHULKER_BOX at X= -27, Y= 63, Z= -287 | 武器2
[2023-07-22 20:32:54] [world] The Player <Enderlava> has picked 1 of SAND at X= -128, Y= 68, Z= -112 | 
[2023-07-22 20:32:54] [world] The Player <Enderlava> has picked 1 of SAND at X= -128, Y= 68, Z= -112 | 
[2023-07-22 20:32:54] [world] The Player <Enderlava> has picked 1 of SAND at X= -128, Y= 68, Z= -112 | 
[2023-07-22 20:32:54] [world] The Player <Enderlava> has picked 1 of SAND at X= -128, Y= 68, Z= -112 | 
[2023-07-22 20:32:54] [world] The Player <Enderlava> has picked 1 of SAND at X= -128, Y= 68, Z= -112 | 
[2023-07-22 20:32:54] [world] The Player <Enderlava> has picked 1 of SAND at X= -128, Y= 68, Z= -112 | 
[2023-07-22 20:32:55] [world] The Player <Enderlava> has picked 1 of SAND at X= -128, Y= 68, Z= -112 | 
[2023-07-22 20:32:55] [world] The Player <Enderlava> has picked 1 of SAND at X= -128, Y= 68, Z= -112 | 
[2023-07-22 20:32:55] [world] The Player <Enderlava> has picked 1 of SAND at X= -128, Y= 68, Z= -112 | 
[2023-07-22 20:32:55] [world] The Player <Enderlava> has picked 1 of SAND at X= -128, Y= 68, Z= -112 | 
[2023-07-22 20:32:55] [world] The Player <Enderlava> has picked 1 of SAND at X= -128, Y= 68, Z= -112 | 
[2023-07-22 20:32:55] [world] The Player <Enderlava> has picked 1 of SAND at X= -128, Y= 68, Z= -112 | 
[2023-07-22 20:32:55] [world] The Player <Enderlava> has picked 1 of SAND at X= -128, Y= 68, Z= -112 | 
[2023-07-22 20:32:55] [world] The Player <Enderlava> has picked 1 of SAND at X= -128, Y= 68, Z= -112 | 
[2023-07-22 20:32:55] [world] The Player <Enderlava> has picked 1 of SAND at X= -128, Y= 68, Z= -112 | 
[2023-07-22 20:32:56] [world] The Player <Enderlava> has picked 1 of SAND at X= -128, Y= 68, Z= -112 | 
[2023-07-22 20:32:56] [world] The Player <Enderlava> has picked 1 of SAND at X= -128, Y= 68, Z= -112 | 
[2023-07-22 20:32:56] [world] The Player <Enderlava> has picked 1 of SAND at X= -128, Y= 68, Z= -112 | 
[2023-07-22 20:32:56] [world] The Player <Enderlava> has picked 1 of SAND at X= -128, Y= 68, Z= -112 | 
[2023-07-22 20:32:56] [world] The Player <Enderlava> has picked 1 of SAND at X= -128, Y= 68, Z= -112 | 
[2023-07-22 20:32:56] [world] The Player <Enderlava> has picked 1 of SAND at X= -128, Y= 68, Z= -112 | 
[2023-07-22 20:32:57] [world] The Player <Enderlava> has picked 1 of SAND at X= -128, Y= 68, Z= -112 | 
[2023-07-22 20:32:57] [world] The Player <Enderlava> has picked 1 of SAND at X= -128, Y= 68, Z= -112 | 
[2023-07-22 20:32:57] [world] The Player <Enderlava> has picked 1 of SAND at X= -128, Y= 68, Z= -112 | 
[2023-07-22 20:32:57] [world] The Player <Enderlava> has picked 1 of SAND at X= -128, Y= 68, Z= -112 | 
[2023-07-22 20:32:57] [world] The Player <Enderlava> has picked 1 of SAND at X= -128, Y= 68, Z= -112 | 
[2023-07-22 20:32:59] [world] The Player <Enderlava> has picked 1 of SAND at X= -128, Y= 68, Z= -112 | 
[2023-07-22 20:32:59] [world] The Player <Enderlava> has picked 1 of SAND at X= -128, Y= 68, Z= -112 | 
[2023-07-22 20:32:59] [world] The Player <Enderlava> has picked 1 of SAND at X= -128, Y= 68, Z= -112 | 
[2023-07-22 20:32:59] [world] The Player <Enderlava> has picked 1 of SAND at X= -128, Y= 68, Z= -112 | 
[2023-07-22 20:32:59] [world] The Player <Enderlava> has picked 1 of SAND at X= -128, Y= 68, Z= -112 | 
[2023-07-22 20:32:59] [world] The Player <Enderlava> has picked 1 of SAND at X= -128, Y= 68, Z= -112 | 
[2023-07-22 20:33:00] [world] The Player <Enderlava> has picked 1 of SAND at X= -128, Y= 68, Z= -112 | 
[2023-07-22 20:33:00] [world] The Player <Enderlava> has picked 1 of SAND at X= -128, Y= 68, Z= -112 | 
[2023-07-22 20:33:00] [world] The Player <Enderlava> has picked 1 of SAND at X= -128, Y= 68, Z= -112 | 
[2023-07-22 20:33:00] [world] The Player <Enderlava> has picked 1 of SAND at X= -128, Y= 68, Z= -112 | 
[2023-07-22 20:33:00] [world] The Player <Enderlava> has picked 1 of SAND at X= -128, Y= 68, Z= -112 | 
[2023-07-22 20:34:38] [world] The Player <wqe123420> has picked 1 of WOODEN_SWORD at X= -189, Y= 62, Z= -284 | §7激烈的勇敢的职业摔跤手
[2023-07-22 20:34:42] [world] The Player <wqe123420> has picked 1 of WOODEN_AXE at X= -190, Y= 62, Z= -283 | §7食者斧
[2023-07-22 20:34:47] [world] The Player <Enderlava> has picked 2 of BOOK at X= -197, Y= 57, Z= -291 | §5Elite Protection Enchanted Book
[2023-07-22 20:34:55] [world] The Player <wqe123420> has picked 4 of ROTTEN_FLESH at X= -201, Y= 62, Z= -293 | 
[2023-07-22 20:35:05] [world] The Player <Enderlava> has picked 1 of IRON_INGOT at X= -197, Y= 56, Z= -293 | 
[2023-07-22 20:36:13] [world] The Player <wqe123420> has picked 1 of COPPER_INGOT at X= -196, Y= 62, Z= -269 | 
[2023-07-22 20:37:05] [world] The Player <Enderlava> has picked 1 of PLAYER_HEAD at X= -190, Y= 43, Z= -278 | §e16 §bSpell Points
[2023-07-22 20:37:05] [world] The Player <wqe123420> has picked 1 of WOODEN_AXE at X= -192, Y= 62, Z= -272 | §7食者斧
[2023-07-22 20:37:33] [world] The Player <Enderlava> has picked 1 of PLAYER_HEAD at X= -183, Y= 44, Z= -274 | §e16 §bSpell Points
[2023-07-22 20:37:35] [world] The Player <Enderlava> has picked 1 of PLAYER_HEAD at X= -183, Y= 44, Z= -274 | §e16 §bSpell Points
[2023-07-22 20:38:07] [world] The Player <wqe123420> has picked 1 of PLAYER_HEAD at X= -189, Y= 47, Z= -268 | §e16 §bSpell Points
[2023-07-22 20:38:07] [world] The Player <wqe123420> has picked 10 of GOLD_NUGGET at X= -188, Y= 47, Z= -268 | 
[2023-07-22 20:38:13] [world] The Player <wqe123420> has picked 14 of GOLD_NUGGET at X= -186, Y= 46, Z= -268 | 
[2023-07-22 20:38:17] [world] The Player <Enderlava> has picked 1 of PLAYER_HEAD at X= -188, Y= 44, Z= -276 | §e16 §bSpell Points
[2023-07-22 20:38:21] [world] The Player <Enderlava> has picked 1 of PLAYER_HEAD at X= -186, Y= 44, Z= -277 | §e16 §bSpell Points
[2023-07-22 20:38:27] [world] The Player <Enderlava> has picked 1 of PLAYER_HEAD at X= -182, Y= 45, Z= -271 | §e16 §bSpell Points
[2023-07-22 20:38:28] [world] The Player <wqe123420> has picked 1 of PLAYER_HEAD at X= -187, Y= 45, Z= -268 | §e16 §bSpell Points
[2023-07-22 20:38:31] [world] The Player <Enderlava> has picked 1 of PLAYER_HEAD at X= -181, Y= 45, Z= -266 | §e16 §bSpell Points
[2023-07-22 20:38:36] [world] The Player <wqe123420> has picked 2 of PLAYER_HEAD at X= -187, Y= 44, Z= -269 | §e16 §bSpell Points
[2023-07-22 20:38:36] [world] The Player <wqe123420> has picked 20 of GOLD_NUGGET at X= -187, Y= 45, Z= -268 | 
[2023-07-22 20:38:41] [world] The Player <wqe123420> has picked 1 of DIAMOND at X= -187, Y= 45, Z= -268 | 
[2023-07-22 20:38:41] [world] The Player <wqe123420> has picked 10 of GOLD_NUGGET at X= -187, Y= 45, Z= -268 | 
[2023-07-22 20:38:42] [world] The Player <wqe123420> has picked 1 of PLAYER_HEAD at X= -187, Y= 45, Z= -268 | §e16 §bSpell Points
[2023-07-22 20:38:44] [world] The Player <Enderlava> has picked 1 of PLAYER_HEAD at X= -182, Y= 44, Z= -265 | §e16 §bSpell Points
[2023-07-22 20:38:45] [world] The Player <wqe123420> has picked 1 of PLAYER_HEAD at X= -186, Y= 44, Z= -273 | §e16 §bSpell Points
[2023-07-22 20:38:45] [world] The Player <wqe123420> has picked 24 of GOLD_NUGGET at X= -186, Y= 44, Z= -273 | 
[2023-07-22 20:38:48] [world] The Player <wqe123420> has picked 56 of GOLD_NUGGET at X= -187, Y= 45, Z= -274 | 
[2023-07-22 20:38:54] [world] The Player <wqe123420> has picked 1 of PLAYER_HEAD at X= -187, Y= 46, Z= -272 | §e16 §bSpell Points
[2023-07-22 20:38:54] [world] The Player <wqe123420> has picked 10 of GOLD_NUGGET at X= -187, Y= 44, Z= -272 | 
[2023-07-22 20:39:12] [world] The Player <wqe123420> has picked 1 of PLAYER_HEAD at X= -184, Y= 48, Z= -269 | §e16 §bSpell Points
[2023-07-22 20:39:12] [world] The Player <wqe123420> has picked 4 of GOLD_NUGGET at X= -184, Y= 48, Z= -269 | 
[2023-07-22 20:39:17] [world] The Player <wqe123420> has picked 1 of PLAYER_HEAD at X= -184, Y= 45, Z= -262 | §e16 §bSpell Points
[2023-07-22 20:39:27] [world] The Player <Enderlava> has picked 1 of PLAYER_HEAD at X= -191, Y= 40, Z= -252 | §e16 §bSpell Points
[2023-07-22 20:39:34] [world] The Player <Enderlava> has picked 1 of PLAYER_HEAD at X= -183, Y= 44, Z= -261 | §e16 §bSpell Points
[2023-07-22 20:39:41] [world] The Player <wqe123420> has picked 1 of PLAYER_HEAD at X= -186, Y= 43, Z= -266 | §e16 §bSpell Points
[2023-07-22 20:39:42] [world] The Player <wqe123420> has picked 1 of PLAYER_HEAD at X= -187, Y= 43, Z= -266 | §e16 §bSpell Points
[2023-07-22 20:39:47] [world] The Player <wqe123420> has picked 28 of GOLD_NUGGET at X= -187, Y= 44, Z= -265 | 
[2023-07-22 20:39:47] [world] The Player <Enderlava> has picked 1 of PLAYER_HEAD at X= -182, Y= 46, Z= -265 | §e16 §bSpell Points
[2023-07-22 20:39:48] [world] The Player <wqe123420> has picked 1 of PLAYER_HEAD at X= -186, Y= 46, Z= -263 | §e16 §bSpell Points
[2023-07-22 20:39:55] [world] The Player <Enderlava> has picked 1 of PLAYER_HEAD at X= -192, Y= 49, Z= -264 | §e16 §bSpell Points
[2023-07-22 20:40:01] [world] The Player <Enderlava> has picked 3 of PLAYER_HEAD at X= -190, Y= 62, Z= -258 | §e16 §bSpell Points
[2023-07-22 20:40:02] [world] The Player <Enderlava> has picked 1 of PLAYER_HEAD at X= -192, Y= 62, Z= -263 | §e16 §bSpell Points
[2023-07-22 20:40:10] [world] The Player <Enderlava> has picked 1 of PLAYER_HEAD at X= -184, Y= 62, Z= -268 | §e16 §bSpell Points
[2023-07-22 20:40:34] [world] The Player <Enderlava> has picked 1 of PLAYER_HEAD at X= -185, Y= 55, Z= -260 | §e16 §bSpell Points
[2023-07-22 20:40:36] [world] The Player <Enderlava> has picked 1 of PLAYER_HEAD at X= -189, Y= 60, Z= -262 | §e16 §bSpell Points
[2023-07-22 20:40:39] [world] The Player <Enderlava> has picked 18 of GOLD_NUGGET at X= -185, Y= 62, Z= -258 | 
[2023-07-22 20:40:42] [world] The Player <wqe123420> has picked 4 of ROTTEN_FLESH at X= -186, Y= 62, Z= -274 | 
[2023-07-22 20:40:42] [world] The Player <wqe123420> has picked 14 of GOLD_NUGGET at X= -188, Y= 62, Z= -271 | 
[2023-07-22 20:40:44] [world] The Player <wqe123420> has picked 56 of GOLD_NUGGET at X= -187, Y= 62, Z= -264 | 
[2023-07-22 20:40:46] [world] The Player <wqe123420> has picked 52 of GOLD_NUGGET at X= -193, Y= 62, Z= -263 | 
[2023-07-22 20:40:48] [world] The Player <wqe123420> has picked 14 of GOLD_NUGGET at X= -186, Y= 62, Z= -263 | 
[2023-07-22 20:40:59] [world] The Player <wqe123420> has picked 1 of COPPER_INGOT at X= -179, Y= 60, Z= -247 | 
[2023-07-22 20:41:05] [world] The Player <wqe123420> has picked 2 of COOKED_COD at X= -177, Y= 60, Z= -231 | 
[2023-07-22 20:41:58] [world] The Player <Enderlava> has picked 9 of LEATHER at X= -39, Y= 73, Z= -278 | 
[2023-07-22 20:42:02] [world] The Player <Enderlava> has picked 7 of LEATHER at X= -43, Y= 70, Z= -282 | 
[2023-07-22 20:42:05] [world] The Player <Enderlava> has picked 47 of BEEF at X= -42, Y= 71, Z= -278 | 
[2023-07-22 20:42:07] [world] The Player <Enderlava> has picked 6 of BEEF at X= -40, Y= 71, Z= -271 | 
[2023-07-22 20:42:57] [world] The Player <wqe123420> has picked 1 of LEATHER at X= -41, Y= 71, Z= -273 | 
[2023-07-22 20:44:08] [world] The Player <wqe123420> has picked 1 of BLACK_SHULKER_BOX at X= -34, Y= 70, Z= -277 | 矿物
[2023-07-22 20:44:38] [world] The Player <Enderlava> has picked 14 of DIAMOND at X= -42, Y= 71, Z= -272 | 
[2023-07-22 20:44:40] [world] The Player <Enderlava> has picked 14 of NETHERITE_SCRAP at X= -42, Y= 71, Z= -272 | 
[2023-07-22 20:44:58] [world] The Player <wqe123420> has picked 16 of LEATHER at X= -42, Y= 71, Z= -276 | 
[2023-07-22 20:45:00] [world] The Player <Enderlava> has picked 2 of BEEF at X= -43, Y= 70, Z= -276 | 
[2023-07-22 20:45:34] [world] The Player <Enderlava> has picked 9 of BEEF at X= -40, Y= 71, Z= -282 | 
[2023-07-22 20:45:49] [world] The Player <wqe123420> has picked 1 of BLACK_SHULKER_BOX at X= -25, Y= 63, Z= -287 | 矿物
[2023-07-22 20:45:50] [world] The Player <Enderlava> has picked 24 of BEEF at X= -45, Y= 71, Z= -289 | 
[2023-07-22 20:45:52] [world] The Player <Enderlava> has picked 21 of BEEF at X= -43, Y= 71, Z= -277 | 
[2023-07-22 20:45:53] [world] The Player <Enderlava> has picked 19 of BEEF at X= -46, Y= 70, Z= -280 | 
[2023-07-22 20:46:03] [world] The Player <wqe123420> has picked 1 of YELLOW_SHULKER_BOX at X= -24, Y= 63, Z= -288 | 杂物
[2023-07-22 20:49:05] [world] The Player <wqe123420> has picked 1 of COAL at X= -18, Y= 62, Z= -303 | 
[2023-07-22 20:50:23] [world] The Player <wqe123420> has picked 1 of COD at X= -18, Y= 63, Z= -304 | 
[2023-07-22 20:50:38] [world] The Player <wqe123420> has picked 1 of COD at X= -16, Y= 64, Z= -306 | 
[2023-07-22 20:51:21] [world] The Player <wqe123420> has picked 1 of COD at X= -16, Y= 64, Z= -306 | 
[2023-07-22 20:51:36] [world] The Player <wqe123420> has picked 2 of COD at X= -16, Y= 64, Z= -306 | 
[2023-07-22 20:52:01] [world] The Player <wqe123420> has picked 1 of COD at X= -16, Y= 64, Z= -306 | 
[2023-07-22 20:52:18] [world] The Player <wqe123420> has picked 1 of COD at X= -16, Y= 64, Z= -306 | 
[2023-07-22 20:52:36] [world] The Player <wqe123420> has picked 1 of COD at X= -16, Y= 64, Z= -306 | 
[2023-07-22 20:52:42] [world] The Player <wqe123420> has picked 1 of COD at X= -16, Y= 64, Z= -306 | 
[2023-07-22 20:53:24] [world] The Player <wqe123420> has picked 1 of COD at X= -16, Y= 64, Z= -306 | 
[2023-07-22 20:54:05] [world] The Player <wqe123420> has picked 1 of COD at X= -16, Y= 64, Z= -306 | 
[2023-07-22 20:54:19] [world] The Player <wqe123420> has picked 2 of COD at X= -16, Y= 64, Z= -306 | 
[2023-07-22 20:54:29] [world] The Player <wqe123420> has picked 2 of COD at X= -16, Y= 64, Z= -306 | 
[2023-07-22 20:55:05] [world] The Player <wqe123420> has picked 1 of COD at X= -16, Y= 64, Z= -306 | 
[2023-07-22 20:55:20] [world] The Player <wqe123420> has picked 1 of COD at X= -16, Y= 64, Z= -306 | 
[2023-07-22 20:55:28] [world] The Player <wqe123420> has picked 1 of COD at X= -16, Y= 64, Z= -306 | 
[2023-07-22 20:55:34] [world] The Player <wqe123420> has picked 1 of COD at X= -16, Y= 64, Z= -306 | 
[2023-07-22 20:55:40] [world] The Player <wqe123420> has picked 1 of COD at X= -16, Y= 64, Z= -306 | 
[2023-07-22 20:55:55] [world] The Player <wqe123420> has picked 1 of COD at X= -16, Y= 64, Z= -306 | 
[2023-07-22 20:56:02] [world] The Player <wqe123420> has picked 1 of COD at X= -16, Y= 64, Z= -306 | 
[2023-07-22 20:56:27] [world] The Player <wqe123420> has picked 2 of COD at X= -16, Y= 64, Z= -306 | 
[2023-07-22 20:57:05] [world] The Player <wqe123420> has picked 1 of COD at X= -16, Y= 64, Z= -306 | 
[2023-07-22 20:57:19] [world] The Player <wqe123420> has picked 2 of COD at X= -16, Y= 64, Z= -306 | 
[2023-07-22 20:57:24] [world] The Player <wqe123420> has picked 1 of COD at X= -16, Y= 64, Z= -306 | 
[2023-07-22 20:57:29] [world] The Player <wqe123420> has picked 1 of COD at X= -16, Y= 64, Z= -306 | 
[2023-07-22 20:58:59] [world] The Player <wqe123420> has picked 1 of COD at X= -16, Y= 64, Z= -306 | 
[2023-07-22 20:59:30] [world] The Player <wqe123420> has picked 1 of COD at X= -16, Y= 64, Z= -306 | 
[2023-07-22 20:59:43] [world] The Player <wqe123420> has picked 1 of COD at X= -16, Y= 64, Z= -306 | 
[2023-07-22 20:59:50] [world] The Player <wqe123420> has picked 1 of COD at X= -16, Y= 64, Z= -306 | 
[2023-07-22 21:00:55] [world] The Player <wqe123420> has picked 1 of COD at X= -16, Y= 64, Z= -306 | 
[2023-07-22 21:01:11] [world] The Player <wqe123420> has picked 1 of COD at X= -16, Y= 64, Z= -306 | 
[2023-07-22 21:01:22] [world] The Player <wqe123420> has picked 1 of COD at X= -16, Y= 64, Z= -306 | 
[2023-07-22 21:01:59] [world] The Player <wqe123420> has picked 1 of COD at X= -16, Y= 64, Z= -306 | 
[2023-07-22 21:02:17] [world] The Player <wqe123420> has picked 1 of COD at X= -16, Y= 64, Z= -306 | 
[2023-07-22 21:02:29] [world] The Player <wqe123420> has picked 1 of COD at X= -16, Y= 64, Z= -306 | 
[2023-07-22 21:03:11] [world] The Player <wqe123420> has picked 1 of COD at X= -16, Y= 64, Z= -306 | 
[2023-07-22 21:03:24] [world] The Player <wqe123420> has picked 1 of COD at X= -16, Y= 64, Z= -306 | 
[2023-07-22 21:03:40] [world] The Player <wqe123420> has picked 1 of COD at X= -16, Y= 64, Z= -306 | 
[2023-07-22 21:03:55] [world] The Player <wqe123420> has picked 1 of COD at X= -16, Y= 64, Z= -306 | 
[2023-07-22 21:05:00] [world] The Player <wqe123420> has picked 1 of COD at X= -16, Y= 64, Z= -306 | 
[2023-07-22 21:05:18] [world] The Player <wqe123420> has picked 1 of COD at X= -16, Y= 64, Z= -306 | 
[2023-07-22 21:05:35] [world] The Player <wqe123420> has picked 1 of COD at X= -16, Y= 64, Z= -306 | 
[2023-07-22 21:06:10] [world] The Player <wqe123420> has picked 1 of COD at X= -16, Y= 64, Z= -306 | 
[2023-07-22 21:07:13] [world] The Player <wqe123420> has picked 1 of COD at X= -16, Y= 64, Z= -306 | 
[2023-07-22 21:07:52] [world] The Player <wqe123420> has picked 1 of COD at X= -16, Y= 64, Z= -306 | 
[2023-07-22 21:08:21] [world] The Player <wqe123420> has picked 2 of COD at X= -16, Y= 64, Z= -306 | 
[2023-07-22 21:08:36] [world] The Player <wqe123420> has picked 1 of COD at X= -16, Y= 64, Z= -306 | 
[2023-07-22 21:09:19] [world] The Player <wqe123420> has picked 2 of COD at X= -16, Y= 64, Z= -306 | 
[2023-07-22 21:09:31] [world] The Player <wqe123420> has picked 1 of COD at X= -16, Y= 64, Z= -306 | 
[2023-07-22 21:10:15] [world] The Player <wqe123420> has picked 2 of COD at X= -16, Y= 64, Z= -306 | 
[2023-07-22 21:10:28] [world] The Player <wqe123420> has picked 1 of COD at X= -16, Y= 64, Z= -306 | 
[2023-07-22 21:10:40] [world] The Player <wqe123420> has picked 1 of COD at X= -16, Y= 64, Z= -306 | 
[2023-07-22 21:11:02] [world] The Player <wqe123420> has picked 1 of COD at X= -16, Y= 64, Z= -306 | 
[2023-07-22 21:11:23] [world] The Player <wqe123420> has picked 1 of COD at X= -16, Y= 64, Z= -306 | 
[2023-07-22 21:12:03] [world] The Player <wqe123420> has picked 1 of COD at X= -16, Y= 64, Z= -306 | 
[2023-07-22 21:12:12] [world] The Player <wqe123420> has picked 2 of COD at X= -16, Y= 64, Z= -306 | 
[2023-07-22 21:25:45] [world] The Player <wqe123420> has picked 1 of FISHING_ROD at X= -15, Y= 60, Z= -306 | §3深海钓鱼竿
[2023-07-22 21:26:03] [world] The Player <wqe123420> has picked 1 of WET_SPONGE at X= -16, Y= 61, Z= -299 | 
[2023-07-22 21:46:54] [world] The Player <wqe123420> has picked 1 of YELLOW_SHULKER_BOX at X= -27, Y= 63, Z= -288 | 武器2
[2023-07-22 21:46:56] [world] The Player <wqe123420> has picked 1 of YELLOW_SHULKER_BOX at X= -27, Y= 63, Z= -287 | 武器1
[2023-07-22 21:56:12] [em_adventurers_guild] The Player <wqe123420> has picked 1 of LEATHER_CHESTPLATE at X= 219, Y= 71, Z= 281 | §8菜鸟胸甲
[2023-07-22 22:05:16] [world] The Player <wqe123420> has picked 1 of COD at X= -16, Y= 64, Z= -306 | 
[2023-07-22 22:05:36] [world] The Player <wqe123420> has picked 1 of COD at X= -16, Y= 64, Z= -306 | 
[2023-07-22 22:17:43] [em_adventurers_guild] The Player <wqe123420> has picked 9 of STRING at X= 215, Y= 71, Z= 306 | 
[2023-07-22 22:17:44] [em_adventurers_guild] The Player <wqe123420> has picked 1 of BONE at X= 215, Y= 71, Z= 306 | 
[2023-07-22 22:18:01] [em_adventurers_guild] The Player <wqe123420> has picked 1 of NETHERITE_SWORD at X= 223, Y= 71, Z= 312 | 
[2023-07-22 22:21:03] [em_adventurers_guild] The Player <Enderlava> has picked 7 of BASALT at X= 221, Y= 71, Z= 305 | 
