[2023-08-23 13:54:35] [world] The Player <wqe123420> has picked 1 of BLACK_SHULKER_BOX at X= -408, Y= 55, Z= -88 | 矿物
[2023-08-23 13:56:00] [world] The Player <wqe123420> has picked 2 of ROTTEN_FLESH at X= -295, Y= 63, Z= 29 | 
[2023-08-23 13:56:00] [world] The Player <wqe123420> has picked 1 of CARROT at X= -295, Y= 63, Z= 29 | 
[2023-08-23 13:57:45] [world] The Player <wqe123420> has picked 1 of ROTTEN_FLESH at X= -273, Y= 61, Z= 14 | 
[2023-08-23 13:58:12] [world] The Player <wqe123420> has picked 2 of ROTTEN_FLESH at X= -266, Y= 57, Z= 11 | 
[2023-08-23 13:58:13] [world] The Player <wqe123420> has picked 1 of ROTTEN_FLESH at X= -263, Y= 61, Z= 7 | 
[2023-08-23 13:58:31] [world] The Player <wqe123420> has picked 5 of ROTTEN_FLESH at X= -259, Y= 58, Z= 13 | 
[2023-08-23 13:58:37] [world] The Player <wqe123420> has picked 3 of ROTTEN_FLESH at X= -256, Y= 59, Z= 7 | 
[2023-08-23 13:59:28] [world] The Player <wqe123420> has picked 3 of ROTTEN_FLESH at X= -261, Y= 53, Z= 14 | 
[2023-08-23 14:00:16] [world] The Player <wqe123420> has picked 3 of ROTTEN_FLESH at X= -257, Y= 51, Z= 5 | 
[2023-08-23 14:01:16] [world] The Player <wqe123420> has picked 2 of COD at X= -226, Y= 62, Z= -1 | 
[2023-08-23 14:02:53] [world] The Player <wqe123420> has picked 1 of COD at X= -250, Y= 62, Z= 16 | 
[2023-08-23 14:02:53] [world] The Player <wqe123420> has picked 3 of KELP at X= -250, Y= 62, Z= 16 | 
[2023-08-23 14:03:08] [world] The Player <wqe123420> has picked 1 of PLAYER_HEAD at X= -219, Y= 62, Z= 2 | §e16 §bSpell Points
[2023-08-23 14:03:08] [world] The Player <wqe123420> has picked 1 of AMETHYST_SHARD at X= -218, Y= 62, Z= 4 | 
[2023-08-23 14:04:11] [world] The Player <wqe123420> has picked 2 of ARROW at X= -262, Y= 63, Z= -26 | 
[2023-08-23 14:04:11] [world] The Player <wqe123420> has picked 1 of BONE at X= -262, Y= 64, Z= -27 | 
[2023-08-23 14:06:01] [world] The Player <wqe123420> has picked 1 of LEATHER_CHESTPLATE at X= 8, Y= 62, Z= -291 | §7战无不胜的诱惑者
[2023-08-23 14:07:14] [world] The Player <wqe123420> has picked 2 of WHEAT_SEEDS at X= -384, Y= 63, Z= -66 | 
[2023-08-23 14:08:01] [world] The Player <wqe123420> has picked 1 of STONE_SWORD at X= -404, Y= 64, Z= -67 | §7造梦者
[2023-08-23 14:08:25] [world] The Player <wqe123420> has picked 55 of DIAMOND at X= -404, Y= 57, Z= -62 | 
[2023-08-23 14:09:17] [world] The Player <wqe123420> has picked 1 of SHULKER_BOX at X= -405, Y= 57, Z= -63 | 
[2023-08-23 14:09:50] [world] The Player <wqe123420> has picked 5 of NETHERITE_INGOT at X= -406, Y= 57, Z= -64 | 
[2023-08-23 14:09:56] [world] The Player <wqe123420> has picked 1 of BOW at X= -405, Y= 57, Z= -59 | §8哥布林弓
[2023-08-23 14:10:01] [world] The Player <wqe123420> has picked 1 of BLACK_SHULKER_BOX at X= -403, Y= 57, Z= -64 | 矿物
[2023-08-23 14:10:15] [world] The Player <wqe123420> has picked 1 of TOTEM_OF_UNDYING at X= -403, Y= 57, Z= -64 | 
[2023-08-23 14:11:59] [world] The Player <wqe123420> has picked 1 of CHAINMAIL_BOOTS at X= -404, Y= 61, Z= -66 | §7致命的魅魔
[2023-08-23 14:13:11] [world] The Player <wqe123420> has picked 1 of CHAINMAIL_HELMET at X= -403, Y= 61, Z= -66 | §7石像鬼头盔
[2023-08-23 14:13:16] [world] The Player <wqe123420> has picked 1 of IRON_SWORD at X= -403, Y= 64, Z= -67 | §7圣殿骑士剑
[2023-08-23 14:13:16] [world] The Player <wqe123420> has picked 1 of LEATHER_BOOTS at X= -403, Y= 64, Z= -66 | §7尖叫的私人的靴子
[2023-08-23 14:13:16] [world] The Player <wqe123420> has picked 1 of STONE_SWORD at X= -405, Y= 64, Z= -66 | §7推进的诙谐的剑
[2023-08-23 14:13:20] [world] The Player <wqe123420> has picked 1 of WOODEN_AXE at X= -403, Y= 62, Z= -66 | §7有用的揭露者
[2023-08-23 14:13:46] [world] The Player <wqe123420> has picked 2 of WHEAT_SEEDS at X= -403, Y= 57, Z= -64 | 
[2023-08-23 14:16:13] [world] The Player <wqe123420> has picked 1 of PUMPKIN at X= -403, Y= 57, Z= -62 | §aLucky Pumpkin
[2023-08-23 14:16:19] [world] The Player <wqe123420> has picked 1 of CHAINMAIL_HELMET at X= -403, Y= 57, Z= -64 | §7石像鬼头盔
[2023-08-23 14:16:24] [world] The Player <wqe123420> has picked 1 of FISHING_ROD at X= -404, Y= 57, Z= -59 | §bCraftenmine's Rod
[2023-08-23 14:16:26] [world] The Player <wqe123420> has picked 1 of CHAINMAIL_HELMET at X= -404, Y= 57, Z= -62 | §7石像鬼头盔
[2023-08-23 14:17:15] [world] The Player <wqe123420> has picked 20 of ROTTEN_FLESH at X= -404, Y= 57, Z= -60 | 
[2023-08-23 14:17:37] [world] The Player <wqe123420> has picked 1 of IRON_SWORD at X= -405, Y= 57, Z= -63 | §7暴雪之深渊
[2023-08-23 14:18:09] [world] The Player <wqe123420> has picked 26 of STRING at X= -404, Y= 59, Z= -66 | 
[2023-08-23 14:18:43] [world] The Player <wqe123420> has picked 1 of TURTLE_HELMET at X= -406, Y= 57, Z= -65 | §7整洁的侍僧
[2023-08-23 14:18:43] [world] The Player <wqe123420> has picked 1 of BONE at X= -406, Y= 57, Z= -65 | 
[2023-08-23 14:18:43] [world] The Player <wqe123420> has picked 2 of WHEAT_SEEDS at X= -406, Y= 57, Z= -65 | 
[2023-08-23 14:18:54] [world] The Player <wqe123420> has picked 1 of BLACK_SHULKER_BOX at X= -404, Y= 57, Z= -59 | 矿物
[2023-08-23 14:21:01] [world] The Player <wqe123420> has picked 3 of ROTTEN_FLESH at X= 1366, Y= -5, Z= 973 | 
[2023-08-23 14:23:12] [world_the_end] The Player <wqe123420> has picked 16 of ENDER_PEARL at X= 331, Y= 1, Z= 6 | 
[2023-08-23 14:23:12] [world_the_end] The Player <wqe123420> has picked 16 of ENDER_PEARL at X= 331, Y= 1, Z= 6 | 
[2023-08-23 14:23:12] [world_the_end] The Player <wqe123420> has picked 16 of ENDER_PEARL at X= 331, Y= 1, Z= 6 | 
[2023-08-23 14:23:12] [world_the_end] The Player <wqe123420> has picked 16 of ENDER_PEARL at X= 331, Y= 1, Z= 8 | 
[2023-08-23 14:23:12] [world_the_end] The Player <wqe123420> has picked 16 of ENDER_PEARL at X= 331, Y= 1, Z= 6 | 
[2023-08-23 14:23:12] [world_the_end] The Player <wqe123420> has picked 16 of ENDER_PEARL at X= 331, Y= 1, Z= 6 | 
[2023-08-23 14:23:12] [world_the_end] The Player <wqe123420> has picked 16 of ENDER_PEARL at X= 331, Y= 1, Z= 6 | 
[2023-08-23 14:23:12] [world_the_end] The Player <wqe123420> has picked 13 of ENDER_PEARL at X= 331, Y= 1, Z= 6 | 
[2023-08-23 14:24:19] [world] The Player <wqe123420> has picked 1 of BONE at X= -404, Y= 69, Z= -67 | §6狼人的骨头
[2023-08-23 14:24:27] [world] The Player <wqe123420> has picked 1 of LEATHER_BOOTS at X= -406, Y= 69, Z= -59 | §7恶意的伐木者
[2023-08-23 14:24:27] [world] The Player <wqe123420> has picked 1 of BONE at X= -406, Y= 69, Z= -59 | §6狼人的骨头
[2023-08-23 14:25:31] [world] The Player <wqe123420> has picked 1 of STONE_AXE at X= -406, Y= 69, Z= -68 | §7暴怒的正确的斧
[2023-08-23 14:27:16] [world] The Player <wqe123420> has picked 1 of PAPER at X= -401, Y= 69, Z= -68 | §6Elite Lucky Ticket
[2023-08-23 14:27:17] [world] The Player <wqe123420> has picked 1 of BONE at X= -402, Y= 69, Z= -67 | §6狼人的骨头
[2023-08-23 14:27:17] [world] The Player <wqe123420> has picked 1 of BONE at X= -402, Y= 69, Z= -67 | §6狼人的骨头
[2023-08-23 14:27:18] [world] The Player <wqe123420> has picked 1 of BONE at X= -402, Y= 69, Z= -68 | §6狼人的骨头
[2023-08-23 14:27:24] [world] The Player <wqe123420> has picked 1 of STICK at X= -402, Y= 69, Z= -66 | §b吸血鬼护符
[2023-08-23 14:27:24] [world] The Player <wqe123420> has picked 1 of LEATHER_HELMET at X= -404, Y= 69, Z= -66 | §7听风者
[2023-08-23 14:28:04] [world] The Player <wqe123420> has picked 1 of BONE at X= -407, Y= 64, Z= -60 | §6狼人的骨头
