[2023-08-24 09:10:14] [world] The Player <wqe123420> has picked 1 of BLACK_SHULKER_BOX at X= -403, Y= 57, Z= -61 | 矿物
[2023-08-24 09:10:19] [world] The Player <wqe123420> has picked 1 of IRON_SWORD at X= -395, Y= 64, Z= -70 | §7紧绷之黑暗
[2023-08-24 09:24:40] [world] The Player <wqe123420> has picked 5 of ARROW at X= -464, Y= 63, Z= -59 | 
[2023-08-24 09:24:56] [world] The Player <wqe123420> has picked 3 of BONE at X= -406, Y= 64, Z= -61 | §6狼人的骨头
[2023-08-24 09:25:43] [world] The Player <wqe123420> has picked 1 of BONE at X= -402, Y= 64, Z= -68 | §6狼人的骨头
[2023-08-24 09:26:27] [world] The Player <wqe123420> has picked 1 of NETHERITE_SWORD at X= -405, Y= 64, Z= -63 | ⚜重铸的圣剑♆
[2023-08-24 09:26:28] [world] The Player <wqe123420> has picked 3 of BONE at X= -405, Y= 64, Z= -63 | §6狼人的骨头
[2023-08-24 09:26:28] [world] The Player <wqe123420> has picked 1 of BONE at X= -405, Y= 64, Z= -63 | §6狼人的骨头
[2023-08-24 09:26:29] [world] The Player <wqe123420> has picked 1 of BONE at X= -406, Y= 64, Z= -62 | §6狼人的骨头
[2023-08-24 09:52:17] [world] The Player <Enderlava> has picked 1 of GRASS_BLOCK at X= -220, Y= 69, Z= -165 | 
[2023-08-24 09:52:17] [world] The Player <Enderlava> has picked 5 of ENDER_PEARL at X= -220, Y= 69, Z= -166 | 
[2023-08-24 10:00:21] [world] The Player <Enderlava> has picked 1 of PLAYER_HEAD at X= -22, Y= 72, Z= -282 | 
[2023-08-24 10:00:27] [world] The Player <Enderlava> has picked 1 of PLAYER_HEAD at X= -22, Y= 72, Z= -282 | 
[2023-08-24 10:00:37] [world] The Player <Enderlava> has picked 3 of GOLD_NUGGET at X= -15, Y= 67, Z= -267 | 
[2023-08-24 10:00:45] [world] The Player <Enderlava> has picked 1 of DIRT at X= -19, Y= 73, Z= -266 | 
[2023-08-24 10:02:08] [world_nether] The Player <Enderlava> has picked 10 of WHITE_DYE at X= 11, Y= 128, Z= -12 | §fTiny Elite Scrap
[2023-08-24 10:02:19] [world_nether] The Player <Enderlava> has picked 1 of TORCH at X= 10, Y= 128, Z= -7 | 
[2023-08-24 10:03:29] [world] The Player <Enderlava> has picked 1 of SUGAR_CANE at X= -17, Y= 62, Z= -293 | 
[2023-08-24 10:03:34] [world] The Player <Funget114514> has picked 5 of SUGAR_CANE at X= -16, Y= 61, Z= -292 | 
[2023-08-24 10:04:43] [world] The Player <Enderlava> has picked 1 of SMOOTH_STONE at X= -8, Y= 72, Z= -241 | 
[2023-08-24 10:04:43] [world] The Player <Enderlava> has picked 1 of DIRT at X= -8, Y= 72, Z= -241 | 
[2023-08-24 10:06:33] [world] The Player <Enderlava> has picked 6 of ROTTEN_FLESH at X= -4, Y= 69, Z= -242 | 
[2023-08-24 10:08:47] [world] The Player <Enderlava> has picked 5 of ROTTEN_FLESH at X= -24, Y= 69, Z= -245 | 
[2023-08-24 10:08:47] [world] The Player <Enderlava> has picked 1 of LEATHER_BOOTS at X= -24, Y= 69, Z= -246 | §7末影人靴子
[2023-08-24 10:10:13] [world] The Player <Enderlava> has picked 2 of ROTTEN_FLESH at X= -34, Y= 71, Z= -256 | 
[2023-08-24 10:13:40] [world] The Player <Enderlava> has picked 1 of TURTLE_HELMET at X= -17, Y= 63, Z= -285 | §7奶奶的方形之头盔
[2023-08-24 10:16:47] [world] The Player <Enderlava> has picked 1 of SMOOTH_STONE at X= -24, Y= 65, Z= -284 | 
[2023-08-24 10:22:18] [world] The Player <Enderlava> has picked 3 of NETHER_WART at X= -27, Y= 70, Z= -274 | 
[2023-08-24 10:22:53] [world] The Player <Enderlava> has picked 1 of SUGAR_CANE at X= -47, Y= 66, Z= -302 | 
[2023-08-24 10:24:02] [world] The Player <Enderlava> has picked 1 of REDSTONE at X= -41, Y= 71, Z= -287 | 
[2023-08-24 10:24:07] [world] The Player <Enderlava> has picked 1 of REDSTONE at X= -41, Y= 71, Z= -286 | 
[2023-08-24 10:24:09] [world] The Player <Enderlava> has picked 1 of REDSTONE at X= -40, Y= 71, Z= -285 | 
[2023-08-24 10:24:51] [world] The Player <Enderlava> has picked 1 of TORCH at X= -51, Y= 68, Z= -295 | 
[2023-08-24 10:25:10] [world] The Player <Enderlava> has picked 10 of POWERED_RAIL at X= -41, Y= 71, Z= -296 | 
[2023-08-24 10:26:00] [world] The Player <Enderlava> has picked 2 of BEEF at X= -43, Y= 69, Z= -283 | 
[2023-08-24 10:26:00] [world] The Player <Enderlava> has picked 3 of LEATHER at X= -44, Y= 69, Z= -282 | 
[2023-08-24 10:26:01] [world] The Player <Enderlava> has picked 10 of BEEF at X= -45, Y= 68, Z= -283 | 
[2023-08-24 10:26:01] [world] The Player <Enderlava> has picked 4 of BEEF at X= -43, Y= 69, Z= -282 | 
[2023-08-24 10:26:01] [world] The Player <Enderlava> has picked 2 of LEATHER at X= -45, Y= 69, Z= -283 | 
[2023-08-24 10:26:03] [world] The Player <Enderlava> has picked 1 of LEATHER at X= -43, Y= 69, Z= -282 | 
[2023-08-24 10:26:03] [world] The Player <Enderlava> has picked 2 of BEEF at X= -43, Y= 69, Z= -281 | 
[2023-08-24 10:26:04] [world] The Player <Enderlava> has picked 9 of BEEF at X= -44, Y= 69, Z= -282 | 
[2023-08-24 10:26:06] [world] The Player <Enderlava> has picked 3 of BEEF at X= -44, Y= 68, Z= -280 | 
[2023-08-24 10:26:07] [world] The Player <Enderlava> has picked 1 of LEATHER at X= -43, Y= 68, Z= -283 | 
[2023-08-24 10:26:07] [world] The Player <Enderlava> has picked 3 of LEATHER at X= -43, Y= 68, Z= -280 | 
[2023-08-24 10:26:08] [world] The Player <Enderlava> has picked 3 of BEEF at X= -43, Y= 69, Z= -281 | 
[2023-08-24 10:26:08] [world] The Player <Enderlava> has picked 3 of BEEF at X= -43, Y= 69, Z= -281 | 
[2023-08-24 10:26:08] [world] The Player <Enderlava> has picked 3 of BEEF at X= -44, Y= 69, Z= -281 | 
[2023-08-24 10:26:08] [world] The Player <Enderlava> has picked 3 of BEEF at X= -43, Y= 69, Z= -281 | 
[2023-08-24 10:26:09] [world] The Player <Enderlava> has picked 13 of BEEF at X= -44, Y= 69, Z= -280 | 
[2023-08-24 10:26:10] [world] The Player <Enderlava> has picked 15 of BEEF at X= -44, Y= 69, Z= -281 | 
[2023-08-24 10:26:10] [world] The Player <Enderlava> has picked 3 of BEEF at X= -43, Y= 69, Z= -280 | 
[2023-08-24 10:26:10] [world] The Player <Enderlava> has picked 1 of LEATHER at X= -44, Y= 69, Z= -280 | 
[2023-08-24 10:26:10] [world] The Player <Enderlava> has picked 3 of BEEF at X= -44, Y= 69, Z= -280 | 
[2023-08-24 10:26:10] [world] The Player <Enderlava> has picked 1 of LEATHER at X= -44, Y= 69, Z= -280 | 
[2023-08-24 10:26:11] [world] The Player <Enderlava> has picked 3 of BEEF at X= -44, Y= 69, Z= -280 | 
[2023-08-24 10:26:11] [world] The Player <Enderlava> has picked 1 of LEATHER at X= -43, Y= 69, Z= -280 | 
[2023-08-24 10:26:11] [world] The Player <Enderlava> has picked 3 of BEEF at X= -43, Y= 69, Z= -280 | 
[2023-08-24 10:26:11] [world] The Player <Enderlava> has picked 3 of BEEF at X= -43, Y= 69, Z= -281 | 
[2023-08-24 10:26:11] [world] The Player <Enderlava> has picked 1 of LEATHER at X= -43, Y= 69, Z= -281 | 
[2023-08-24 10:26:12] [world] The Player <Enderlava> has picked 4 of LEATHER at X= -43, Y= 68, Z= -282 | 
[2023-08-24 10:26:13] [world] The Player <Enderlava> has picked 12 of BEEF at X= -44, Y= 69, Z= -283 | 
[2023-08-24 10:26:13] [world] The Player <Enderlava> has picked 2 of BEEF at X= -44, Y= 69, Z= -283 | 
[2023-08-24 10:26:13] [world] The Player <Enderlava> has picked 6 of LEATHER at X= -44, Y= 69, Z= -283 | 
[2023-08-24 10:26:16] [world] The Player <Enderlava> has picked 3 of BEEF at X= -43, Y= 68, Z= -282 | 
[2023-08-24 10:26:17] [world] The Player <Enderlava> has picked 16 of BEEF at X= -43, Y= 68, Z= -280 | 
[2023-08-24 10:26:17] [world] The Player <Enderlava> has picked 9 of BEEF at X= -43, Y= 68, Z= -282 | 
[2023-08-24 10:26:18] [world] The Player <Enderlava> has picked 6 of BEEF at X= -44, Y= 69, Z= -282 | 
[2023-08-24 10:26:19] [world] The Player <Enderlava> has picked 3 of BEEF at X= -44, Y= 69, Z= -280 | 
[2023-08-24 10:26:19] [world] The Player <Enderlava> has picked 1 of LEATHER at X= -43, Y= 69, Z= -280 | 
[2023-08-24 10:26:19] [world] The Player <Enderlava> has picked 3 of BEEF at X= -44, Y= 69, Z= -280 | 
[2023-08-24 10:26:19] [world] The Player <Enderlava> has picked 1 of LEATHER at X= -44, Y= 69, Z= -280 | 
[2023-08-24 10:26:19] [world] The Player <Enderlava> has picked 1 of BEEF at X= -44, Y= 69, Z= -280 | 
[2023-08-24 10:26:19] [world] The Player <Enderlava> has picked 1 of BEEF at X= -45, Y= 69, Z= -280 | 
[2023-08-24 10:26:23] [world] The Player <Enderlava> has picked 4 of LEATHER at X= -45, Y= 69, Z= -281 | 
[2023-08-24 10:26:23] [world] The Player <Enderlava> has picked 9 of BEEF at X= -43, Y= 69, Z= -280 | 
[2023-08-24 10:26:24] [world] The Player <Enderlava> has picked 2 of BEEF at X= -43, Y= 70, Z= -280 | 
[2023-08-24 10:26:25] [world] The Player <Enderlava> has picked 4 of LEATHER at X= -45, Y= 69, Z= -280 | 
[2023-08-24 10:26:26] [world] The Player <Enderlava> has picked 6 of BEEF at X= -44, Y= 69, Z= -281 | 
[2023-08-24 10:26:28] [world] The Player <Enderlava> has picked 5 of LEATHER at X= -43, Y= 68, Z= -280 | 
[2023-08-24 10:26:28] [world] The Player <Enderlava> has picked 1 of LEATHER at X= -43, Y= 68, Z= -283 | 
[2023-08-24 10:26:34] [world] The Player <Enderlava> has picked 7 of BEEF at X= -45, Y= 68, Z= -280 | 
[2023-08-24 10:29:02] [world] The Player <Enderlava> has picked 1 of NETHER_STAR at X= 38, Y= 71, Z= -248 | 
[2023-08-24 10:29:34] [world] The Player <Enderlava> has picked 1 of NETHER_STAR at X= 42, Y= 72, Z= -250 | 
[2023-08-24 10:30:48] [world] The Player <Enderlava> has picked 1 of PHANTOM_MEMBRANE at X= 33, Y= 71, Z= -240 | 
[2023-08-24 10:30:49] [world] The Player <Enderlava> has picked 1 of PHANTOM_MEMBRANE at X= 37, Y= 71, Z= -238 | 
[2023-08-24 10:33:18] [world] The Player <Enderlava> has picked 1 of PHANTOM_MEMBRANE at X= 40, Y= 71, Z= -232 | 
[2023-08-24 10:34:10] [world] The Player <Enderlava> has picked 5 of PHANTOM_MEMBRANE at X= 38, Y= 71, Z= -237 | 
[2023-08-24 10:34:27] [world] The Player <Enderlava> has picked 5 of PHANTOM_MEMBRANE at X= 34, Y= 72, Z= -264 | 
[2023-08-24 10:34:42] [world] The Player <Enderlava> has picked 1 of TERRACOTTA at X= 35, Y= 71, Z= -261 | 
[2023-08-24 10:34:42] [world] The Player <Enderlava> has picked 4 of CLAY_BALL at X= 35, Y= 71, Z= -262 | 
[2023-08-24 10:42:06] [world] The Player <Enderlava> has picked 1 of SALMON at X= -9, Y= 62, Z= 59 | 
