[2023-07-20 10:38:04] [world] [48835002-b378-4798-b2e4-aa5890f9b262] The Player <wqe123420> has primed a TNT at X= 81, Y= -28, Z= -216
[2023-07-20 10:38:05] [world] [48835002-b378-4798-b2e4-aa5890f9b262] The Player <wqe123420> has primed a TNT at X= 78, Y= -28, Z= -216
[2023-07-20 10:38:06] [world] [48835002-b378-4798-b2e4-aa5890f9b262] The Player <wqe123420> has primed a TNT at X= 89, Y= -28, Z= -216
[2023-07-20 11:23:50] [world] [48835002-b378-4798-b2e4-aa5890f9b262] The Player <wqe123420> has primed a TNT at X= -3104, Y= 63, Z= 4455
[2023-07-20 11:24:35] [world] [48835002-b378-4798-b2e4-aa5890f9b262] The Player <wqe123420> has primed a TNT at X= -3097, Y= 63, Z= 4452
[2023-07-20 11:24:36] [world] [48835002-b378-4798-b2e4-aa5890f9b262] The Player <wqe123420> has primed a TNT at X= -3097, Y= 62, Z= 4449
[2023-07-20 11:24:36] [world] [48835002-b378-4798-b2e4-aa5890f9b262] The Player <wqe123420> has primed a TNT at X= -3099, Y= 59, Z= 4447
[2023-07-20 11:24:43] [world] [48835002-b378-4798-b2e4-aa5890f9b262] The Player <wqe123420> has primed a TNT at X= -3103, Y= 63, Z= 4443
[2023-07-20 11:24:44] [world] [48835002-b378-4798-b2e4-aa5890f9b262] The Player <wqe123420> has primed a TNT at X= -3106, Y= 63, Z= 4442
[2023-07-20 11:24:44] [world] [48835002-b378-4798-b2e4-aa5890f9b262] The Player <wqe123420> has primed a TNT at X= -3100, Y= 61, Z= 4444
[2023-07-20 11:24:45] [world] [48835002-b378-4798-b2e4-aa5890f9b262] The Player <wqe123420> has primed a TNT at X= -3109, Y= 63, Z= 4441
[2023-07-20 11:24:47] [world] [48835002-b378-4798-b2e4-aa5890f9b262] The Player <wqe123420> has primed a TNT at X= -3112, Y= 63, Z= 4440
[2023-07-20 11:24:48] [world] [48835002-b378-4798-b2e4-aa5890f9b262] The Player <wqe123420> has primed a TNT at X= -3118, Y= 63, Z= 4442
[2023-07-20 11:24:48] [world] [48835002-b378-4798-b2e4-aa5890f9b262] The Player <wqe123420> has primed a TNT at X= -3122, Y= 63, Z= 4441
[2023-07-20 11:24:49] [world] [48835002-b378-4798-b2e4-aa5890f9b262] The Player <wqe123420> has primed a TNT at X= -3119, Y= 63, Z= 4436
[2023-07-20 11:24:49] [world] [48835002-b378-4798-b2e4-aa5890f9b262] The Player <wqe123420> has primed a TNT at X= -3115, Y= 61, Z= 4442
[2023-07-20 11:25:29] [world] [48835002-b378-4798-b2e4-aa5890f9b262] The Player <wqe123420> has primed a TNT at X= -3114, Y= 63, Z= 4428
[2023-07-20 11:25:30] [world] [48835002-b378-4798-b2e4-aa5890f9b262] The Player <wqe123420> has primed a TNT at X= -3111, Y= 63, Z= 4426
[2023-07-20 11:25:30] [world] [48835002-b378-4798-b2e4-aa5890f9b262] The Player <wqe123420> has primed a TNT at X= -3107, Y= 63, Z= 4425
[2023-07-20 11:25:31] [world] [48835002-b378-4798-b2e4-aa5890f9b262] The Player <wqe123420> has primed a TNT at X= -3105, Y= 61, Z= 4423
[2023-07-20 11:28:01] [world] [48835002-b378-4798-b2e4-aa5890f9b262] The Player <wqe123420> has primed a TNT at X= -3086, Y= 63, Z= 4413
[2023-07-20 11:28:02] [world] [48835002-b378-4798-b2e4-aa5890f9b262] The Player <wqe123420> has primed a TNT at X= -3091, Y= 63, Z= 4410
[2023-07-20 11:28:03] [world] [48835002-b378-4798-b2e4-aa5890f9b262] The Player <wqe123420> has primed a TNT at X= -3094, Y= 63, Z= 4405
[2023-07-20 11:28:03] [world] [48835002-b378-4798-b2e4-aa5890f9b262] The Player <wqe123420> has primed a TNT at X= -3092, Y= 61, Z= 4407
[2023-07-20 11:28:03] [world] [48835002-b378-4798-b2e4-aa5890f9b262] The Player <wqe123420> has primed a TNT at X= -3095, Y= 63, Z= 4413
[2023-07-20 11:28:03] [world] [48835002-b378-4798-b2e4-aa5890f9b262] The Player <wqe123420> has primed a TNT at X= -3095, Y= 61, Z= 4412
[2023-07-20 11:28:04] [world] [48835002-b378-4798-b2e4-aa5890f9b262] The Player <wqe123420> has primed a TNT at X= -3100, Y= 63, Z= 4418
[2023-07-20 11:28:04] [world] [48835002-b378-4798-b2e4-aa5890f9b262] The Player <wqe123420> has primed a TNT at X= -3101, Y= 63, Z= 4413
[2023-07-20 11:28:04] [world] [48835002-b378-4798-b2e4-aa5890f9b262] The Player <wqe123420> has primed a TNT at X= -3099, Y= 63, Z= 4405
[2023-07-20 11:28:04] [world] [48835002-b378-4798-b2e4-aa5890f9b262] The Player <wqe123420> has primed a TNT at X= -3099, Y= 63, Z= 4402
[2023-07-20 11:28:04] [world] [48835002-b378-4798-b2e4-aa5890f9b262] The Player <wqe123420> has primed a TNT at X= -3097, Y= 64, Z= 4424
[2023-07-20 11:28:04] [world] [48835002-b378-4798-b2e4-aa5890f9b262] The Player <wqe123420> has primed a TNT at X= -3100, Y= 62, Z= 4417
[2023-07-20 11:28:05] [world] [48835002-b378-4798-b2e4-aa5890f9b262] The Player <wqe123420> has primed a TNT at X= -3108, Y= 63, Z= 4415
[2023-07-20 11:28:05] [world] [48835002-b378-4798-b2e4-aa5890f9b262] The Player <wqe123420> has primed a TNT at X= -3104, Y= 63, Z= 4410
[2023-07-20 11:28:05] [world] [48835002-b378-4798-b2e4-aa5890f9b262] The Player <wqe123420> has primed a TNT at X= -3114, Y= 63, Z= 4416
[2023-07-20 11:28:06] [world] [48835002-b378-4798-b2e4-aa5890f9b262] The Player <wqe123420> has primed a TNT at X= -3106, Y= 62, Z= 4409
[2023-07-20 11:28:06] [world] [48835002-b378-4798-b2e4-aa5890f9b262] The Player <wqe123420> has primed a TNT at X= -3111, Y= 61, Z= 4415
[2023-07-20 11:28:06] [world] [48835002-b378-4798-b2e4-aa5890f9b262] The Player <wqe123420> has primed a TNT at X= -3103, Y= 60, Z= 4405
[2023-07-20 11:59:16] [world] [48835002-b378-4798-b2e4-aa5890f9b262] The Player <wqe123420> has primed a TNT at X= -3128, Y= 64, Z= 4428
[2023-07-20 11:59:17] [world] [48835002-b378-4798-b2e4-aa5890f9b262] The Player <wqe123420> has primed a TNT at X= -3125, Y= 64, Z= 4424
[2023-07-20 11:59:17] [world] [48835002-b378-4798-b2e4-aa5890f9b262] The Player <wqe123420> has primed a TNT at X= -3132, Y= 64, Z= 4426
[2023-07-20 11:59:17] [world] [48835002-b378-4798-b2e4-aa5890f9b262] The Player <wqe123420> has primed a TNT at X= -3129, Y= 61, Z= 4427
[2023-07-20 11:59:18] [world] [48835002-b378-4798-b2e4-aa5890f9b262] The Player <wqe123420> has primed a TNT at X= -3125, Y= 64, Z= 4419
[2023-07-20 11:59:18] [world] [48835002-b378-4798-b2e4-aa5890f9b262] The Player <wqe123420> has primed a TNT at X= -3135, Y= 63, Z= 4423
[2023-07-20 11:59:19] [world] [48835002-b378-4798-b2e4-aa5890f9b262] The Player <wqe123420> has primed a TNT at X= -3138, Y= 62, Z= 4421
[2023-07-20 11:59:19] [world] [48835002-b378-4798-b2e4-aa5890f9b262] The Player <wqe123420> has primed a TNT at X= -3126, Y= 64, Z= 4416
[2023-07-20 11:59:21] [world] [48835002-b378-4798-b2e4-aa5890f9b262] The Player <wqe123420> has primed a TNT at X= -3127, Y= 62, Z= 4413
[2023-07-20 11:59:22] [world] [48835002-b378-4798-b2e4-aa5890f9b262] The Player <wqe123420> has primed a TNT at X= -3128, Y= 61, Z= 4410
[2023-07-20 11:59:54] [world] [48835002-b378-4798-b2e4-aa5890f9b262] The Player <wqe123420> has primed a TNT at X= -3140, Y= 64, Z= 4418
[2023-07-20 11:59:55] [world] [48835002-b378-4798-b2e4-aa5890f9b262] The Player <wqe123420> has primed a TNT at X= -3143, Y= 64, Z= 4415
[2023-07-20 11:59:55] [world] [48835002-b378-4798-b2e4-aa5890f9b262] The Player <wqe123420> has primed a TNT at X= -3145, Y= 64, Z= 4411
[2023-07-20 12:00:15] [world] [48835002-b378-4798-b2e4-aa5890f9b262] The Player <wqe123420> has primed a TNT at X= -3146, Y= 64, Z= 4405
[2023-07-20 12:00:32] [world] [48835002-b378-4798-b2e4-aa5890f9b262] The Player <wqe123420> has primed a TNT at X= -3140, Y= 64, Z= 4404
[2023-07-20 12:00:33] [world] [48835002-b378-4798-b2e4-aa5890f9b262] The Player <wqe123420> has primed a TNT at X= -3135, Y= 64, Z= 4404
[2023-07-20 12:00:34] [world] [48835002-b378-4798-b2e4-aa5890f9b262] The Player <wqe123420> has primed a TNT at X= -3131, Y= 64, Z= 4402
[2023-07-20 12:00:47] [world] [48835002-b378-4798-b2e4-aa5890f9b262] The Player <wqe123420> has primed a TNT at X= -3125, Y= 63, Z= 4402
[2023-07-20 12:01:41] [world] [48835002-b378-4798-b2e4-aa5890f9b262] The Player <wqe123420> has primed a TNT at X= -3117, Y= 63, Z= 4403
[2023-07-20 12:01:41] [world] [48835002-b378-4798-b2e4-aa5890f9b262] The Player <wqe123420> has primed a TNT at X= -3119, Y= 63, Z= 4402
[2023-07-20 12:01:42] [world] [48835002-b378-4798-b2e4-aa5890f9b262] The Player <wqe123420> has primed a TNT at X= -3115, Y= 63, Z= 4408
[2023-07-20 12:01:43] [world] [48835002-b378-4798-b2e4-aa5890f9b262] The Player <wqe123420> has primed a TNT at X= -3113, Y= 62, Z= 4410
[2023-07-20 12:01:56] [world] [48835002-b378-4798-b2e4-aa5890f9b262] The Player <wqe123420> has primed a TNT at X= -3122, Y= 63, Z= 4408
[2023-07-20 12:01:58] [world] [48835002-b378-4798-b2e4-aa5890f9b262] The Player <wqe123420> has primed a TNT at X= -3118, Y= 62, Z= 4398
[2023-07-20 12:16:16] [world] [48835002-b378-4798-b2e4-aa5890f9b262] The Player <wqe123420> has primed a TNT at X= -3103, Y= 63, Z= 4431
[2023-07-20 12:18:38] [world] [48835002-b378-4798-b2e4-aa5890f9b262] The Player <wqe123420> has primed a TNT at X= -3083, Y= 63, Z= 4407
[2023-07-20 12:18:39] [world] [48835002-b378-4798-b2e4-aa5890f9b262] The Player <wqe123420> has primed a TNT at X= -3085, Y= 63, Z= 4403
[2023-07-20 12:18:39] [world] [48835002-b378-4798-b2e4-aa5890f9b262] The Player <wqe123420> has primed a TNT at X= -3084, Y= 60, Z= 4405
[2023-07-20 12:18:40] [world] [48835002-b378-4798-b2e4-aa5890f9b262] The Player <wqe123420> has primed a TNT at X= -3088, Y= 63, Z= 4400
[2023-07-20 12:18:40] [world] [48835002-b378-4798-b2e4-aa5890f9b262] The Player <wqe123420> has primed a TNT at X= -3091, Y= 62, Z= 4398
[2023-07-20 12:18:41] [world] [48835002-b378-4798-b2e4-aa5890f9b262] The Player <wqe123420> has primed a TNT at X= -3091, Y= 68, Z= 4400
[2023-07-20 12:18:41] [world] [48835002-b378-4798-b2e4-aa5890f9b262] The Player <wqe123420> has primed a TNT at X= -3093, Y= 61, Z= 4398
[2023-07-20 12:18:45] [world] [48835002-b378-4798-b2e4-aa5890f9b262] The Player <wqe123420> has primed a TNT at X= -3088, Y= 63, Z= 4424
[2023-07-20 12:18:57] [world] [48835002-b378-4798-b2e4-aa5890f9b262] The Player <wqe123420> has primed a TNT at X= -3045, Y= 63, Z= 4421
[2023-07-20 12:18:58] [world] [48835002-b378-4798-b2e4-aa5890f9b262] The Player <wqe123420> has primed a TNT at X= -3048, Y= 63, Z= 4423
[2023-07-20 12:18:59] [world] [48835002-b378-4798-b2e4-aa5890f9b262] The Player <wqe123420> has primed a TNT at X= -3050, Y= 62, Z= 4426
[2023-07-20 12:19:11] [world] [48835002-b378-4798-b2e4-aa5890f9b262] The Player <wqe123420> has primed a TNT at X= -3072, Y= 63, Z= 4423
[2023-07-20 12:19:12] [world] [48835002-b378-4798-b2e4-aa5890f9b262] The Player <wqe123420> has primed a TNT at X= -3070, Y= 61, Z= 4421
[2023-07-20 12:19:17] [world] [48835002-b378-4798-b2e4-aa5890f9b262] The Player <wqe123420> has primed a TNT at X= -3110, Y= 63, Z= 4404
[2023-07-20 12:19:17] [world] [48835002-b378-4798-b2e4-aa5890f9b262] The Player <wqe123420> has primed a TNT at X= -3113, Y= 61, Z= 4405
[2023-07-20 12:19:18] [world] [48835002-b378-4798-b2e4-aa5890f9b262] The Player <wqe123420> has primed a TNT at X= -3113, Y= 62, Z= 4401
[2023-07-20 12:19:19] [world] [48835002-b378-4798-b2e4-aa5890f9b262] The Player <wqe123420> has primed a TNT at X= -3110, Y= 63, Z= 4433
[2023-07-20 12:19:21] [world] [48835002-b378-4798-b2e4-aa5890f9b262] The Player <wqe123420> has primed a TNT at X= -3114, Y= 63, Z= 4435
[2023-07-20 12:19:21] [world] [48835002-b378-4798-b2e4-aa5890f9b262] The Player <wqe123420> has primed a TNT at X= -3116, Y= 60, Z= 4435
[2023-07-20 12:19:24] [world] [48835002-b378-4798-b2e4-aa5890f9b262] The Player <wqe123420> has primed a TNT at X= -3112, Y= 61, Z= 4422
[2023-07-20 12:19:31] [world] [48835002-b378-4798-b2e4-aa5890f9b262] The Player <wqe123420> has primed a TNT at X= -3116, Y= 63, Z= 4421
[2023-07-20 12:19:35] [world] [48835002-b378-4798-b2e4-aa5890f9b262] The Player <wqe123420> has primed a TNT at X= -3119, Y= 63, Z= 4416
[2023-07-20 12:19:50] [world] [48835002-b378-4798-b2e4-aa5890f9b262] The Player <wqe123420> has primed a TNT at X= -3065, Y= 63, Z= 4422
[2023-07-20 12:19:52] [world] [48835002-b378-4798-b2e4-aa5890f9b262] The Player <wqe123420> has primed a TNT at X= -3059, Y= 63, Z= 4426
[2023-07-20 12:19:53] [world] [48835002-b378-4798-b2e4-aa5890f9b262] The Player <wqe123420> has primed a TNT at X= -3056, Y= 63, Z= 4426
[2023-07-20 12:23:32] [world] [48835002-b378-4798-b2e4-aa5890f9b262] The Player <wqe123420> has primed a TNT at X= -3126, Y= 64, Z= 4434
[2023-07-20 12:23:34] [world] [48835002-b378-4798-b2e4-aa5890f9b262] The Player <wqe123420> has primed a TNT at X= -3121, Y= 64, Z= 4429
[2023-07-20 12:24:19] [world] [48835002-b378-4798-b2e4-aa5890f9b262] The Player <wqe123420> has primed a TNT at X= -3118, Y= 62, Z= 4411
[2023-07-20 12:35:46] [world] [c044cd4d-b2f0-493d-9457-42ab7216df39] The Player <Funget114514> has primed a TNT at X= -3109, Y= 60, Z= 4433
[2023-07-20 12:36:35] [world] [c044cd4d-b2f0-493d-9457-42ab7216df39] The Player <Funget114514> has primed a TNT at X= -3121, Y= 60, Z= 4406
[2023-07-20 12:37:34] [world] [48835002-b378-4798-b2e4-aa5890f9b262] The Player <wqe123420> has primed a TNT at X= -3098, Y= 60, Z= 4427
[2023-07-20 12:38:25] [world] [c044cd4d-b2f0-493d-9457-42ab7216df39] The Player <Funget114514> has primed a TNT at X= -3102, Y= 61, Z= 4424
[2023-07-20 12:38:36] [world] [c044cd4d-b2f0-493d-9457-42ab7216df39] The Player <Funget114514> has primed a TNT at X= -3103, Y= 61, Z= 4434
[2023-07-20 12:38:51] [world] [c044cd4d-b2f0-493d-9457-42ab7216df39] The Player <Funget114514> has primed a TNT at X= -3096, Y= 63, Z= 4437
[2023-07-20 12:39:07] [world] [48835002-b378-4798-b2e4-aa5890f9b262] The Player <wqe123420> has primed a TNT at X= -3091, Y= 63, Z= 4446
[2023-07-20 12:39:08] [world] [48835002-b378-4798-b2e4-aa5890f9b262] The Player <wqe123420> has primed a TNT at X= -3093, Y= 60, Z= 4443
[2023-07-20 12:39:39] [world] [48835002-b378-4798-b2e4-aa5890f9b262] The Player <wqe123420> has primed a TNT at X= -3126, Y= 63, Z= 4464
[2023-07-20 12:39:40] [world] [48835002-b378-4798-b2e4-aa5890f9b262] The Player <wqe123420> has primed a TNT at X= -3124, Y= 63, Z= 4457
[2023-07-20 12:39:46] [world] [48835002-b378-4798-b2e4-aa5890f9b262] The Player <wqe123420> has primed a TNT at X= -3124, Y= 63, Z= 4446
[2023-07-20 12:39:46] [world] [c044cd4d-b2f0-493d-9457-42ab7216df39] The Player <Funget114514> has primed a TNT at X= -3109, Y= 63, Z= 4452
[2023-07-20 12:40:28] [world] [c044cd4d-b2f0-493d-9457-42ab7216df39] The Player <Funget114514> has primed a TNT at X= -3120, Y= 58, Z= 4443
[2023-07-20 12:40:53] [world] [c044cd4d-b2f0-493d-9457-42ab7216df39] The Player <Funget114514> has primed a TNT at X= -3121, Y= 59, Z= 4443
[2023-07-20 12:41:33] [world] [c044cd4d-b2f0-493d-9457-42ab7216df39] The Player <Funget114514> has primed a TNT at X= -3131, Y= 62, Z= 4457
[2023-07-20 12:43:20] [world] [c044cd4d-b2f0-493d-9457-42ab7216df39] The Player <Funget114514> has primed a TNT at X= -3135, Y= 55, Z= 4447
[2023-07-20 13:31:31] [world_nether] [48835002-b378-4798-b2e4-aa5890f9b262] The Player <wqe123420> has primed a TNT at X= 23, Y= 128, Z= -5
[2023-07-20 13:31:33] [world_nether] [48835002-b378-4798-b2e4-aa5890f9b262] The Player <wqe123420> has primed a TNT at X= 22, Y= 128, Z= -10
[2023-07-20 13:31:33] [world_nether] [48835002-b378-4798-b2e4-aa5890f9b262] The Player <wqe123420> has primed a TNT at X= 22, Y= 128, Z= -12
[2023-07-20 13:31:34] [world_nether] [48835002-b378-4798-b2e4-aa5890f9b262] The Player <wqe123420> has primed a TNT at X= 21, Y= 128, Z= -20
[2023-07-20 13:33:35] [world_nether] [48835002-b378-4798-b2e4-aa5890f9b262] The Player <wqe123420> has primed a TNT at X= 26, Y= 129, Z= -4
[2023-07-20 13:33:59] [world_nether] [48835002-b378-4798-b2e4-aa5890f9b262] The Player <wqe123420> has primed a TNT at X= 24, Y= 128, Z= -4
[2023-07-20 13:34:09] [world_nether] [48835002-b378-4798-b2e4-aa5890f9b262] The Player <wqe123420> has primed a TNT at X= 23, Y= 128, Z= -4
[2023-07-20 13:34:09] [world_nether] [48835002-b378-4798-b2e4-aa5890f9b262] The Player <wqe123420> has primed a TNT at X= 23, Y= 128, Z= -6
[2023-07-20 13:34:09] [world_nether] [48835002-b378-4798-b2e4-aa5890f9b262] The Player <wqe123420> has primed a TNT at X= 24, Y= 128, Z= -4
[2023-07-20 13:34:10] [world_nether] [48835002-b378-4798-b2e4-aa5890f9b262] The Player <wqe123420> has primed a TNT at X= 24, Y= 128, Z= 0
[2023-07-20 14:10:51] [world_the_end] [c044cd4d-b2f0-493d-9457-42ab7216df39] The Player <Funget114514> has primed a TNT at X= -9, Y= 56, Z= 1
[2023-07-20 14:10:51] [world_the_end] [c044cd4d-b2f0-493d-9457-42ab7216df39] The Player <Funget114514> has primed a TNT at X= -9, Y= 56, Z= 1
[2023-07-20 14:11:01] [world_the_end] [c044cd4d-b2f0-493d-9457-42ab7216df39] The Player <Funget114514> has primed a TNT at X= -9, Y= 57, Z= 0
[2023-07-20 14:11:02] [world_the_end] [c044cd4d-b2f0-493d-9457-42ab7216df39] The Player <Funget114514> has primed a TNT at X= -10, Y= 55, Z= 0
[2023-07-20 16:28:34] [world_nether] [48835002-b378-4798-b2e4-aa5890f9b262] The Player <wqe123420> has primed a TNT at X= -51, Y= 15, Z= -647
[2023-07-20 16:28:35] [world_nether] [48835002-b378-4798-b2e4-aa5890f9b262] The Player <wqe123420> has primed a TNT at X= -49, Y= 12, Z= -647
[2023-07-20 16:28:35] [world_nether] [48835002-b378-4798-b2e4-aa5890f9b262] The Player <wqe123420> has primed a TNT at X= -47, Y= 14, Z= -647
[2023-07-20 16:28:35] [world_nether] [48835002-b378-4798-b2e4-aa5890f9b262] The Player <wqe123420> has primed a TNT at X= -43, Y= 16, Z= -647
[2023-07-20 16:28:36] [world_nether] [48835002-b378-4798-b2e4-aa5890f9b262] The Player <wqe123420> has primed a TNT at X= -44, Y= 11, Z= -646
[2023-07-20 16:28:36] [world_nether] [48835002-b378-4798-b2e4-aa5890f9b262] The Player <wqe123420> has primed a TNT at X= -41, Y= 11, Z= -647
[2023-07-20 16:28:37] [world_nether] [48835002-b378-4798-b2e4-aa5890f9b262] The Player <wqe123420> has primed a TNT at X= -39, Y= 15, Z= -648
[2023-07-20 16:28:38] [world_nether] [48835002-b378-4798-b2e4-aa5890f9b262] The Player <wqe123420> has primed a TNT at X= -35, Y= 14, Z= -647
[2023-07-20 16:28:38] [world_nether] [48835002-b378-4798-b2e4-aa5890f9b262] The Player <wqe123420> has primed a TNT at X= -37, Y= 10, Z= -647
[2023-07-20 16:28:39] [world_nether] [48835002-b378-4798-b2e4-aa5890f9b262] The Player <wqe123420> has primed a TNT at X= -32, Y= 11, Z= -647
[2023-07-20 16:28:39] [world_nether] [48835002-b378-4798-b2e4-aa5890f9b262] The Player <wqe123420> has primed a TNT at X= -31, Y= 14, Z= -647
[2023-07-20 16:28:39] [world_nether] [48835002-b378-4798-b2e4-aa5890f9b262] The Player <wqe123420> has primed a TNT at X= -27, Y= 14, Z= -647
[2023-07-20 16:28:40] [world_nether] [48835002-b378-4798-b2e4-aa5890f9b262] The Player <wqe123420> has primed a TNT at X= -36, Y= 11, Z= -646
[2023-07-20 16:28:40] [world_nether] [48835002-b378-4798-b2e4-aa5890f9b262] The Player <wqe123420> has primed a TNT at X= -23, Y= 15, Z= -647
[2023-07-20 16:28:41] [world_nether] [48835002-b378-4798-b2e4-aa5890f9b262] The Player <wqe123420> has primed a TNT at X= -33, Y= 7, Z= -647
[2023-07-20 16:28:41] [world_nether] [48835002-b378-4798-b2e4-aa5890f9b262] The Player <wqe123420> has primed a TNT at X= -21, Y= 13, Z= -647
[2023-07-20 16:28:41] [world_nether] [48835002-b378-4798-b2e4-aa5890f9b262] The Player <wqe123420> has primed a TNT at X= -18, Y= 15, Z= -647
[2023-07-20 16:28:41] [world_nether] [48835002-b378-4798-b2e4-aa5890f9b262] The Player <wqe123420> has primed a TNT at X= -15, Y= 15, Z= -647
[2023-07-20 16:28:42] [world_nether] [48835002-b378-4798-b2e4-aa5890f9b262] The Player <wqe123420> has primed a TNT at X= -15, Y= 12, Z= -646
[2023-07-20 16:28:42] [world_nether] [48835002-b378-4798-b2e4-aa5890f9b262] The Player <wqe123420> has primed a TNT at X= -11, Y= 14, Z= -649
[2023-07-20 16:28:42] [world_nether] [48835002-b378-4798-b2e4-aa5890f9b262] The Player <wqe123420> has primed a TNT at X= -9, Y= 14, Z= -647
[2023-07-20 16:28:42] [world_nether] [48835002-b378-4798-b2e4-aa5890f9b262] The Player <wqe123420> has primed a TNT at X= -9, Y= 16, Z= -644
[2023-07-20 16:28:43] [world_nether] [48835002-b378-4798-b2e4-aa5890f9b262] The Player <wqe123420> has primed a TNT at X= -5, Y= 14, Z= -649
[2023-07-20 16:28:43] [world_nether] [48835002-b378-4798-b2e4-aa5890f9b262] The Player <wqe123420> has primed a TNT at X= -2, Y= 14, Z= -647
[2023-07-20 16:28:43] [world_nether] [48835002-b378-4798-b2e4-aa5890f9b262] The Player <wqe123420> has primed a TNT at X= -6, Y= 15, Z= -649
[2023-07-20 16:28:44] [world_nether] [48835002-b378-4798-b2e4-aa5890f9b262] The Player <wqe123420> has primed a TNT at X= 3, Y= 15, Z= -647
[2023-07-20 16:28:44] [world_nether] [48835002-b378-4798-b2e4-aa5890f9b262] The Player <wqe123420> has primed a TNT at X= 1, Y= 13, Z= -647
[2023-07-20 16:28:44] [world_nether] [48835002-b378-4798-b2e4-aa5890f9b262] The Player <wqe123420> has primed a TNT at X= 3, Y= 13, Z= -643
[2023-07-20 16:28:44] [world_nether] [48835002-b378-4798-b2e4-aa5890f9b262] The Player <wqe123420> has primed a TNT at X= 8, Y= 15, Z= -647
[2023-07-20 16:28:44] [world_nether] [48835002-b378-4798-b2e4-aa5890f9b262] The Player <wqe123420> has primed a TNT at X= 7, Y= 15, Z= -648
[2023-07-20 16:28:45] [world_nether] [48835002-b378-4798-b2e4-aa5890f9b262] The Player <wqe123420> has primed a TNT at X= 11, Y= 13, Z= -646
[2023-07-20 16:28:45] [world_nether] [48835002-b378-4798-b2e4-aa5890f9b262] The Player <wqe123420> has primed a TNT at X= 14, Y= 14, Z= -649
[2023-07-20 16:28:46] [world_nether] [48835002-b378-4798-b2e4-aa5890f9b262] The Player <wqe123420> has primed a TNT at X= 12, Y= 14, Z= -643
[2023-07-20 16:28:46] [world_nether] [48835002-b378-4798-b2e4-aa5890f9b262] The Player <wqe123420> has primed a TNT at X= 15, Y= 14, Z= -647
[2023-07-20 16:28:46] [world_nether] [48835002-b378-4798-b2e4-aa5890f9b262] The Player <wqe123420> has primed a TNT at X= 19, Y= 15, Z= -647
[2023-07-20 16:28:47] [world_nether] [48835002-b378-4798-b2e4-aa5890f9b262] The Player <wqe123420> has primed a TNT at X= 21, Y= 14, Z= -647
[2023-07-20 16:28:47] [world_nether] [48835002-b378-4798-b2e4-aa5890f9b262] The Player <wqe123420> has primed a TNT at X= 24, Y= 15, Z= -647
[2023-07-20 16:28:47] [world_nether] [48835002-b378-4798-b2e4-aa5890f9b262] The Player <wqe123420> has primed a TNT at X= 19, Y= 11, Z= -650
[2023-07-20 16:28:48] [world_nether] [48835002-b378-4798-b2e4-aa5890f9b262] The Player <wqe123420> has primed a TNT at X= 28, Y= 14, Z= -648
[2023-07-20 16:28:48] [world_nether] [48835002-b378-4798-b2e4-aa5890f9b262] The Player <wqe123420> has primed a TNT at X= 28, Y= 10, Z= -646
[2023-07-20 16:28:48] [world_nether] [48835002-b378-4798-b2e4-aa5890f9b262] The Player <wqe123420> has primed a TNT at X= 30, Y= 13, Z= -647
[2023-07-20 16:28:49] [world_nether] [48835002-b378-4798-b2e4-aa5890f9b262] The Player <wqe123420> has primed a TNT at X= 34, Y= 13, Z= -647
[2023-07-20 16:28:49] [world_nether] [48835002-b378-4798-b2e4-aa5890f9b262] The Player <wqe123420> has primed a TNT at X= 25, Y= 8, Z= -649
[2023-07-20 16:28:49] [world_nether] [48835002-b378-4798-b2e4-aa5890f9b262] The Player <wqe123420> has primed a TNT at X= 38, Y= 15, Z= -647
[2023-07-20 16:28:50] [world_nether] [48835002-b378-4798-b2e4-aa5890f9b262] The Player <wqe123420> has primed a TNT at X= 33, Y= 11, Z= -646
[2023-07-20 16:28:50] [world_nether] [48835002-b378-4798-b2e4-aa5890f9b262] The Player <wqe123420> has primed a TNT at X= 44, Y= 15, Z= -647
[2023-07-20 16:28:50] [world_nether] [48835002-b378-4798-b2e4-aa5890f9b262] The Player <wqe123420> has primed a TNT at X= 41, Y= 13, Z= -647
[2023-07-20 16:28:51] [world_nether] [48835002-b378-4798-b2e4-aa5890f9b262] The Player <wqe123420> has primed a TNT at X= 47, Y= 16, Z= -647
[2023-07-20 16:28:51] [world_nether] [48835002-b378-4798-b2e4-aa5890f9b262] The Player <wqe123420> has primed a TNT at X= 48, Y= 14, Z= -643
[2023-07-20 16:28:51] [world_nether] [48835002-b378-4798-b2e4-aa5890f9b262] The Player <wqe123420> has primed a TNT at X= 47, Y= 11, Z= -651
[2023-07-20 16:31:51] [world_nether] [48835002-b378-4798-b2e4-aa5890f9b262] The Player <wqe123420> has primed a TNT at X= 16, Y= 15, Z= -667
[2023-07-20 16:31:52] [world_nether] [48835002-b378-4798-b2e4-aa5890f9b262] The Player <wqe123420> has primed a TNT at X= 16, Y= 13, Z= -670
[2023-07-20 16:31:53] [world_nether] [48835002-b378-4798-b2e4-aa5890f9b262] The Player <wqe123420> has primed a TNT at X= 16, Y= 14, Z= -672
[2023-07-20 16:31:53] [world_nether] [48835002-b378-4798-b2e4-aa5890f9b262] The Player <wqe123420> has primed a TNT at X= 16, Y= 15, Z= -676
[2023-07-20 16:31:54] [world_nether] [48835002-b378-4798-b2e4-aa5890f9b262] The Player <wqe123420> has primed a TNT at X= 17, Y= 9, Z= -671
[2023-07-20 16:31:54] [world_nether] [48835002-b378-4798-b2e4-aa5890f9b262] The Player <wqe123420> has primed a TNT at X= 16, Y= 12, Z= -678
[2023-07-20 16:31:54] [world_nether] [48835002-b378-4798-b2e4-aa5890f9b262] The Player <wqe123420> has primed a TNT at X= 16, Y= 15, Z= -682
[2023-07-20 16:31:55] [world_nether] [48835002-b378-4798-b2e4-aa5890f9b262] The Player <wqe123420> has primed a TNT at X= 16, Y= 16, Z= -678
[2023-07-20 16:31:56] [world_nether] [48835002-b378-4798-b2e4-aa5890f9b262] The Player <wqe123420> has primed a TNT at X= 16, Y= 13, Z= -685
[2023-07-20 16:31:56] [world_nether] [48835002-b378-4798-b2e4-aa5890f9b262] The Player <wqe123420> has primed a TNT at X= 15, Y= 16, Z= -687
[2023-07-20 16:31:56] [world_nether] [48835002-b378-4798-b2e4-aa5890f9b262] The Player <wqe123420> has primed a TNT at X= 18, Y= 12, Z= -690
[2023-07-20 16:31:57] [world_nether] [48835002-b378-4798-b2e4-aa5890f9b262] The Player <wqe123420> has primed a TNT at X= 16, Y= 12, Z= -692
[2023-07-20 16:31:57] [world_nether] [48835002-b378-4798-b2e4-aa5890f9b262] The Player <wqe123420> has primed a TNT at X= 14, Y= 15, Z= -691
[2023-07-20 16:31:57] [world_nether] [48835002-b378-4798-b2e4-aa5890f9b262] The Player <wqe123420> has primed a TNT at X= 17, Y= 14, Z= -695
[2023-07-20 16:31:58] [world_nether] [48835002-b378-4798-b2e4-aa5890f9b262] The Player <wqe123420> has primed a TNT at X= 15, Y= 14, Z= -697
[2023-07-20 16:31:58] [world_nether] [48835002-b378-4798-b2e4-aa5890f9b262] The Player <wqe123420> has primed a TNT at X= 17, Y= 16, Z= -700
[2023-07-20 16:31:59] [world_nether] [48835002-b378-4798-b2e4-aa5890f9b262] The Player <wqe123420> has primed a TNT at X= 14, Y= 13, Z= -703
[2023-07-20 16:31:59] [world_nether] [48835002-b378-4798-b2e4-aa5890f9b262] The Player <wqe123420> has primed a TNT at X= 16, Y= 15, Z= -704
[2023-07-20 16:31:59] [world_nether] [48835002-b378-4798-b2e4-aa5890f9b262] The Player <wqe123420> has primed a TNT at X= 12, Y= 10, Z= -697
[2023-07-20 16:31:59] [world_nether] [48835002-b378-4798-b2e4-aa5890f9b262] The Player <wqe123420> has primed a TNT at X= 21, Y= 13, Z= -697
[2023-07-20 16:32:00] [world_nether] [48835002-b378-4798-b2e4-aa5890f9b262] The Player <wqe123420> has primed a TNT at X= 16, Y= 15, Z= -708
[2023-07-20 16:32:00] [world_nether] [48835002-b378-4798-b2e4-aa5890f9b262] The Player <wqe123420> has primed a TNT at X= 16, Y= 14, Z= -706
[2023-07-20 16:32:00] [world_nether] [48835002-b378-4798-b2e4-aa5890f9b262] The Player <wqe123420> has primed a TNT at X= 16, Y= 15, Z= -712
[2023-07-20 16:32:01] [world_nether] [48835002-b378-4798-b2e4-aa5890f9b262] The Player <wqe123420> has primed a TNT at X= 12, Y= 16, Z= -712
[2023-07-20 16:32:01] [world_nether] [48835002-b378-4798-b2e4-aa5890f9b262] The Player <wqe123420> has primed a TNT at X= 18, Y= 14, Z= -715
[2023-07-20 16:32:02] [world_nether] [48835002-b378-4798-b2e4-aa5890f9b262] The Player <wqe123420> has primed a TNT at X= 16, Y= 15, Z= -717
[2023-07-20 16:32:03] [world_nether] [48835002-b378-4798-b2e4-aa5890f9b262] The Player <wqe123420> has primed a TNT at X= 16, Y= 15, Z= -721
[2023-07-20 16:32:03] [world_nether] [48835002-b378-4798-b2e4-aa5890f9b262] The Player <wqe123420> has primed a TNT at X= 16, Y= 12, Z= -717
[2023-07-20 16:32:04] [world_nether] [48835002-b378-4798-b2e4-aa5890f9b262] The Player <wqe123420> has primed a TNT at X= 16, Y= 14, Z= -725
[2023-07-20 16:32:04] [world_nether] [48835002-b378-4798-b2e4-aa5890f9b262] The Player <wqe123420> has primed a TNT at X= 16, Y= 16, Z= -726
[2023-07-20 16:32:04] [world_nether] [48835002-b378-4798-b2e4-aa5890f9b262] The Player <wqe123420> has primed a TNT at X= 17, Y= 12, Z= -729
[2023-07-20 16:32:05] [world_nether] [48835002-b378-4798-b2e4-aa5890f9b262] The Player <wqe123420> has primed a TNT at X= 15, Y= 16, Z= -728
[2023-07-20 16:32:05] [world_nether] [48835002-b378-4798-b2e4-aa5890f9b262] The Player <wqe123420> has primed a TNT at X= 18, Y= 10, Z= -732
[2023-07-20 17:37:02] [world_nether] [48835002-b378-4798-b2e4-aa5890f9b262] The Player <wqe123420> has primed a TNT at X= 4, Y= 15, Z= -721
[2023-07-20 17:37:03] [world_nether] [48835002-b378-4798-b2e4-aa5890f9b262] The Player <wqe123420> has primed a TNT at X= 2, Y= 13, Z= -721
[2023-07-20 17:37:04] [world_nether] [48835002-b378-4798-b2e4-aa5890f9b262] The Player <wqe123420> has primed a TNT at X= -2, Y= 15, Z= -721
[2023-07-20 17:37:04] [world_nether] [48835002-b378-4798-b2e4-aa5890f9b262] The Player <wqe123420> has primed a TNT at X= -2, Y= 13, Z= -724
[2023-07-20 17:37:05] [world_nether] [48835002-b378-4798-b2e4-aa5890f9b262] The Player <wqe123420> has primed a TNT at X= -7, Y= 15, Z= -720
[2023-07-20 17:37:05] [world_nether] [48835002-b378-4798-b2e4-aa5890f9b262] The Player <wqe123420> has primed a TNT at X= -5, Y= 14, Z= -718
[2023-07-20 17:37:05] [world_nether] [48835002-b378-4798-b2e4-aa5890f9b262] The Player <wqe123420> has primed a TNT at X= -11, Y= 14, Z= -722
[2023-07-20 17:37:06] [world_nether] [48835002-b378-4798-b2e4-aa5890f9b262] The Player <wqe123420> has primed a TNT at X= -8, Y= 13, Z= -725
[2023-07-20 17:37:06] [world_nether] [48835002-b378-4798-b2e4-aa5890f9b262] The Player <wqe123420> has primed a TNT at X= -13, Y= 15, Z= -720
[2023-07-20 17:37:07] [world_nether] [48835002-b378-4798-b2e4-aa5890f9b262] The Player <wqe123420> has primed a TNT at X= -16, Y= 12, Z= -723
[2023-07-20 17:37:07] [world_nether] [48835002-b378-4798-b2e4-aa5890f9b262] The Player <wqe123420> has primed a TNT at X= -15, Y= 11, Z= -719
[2023-07-20 17:38:54] [world_nether] [48835002-b378-4798-b2e4-aa5890f9b262] The Player <wqe123420> has primed a TNT at X= -33, Y= 16, Z= -708
[2023-07-20 17:38:55] [world_nether] [48835002-b378-4798-b2e4-aa5890f9b262] The Player <wqe123420> has primed a TNT at X= -33, Y= 14, Z= -705
[2023-07-20 17:38:56] [world_nether] [48835002-b378-4798-b2e4-aa5890f9b262] The Player <wqe123420> has primed a TNT at X= -33, Y= 12, Z= -708
[2023-07-20 17:38:56] [world_nether] [48835002-b378-4798-b2e4-aa5890f9b262] The Player <wqe123420> has primed a TNT at X= -33, Y= 15, Z= -702
[2023-07-20 17:38:56] [world_nether] [48835002-b378-4798-b2e4-aa5890f9b262] The Player <wqe123420> has primed a TNT at X= -33, Y= 15, Z= -699
[2023-07-20 17:38:56] [world_nether] [48835002-b378-4798-b2e4-aa5890f9b262] The Player <wqe123420> has primed a TNT at X= -33, Y= 15, Z= -702
[2023-07-20 17:38:57] [world_nether] [48835002-b378-4798-b2e4-aa5890f9b262] The Player <wqe123420> has primed a TNT at X= -29, Y= 18, Z= -705
[2023-07-20 17:38:57] [world_nether] [48835002-b378-4798-b2e4-aa5890f9b262] The Player <wqe123420> has primed a TNT at X= -33, Y= 16, Z= -695
[2023-07-20 17:38:58] [world_nether] [48835002-b378-4798-b2e4-aa5890f9b262] The Player <wqe123420> has primed a TNT at X= -33, Y= 16, Z= -692
[2023-07-20 17:38:58] [world_nether] [48835002-b378-4798-b2e4-aa5890f9b262] The Player <wqe123420> has primed a TNT at X= -30, Y= 14, Z= -692
[2023-07-20 17:38:58] [world_nether] [48835002-b378-4798-b2e4-aa5890f9b262] The Player <wqe123420> has primed a TNT at X= -34, Y= 16, Z= -688
[2023-07-20 17:42:21] [world_nether] [48835002-b378-4798-b2e4-aa5890f9b262] The Player <wqe123420> has primed a TNT at X= -58, Y= 14, Z= -705
[2023-07-20 17:42:22] [world_nether] [48835002-b378-4798-b2e4-aa5890f9b262] The Player <wqe123420> has primed a TNT at X= -64, Y= 14, Z= -705
[2023-07-20 17:42:22] [world_nether] [48835002-b378-4798-b2e4-aa5890f9b262] The Player <wqe123420> has primed a TNT at X= -61, Y= 13, Z= -705
[2023-07-20 17:42:23] [world_nether] [48835002-b378-4798-b2e4-aa5890f9b262] The Player <wqe123420> has primed a TNT at X= -58, Y= 13, Z= -705
[2023-07-20 17:42:23] [world_nether] [48835002-b378-4798-b2e4-aa5890f9b262] The Player <wqe123420> has primed a TNT at X= -69, Y= 14, Z= -705
[2023-07-20 17:42:23] [world_nether] [48835002-b378-4798-b2e4-aa5890f9b262] The Player <wqe123420> has primed a TNT at X= -68, Y= 13, Z= -706
[2023-07-20 17:42:24] [world_nether] [48835002-b378-4798-b2e4-aa5890f9b262] The Player <wqe123420> has primed a TNT at X= -75, Y= 14, Z= -704
[2023-07-20 17:42:24] [world_nether] [48835002-b378-4798-b2e4-aa5890f9b262] The Player <wqe123420> has primed a TNT at X= -70, Y= 13, Z= -708
[2023-07-20 17:42:24] [world_nether] [48835002-b378-4798-b2e4-aa5890f9b262] The Player <wqe123420> has primed a TNT at X= -73, Y= 11, Z= -702
[2023-07-20 17:42:24] [world_nether] [48835002-b378-4798-b2e4-aa5890f9b262] The Player <wqe123420> has primed a TNT at X= -79, Y= 14, Z= -706
[2023-07-20 17:42:25] [world_nether] [48835002-b378-4798-b2e4-aa5890f9b262] The Player <wqe123420> has primed a TNT at X= -82, Y= 12, Z= -704
[2023-07-20 17:42:25] [world_nether] [48835002-b378-4798-b2e4-aa5890f9b262] The Player <wqe123420> has primed a TNT at X= -80, Y= 9, Z= -705
[2023-07-20 17:42:26] [world_nether] [48835002-b378-4798-b2e4-aa5890f9b262] The Player <wqe123420> has primed a TNT at X= -85, Y= 14, Z= -705
[2023-07-20 17:42:26] [world_nether] [48835002-b378-4798-b2e4-aa5890f9b262] The Player <wqe123420> has primed a TNT at X= -81, Y= 12, Z= -708
[2023-07-20 17:42:26] [world_nether] [48835002-b378-4798-b2e4-aa5890f9b262] The Player <wqe123420> has primed a TNT at X= -90, Y= 14, Z= -705
[2023-07-20 17:42:27] [world_nether] [48835002-b378-4798-b2e4-aa5890f9b262] The Player <wqe123420> has primed a TNT at X= -88, Y= 11, Z= -705
[2023-07-20 17:42:27] [world_nether] [48835002-b378-4798-b2e4-aa5890f9b262] The Player <wqe123420> has primed a TNT at X= -88, Y= 10, Z= -701
[2023-07-20 17:42:27] [world_nether] [48835002-b378-4798-b2e4-aa5890f9b262] The Player <wqe123420> has primed a TNT at X= -95, Y= 14, Z= -705
[2023-07-20 17:42:27] [world_nether] [48835002-b378-4798-b2e4-aa5890f9b262] The Player <wqe123420> has primed a TNT at X= -89, Y= 15, Z= -706
[2023-07-20 17:42:28] [world_nether] [48835002-b378-4798-b2e4-aa5890f9b262] The Player <wqe123420> has primed a TNT at X= -100, Y= 14, Z= -705
[2023-07-20 17:42:28] [world_nether] [48835002-b378-4798-b2e4-aa5890f9b262] The Player <wqe123420> has primed a TNT at X= -97, Y= 13, Z= -705
[2023-07-20 17:42:28] [world_nether] [48835002-b378-4798-b2e4-aa5890f9b262] The Player <wqe123420> has primed a TNT at X= -90, Y= 9, Z= -703
[2023-07-20 17:42:28] [world_nether] [48835002-b378-4798-b2e4-aa5890f9b262] The Player <wqe123420> has primed a TNT at X= -105, Y= 14, Z= -705
[2023-07-20 17:42:28] [world_nether] [48835002-b378-4798-b2e4-aa5890f9b262] The Player <wqe123420> has primed a TNT at X= -107, Y= 13, Z= -705
[2023-07-20 17:42:29] [world_nether] [48835002-b378-4798-b2e4-aa5890f9b262] The Player <wqe123420> has primed a TNT at X= -106, Y= 10, Z= -707
[2023-07-20 17:42:29] [world_nether] [48835002-b378-4798-b2e4-aa5890f9b262] The Player <wqe123420> has primed a TNT at X= -113, Y= 14, Z= -704
[2023-07-20 17:42:30] [world_nether] [48835002-b378-4798-b2e4-aa5890f9b262] The Player <wqe123420> has primed a TNT at X= -109, Y= 12, Z= -708
[2023-07-20 17:42:30] [world_nether] [48835002-b378-4798-b2e4-aa5890f9b262] The Player <wqe123420> has primed a TNT at X= -111, Y= 11, Z= -703
[2023-07-20 17:42:30] [world_nether] [48835002-b378-4798-b2e4-aa5890f9b262] The Player <wqe123420> has primed a TNT at X= -118, Y= 14, Z= -705
[2023-07-20 17:42:30] [world_nether] [48835002-b378-4798-b2e4-aa5890f9b262] The Player <wqe123420> has primed a TNT at X= -116, Y= 13, Z= -705
[2023-07-20 17:42:30] [world_nether] [48835002-b378-4798-b2e4-aa5890f9b262] The Player <wqe123420> has primed a TNT at X= -112, Y= 17, Z= -703
[2023-07-20 17:42:30] [world_nether] [48835002-b378-4798-b2e4-aa5890f9b262] The Player <wqe123420> has primed a TNT at X= -125, Y= 14, Z= -705
[2023-07-20 17:42:31] [world_nether] [48835002-b378-4798-b2e4-aa5890f9b262] The Player <wqe123420> has primed a TNT at X= -122, Y= 13, Z= -706
[2023-07-20 17:42:31] [world_nether] [48835002-b378-4798-b2e4-aa5890f9b262] The Player <wqe123420> has primed a TNT at X= -130, Y= 14, Z= -704
[2023-07-20 17:42:31] [world_nether] [48835002-b378-4798-b2e4-aa5890f9b262] The Player <wqe123420> has primed a TNT at X= -107, Y= 7, Z= -706
[2023-07-20 17:42:31] [world_nether] [48835002-b378-4798-b2e4-aa5890f9b262] The Player <wqe123420> has primed a TNT at X= -130, Y= 12, Z= -707
[2023-07-20 17:42:32] [world_nether] [48835002-b378-4798-b2e4-aa5890f9b262] The Player <wqe123420> has primed a TNT at X= -132, Y= 11, Z= -707
[2023-07-20 17:42:32] [world_nether] [48835002-b378-4798-b2e4-aa5890f9b262] The Player <wqe123420> has primed a TNT at X= -134, Y= 15, Z= -703
[2023-07-20 17:42:32] [world_nether] [48835002-b378-4798-b2e4-aa5890f9b262] The Player <wqe123420> has primed a TNT at X= -137, Y= 12, Z= -706
[2023-07-20 17:42:32] [world_nether] [48835002-b378-4798-b2e4-aa5890f9b262] The Player <wqe123420> has primed a TNT at X= -139, Y= 13, Z= -702
[2023-07-20 17:42:33] [world_nether] [48835002-b378-4798-b2e4-aa5890f9b262] The Player <wqe123420> has primed a TNT at X= -141, Y= 12, Z= -707
[2023-07-20 17:42:33] [world_nether] [48835002-b378-4798-b2e4-aa5890f9b262] The Player <wqe123420> has primed a TNT at X= -142, Y= 13, Z= -705
[2023-07-20 17:42:33] [world_nether] [48835002-b378-4798-b2e4-aa5890f9b262] The Player <wqe123420> has primed a TNT at X= -142, Y= 11, Z= -708
[2023-07-20 17:42:34] [world_nether] [48835002-b378-4798-b2e4-aa5890f9b262] The Player <wqe123420> has primed a TNT at X= -148, Y= 14, Z= -704
[2023-07-20 17:42:34] [world_nether] [48835002-b378-4798-b2e4-aa5890f9b262] The Player <wqe123420> has primed a TNT at X= -146, Y= 10, Z= -705
[2023-07-20 17:42:35] [world_nether] [48835002-b378-4798-b2e4-aa5890f9b262] The Player <wqe123420> has primed a TNT at X= -151, Y= 15, Z= -706
[2023-07-20 17:42:36] [world_nether] [48835002-b378-4798-b2e4-aa5890f9b262] The Player <wqe123420> has primed a TNT at X= -153, Y= 11, Z= -704
[2023-07-20 17:42:36] [world_nether] [48835002-b378-4798-b2e4-aa5890f9b262] The Player <wqe123420> has primed a TNT at X= -154, Y= 11, Z= -704
[2023-07-20 17:42:36] [world_nether] [48835002-b378-4798-b2e4-aa5890f9b262] The Player <wqe123420> has primed a TNT at X= -158, Y= 13, Z= -706
[2023-07-20 17:42:37] [world_nether] [48835002-b378-4798-b2e4-aa5890f9b262] The Player <wqe123420> has primed a TNT at X= -153, Y= 13, Z= -706
[2023-07-20 17:42:37] [world_nether] [48835002-b378-4798-b2e4-aa5890f9b262] The Player <wqe123420> has primed a TNT at X= -161, Y= 14, Z= -705
[2023-07-20 17:42:37] [world_nether] [48835002-b378-4798-b2e4-aa5890f9b262] The Player <wqe123420> has primed a TNT at X= -158, Y= 9, Z= -701
[2023-07-20 17:42:38] [world_nether] [48835002-b378-4798-b2e4-aa5890f9b262] The Player <wqe123420> has primed a TNT at X= -163, Y= 12, Z= -705
[2023-07-20 17:42:38] [world_nether] [48835002-b378-4798-b2e4-aa5890f9b262] The Player <wqe123420> has primed a TNT at X= -167, Y= 14, Z= -705
[2023-07-20 17:42:38] [world_nether] [48835002-b378-4798-b2e4-aa5890f9b262] The Player <wqe123420> has primed a TNT at X= -160, Y= 14, Z= -705
[2023-07-20 17:42:39] [world_nether] [48835002-b378-4798-b2e4-aa5890f9b262] The Player <wqe123420> has primed a TNT at X= -170, Y= 12, Z= -705
[2023-07-20 17:42:39] [world_nether] [48835002-b378-4798-b2e4-aa5890f9b262] The Player <wqe123420> has primed a TNT at X= -163, Y= 10, Z= -705
[2023-07-20 17:43:02] [world_nether] [48835002-b378-4798-b2e4-aa5890f9b262] The Player <wqe123420> has primed a TNT at X= -172, Y= 14, Z= -705
[2023-07-20 17:45:09] [world_nether] [48835002-b378-4798-b2e4-aa5890f9b262] The Player <wqe123420> has primed a TNT at X= -145, Y= 15, Z= -724
[2023-07-20 17:45:10] [world_nether] [48835002-b378-4798-b2e4-aa5890f9b262] The Player <wqe123420> has primed a TNT at X= -145, Y= 15, Z= -728
[2023-07-20 17:45:10] [world_nether] [48835002-b378-4798-b2e4-aa5890f9b262] The Player <wqe123420> has primed a TNT at X= -145, Y= 11, Z= -726
[2023-07-20 17:45:10] [world_nether] [48835002-b378-4798-b2e4-aa5890f9b262] The Player <wqe123420> has primed a TNT at X= -145, Y= 15, Z= -732
[2023-07-20 17:45:11] [world_nether] [48835002-b378-4798-b2e4-aa5890f9b262] The Player <wqe123420> has primed a TNT at X= -145, Y= 15, Z= -729
[2023-07-20 17:45:11] [world_nether] [48835002-b378-4798-b2e4-aa5890f9b262] The Player <wqe123420> has primed a TNT at X= -145, Y= 15, Z= -737
[2023-07-20 17:45:11] [world_nether] [48835002-b378-4798-b2e4-aa5890f9b262] The Player <wqe123420> has primed a TNT at X= -145, Y= 14, Z= -737
[2023-07-20 17:45:12] [world_nether] [48835002-b378-4798-b2e4-aa5890f9b262] The Player <wqe123420> has primed a TNT at X= -145, Y= 15, Z= -742
[2023-07-20 17:45:12] [world_nether] [48835002-b378-4798-b2e4-aa5890f9b262] The Player <wqe123420> has primed a TNT at X= -144, Y= 14, Z= -737
[2023-07-20 17:45:13] [world_nether] [48835002-b378-4798-b2e4-aa5890f9b262] The Player <wqe123420> has primed a TNT at X= -148, Y= 11, Z= -740
[2023-07-20 17:45:13] [world_nether] [48835002-b378-4798-b2e4-aa5890f9b262] The Player <wqe123420> has primed a TNT at X= -145, Y= 15, Z= -746
[2023-07-20 17:45:13] [world_nether] [48835002-b378-4798-b2e4-aa5890f9b262] The Player <wqe123420> has primed a TNT at X= -145, Y= 12, Z= -745
[2023-07-20 17:45:14] [world_nether] [48835002-b378-4798-b2e4-aa5890f9b262] The Player <wqe123420> has primed a TNT at X= -145, Y= 15, Z= -752
[2023-07-20 17:45:15] [world_nether] [48835002-b378-4798-b2e4-aa5890f9b262] The Player <wqe123420> has primed a TNT at X= -145, Y= 10, Z= -749
[2023-07-20 17:45:15] [world_nether] [48835002-b378-4798-b2e4-aa5890f9b262] The Player <wqe123420> has primed a TNT at X= -145, Y= 13, Z= -752
[2023-07-20 17:45:15] [world_nether] [48835002-b378-4798-b2e4-aa5890f9b262] The Player <wqe123420> has primed a TNT at X= -145, Y= 14, Z= -756
[2023-07-20 17:45:15] [world_nether] [48835002-b378-4798-b2e4-aa5890f9b262] The Player <wqe123420> has primed a TNT at X= -146, Y= 13, Z= -758
[2023-07-20 17:45:16] [world_nether] [48835002-b378-4798-b2e4-aa5890f9b262] The Player <wqe123420> has primed a TNT at X= -145, Y= 15, Z= -762
[2023-07-20 17:45:16] [world_nether] [48835002-b378-4798-b2e4-aa5890f9b262] The Player <wqe123420> has primed a TNT at X= -142, Y= 16, Z= -761
[2023-07-20 17:45:16] [world_nether] [48835002-b378-4798-b2e4-aa5890f9b262] The Player <wqe123420> has primed a TNT at X= -141, Y= 11, Z= -755
[2023-07-20 17:45:16] [world_nether] [48835002-b378-4798-b2e4-aa5890f9b262] The Player <wqe123420> has primed a TNT at X= -146, Y= 13, Z= -765
[2023-07-20 17:45:16] [world_nether] [48835002-b378-4798-b2e4-aa5890f9b262] The Player <wqe123420> has primed a TNT at X= -144, Y= 13, Z= -767
[2023-07-20 17:45:17] [world_nether] [48835002-b378-4798-b2e4-aa5890f9b262] The Player <wqe123420> has primed a TNT at X= -145, Y= 14, Z= -770
[2023-07-20 17:45:17] [world_nether] [48835002-b378-4798-b2e4-aa5890f9b262] The Player <wqe123420> has primed a TNT at X= -145, Y= 14, Z= -774
[2023-07-20 17:45:18] [world_nether] [48835002-b378-4798-b2e4-aa5890f9b262] The Player <wqe123420> has primed a TNT at X= -149, Y= 15, Z= -768
[2023-07-20 17:45:18] [world_nether] [48835002-b378-4798-b2e4-aa5890f9b262] The Player <wqe123420> has primed a TNT at X= -145, Y= 12, Z= -767
[2023-07-20 17:45:18] [world_nether] [48835002-b378-4798-b2e4-aa5890f9b262] The Player <wqe123420> has primed a TNT at X= -145, Y= 14, Z= -776
[2023-07-20 17:45:19] [world_nether] [48835002-b378-4798-b2e4-aa5890f9b262] The Player <wqe123420> has primed a TNT at X= -145, Y= 13, Z= -780
[2023-07-20 17:45:19] [world_nether] [48835002-b378-4798-b2e4-aa5890f9b262] The Player <wqe123420> has primed a TNT at X= -145, Y= 14, Z= -782
[2023-07-20 17:45:20] [world_nether] [48835002-b378-4798-b2e4-aa5890f9b262] The Player <wqe123420> has primed a TNT at X= -147, Y= 16, Z= -780
[2023-07-20 17:45:21] [world_nether] [48835002-b378-4798-b2e4-aa5890f9b262] The Player <wqe123420> has primed a TNT at X= -145, Y= 15, Z= -787
[2023-07-20 17:45:21] [world_nether] [48835002-b378-4798-b2e4-aa5890f9b262] The Player <wqe123420> has primed a TNT at X= -143, Y= 11, Z= -785
[2023-07-20 17:45:21] [world_nether] [48835002-b378-4798-b2e4-aa5890f9b262] The Player <wqe123420> has primed a TNT at X= -145, Y= 13, Z= -788
[2023-07-20 17:45:21] [world_nether] [48835002-b378-4798-b2e4-aa5890f9b262] The Player <wqe123420> has primed a TNT at X= -146, Y= 14, Z= -791
[2023-07-20 17:45:22] [world_nether] [48835002-b378-4798-b2e4-aa5890f9b262] The Player <wqe123420> has primed a TNT at X= -144, Y= 16, Z= -794
[2023-07-20 17:45:22] [world_nether] [48835002-b378-4798-b2e4-aa5890f9b262] The Player <wqe123420> has primed a TNT at X= -148, Y= 12, Z= -793
[2023-07-20 17:45:23] [world_nether] [48835002-b378-4798-b2e4-aa5890f9b262] The Player <wqe123420> has primed a TNT at X= -146, Y= 12, Z= -797
[2023-07-20 17:45:23] [world_nether] [48835002-b378-4798-b2e4-aa5890f9b262] The Player <wqe123420> has primed a TNT at X= -145, Y= 14, Z= -799
[2023-07-20 17:45:24] [world_nether] [48835002-b378-4798-b2e4-aa5890f9b262] The Player <wqe123420> has primed a TNT at X= -146, Y= 11, Z= -802
[2023-07-20 17:45:24] [world_nether] [48835002-b378-4798-b2e4-aa5890f9b262] The Player <wqe123420> has primed a TNT at X= -144, Y= 15, Z= -802
[2023-07-20 17:45:24] [world_nether] [48835002-b378-4798-b2e4-aa5890f9b262] The Player <wqe123420> has primed a TNT at X= -145, Y= 14, Z= -805
[2023-07-20 17:45:25] [world_nether] [48835002-b378-4798-b2e4-aa5890f9b262] The Player <wqe123420> has primed a TNT at X= -145, Y= 14, Z= -808
[2023-07-20 17:45:25] [world_nether] [48835002-b378-4798-b2e4-aa5890f9b262] The Player <wqe123420> has primed a TNT at X= -142, Y= 15, Z= -811
[2023-07-20 17:45:25] [world_nether] [48835002-b378-4798-b2e4-aa5890f9b262] The Player <wqe123420> has primed a TNT at X= -147, Y= 13, Z= -811
[2023-07-20 17:45:26] [world_nether] [48835002-b378-4798-b2e4-aa5890f9b262] The Player <wqe123420> has primed a TNT at X= -141, Y= 15, Z= -814
[2023-07-20 17:45:26] [world_nether] [48835002-b378-4798-b2e4-aa5890f9b262] The Player <wqe123420> has primed a TNT at X= -149, Y= 11, Z= -814
[2023-07-20 17:45:26] [world_nether] [48835002-b378-4798-b2e4-aa5890f9b262] The Player <wqe123420> has primed a TNT at X= -145, Y= 15, Z= -816
[2023-07-20 17:45:27] [world_nether] [48835002-b378-4798-b2e4-aa5890f9b262] The Player <wqe123420> has primed a TNT at X= -145, Y= 12, Z= -818
[2023-07-20 17:45:27] [world_nether] [48835002-b378-4798-b2e4-aa5890f9b262] The Player <wqe123420> has primed a TNT at X= -145, Y= 15, Z= -820
[2023-07-20 19:22:43] [world_nether] [48835002-b378-4798-b2e4-aa5890f9b262] The Player <wqe123420> has primed a TNT at X= -234, Y= 16, Z= 480
[2023-07-20 19:22:44] [world_nether] [48835002-b378-4798-b2e4-aa5890f9b262] The Player <wqe123420> has primed a TNT at X= -231, Y= 15, Z= 480
[2023-07-20 19:22:44] [world_nether] [48835002-b378-4798-b2e4-aa5890f9b262] The Player <wqe123420> has primed a TNT at X= -236, Y= 12, Z= 479
[2023-07-20 19:22:44] [world_nether] [48835002-b378-4798-b2e4-aa5890f9b262] The Player <wqe123420> has primed a TNT at X= -229, Y= 14, Z= 480
[2023-07-20 19:22:45] [world_nether] [48835002-b378-4798-b2e4-aa5890f9b262] The Player <wqe123420> has primed a TNT at X= -226, Y= 10, Z= 481
[2023-07-20 19:22:45] [world_nether] [48835002-b378-4798-b2e4-aa5890f9b262] The Player <wqe123420> has primed a TNT at X= -227, Y= 17, Z= 480
[2023-07-20 19:22:46] [world_nether] [48835002-b378-4798-b2e4-aa5890f9b262] The Player <wqe123420> has primed a TNT at X= -222, Y= 16, Z= 480
[2023-07-20 19:22:46] [world_nether] [48835002-b378-4798-b2e4-aa5890f9b262] The Player <wqe123420> has primed a TNT at X= -223, Y= 12, Z= 480
[2023-07-20 19:22:46] [world_nether] [48835002-b378-4798-b2e4-aa5890f9b262] The Player <wqe123420> has primed a TNT at X= -230, Y= 8, Z= 479
[2023-07-20 19:22:46] [world_nether] [48835002-b378-4798-b2e4-aa5890f9b262] The Player <wqe123420> has primed a TNT at X= -218, Y= 17, Z= 480
[2023-07-20 19:22:47] [world_nether] [48835002-b378-4798-b2e4-aa5890f9b262] The Player <wqe123420> has primed a TNT at X= -218, Y= 13, Z= 480
[2023-07-20 19:22:47] [world_nether] [48835002-b378-4798-b2e4-aa5890f9b262] The Player <wqe123420> has primed a TNT at X= -214, Y= 16, Z= 480
[2023-07-20 19:22:48] [world_nether] [48835002-b378-4798-b2e4-aa5890f9b262] The Player <wqe123420> has primed a TNT at X= -214, Y= 12, Z= 480
[2023-07-20 19:22:48] [world_nether] [48835002-b378-4798-b2e4-aa5890f9b262] The Player <wqe123420> has primed a TNT at X= -212, Y= 16, Z= 480
[2023-07-20 19:22:48] [world_nether] [48835002-b378-4798-b2e4-aa5890f9b262] The Player <wqe123420> has primed a TNT at X= -208, Y= 15, Z= 479
[2023-07-20 19:22:48] [world_nether] [48835002-b378-4798-b2e4-aa5890f9b262] The Player <wqe123420> has primed a TNT at X= -208, Y= 18, Z= 483
[2023-07-20 19:22:48] [world_nether] [48835002-b378-4798-b2e4-aa5890f9b262] The Player <wqe123420> has primed a TNT at X= -206, Y= 15, Z= 479
[2023-07-20 19:22:48] [world_nether] [48835002-b378-4798-b2e4-aa5890f9b262] The Player <wqe123420> has primed a TNT at X= -203, Y= 15, Z= 480
[2023-07-20 19:22:49] [world_nether] [48835002-b378-4798-b2e4-aa5890f9b262] The Player <wqe123420> has primed a TNT at X= -200, Y= 15, Z= 480
[2023-07-20 19:22:50] [world_nether] [48835002-b378-4798-b2e4-aa5890f9b262] The Player <wqe123420> has primed a TNT at X= -199, Y= 17, Z= 483
[2023-07-20 19:22:50] [world_nether] [48835002-b378-4798-b2e4-aa5890f9b262] The Player <wqe123420> has primed a TNT at X= -198, Y= 12, Z= 477
[2023-07-20 19:22:51] [world_nether] [48835002-b378-4798-b2e4-aa5890f9b262] The Player <wqe123420> has primed a TNT at X= -196, Y= 13, Z= 480
[2023-07-20 19:22:52] [world_nether] [48835002-b378-4798-b2e4-aa5890f9b262] The Player <wqe123420> has primed a TNT at X= -194, Y= 10, Z= 480
[2023-07-20 19:22:53] [world_nether] [48835002-b378-4798-b2e4-aa5890f9b262] The Player <wqe123420> has primed a TNT at X= -192, Y= 15, Z= 480
[2023-07-20 19:22:53] [world_nether] [48835002-b378-4798-b2e4-aa5890f9b262] The Player <wqe123420> has primed a TNT at X= -190, Y= 15, Z= 480
[2023-07-20 19:22:54] [world_nether] [48835002-b378-4798-b2e4-aa5890f9b262] The Player <wqe123420> has primed a TNT at X= -188, Y= 12, Z= 480
[2023-07-20 19:22:54] [world_nether] [48835002-b378-4798-b2e4-aa5890f9b262] The Player <wqe123420> has primed a TNT at X= -186, Y= 16, Z= 480
[2023-07-20 19:22:55] [world_nether] [48835002-b378-4798-b2e4-aa5890f9b262] The Player <wqe123420> has primed a TNT at X= -184, Y= 15, Z= 480
[2023-07-20 19:22:55] [world_nether] [48835002-b378-4798-b2e4-aa5890f9b262] The Player <wqe123420> has primed a TNT at X= -181, Y= 12, Z= 479
[2023-07-20 19:22:56] [world_nether] [48835002-b378-4798-b2e4-aa5890f9b262] The Player <wqe123420> has primed a TNT at X= -179, Y= 16, Z= 481
[2023-07-20 19:22:56] [world_nether] [48835002-b378-4798-b2e4-aa5890f9b262] The Player <wqe123420> has primed a TNT at X= -177, Y= 16, Z= 479
[2023-07-20 19:22:57] [world_nether] [48835002-b378-4798-b2e4-aa5890f9b262] The Player <wqe123420> has primed a TNT at X= -174, Y= 16, Z= 482
[2023-07-20 19:22:57] [world_nether] [48835002-b378-4798-b2e4-aa5890f9b262] The Player <wqe123420> has primed a TNT at X= -172, Y= 15, Z= 480
[2023-07-20 19:22:58] [world_nether] [48835002-b378-4798-b2e4-aa5890f9b262] The Player <wqe123420> has primed a TNT at X= -175, Y= 13, Z= 479
[2023-07-20 19:22:58] [world_nether] [48835002-b378-4798-b2e4-aa5890f9b262] The Player <wqe123420> has primed a TNT at X= -169, Y= 14, Z= 480
[2023-07-20 19:22:59] [world_nether] [48835002-b378-4798-b2e4-aa5890f9b262] The Player <wqe123420> has primed a TNT at X= -167, Y= 15, Z= 480
[2023-07-20 19:22:59] [world_nether] [48835002-b378-4798-b2e4-aa5890f9b262] The Player <wqe123420> has primed a TNT at X= -164, Y= 16, Z= 480
[2023-07-20 19:22:59] [world_nether] [48835002-b378-4798-b2e4-aa5890f9b262] The Player <wqe123420> has primed a TNT at X= -167, Y= 18, Z= 477
[2023-07-20 19:35:25] [world_nether] [48835002-b378-4798-b2e4-aa5890f9b262] The Player <wqe123420> has primed a TNT at X= -169, Y= 15, Z= 624
[2023-07-20 19:35:27] [world_nether] [48835002-b378-4798-b2e4-aa5890f9b262] The Player <wqe123420> has primed a TNT at X= -166, Y= 14, Z= 624
[2023-07-20 19:35:28] [world_nether] [48835002-b378-4798-b2e4-aa5890f9b262] The Player <wqe123420> has primed a TNT at X= -162, Y= 13, Z= 624
[2023-07-20 19:35:29] [world_nether] [48835002-b378-4798-b2e4-aa5890f9b262] The Player <wqe123420> has primed a TNT at X= -159, Y= 14, Z= 624
[2023-07-20 19:35:36] [world_nether] [48835002-b378-4798-b2e4-aa5890f9b262] The Player <wqe123420> has primed a TNT at X= -156, Y= 12, Z= 624
[2023-07-20 19:35:38] [world_nether] [48835002-b378-4798-b2e4-aa5890f9b262] The Player <wqe123420> has primed a TNT at X= -153, Y= 15, Z= 624
[2023-07-20 19:35:39] [world_nether] [48835002-b378-4798-b2e4-aa5890f9b262] The Player <wqe123420> has primed a TNT at X= -150, Y= 15, Z= 624
[2023-07-20 19:35:40] [world_nether] [48835002-b378-4798-b2e4-aa5890f9b262] The Player <wqe123420> has primed a TNT at X= -147, Y= 12, Z= 624
[2023-07-20 19:35:46] [world_nether] [48835002-b378-4798-b2e4-aa5890f9b262] The Player <wqe123420> has primed a TNT at X= -144, Y= 15, Z= 624
[2023-07-20 19:35:47] [world_nether] [48835002-b378-4798-b2e4-aa5890f9b262] The Player <wqe123420> has primed a TNT at X= -141, Y= 13, Z= 624
[2023-07-20 19:35:47] [world_nether] [48835002-b378-4798-b2e4-aa5890f9b262] The Player <wqe123420> has primed a TNT at X= -139, Y= 14, Z= 624
[2023-07-20 19:35:48] [world_nether] [48835002-b378-4798-b2e4-aa5890f9b262] The Player <wqe123420> has primed a TNT at X= -135, Y= 15, Z= 624
[2023-07-20 19:35:48] [world_nether] [48835002-b378-4798-b2e4-aa5890f9b262] The Player <wqe123420> has primed a TNT at X= -138, Y= 10, Z= 624
[2023-07-20 19:35:49] [world_nether] [48835002-b378-4798-b2e4-aa5890f9b262] The Player <wqe123420> has primed a TNT at X= -131, Y= 15, Z= 624
[2023-07-20 19:35:50] [world_nether] [48835002-b378-4798-b2e4-aa5890f9b262] The Player <wqe123420> has primed a TNT at X= -132, Y= 12, Z= 624
[2023-07-20 19:35:50] [world_nether] [48835002-b378-4798-b2e4-aa5890f9b262] The Player <wqe123420> has primed a TNT at X= -126, Y= 15, Z= 624
[2023-07-20 19:35:50] [world_nether] [48835002-b378-4798-b2e4-aa5890f9b262] The Player <wqe123420> has primed a TNT at X= -124, Y= 14, Z= 624
[2023-07-20 19:35:50] [world_nether] [48835002-b378-4798-b2e4-aa5890f9b262] The Player <wqe123420> has primed a TNT at X= -136, Y= 11, Z= 624
[2023-07-20 19:35:51] [world_nether] [48835002-b378-4798-b2e4-aa5890f9b262] The Player <wqe123420> has primed a TNT at X= -120, Y= 14, Z= 625
[2023-07-20 19:35:51] [world_nether] [48835002-b378-4798-b2e4-aa5890f9b262] The Player <wqe123420> has primed a TNT at X= -119, Y= 15, Z= 623
[2023-07-20 19:35:51] [world_nether] [48835002-b378-4798-b2e4-aa5890f9b262] The Player <wqe123420> has primed a TNT at X= -122, Y= 17, Z= 620
[2023-07-20 19:35:52] [world_nether] [48835002-b378-4798-b2e4-aa5890f9b262] The Player <wqe123420> has primed a TNT at X= -114, Y= 15, Z= 624
[2023-07-20 19:35:52] [world_nether] [48835002-b378-4798-b2e4-aa5890f9b262] The Player <wqe123420> has primed a TNT at X= -116, Y= 11, Z= 624
[2023-07-20 19:35:53] [world_nether] [48835002-b378-4798-b2e4-aa5890f9b262] The Player <wqe123420> has primed a TNT at X= -111, Y= 13, Z= 624
[2023-07-20 19:35:53] [world_nether] [48835002-b378-4798-b2e4-aa5890f9b262] The Player <wqe123420> has primed a TNT at X= -109, Y= 15, Z= 624
[2023-07-20 19:35:53] [world_nether] [48835002-b378-4798-b2e4-aa5890f9b262] The Player <wqe123420> has primed a TNT at X= -106, Y= 13, Z= 626
[2023-07-20 19:35:54] [world_nether] [48835002-b378-4798-b2e4-aa5890f9b262] The Player <wqe123420> has primed a TNT at X= -106, Y= 15, Z= 622
[2023-07-20 19:35:54] [world_nether] [48835002-b378-4798-b2e4-aa5890f9b262] The Player <wqe123420> has primed a TNT at X= -103, Y= 11, Z= 627
[2023-07-20 19:35:54] [world_nether] [48835002-b378-4798-b2e4-aa5890f9b262] The Player <wqe123420> has primed a TNT at X= -99, Y= 15, Z= 624
[2023-07-20 19:35:54] [world_nether] [48835002-b378-4798-b2e4-aa5890f9b262] The Player <wqe123420> has primed a TNT at X= -103, Y= 14, Z= 623
[2023-07-20 19:35:55] [world_nether] [48835002-b378-4798-b2e4-aa5890f9b262] The Player <wqe123420> has primed a TNT at X= -99, Y= 11, Z= 621
[2023-07-20 19:35:55] [world_nether] [48835002-b378-4798-b2e4-aa5890f9b262] The Player <wqe123420> has primed a TNT at X= -96, Y= 14, Z= 625
[2023-07-20 19:35:56] [world_nether] [48835002-b378-4798-b2e4-aa5890f9b262] The Player <wqe123420> has primed a TNT at X= -93, Y= 12, Z= 622
[2023-07-20 19:45:37] [world_nether] [48835002-b378-4798-b2e4-aa5890f9b262] The Player <wqe123420> has primed a TNT at X= -173, Y= 15, Z= 673
[2023-07-20 19:45:37] [world_nether] [48835002-b378-4798-b2e4-aa5890f9b262] The Player <wqe123420> has primed a TNT at X= -173, Y= 14, Z= 674
[2023-07-20 19:45:37] [world_nether] [48835002-b378-4798-b2e4-aa5890f9b262] The Player <wqe123420> has primed a TNT at X= -173, Y= 15, Z= 677
[2023-07-20 19:45:38] [world_nether] [48835002-b378-4798-b2e4-aa5890f9b262] The Player <wqe123420> has primed a TNT at X= -172, Y= 14, Z= 672
[2023-07-20 19:45:38] [world_nether] [48835002-b378-4798-b2e4-aa5890f9b262] The Player <wqe123420> has primed a TNT at X= -173, Y= 15, Z= 680
[2023-07-20 19:45:39] [world_nether] [48835002-b378-4798-b2e4-aa5890f9b262] The Player <wqe123420> has primed a TNT at X= -174, Y= 12, Z= 671
[2023-07-20 19:45:39] [world_nether] [48835002-b378-4798-b2e4-aa5890f9b262] The Player <wqe123420> has primed a TNT at X= -173, Y= 14, Z= 683
[2023-07-20 19:45:40] [world_nether] [48835002-b378-4798-b2e4-aa5890f9b262] The Player <wqe123420> has primed a TNT at X= -173, Y= 13, Z= 686
[2023-07-20 19:45:41] [world_nether] [48835002-b378-4798-b2e4-aa5890f9b262] The Player <wqe123420> has primed a TNT at X= -173, Y= 11, Z= 689
[2023-07-20 19:45:42] [world_nether] [48835002-b378-4798-b2e4-aa5890f9b262] The Player <wqe123420> has primed a TNT at X= -173, Y= 11, Z= 691
[2023-07-20 19:45:43] [world_nether] [48835002-b378-4798-b2e4-aa5890f9b262] The Player <wqe123420> has primed a TNT at X= -173, Y= 10, Z= 693
[2023-07-20 19:45:44] [world_nether] [48835002-b378-4798-b2e4-aa5890f9b262] The Player <wqe123420> has primed a TNT at X= -173, Y= 7, Z= 686
[2023-07-20 19:45:44] [world_nether] [48835002-b378-4798-b2e4-aa5890f9b262] The Player <wqe123420> has primed a TNT at X= -173, Y= 10, Z= 695
[2023-07-20 19:45:45] [world_nether] [48835002-b378-4798-b2e4-aa5890f9b262] The Player <wqe123420> has primed a TNT at X= -173, Y= 9, Z= 690
[2023-07-20 19:45:45] [world_nether] [48835002-b378-4798-b2e4-aa5890f9b262] The Player <wqe123420> has primed a TNT at X= -173, Y= 13, Z= 696
[2023-07-20 19:45:46] [world_nether] [48835002-b378-4798-b2e4-aa5890f9b262] The Player <wqe123420> has primed a TNT at X= -173, Y= 8, Z= 698
[2023-07-20 19:45:46] [world_nether] [48835002-b378-4798-b2e4-aa5890f9b262] The Player <wqe123420> has primed a TNT at X= -173, Y= 8, Z= 700
[2023-07-20 19:45:55] [world_nether] [48835002-b378-4798-b2e4-aa5890f9b262] The Player <wqe123420> has primed a TNT at X= -173, Y= 15, Z= 703
[2023-07-20 19:45:56] [world_nether] [48835002-b378-4798-b2e4-aa5890f9b262] The Player <wqe123420> has primed a TNT at X= -173, Y= 15, Z= 707
[2023-07-20 19:45:56] [world_nether] [48835002-b378-4798-b2e4-aa5890f9b262] The Player <wqe123420> has primed a TNT at X= -173, Y= 14, Z= 708
[2023-07-20 19:45:56] [world_nether] [48835002-b378-4798-b2e4-aa5890f9b262] The Player <wqe123420> has primed a TNT at X= -173, Y= 14, Z= 702
[2023-07-20 19:45:56] [world_nether] [48835002-b378-4798-b2e4-aa5890f9b262] The Player <wqe123420> has primed a TNT at X= -173, Y= 13, Z= 705
[2023-07-20 19:45:57] [world_nether] [48835002-b378-4798-b2e4-aa5890f9b262] The Player <wqe123420> has primed a TNT at X= -173, Y= 15, Z= 711
[2023-07-20 19:45:57] [world_nether] [48835002-b378-4798-b2e4-aa5890f9b262] The Player <wqe123420> has primed a TNT at X= -175, Y= 11, Z= 702
[2023-07-20 19:45:57] [world_nether] [48835002-b378-4798-b2e4-aa5890f9b262] The Player <wqe123420> has primed a TNT at X= -173, Y= 14, Z= 715
[2023-07-20 19:45:58] [world_nether] [48835002-b378-4798-b2e4-aa5890f9b262] The Player <wqe123420> has primed a TNT at X= -173, Y= 15, Z= 717
[2023-07-20 19:45:58] [world_nether] [48835002-b378-4798-b2e4-aa5890f9b262] The Player <wqe123420> has primed a TNT at X= -174, Y= 13, Z= 721
[2023-07-20 19:45:58] [world_nether] [48835002-b378-4798-b2e4-aa5890f9b262] The Player <wqe123420> has primed a TNT at X= -175, Y= 10, Z= 712
[2023-07-20 19:45:58] [world_nether] [48835002-b378-4798-b2e4-aa5890f9b262] The Player <wqe123420> has primed a TNT at X= -174, Y= 9, Z= 704
[2023-07-20 19:45:58] [world_nether] [48835002-b378-4798-b2e4-aa5890f9b262] The Player <wqe123420> has primed a TNT at X= -170, Y= 9, Z= 702
[2023-07-20 19:45:58] [world_nether] [48835002-b378-4798-b2e4-aa5890f9b262] The Player <wqe123420> has primed a TNT at X= -172, Y= 17, Z= 721
[2023-07-20 19:45:59] [world_nether] [48835002-b378-4798-b2e4-aa5890f9b262] The Player <wqe123420> has primed a TNT at X= -174, Y= 13, Z= 725
[2023-07-20 19:45:59] [world_nether] [48835002-b378-4798-b2e4-aa5890f9b262] The Player <wqe123420> has primed a TNT at X= -177, Y= 11, Z= 725
[2023-07-20 19:45:59] [world_nether] [48835002-b378-4798-b2e4-aa5890f9b262] The Player <wqe123420> has primed a TNT at X= -176, Y= 8, Z= 722
[2023-07-20 19:45:59] [world_nether] [48835002-b378-4798-b2e4-aa5890f9b262] The Player <wqe123420> has primed a TNT at X= -171, Y= 16, Z= 725
[2023-07-20 19:45:59] [world_nether] [48835002-b378-4798-b2e4-aa5890f9b262] The Player <wqe123420> has primed a TNT at X= -172, Y= 10, Z= 728
[2023-07-20 19:45:59] [world_nether] [48835002-b378-4798-b2e4-aa5890f9b262] The Player <wqe123420> has primed a TNT at X= -174, Y= 13, Z= 729
[2023-07-20 19:46:00] [world_nether] [48835002-b378-4798-b2e4-aa5890f9b262] The Player <wqe123420> has primed a TNT at X= -175, Y= 9, Z= 725
[2023-07-20 19:46:00] [world_nether] [48835002-b378-4798-b2e4-aa5890f9b262] The Player <wqe123420> has primed a TNT at X= -171, Y= 12, Z= 730
[2023-07-20 19:46:01] [world_nether] [48835002-b378-4798-b2e4-aa5890f9b262] The Player <wqe123420> has primed a TNT at X= -177, Y= 10, Z= 732
[2023-07-20 19:46:38] [world_nether] [48835002-b378-4798-b2e4-aa5890f9b262] The Player <wqe123420> has primed a TNT at X= -173, Y= 7, Z= 733
[2023-07-20 19:46:40] [world_nether] [48835002-b378-4798-b2e4-aa5890f9b262] The Player <wqe123420> has primed a TNT at X= -173, Y= 4, Z= 734
[2023-07-20 19:49:16] [world_nether] [48835002-b378-4798-b2e4-aa5890f9b262] The Player <wqe123420> has primed a TNT at X= -162, Y= 15, Z= 671
[2023-07-20 19:49:17] [world_nether] [48835002-b378-4798-b2e4-aa5890f9b262] The Player <wqe123420> has primed a TNT at X= -156, Y= 15, Z= 671
[2023-07-20 19:49:17] [world_nether] [48835002-b378-4798-b2e4-aa5890f9b262] The Player <wqe123420> has primed a TNT at X= -161, Y= 12, Z= 671
[2023-07-20 19:49:17] [world_nether] [48835002-b378-4798-b2e4-aa5890f9b262] The Player <wqe123420> has primed a TNT at X= -166, Y= 12, Z= 671
[2023-07-20 19:49:18] [world_nether] [48835002-b378-4798-b2e4-aa5890f9b262] The Player <wqe123420> has primed a TNT at X= -152, Y= 15, Z= 671
[2023-07-20 19:49:18] [world_nether] [48835002-b378-4798-b2e4-aa5890f9b262] The Player <wqe123420> has primed a TNT at X= -156, Y= 11, Z= 671
[2023-07-20 19:49:19] [world_nether] [48835002-b378-4798-b2e4-aa5890f9b262] The Player <wqe123420> has primed a TNT at X= -148, Y= 15, Z= 671
[2023-07-20 19:49:19] [world_nether] [48835002-b378-4798-b2e4-aa5890f9b262] The Player <wqe123420> has primed a TNT at X= -149, Y= 11, Z= 671
[2023-07-20 19:49:19] [world_nether] [48835002-b378-4798-b2e4-aa5890f9b262] The Player <wqe123420> has primed a TNT at X= -144, Y= 15, Z= 671
[2023-07-20 19:49:19] [world_nether] [48835002-b378-4798-b2e4-aa5890f9b262] The Player <wqe123420> has primed a TNT at X= -140, Y= 15, Z= 671
[2023-07-20 19:49:20] [world_nether] [48835002-b378-4798-b2e4-aa5890f9b262] The Player <wqe123420> has primed a TNT at X= -143, Y= 15, Z= 674
[2023-07-20 19:49:20] [world_nether] [48835002-b378-4798-b2e4-aa5890f9b262] The Player <wqe123420> has primed a TNT at X= -148, Y= 11, Z= 670
[2023-07-20 19:49:20] [world_nether] [48835002-b378-4798-b2e4-aa5890f9b262] The Player <wqe123420> has primed a TNT at X= -137, Y= 12, Z= 670
[2023-07-20 19:49:21] [world_nether] [48835002-b378-4798-b2e4-aa5890f9b262] The Player <wqe123420> has primed a TNT at X= -136, Y= 15, Z= 671
[2023-07-20 19:49:22] [world_nether] [48835002-b378-4798-b2e4-aa5890f9b262] The Player <wqe123420> has primed a TNT at X= -132, Y= 14, Z= 671
[2023-07-20 19:49:22] [world_nether] [48835002-b378-4798-b2e4-aa5890f9b262] The Player <wqe123420> has primed a TNT at X= -135, Y= 9, Z= 671
[2023-07-20 19:49:22] [world_nether] [48835002-b378-4798-b2e4-aa5890f9b262] The Player <wqe123420> has primed a TNT at X= -128, Y= 14, Z= 671
[2023-07-20 19:49:22] [world_nether] [48835002-b378-4798-b2e4-aa5890f9b262] The Player <wqe123420> has primed a TNT at X= -133, Y= 13, Z= 671
[2023-07-20 19:49:23] [world_nether] [48835002-b378-4798-b2e4-aa5890f9b262] The Player <wqe123420> has primed a TNT at X= -125, Y= 12, Z= 671
[2023-07-20 19:49:23] [world_nether] [48835002-b378-4798-b2e4-aa5890f9b262] The Player <wqe123420> has primed a TNT at X= -124, Y= 15, Z= 671
[2023-07-20 19:49:24] [world_nether] [48835002-b378-4798-b2e4-aa5890f9b262] The Player <wqe123420> has primed a TNT at X= -122, Y= 11, Z= 671
[2023-07-20 19:49:24] [world_nether] [48835002-b378-4798-b2e4-aa5890f9b262] The Player <wqe123420> has primed a TNT at X= -119, Y= 10, Z= 670
[2023-07-20 19:49:25] [world_nether] [48835002-b378-4798-b2e4-aa5890f9b262] The Player <wqe123420> has primed a TNT at X= -117, Y= 14, Z= 672
[2023-07-20 19:49:26] [world_nether] [48835002-b378-4798-b2e4-aa5890f9b262] The Player <wqe123420> has primed a TNT at X= -114, Y= 15, Z= 671
[2023-07-20 19:49:26] [world_nether] [48835002-b378-4798-b2e4-aa5890f9b262] The Player <wqe123420> has primed a TNT at X= -119, Y= 8, Z= 671
[2023-07-20 21:28:46] [world] [48835002-b378-4798-b2e4-aa5890f9b262] The Player <wqe123420> has primed a TNT at X= -1000, Y= 68, Z= -963
[2023-07-20 21:28:47] [world] [48835002-b378-4798-b2e4-aa5890f9b262] The Player <wqe123420> has primed a TNT at X= -1001, Y= 67, Z= -964
[2023-07-20 21:28:47] [world] [48835002-b378-4798-b2e4-aa5890f9b262] The Player <wqe123420> has primed a TNT at X= -1005, Y= 68, Z= -960
[2023-07-20 21:28:48] [world] [48835002-b378-4798-b2e4-aa5890f9b262] The Player <wqe123420> has primed a TNT at X= -1012, Y= 68, Z= -949
[2023-07-20 21:29:21] [world] [48835002-b378-4798-b2e4-aa5890f9b262] The Player <wqe123420> has primed a TNT at X= -1009, Y= 68, Z= -963
