[2023-07-21 16:21:55] [world_nether] [07031eee-c0d3-4ed4-8fa9-6f8ea128abba] The Player <Enderlava> has primed a TNT at X= -48, Y= 10, Z= -103
[2023-07-21 16:22:27] [world_nether] [07031eee-c0d3-4ed4-8fa9-6f8ea128abba] The Player <Enderlava> has primed a TNT at X= -65, Y= 18, Z= -49
[2023-07-21 16:22:39] [world_nether] [07031eee-c0d3-4ed4-8fa9-6f8ea128abba] The Player <Enderlava> has primed a TNT at X= -69, Y= 17, Z= -49
[2023-07-21 16:22:59] [world_nether] [07031eee-c0d3-4ed4-8fa9-6f8ea128abba] The Player <Enderlava> has primed a TNT at X= -65, Y= 18, Z= -39
[2023-07-21 16:23:13] [world_nether] [07031eee-c0d3-4ed4-8fa9-6f8ea128abba] The Player <Enderlava> has primed a TNT at X= -65, Y= 19, Z= -30
[2023-07-21 16:23:39] [world_nether] [07031eee-c0d3-4ed4-8fa9-6f8ea128abba] The Player <Enderlava> has primed a TNT at X= -61, Y= 15, Z= -23
[2023-07-21 16:23:57] [world_nether] [07031eee-c0d3-4ed4-8fa9-6f8ea128abba] The Player <Enderlava> has primed a TNT at X= -65, Y= 14, Z= -18
[2023-07-21 16:24:15] [world_nether] [07031eee-c0d3-4ed4-8fa9-6f8ea128abba] The Player <Enderlava> has primed a TNT at X= -66, Y= 13, Z= -15
[2023-07-21 16:24:15] [world_nether] [07031eee-c0d3-4ed4-8fa9-6f8ea128abba] The Player <Enderlava> has primed a TNT at X= -66, Y= 11, Z= -18
[2023-07-21 16:24:30] [world_nether] [07031eee-c0d3-4ed4-8fa9-6f8ea128abba] The Player <Enderlava> has primed a TNT at X= -66, Y= 13, Z= -15
[2023-07-21 16:24:46] [world_nether] [07031eee-c0d3-4ed4-8fa9-6f8ea128abba] The Player <Enderlava> has primed a TNT at X= -65, Y= 13, Z= -7
[2023-07-21 16:24:59] [world_nether] [07031eee-c0d3-4ed4-8fa9-6f8ea128abba] The Player <Enderlava> has primed a TNT at X= -64, Y= 14, Z= 0
[2023-07-21 16:25:13] [world_nether] [07031eee-c0d3-4ed4-8fa9-6f8ea128abba] The Player <Enderlava> has primed a TNT at X= -65, Y= 13, Z= 7
[2023-07-21 16:25:28] [world_nether] [07031eee-c0d3-4ed4-8fa9-6f8ea128abba] The Player <Enderlava> has primed a TNT at X= -64, Y= 14, Z= 15
[2023-07-21 16:25:35] [world_nether] [07031eee-c0d3-4ed4-8fa9-6f8ea128abba] The Player <Enderlava> has primed a TNT at X= -65, Y= 11, Z= 16
[2023-07-21 16:25:35] [world_nether] [07031eee-c0d3-4ed4-8fa9-6f8ea128abba] The Player <Enderlava> has primed a TNT at X= -63, Y= 10, Z= 17
[2023-07-21 16:26:01] [world_nether] [07031eee-c0d3-4ed4-8fa9-6f8ea128abba] The Player <Enderlava> has primed a TNT at X= -64, Y= 11, Z= 30
[2023-07-21 16:26:13] [world_nether] [07031eee-c0d3-4ed4-8fa9-6f8ea128abba] The Player <Enderlava> has primed a TNT at X= -64, Y= 12, Z= 38
[2023-07-21 16:26:31] [world_nether] [07031eee-c0d3-4ed4-8fa9-6f8ea128abba] The Player <Enderlava> has primed a TNT at X= -64, Y= 11, Z= 45
[2023-07-21 16:26:44] [world_nether] [07031eee-c0d3-4ed4-8fa9-6f8ea128abba] The Player <Enderlava> has primed a TNT at X= -64, Y= 11, Z= 53
[2023-07-21 16:27:19] [world_nether] [07031eee-c0d3-4ed4-8fa9-6f8ea128abba] The Player <Enderlava> has primed a TNT at X= -65, Y= 10, Z= 59
[2023-07-21 16:27:35] [world_nether] [07031eee-c0d3-4ed4-8fa9-6f8ea128abba] The Player <Enderlava> has primed a TNT at X= -65, Y= 10, Z= 66
[2023-07-21 16:29:00] [world_nether] [07031eee-c0d3-4ed4-8fa9-6f8ea128abba] The Player <Enderlava> has primed a TNT at X= -65, Y= 10, Z= 73
[2023-07-21 16:29:18] [world_nether] [07031eee-c0d3-4ed4-8fa9-6f8ea128abba] The Player <Enderlava> has primed a TNT at X= -65, Y= 9, Z= 81
[2023-07-21 16:29:51] [world_nether] [07031eee-c0d3-4ed4-8fa9-6f8ea128abba] The Player <Enderlava> has primed a TNT at X= -65, Y= 8, Z= 88
[2023-07-21 16:30:18] [world_nether] [07031eee-c0d3-4ed4-8fa9-6f8ea128abba] The Player <Enderlava> has primed a TNT at X= -65, Y= 14, Z= 100
[2023-07-21 16:30:36] [world_nether] [07031eee-c0d3-4ed4-8fa9-6f8ea128abba] The Player <Enderlava> has primed a TNT at X= -65, Y= 11, Z= 109
[2023-07-21 16:31:33] [world_nether] [c044cd4d-b2f0-493d-9457-42ab7216df39] The Player <Funget114514> has primed a TNT at X= -76, Y= 14, Z= 69
[2023-07-21 16:32:32] [world_nether] [07031eee-c0d3-4ed4-8fa9-6f8ea128abba] The Player <Enderlava> has primed a TNT at X= -55, Y= 13, Z= 151
[2023-07-21 16:32:42] [world_nether] [07031eee-c0d3-4ed4-8fa9-6f8ea128abba] The Player <Enderlava> has primed a TNT at X= -55, Y= 14, Z= 156
[2023-07-21 16:32:57] [world_nether] [07031eee-c0d3-4ed4-8fa9-6f8ea128abba] The Player <Enderlava> has primed a TNT at X= -55, Y= 15, Z= 165
[2023-07-21 16:32:59] [world_nether] [c044cd4d-b2f0-493d-9457-42ab7216df39] The Player <Funget114514> has primed a TNT at X= -73, Y= 16, Z= 77
[2023-07-21 16:33:11] [world_nether] [c044cd4d-b2f0-493d-9457-42ab7216df39] The Player <Funget114514> has primed a TNT at X= -73, Y= 14, Z= 83
[2023-07-21 16:33:38] [world_nether] [07031eee-c0d3-4ed4-8fa9-6f8ea128abba] The Player <Enderlava> has primed a TNT at X= -65, Y= 15, Z= 176
[2023-07-21 16:33:51] [world_nether] [07031eee-c0d3-4ed4-8fa9-6f8ea128abba] The Player <Enderlava> has primed a TNT at X= -65, Y= 15, Z= 183
[2023-07-21 16:33:52] [world_nether] [c044cd4d-b2f0-493d-9457-42ab7216df39] The Player <Funget114514> has primed a TNT at X= -62, Y= 13, Z= 85
[2023-07-21 16:34:01] [world_nether] [07031eee-c0d3-4ed4-8fa9-6f8ea128abba] The Player <Enderlava> has primed a TNT at X= -64, Y= 15, Z= 190
[2023-07-21 16:34:14] [world_nether] [07031eee-c0d3-4ed4-8fa9-6f8ea128abba] The Player <Enderlava> has primed a TNT at X= -65, Y= 15, Z= 197
[2023-07-21 16:34:24] [world_nether] [07031eee-c0d3-4ed4-8fa9-6f8ea128abba] The Player <Enderlava> has primed a TNT at X= -64, Y= 15, Z= 205
[2023-07-21 16:34:39] [world_nether] [07031eee-c0d3-4ed4-8fa9-6f8ea128abba] The Player <Enderlava> has primed a TNT at X= -64, Y= 15, Z= 212
[2023-07-21 16:34:53] [world_nether] [07031eee-c0d3-4ed4-8fa9-6f8ea128abba] The Player <Enderlava> has primed a TNT at X= -65, Y= 14, Z= 215
[2023-07-21 16:35:07] [world_nether] [07031eee-c0d3-4ed4-8fa9-6f8ea128abba] The Player <Enderlava> has primed a TNT at X= -65, Y= 14, Z= 222
[2023-07-21 16:35:07] [world_nether] [07031eee-c0d3-4ed4-8fa9-6f8ea128abba] The Player <Enderlava> has primed a TNT at X= -65, Y= 14, Z= 226
[2023-07-21 16:35:30] [world_nether] [07031eee-c0d3-4ed4-8fa9-6f8ea128abba] The Player <Enderlava> has primed a TNT at X= -65, Y= 13, Z= 234
[2023-07-21 16:35:58] [world_nether] [07031eee-c0d3-4ed4-8fa9-6f8ea128abba] The Player <Enderlava> has primed a TNT at X= -65, Y= 13, Z= 239
[2023-07-21 16:36:11] [world_nether] [07031eee-c0d3-4ed4-8fa9-6f8ea128abba] The Player <Enderlava> has primed a TNT at X= -65, Y= 12, Z= 249
[2023-07-21 16:36:24] [world_nether] [07031eee-c0d3-4ed4-8fa9-6f8ea128abba] The Player <Enderlava> has primed a TNT at X= -65, Y= 15, Z= 261
[2023-07-21 16:37:20] [world_nether] [07031eee-c0d3-4ed4-8fa9-6f8ea128abba] The Player <Enderlava> has primed a TNT at X= -65, Y= 17, Z= 281
[2023-07-21 16:37:35] [world_nether] [07031eee-c0d3-4ed4-8fa9-6f8ea128abba] The Player <Enderlava> has primed a TNT at X= -65, Y= 16, Z= 291
[2023-07-21 16:37:47] [world_nether] [c044cd4d-b2f0-493d-9457-42ab7216df39] The Player <Funget114514> has primed a TNT at X= -54, Y= 16, Z= 81
[2023-07-21 16:37:52] [world_nether] [07031eee-c0d3-4ed4-8fa9-6f8ea128abba] The Player <Enderlava> has primed a TNT at X= -63, Y= 15, Z= 298
[2023-07-21 16:38:03] [world_nether] [07031eee-c0d3-4ed4-8fa9-6f8ea128abba] The Player <Enderlava> has primed a TNT at X= -64, Y= 15, Z= 307
[2023-07-21 16:39:13] [world_nether] [c044cd4d-b2f0-493d-9457-42ab7216df39] The Player <Funget114514> has primed a TNT at X= -109, Y= 16, Z= 88
[2023-07-21 16:39:32] [world_nether] [c044cd4d-b2f0-493d-9457-42ab7216df39] The Player <Funget114514> has primed a TNT at X= -116, Y= 16, Z= 92
[2023-07-21 16:39:43] [world_nether] [07031eee-c0d3-4ed4-8fa9-6f8ea128abba] The Player <Enderlava> has primed a TNT at X= -64, Y= 16, Z= 315
[2023-07-21 16:39:57] [world_nether] [07031eee-c0d3-4ed4-8fa9-6f8ea128abba] The Player <Enderlava> has primed a TNT at X= -65, Y= 17, Z= 322
[2023-07-21 16:40:15] [world_nether] [07031eee-c0d3-4ed4-8fa9-6f8ea128abba] The Player <Enderlava> has primed a TNT at X= -65, Y= 16, Z= 329
[2023-07-21 16:40:28] [world_nether] [07031eee-c0d3-4ed4-8fa9-6f8ea128abba] The Player <Enderlava> has primed a TNT at X= -65, Y= 16, Z= 338
[2023-07-21 16:40:40] [world_nether] [07031eee-c0d3-4ed4-8fa9-6f8ea128abba] The Player <Enderlava> has primed a TNT at X= -64, Y= 16, Z= 346
[2023-07-21 16:40:51] [world_nether] [07031eee-c0d3-4ed4-8fa9-6f8ea128abba] The Player <Enderlava> has primed a TNT at X= -65, Y= 16, Z= 354
[2023-07-21 16:40:53] [world_nether] [c044cd4d-b2f0-493d-9457-42ab7216df39] The Player <Funget114514> has primed a TNT at X= -125, Y= 15, Z= 87
[2023-07-21 16:40:54] [world_nether] [c044cd4d-b2f0-493d-9457-42ab7216df39] The Player <Funget114514> has primed a TNT at X= -129, Y= 15, Z= 87
[2023-07-21 16:40:55] [world_nether] [c044cd4d-b2f0-493d-9457-42ab7216df39] The Player <Funget114514> has primed a TNT at X= -131, Y= 12, Z= 86
[2023-07-21 16:41:03] [world_nether] [07031eee-c0d3-4ed4-8fa9-6f8ea128abba] The Player <Enderlava> has primed a TNT at X= -65, Y= 15, Z= 363
[2023-07-21 16:41:09] [world_nether] [c044cd4d-b2f0-493d-9457-42ab7216df39] The Player <Funget114514> has primed a TNT at X= -135, Y= 14, Z= 86
[2023-07-21 16:41:10] [world_nether] [c044cd4d-b2f0-493d-9457-42ab7216df39] The Player <Funget114514> has primed a TNT at X= -139, Y= 14, Z= 86
[2023-07-21 16:41:11] [world_nether] [c044cd4d-b2f0-493d-9457-42ab7216df39] The Player <Funget114514> has primed a TNT at X= -143, Y= 13, Z= 86
[2023-07-21 16:41:13] [world_nether] [c044cd4d-b2f0-493d-9457-42ab7216df39] The Player <Funget114514> has primed a TNT at X= -146, Y= 11, Z= 86
[2023-07-21 16:41:25] [world_nether] [07031eee-c0d3-4ed4-8fa9-6f8ea128abba] The Player <Enderlava> has primed a TNT at X= -65, Y= 15, Z= 371
[2023-07-21 16:41:34] [world_nether] [07031eee-c0d3-4ed4-8fa9-6f8ea128abba] The Player <Enderlava> has primed a TNT at X= -65, Y= 15, Z= 379
[2023-07-21 16:41:44] [world_nether] [07031eee-c0d3-4ed4-8fa9-6f8ea128abba] The Player <Enderlava> has primed a TNT at X= -65, Y= 15, Z= 388
[2023-07-21 16:41:59] [world_nether] [07031eee-c0d3-4ed4-8fa9-6f8ea128abba] The Player <Enderlava> has primed a TNT at X= -65, Y= 13, Z= 396
[2023-07-21 16:42:11] [world_nether] [07031eee-c0d3-4ed4-8fa9-6f8ea128abba] The Player <Enderlava> has primed a TNT at X= -65, Y= 15, Z= 405
[2023-07-21 16:42:22] [world_nether] [07031eee-c0d3-4ed4-8fa9-6f8ea128abba] The Player <Enderlava> has primed a TNT at X= -65, Y= 16, Z= 415
[2023-07-21 16:42:53] [world_nether] [07031eee-c0d3-4ed4-8fa9-6f8ea128abba] The Player <Enderlava> has primed a TNT at X= -65, Y= 16, Z= 420
[2023-07-21 16:43:18] [world_nether] [07031eee-c0d3-4ed4-8fa9-6f8ea128abba] The Player <Enderlava> has primed a TNT at X= -65, Y= 15, Z= 428
[2023-07-21 16:43:33] [world_nether] [07031eee-c0d3-4ed4-8fa9-6f8ea128abba] The Player <Enderlava> has primed a TNT at X= -65, Y= 15, Z= 433
[2023-07-21 16:43:46] [world_nether] [07031eee-c0d3-4ed4-8fa9-6f8ea128abba] The Player <Enderlava> has primed a TNT at X= -64, Y= 13, Z= 438
[2023-07-21 16:43:51] [world_nether] [c044cd4d-b2f0-493d-9457-42ab7216df39] The Player <Funget114514> has primed a TNT at X= -165, Y= 9, Z= 75
[2023-07-21 16:44:18] [world_nether] [07031eee-c0d3-4ed4-8fa9-6f8ea128abba] The Player <Enderlava> has primed a TNT at X= -64, Y= 13, Z= 445
[2023-07-21 16:44:29] [world_nether] [07031eee-c0d3-4ed4-8fa9-6f8ea128abba] The Player <Enderlava> has primed a TNT at X= -64, Y= 12, Z= 452
[2023-07-21 16:44:35] [world_nether] [07031eee-c0d3-4ed4-8fa9-6f8ea128abba] The Player <Enderlava> has primed a TNT at X= -67, Y= 13, Z= 443
[2023-07-21 16:44:48] [world_nether] [07031eee-c0d3-4ed4-8fa9-6f8ea128abba] The Player <Enderlava> has primed a TNT at X= -65, Y= 12, Z= 461
[2023-07-21 16:44:52] [world_nether] [c044cd4d-b2f0-493d-9457-42ab7216df39] The Player <Funget114514> has primed a TNT at X= -168, Y= 16, Z= 32
[2023-07-21 16:45:16] [world_nether] [07031eee-c0d3-4ed4-8fa9-6f8ea128abba] The Player <Enderlava> has primed a TNT at X= -65, Y= 13, Z= 465
[2023-07-21 16:45:30] [world_nether] [07031eee-c0d3-4ed4-8fa9-6f8ea128abba] The Player <Enderlava> has primed a TNT at X= -65, Y= 11, Z= 473
[2023-07-21 16:45:45] [world_nether] [07031eee-c0d3-4ed4-8fa9-6f8ea128abba] The Player <Enderlava> has primed a TNT at X= -65, Y= 10, Z= 481
[2023-07-21 16:45:55] [world_nether] [07031eee-c0d3-4ed4-8fa9-6f8ea128abba] The Player <Enderlava> has primed a TNT at X= -56, Y= 10, Z= 479
[2023-07-21 16:46:02] [world_nether] [07031eee-c0d3-4ed4-8fa9-6f8ea128abba] The Player <Enderlava> has primed a TNT at X= -75, Y= 9, Z= 480
[2023-07-21 16:46:25] [world_nether] [07031eee-c0d3-4ed4-8fa9-6f8ea128abba] The Player <Enderlava> has primed a TNT at X= -64, Y= 9, Z= 490
[2023-07-21 16:46:40] [world_nether] [c044cd4d-b2f0-493d-9457-42ab7216df39] The Player <Funget114514> has primed a TNT at X= -167, Y= 16, Z= 21
[2023-07-21 16:46:41] [world_nether] [c044cd4d-b2f0-493d-9457-42ab7216df39] The Player <Funget114514> has primed a TNT at X= -167, Y= 14, Z= 17
[2023-07-21 16:46:42] [world_nether] [c044cd4d-b2f0-493d-9457-42ab7216df39] The Player <Funget114514> has primed a TNT at X= -167, Y= 13, Z= 14
[2023-07-21 16:46:42] [world_nether] [07031eee-c0d3-4ed4-8fa9-6f8ea128abba] The Player <Enderlava> has primed a TNT at X= -65, Y= 10, Z= 495
[2023-07-21 16:46:43] [world_nether] [c044cd4d-b2f0-493d-9457-42ab7216df39] The Player <Funget114514> has primed a TNT at X= -167, Y= 10, Z= 12
[2023-07-21 16:46:53] [world_nether] [07031eee-c0d3-4ed4-8fa9-6f8ea128abba] The Player <Enderlava> has primed a TNT at X= -64, Y= 10, Z= 502
[2023-07-21 16:47:01] [world_nether] [c044cd4d-b2f0-493d-9457-42ab7216df39] The Player <Funget114514> has primed a TNT at X= -167, Y= 16, Z= 9
[2023-07-21 16:47:02] [world_nether] [c044cd4d-b2f0-493d-9457-42ab7216df39] The Player <Funget114514> has primed a TNT at X= -167, Y= 14, Z= 7
[2023-07-21 16:47:02] [world_nether] [c044cd4d-b2f0-493d-9457-42ab7216df39] The Player <Funget114514> has primed a TNT at X= -167, Y= 15, Z= 4
[2023-07-21 16:47:03] [world_nether] [c044cd4d-b2f0-493d-9457-42ab7216df39] The Player <Funget114514> has primed a TNT at X= -167, Y= 12, Z= 2
[2023-07-21 16:47:06] [world_nether] [07031eee-c0d3-4ed4-8fa9-6f8ea128abba] The Player <Enderlava> has primed a TNT at X= -65, Y= 15, Z= 512
[2023-07-21 16:47:11] [world_nether] [c044cd4d-b2f0-493d-9457-42ab7216df39] The Player <Funget114514> has primed a TNT at X= -167, Y= 15, Z= -2
[2023-07-21 16:47:11] [world_nether] [c044cd4d-b2f0-493d-9457-42ab7216df39] The Player <Funget114514> has primed a TNT at X= -167, Y= 16, Z= -6
[2023-07-21 16:47:12] [world_nether] [c044cd4d-b2f0-493d-9457-42ab7216df39] The Player <Funget114514> has primed a TNT at X= -167, Y= 12, Z= -4
[2023-07-21 16:47:12] [world_nether] [c044cd4d-b2f0-493d-9457-42ab7216df39] The Player <Funget114514> has primed a TNT at X= -167, Y= 15, Z= -9
[2023-07-21 16:47:15] [world_nether] [07031eee-c0d3-4ed4-8fa9-6f8ea128abba] The Player <Enderlava> has primed a TNT at X= -65, Y= 14, Z= 506
[2023-07-21 16:47:20] [world_nether] [07031eee-c0d3-4ed4-8fa9-6f8ea128abba] The Player <Enderlava> has primed a TNT at X= -65, Y= 15, Z= 518
[2023-07-21 16:47:34] [world_nether] [07031eee-c0d3-4ed4-8fa9-6f8ea128abba] The Player <Enderlava> has primed a TNT at X= -64, Y= 16, Z= 525
[2023-07-21 16:47:57] [world_nether] [07031eee-c0d3-4ed4-8fa9-6f8ea128abba] The Player <Enderlava> has primed a TNT at X= -64, Y= 16, Z= 531
[2023-07-21 16:48:10] [world_nether] [07031eee-c0d3-4ed4-8fa9-6f8ea128abba] The Player <Enderlava> has primed a TNT at X= -64, Y= 16, Z= 538
[2023-07-21 16:48:11] [world_nether] [07031eee-c0d3-4ed4-8fa9-6f8ea128abba] The Player <Enderlava> has primed a TNT at X= -64, Y= 16, Z= 543
[2023-07-21 16:48:15] [world_nether] [c044cd4d-b2f0-493d-9457-42ab7216df39] The Player <Funget114514> has primed a TNT at X= -194, Y= 17, Z= -8
[2023-07-21 16:48:15] [world_nether] [c044cd4d-b2f0-493d-9457-42ab7216df39] The Player <Funget114514> has primed a TNT at X= -196, Y= 15, Z= -8
[2023-07-21 16:48:15] [world_nether] [c044cd4d-b2f0-493d-9457-42ab7216df39] The Player <Funget114514> has primed a TNT at X= -196, Y= 19, Z= -4
[2023-07-21 16:48:15] [world_nether] [c044cd4d-b2f0-493d-9457-42ab7216df39] The Player <Funget114514> has primed a TNT at X= -192, Y= 16, Z= -4
[2023-07-21 16:48:16] [world_nether] [c044cd4d-b2f0-493d-9457-42ab7216df39] The Player <Funget114514> has primed a TNT at X= -197, Y= 15, Z= -1
[2023-07-21 16:48:25] [world_nether] [07031eee-c0d3-4ed4-8fa9-6f8ea128abba] The Player <Enderlava> has primed a TNT at X= -64, Y= 15, Z= 550
[2023-07-21 16:48:39] [world_nether] [07031eee-c0d3-4ed4-8fa9-6f8ea128abba] The Player <Enderlava> has primed a TNT at X= -64, Y= 18, Z= 558
[2023-07-21 16:48:57] [world_nether] [07031eee-c0d3-4ed4-8fa9-6f8ea128abba] The Player <Enderlava> has primed a TNT at X= -64, Y= 16, Z= 563
[2023-07-21 16:49:07] [world_nether] [07031eee-c0d3-4ed4-8fa9-6f8ea128abba] The Player <Enderlava> has primed a TNT at X= -65, Y= 16, Z= 570
[2023-07-21 16:49:08] [world_nether] [07031eee-c0d3-4ed4-8fa9-6f8ea128abba] The Player <Enderlava> has primed a TNT at X= -65, Y= 13, Z= 571
[2023-07-21 16:49:20] [world_nether] [07031eee-c0d3-4ed4-8fa9-6f8ea128abba] The Player <Enderlava> has primed a TNT at X= -65, Y= 13, Z= 579
[2023-07-21 16:49:31] [world_nether] [07031eee-c0d3-4ed4-8fa9-6f8ea128abba] The Player <Enderlava> has primed a TNT at X= -64, Y= 12, Z= 587
[2023-07-21 16:50:12] [world_nether] [07031eee-c0d3-4ed4-8fa9-6f8ea128abba] The Player <Enderlava> has primed a TNT at X= -49, Y= 11, Z= 594
[2023-07-21 16:50:13] [world_nether] [07031eee-c0d3-4ed4-8fa9-6f8ea128abba] The Player <Enderlava> has primed a TNT at X= -49, Y= 9, Z= 590
[2023-07-21 16:50:31] [world_nether] [c044cd4d-b2f0-493d-9457-42ab7216df39] The Player <Funget114514> has primed a TNT at X= -212, Y= 12, Z= 15
[2023-07-21 16:50:32] [world_nether] [c044cd4d-b2f0-493d-9457-42ab7216df39] The Player <Funget114514> has primed a TNT at X= -212, Y= 11, Z= 18
[2023-07-21 16:50:33] [world_nether] [c044cd4d-b2f0-493d-9457-42ab7216df39] The Player <Funget114514> has primed a TNT at X= -212, Y= 11, Z= 21
[2023-07-21 16:50:34] [world_nether] [07031eee-c0d3-4ed4-8fa9-6f8ea128abba] The Player <Enderlava> has primed a TNT at X= -50, Y= 12, Z= 601
[2023-07-21 16:50:42] [world_nether] [c044cd4d-b2f0-493d-9457-42ab7216df39] The Player <Funget114514> has primed a TNT at X= -212, Y= 12, Z= 24
[2023-07-21 16:50:43] [world_nether] [c044cd4d-b2f0-493d-9457-42ab7216df39] The Player <Funget114514> has primed a TNT at X= -212, Y= 11, Z= 27
[2023-07-21 16:50:44] [world_nether] [c044cd4d-b2f0-493d-9457-42ab7216df39] The Player <Funget114514> has primed a TNT at X= -212, Y= 11, Z= 30
[2023-07-21 16:50:44] [world_nether] [07031eee-c0d3-4ed4-8fa9-6f8ea128abba] The Player <Enderlava> has primed a TNT at X= -49, Y= 11, Z= 610
[2023-07-21 16:50:45] [world_nether] [c044cd4d-b2f0-493d-9457-42ab7216df39] The Player <Funget114514> has primed a TNT at X= -212, Y= 12, Z= 34
[2023-07-21 16:50:46] [world_nether] [c044cd4d-b2f0-493d-9457-42ab7216df39] The Player <Funget114514> has primed a TNT at X= -212, Y= 12, Z= 38
[2023-07-21 16:50:46] [world_nether] [c044cd4d-b2f0-493d-9457-42ab7216df39] The Player <Funget114514> has primed a TNT at X= -213, Y= 8, Z= 31
[2023-07-21 16:50:55] [world_nether] [07031eee-c0d3-4ed4-8fa9-6f8ea128abba] The Player <Enderlava> has primed a TNT at X= -49, Y= 11, Z= 621
[2023-07-21 16:51:58] [world_nether] [07031eee-c0d3-4ed4-8fa9-6f8ea128abba] The Player <Enderlava> has primed a TNT at X= -72, Y= 12, Z= 587
[2023-07-21 16:52:05] [world_nether] [c044cd4d-b2f0-493d-9457-42ab7216df39] The Player <Funget114514> has primed a TNT at X= -210, Y= 12, Z= 73
[2023-07-21 16:52:06] [world_nether] [c044cd4d-b2f0-493d-9457-42ab7216df39] The Player <Funget114514> has primed a TNT at X= -210, Y= 12, Z= 76
[2023-07-21 16:52:07] [world_nether] [c044cd4d-b2f0-493d-9457-42ab7216df39] The Player <Funget114514> has primed a TNT at X= -210, Y= 10, Z= 79
[2023-07-21 16:52:07] [world_nether] [c044cd4d-b2f0-493d-9457-42ab7216df39] The Player <Funget114514> has primed a TNT at X= -210, Y= 10, Z= 82
[2023-07-21 16:52:08] [world_nether] [c044cd4d-b2f0-493d-9457-42ab7216df39] The Player <Funget114514> has primed a TNT at X= -210, Y= 12, Z= 85
[2023-07-21 16:52:09] [world_nether] [c044cd4d-b2f0-493d-9457-42ab7216df39] The Player <Funget114514> has primed a TNT at X= -210, Y= 10, Z= 88
[2023-07-21 16:52:09] [world_nether] [c044cd4d-b2f0-493d-9457-42ab7216df39] The Player <Funget114514> has primed a TNT at X= -210, Y= 9, Z= 91
[2023-07-21 16:52:11] [world_nether] [07031eee-c0d3-4ed4-8fa9-6f8ea128abba] The Player <Enderlava> has primed a TNT at X= -79, Y= 11, Z= 587
[2023-07-21 16:52:28] [world_nether] [07031eee-c0d3-4ed4-8fa9-6f8ea128abba] The Player <Enderlava> has primed a TNT at X= -84, Y= 13, Z= 584
[2023-07-21 16:52:46] [world_nether] [07031eee-c0d3-4ed4-8fa9-6f8ea128abba] The Player <Enderlava> has primed a TNT at X= -91, Y= 14, Z= 584
[2023-07-21 16:52:52] [world_nether] [c044cd4d-b2f0-493d-9457-42ab7216df39] The Player <Funget114514> has primed a TNT at X= -210, Y= 13, Z= 94
[2023-07-21 16:53:27] [world_nether] [07031eee-c0d3-4ed4-8fa9-6f8ea128abba] The Player <Enderlava> has primed a TNT at X= -103, Y= 13, Z= 591
[2023-07-21 16:53:28] [world_nether] [07031eee-c0d3-4ed4-8fa9-6f8ea128abba] The Player <Enderlava> has primed a TNT at X= -103, Y= 13, Z= 588
[2023-07-21 16:53:43] [world_nether] [07031eee-c0d3-4ed4-8fa9-6f8ea128abba] The Player <Enderlava> has primed a TNT at X= -111, Y= 14, Z= 591
[2023-07-21 16:54:09] [world_nether] [c044cd4d-b2f0-493d-9457-42ab7216df39] The Player <Funget114514> has primed a TNT at X= -211, Y= 15, Z= 128
[2023-07-21 16:54:09] [world_nether] [c044cd4d-b2f0-493d-9457-42ab7216df39] The Player <Funget114514> has primed a TNT at X= -211, Y= 15, Z= 132
[2023-07-21 16:54:11] [world_nether] [c044cd4d-b2f0-493d-9457-42ab7216df39] The Player <Funget114514> has primed a TNT at X= -211, Y= 14, Z= 136
[2023-07-21 16:54:25] [world_nether] [c044cd4d-b2f0-493d-9457-42ab7216df39] The Player <Funget114514> has primed a TNT at X= -211, Y= 15, Z= 141
[2023-07-21 16:54:26] [world_nether] [c044cd4d-b2f0-493d-9457-42ab7216df39] The Player <Funget114514> has primed a TNT at X= -211, Y= 13, Z= 144
[2023-07-21 16:54:26] [world_nether] [c044cd4d-b2f0-493d-9457-42ab7216df39] The Player <Funget114514> has primed a TNT at X= -211, Y= 13, Z= 147
[2023-07-21 16:54:28] [world_nether] [c044cd4d-b2f0-493d-9457-42ab7216df39] The Player <Funget114514> has primed a TNT at X= -211, Y= 11, Z= 150
[2023-07-21 16:54:29] [world_nether] [07031eee-c0d3-4ed4-8fa9-6f8ea128abba] The Player <Enderlava> has primed a TNT at X= -136, Y= 15, Z= 591
[2023-07-21 16:54:42] [world_nether] [c044cd4d-b2f0-493d-9457-42ab7216df39] The Player <Funget114514> has primed a TNT at X= -211, Y= 16, Z= 153
[2023-07-21 16:55:03] [world_nether] [07031eee-c0d3-4ed4-8fa9-6f8ea128abba] The Player <Enderlava> has primed a TNT at X= -152, Y= 15, Z= 591
[2023-07-21 16:55:17] [world_nether] [07031eee-c0d3-4ed4-8fa9-6f8ea128abba] The Player <Enderlava> has primed a TNT at X= -159, Y= 15, Z= 592
[2023-07-21 16:55:35] [world_nether] [07031eee-c0d3-4ed4-8fa9-6f8ea128abba] The Player <Enderlava> has primed a TNT at X= -167, Y= 14, Z= 591
[2023-07-21 16:55:41] [world_nether] [c044cd4d-b2f0-493d-9457-42ab7216df39] The Player <Funget114514> has primed a TNT at X= -209, Y= 16, Z= 166
[2023-07-21 16:55:42] [world_nether] [c044cd4d-b2f0-493d-9457-42ab7216df39] The Player <Funget114514> has primed a TNT at X= -209, Y= 15, Z= 170
[2023-07-21 16:55:43] [world_nether] [c044cd4d-b2f0-493d-9457-42ab7216df39] The Player <Funget114514> has primed a TNT at X= -209, Y= 15, Z= 173
[2023-07-21 16:55:44] [world_nether] [c044cd4d-b2f0-493d-9457-42ab7216df39] The Player <Funget114514> has primed a TNT at X= -209, Y= 12, Z= 176
[2023-07-21 16:55:44] [world_nether] [c044cd4d-b2f0-493d-9457-42ab7216df39] The Player <Funget114514> has primed a TNT at X= -209, Y= 14, Z= 178
[2023-07-21 16:55:44] [world_nether] [c044cd4d-b2f0-493d-9457-42ab7216df39] The Player <Funget114514> has primed a TNT at X= -209, Y= 15, Z= 180
[2023-07-21 16:55:45] [world_nether] [07031eee-c0d3-4ed4-8fa9-6f8ea128abba] The Player <Enderlava> has primed a TNT at X= -172, Y= 11, Z= 590
[2023-07-21 16:55:50] [world_nether] [07031eee-c0d3-4ed4-8fa9-6f8ea128abba] The Player <Enderlava> has primed a TNT at X= -167, Y= 12, Z= 598
[2023-07-21 16:56:01] [world_nether] [07031eee-c0d3-4ed4-8fa9-6f8ea128abba] The Player <Enderlava> has primed a TNT at X= -167, Y= 13, Z= 587
[2023-07-21 16:56:17] [world_nether] [07031eee-c0d3-4ed4-8fa9-6f8ea128abba] The Player <Enderlava> has primed a TNT at X= -193, Y= 14, Z= 592
[2023-07-21 16:56:26] [world_nether] [07031eee-c0d3-4ed4-8fa9-6f8ea128abba] The Player <Enderlava> has primed a TNT at X= -188, Y= 13, Z= 592
[2023-07-21 16:56:46] [world_nether] [07031eee-c0d3-4ed4-8fa9-6f8ea128abba] The Player <Enderlava> has primed a TNT at X= -199, Y= 14, Z= 593
[2023-07-21 16:57:14] [world_nether] [07031eee-c0d3-4ed4-8fa9-6f8ea128abba] The Player <Enderlava> has primed a TNT at X= -200, Y= 12, Z= 607
[2023-07-21 16:57:28] [world_nether] [07031eee-c0d3-4ed4-8fa9-6f8ea128abba] The Player <Enderlava> has primed a TNT at X= -191, Y= 13, Z= 607
[2023-07-21 16:57:48] [world_nether] [07031eee-c0d3-4ed4-8fa9-6f8ea128abba] The Player <Enderlava> has primed a TNT at X= -191, Y= 12, Z= 617
[2023-07-21 16:58:04] [world_nether] [07031eee-c0d3-4ed4-8fa9-6f8ea128abba] The Player <Enderlava> has primed a TNT at X= -191, Y= 13, Z= 623
[2023-07-21 16:58:14] [world_nether] [07031eee-c0d3-4ed4-8fa9-6f8ea128abba] The Player <Enderlava> has primed a TNT at X= -195, Y= 12, Z= 623
[2023-07-21 16:58:22] [world_nether] [07031eee-c0d3-4ed4-8fa9-6f8ea128abba] The Player <Enderlava> has primed a TNT at X= -188, Y= 11, Z= 623
[2023-07-21 16:58:29] [world_nether] [07031eee-c0d3-4ed4-8fa9-6f8ea128abba] The Player <Enderlava> has primed a TNT at X= -192, Y= 12, Z= 632
[2023-07-21 16:58:56] [world_nether] [07031eee-c0d3-4ed4-8fa9-6f8ea128abba] The Player <Enderlava> has primed a TNT at X= -193, Y= 12, Z= 639
[2023-07-21 16:59:18] [world_nether] [07031eee-c0d3-4ed4-8fa9-6f8ea128abba] The Player <Enderlava> has primed a TNT at X= -192, Y= 16, Z= 649
[2023-07-21 16:59:33] [world_nether] [07031eee-c0d3-4ed4-8fa9-6f8ea128abba] The Player <Enderlava> has primed a TNT at X= -199, Y= 16, Z= 649
[2023-07-21 16:59:57] [world_nether] [07031eee-c0d3-4ed4-8fa9-6f8ea128abba] The Player <Enderlava> has primed a TNT at X= -185, Y= 16, Z= 649
[2023-07-21 17:00:15] [world_nether] [07031eee-c0d3-4ed4-8fa9-6f8ea128abba] The Player <Enderlava> has primed a TNT at X= -186, Y= 15, Z= 658
[2023-07-21 17:00:50] [world_nether] [07031eee-c0d3-4ed4-8fa9-6f8ea128abba] The Player <Enderlava> has primed a TNT at X= -185, Y= 13, Z= 685
[2023-07-21 17:00:51] [world_nether] [07031eee-c0d3-4ed4-8fa9-6f8ea128abba] The Player <Enderlava> has primed a TNT at X= -185, Y= 13, Z= 676
[2023-07-21 17:00:57] [world_nether] [07031eee-c0d3-4ed4-8fa9-6f8ea128abba] The Player <Enderlava> has primed a TNT at X= -185, Y= 13, Z= 669
[2023-07-21 17:49:25] [world_nether] [48835002-b378-4798-b2e4-aa5890f9b262] The Player <wqe123420> has primed a TNT at X= -323, Y= 14, Z= -763
[2023-07-21 17:54:17] [world_nether] [48835002-b378-4798-b2e4-aa5890f9b262] The Player <wqe123420> has primed a TNT at X= -233, Y= 15, Z= -880
[2023-07-21 17:54:17] [world_nether] [48835002-b378-4798-b2e4-aa5890f9b262] The Player <wqe123420> has primed a TNT at X= -231, Y= 14, Z= -880
[2023-07-21 17:54:18] [world_nether] [48835002-b378-4798-b2e4-aa5890f9b262] The Player <wqe123420> has primed a TNT at X= -227, Y= 14, Z= -880
[2023-07-21 17:54:18] [world_nether] [48835002-b378-4798-b2e4-aa5890f9b262] The Player <wqe123420> has primed a TNT at X= -226, Y= 16, Z= -880
[2023-07-21 17:54:18] [world_nether] [48835002-b378-4798-b2e4-aa5890f9b262] The Player <wqe123420> has primed a TNT at X= -221, Y= 15, Z= -880
[2023-07-21 17:54:19] [world_nether] [48835002-b378-4798-b2e4-aa5890f9b262] The Player <wqe123420> has primed a TNT at X= -223, Y= 11, Z= -880
[2023-07-21 17:54:19] [world_nether] [48835002-b378-4798-b2e4-aa5890f9b262] The Player <wqe123420> has primed a TNT at X= -223, Y= 10, Z= -877
[2023-07-21 17:54:19] [world_nether] [48835002-b378-4798-b2e4-aa5890f9b262] The Player <wqe123420> has primed a TNT at X= -217, Y= 15, Z= -880
[2023-07-21 17:54:20] [world_nether] [48835002-b378-4798-b2e4-aa5890f9b262] The Player <wqe123420> has primed a TNT at X= -226, Y= 13, Z= -880
[2023-07-21 17:54:20] [world_nether] [48835002-b378-4798-b2e4-aa5890f9b262] The Player <wqe123420> has primed a TNT at X= -213, Y= 15, Z= -880
[2023-07-21 17:54:20] [world_nether] [48835002-b378-4798-b2e4-aa5890f9b262] The Player <wqe123420> has primed a TNT at X= -210, Y= 14, Z= -880
[2023-07-21 17:54:21] [world_nether] [48835002-b378-4798-b2e4-aa5890f9b262] The Player <wqe123420> has primed a TNT at X= -216, Y= 10, Z= -879
[2023-07-21 17:54:21] [world_nether] [48835002-b378-4798-b2e4-aa5890f9b262] The Player <wqe123420> has primed a TNT at X= -206, Y= 15, Z= -880
[2023-07-21 17:54:22] [world_nether] [48835002-b378-4798-b2e4-aa5890f9b262] The Player <wqe123420> has primed a TNT at X= -206, Y= 12, Z= -878
[2023-07-21 17:54:22] [world_nether] [48835002-b378-4798-b2e4-aa5890f9b262] The Player <wqe123420> has primed a TNT at X= -203, Y= 14, Z= -879
[2023-07-21 17:54:22] [world_nether] [48835002-b378-4798-b2e4-aa5890f9b262] The Player <wqe123420> has primed a TNT at X= -202, Y= 17, Z= -882
[2023-07-21 17:54:22] [world_nether] [48835002-b378-4798-b2e4-aa5890f9b262] The Player <wqe123420> has primed a TNT at X= -198, Y= 16, Z= -881
[2023-07-21 17:54:23] [world_nether] [48835002-b378-4798-b2e4-aa5890f9b262] The Player <wqe123420> has primed a TNT at X= -195, Y= 15, Z= -880
[2023-07-21 17:54:23] [world_nether] [48835002-b378-4798-b2e4-aa5890f9b262] The Player <wqe123420> has primed a TNT at X= -198, Y= 11, Z= -877
[2023-07-21 17:54:23] [world_nether] [48835002-b378-4798-b2e4-aa5890f9b262] The Player <wqe123420> has primed a TNT at X= -204, Y= 10, Z= -881
[2023-07-21 17:54:23] [world_nether] [48835002-b378-4798-b2e4-aa5890f9b262] The Player <wqe123420> has primed a TNT at X= -191, Y= 15, Z= -880
[2023-07-21 17:54:24] [world_nether] [48835002-b378-4798-b2e4-aa5890f9b262] The Player <wqe123420> has primed a TNT at X= -194, Y= 10, Z= -881
[2023-07-21 17:54:24] [world_nether] [48835002-b378-4798-b2e4-aa5890f9b262] The Player <wqe123420> has primed a TNT at X= -188, Y= 12, Z= -880
[2023-07-21 17:54:24] [world_nether] [48835002-b378-4798-b2e4-aa5890f9b262] The Player <wqe123420> has primed a TNT at X= -185, Y= 15, Z= -880
[2023-07-21 17:54:24] [world_nether] [48835002-b378-4798-b2e4-aa5890f9b262] The Player <wqe123420> has primed a TNT at X= -190, Y= 15, Z= -880
[2023-07-21 17:54:25] [world_nether] [48835002-b378-4798-b2e4-aa5890f9b262] The Player <wqe123420> has primed a TNT at X= -181, Y= 15, Z= -880
[2023-07-21 17:54:26] [world_nether] [48835002-b378-4798-b2e4-aa5890f9b262] The Player <wqe123420> has primed a TNT at X= -182, Y= 12, Z= -880
[2023-07-21 17:54:26] [world_nether] [48835002-b378-4798-b2e4-aa5890f9b262] The Player <wqe123420> has primed a TNT at X= -177, Y= 13, Z= -880
[2023-07-21 17:54:26] [world_nether] [48835002-b378-4798-b2e4-aa5890f9b262] The Player <wqe123420> has primed a TNT at X= -177, Y= 17, Z= -879
[2023-07-21 17:54:27] [world_nether] [48835002-b378-4798-b2e4-aa5890f9b262] The Player <wqe123420> has primed a TNT at X= -173, Y= 13, Z= -881
[2023-07-21 17:54:27] [world_nether] [48835002-b378-4798-b2e4-aa5890f9b262] The Player <wqe123420> has primed a TNT at X= -173, Y= 13, Z= -879
[2023-07-21 17:54:28] [world_nether] [48835002-b378-4798-b2e4-aa5890f9b262] The Player <wqe123420> has primed a TNT at X= -169, Y= 10, Z= -882
[2023-07-21 17:54:28] [world_nether] [48835002-b378-4798-b2e4-aa5890f9b262] The Player <wqe123420> has primed a TNT at X= -169, Y= 14, Z= -880
[2023-07-21 17:54:29] [world_nether] [48835002-b378-4798-b2e4-aa5890f9b262] The Player <wqe123420> has primed a TNT at X= -165, Y= 14, Z= -880
[2023-07-21 17:54:29] [world_nether] [48835002-b378-4798-b2e4-aa5890f9b262] The Player <wqe123420> has primed a TNT at X= -169, Y= 14, Z= -880
[2023-07-21 17:54:30] [world_nether] [48835002-b378-4798-b2e4-aa5890f9b262] The Player <wqe123420> has primed a TNT at X= -161, Y= 15, Z= -880
[2023-07-21 17:54:30] [world_nether] [48835002-b378-4798-b2e4-aa5890f9b262] The Player <wqe123420> has primed a TNT at X= -165, Y= 12, Z= -880
[2023-07-21 17:54:30] [world_nether] [48835002-b378-4798-b2e4-aa5890f9b262] The Player <wqe123420> has primed a TNT at X= -158, Y= 15, Z= -880
[2023-07-21 17:54:30] [world_nether] [48835002-b378-4798-b2e4-aa5890f9b262] The Player <wqe123420> has primed a TNT at X= -155, Y= 12, Z= -880
[2023-07-21 17:54:31] [world_nether] [48835002-b378-4798-b2e4-aa5890f9b262] The Player <wqe123420> has primed a TNT at X= -151, Y= 15, Z= -880
[2023-07-21 17:54:32] [world_nether] [48835002-b378-4798-b2e4-aa5890f9b262] The Player <wqe123420> has primed a TNT at X= -157, Y= 13, Z= -882
[2023-07-21 17:54:32] [world_nether] [48835002-b378-4798-b2e4-aa5890f9b262] The Player <wqe123420> has primed a TNT at X= -152, Y= 11, Z= -880
[2023-07-21 17:54:33] [world_nether] [48835002-b378-4798-b2e4-aa5890f9b262] The Player <wqe123420> has primed a TNT at X= -148, Y= 12, Z= -879
[2023-07-21 17:54:33] [world_nether] [48835002-b378-4798-b2e4-aa5890f9b262] The Player <wqe123420> has primed a TNT at X= -146, Y= 15, Z= -880
[2023-07-21 17:54:34] [world_nether] [48835002-b378-4798-b2e4-aa5890f9b262] The Player <wqe123420> has primed a TNT at X= -144, Y= 10, Z= -879
[2023-07-21 17:54:34] [world_nether] [48835002-b378-4798-b2e4-aa5890f9b262] The Player <wqe123420> has primed a TNT at X= -143, Y= 15, Z= -880
[2023-07-21 17:54:35] [world_nether] [48835002-b378-4798-b2e4-aa5890f9b262] The Player <wqe123420> has primed a TNT at X= -139, Y= 15, Z= -880
[2023-07-21 17:54:35] [world_nether] [48835002-b378-4798-b2e4-aa5890f9b262] The Player <wqe123420> has primed a TNT at X= -143, Y= 14, Z= -880
[2023-07-21 17:54:36] [world_nether] [48835002-b378-4798-b2e4-aa5890f9b262] The Player <wqe123420> has primed a TNT at X= -136, Y= 15, Z= -880
[2023-07-21 17:54:36] [world_nether] [48835002-b378-4798-b2e4-aa5890f9b262] The Player <wqe123420> has primed a TNT at X= -133, Y= 14, Z= -880
[2023-07-21 17:54:36] [world_nether] [48835002-b378-4798-b2e4-aa5890f9b262] The Player <wqe123420> has primed a TNT at X= -139, Y= 17, Z= -877
[2023-07-21 17:54:36] [world_nether] [48835002-b378-4798-b2e4-aa5890f9b262] The Player <wqe123420> has primed a TNT at X= -129, Y= 16, Z= -879
[2023-07-21 17:54:36] [world_nether] [48835002-b378-4798-b2e4-aa5890f9b262] The Player <wqe123420> has primed a TNT at X= -127, Y= 13, Z= -882
[2023-07-21 17:54:37] [world_nether] [48835002-b378-4798-b2e4-aa5890f9b262] The Player <wqe123420> has primed a TNT at X= -125, Y= 16, Z= -878
[2023-07-21 17:54:37] [world_nether] [48835002-b378-4798-b2e4-aa5890f9b262] The Player <wqe123420> has primed a TNT at X= -134, Y= 11, Z= -883
[2023-07-21 17:54:37] [world_nether] [48835002-b378-4798-b2e4-aa5890f9b262] The Player <wqe123420> has primed a TNT at X= -123, Y= 13, Z= -882
[2023-07-21 17:54:38] [world_nether] [48835002-b378-4798-b2e4-aa5890f9b262] The Player <wqe123420> has primed a TNT at X= -121, Y= 14, Z= -879
[2023-07-21 17:54:38] [world_nether] [48835002-b378-4798-b2e4-aa5890f9b262] The Player <wqe123420> has primed a TNT at X= -117, Y= 14, Z= -881
[2023-07-21 17:54:38] [world_nether] [48835002-b378-4798-b2e4-aa5890f9b262] The Player <wqe123420> has primed a TNT at X= -118, Y= 10, Z= -883
[2023-07-21 17:54:39] [world_nether] [48835002-b378-4798-b2e4-aa5890f9b262] The Player <wqe123420> has primed a TNT at X= -122, Y= 14, Z= -876
[2023-07-21 17:54:39] [world_nether] [48835002-b378-4798-b2e4-aa5890f9b262] The Player <wqe123420> has primed a TNT at X= -114, Y= 12, Z= -880
[2023-07-21 17:54:39] [world_nether] [48835002-b378-4798-b2e4-aa5890f9b262] The Player <wqe123420> has primed a TNT at X= -117, Y= 14, Z= -879
[2023-07-21 17:54:40] [world_nether] [48835002-b378-4798-b2e4-aa5890f9b262] The Player <wqe123420> has primed a TNT at X= -111, Y= 12, Z= -881
[2023-07-21 17:54:41] [world_nether] [48835002-b378-4798-b2e4-aa5890f9b262] The Player <wqe123420> has primed a TNT at X= -110, Y= 8, Z= -880
[2023-07-21 17:56:04] [world_nether] [48835002-b378-4798-b2e4-aa5890f9b262] The Player <wqe123420> has primed a TNT at X= -108, Y= 5, Z= -880
[2023-07-21 17:56:04] [world_nether] [48835002-b378-4798-b2e4-aa5890f9b262] The Player <wqe123420> has primed a TNT at X= -106, Y= 15, Z= -880
[2023-07-21 17:56:05] [world_nether] [48835002-b378-4798-b2e4-aa5890f9b262] The Player <wqe123420> has primed a TNT at X= -104, Y= 14, Z= -880
[2023-07-21 17:56:05] [world_nether] [48835002-b378-4798-b2e4-aa5890f9b262] The Player <wqe123420> has primed a TNT at X= -100, Y= 13, Z= -880
[2023-07-21 17:56:06] [world_nether] [48835002-b378-4798-b2e4-aa5890f9b262] The Player <wqe123420> has primed a TNT at X= -102, Y= 10, Z= -882
[2023-07-21 17:56:06] [world_nether] [48835002-b378-4798-b2e4-aa5890f9b262] The Player <wqe123420> has primed a TNT at X= -98, Y= 11, Z= -879
[2023-07-21 17:56:07] [world_nether] [48835002-b378-4798-b2e4-aa5890f9b262] The Player <wqe123420> has primed a TNT at X= -96, Y= 12, Z= -880
[2023-07-21 17:56:08] [world_nether] [48835002-b378-4798-b2e4-aa5890f9b262] The Player <wqe123420> has primed a TNT at X= -94, Y= 11, Z= -880
[2023-07-21 17:56:09] [world_nether] [48835002-b378-4798-b2e4-aa5890f9b262] The Player <wqe123420> has primed a TNT at X= -92, Y= 14, Z= -880
[2023-07-21 17:56:10] [world_nether] [48835002-b378-4798-b2e4-aa5890f9b262] The Player <wqe123420> has primed a TNT at X= -88, Y= 12, Z= -880
[2023-07-21 17:56:10] [world_nether] [48835002-b378-4798-b2e4-aa5890f9b262] The Player <wqe123420> has primed a TNT at X= -92, Y= 8, Z= -880
[2023-07-21 17:56:11] [world_nether] [48835002-b378-4798-b2e4-aa5890f9b262] The Player <wqe123420> has primed a TNT at X= -86, Y= 8, Z= -880
[2023-07-21 17:56:19] [world_nether] [48835002-b378-4798-b2e4-aa5890f9b262] The Player <wqe123420> has primed a TNT at X= -84, Y= 15, Z= -880
[2023-07-21 17:56:20] [world_nether] [48835002-b378-4798-b2e4-aa5890f9b262] The Player <wqe123420> has primed a TNT at X= -82, Y= 12, Z= -880
[2023-07-21 17:56:20] [world_nether] [48835002-b378-4798-b2e4-aa5890f9b262] The Player <wqe123420> has primed a TNT at X= -80, Y= 15, Z= -880
[2023-07-21 17:56:21] [world_nether] [48835002-b378-4798-b2e4-aa5890f9b262] The Player <wqe123420> has primed a TNT at X= -78, Y= 11, Z= -880
[2023-07-21 17:56:22] [world_nether] [48835002-b378-4798-b2e4-aa5890f9b262] The Player <wqe123420> has primed a TNT at X= -74, Y= 15, Z= -880
[2023-07-21 17:56:22] [world_nether] [48835002-b378-4798-b2e4-aa5890f9b262] The Player <wqe123420> has primed a TNT at X= -75, Y= 13, Z= -880
[2023-07-21 17:56:23] [world_nether] [48835002-b378-4798-b2e4-aa5890f9b262] The Player <wqe123420> has primed a TNT at X= -69, Y= 15, Z= -880
[2023-07-21 17:56:23] [world_nether] [48835002-b378-4798-b2e4-aa5890f9b262] The Player <wqe123420> has primed a TNT at X= -70, Y= 13, Z= -880
[2023-07-21 17:56:23] [world_nether] [48835002-b378-4798-b2e4-aa5890f9b262] The Player <wqe123420> has primed a TNT at X= -65, Y= 15, Z= -880
[2023-07-21 17:56:24] [world_nether] [48835002-b378-4798-b2e4-aa5890f9b262] The Player <wqe123420> has primed a TNT at X= -65, Y= 16, Z= -879
[2023-07-21 17:56:24] [world_nether] [48835002-b378-4798-b2e4-aa5890f9b262] The Player <wqe123420> has primed a TNT at X= -61, Y= 13, Z= -880
[2023-07-21 17:56:24] [world_nether] [48835002-b378-4798-b2e4-aa5890f9b262] The Player <wqe123420> has primed a TNT at X= -58, Y= 17, Z= -882
[2023-07-21 17:56:25] [world_nether] [48835002-b378-4798-b2e4-aa5890f9b262] The Player <wqe123420> has primed a TNT at X= -58, Y= 13, Z= -879
[2023-07-21 17:56:26] [world_nether] [48835002-b378-4798-b2e4-aa5890f9b262] The Player <wqe123420> has primed a TNT at X= -54, Y= 13, Z= -881
[2023-07-21 17:56:26] [world_nether] [48835002-b378-4798-b2e4-aa5890f9b262] The Player <wqe123420> has primed a TNT at X= -55, Y= 10, Z= -877
[2023-07-21 17:58:45] [world_nether] [c044cd4d-b2f0-493d-9457-42ab7216df39] The Player <Funget114514> has primed a TNT at X= -10, Y= 14, Z= -880
[2023-07-21 17:58:46] [world_nether] [c044cd4d-b2f0-493d-9457-42ab7216df39] The Player <Funget114514> has primed a TNT at X= -8, Y= 13, Z= -880
[2023-07-21 17:58:47] [world_nether] [c044cd4d-b2f0-493d-9457-42ab7216df39] The Player <Funget114514> has primed a TNT at X= -5, Y= 14, Z= -880
[2023-07-21 17:58:48] [world_nether] [c044cd4d-b2f0-493d-9457-42ab7216df39] The Player <Funget114514> has primed a TNT at X= -4, Y= 12, Z= -880
[2023-07-21 17:58:48] [world_nether] [c044cd4d-b2f0-493d-9457-42ab7216df39] The Player <Funget114514> has primed a TNT at X= 0, Y= 15, Z= -880
[2023-07-21 17:58:48] [world_nether] [c044cd4d-b2f0-493d-9457-42ab7216df39] The Player <Funget114514> has primed a TNT at X= -1, Y= 9, Z= -879
[2023-07-21 17:58:49] [world_nether] [c044cd4d-b2f0-493d-9457-42ab7216df39] The Player <Funget114514> has primed a TNT at X= 3, Y= 15, Z= -880
[2023-07-21 17:58:49] [world_nether] [c044cd4d-b2f0-493d-9457-42ab7216df39] The Player <Funget114514> has primed a TNT at X= 5, Y= 12, Z= -880
[2023-07-21 17:58:50] [world_nether] [c044cd4d-b2f0-493d-9457-42ab7216df39] The Player <Funget114514> has primed a TNT at X= 7, Y= 13, Z= -880
[2023-07-21 17:58:50] [world_nether] [c044cd4d-b2f0-493d-9457-42ab7216df39] The Player <Funget114514> has primed a TNT at X= 10, Y= 13, Z= -879
[2023-07-21 18:00:06] [world_nether] [48835002-b378-4798-b2e4-aa5890f9b262] The Player <wqe123420> has primed a TNT at X= 21, Y= 15, Z= -880
[2023-07-21 18:00:07] [world_nether] [48835002-b378-4798-b2e4-aa5890f9b262] The Player <wqe123420> has primed a TNT at X= 25, Y= 14, Z= -880
[2023-07-21 18:00:07] [world_nether] [48835002-b378-4798-b2e4-aa5890f9b262] The Player <wqe123420> has primed a TNT at X= 18, Y= 13, Z= -881
[2023-07-21 18:00:07] [world_nether] [48835002-b378-4798-b2e4-aa5890f9b262] The Player <wqe123420> has primed a TNT at X= 27, Y= 14, Z= -880
[2023-07-21 18:00:07] [world_nether] [48835002-b378-4798-b2e4-aa5890f9b262] The Player <wqe123420> has primed a TNT at X= 31, Y= 15, Z= -880
[2023-07-21 18:00:08] [world_nether] [48835002-b378-4798-b2e4-aa5890f9b262] The Player <wqe123420> has primed a TNT at X= 33, Y= 13, Z= -883
[2023-07-21 18:00:08] [world_nether] [48835002-b378-4798-b2e4-aa5890f9b262] The Player <wqe123420> has primed a TNT at X= 33, Y= 14, Z= -878
[2023-07-21 18:00:09] [world_nether] [48835002-b378-4798-b2e4-aa5890f9b262] The Player <wqe123420> has primed a TNT at X= 36, Y= 11, Z= -881
[2023-07-21 18:00:10] [world_nether] [48835002-b378-4798-b2e4-aa5890f9b262] The Player <wqe123420> has primed a TNT at X= 37, Y= 13, Z= -879
[2023-07-21 18:00:10] [world_nether] [48835002-b378-4798-b2e4-aa5890f9b262] The Player <wqe123420> has primed a TNT at X= 38, Y= 11, Z= -881
[2023-07-21 18:00:10] [world_nether] [48835002-b378-4798-b2e4-aa5890f9b262] The Player <wqe123420> has primed a TNT at X= 41, Y= 12, Z= -879
[2023-07-21 18:00:11] [world_nether] [48835002-b378-4798-b2e4-aa5890f9b262] The Player <wqe123420> has primed a TNT at X= 44, Y= 10, Z= -883
[2023-07-21 18:00:11] [world_nether] [48835002-b378-4798-b2e4-aa5890f9b262] The Player <wqe123420> has primed a TNT at X= 46, Y= 15, Z= -880
[2023-07-21 18:00:12] [world_nether] [48835002-b378-4798-b2e4-aa5890f9b262] The Player <wqe123420> has primed a TNT at X= 50, Y= 15, Z= -880
[2023-07-21 18:00:12] [world_nether] [48835002-b378-4798-b2e4-aa5890f9b262] The Player <wqe123420> has primed a TNT at X= 38, Y= 9, Z= -875
[2023-07-21 18:00:12] [world_nether] [48835002-b378-4798-b2e4-aa5890f9b262] The Player <wqe123420> has primed a TNT at X= 38, Y= 7, Z= -880
[2023-07-21 18:00:13] [world_nether] [48835002-b378-4798-b2e4-aa5890f9b262] The Player <wqe123420> has primed a TNT at X= 52, Y= 13, Z= -880
[2023-07-21 18:00:13] [world_nether] [c044cd4d-b2f0-493d-9457-42ab7216df39] The Player <Funget114514> has primed a TNT at X= 41, Y= 11, Z= -885
[2023-07-21 18:00:13] [world_nether] [48835002-b378-4798-b2e4-aa5890f9b262] The Player <wqe123420> has primed a TNT at X= 55, Y= 14, Z= -880
[2023-07-21 18:02:30] [world_nether] [48835002-b378-4798-b2e4-aa5890f9b262] The Player <wqe123420> has primed a TNT at X= 63, Y= 11, Z= -872
[2023-07-21 18:02:31] [world_nether] [48835002-b378-4798-b2e4-aa5890f9b262] The Player <wqe123420> has primed a TNT at X= 63, Y= 11, Z= -868
[2023-07-21 18:02:31] [world_nether] [48835002-b378-4798-b2e4-aa5890f9b262] The Player <wqe123420> has primed a TNT at X= 63, Y= 9, Z= -870
[2023-07-21 18:02:32] [world_nether] [48835002-b378-4798-b2e4-aa5890f9b262] The Player <wqe123420> has primed a TNT at X= 63, Y= 11, Z= -863
[2023-07-21 18:02:32] [world_nether] [48835002-b378-4798-b2e4-aa5890f9b262] The Player <wqe123420> has primed a TNT at X= 63, Y= 12, Z= -863
[2023-07-21 18:02:32] [world_nether] [48835002-b378-4798-b2e4-aa5890f9b262] The Player <wqe123420> has primed a TNT at X= 63, Y= 9, Z= -860
[2023-07-21 18:02:33] [world_nether] [48835002-b378-4798-b2e4-aa5890f9b262] The Player <wqe123420> has primed a TNT at X= 63, Y= 9, Z= -858
[2023-07-21 18:02:33] [world_nether] [48835002-b378-4798-b2e4-aa5890f9b262] The Player <wqe123420> has primed a TNT at X= 63, Y= 12, Z= -856
[2023-07-21 18:02:33] [world_nether] [48835002-b378-4798-b2e4-aa5890f9b262] The Player <wqe123420> has primed a TNT at X= 66, Y= 5, Z= -860
[2023-07-21 18:02:34] [world_nether] [48835002-b378-4798-b2e4-aa5890f9b262] The Player <wqe123420> has primed a TNT at X= 63, Y= 11, Z= -851
[2023-07-21 18:02:34] [world_nether] [48835002-b378-4798-b2e4-aa5890f9b262] The Player <wqe123420> has primed a TNT at X= 63, Y= 11, Z= -846
[2023-07-21 18:02:34] [world_nether] [48835002-b378-4798-b2e4-aa5890f9b262] The Player <wqe123420> has primed a TNT at X= 63, Y= 7, Z= -853
[2023-07-21 18:02:34] [world_nether] [48835002-b378-4798-b2e4-aa5890f9b262] The Player <wqe123420> has primed a TNT at X= 63, Y= 11, Z= -851
[2023-07-21 18:02:35] [world_nether] [48835002-b378-4798-b2e4-aa5890f9b262] The Player <wqe123420> has primed a TNT at X= 62, Y= 7, Z= -850
[2023-07-21 18:02:35] [world_nether] [48835002-b378-4798-b2e4-aa5890f9b262] The Player <wqe123420> has primed a TNT at X= 63, Y= 11, Z= -842
[2023-07-21 18:02:35] [world_nether] [48835002-b378-4798-b2e4-aa5890f9b262] The Player <wqe123420> has primed a TNT at X= 63, Y= 8, Z= -843
[2023-07-21 18:02:36] [world_nether] [48835002-b378-4798-b2e4-aa5890f9b262] The Player <wqe123420> has primed a TNT at X= 62, Y= 10, Z= -838
[2023-07-21 18:02:36] [world_nether] [48835002-b378-4798-b2e4-aa5890f9b262] The Player <wqe123420> has primed a TNT at X= 63, Y= 7, Z= -838
[2023-07-21 18:02:37] [world_nether] [48835002-b378-4798-b2e4-aa5890f9b262] The Player <wqe123420> has primed a TNT at X= 63, Y= 9, Z= -835
[2023-07-21 18:02:37] [world_nether] [48835002-b378-4798-b2e4-aa5890f9b262] The Player <wqe123420> has primed a TNT at X= 63, Y= 10, Z= -832
[2023-07-21 18:02:38] [world_nether] [48835002-b378-4798-b2e4-aa5890f9b262] The Player <wqe123420> has primed a TNT at X= 65, Y= 13, Z= -833
[2023-07-21 18:02:38] [world_nether] [48835002-b378-4798-b2e4-aa5890f9b262] The Player <wqe123420> has primed a TNT at X= 61, Y= 8, Z= -829
[2023-07-21 18:02:38] [world_nether] [48835002-b378-4798-b2e4-aa5890f9b262] The Player <wqe123420> has primed a TNT at X= 63, Y= 10, Z= -828
[2023-07-21 18:02:39] [world_nether] [48835002-b378-4798-b2e4-aa5890f9b262] The Player <wqe123420> has primed a TNT at X= 63, Y= 9, Z= -824
[2023-07-21 18:02:39] [world_nether] [48835002-b378-4798-b2e4-aa5890f9b262] The Player <wqe123420> has primed a TNT at X= 61, Y= 6, Z= -833
[2023-07-21 18:02:39] [world_nether] [48835002-b378-4798-b2e4-aa5890f9b262] The Player <wqe123420> has primed a TNT at X= 63, Y= 10, Z= -822
[2023-07-21 18:02:40] [world_nether] [48835002-b378-4798-b2e4-aa5890f9b262] The Player <wqe123420> has primed a TNT at X= 63, Y= 11, Z= -818
[2023-07-21 18:02:40] [world_nether] [48835002-b378-4798-b2e4-aa5890f9b262] The Player <wqe123420> has primed a TNT at X= 63, Y= 8, Z= -820
[2023-07-21 18:02:40] [world_nether] [48835002-b378-4798-b2e4-aa5890f9b262] The Player <wqe123420> has primed a TNT at X= 63, Y= 11, Z= -813
[2023-07-21 18:02:41] [world_nether] [48835002-b378-4798-b2e4-aa5890f9b262] The Player <wqe123420> has primed a TNT at X= 63, Y= 15, Z= -816
[2023-07-21 18:02:41] [world_nether] [48835002-b378-4798-b2e4-aa5890f9b262] The Player <wqe123420> has primed a TNT at X= 63, Y= 10, Z= -810
[2023-07-21 18:02:41] [world_nether] [48835002-b378-4798-b2e4-aa5890f9b262] The Player <wqe123420> has primed a TNT at X= 62, Y= 7, Z= -813
[2023-07-21 18:02:42] [world_nether] [48835002-b378-4798-b2e4-aa5890f9b262] The Player <wqe123420> has primed a TNT at X= 63, Y= 10, Z= -807
[2023-07-21 20:55:55] [world] [48835002-b378-4798-b2e4-aa5890f9b262] The Player <wqe123420> has primed a TNT at X= 8017, Y= -5, Z= -6404
[2023-07-21 20:57:51] [world] [48835002-b378-4798-b2e4-aa5890f9b262] The Player <wqe123420> has primed a TNT at X= 8005, Y= -32, Z= -6411
[2023-07-21 20:57:51] [world] [48835002-b378-4798-b2e4-aa5890f9b262] The Player <wqe123420> has primed a TNT at X= 8003, Y= -33, Z= -6406
[2023-07-21 20:57:51] [world] [48835002-b378-4798-b2e4-aa5890f9b262] The Player <wqe123420> has primed a TNT at X= 8005, Y= -29, Z= -6411
[2023-07-21 20:57:51] [world] [48835002-b378-4798-b2e4-aa5890f9b262] The Player <wqe123420> has primed a TNT at X= 8006, Y= -33, Z= -6411
[2023-07-21 20:57:51] [world] [48835002-b378-4798-b2e4-aa5890f9b262] The Player <wqe123420> has primed a TNT at X= 8003, Y= -33, Z= -6412
[2023-07-21 20:57:52] [world] [48835002-b378-4798-b2e4-aa5890f9b262] The Player <wqe123420> has primed a TNT at X= 8005, Y= -34, Z= -6414
[2023-07-21 20:57:52] [world] [48835002-b378-4798-b2e4-aa5890f9b262] The Player <wqe123420> has primed a TNT at X= 8005, Y= -29, Z= -6411
[2023-07-21 21:00:26] [world] [48835002-b378-4798-b2e4-aa5890f9b262] The Player <wqe123420> has primed a TNT at X= 7871, Y= -27, Z= -6350
[2023-07-21 21:00:26] [world] [48835002-b378-4798-b2e4-aa5890f9b262] The Player <wqe123420> has primed a TNT at X= 7871, Y= -36, Z= -6350
[2023-07-21 21:00:26] [world] [48835002-b378-4798-b2e4-aa5890f9b262] The Player <wqe123420> has primed a TNT at X= 7871, Y= -31, Z= -6352
[2023-07-21 21:00:26] [world] [48835002-b378-4798-b2e4-aa5890f9b262] The Player <wqe123420> has primed a TNT at X= 7873, Y= -33, Z= -6353
[2023-07-21 21:00:27] [world] [48835002-b378-4798-b2e4-aa5890f9b262] The Player <wqe123420> has primed a TNT at X= 7870, Y= -27, Z= -6350
[2023-07-21 21:00:27] [world] [48835002-b378-4798-b2e4-aa5890f9b262] The Player <wqe123420> has primed a TNT at X= 7871, Y= -28, Z= -6349
[2023-07-21 21:00:27] [world] [48835002-b378-4798-b2e4-aa5890f9b262] The Player <wqe123420> has primed a TNT at X= 7871, Y= -37, Z= -6347
[2023-07-21 21:00:27] [world] [48835002-b378-4798-b2e4-aa5890f9b262] The Player <wqe123420> has primed a TNT at X= 7875, Y= -33, Z= -6350
[2023-07-21 21:00:27] [world] [48835002-b378-4798-b2e4-aa5890f9b262] The Player <wqe123420> has primed a TNT at X= 7870, Y= -37, Z= -6351
[2023-07-21 21:00:27] [world] [48835002-b378-4798-b2e4-aa5890f9b262] The Player <wqe123420> has primed a TNT at X= 7867, Y= -31, Z= -6352
[2023-07-21 21:00:27] [world] [48835002-b378-4798-b2e4-aa5890f9b262] The Player <wqe123420> has primed a TNT at X= 7875, Y= -32, Z= -6353
[2023-07-21 21:00:27] [world] [48835002-b378-4798-b2e4-aa5890f9b262] The Player <wqe123420> has primed a TNT at X= 7871, Y= -37, Z= -6352
[2023-07-21 21:00:27] [world] [48835002-b378-4798-b2e4-aa5890f9b262] The Player <wqe123420> has primed a TNT at X= 7871, Y= -34, Z= -6354
[2023-07-21 21:55:57] [world_nether] [48835002-b378-4798-b2e4-aa5890f9b262] The Player <wqe123420> has primed a TNT at X= 16, Y= 15, Z= -231
[2023-07-21 21:55:58] [world_nether] [48835002-b378-4798-b2e4-aa5890f9b262] The Player <wqe123420> has primed a TNT at X= 16, Y= 12, Z= -232
[2023-07-21 21:55:58] [world_nether] [48835002-b378-4798-b2e4-aa5890f9b262] The Player <wqe123420> has primed a TNT at X= 16, Y= 16, Z= -235
[2023-07-21 21:55:58] [world_nether] [48835002-b378-4798-b2e4-aa5890f9b262] The Player <wqe123420> has primed a TNT at X= 17, Y= 13, Z= -238
[2023-07-21 21:55:59] [world_nether] [48835002-b378-4798-b2e4-aa5890f9b262] The Player <wqe123420> has primed a TNT at X= 16, Y= 11, Z= -240
[2023-07-21 21:55:59] [world_nether] [48835002-b378-4798-b2e4-aa5890f9b262] The Player <wqe123420> has primed a TNT at X= 13, Y= 16, Z= -238
[2023-07-21 21:56:00] [world_nether] [48835002-b378-4798-b2e4-aa5890f9b262] The Player <wqe123420> has primed a TNT at X= 16, Y= 12, Z= -243
[2023-07-21 21:56:00] [world_nether] [48835002-b378-4798-b2e4-aa5890f9b262] The Player <wqe123420> has primed a TNT at X= 16, Y= 14, Z= -245
[2023-07-21 21:56:01] [world_nether] [48835002-b378-4798-b2e4-aa5890f9b262] The Player <wqe123420> has primed a TNT at X= 16, Y= 14, Z= -248
[2023-07-21 21:56:02] [world_nether] [48835002-b378-4798-b2e4-aa5890f9b262] The Player <wqe123420> has primed a TNT at X= 16, Y= 13, Z= -251
[2023-07-21 21:56:03] [world_nether] [48835002-b378-4798-b2e4-aa5890f9b262] The Player <wqe123420> has primed a TNT at X= 16, Y= 15, Z= -254
[2023-07-21 21:56:03] [world_nether] [48835002-b378-4798-b2e4-aa5890f9b262] The Player <wqe123420> has primed a TNT at X= 16, Y= 15, Z= -257
[2023-07-21 21:56:04] [world_nether] [48835002-b378-4798-b2e4-aa5890f9b262] The Player <wqe123420> has primed a TNT at X= 16, Y= 12, Z= -259
[2023-07-21 21:56:04] [world_nether] [48835002-b378-4798-b2e4-aa5890f9b262] The Player <wqe123420> has primed a TNT at X= 16, Y= 13, Z= -260
[2023-07-21 21:56:04] [world_nether] [48835002-b378-4798-b2e4-aa5890f9b262] The Player <wqe123420> has primed a TNT at X= 17, Y= 16, Z= -263
[2023-07-21 21:56:04] [world_nether] [48835002-b378-4798-b2e4-aa5890f9b262] The Player <wqe123420> has primed a TNT at X= 14, Y= 11, Z= -263
[2023-07-21 21:56:05] [world_nether] [48835002-b378-4798-b2e4-aa5890f9b262] The Player <wqe123420> has primed a TNT at X= 18, Y= 15, Z= -267
[2023-07-21 21:56:05] [world_nether] [48835002-b378-4798-b2e4-aa5890f9b262] The Player <wqe123420> has primed a TNT at X= 13, Y= 10, Z= -267
[2023-07-21 21:56:06] [world_nether] [48835002-b378-4798-b2e4-aa5890f9b262] The Player <wqe123420> has primed a TNT at X= 18, Y= 14, Z= -268
[2023-07-21 21:56:06] [world_nether] [48835002-b378-4798-b2e4-aa5890f9b262] The Player <wqe123420> has primed a TNT at X= 15, Y= 11, Z= -271
[2023-07-21 21:56:06] [world_nether] [48835002-b378-4798-b2e4-aa5890f9b262] The Player <wqe123420> has primed a TNT at X= 17, Y= 15, Z= -273
[2023-07-21 21:56:06] [world_nether] [48835002-b378-4798-b2e4-aa5890f9b262] The Player <wqe123420> has primed a TNT at X= 14, Y= 15, Z= -275
[2023-07-21 21:56:07] [world_nether] [48835002-b378-4798-b2e4-aa5890f9b262] The Player <wqe123420> has primed a TNT at X= 18, Y= 15, Z= -279
[2023-07-21 21:56:08] [world_nether] [48835002-b378-4798-b2e4-aa5890f9b262] The Player <wqe123420> has primed a TNT at X= 19, Y= 11, Z= -275
[2023-07-21 21:56:08] [world_nether] [48835002-b378-4798-b2e4-aa5890f9b262] The Player <wqe123420> has primed a TNT at X= 15, Y= 13, Z= -281
[2023-07-21 21:56:09] [world_nether] [48835002-b378-4798-b2e4-aa5890f9b262] The Player <wqe123420> has primed a TNT at X= 16, Y= 12, Z= -283
[2023-07-21 21:56:11] [world_nether] [48835002-b378-4798-b2e4-aa5890f9b262] The Player <wqe123420> has primed a TNT at X= 16, Y= 9, Z= -286
[2023-07-21 21:56:20] [world_nether] [48835002-b378-4798-b2e4-aa5890f9b262] The Player <wqe123420> has primed a TNT at X= 16, Y= 15, Z= -288
[2023-07-21 21:56:20] [world_nether] [48835002-b378-4798-b2e4-aa5890f9b262] The Player <wqe123420> has primed a TNT at X= 16, Y= 15, Z= -292
[2023-07-21 21:56:20] [world_nether] [48835002-b378-4798-b2e4-aa5890f9b262] The Player <wqe123420> has primed a TNT at X= 16, Y= 13, Z= -289
[2023-07-21 21:56:21] [world_nether] [48835002-b378-4798-b2e4-aa5890f9b262] The Player <wqe123420> has primed a TNT at X= 16, Y= 14, Z= -296
[2023-07-21 21:56:21] [world_nether] [48835002-b378-4798-b2e4-aa5890f9b262] The Player <wqe123420> has primed a TNT at X= 16, Y= 12, Z= -298
[2023-07-21 21:56:22] [world_nether] [48835002-b378-4798-b2e4-aa5890f9b262] The Player <wqe123420> has primed a TNT at X= 16, Y= 10, Z= -294
[2023-07-21 21:56:22] [world_nether] [48835002-b378-4798-b2e4-aa5890f9b262] The Player <wqe123420> has primed a TNT at X= 16, Y= 14, Z= -301
[2023-07-21 21:56:22] [world_nether] [48835002-b378-4798-b2e4-aa5890f9b262] The Player <wqe123420> has primed a TNT at X= 16, Y= 13, Z= -304
[2023-07-21 21:56:23] [world_nether] [48835002-b378-4798-b2e4-aa5890f9b262] The Player <wqe123420> has primed a TNT at X= 16, Y= 18, Z= -304
[2023-07-21 21:56:23] [world_nether] [48835002-b378-4798-b2e4-aa5890f9b262] The Player <wqe123420> has primed a TNT at X= 16, Y= 13, Z= -308
[2023-07-21 21:56:24] [world_nether] [48835002-b378-4798-b2e4-aa5890f9b262] The Player <wqe123420> has primed a TNT at X= 15, Y= 14, Z= -310
[2023-07-21 21:56:24] [world_nether] [48835002-b378-4798-b2e4-aa5890f9b262] The Player <wqe123420> has primed a TNT at X= 18, Y= 12, Z= -311
[2023-07-21 21:56:25] [world_nether] [48835002-b378-4798-b2e4-aa5890f9b262] The Player <wqe123420> has primed a TNT at X= 16, Y= 13, Z= -315
[2023-07-21 21:56:25] [world_nether] [48835002-b378-4798-b2e4-aa5890f9b262] The Player <wqe123420> has primed a TNT at X= 15, Y= 10, Z= -312
[2023-07-21 21:56:25] [world_nether] [48835002-b378-4798-b2e4-aa5890f9b262] The Player <wqe123420> has primed a TNT at X= 16, Y= 13, Z= -318
[2023-07-21 21:56:26] [world_nether] [48835002-b378-4798-b2e4-aa5890f9b262] The Player <wqe123420> has primed a TNT at X= 16, Y= 13, Z= -319
[2023-07-21 21:56:26] [world_nether] [48835002-b378-4798-b2e4-aa5890f9b262] The Player <wqe123420> has primed a TNT at X= 16, Y= 15, Z= -321
[2023-07-21 21:56:27] [world_nether] [48835002-b378-4798-b2e4-aa5890f9b262] The Player <wqe123420> has primed a TNT at X= 16, Y= 15, Z= -326
[2023-07-21 21:56:27] [world_nether] [48835002-b378-4798-b2e4-aa5890f9b262] The Player <wqe123420> has primed a TNT at X= 15, Y= 12, Z= -325
[2023-07-21 21:56:27] [world_nether] [48835002-b378-4798-b2e4-aa5890f9b262] The Player <wqe123420> has primed a TNT at X= 16, Y= 10, Z= -324
[2023-07-21 21:56:27] [world_nether] [48835002-b378-4798-b2e4-aa5890f9b262] The Player <wqe123420> has primed a TNT at X= 17, Y= 14, Z= -329
[2023-07-21 21:56:28] [world_nether] [48835002-b378-4798-b2e4-aa5890f9b262] The Player <wqe123420> has primed a TNT at X= 14, Y= 14, Z= -332
[2023-07-21 21:56:28] [world_nether] [48835002-b378-4798-b2e4-aa5890f9b262] The Player <wqe123420> has primed a TNT at X= 16, Y= 12, Z= -332
[2023-07-21 21:56:28] [world_nether] [48835002-b378-4798-b2e4-aa5890f9b262] The Player <wqe123420> has primed a TNT at X= 16, Y= 11, Z= -332
[2023-07-21 21:56:29] [world_nether] [48835002-b378-4798-b2e4-aa5890f9b262] The Player <wqe123420> has primed a TNT at X= 16, Y= 16, Z= -336
[2023-07-21 21:56:29] [world_nether] [48835002-b378-4798-b2e4-aa5890f9b262] The Player <wqe123420> has primed a TNT at X= 16, Y= 14, Z= -340
[2023-07-21 21:56:29] [world_nether] [48835002-b378-4798-b2e4-aa5890f9b262] The Player <wqe123420> has primed a TNT at X= 21, Y= 13, Z= -332
[2023-07-21 21:56:29] [world_nether] [48835002-b378-4798-b2e4-aa5890f9b262] The Player <wqe123420> has primed a TNT at X= 17, Y= 16, Z= -343
[2023-07-21 21:56:30] [world_nether] [48835002-b378-4798-b2e4-aa5890f9b262] The Player <wqe123420> has primed a TNT at X= 14, Y= 12, Z= -343
[2023-07-21 21:56:30] [world_nether] [48835002-b378-4798-b2e4-aa5890f9b262] The Player <wqe123420> has primed a TNT at X= 20, Y= 14, Z= -335
[2023-07-21 21:56:30] [world_nether] [48835002-b378-4798-b2e4-aa5890f9b262] The Player <wqe123420> has primed a TNT at X= 16, Y= 15, Z= -348
[2023-07-21 21:56:30] [world_nether] [48835002-b378-4798-b2e4-aa5890f9b262] The Player <wqe123420> has primed a TNT at X= 19, Y= 17, Z= -345
[2023-07-21 21:56:30] [world_nether] [48835002-b378-4798-b2e4-aa5890f9b262] The Player <wqe123420> has primed a TNT at X= 16, Y= 15, Z= -352
[2023-07-21 21:56:31] [world_nether] [48835002-b378-4798-b2e4-aa5890f9b262] The Player <wqe123420> has primed a TNT at X= 14, Y= 13, Z= -351
[2023-07-21 21:56:31] [world_nether] [48835002-b378-4798-b2e4-aa5890f9b262] The Player <wqe123420> has primed a TNT at X= 16, Y= 15, Z= -356
[2023-07-21 21:56:31] [world_nether] [48835002-b378-4798-b2e4-aa5890f9b262] The Player <wqe123420> has primed a TNT at X= 19, Y= 11, Z= -351
[2023-07-21 21:56:32] [world_nether] [48835002-b378-4798-b2e4-aa5890f9b262] The Player <wqe123420> has primed a TNT at X= 16, Y= 13, Z= -359
[2023-07-21 21:56:33] [world_nether] [48835002-b378-4798-b2e4-aa5890f9b262] The Player <wqe123420> has primed a TNT at X= 16, Y= 10, Z= -358
[2023-07-21 21:56:34] [world_nether] [48835002-b378-4798-b2e4-aa5890f9b262] The Player <wqe123420> has primed a TNT at X= 17, Y= 9, Z= -362
[2023-07-21 21:59:06] [world_nether] [48835002-b378-4798-b2e4-aa5890f9b262] The Player <wqe123420> has primed a TNT at X= 16, Y= 15, Z= -363
[2023-07-21 21:59:07] [world_nether] [48835002-b378-4798-b2e4-aa5890f9b262] The Player <wqe123420> has primed a TNT at X= 16, Y= 13, Z= -365
[2023-07-21 21:59:07] [world_nether] [48835002-b378-4798-b2e4-aa5890f9b262] The Player <wqe123420> has primed a TNT at X= 16, Y= 14, Z= -367
[2023-07-21 21:59:08] [world_nether] [48835002-b378-4798-b2e4-aa5890f9b262] The Player <wqe123420> has primed a TNT at X= 16, Y= 16, Z= -371
[2023-07-21 21:59:08] [world_nether] [48835002-b378-4798-b2e4-aa5890f9b262] The Player <wqe123420> has primed a TNT at X= 16, Y= 14, Z= -374
[2023-07-21 21:59:08] [world_nether] [48835002-b378-4798-b2e4-aa5890f9b262] The Player <wqe123420> has primed a TNT at X= 16, Y= 10, Z= -368
[2023-07-21 21:59:08] [world_nether] [48835002-b378-4798-b2e4-aa5890f9b262] The Player <wqe123420> has primed a TNT at X= 16, Y= 14, Z= -377
[2023-07-21 21:59:09] [world_nether] [48835002-b378-4798-b2e4-aa5890f9b262] The Player <wqe123420> has primed a TNT at X= 17, Y= 15, Z= -381
[2023-07-21 21:59:09] [world_nether] [48835002-b378-4798-b2e4-aa5890f9b262] The Player <wqe123420> has primed a TNT at X= 13, Y= 16, Z= -382
[2023-07-21 21:59:09] [world_nether] [48835002-b378-4798-b2e4-aa5890f9b262] The Player <wqe123420> has primed a TNT at X= 17, Y= 10, Z= -377
[2023-07-21 21:59:09] [world_nether] [48835002-b378-4798-b2e4-aa5890f9b262] The Player <wqe123420> has primed a TNT at X= 16, Y= 14, Z= -386
[2023-07-21 21:59:10] [world_nether] [48835002-b378-4798-b2e4-aa5890f9b262] The Player <wqe123420> has primed a TNT at X= 18, Y= 14, Z= -386
[2023-07-21 21:59:11] [world_nether] [48835002-b378-4798-b2e4-aa5890f9b262] The Player <wqe123420> has primed a TNT at X= 15, Y= 14, Z= -390
[2023-07-21 21:59:11] [world_nether] [48835002-b378-4798-b2e4-aa5890f9b262] The Player <wqe123420> has primed a TNT at X= 13, Y= 12, Z= -389
[2023-07-21 21:59:12] [world_nether] [48835002-b378-4798-b2e4-aa5890f9b262] The Player <wqe123420> has primed a TNT at X= 17, Y= 15, Z= -394
[2023-07-21 21:59:12] [world_nether] [48835002-b378-4798-b2e4-aa5890f9b262] The Player <wqe123420> has primed a TNT at X= 18, Y= 12, Z= -393
[2023-07-21 21:59:13] [world_nether] [48835002-b378-4798-b2e4-aa5890f9b262] The Player <wqe123420> has primed a TNT at X= 16, Y= 13, Z= -398
[2023-07-21 21:59:13] [world_nether] [48835002-b378-4798-b2e4-aa5890f9b262] The Player <wqe123420> has primed a TNT at X= 15, Y= 16, Z= -397
[2023-07-21 21:59:13] [world_nether] [48835002-b378-4798-b2e4-aa5890f9b262] The Player <wqe123420> has primed a TNT at X= 18, Y= 11, Z= -401
[2023-07-21 21:59:14] [world_nether] [48835002-b378-4798-b2e4-aa5890f9b262] The Player <wqe123420> has primed a TNT at X= 16, Y= 15, Z= -403
[2023-07-21 21:59:14] [world_nether] [48835002-b378-4798-b2e4-aa5890f9b262] The Player <wqe123420> has primed a TNT at X= 16, Y= 14, Z= -406
[2023-07-21 21:59:14] [world_nether] [48835002-b378-4798-b2e4-aa5890f9b262] The Player <wqe123420> has primed a TNT at X= 16, Y= 16, Z= -408
[2023-07-21 21:59:14] [world_nether] [48835002-b378-4798-b2e4-aa5890f9b262] The Player <wqe123420> has primed a TNT at X= 16, Y= 12, Z= -410
[2023-07-21 21:59:15] [world_nether] [48835002-b378-4798-b2e4-aa5890f9b262] The Player <wqe123420> has primed a TNT at X= 15, Y= 14, Z= -394
[2023-07-21 21:59:15] [world_nether] [48835002-b378-4798-b2e4-aa5890f9b262] The Player <wqe123420> has primed a TNT at X= 15, Y= 17, Z= -412
[2023-07-21 21:59:15] [world_nether] [48835002-b378-4798-b2e4-aa5890f9b262] The Player <wqe123420> has primed a TNT at X= 17, Y= 13, Z= -416
[2023-07-21 21:59:15] [world_nether] [48835002-b378-4798-b2e4-aa5890f9b262] The Player <wqe123420> has primed a TNT at X= 15, Y= 17, Z= -413
[2023-07-21 21:59:16] [world_nether] [48835002-b378-4798-b2e4-aa5890f9b262] The Player <wqe123420> has primed a TNT at X= 16, Y= 11, Z= -419
[2023-07-21 21:59:16] [world_nether] [48835002-b378-4798-b2e4-aa5890f9b262] The Player <wqe123420> has primed a TNT at X= 16, Y= 16, Z= -420
[2023-07-21 21:59:17] [world_nether] [48835002-b378-4798-b2e4-aa5890f9b262] The Player <wqe123420> has primed a TNT at X= 16, Y= 14, Z= -421
[2023-07-21 21:59:17] [world_nether] [48835002-b378-4798-b2e4-aa5890f9b262] The Player <wqe123420> has primed a TNT at X= 16, Y= 14, Z= -426
[2023-07-21 21:59:17] [world_nether] [48835002-b378-4798-b2e4-aa5890f9b262] The Player <wqe123420> has primed a TNT at X= 17, Y= 12, Z= -426
[2023-07-21 21:59:18] [world_nether] [48835002-b378-4798-b2e4-aa5890f9b262] The Player <wqe123420> has primed a TNT at X= 15, Y= 16, Z= -430
[2023-07-21 21:59:18] [world_nether] [48835002-b378-4798-b2e4-aa5890f9b262] The Player <wqe123420> has primed a TNT at X= 15, Y= 14, Z= -428
[2023-07-21 21:59:19] [world_nether] [48835002-b378-4798-b2e4-aa5890f9b262] The Player <wqe123420> has primed a TNT at X= 17, Y= 15, Z= -434
[2023-07-21 21:59:19] [world_nether] [48835002-b378-4798-b2e4-aa5890f9b262] The Player <wqe123420> has primed a TNT at X= 20, Y= 12, Z= -433
[2023-07-21 21:59:20] [world_nether] [48835002-b378-4798-b2e4-aa5890f9b262] The Player <wqe123420> has primed a TNT at X= 16, Y= 15, Z= -438
[2023-07-21 21:59:20] [world_nether] [48835002-b378-4798-b2e4-aa5890f9b262] The Player <wqe123420> has primed a TNT at X= 15, Y= 13, Z= -436
[2023-07-21 21:59:20] [world_nether] [48835002-b378-4798-b2e4-aa5890f9b262] The Player <wqe123420> has primed a TNT at X= 18, Y= 16, Z= -441
[2023-07-21 21:59:21] [world_nether] [48835002-b378-4798-b2e4-aa5890f9b262] The Player <wqe123420> has primed a TNT at X= 16, Y= 14, Z= -443
[2023-07-21 21:59:21] [world_nether] [48835002-b378-4798-b2e4-aa5890f9b262] The Player <wqe123420> has primed a TNT at X= 14, Y= 11, Z= -439
[2023-07-21 21:59:22] [world_nether] [48835002-b378-4798-b2e4-aa5890f9b262] The Player <wqe123420> has primed a TNT at X= 17, Y= 14, Z= -447
[2023-07-21 21:59:22] [world_nether] [48835002-b378-4798-b2e4-aa5890f9b262] The Player <wqe123420> has primed a TNT at X= 16, Y= 12, Z= -447
[2023-07-21 21:59:22] [world_nether] [48835002-b378-4798-b2e4-aa5890f9b262] The Player <wqe123420> has primed a TNT at X= 16, Y= 16, Z= -450
[2023-07-21 21:59:23] [world_nether] [48835002-b378-4798-b2e4-aa5890f9b262] The Player <wqe123420> has primed a TNT at X= 16, Y= 12, Z= -453
[2023-07-21 21:59:23] [world_nether] [48835002-b378-4798-b2e4-aa5890f9b262] The Player <wqe123420> has primed a TNT at X= 16, Y= 14, Z= -455
[2023-07-21 21:59:23] [world_nether] [48835002-b378-4798-b2e4-aa5890f9b262] The Player <wqe123420> has primed a TNT at X= 16, Y= 10, Z= -451
[2023-07-21 21:59:24] [world_nether] [48835002-b378-4798-b2e4-aa5890f9b262] The Player <wqe123420> has primed a TNT at X= 16, Y= 15, Z= -457
[2023-07-21 21:59:24] [world_nether] [48835002-b378-4798-b2e4-aa5890f9b262] The Player <wqe123420> has primed a TNT at X= 16, Y= 14, Z= -461
[2023-07-21 21:59:24] [world_nether] [48835002-b378-4798-b2e4-aa5890f9b262] The Player <wqe123420> has primed a TNT at X= 16, Y= 15, Z= -465
[2023-07-21 21:59:25] [world_nether] [48835002-b378-4798-b2e4-aa5890f9b262] The Player <wqe123420> has primed a TNT at X= 14, Y= 17, Z= -459
[2023-07-21 21:59:25] [world_nether] [48835002-b378-4798-b2e4-aa5890f9b262] The Player <wqe123420> has primed a TNT at X= 16, Y= 10, Z= -463
[2023-07-21 21:59:25] [world_nether] [48835002-b378-4798-b2e4-aa5890f9b262] The Player <wqe123420> has primed a TNT at X= 16, Y= 13, Z= -467
[2023-07-21 21:59:26] [world_nether] [48835002-b378-4798-b2e4-aa5890f9b262] The Player <wqe123420> has primed a TNT at X= 15, Y= 13, Z= -471
