[2023-07-06 15:22:28] stop
[2023-07-06 15:42:19] say 我备份一下
[2023-07-06 15:42:20] stop
[2023-07-06 16:25:00] stop
[2023-07-06 17:02:16] give Enderlava minecraftenc
[2023-07-06 17:03:44] xp query Funget114514 points
[2023-07-06 17:03:48] xp query Funget114514 levels
[2023-07-06 17:04:21] givFunget114514va minecraft:paper{display:{Name:'["§e经验券"]',Lore:['["64级经验"]']}}
[2023-07-06 17:04:29] gie vFunget11451a minecraft:paper{display:{Name:'["§e经验券"]',Lore:['["64级经验"]']}}
[2023-07-06 17:04:53] give Funget114514 minecraft:paper{display:{Name:'["§e经验券"]',Lore:['["64级经验"]']}}
[2023-07-06 17:05:18] give Funget114514 minecraft:paper{display:{Name:'["§e经验券"]',Lore:['["1级经验"]']}} 27
[2023-07-06 17:05:27] xp set Funget114514 0 levels
[2023-07-06 17:15:02] give Funget114514 minecraft:paper{display:{Name:'["§e经验券"]',Lore:['["64级经验"]']}}
[2023-07-06 17:15:04] give Funget114514 minecraft:paper{display:{Name:'["§e经验券"]',Lore:['["1级经验"]']}} 27
[2023-07-06 17:15:07] xp set Funget114514 0 levels
[2023-07-06 18:48:08] give Enderlava minecraft:enchanted_book{display:{Name:'["§哲理伦宝典"]',Lore:['["诽谤"]']}}
[2023-07-06 18:48:20] give Enderlava minecraft:enchanted_book{display:{Name:'["4§哲理伦宝典"]',Lore:['["诽谤"]']}}
[2023-07-06 18:48:40] give Enderlava minecraft:enchanted_book{display:{Name:'["§4哲理伦宝典"]',Lore:['["诽谤"]']}}
[2023-07-06 19:27:55] give Enderlava minecraft:enchanted_book{display:{Name:'["§4哲理伦宝典"]',Lore:['["诽谤"]']}}
[2023-07-06 19:28:01] give Enderlava minecraft:enchanted_book{display:{Name:'["§4哲理伦宝典"]',Lore:['["诽谤"]']}}
[2023-07-06 19:28:47] give Enderlava minecraft:enchanted_book{display:{Name:'["§4哲理伦宝典"]',Lore:['["诽谤"]']},}
[2023-07-06 19:32:50] give Enderlava minecraft:enchanted_book{display:{Name:'["§4哲理伦宝典"]',Lore:['["诽谤"]']},{Enchantments:[{id:"sharpness",lvl:10},{id:"looting",lvl:#5}]}}
[2023-07-06 19:33:08] give Enderlava minecraft:enchanted_book{display:{Name:'["§4哲理伦宝典"]',Lore:['["诽谤"]']},{Enchantments:[{id:"sharpness",lvl:10},{id:"looting",lvl:#5}]}}
[2023-07-06 19:40:22] give Enderlava minecraft:enchanted_book{display:{Name:'["§4哲理伦宝典"]',Lore:['["诽谤"]']},Enchantments:[{id:"sharpness",lvl:10},{id:"looting",lvl:5}],Tags:[zhelilunbook]}
[2023-07-06 19:41:31] ic reload
[2023-07-06 19:42:58] clear Enderlava minecraft:enchanted_book{Tags:[zhelilunbook]}
[2023-07-06 19:43:14] superrandomcommand reload
[2023-07-06 19:46:28] stop
[2023-07-06 19:52:55] give Enderlava minecraft:enchanted_book{display:{Name:'["§4哲理伦宝典"]',Lore:['["诽谤"]']},Enchantments:[{id:"sharpness",lvl:10},{id:"looting",lvl:5}],Tags:[zhelilunbook]} 2
[2023-07-06 19:53:28] stop
[2023-07-06 20:03:42] superrandomcommand reload
[2023-07-06 20:04:05] superrandomcommand reload
[2023-07-06 20:04:18] superrandomcommand reload
[2023-07-06 20:05:33] superrandomcommand reload
[2023-07-06 20:05:43] superrandomcommand reload
[2023-07-06 20:06:38] superrandomcommand reload
[2023-07-06 20:07:51] kill @e[type=item]
[2023-07-06 20:28:53] stop
[2023-07-06 22:40:25] give wqe123420 minecraft:enchanted_book{display:{Name:'["§4哲理伦宝典"]',Lore:['["诽谤"]']},Enchantments:[{id:"sharpness",lvl:10},{id:"looting",lvl:5}],Tags:[zhelilunbook]}
[2023-07-06 22:42:13] say 3
[2023-07-06 22:42:17] say 2
[2023-07-06 22:42:20] say 1
[2023-07-06 22:42:21] stop
