[2023-08-08 15:36:04] scoreboard players list Enderlava
[2023-08-08 15:36:17] scoreboard players set Enderlava hack_check 0
[2023-08-08 15:36:20] scoreboard players set Enderlava hack_check -100
[2023-08-08 15:36:25] scoreboard players set Enderlava hack_check -20000
[2023-08-08 16:06:10] ic reload
[2023-08-08 16:08:43] em reload
[2023-08-08 16:10:01] em reload
[2023-08-08 16:12:46] em reload
[2023-08-08 16:17:23] em reload
[2023-08-08 16:19:51] restart
[2023-08-08 16:22:02] scoreboard
[2023-08-08 16:22:43] scoreboard objectives list
[2023-08-08 16:23:30] scoreboard objectives add paper_damage
[2023-08-08 16:23:35] scoreboard objectives add paper_damage dummy
[2023-08-08 16:26:55] scoreboard objectives add paper_damage dummy
[2023-08-08 16:27:00] restart
[2023-08-08 16:28:51] scoreboard players list Enderlava
[2023-08-08 16:28:54] scoreboard players list Enderlava
[2023-08-08 16:28:54] scoreboard players list Enderlava
[2023-08-08 16:28:55] scoreboard players list Enderlava
[2023-08-08 16:28:56] scoreboard players list Enderlava
[2023-08-08 16:28:56] scoreboard players list Enderlava
[2023-08-08 16:28:57] scoreboard players list Enderlava
[2023-08-08 16:28:57] scoreboard players list Enderlava
[2023-08-08 16:28:58] scoreboard players list Enderlava
[2023-08-08 16:28:58] scoreboard players list Enderlava
[2023-08-08 16:29:01] scoreboard players list Enderlava
[2023-08-08 16:29:28] scoreboard players set Enderlava paper_damage 0
[2023-08-08 16:33:34] scoreboard players list Enderlava
[2023-08-08 16:33:38] scoreboard players list Enderlava
[2023-08-08 16:38:58] scoreboard players list Enderlava
[2023-08-08 16:40:02] data get entity Enderlava
[2023-08-08 16:40:29] restart
[2023-08-08 16:48:25] restart
[2023-08-08 16:52:49] restart
[2023-08-08 17:00:51] em reload
[2023-08-08 17:03:44] reload
[2023-08-08 17:03:50] restart
[2023-08-08 17:10:53] geekplayerbag reload
[2023-08-08 17:23:32] restart
[2023-08-08 20:40:19] em reload
[2023-08-08 21:39:28] say?
[2023-08-08 21:39:30] say?
[2023-08-08 21:39:31] say?
[2023-08-08 21:39:32] say?
[2023-08-08 21:39:33] say?
[2023-08-08 21:39:34] em reload
[2023-08-08 21:39:55] restart
[2023-08-09 10:16:41] saaaaaaaaaaaaaaaaaaaaaaaaaaaaaaaaaaaaaaaaaaaaa
[2023-08-09 10:16:55] stop
