[2023-08-09 11:28:04] restart
[2023-08-09 12:13:10] me
[2023-08-09 12:13:14] me 1
[2023-08-09 12:13:16] me 1
[2023-08-09 12:13:17] me
[2023-08-09 12:52:31] me
[2023-08-09 12:52:34] me p
[2023-08-09 14:22:28] restart
[2023-08-09 14:30:54] stop
[2023-08-09 14:50:16] gamemode creative Enderlava
[2023-08-09 14:50:58] gamemode survival Enderlava
[2023-08-09 14:52:22] give Enderlava sand 20
[2023-08-09 14:54:49] gamemode creative Enderlava
[2023-08-09 14:57:59] gamemode creative Enderlava
[2023-08-09 14:58:26] gamemode creative Enderlava
[2023-08-09 14:59:44] gamemode creative Enderlava
[2023-08-09 15:01:28] gamemode creative Enderlava
[2023-08-09 15:02:13] execute at Enderlava run summon tnt
[2023-08-09 15:03:49] execute at Enderlava run summon ZOMBIE
[2023-08-09 15:03:54] execute at Enderlava run summon zombie
[2023-08-09 15:05:41] tp Enderlava
[2023-08-09 15:05:48] tp Enderlava HAIYAOSHI
[2023-08-09 15:06:15] execute as HEIYAOSHI at @s run tp Enderlava @s
[2023-08-09 15:06:45] execute at Enderlava run summon minecraft:snow_golem
[2023-08-09 15:07:03] execute as HEIYAOSHI at @s run tp Enderlava @s
[2023-08-09 15:07:10] execute as HEIYAOSHI at @s run tp Enderlava @s
[2023-08-09 15:07:36] execute as HEIYAOSHI at @s run tp Enderlava @s
[2023-08-09 15:08:44] gamemode creative Enderlava
[2023-08-09 15:08:57] gamemode creative Enderlava
[2023-08-09 15:09:50] execute as HEIYAOSHI at @s run tp Enderlava @s
[2023-08-09 15:11:07] op Enderlava
[2023-08-09 15:11:56] restart
[2023-08-09 15:14:39] restart
[2023-08-09 15:41:55] stop
[2023-08-09 15:53:03] STOP
[2023-08-09 15:55:40] stop
[2023-08-09 17:22:56] stop
