[2023-07-10 09:18:42] gamemode creative Enderlava
[2023-07-10 09:32:46] gamemode survival Enderlava
[2023-07-10 10:01:11] give Enderlava stone 12
[2023-07-10 10:15:42] say 重启一下
[2023-07-10 10:15:45] stop
[2023-07-10 10:21:01] multiverse-core:mvversion
[2023-07-10 10:26:57] /mmob spawn warlock
[2023-07-10 10:27:00] mmob spawn warlock
[2023-07-10 10:28:36] mmob spawn warlock -33 -55 -248 world
[2023-07-10 10:29:41] mmob spawn mutant_captain -33 -55 -248 world
[2023-07-10 10:31:17] mconfig example add spawnmobs
[2023-07-10 10:34:12] mmob spawn king_slime.yml -33 -55 -248 world
[2023-07-10 10:34:23] mmob spawn marigold.yml -33 -55 -248 world
[2023-07-10 10:34:34] mmob spawn undead_minion.yml -33 -55 -248 world
[2023-07-10 10:45:09] mmob spawn undead_minion.yml -33 -55 -248 world
[2023-07-10 10:45:09] mmob spawn undead_minion.yml -33 -55 -248 world
[2023-07-10 10:45:09] mmob spawn undead_minion.yml -33 -55 -248 world
[2023-07-10 10:45:09] mmob spawn undead_minion.yml -33 -55 -248 world
[2023-07-10 10:45:10] mmob spawn undead_minion.yml -33 -55 -248 world
[2023-07-10 10:45:14] mmob spawn warlock -33 -55 -248 world
[2023-07-10 10:45:14] mmob spawn warlock -33 -55 -248 world
[2023-07-10 10:45:14] mmob spawn warlock -33 -55 -248 world
[2023-07-10 10:45:15] mmob spawn warlock -33 -55 -248 world
[2023-07-10 10:45:15] mmob spawn warlock -33 -55 -248 world
[2023-07-10 10:45:15] mmob spawn warlock -33 -55 -248 world
[2023-07-10 10:45:15] mmob spawn warlock -33 -55 -248 world
[2023-07-10 10:45:16] mmob spawn warlock -33 -55 -248 world
[2023-07-10 10:45:16] mmob spawn warlock -33 -55 -248 world
[2023-07-10 10:45:16] mmob spawn undead_minion.yml -33 -55 -248 world
[2023-07-10 10:45:16] mmob spawn undead_minion.yml -33 -55 -248 world
[2023-07-10 10:45:18] mmob spawn warlock -33 -55 -248 world
[2023-07-10 10:45:18] mmob spawn warlock -33 -55 -248 world
[2023-07-10 10:50:50] mmob spawn undead_minion.yml ~ ~ ~ world
[2023-07-10 10:50:58] mmob spawn warlock ~ ~ ~ world
[2023-07-10 10:51:20] superrandomcommand reload
[2023-07-10 10:52:00] superrandomcommand reload
[2023-07-10 10:52:16] superrandomcommand run summunsuper
[2023-07-10 10:55:01] em reload
[2023-07-10 10:58:31] magic reload
[2023-07-10 11:00:05] magic give Enderlava Magic_Missile
[2023-07-10 11:00:53] magic give Enderlava Magic_Missile
[2023-07-10 11:01:10] mgive Enderlava Magic Missile
[2023-07-10 11:01:14] mgive Enderlava Magic_Missile
[2023-07-10 11:02:08] wand add Magic_Missile
[2023-07-10 11:02:56] wand add Magic_Missile
[2023-07-10 11:03:04] wand add
[2023-07-10 11:03:25] wand restore
[2023-07-10 11:03:46] wand list
[2023-07-10 11:04:15] lp group default permission set magic.* true
[2023-07-10 11:11:19] mgive arrow
[2023-07-10 11:11:24] mgive Enderlava arrow
[2023-07-10 11:11:36] mgive Enderlava recall
[2023-07-10 11:11:50] mgive Enderlava recall
[2023-07-10 11:13:24] magic language
[2023-07-10 11:17:30] lp group default permission unset magic.*
[2023-07-10 11:20:59] maic reload
[2023-07-10 11:21:03] magic reload
[2023-07-10 11:21:31] stop
[2023-07-10 11:51:10] stop
[2023-07-10 11:53:22] gamemode creative Enderlava
[2023-07-10 11:53:32] give Enderlava minecraft:structure_block
[2023-07-10 11:53:40] op Enderlava
[2023-07-10 12:24:24] stop
[2023-07-10 14:08:09] gamemode creative Enderlava
[2023-07-10 14:08:23] gamemode survival Enderlava
[2023-07-10 14:16:54] lp group default permission set minecraft.fill true
[2023-07-10 14:17:56] lp group default permission set minecraft.fill false
[2023-07-10 14:22:17] stop
[2023-07-10 14:31:00] stop
[2023-07-10 15:49:02] stop
[2023-07-10 16:14:50] em give fightlun_axe.yml
[2023-07-10 16:14:52] em give fightlun_axe.yml Enderlava
[2023-07-10 16:28:31] em spawnlocationcustomlevel 4.yml 0
[2023-07-10 16:28:44] em spawnlocationcustomlevel 4.yml 1 world 0 80 -200
[2023-07-10 16:31:02] superrandomcommand run Enderlava
[2023-07-10 16:31:51] superrandomcommand rusummonsuper
[2023-07-10 16:32:54] superrandomcommand run summonsuper
[2023-07-10 16:33:25] mmob spawn warden
[2023-07-10 16:34:39] mmob spawn warlock
[2023-07-10 16:34:44] mmob spawn warlock 0 0 0 world
[2023-07-10 16:35:06] superrandomcommand reload
[2023-07-10 16:37:28] em reload
[2023-07-10 16:40:27] kill @e[type=zombie]
[2023-07-10 16:40:51] em spawnlocationcustomlevel 4.yml 1 world 0 80 -200
[2023-07-10 16:41:23] kill @e[type=zombie]
[2023-07-10 16:41:35] kill @e[type=zombie]
[2023-07-10 16:42:43] em reload
[2023-07-10 16:49:40] em reload
[2023-07-10 16:49:52] em spawnlocationcustomlevel 4.yml 1 world 0 80 -200
[2023-07-10 16:53:04] kill @e[type=zombie]
[2023-07-10 16:54:58] em reload
[2023-07-10 16:55:03] em spawnlocationcustomlevel 4.yml 1 world 0 80 -200
[2023-07-10 19:13:15] give Enderlava minecraft:netherite_shovel
[2023-07-10 19:28:21] give Enderlava boat
[2023-07-10 19:28:35] give Enderlava minecraft:oak_chest_boat
[2023-07-10 19:40:16] em give enchanted_book_mending.yml Enderlava
[2023-07-10 19:41:48] enchant Enderlava minecraft:sharpness 5
[2023-07-10 19:41:51] enchant Enderlava minecraft:sharpness 1
[2023-07-10 19:41:55] enchant Enderlava minecraft:sharpness 2
[2023-07-10 19:43:16] em money add Enderlava 8888
[2023-07-10 19:55:39] execute in minecraft:the_nether run fill 12 128 -49 0 155 -55 air
[2023-07-10 20:17:21] effect give Enderlava minecraft:strength infinite 255
[2023-07-10 20:17:26] effect give Enderlava minecraft:strength infinite 255 true
[2023-07-10 20:54:29] effect clear Enderlava
[2023-07-10 21:00:05] menu reload
[2023-07-10 21:02:24] gamemode creative Enderlava
[2023-07-10 21:02:56] gamemode survival Enderlava
[2023-07-10 21:04:48] effect give Enderlava minecraft:instant_health infinite 1
[2023-07-10 21:04:54] effect give Enderlava minecraft:instant_health infinite 1 true
[2023-07-10 21:45:18] seed
[2023-07-10 21:46:27] tp Enderlava 1184 100 -496
[2023-07-10 21:50:24] say 1184 100 -496
[2023-07-10 21:55:51] say 明天再建
[2023-07-10 21:56:02] stop
