[2023-07-11 08:37:12] say 谁让你动了？
[2023-07-11 08:37:14] say 谁让你动了？
[2023-07-11 08:37:15] say 谁让你动了？
[2023-07-11 08:37:15] stop
[2023-07-11 09:01:11] save-all
[2023-07-11 09:09:47] itemcommand reload
[2023-07-11 09:25:10] effect clear Enderlava
[2023-07-11 09:27:37] execute at Enderlava run summon minecraft:experience_bottle
[2023-07-11 09:27:37] execute at Enderlava run summon minecraft:experience_bottle
[2023-07-11 09:27:37] execute at Enderlava run summon minecraft:experience_bottle
[2023-07-11 09:27:38] execute at Enderlava run summon minecraft:experience_bottle
[2023-07-11 09:27:38] execute at Enderlava run summon minecraft:experience_bottle
[2023-07-11 09:27:38] execute at Enderlava run summon minecraft:experience_bottle
[2023-07-11 09:27:39] execute at Enderlava run summon minecraft:experience_bottle
[2023-07-11 09:27:39] execute at Enderlava run summon minecraft:experience_bottle
[2023-07-11 09:27:40] execute at Enderlava run summon minecraft:experience_bottle
[2023-07-11 09:27:40] execute at Enderlava run summon minecraft:experience_bottle
[2023-07-11 09:27:40] execute at Enderlava run summon minecraft:experience_bottle
[2023-07-11 09:27:41] execute at Enderlava run summon minecraft:experience_bottle
[2023-07-11 09:27:49] execute at Enderlava run summon minecraft:experience_bottle
[2023-07-11 09:27:49] execute at Enderlava run summon minecraft:experience_bottle
[2023-07-11 09:27:49] execute at Enderlava run summon minecraft:experience_bottle
[2023-07-11 09:27:50] execute at Enderlava run summon minecraft:experience_bottle
[2023-07-11 09:27:50] execute at Enderlava run summon minecraft:experience_bottle
[2023-07-11 09:27:50] execute at Enderlava run summon minecraft:experience_bottle
[2023-07-11 09:27:51] execute at Enderlava run summon minecraft:experience_bottle
[2023-07-11 09:27:51] execute at Enderlava run summon minecraft:experience_bottle
[2023-07-11 09:27:51] execute at Enderlava run summon minecraft:experience_bottle
[2023-07-11 09:27:51] execute at Enderlava run summon minecraft:experience_bottle
[2023-07-11 09:27:51] execute at Enderlava run summon minecraft:experience_bottle
[2023-07-11 09:27:52] execute at Enderlava run summon minecraft:experience_bottle
[2023-07-11 09:27:52] execute at Enderlava run summon minecraft:experience_bottle
[2023-07-11 09:27:52] execute at Enderlava run summon minecraft:experience_bottle
[2023-07-11 09:27:52] execute at Enderlava run summon minecraft:experience_bottle
[2023-07-11 09:27:52] execute at Enderlava run summon minecraft:experience_bottle
[2023-07-11 09:27:53] execute at Enderlava run summon minecraft:experience_bottle
[2023-07-11 09:27:53] execute at Enderlava run summon minecraft:experience_bottle
[2023-07-11 09:27:53] execute at Enderlava run summon minecraft:experience_bottle
[2023-07-11 09:27:53] execute at Enderlava run summon minecraft:experience_bottle
[2023-07-11 09:27:53] execute at Enderlava run summon minecraft:experience_bottle
[2023-07-11 09:27:53] execute at Enderlava run summon minecraft:experience_bottle
[2023-07-11 09:27:54] execute at Enderlava run summon minecraft:experience_bottle
[2023-07-11 09:27:54] execute at Enderlava run summon minecraft:experience_bottle
[2023-07-11 09:27:54] execute at Enderlava run summon minecraft:experience_bottle
[2023-07-11 09:27:54] execute at Enderlava run summon minecraft:experience_bottle
[2023-07-11 09:27:54] execute at Enderlava run summon minecraft:experience_bottle
[2023-07-11 09:27:55] execute at Enderlava run summon minecraft:experience_bottle
[2023-07-11 09:27:55] execute at Enderlava run summon minecraft:experience_bottle
[2023-07-11 09:27:55] execute at Enderlava run summon minecraft:experience_bottle
[2023-07-11 09:27:55] execute at Enderlava run summon minecraft:experience_bottle
[2023-07-11 09:27:56] execute at Enderlava run summon minecraft:experience_bottle
[2023-07-11 09:27:56] itemcommand reload
[2023-07-11 09:28:29] itemcommand reload
[2023-07-11 09:28:29] itemcommand reload
[2023-07-11 09:28:30] execute at Enderlava run summon minecraft:experience_bottle
[2023-07-11 09:28:30] execute at Enderlava run summon minecraft:experience_bottle
[2023-07-11 09:28:31] execute at Enderlava run summon minecraft:experience_bottle
[2023-07-11 09:28:31] execute at Enderlava run summon minecraft:experience_bottle
[2023-07-11 09:28:32] execute at Enderlava run summon minecraft:experience_bottle
[2023-07-11 09:28:33] execute at Enderlava run summon minecraft:experience_bottle
[2023-07-11 09:28:33] execute at Enderlava run summon minecraft:experience_bottle
[2023-07-11 09:28:34] execute at Enderlava run summon minecraft:experience_bottle
[2023-07-11 09:28:34] execute at Enderlava run summon minecraft:experience_bottle
[2023-07-11 09:28:34] execute at Enderlava run summon minecraft:experience_bottle
[2023-07-11 09:28:35] execute at Enderlava run summon minecraft:experience_bottle
[2023-07-11 09:28:35] execute at Enderlava run summon minecraft:experience_bottle
[2023-07-11 09:28:35] execute at Enderlava run summon minecraft:experience_bottle
[2023-07-11 09:28:36] itemcommand reload
[2023-07-11 09:28:36] itemcommand reload
[2023-07-11 09:28:36] itemcommand reload
[2023-07-11 09:28:37] execute at Enderlava run summon minecraft:experience_bottle
[2023-07-11 09:28:38] execute at Enderlava run summon minecraft:experience_bottle
[2023-07-11 09:28:38] execute at Enderlava run summon minecraft:experience_bottle
[2023-07-11 09:30:23] gamemode creative Enderlava
[2023-07-11 09:54:39] give Enderlava minecraft:cobblestone 64
[2023-07-11 10:12:16] give Enderlava minecraft:cobblestone 64
[2023-07-11 10:15:33] stop
[2023-07-11 10:21:13] floodgate
[2023-07-11 10:21:25] firewall
[2023-07-11 10:21:37] firewall
[2023-07-11 10:21:46] floodgate firewall
[2023-07-11 10:22:11] stop
[2023-07-11 10:23:35] geyser
[2023-07-11 10:24:17] stop
[2023-07-11 10:27:04] stop
[2023-07-11 10:45:13] give Enderlava minecraft:diamond 64
[2023-07-11 10:58:35] gamemode creative Enderlava
[2023-07-11 11:16:18] gamemode creative Enderlava
[2023-07-11 11:44:25] gamemode survival Enderlava
[2023-07-11 11:45:04] give Enderlava minecraft:firework_rocket 64
[2023-07-11 11:48:03] gamemode creative Enderlava
[2023-07-11 11:54:27] gamemode survival Enderlava
[2023-07-11 13:09:44] gamemode creative Enderlava
[2023-07-11 13:14:01] gamemode survival Enderlava
[2023-07-11 13:25:51] say 刚刚廖来了
[2023-07-11 13:29:10] em money add Enderlava 114514
[2023-07-11 13:30:57] em give fightlun_axe.yml Enderlava
[2023-07-11 13:32:48] em give 1super_owl_charm.yml
[2023-07-11 13:32:50] em give 1super_owl_charm.yml Enderlava
[2023-07-11 13:33:06] em give enchanted_book_mending.yml
[2023-07-11 13:33:08] em give enchanted_book_mending.yml Enderlava
[2023-07-11 13:33:59] em money add Enderlava 1
[2023-07-11 13:37:23] gamemode creative Enderlava
[2023-07-11 13:39:03] time set night
[2023-07-11 13:44:04] gamemode survival Enderlava
[2023-07-11 13:50:10] em give enchanted_book_mending.yml Enderlava
[2023-07-11 13:58:32] give Enderlava arrow 64
[2023-07-11 14:08:17] give Enderlava arrow 64
[2023-07-11 14:08:18] give Enderlava arrow 64
[2023-07-11 14:08:54] em give enchanted_book_mending.yml Enderlava
[2023-07-11 14:08:55] em give enchanted_book_mending.yml Enderlava
[2023-07-11 14:15:33] superrandomcommand reload
[2023-07-11 14:18:12] give Enderlava minecraft:netherite_sword
[2023-07-11 14:19:26] effect give Enderlava minecraft:strength 2000 255 true
[2023-07-11 14:20:20] effect give Enderlava minecraft:strength infinite 255 true
[2023-07-11 14:22:42] save-all
[2023-07-11 14:22:48] say 关
[2023-07-11 14:22:51] stop
[2023-07-11 15:45:36] seed
[2023-07-11 15:53:47] em give goblin_poker.yml Enderlava
[2023-07-11 15:53:57] em give goblin_shooter.yml Enderlava
[2023-07-11 15:54:07] em give goblin_slasher.yml Enderlava
[2023-07-11 15:54:22] em give goblin_shooter.yml Enderlava
[2023-07-11 15:54:29] em give goblin_slasher.yml Enderlava
[2023-07-11 15:56:17] tp @e[type=item] Enderlava
[2023-07-11 15:56:44] kill @e[type=item]
[2023-07-11 16:20:00] effect clear Enderlava
[2023-07-11 16:20:24] time set night
[2023-07-11 08:39:14] stop
[2023-07-11 16:43:46] geyser list
[2023-07-11 16:49:47] execute in minecraft:overworld run tp @e12 INFO]: [EliteMobs] - elitemob-spawning
[2023-07-11 16:49:48] [08:38:12 INFO]: [EliteMobs] - elitemob-only-spawning
[2023-07-11 16:49:50] [08:38:12 INFO]: [EliteMobs] - elitemob-only-spawning
[2023-07-11 16:50:04] execute in minecraft:overworld run tp .FavoriteBread57 ~ ~ ~
[2023-07-11 16:52:16] execute as .FavoriteBread57 run wand
[2023-07-11 17:01:19] say 我发现基岩版去不了地狱
[2023-07-11 17:03:26] em spawnlocationcustom 001.yml world 0 80 -200
[2023-07-11 17:20:30] em spawnlocationcustom 001.yml world 0 80 -200
[2023-07-11 17:47:25] tp Enderlava wqe123420
[2023-07-11 17:51:53] tp Enderlava wqe123420
[2023-07-11 17:55:18] tp Enderlava wqe123420
[2023-07-11 17:57:54] mmob spawn killer_bunny
[2023-07-11 17:58:20] mmob spawn killer_bunny -21.8 63 -281.7 world
[2023-07-11 17:58:59] mmob spawn killer_bunny -21.8 63 -281.7 world
[2023-07-11 17:58:59] mmob spawn killer_bunny -21.8 63 -281.7 world
[2023-07-11 17:58:59] mmob spawn killer_bunny -21.8 63 -281.7 world
[2023-07-11 17:59:00] mmob spawn killer_bunny -21.8 63 -281.7 world
[2023-07-11 17:59:00] mmob spawn killer_bunny -21.8 63 -281.7 world
[2023-07-11 17:59:00] mmob spawn killer_bunny -21.8 63 -281.7 world
[2023-07-11 17:59:00] mmob spawn killer_bunny -21.8 63 -281.7 world
[2023-07-11 17:59:00] mmob spawn killer_bunny -21.8 63 -281.7 world
[2023-07-11 17:59:01] mmob spawn killer_bunny -21.8 63 -281.7 world
[2023-07-11 17:59:17] mmob spawn killer_bunny -21.8 63 -281.7 world
[2023-07-11 17:59:17] mmob spawn killer_bunny -21.8 63 -281.7 world
[2023-07-11 17:59:18] mmob spawn killer_bunny -21.8 63 -281.7 world
[2023-07-11 17:59:18] mmob spawn killer_bunny -21.8 63 -281.7 world
[2023-07-11 17:59:18] mmob spawn killer_bunny -21.8 63 -281.7 world
[2023-07-11 17:59:18] mmob spawn killer_bunny -21.8 63 -281.7 world
[2023-07-11 17:59:18] mmob spawn killer_bunny -21.8 63 -281.7 world
[2023-07-11 17:59:19] mmob spawn killer_bunny -21.8 63 -281.7 world
[2023-07-11 17:59:19] mmob spawn killer_bunny -21.8 63 -281.7 world
[2023-07-11 17:59:19] mmob spawn killer_bunny -21.8 63 -281.7 world
[2023-07-11 17:59:19] mmob spawn killer_bunny -21.8 63 -281.7 world
[2023-07-11 17:59:19] mmob spawn killer_bunny -21.8 63 -281.7 world
[2023-07-11 17:59:20] mmob spawn killer_bunny -21.8 63 -281.7 world
[2023-07-11 17:59:20] mmob spawn killer_bunny -21.8 63 -281.7 world
[2023-07-11 17:59:20] mmob spawn killer_bunny -21.8 63 -281.7 world
[2023-07-11 17:59:20] mmob spawn killer_bunny -21.8 63 -281.7 world
[2023-07-11 17:59:21] mmob spawn killer_bunny -21.8 63 -281.7 world
[2023-07-11 18:00:30] mmob spawn killer_bunny -21.8 63 -281.7 world
[2023-07-11 18:00:31] mmob spawn killer_bunny -21.8 63 -281.7 world
[2023-07-11 18:00:31] mmob spawn killer_bunny -21.8 63 -281.7 world
[2023-07-11 18:00:32] mmob spawn killer_bunny -21.8 63 -281.7 world
[2023-07-11 18:00:32] mmob spawn killer_bunny -21.8 63 -281.7 world
[2023-07-11 18:00:33] mmob spawn killer_bunny -21.8 63 -281.7 world
[2023-07-11 18:00:34] mmob spawn killer_bunny -21.8 63 -281.7 world
[2023-07-11 18:01:10] mmob spawn killer_bunny -21.8 63 -281.7 world 50
[2023-07-11 18:06:29] mmob spawn killer_bunny -21.8 63 -281.7 world 50
[2023-07-11 18:07:00] setblock -21.8 63 -281.7 lava
[2023-07-11 18:07:07] setblock -21 63 -281 lava
[2023-07-11 18:07:40] setblock -26 63 -281 lava
[2023-07-11 18:09:58] setblock -26 63 -281 air
[2023-07-11 18:10:03] setblock -21 63 -281 air
[2023-07-11 18:10:52] mmob spawn killer_bunny -21.8 63 -281.7 world 100
[2023-07-11 18:17:41] mmob spawn warlock -21.8 63 -281.7 WORLD 2
[2023-07-11 18:19:24] superrandomcommand run get_book
[2023-07-11 18:24:12] em reload
[2023-07-11 18:25:21] em reload
[2023-07-11 18:25:30] em reload
[2023-07-11 18:26:18] em reload
[2023-07-11 18:29:56] em reload
[2023-07-11 18:30:11] em reload
[2023-07-11 18:39:45] C:\\Users\\26973\\Desktop\\httpswww.bilibili.comvideoBV1j84y1v7Vt.txt
[2023-07-11 18:39:52] say C:\\Users\\26973\\Desktop\\2
[2023-07-11 18:40:01] say C:\\Users\\26973\\Desktop\\2C:\\Users\\26973\\Desktop\\MagicPlugin"C:\\Users\\26973\\Desktop\\For open frp.bat""C:\\Users\\26973\\Desktop\\新建 Internet 快捷方式.url""C:\\Users\\Public\\Desktop\\Send Anywhere.lnk""C:\\Users\\Public\\Desktop\\Wondershare PDFelement.lnk"\\
[2023-07-11 18:42:14] tp .FavoriteBread57 100 100 100
[2023-07-11 18:42:41] gamemode creative .FavoriteBread57
[2023-07-11 18:42:48] tp .FavoriteBread57 100 100 100
[2023-07-11 18:43:53] tp .FavoriteBread57 0 80 -200
[2023-07-11 18:44:35] gamemode survival .FavoriteBread57
[2023-07-11 18:45:31] tp .FavoriteBread57
[2023-07-11 18:51:49] geyser reload
[2023-07-11 18:57:37] stop
[2023-07-11 19:11:40] kill
[2023-07-11 19:30:54] floodgate reload
[2023-07-11 19:31:34] srop
[2023-07-11 19:31:35] stop
[2023-07-11 19:34:07] stop
[2023-07-11 19:36:32] stop
[2023-07-11 19:39:33] lp group default permission set floodgate.command.linkaccount true
[2023-07-11 19:41:19] stop
[2023-07-11 19:44:45] stop
[2023-07-11 19:48:04] geyser reload
[2023-07-11 19:48:29] stop
[2023-07-11 20:02:21] kill @e[type=bunny]
[2023-07-11 20:02:42] kill @e[type=rabbit]
[2023-07-11 20:55:54] stop
