[2023-07-18 11:43:02] execute at Enderlava run effect give @e[type=!player,distance=0..10] minecraft:instant_damage infinite 1 true
[2023-07-18 11:44:15] execute at Enderlava run effect give @e[type=!player,distance=0..10] minecraft:instant_damage infinite 5 true
[2023-07-18 11:45:35] execute at Enderlava run effect give @e[type=!player,distance=0..10] minecraft:instant_damage infinite 5 true
[2023-07-18 11:45:49] execute at Enderlava run effect give @e[type=!player,distance=0..10] minecraft:instant_damage infinite 5 true
[2023-07-18 11:45:53] execute at Enderlava run effect give @e[type=!player,distance=0..20] minecraft:instant_damage infinite 5 true
[2023-07-18 11:46:43] effect give Enderlava minecraft:instant_health infinite 5 true
[2023-07-18 11:47:12] execute at Enderlava run effect give @e[type=!player,distance=0..30] minecraft:instant_damage infinite 5 true
[2023-07-18 11:58:18] execute as Enderlava at @s run tp -201 68 -162
[2023-07-18 12:02:36] OP Enderlava
[2023-07-18 12:03:56] openinv help
[2023-07-18 12:04:07] openinv version
[2023-07-18 12:12:16] give Enderlava minecraft:lapis_lazuli 20
[2023-07-18 12:13:48] gamemode creative Enderlava
[2023-07-18 12:17:15] stop
[2023-07-18 12:33:54] Postmortal
[2023-07-18 13:31:00] stop
[2023-07-18 13:38:14] stop
[2023-07-18 14:07:01] op Enderlava
[2023-07-18 16:08:51] em reload
[2023-07-18 16:54:17] give Enderlava minecraft:firework_rocket 64
[2023-07-18 16:56:27] em give goblin_ballista.yml Enderlava
[2023-07-18 16:56:37] em give goblin_cleaver.yml Enderlava
[2023-07-18 16:57:55] em give goblin_chestplate.yml .Mai_Shiranui520
[2023-07-18 17:48:25] em reload
[2023-07-18 17:53:16] give Enderlava minecraft:oak_leaves 2
[2023-07-18 18:02:10] stop
[2023-07-18 18:26:12] give Enderlava piston
[2023-07-18 18:30:55] give Enderlava minecraft:piston 2
[2023-07-18 18:35:38] give Enderlava observer
[2023-07-18 18:35:40] give Enderlava observer
[2023-07-18 18:38:12] give Enderlava tnt
[2023-07-18 18:38:35] give Enderlava minecraft:lever
[2023-07-18 18:39:19] give Enderlava glass
[2023-07-18 18:39:20] give Enderlava glass
[2023-07-18 18:39:53] damage Funget114514
[2023-07-18 18:39:56] damage Funget114514 1
[2023-07-18 18:39:56] damage Funget114514 1
[2023-07-18 18:39:57] damage Funget114514 1
[2023-07-18 18:39:57] damage Funget114514 1
[2023-07-18 18:39:58] damage Funget114514 1
[2023-07-18 18:39:59] damage Funget114514 1
[2023-07-18 18:39:59] damage Funget114514 1
[2023-07-18 18:40:00] damage Funget114514 1
[2023-07-18 18:40:00] damage Funget114514 1
[2023-07-18 18:40:00] damage Funget114514 1
[2023-07-18 18:40:01] damage Funget114514 1
[2023-07-18 18:40:01] damage Funget114514 1
[2023-07-18 18:40:02] damage Funget114514 1
[2023-07-18 18:40:02] damage Funget114514 1
[2023-07-18 18:41:05] give Enderlava minecraft:arrow 64
[2023-07-18 18:41:34] damage Funget114514 20
[2023-07-18 18:41:54] damage Funget114514 20
[2023-07-18 18:41:54] damage Funget114514 20
[2023-07-18 18:41:55] damage Funget114514 20
[2023-07-18 18:41:56] damage Funget114514 20
[2023-07-18 18:42:21] damage Enderlava 20
[2023-07-18 18:47:59] give Enderlava minecraft:oak_trapdoor
[2023-07-18 18:49:24] give Enderlava smooth_stone_slab
[2023-07-18 18:49:34] give Enderlava smooth_stone_slab
[2023-07-18 19:04:05] give Enderlava minecraft:firework_rocket 64
[2023-07-18 19:06:11] give Enderlava minecraft:water_bucket
[2023-07-18 19:39:14] give Enderlava minecraft:repeater 10
[2023-07-18 19:40:02] give Enderlava minecraft:oak_trapdoor
[2023-07-18 19:41:01] give Enderlava minecraft:redstone_torch 2
[2023-07-18 19:47:10] give Enderlava minecraft:netherite_boots
[2023-07-18 19:47:17] gamemode creative Enderlava
[2023-07-18 19:48:43] gamemode survival Enderlava
[2023-07-18 19:53:45] effect clear Enderlava
[2023-07-18 20:07:31] give Enderlava minecraft:oak_sign 6
[2023-07-18 20:08:38] give Enderlava soul_sand
[2023-07-18 20:09:12] give Enderlava minecraft:water_bucket
[2023-07-18 20:10:43] give Enderlava minecraft:water_bucket
[2023-07-18 20:10:49] give Enderlava minecraft:water_bucket
[2023-07-18 20:11:07] give Enderlava minecraft:oak_sign 6
[2023-07-18 20:11:09] give Enderlava minecraft:water_bucket
[2023-07-18 20:11:20] give Enderlava minecraft:water_bucket
[2023-07-18 20:11:31] give Enderlava minecraft:water_bucket
[2023-07-18 20:11:51] give Enderlava minecraft:water_bucket
[2023-07-18 20:12:38] give Enderlava minecraft:water_bucket
[2023-07-18 20:12:45] give Enderlava minecraft:water_bucket
[2023-07-18 20:13:02] give Enderlava minecraft:water_bucket
[2023-07-18 20:16:20] give Enderlava carpet
[2023-07-18 20:16:26] give Enderlava minecraft:white_carpet
[2023-07-18 20:18:11] gamemode creative Enderlava
[2023-07-18 20:18:51] gamemode survival Enderlava
[2023-07-18 20:20:05] give Enderlava minecraft:repeater 1
[2023-07-18 20:26:12] gamemode creative Enderlava
[2023-07-18 20:59:49] give Enderlava bone_meal 128
[2023-07-18 21:01:17] give Enderlava bone_meal 128
[2023-07-18 21:01:52] give Enderlava bone_meal 128
[2023-07-18 21:42:41] give Enderlava minecraft:beef 64
[2023-07-18 21:49:46] stop
[2023-07-18 21:55:07] execute at Enderlava run effect give @e[distance=0..5] minecraft:instant_health infinite 5 true
[2023-07-18 21:55:19] effect clear Enderlava
[2023-07-18 21:56:51] stop
