[2023-07-21 09:26:21] stop
[2023-07-21 09:32:28] stop
[2023-07-21 10:08:43] docker
[2023-07-21 15:08:57] em give unbind_scroll.yml Enderlava
[2023-07-21 15:18:19] give Enderlava minecraft:oak_door 3
[2023-07-21 15:31:54] SAY 11111111
[2023-07-21 15:33:17] tell .Mai_Shiranui520 你有没有发现服务器里面可以切换材质包了
[2023-07-21 15:37:39] menu reload
[2023-07-21 15:39:19] menu reload
[2023-07-21 15:40:47] menu reload
[2023-07-21 15:45:13] em give firefly_charm.yml Enderlava
[2023-07-21 15:49:57] em money add Enderlava 4000
[2023-07-21 16:12:54] say 什么情况
[2023-07-21 16:20:21] give Enderlava minecraft:tnt 64
[2023-07-21 16:26:53] give Enderlava minecraft:tnt 64
[2023-07-21 16:39:10] give Enderlava flint
[2023-07-21 16:39:25] give Enderlava minecraft:iron_ingot
[2023-07-21 16:43:59] give Enderlava tnt 64
[2023-07-21 17:14:56] gamemode spectator Enderlava
[2023-07-21 17:15:00] tp Enderlava wqe123420
[2023-07-21 17:15:22] tp Enderlava wqe123420
[2023-07-21 17:15:28] gamemode spectator Enderlava
[2023-07-21 17:16:24] gamemode spectator Enderlava
[2023-07-21 17:16:25] tp Enderlava wqe123420
[2023-07-21 17:16:33] gamemode spectator Enderlava
[2023-07-21 17:17:22] execute at Enderlava run summon minecraft:giant
[2023-07-21 17:17:55] damage wqe123420
[2023-07-21 17:17:59] damage wqe123420 10
[2023-07-21 17:18:25] tp @e[type=giant] ~ ~ ~ facing entity wqe123420
[2023-07-21 17:18:42] execute at Enderlava run tp @e[type=giant] ~ ~ ~ facing entity wqe123420
[2023-07-21 17:18:50] execute at Enderlava run tp @e[type=giant] ~ ~ ~ facing entity wqe123420
[2023-07-21 17:19:02] execute at Enderlava run summon giant
[2023-07-21 17:19:06] execute at Enderlava run tp @e[type=giant] ~ ~ ~ facing entity wqe123420
[2023-07-21 17:19:12] execute at Enderlava run tp @e[type=giant] ~ ~ ~ facing entity wqe123420
[2023-07-21 17:19:12] execute at Enderlava run tp @e[type=giant] ~ ~ ~ facing entity wqe123420
[2023-07-21 17:19:12] execute at Enderlava run tp @e[type=giant] ~ ~ ~ facing entity wqe123420
[2023-07-21 17:19:13] execute at Enderlava run tp @e[type=giant] ~ ~ ~ facing entity wqe123420
[2023-07-21 17:19:13] execute at Enderlava run tp @e[type=giant] ~ ~ ~ facing entity wqe123420
[2023-07-21 17:19:17] damage wqe123420 100
[2023-07-21 17:19:53] tell Funget114514 我干的
[2023-07-21 17:20:54] damage wqe123420 10 minecraft:mob_attack by @e[type=giant]
[2023-07-21 17:21:02] damage wqe123420 10 minecraft:mob_attack by @e[type=giant,limit=1]
[2023-07-21 17:21:11] execute at Enderlava run tp @e[type=giant] ~ ~ ~ facing entity wqe123420
[2023-07-21 17:21:45] execute at Enderlava run summon giant
[2023-07-21 17:21:47] execute at Enderlava run tp @e[type=giant] ~ ~ ~ facing entity wqe123420
[2023-07-21 17:22:10] damage @a 10 minecraft:mob_attack by @e[type=giant,limit=1]
[2023-07-21 17:22:27] damage wqe123420 10 minecraft:mob_attack by @e[type=giant,limit=1]
[2023-07-21 17:22:42] execute at Enderlava run summon giant
[2023-07-21 17:22:49] damage wqe123420 10 minecraft:mob_attack by @e[type=giant,limit=1]
[2023-07-21 17:22:51] damage wqe123420 10 minecraft:mob_attack by @e[type=giant,limit=1]
[2023-07-21 17:23:15] execute at Enderlava run summon giant
[2023-07-21 17:23:19] damage wqe123420 10 minecraft:mob_attack by @e[type=giant,limit=1]
[2023-07-21 17:23:21] damage wqe123420 10 minecraft:mob_attack by @e[type=giant,limit=1]
[2023-07-21 17:23:28] damage wqe123420 100 minecraft:mob_attack by @e[type=giant,limit=1]
[2023-07-21 17:23:31] execute at Enderlava run summon giant
[2023-07-21 17:23:33] damage wqe123420 100 minecraft:mob_attack by @e[type=giant,limit=1]
[2023-07-21 17:23:52] damage Funget114514 100 minecraft:mob_attack by @e[type=giant,limit=1]
[2023-07-21 17:24:00] damage wqe123420 100 minecraft:mob_attack by @e[type=giant,limit=1]
[2023-07-21 17:24:18] execute at Enderlava run summon giant
[2023-07-21 17:24:20] damage wqe123420 100 minecraft:mob_attack by @e[type=giant,limit=1]
[2023-07-21 17:24:23] damage Funget114514 100 minecraft:mob_attack by @e[type=giant,limit=1]
[2023-07-21 17:24:39] damage wqe123420 100 minecraft:mob_attack by @e[type=giant,limit=1]
[2023-07-21 17:25:13] effect give @e[type=giant] minecraft:instant_damage infinite 1 tru
[2023-07-21 17:25:14] effect give @e[type=giant] minecraft:instant_damage infinite 1 true
[2023-07-21 17:25:37] execute at Enderlava run summon giant
[2023-07-21 17:25:39] effect give @e[type=giant] minecraft:instant_damage infinite 1 true
[2023-07-21 17:25:58] effect give @e[type=giant] minecraft:instant_health infinite 1 true
[2023-07-21 17:26:04] execute at Enderlava run summon giant
[2023-07-21 17:26:05] effect give @e[type=giant] minecraft:instant_health infinite 1 true
[2023-07-21 17:26:37] damage wqe123420 100 minecraft:mob_attack by @e[type=giant,limit=1]
[2023-07-21 17:27:11] damage wqe123420 100 minecraft:mob_attack by @e[type=giant,limit=1]
[2023-07-21 17:27:32] damage Funget114514 100 minecraft:mob_attack by @e[type=giant,limit=1]
[2023-07-21 17:30:38] gamemode survival Enderlava
[2023-07-21 17:35:44] damage Funget114514 100 minecraft:mob_attack by @e[type=giant,limit=1]
[2023-07-21 17:37:46] uuid
[2023-07-21 18:02:26] grave reload
[2023-07-21 18:03:28] grave reload
[2023-07-21 18:03:59] grave reload
[2023-07-21 18:06:06] grave reload
[2023-07-21 18:07:00] kill Enderlava
[2023-07-21 18:08:42] kill Enderlava
[2023-07-21 18:11:55] grave reload
[2023-07-21 18:13:44] grave reload
[2023-07-21 18:13:56] grave reload
[2023-07-21 18:14:27] grave reload
[2023-07-21 18:18:55] grave reload
[2023-07-21 18:19:55] grave reload
[2023-07-21 18:21:33] say gun
[2023-07-21 18:21:45] say 想太美
[2023-07-21 21:29:44] say ?
[2023-07-21 21:30:17] say [21:15:15 INFO]: 大狼潮来了!
[2023-07-21 21:30:23] say 又来?
[2023-07-21 21:32:23] em reload
[2023-07-21 22:13:52] say 你们又在挖？
[2023-07-21 22:20:36] give Enderlava book
[2023-07-21 22:40:02] grave reload
[2023-07-21 22:41:27] em give fightlun_axe.yml Enderlava
[2023-07-21 22:41:53] say 关服
[2023-07-21 22:42:07] save-all
[2023-07-21 22:42:09] stop
