[2023-07-22 12:56:01] say 草 我要重启
[2023-07-22 12:56:03] stop
[2023-07-22 15:23:21] save-all
[2023-07-22 15:23:23] stop
[2023-07-22 17:14:49] T
[2023-07-22 17:15:11] stop
[2023-07-22 17:38:23] geyser connectiontest cn-sz-plc-1.openfrp.top
[2023-07-22 17:54:14] gamemode spectator Funget114514
[2023-07-22 18:25:43] gamemode creative Enderlava
[2023-07-22 18:28:32] gamemode creative Enderlava
[2023-07-22 18:33:03] gamemode creative Enderlava
[2023-07-22 19:25:19] gamemode creative Enderlava
[2023-07-22 19:28:09] gamemode survival Funget114514
[2023-07-22 19:28:51] em reload
[2023-07-22 19:29:32] em reload
[2023-07-22 19:37:29] give Enderlava tree
[2023-07-22 19:37:58] give Enderlava minecraft:oak_leaves 64
[2023-07-22 19:38:49] give Enderlava minecraft:oak_planks 64
[2023-07-22 19:39:51] give Enderlava minecraft:oak_planks 64
[2023-07-22 19:40:30] give Enderlava minecraft:oak_planks 64
[2023-07-22 20:07:20] tell wqe123420 刷沙机好了
[2023-07-22 20:31:53] say ?
[2023-07-22 20:32:11] em killpassive 0
[2023-07-22 20:45:22] execute at Enderlava run effect give @e[distance=0..10,type=!player] minecraft:instant_health infinite 1 true
[2023-07-22 20:47:30] say 钓鱼mod不行找我
[2023-07-22 20:50:40] version
[2023-07-22 21:19:22] say 重启一下
[2023-07-22 21:19:23] stop
[2023-07-22 21:23:07] pickpack reload
[2023-07-22 21:23:33] pickpack reload
[2023-07-22 21:24:48] pickpack reload
[2023-07-22 21:24:58] pickpack reload
[2023-07-22 21:57:22] stop
[2023-07-22 21:59:39] effect give wqe123420 minecraft:resistance infinite 2 true
[2023-07-22 21:59:45] say 抗性提升3
[2023-07-22 22:00:00] effect give Enderlava minecraft:resistance infinite 2 true
[2023-07-22 22:09:03] effect give .Mai_Shiranui520 minecraft:resistance infinite 2 true
[2023-07-22 22:15:07] give Enderlava arrow 128
[2023-07-22 22:17:52] effect give wqe123420 minecraft:resistance infinite 2 true
[2023-07-22 22:20:45] give Enderlava arrow 128
[2023-07-22 22:20:45] give Enderlava arrow 128
[2023-07-22 22:24:13] stop
