[2023-07-23 14:33:47] restart
[2023-07-23 14:34:40] restart
[2023-07-23 14:35:48] restart
[2023-07-23 14:37:13] restart
[2023-07-23 14:43:35] restart
[2023-07-23 14:46:06] restart
[2023-07-23 14:58:53] give Enderlava box
[2023-07-23 14:59:00] give Enderlava minecraft:shulker_box
[2023-07-23 14:59:20] give Enderlava minecraft:shulker_box
[2023-07-23 15:07:32] give Enderlava minecraft:iron_ingot
[2023-07-23 15:30:54] give Enderlava minecraft:iron_ingot 2
[2023-07-23 15:40:34] give Enderlava minecraft:quartz 12
[2023-07-23 15:40:53] give Enderlava minecraft:cobblestone 64
[2023-07-23 15:41:14] give Enderlava minecraft:cobblestone 64
[2023-07-23 15:42:59] give Enderlava minecraft:oak_fence 9
[2023-07-23 15:43:31] give Enderlava minecraft:smooth_stone_slab 9
[2023-07-23 15:52:27] give Enderlava minecraft:anvil 3
[2023-07-23 16:51:22] pickpack reloaf
[2023-07-23 16:51:24] pickpack reload
[2023-07-23 16:54:57] pickpack reload
[2023-07-23 16:57:47] pickpack reload
[2023-07-23 16:58:51] pickpack reload
[2023-07-23 17:14:54] gamemode spectator Enderlava
[2023-07-23 17:16:58] gamemode survival Enderlava
[2023-07-23 17:18:58] execute as Enderlava run pickpack menu
[2023-07-23 17:33:04] pickpack help
[2023-07-23 17:59:11] say ?
[2023-07-23 18:10:50] pickpack
[2023-07-23 18:10:55] pickpack reload
[2023-07-23 18:29:53] online
[2023-07-23 18:52:20] em reload
[2023-07-23 19:13:22] tp ~
[2023-07-23 19:17:39] pickpack reload
[2023-07-23 19:27:32] effect give Enderlava minecraft:strength 100 255
[2023-07-23 19:27:43] effect give Enderlava minecraft:instant_health infinite 1
[2023-07-23 19:27:47] effect give Enderlava minecraft:strength 100 255
[2023-07-23 19:33:53] restart\\
[2023-07-23 19:33:55] restart
[2023-07-23 19:35:09] menu
[2023-07-23 19:37:54] geyser statistics
[2023-07-23 19:37:55] geyser statistics
[2023-07-23 19:38:00] geyser help
[2023-07-23 19:38:10] geyser help statistics
[2023-07-23 19:44:34] magicmenu reload
[2023-07-23 19:44:36] magicmenu reload
[2023-07-23 19:44:39] restart
[2023-07-23 19:55:36] restart
[2023-07-23 20:07:59] magicmenu
[2023-07-23 20:09:43] restart
[2023-07-23 20:11:22] restart
[2023-07-23 20:42:54] restart
[2023-07-23 20:50:24] restart
[2023-07-23 21:02:24] give Enderlava sand 12
[2023-07-23 21:16:01] save-all
[2023-07-23 21:35:00] save-all
[2023-07-23 21:37:11] save-all
[2023-07-23 21:37:13] stop
