[2023-08-24 09:49:37] restart
[2023-08-24 09:55:06] gamemode spectator Enderlava
[2023-08-24 09:55:22] execute at Enderlava run summon minecraft:villager
[2023-08-24 09:55:30] execute at Enderlava run summon minecraft:villager
[2023-08-24 09:55:44] gamemode creative Enderlava
[2023-08-24 09:56:42] gamemode survival Enderlava
[2023-08-24 10:01:12] execute as Funget114514 at @s run tp Enderlava @s
[2023-08-24 10:03:07] execute as Funget114514 at @s run tp Enderlava @s
[2023-08-24 10:08:08] superrandomcommand run Enderlava
[2023-08-24 10:15:03] give Enderlava book
[2023-08-24 10:23:52] give Enderlava minecraft:redstone 12
[2023-08-24 10:28:25] execute as Enderlava at @s run summon minecraft:wither ~ ~ ~ {NoAI:1}
[2023-08-24 10:29:08] execute as Enderlava at @s run summon minecraft:wither ~ ~ ~ {NoAI:1}
[2023-08-24 10:32:45] execute as Enderlava at @s run summon minecraft:Phantom ~ ~ ~ {NoAI:1}
[2023-08-24 10:32:52] execute as Enderlava at @s run summon Phantom ~ ~ ~ {NoAI:1}
[2023-08-24 10:33:37] execute as Enderlava at @s run summon phantom ~ ~ ~ {NoAI:1}
[2023-08-24 10:33:43] execute as Enderlava at @s run summon phantom ~ ~ ~ {NoAI:1}
[2023-08-24 10:34:21] execute as Enderlava at @s run summon phantom ~ ~ ~ {NoAI:1}
[2023-08-24 10:34:32] execute as Enderlava at @s run summon phantom ~ ~ ~ {NoAI:1}
[2023-08-24 10:35:05] execute as Enderlava at @s run summon phantom ~ ~ ~ {NoAI:1}
[2023-08-24 10:35:10] execute as Enderlava at @s run summon phantom ~ ~ ~ {NoAI:1}
[2023-08-24 10:35:18] give Enderlava arrow 64
[2023-08-24 10:37:33] execute run function minecraft:playerboom
[2023-08-24 10:38:04] execute run function minecraft:playerboom
[2023-08-24 10:38:11] execute run function minecraft:playerboom
[2023-08-24 10:38:12] execute run function minecraft:playerboom
[2023-08-24 10:38:12] execute run function minecraft:playerboom
[2023-08-24 10:38:12] execute run function minecraft:playerboom
[2023-08-24 10:38:12] execute run function minecraft:playerboom
[2023-08-24 10:42:47] execute as Enderlava at @s run summon minecraft:wither ~ ~ ~ {NoAI:1}
[2023-08-24 20:52:58] stop
