[2023-07-18 11:31:45] [world] [07031eee-c0d3-4ed4-8fa9-6f8ea128abba] The Player <Enderlava> has slain Spider at X= -111, Y= 70, Z= -206
[2023-07-18 11:31:47] [world] [07031eee-c0d3-4ed4-8fa9-6f8ea128abba] The Player <Enderlava> has slain Creeper at X= -109, Y= 70, Z= -204
[2023-07-18 11:31:48] [world] [07031eee-c0d3-4ed4-8fa9-6f8ea128abba] The Player <Enderlava> has slain Creeper at X= -109, Y= 70, Z= -203
[2023-07-18 11:32:17] [world] [07031eee-c0d3-4ed4-8fa9-6f8ea128abba] The Player <Enderlava> has slain Spider at X= -99, Y= 70, Z= -234
[2023-07-18 11:32:36] [world] [07031eee-c0d3-4ed4-8fa9-6f8ea128abba] The Player <Enderlava> has slain §4「§c5§4」§f §f§kunknown at X= -99, Y= 72, Z= -178
[2023-07-18 11:32:46] [world] [07031eee-c0d3-4ed4-8fa9-6f8ea128abba] The Player <Enderlava> has slain Zombie at X= -96, Y= 71, Z= -187
[2023-07-18 11:32:49] [world] [07031eee-c0d3-4ed4-8fa9-6f8ea128abba] The Player <Enderlava> has slain Phantom at X= -99, Y= 72, Z= -186
[2023-07-18 11:32:52] [world] [07031eee-c0d3-4ed4-8fa9-6f8ea128abba] The Player <Enderlava> has slain Creeper at X= -94, Y= 70, Z= -188
[2023-07-18 11:32:53] [world] [07031eee-c0d3-4ed4-8fa9-6f8ea128abba] The Player <Enderlava> has slain Zombie at X= -99, Y= 71, Z= -187
[2023-07-18 11:33:12] [world] [07031eee-c0d3-4ed4-8fa9-6f8ea128abba] The Player <Enderlava> has slain Phantom at X= -108, Y= 71, Z= -176
[2023-07-18 11:33:17] [world] [07031eee-c0d3-4ed4-8fa9-6f8ea128abba] The Player <Enderlava> has slain Phantom at X= -107, Y= 81, Z= -179
[2023-07-18 11:33:29] [world] [07031eee-c0d3-4ed4-8fa9-6f8ea128abba] The Player <Enderlava> has slain Creeper at X= -125, Y= 67, Z= -208
[2023-07-18 11:33:44] [world] [07031eee-c0d3-4ed4-8fa9-6f8ea128abba] The Player <Enderlava> has slain Phantom at X= -87, Y= 73, Z= -214
[2023-07-18 11:33:53] [world] [07031eee-c0d3-4ed4-8fa9-6f8ea128abba] The Player <Enderlava> has slain Zombie at X= -95, Y= 71, Z= -223
[2023-07-18 11:33:56] [world] [07031eee-c0d3-4ed4-8fa9-6f8ea128abba] The Player <Enderlava> has slain Phantom at X= -91, Y= 72, Z= -229
[2023-07-18 11:33:57] [world] [07031eee-c0d3-4ed4-8fa9-6f8ea128abba] The Player <Enderlava> has slain Phantom at X= -89, Y= 72, Z= -231
[2023-07-18 11:33:59] [world] [07031eee-c0d3-4ed4-8fa9-6f8ea128abba] The Player <Enderlava> has slain Zombie at X= -89, Y= 71, Z= -230
[2023-07-18 11:34:00] [world] [07031eee-c0d3-4ed4-8fa9-6f8ea128abba] The Player <Enderlava> has slain Spider at X= -92, Y= 71, Z= -227
[2023-07-18 11:34:06] [world] [07031eee-c0d3-4ed4-8fa9-6f8ea128abba] The Player <Enderlava> has slain Phantom at X= -95, Y= 76, Z= -229
[2023-07-18 11:34:59] [world] [07031eee-c0d3-4ed4-8fa9-6f8ea128abba] The Player <Enderlava> has slain §8〔§75§8〕§f §c巡逻队守卫 at X= -34, Y= 72, Z= -273
[2023-07-18 11:35:17] [world] [07031eee-c0d3-4ed4-8fa9-6f8ea128abba] The Player <Enderlava> has slain §4「§c5§4」§f §c巡逻队掠夺队长 at X= -40, Y= 71, Z= -263
[2023-07-18 11:36:55] [world] [07031eee-c0d3-4ed4-8fa9-6f8ea128abba] The Player <Enderlava> has slain Phantom at X= -16, Y= 67, Z= -276
[2023-07-18 11:37:02] [world] [07031eee-c0d3-4ed4-8fa9-6f8ea128abba] The Player <Enderlava> has slain Phantom at X= -22, Y= 69, Z= -275
[2023-07-18 11:37:18] [world] [07031eee-c0d3-4ed4-8fa9-6f8ea128abba] The Player <Enderlava> has slain Phantom at X= -28, Y= 81, Z= -278
[2023-07-18 11:39:43] [em_steamworks_lair] [07031eee-c0d3-4ed4-8fa9-6f8ea128abba] The Player <Enderlava> has slain §2[§a140§2]§f §4Gnasuran Tinkerer at X= -68, Y= -42, Z= -70
[2023-07-18 11:41:20] [em_steamworks_lair] [07031eee-c0d3-4ed4-8fa9-6f8ea128abba] The Player <Enderlava> has slain §2[§a140§2]§f §4Gnasuran Electrohead at X= -98, Y= -41, Z= -81
[2023-07-18 11:48:23] [em_steamworks_lair] [07031eee-c0d3-4ed4-8fa9-6f8ea128abba] The Player <Enderlava> has slain §4『§c140§4』§f §bCLK-WRx702 at X= -98, Y= 10, Z= -83
[2023-07-18 11:49:47] [em_sewer_maze] [07031eee-c0d3-4ed4-8fa9-6f8ea128abba] The Player <Enderlava> has slain 你敢打我! at X= -52, Y= 168, Z= -173
[2023-07-18 11:49:54] [em_sewer_maze] [07031eee-c0d3-4ed4-8fa9-6f8ea128abba] The Player <Enderlava> has slain 你敢打我! at X= -61, Y= 168, Z= -175
[2023-07-18 11:52:18] [em_sewer_maze] [07031eee-c0d3-4ed4-8fa9-6f8ea128abba] The Player <Enderlava> has slain §f潜伏者 at X= -151, Y= 109, Z= -160
[2023-07-18 11:53:29] [em_sewer_maze] [07031eee-c0d3-4ed4-8fa9-6f8ea128abba] The Player <Enderlava> has slain §2爬行者 at X= -140, Y= 91, Z= -69
[2023-07-18 11:54:18] [em_sewer_maze] [07031eee-c0d3-4ed4-8fa9-6f8ea128abba] The Player <Enderlava> has slain §1斯帕克 at X= -155, Y= 99, Z= -75
[2023-07-18 11:55:08] [em_sewer_maze] [07031eee-c0d3-4ed4-8fa9-6f8ea128abba] The Player <Enderlava> has slain §2爬行者 at X= -190, Y= 91, Z= -44
[2023-07-18 11:55:27] [em_sewer_maze] [07031eee-c0d3-4ed4-8fa9-6f8ea128abba] The Player <Enderlava> has slain §2爬行者 at X= -197, Y= 89, Z= -52
[2023-07-18 11:59:25] [em_sewer_maze] [07031eee-c0d3-4ed4-8fa9-6f8ea128abba] The Player <Enderlava> has slain §2暗影弓箭手 at X= -203, Y= 67, Z= -154
[2023-07-18 14:06:03] [world] [07031eee-c0d3-4ed4-8fa9-6f8ea128abba] The Player <Enderlava> has slain Creeper at X= -37, Y= 72, Z= -190
[2023-07-18 17:27:55] [world_nether] [c044cd4d-b2f0-493d-9457-42ab7216df39] The Player <Funget114514> has slain Zombified Piglin at X= -2, Y= 79, Z= -6
[2023-07-18 17:27:58] [world_nether] [c044cd4d-b2f0-493d-9457-42ab7216df39] The Player <Funget114514> has slain Zombified Piglin at X= -2, Y= 78, Z= -7
[2023-07-18 17:27:58] [world_nether] [c044cd4d-b2f0-493d-9457-42ab7216df39] The Player <Funget114514> has slain Zombified Piglin at X= -2, Y= 79, Z= -6
[2023-07-18 17:29:12] [world] [c044cd4d-b2f0-493d-9457-42ab7216df39] The Player <Funget114514> has slain Phantom at X= -27, Y= 71, Z= -256
[2023-07-18 17:29:15] [world] [c044cd4d-b2f0-493d-9457-42ab7216df39] The Player <Funget114514> has slain Phantom at X= -27, Y= 71, Z= -256
[2023-07-18 17:43:11] [world] [c044cd4d-b2f0-493d-9457-42ab7216df39] The Player <Funget114514> has slain §8〔§76§8〕§f §6活死人 at X= -34, Y= 71, Z= -251
[2023-07-18 17:43:13] [world] [c044cd4d-b2f0-493d-9457-42ab7216df39] The Player <Funget114514> has slain Chicken at X= -33, Y= 71, Z= -252
[2023-07-18 17:43:14] [world] [c044cd4d-b2f0-493d-9457-42ab7216df39] The Player <Funget114514> has slain Zombie at X= -33, Y= 71, Z= -251
[2023-07-18 17:43:24] [world] [c044cd4d-b2f0-493d-9457-42ab7216df39] The Player <Funget114514> has slain Creeper at X= -30, Y= 70, Z= -261
[2023-07-18 17:43:37] [world] [c044cd4d-b2f0-493d-9457-42ab7216df39] The Player <Funget114514> has slain Zombie at X= -25, Y= 70, Z= -260
[2023-07-18 17:43:50] [world] [c044cd4d-b2f0-493d-9457-42ab7216df39] The Player <Funget114514> has slain Zombie at X= -34, Y= 70, Z= -266
[2023-07-18 17:44:03] [world] [c044cd4d-b2f0-493d-9457-42ab7216df39] The Player <Funget114514> has slain Zombie at X= -27, Y= 70, Z= -273
[2023-07-18 17:44:09] [world] [c044cd4d-b2f0-493d-9457-42ab7216df39] The Player <Funget114514> has slain Zombie at X= -27, Y= 70, Z= -273
[2023-07-18 17:44:17] [world] [c044cd4d-b2f0-493d-9457-42ab7216df39] The Player <Funget114514> has slain Zombie at X= -29, Y= 70, Z= -271
[2023-07-18 17:44:18] [world] [c044cd4d-b2f0-493d-9457-42ab7216df39] The Player <Funget114514> has slain Zombie at X= -29, Y= 70, Z= -272
[2023-07-18 17:45:01] [world] [c044cd4d-b2f0-493d-9457-42ab7216df39] The Player <Funget114514> has slain Phantom at X= -10, Y= 78, Z= -214
[2023-07-18 17:45:24] [world] [c044cd4d-b2f0-493d-9457-42ab7216df39] The Player <Funget114514> has slain Phantom at X= 1, Y= 78, Z= -204
[2023-07-18 17:56:05] [world_nether] [c044cd4d-b2f0-493d-9457-42ab7216df39] The Player <Funget114514> has slain .Mai_Shiranui520's Zombie at X= 10, Y= 66, Z= -26
[2023-07-18 18:19:33] [world] [c044cd4d-b2f0-493d-9457-42ab7216df39] The Player <Funget114514> has slain Spider at X= 11, Y= 125, Z= 28
[2023-07-18 18:25:35] [world] [c044cd4d-b2f0-493d-9457-42ab7216df39] The Player <Funget114514> has slain §26级§f精英§2僵尸 at X= -8, Y= 67, Z= -263
[2023-07-18 18:27:00] [world] [c044cd4d-b2f0-493d-9457-42ab7216df39] The Player <Funget114514> has slain Zombie at X= -39, Y= 71, Z= -275
[2023-07-18 18:27:10] [world] [c044cd4d-b2f0-493d-9457-42ab7216df39] The Player <Funget114514> has slain Zombie at X= -38, Y= 71, Z= -271
[2023-07-18 18:28:32] [world] [07031eee-c0d3-4ed4-8fa9-6f8ea128abba] The Player <Enderlava> has slain Phantom at X= 5, Y= 80, Z= -257
[2023-07-18 18:28:40] [world] [07031eee-c0d3-4ed4-8fa9-6f8ea128abba] The Player <Enderlava> has slain Phantom at X= -8, Y= 83, Z= -240
[2023-07-18 18:29:32] [world] [07031eee-c0d3-4ed4-8fa9-6f8ea128abba] The Player <Enderlava> has slain Phantom at X= -12, Y= 106, Z= -251
[2023-07-18 18:40:12] [world] [07031eee-c0d3-4ed4-8fa9-6f8ea128abba] The Player <Enderlava> has slain Zombie at X= -14, Y= 69, Z= -245
[2023-07-18 18:42:51] [world] [c044cd4d-b2f0-493d-9457-42ab7216df39] The Player <Funget114514> has slain Skeleton at X= -37, Y= 72, Z= -209
[2023-07-18 18:47:02] [world] [c044cd4d-b2f0-493d-9457-42ab7216df39] The Player <Funget114514> has slain Phantom at X= -23, Y= 133, Z= -238
[2023-07-18 18:47:59] [world] [c044cd4d-b2f0-493d-9457-42ab7216df39] The Player <Funget114514> has slain Phantom at X= -12, Y= 130, Z= -241
[2023-07-18 18:50:46] [world] [07031eee-c0d3-4ed4-8fa9-6f8ea128abba] The Player <Enderlava> has slain §8〔§75§8〕§f §7γ at X= -31, Y= 63, Z= -287
[2023-07-18 18:51:46] [world] [07031eee-c0d3-4ed4-8fa9-6f8ea128abba] The Player <Enderlava> has slain §8〔§75§8〕§f §7γ at X= 9, Y= 63, Z= -282
[2023-07-18 18:51:48] [world] [07031eee-c0d3-4ed4-8fa9-6f8ea128abba] The Player <Enderlava> has slain §8〔§75§8〕§f §7γ at X= 9, Y= 63, Z= -283
[2023-07-18 18:53:41] [world] [07031eee-c0d3-4ed4-8fa9-6f8ea128abba] The Player <Enderlava> has slain §8〔§75§8〕§f §7终焉之狼 at X= -22, Y= 62, Z= -309
[2023-07-18 18:53:43] [world] [07031eee-c0d3-4ed4-8fa9-6f8ea128abba] The Player <Enderlava> has slain §8〔§75§8〕§f §7γ at X= -23, Y= 62, Z= -308
[2023-07-18 18:53:45] [world] [07031eee-c0d3-4ed4-8fa9-6f8ea128abba] The Player <Enderlava> has slain §8〔§75§8〕§f §7γ at X= -22, Y= 62, Z= -309
[2023-07-18 19:02:10] [world] [07031eee-c0d3-4ed4-8fa9-6f8ea128abba] The Player <Enderlava> has slain §8〔§75§8〕§f §7γ at X= 7, Y= 69, Z= -249
[2023-07-18 19:02:11] [world] [07031eee-c0d3-4ed4-8fa9-6f8ea128abba] The Player <Enderlava> has slain §8〔§76§8〕§f §7终焉之狼 at X= 7, Y= 69, Z= -250
[2023-07-18 19:02:13] [world] [07031eee-c0d3-4ed4-8fa9-6f8ea128abba] The Player <Enderlava> has slain §8〔§75§8〕§f §7γ at X= 7, Y= 70, Z= -250
[2023-07-18 19:02:14] [world] [07031eee-c0d3-4ed4-8fa9-6f8ea128abba] The Player <Enderlava> has slain §8〔§75§8〕§f §7终焉之狼 at X= 7, Y= 69, Z= -252
[2023-07-18 19:02:14] [world] [07031eee-c0d3-4ed4-8fa9-6f8ea128abba] The Player <Enderlava> has slain §8〔§75§8〕§f §7γ at X= 7, Y= 69, Z= -252
[2023-07-18 19:02:16] [world] [07031eee-c0d3-4ed4-8fa9-6f8ea128abba] The Player <Enderlava> has slain §8〔§75§8〕§f §7γ at X= 6, Y= 69, Z= -253
[2023-07-18 19:02:18] [world] [07031eee-c0d3-4ed4-8fa9-6f8ea128abba] The Player <Enderlava> has slain §8〔§75§8〕§f §7γ at X= 7, Y= 71, Z= -239
[2023-07-18 19:02:20] [world] [07031eee-c0d3-4ed4-8fa9-6f8ea128abba] The Player <Enderlava> has slain §8〔§76§8〕§f §7γ at X= 7, Y= 69, Z= -259
[2023-07-18 19:02:28] [world] [07031eee-c0d3-4ed4-8fa9-6f8ea128abba] The Player <Enderlava> has slain §8〔§75§8〕§f §7终焉之狼 at X= 2, Y= 69, Z= -271
[2023-07-18 19:02:28] [world] [07031eee-c0d3-4ed4-8fa9-6f8ea128abba] The Player <Enderlava> has slain §8〔§76§8〕§f §7γ at X= 1, Y= 69, Z= -270
[2023-07-18 19:02:29] [world] [07031eee-c0d3-4ed4-8fa9-6f8ea128abba] The Player <Enderlava> has slain §8〔§75§8〕§f §7终焉之狼 at X= -1, Y= 70, Z= -270
[2023-07-18 19:02:29] [world] [07031eee-c0d3-4ed4-8fa9-6f8ea128abba] The Player <Enderlava> has slain §8〔§76§8〕§f §7终焉之狼 at X= 3, Y= 69, Z= -271
[2023-07-18 19:02:52] [world] [07031eee-c0d3-4ed4-8fa9-6f8ea128abba] The Player <Enderlava> has slain §8〔§75§8〕§f §7终焉之狼 at X= -3, Y= 69, Z= -249
[2023-07-18 19:02:54] [world] [07031eee-c0d3-4ed4-8fa9-6f8ea128abba] The Player <Enderlava> has slain §8〔§75§8〕§f §7γ at X= -2, Y= 69, Z= -253
[2023-07-18 19:02:54] [world] [07031eee-c0d3-4ed4-8fa9-6f8ea128abba] The Player <Enderlava> has slain §8〔§75§8〕§f §7终焉之狼 at X= -1, Y= 69, Z= -252
[2023-07-18 19:02:57] [world] [07031eee-c0d3-4ed4-8fa9-6f8ea128abba] The Player <Enderlava> has slain §8〔§75§8〕§f §7γ at X= 0, Y= 70, Z= -252
[2023-07-18 19:02:59] [world] [07031eee-c0d3-4ed4-8fa9-6f8ea128abba] The Player <Enderlava> has slain §8〔§75§8〕§f §7终焉之狼 at X= -1, Y= 70, Z= -253
[2023-07-18 19:03:02] [world] [07031eee-c0d3-4ed4-8fa9-6f8ea128abba] The Player <Enderlava> has slain §8〔§75§8〕§f §7终焉之狼 at X= -3, Y= 69, Z= -247
[2023-07-18 19:03:07] [world] [07031eee-c0d3-4ed4-8fa9-6f8ea128abba] The Player <Enderlava> has slain §8〔§75§8〕§f §7终焉之狼 at X= -12, Y= 69, Z= -246
[2023-07-18 19:03:09] [world] [07031eee-c0d3-4ed4-8fa9-6f8ea128abba] The Player <Enderlava> has slain §8〔§75§8〕§f §7终焉之狼 at X= -12, Y= 69, Z= -246
[2023-07-18 19:03:09] [world] [07031eee-c0d3-4ed4-8fa9-6f8ea128abba] The Player <Enderlava> has slain §8〔§76§8〕§f §7终焉之狼 at X= -13, Y= 69, Z= -245
[2023-07-18 19:03:13] [world] [07031eee-c0d3-4ed4-8fa9-6f8ea128abba] The Player <Enderlava> has slain §8〔§75§8〕§f §7终焉之狼 at X= -14, Y= 69, Z= -248
[2023-07-18 19:03:14] [world] [07031eee-c0d3-4ed4-8fa9-6f8ea128abba] The Player <Enderlava> has slain §8〔§75§8〕§f §7终焉之狼 at X= -14, Y= 70, Z= -247
[2023-07-18 19:03:17] [world] [07031eee-c0d3-4ed4-8fa9-6f8ea128abba] The Player <Enderlava> has slain §8〔§75§8〕§f §7终焉之狼 at X= -15, Y= 69, Z= -247
[2023-07-18 19:03:18] [world] [07031eee-c0d3-4ed4-8fa9-6f8ea128abba] The Player <Enderlava> has slain §8〔§75§8〕§f §7终焉之狼 at X= -14, Y= 69, Z= -248
[2023-07-18 19:03:24] [world] [07031eee-c0d3-4ed4-8fa9-6f8ea128abba] The Player <Enderlava> has slain Zombie at X= -20, Y= 70, Z= -249
[2023-07-18 19:04:59] [world] [07031eee-c0d3-4ed4-8fa9-6f8ea128abba] The Player <Enderlava> has slain §4「§c5§4」§f §7群狼之首 at X= 123, Y= 62, Z= -120
[2023-07-18 19:05:23] [world] [07031eee-c0d3-4ed4-8fa9-6f8ea128abba] The Player <Enderlava> has slain §8〔§75§8〕§f §7终焉之狼 at X= -92, Y= 71, Z= -245
[2023-07-18 19:05:39] [world] [07031eee-c0d3-4ed4-8fa9-6f8ea128abba] The Player <Enderlava> has slain §8〔§76§8〕§f §7终焉之狼 at X= -74, Y= 73, Z= -239
[2023-07-18 19:05:40] [world] [07031eee-c0d3-4ed4-8fa9-6f8ea128abba] The Player <Enderlava> has slain §8〔§76§8〕§f §7γ at X= -75, Y= 72, Z= -238
[2023-07-18 19:05:42] [world] [07031eee-c0d3-4ed4-8fa9-6f8ea128abba] The Player <Enderlava> has slain Zombie at X= -75, Y= 72, Z= -242
[2023-07-18 19:06:37] [world] [07031eee-c0d3-4ed4-8fa9-6f8ea128abba] The Player <Enderlava> has slain §8〔§75§8〕§f §7终焉之狼 at X= -15, Y= 69, Z= -247
[2023-07-18 19:06:39] [world] [07031eee-c0d3-4ed4-8fa9-6f8ea128abba] The Player <Enderlava> has slain §8〔§75§8〕§f §7终焉之狼 at X= -13, Y= 69, Z= -247
[2023-07-18 19:06:41] [world] [07031eee-c0d3-4ed4-8fa9-6f8ea128abba] The Player <Enderlava> has slain §8〔§75§8〕§f §7终焉之狼 at X= -13, Y= 69, Z= -248
[2023-07-18 19:06:42] [world] [07031eee-c0d3-4ed4-8fa9-6f8ea128abba] The Player <Enderlava> has slain §8〔§76§8〕§f §7终焉之狼 at X= -13, Y= 69, Z= -247
[2023-07-18 19:06:43] [world] [07031eee-c0d3-4ed4-8fa9-6f8ea128abba] The Player <Enderlava> has slain §8〔§75§8〕§f §7终焉之狼 at X= -13, Y= 69, Z= -246
[2023-07-18 19:06:43] [world] [07031eee-c0d3-4ed4-8fa9-6f8ea128abba] The Player <Enderlava> has slain §8〔§76§8〕§f §7终焉之狼 at X= -12, Y= 69, Z= -246
[2023-07-18 19:06:43] [world] [07031eee-c0d3-4ed4-8fa9-6f8ea128abba] The Player <Enderlava> has slain §8〔§75§8〕§f §7终焉之狼 at X= -15, Y= 69, Z= -246
[2023-07-18 19:06:44] [world] [07031eee-c0d3-4ed4-8fa9-6f8ea128abba] The Player <Enderlava> has slain §8〔§75§8〕§f §7终焉之狼 at X= -13, Y= 69, Z= -247
[2023-07-18 19:06:44] [world] [07031eee-c0d3-4ed4-8fa9-6f8ea128abba] The Player <Enderlava> has slain Phantom at X= -11, Y= 70, Z= -246
[2023-07-18 19:06:46] [world] [07031eee-c0d3-4ed4-8fa9-6f8ea128abba] The Player <Enderlava> has slain §8〔§75§8〕§f §7γ at X= -12, Y= 69, Z= -245
[2023-07-18 19:06:47] [world] [07031eee-c0d3-4ed4-8fa9-6f8ea128abba] The Player <Enderlava> has slain §8〔§76§8〕§f §7γ at X= -11, Y= 69, Z= -245
[2023-07-18 19:06:47] [world] [07031eee-c0d3-4ed4-8fa9-6f8ea128abba] The Player <Enderlava> has slain §8〔§76§8〕§f §7终焉之狼 at X= -12, Y= 69, Z= -246
[2023-07-18 19:06:48] [world] [07031eee-c0d3-4ed4-8fa9-6f8ea128abba] The Player <Enderlava> has slain §8〔§76§8〕§f §7γ at X= -12, Y= 69, Z= -246
[2023-07-18 19:06:51] [world] [07031eee-c0d3-4ed4-8fa9-6f8ea128abba] The Player <Enderlava> has slain §8〔§76§8〕§f §7终焉之狼 at X= -10, Y= 69, Z= -236
[2023-07-18 19:06:51] [world] [07031eee-c0d3-4ed4-8fa9-6f8ea128abba] The Player <Enderlava> has slain §8〔§76§8〕§f §7γ at X= -11, Y= 69, Z= -246
[2023-07-18 19:06:52] [world] [07031eee-c0d3-4ed4-8fa9-6f8ea128abba] The Player <Enderlava> has slain §8〔§76§8〕§f §7γ at X= -11, Y= 69, Z= -245
[2023-07-18 19:06:53] [world] [07031eee-c0d3-4ed4-8fa9-6f8ea128abba] The Player <Enderlava> has slain §8〔§76§8〕§f §7终焉之狼 at X= -14, Y= 70, Z= -244
[2023-07-18 19:06:56] [world] [07031eee-c0d3-4ed4-8fa9-6f8ea128abba] The Player <Enderlava> has slain §8〔§75§8〕§f §7γ at X= -13, Y= 69, Z= -247
[2023-07-18 19:06:57] [world] [07031eee-c0d3-4ed4-8fa9-6f8ea128abba] The Player <Enderlava> has slain §8〔§75§8〕§f §7γ at X= -14, Y= 69, Z= -245
[2023-07-18 19:06:59] [world] [07031eee-c0d3-4ed4-8fa9-6f8ea128abba] The Player <Enderlava> has slain §8〔§75§8〕§f §7终焉之狼 at X= -15, Y= 69, Z= -246
[2023-07-18 19:07:01] [world] [07031eee-c0d3-4ed4-8fa9-6f8ea128abba] The Player <Enderlava> has slain Phantom at X= -18, Y= 71, Z= -247
[2023-07-18 19:07:02] [world] [07031eee-c0d3-4ed4-8fa9-6f8ea128abba] The Player <Enderlava> has slain §8〔§76§8〕§f §7γ at X= -15, Y= 69, Z= -247
[2023-07-18 19:07:04] [world] [07031eee-c0d3-4ed4-8fa9-6f8ea128abba] The Player <Enderlava> has slain §8〔§75§8〕§f §7终焉之狼 at X= -16, Y= 69, Z= -245
[2023-07-18 19:07:04] [world] [07031eee-c0d3-4ed4-8fa9-6f8ea128abba] The Player <Enderlava> has slain §8〔§76§8〕§f §7终焉之狼 at X= -14, Y= 69, Z= -246
[2023-07-18 19:07:05] [world] [07031eee-c0d3-4ed4-8fa9-6f8ea128abba] The Player <Enderlava> has slain §8〔§76§8〕§f §7终焉之狼 at X= -13, Y= 69, Z= -246
[2023-07-18 19:07:06] [world] [07031eee-c0d3-4ed4-8fa9-6f8ea128abba] The Player <Enderlava> has slain Zombie at X= -13, Y= 69, Z= -245
[2023-07-18 19:07:06] [world] [07031eee-c0d3-4ed4-8fa9-6f8ea128abba] The Player <Enderlava> has slain §8〔§76§8〕§f §7终焉之狼 at X= -12, Y= 69, Z= -248
[2023-07-18 19:07:06] [world] [07031eee-c0d3-4ed4-8fa9-6f8ea128abba] The Player <Enderlava> has slain §8〔§75§8〕§f §7γ at X= -13, Y= 69, Z= -247
[2023-07-18 19:07:06] [world] [07031eee-c0d3-4ed4-8fa9-6f8ea128abba] The Player <Enderlava> has slain §8〔§75§8〕§f §7终焉之狼 at X= -14, Y= 69, Z= -246
[2023-07-18 19:07:07] [world] [07031eee-c0d3-4ed4-8fa9-6f8ea128abba] The Player <Enderlava> has slain §8〔§75§8〕§f §7终焉之狼 at X= -14, Y= 69, Z= -244
[2023-07-18 19:07:07] [world] [07031eee-c0d3-4ed4-8fa9-6f8ea128abba] The Player <Enderlava> has slain §8〔§76§8〕§f §7终焉之狼 at X= -13, Y= 69, Z= -244
[2023-07-18 19:07:09] [world] [07031eee-c0d3-4ed4-8fa9-6f8ea128abba] The Player <Enderlava> has slain §8〔§75§8〕§f §7终焉之狼 at X= -14, Y= 69, Z= -243
[2023-07-18 19:07:10] [world] [07031eee-c0d3-4ed4-8fa9-6f8ea128abba] The Player <Enderlava> has slain §8〔§76§8〕§f §7终焉之狼 at X= -14, Y= 69, Z= -243
[2023-07-18 19:07:12] [world] [07031eee-c0d3-4ed4-8fa9-6f8ea128abba] The Player <Enderlava> has slain §8〔§76§8〕§f §7γ at X= -14, Y= 69, Z= -245
[2023-07-18 19:07:13] [world] [07031eee-c0d3-4ed4-8fa9-6f8ea128abba] The Player <Enderlava> has slain §8〔§75§8〕§f §7终焉之狼 at X= -15, Y= 69, Z= -245
[2023-07-18 19:07:14] [world] [07031eee-c0d3-4ed4-8fa9-6f8ea128abba] The Player <Enderlava> has slain §8〔§75§8〕§f §7终焉之狼 at X= -16, Y= 69, Z= -245
[2023-07-18 19:07:14] [world] [07031eee-c0d3-4ed4-8fa9-6f8ea128abba] The Player <Enderlava> has slain §8〔§76§8〕§f §7终焉之狼 at X= -15, Y= 69, Z= -246
[2023-07-18 19:07:14] [world] [07031eee-c0d3-4ed4-8fa9-6f8ea128abba] The Player <Enderlava> has slain §8〔§75§8〕§f §7终焉之狼 at X= -16, Y= 69, Z= -246
[2023-07-18 19:07:15] [world] [07031eee-c0d3-4ed4-8fa9-6f8ea128abba] The Player <Enderlava> has slain §8〔§76§8〕§f §7γ at X= -16, Y= 70, Z= -246
[2023-07-18 19:07:16] [world] [07031eee-c0d3-4ed4-8fa9-6f8ea128abba] The Player <Enderlava> has slain §8〔§75§8〕§f §7终焉之狼 at X= -16, Y= 69, Z= -245
[2023-07-18 19:07:17] [world] [07031eee-c0d3-4ed4-8fa9-6f8ea128abba] The Player <Enderlava> has slain §8〔§76§8〕§f §7终焉之狼 at X= -17, Y= 69, Z= -245
[2023-07-18 19:07:17] [world] [07031eee-c0d3-4ed4-8fa9-6f8ea128abba] The Player <Enderlava> has slain §8〔§75§8〕§f §7终焉之狼 at X= -17, Y= 69, Z= -245
[2023-07-18 19:07:17] [world] [07031eee-c0d3-4ed4-8fa9-6f8ea128abba] The Player <Enderlava> has slain §8〔§75§8〕§f §7终焉之狼 at X= -15, Y= 69, Z= -246
[2023-07-18 19:07:17] [world] [07031eee-c0d3-4ed4-8fa9-6f8ea128abba] The Player <Enderlava> has slain §8〔§75§8〕§f §7γ at X= -16, Y= 69, Z= -245
[2023-07-18 19:07:18] [world] [07031eee-c0d3-4ed4-8fa9-6f8ea128abba] The Player <Enderlava> has slain §8〔§76§8〕§f §7终焉之狼 at X= -17, Y= 69, Z= -246
[2023-07-18 19:07:18] [world] [07031eee-c0d3-4ed4-8fa9-6f8ea128abba] The Player <Enderlava> has slain §8〔§75§8〕§f §7γ at X= -16, Y= 69, Z= -245
[2023-07-18 19:07:18] [world] [07031eee-c0d3-4ed4-8fa9-6f8ea128abba] The Player <Enderlava> has slain §8〔§75§8〕§f §7γ at X= -16, Y= 69, Z= -246
[2023-07-18 19:07:18] [world] [07031eee-c0d3-4ed4-8fa9-6f8ea128abba] The Player <Enderlava> has slain §8〔§75§8〕§f §7终焉之狼 at X= -16, Y= 69, Z= -247
[2023-07-18 19:07:20] [world] [07031eee-c0d3-4ed4-8fa9-6f8ea128abba] The Player <Enderlava> has slain §8〔§75§8〕§f §7终焉之狼 at X= -15, Y= 69, Z= -245
[2023-07-18 19:07:25] [world] [07031eee-c0d3-4ed4-8fa9-6f8ea128abba] The Player <Enderlava> has slain §8〔§76§8〕§f §7终焉之狼 at X= -17, Y= 69, Z= -246
[2023-07-18 19:07:26] [world] [07031eee-c0d3-4ed4-8fa9-6f8ea128abba] The Player <Enderlava> has slain §8〔§75§8〕§f §7终焉之狼 at X= -17, Y= 69, Z= -247
[2023-07-18 19:07:26] [world] [07031eee-c0d3-4ed4-8fa9-6f8ea128abba] The Player <Enderlava> has slain §8〔§75§8〕§f §7终焉之狼 at X= -15, Y= 69, Z= -246
[2023-07-18 19:07:27] [world] [07031eee-c0d3-4ed4-8fa9-6f8ea128abba] The Player <Enderlava> has slain §8〔§76§8〕§f §7γ at X= -15, Y= 69, Z= -248
[2023-07-18 19:07:27] [world] [07031eee-c0d3-4ed4-8fa9-6f8ea128abba] The Player <Enderlava> has slain §8〔§76§8〕§f §7终焉之狼 at X= -13, Y= 69, Z= -244
[2023-07-18 19:07:28] [world] [07031eee-c0d3-4ed4-8fa9-6f8ea128abba] The Player <Enderlava> has slain §8〔§75§8〕§f §7终焉之狼 at X= -15, Y= 69, Z= -245
[2023-07-18 19:07:37] [world] [07031eee-c0d3-4ed4-8fa9-6f8ea128abba] The Player <Enderlava> has slain §8〔§75§8〕§f §7γ at X= -11, Y= 69, Z= -246
[2023-07-18 19:07:40] [world] [07031eee-c0d3-4ed4-8fa9-6f8ea128abba] The Player <Enderlava> has slain §8〔§75§8〕§f §7γ at X= -13, Y= 69, Z= -248
[2023-07-18 19:07:40] [world] [07031eee-c0d3-4ed4-8fa9-6f8ea128abba] The Player <Enderlava> has slain §8〔§75§8〕§f §7终焉之狼 at X= -13, Y= 69, Z= -249
[2023-07-18 19:07:42] [world] [07031eee-c0d3-4ed4-8fa9-6f8ea128abba] The Player <Enderlava> has slain §8〔§76§8〕§f §7终焉之狼 at X= -13, Y= 69, Z= -245
[2023-07-18 19:07:44] [world] [07031eee-c0d3-4ed4-8fa9-6f8ea128abba] The Player <Enderlava> has slain §8〔§75§8〕§f §7γ at X= -12, Y= 69, Z= -244
[2023-07-18 19:07:45] [world] [07031eee-c0d3-4ed4-8fa9-6f8ea128abba] The Player <Enderlava> has slain §8〔§75§8〕§f §7γ at X= -12, Y= 69, Z= -245
[2023-07-18 19:07:45] [world] [07031eee-c0d3-4ed4-8fa9-6f8ea128abba] The Player <Enderlava> has slain §8〔§76§8〕§f §7终焉之狼 at X= -13, Y= 69, Z= -244
[2023-07-18 19:07:45] [world] [07031eee-c0d3-4ed4-8fa9-6f8ea128abba] The Player <Enderlava> has slain §8〔§75§8〕§f §7终焉之狼 at X= -13, Y= 70, Z= -245
[2023-07-18 19:07:53] [world] [07031eee-c0d3-4ed4-8fa9-6f8ea128abba] The Player <Enderlava> has slain §8〔§75§8〕§f §7终焉之狼 at X= -13, Y= 69, Z= -248
[2023-07-18 19:07:54] [world] [07031eee-c0d3-4ed4-8fa9-6f8ea128abba] The Player <Enderlava> has slain §8〔§76§8〕§f §7终焉之狼 at X= -13, Y= 69, Z= -245
[2023-07-18 19:07:54] [world] [07031eee-c0d3-4ed4-8fa9-6f8ea128abba] The Player <Enderlava> has slain §8〔§76§8〕§f §7γ at X= -14, Y= 69, Z= -245
[2023-07-18 19:07:56] [world] [07031eee-c0d3-4ed4-8fa9-6f8ea128abba] The Player <Enderlava> has slain §8〔§75§8〕§f §7终焉之狼 at X= -14, Y= 69, Z= -245
[2023-07-18 19:07:57] [world] [07031eee-c0d3-4ed4-8fa9-6f8ea128abba] The Player <Enderlava> has slain §8〔§76§8〕§f §7γ at X= -14, Y= 69, Z= -246
[2023-07-18 19:07:58] [world] [07031eee-c0d3-4ed4-8fa9-6f8ea128abba] The Player <Enderlava> has slain §8〔§76§8〕§f §7γ at X= -13, Y= 69, Z= -244
[2023-07-18 19:07:59] [world] [07031eee-c0d3-4ed4-8fa9-6f8ea128abba] The Player <Enderlava> has slain §8〔§76§8〕§f §7终焉之狼 at X= -13, Y= 69, Z= -245
[2023-07-18 19:07:59] [world] [07031eee-c0d3-4ed4-8fa9-6f8ea128abba] The Player <Enderlava> has slain §8〔§76§8〕§f §7终焉之狼 at X= -14, Y= 69, Z= -247
[2023-07-18 19:08:00] [world] [07031eee-c0d3-4ed4-8fa9-6f8ea128abba] The Player <Enderlava> has slain §8〔§76§8〕§f §7终焉之狼 at X= -14, Y= 69, Z= -247
[2023-07-18 19:08:00] [world] [07031eee-c0d3-4ed4-8fa9-6f8ea128abba] The Player <Enderlava> has slain §8〔§75§8〕§f §7终焉之狼 at X= -14, Y= 69, Z= -246
[2023-07-18 19:08:01] [world] [07031eee-c0d3-4ed4-8fa9-6f8ea128abba] The Player <Enderlava> has slain §8〔§75§8〕§f §7终焉之狼 at X= -14, Y= 69, Z= -247
[2023-07-18 19:08:01] [world] [07031eee-c0d3-4ed4-8fa9-6f8ea128abba] The Player <Enderlava> has slain §8〔§76§8〕§f §7终焉之狼 at X= -13, Y= 69, Z= -245
[2023-07-18 19:08:03] [world] [07031eee-c0d3-4ed4-8fa9-6f8ea128abba] The Player <Enderlava> has slain §8〔§75§8〕§f §7终焉之狼 at X= -12, Y= 69, Z= -243
[2023-07-18 19:08:05] [world] [07031eee-c0d3-4ed4-8fa9-6f8ea128abba] The Player <Enderlava> has slain §8〔§76§8〕§f §7终焉之狼 at X= -13, Y= 69, Z= -243
[2023-07-18 19:08:05] [world] [07031eee-c0d3-4ed4-8fa9-6f8ea128abba] The Player <Enderlava> has slain §8〔§76§8〕§f §7终焉之狼 at X= -13, Y= 69, Z= -244
[2023-07-18 19:08:05] [world] [07031eee-c0d3-4ed4-8fa9-6f8ea128abba] The Player <Enderlava> has slain §8〔§75§8〕§f §7γ at X= -13, Y= 69, Z= -242
[2023-07-18 19:08:07] [world] [07031eee-c0d3-4ed4-8fa9-6f8ea128abba] The Player <Enderlava> has slain §8〔§76§8〕§f §7γ at X= -13, Y= 69, Z= -244
[2023-07-18 19:08:08] [world] [07031eee-c0d3-4ed4-8fa9-6f8ea128abba] The Player <Enderlava> has slain §8〔§76§8〕§f §7终焉之狼 at X= -15, Y= 69, Z= -245
[2023-07-18 19:08:10] [world] [07031eee-c0d3-4ed4-8fa9-6f8ea128abba] The Player <Enderlava> has slain §8〔§76§8〕§f §7终焉之狼 at X= -16, Y= 69, Z= -245
[2023-07-18 19:08:10] [world] [07031eee-c0d3-4ed4-8fa9-6f8ea128abba] The Player <Enderlava> has slain §8〔§76§8〕§f §7终焉之狼 at X= -16, Y= 69, Z= -245
[2023-07-18 19:08:15] [world] [07031eee-c0d3-4ed4-8fa9-6f8ea128abba] The Player <Enderlava> has slain §8〔§75§8〕§f §7γ at X= -16, Y= 69, Z= -246
[2023-07-18 19:08:16] [world] [07031eee-c0d3-4ed4-8fa9-6f8ea128abba] The Player <Enderlava> has slain §8〔§76§8〕§f §7终焉之狼 at X= -15, Y= 69, Z= -247
[2023-07-18 19:08:18] [world] [07031eee-c0d3-4ed4-8fa9-6f8ea128abba] The Player <Enderlava> has slain §8〔§75§8〕§f §7终焉之狼 at X= -15, Y= 69, Z= -246
[2023-07-18 19:08:18] [world] [07031eee-c0d3-4ed4-8fa9-6f8ea128abba] The Player <Enderlava> has slain §8〔§76§8〕§f §7γ at X= -15, Y= 69, Z= -245
[2023-07-18 19:08:19] [world] [07031eee-c0d3-4ed4-8fa9-6f8ea128abba] The Player <Enderlava> has slain §8〔§76§8〕§f §7终焉之狼 at X= -14, Y= 69, Z= -245
[2023-07-18 19:08:19] [world] [07031eee-c0d3-4ed4-8fa9-6f8ea128abba] The Player <Enderlava> has slain §8〔§75§8〕§f §7终焉之狼 at X= -16, Y= 69, Z= -246
[2023-07-18 19:08:19] [world] [07031eee-c0d3-4ed4-8fa9-6f8ea128abba] The Player <Enderlava> has slain §8〔§76§8〕§f §7终焉之狼 at X= -15, Y= 69, Z= -246
[2023-07-18 19:08:21] [world] [07031eee-c0d3-4ed4-8fa9-6f8ea128abba] The Player <Enderlava> has slain §8〔§75§8〕§f §7终焉之狼 at X= -10, Y= 69, Z= -241
[2023-07-18 19:08:23] [world] [07031eee-c0d3-4ed4-8fa9-6f8ea128abba] The Player <Enderlava> has slain §8〔§75§8〕§f §7γ at X= -13, Y= 69, Z= -246
[2023-07-18 19:08:32] [world] [07031eee-c0d3-4ed4-8fa9-6f8ea128abba] The Player <Enderlava> has slain §8〔§75§8〕§f §7终焉之狼 at X= -5, Y= 69, Z= -244
[2023-07-18 19:08:36] [world] [c044cd4d-b2f0-493d-9457-42ab7216df39] The Player <Funget114514> has slain Phantom at X= -11, Y= 127, Z= -240
[2023-07-18 19:08:36] [world] [07031eee-c0d3-4ed4-8fa9-6f8ea128abba] The Player <Enderlava> has slain §8〔§76§8〕§f §7终焉之狼 at X= -3, Y= 70, Z= -246
[2023-07-18 19:08:36] [world] [07031eee-c0d3-4ed4-8fa9-6f8ea128abba] The Player <Enderlava> has slain §8〔§75§8〕§f §7终焉之狼 at X= -3, Y= 69, Z= -246
[2023-07-18 19:08:39] [world] [07031eee-c0d3-4ed4-8fa9-6f8ea128abba] The Player <Enderlava> has slain §8〔§76§8〕§f §7终焉之狼 at X= 0, Y= 69, Z= -246
[2023-07-18 19:08:40] [world] [07031eee-c0d3-4ed4-8fa9-6f8ea128abba] The Player <Enderlava> has slain §8〔§76§8〕§f §7终焉之狼 at X= 0, Y= 69, Z= -246
[2023-07-18 19:08:41] [world] [07031eee-c0d3-4ed4-8fa9-6f8ea128abba] The Player <Enderlava> has slain §8〔§75§8〕§f §7终焉之狼 at X= -1, Y= 69, Z= -247
[2023-07-18 19:08:46] [world] [07031eee-c0d3-4ed4-8fa9-6f8ea128abba] The Player <Enderlava> has slain §8〔§76§8〕§f §7γ at X= 0, Y= 69, Z= -244
[2023-07-18 19:08:51] [world] [07031eee-c0d3-4ed4-8fa9-6f8ea128abba] The Player <Enderlava> has slain §8〔§76§8〕§f §7终焉之狼 at X= -1, Y= 69, Z= -246
[2023-07-18 19:08:53] [world] [07031eee-c0d3-4ed4-8fa9-6f8ea128abba] The Player <Enderlava> has slain §8〔§76§8〕§f §7终焉之狼 at X= -2, Y= 70, Z= -246
[2023-07-18 19:08:54] [world] [07031eee-c0d3-4ed4-8fa9-6f8ea128abba] The Player <Enderlava> has slain §8〔§76§8〕§f §7终焉之狼 at X= -1, Y= 69, Z= -248
[2023-07-18 19:08:59] [world] [07031eee-c0d3-4ed4-8fa9-6f8ea128abba] The Player <Enderlava> has slain §8〔§75§8〕§f §7终焉之狼 at X= -2, Y= 69, Z= -244
[2023-07-18 19:18:01] [world] [c044cd4d-b2f0-493d-9457-42ab7216df39] The Player <Funget114514> has slain §8〔§76§8〕§f §7终焉之狼 at X= -14, Y= 69, Z= -244
[2023-07-18 19:25:58] [world] [c044cd4d-b2f0-493d-9457-42ab7216df39] The Player <Funget114514> has slain Phantom at X= -25, Y= 73, Z= -239
[2023-07-18 19:26:45] [world] [c044cd4d-b2f0-493d-9457-42ab7216df39] The Player <Funget114514> has slain Phantom at X= -15, Y= 73, Z= -228
[2023-07-18 19:28:21] [world] [c044cd4d-b2f0-493d-9457-42ab7216df39] The Player <Funget114514> has slain Phantom at X= -18, Y= 85, Z= -223
[2023-07-18 19:29:47] [world] [07031eee-c0d3-4ed4-8fa9-6f8ea128abba] The Player <Enderlava> has slain Phantom at X= -18, Y= 78, Z= -230
[2023-07-18 19:46:53] [world_nether] [07031eee-c0d3-4ed4-8fa9-6f8ea128abba] The Player <Enderlava> has slain Ghast at X= -19, Y= 85, Z= -45
[2023-07-18 19:49:13] [world_nether] [07031eee-c0d3-4ed4-8fa9-6f8ea128abba] The Player <Enderlava> has slain Ghast at X= -59, Y= 47, Z= -209
[2023-07-18 19:52:19] [world] [07031eee-c0d3-4ed4-8fa9-6f8ea128abba] The Player <Enderlava> has slain Zombie at X= 39, Y= 63, Z= -271
[2023-07-18 19:52:25] [world] [c044cd4d-b2f0-493d-9457-42ab7216df39] The Player <Funget114514> has slain §212级§f精英§2僵尸 at X= 39, Y= 68, Z= -269
[2023-07-18 19:52:52] [world] [07031eee-c0d3-4ed4-8fa9-6f8ea128abba] The Player <Enderlava> has slain Squid at X= -44, Y= 61, Z= -329
[2023-07-18 19:53:03] [world] [07031eee-c0d3-4ed4-8fa9-6f8ea128abba] The Player <Enderlava> has slain Zombie at X= 38, Y= 54, Z= -276
[2023-07-18 19:53:25] [world] [07031eee-c0d3-4ed4-8fa9-6f8ea128abba] The Player <Enderlava> has slain 诽谤！ at X= 48, Y= 49, Z= -272
[2023-07-18 19:53:32] [world] [c044cd4d-b2f0-493d-9457-42ab7216df39] The Player <Funget114514> has slain Zombie at X= 46, Y= 60, Z= -273
[2023-07-18 19:54:01] [world] [07031eee-c0d3-4ed4-8fa9-6f8ea128abba] The Player <Enderlava> has slain Zombie at X= 48, Y= 49, Z= -275
[2023-07-18 19:54:15] [world] [07031eee-c0d3-4ed4-8fa9-6f8ea128abba] The Player <Enderlava> has slain Zombie at X= 40, Y= 64, Z= -276
[2023-07-18 19:54:17] [world] [c044cd4d-b2f0-493d-9457-42ab7216df39] The Player <Funget114514> has slain Drowned at X= 40, Y= 61, Z= -274
[2023-07-18 19:54:25] [world] [07031eee-c0d3-4ed4-8fa9-6f8ea128abba] The Player <Enderlava> has slain Drowned at X= 46, Y= 60, Z= -272
[2023-07-18 19:54:26] [world] [07031eee-c0d3-4ed4-8fa9-6f8ea128abba] The Player <Enderlava> has slain Drowned at X= 46, Y= 60, Z= -273
[2023-07-18 19:54:27] [world] [07031eee-c0d3-4ed4-8fa9-6f8ea128abba] The Player <Enderlava> has slain Drowned at X= 47, Y= 59, Z= -274
[2023-07-18 19:54:27] [world] [c044cd4d-b2f0-493d-9457-42ab7216df39] The Player <Funget114514> has slain Drowned at X= 39, Y= 55, Z= -274
[2023-07-18 19:54:28] [world] [07031eee-c0d3-4ed4-8fa9-6f8ea128abba] The Player <Enderlava> has slain Drowned at X= 48, Y= 58, Z= -274
[2023-07-18 19:54:28] [world] [c044cd4d-b2f0-493d-9457-42ab7216df39] The Player <Funget114514> has slain Drowned at X= 39, Y= 53, Z= -275
[2023-07-18 19:54:29] [world] [07031eee-c0d3-4ed4-8fa9-6f8ea128abba] The Player <Enderlava> has slain Drowned at X= 48, Y= 58, Z= -273
[2023-07-18 19:54:30] [world] [07031eee-c0d3-4ed4-8fa9-6f8ea128abba] The Player <Enderlava> has slain Drowned at X= 47, Y= 58, Z= -272
[2023-07-18 19:54:30] [world] [07031eee-c0d3-4ed4-8fa9-6f8ea128abba] The Player <Enderlava> has slain Drowned at X= 47, Y= 58, Z= -272
[2023-07-18 19:54:31] [world] [c044cd4d-b2f0-493d-9457-42ab7216df39] The Player <Funget114514> has slain Drowned at X= 40, Y= 53, Z= -273
[2023-07-18 19:54:31] [world] [07031eee-c0d3-4ed4-8fa9-6f8ea128abba] The Player <Enderlava> has slain Drowned at X= 46, Y= 58, Z= -272
[2023-07-18 19:54:32] [world] [07031eee-c0d3-4ed4-8fa9-6f8ea128abba] The Player <Enderlava> has slain Drowned at X= 43, Y= 57, Z= -269
[2023-07-18 19:54:34] [world] [07031eee-c0d3-4ed4-8fa9-6f8ea128abba] The Player <Enderlava> has slain Drowned at X= 42, Y= 57, Z= -270
[2023-07-18 19:54:35] [world] [07031eee-c0d3-4ed4-8fa9-6f8ea128abba] The Player <Enderlava> has slain Drowned at X= 43, Y= 55, Z= -272
[2023-07-18 19:54:35] [world] [07031eee-c0d3-4ed4-8fa9-6f8ea128abba] The Player <Enderlava> has slain Drowned at X= 42, Y= 57, Z= -273
[2023-07-18 19:54:37] [world] [07031eee-c0d3-4ed4-8fa9-6f8ea128abba] The Player <Enderlava> has slain Drowned at X= 39, Y= 57, Z= -275
[2023-07-18 19:54:37] [world] [07031eee-c0d3-4ed4-8fa9-6f8ea128abba] The Player <Enderlava> has slain Drowned at X= 38, Y= 57, Z= -273
[2023-07-18 19:54:39] [world] [c044cd4d-b2f0-493d-9457-42ab7216df39] The Player <Funget114514> has slain Drowned at X= 37, Y= 54, Z= -277
[2023-07-18 19:54:42] [world] [c044cd4d-b2f0-493d-9457-42ab7216df39] The Player <Funget114514> has slain Drowned at X= 39, Y= 55, Z= -273
[2023-07-18 19:54:43] [world] [07031eee-c0d3-4ed4-8fa9-6f8ea128abba] The Player <Enderlava> has slain §20级§f精英§2僵尸 at X= 42, Y= 53, Z= -271
[2023-07-18 19:54:44] [world] [07031eee-c0d3-4ed4-8fa9-6f8ea128abba] The Player <Enderlava> has slain Drowned at X= 44, Y= 55, Z= -268
[2023-07-18 19:54:46] [world] [07031eee-c0d3-4ed4-8fa9-6f8ea128abba] The Player <Enderlava> has slain Drowned at X= 40, Y= 58, Z= -268
[2023-07-18 19:54:47] [world] [07031eee-c0d3-4ed4-8fa9-6f8ea128abba] The Player <Enderlava> has slain Drowned at X= 40, Y= 58, Z= -270
[2023-07-18 19:55:05] [world] [07031eee-c0d3-4ed4-8fa9-6f8ea128abba] The Player <Enderlava> has slain Zombie at X= 39, Y= 65, Z= -275
[2023-07-18 19:55:12] [world] [07031eee-c0d3-4ed4-8fa9-6f8ea128abba] The Player <Enderlava> has slain §29级§f精英§2僵尸 at X= 40, Y= 55, Z= -270
[2023-07-18 19:55:30] [world] [07031eee-c0d3-4ed4-8fa9-6f8ea128abba] The Player <Enderlava> has slain Zombie at X= 40, Y= 67, Z= -268
[2023-07-18 19:55:47] [world] [07031eee-c0d3-4ed4-8fa9-6f8ea128abba] The Player <Enderlava> has slain Zombie at X= 50, Y= 71, Z= -268
[2023-07-18 19:56:04] [world] [07031eee-c0d3-4ed4-8fa9-6f8ea128abba] The Player <Enderlava> has slain Zombie at X= 52, Y= 58, Z= -266
[2023-07-18 19:56:13] [world] [07031eee-c0d3-4ed4-8fa9-6f8ea128abba] The Player <Enderlava> has slain Zombie at X= 56, Y= 47, Z= -268
[2023-07-18 19:56:14] [world] [07031eee-c0d3-4ed4-8fa9-6f8ea128abba] The Player <Enderlava> has slain Zombie at X= 55, Y= 47, Z= -266
[2023-07-18 19:56:15] [world] [07031eee-c0d3-4ed4-8fa9-6f8ea128abba] The Player <Enderlava> has slain Zombie at X= 56, Y= 46, Z= -265
[2023-07-18 19:56:16] [world] [07031eee-c0d3-4ed4-8fa9-6f8ea128abba] The Player <Enderlava> has slain Zombie at X= 56, Y= 48, Z= -264
[2023-07-18 19:56:18] [world] [07031eee-c0d3-4ed4-8fa9-6f8ea128abba] The Player <Enderlava> has slain Zombie at X= 54, Y= 46, Z= -266
[2023-07-18 19:56:19] [world] [07031eee-c0d3-4ed4-8fa9-6f8ea128abba] The Player <Enderlava> has slain Drowned at X= 55, Y= 47, Z= -267
[2023-07-18 19:56:19] [world] [07031eee-c0d3-4ed4-8fa9-6f8ea128abba] The Player <Enderlava> has slain Zombie at X= 53, Y= 46, Z= -267
[2023-07-18 19:56:20] [world] [07031eee-c0d3-4ed4-8fa9-6f8ea128abba] The Player <Enderlava> has slain Zombie at X= 52, Y= 47, Z= -268
[2023-07-18 19:56:21] [world] [07031eee-c0d3-4ed4-8fa9-6f8ea128abba] The Player <Enderlava> has slain Zombie at X= 53, Y= 48, Z= -265
[2023-07-18 19:56:22] [world] [07031eee-c0d3-4ed4-8fa9-6f8ea128abba] The Player <Enderlava> has slain Zombie at X= 51, Y= 48, Z= -267
[2023-07-18 19:56:22] [world] [07031eee-c0d3-4ed4-8fa9-6f8ea128abba] The Player <Enderlava> has slain Zombie at X= 51, Y= 48, Z= -266
[2023-07-18 19:56:22] [world] [07031eee-c0d3-4ed4-8fa9-6f8ea128abba] The Player <Enderlava> has slain Zombie at X= 50, Y= 47, Z= -265
[2023-07-18 19:56:25] [world] [07031eee-c0d3-4ed4-8fa9-6f8ea128abba] The Player <Enderlava> has slain Zombie at X= 50, Y= 48, Z= -269
[2023-07-18 19:56:25] [world] [c044cd4d-b2f0-493d-9457-42ab7216df39] The Player <Funget114514> has slain Zombie at X= 47, Y= 51, Z= -277
[2023-07-18 19:56:25] [world] [07031eee-c0d3-4ed4-8fa9-6f8ea128abba] The Player <Enderlava> has slain Zombie at X= 50, Y= 48, Z= -266
[2023-07-18 19:56:26] [world] [07031eee-c0d3-4ed4-8fa9-6f8ea128abba] The Player <Enderlava> has slain Zombie at X= 49, Y= 49, Z= -267
[2023-07-18 19:56:26] [world] [07031eee-c0d3-4ed4-8fa9-6f8ea128abba] The Player <Enderlava> has slain Zombie at X= 49, Y= 49, Z= -268
[2023-07-18 19:56:27] [world] [07031eee-c0d3-4ed4-8fa9-6f8ea128abba] The Player <Enderlava> has slain Zombie at X= 50, Y= 48, Z= -268
[2023-07-18 19:56:27] [world] [07031eee-c0d3-4ed4-8fa9-6f8ea128abba] The Player <Enderlava> has slain Zombie at X= 51, Y= 48, Z= -269
[2023-07-18 19:56:28] [world] [07031eee-c0d3-4ed4-8fa9-6f8ea128abba] The Player <Enderlava> has slain §20级§f精英§2僵尸 at X= 50, Y= 49, Z= -270
[2023-07-18 19:56:30] [world] [07031eee-c0d3-4ed4-8fa9-6f8ea128abba] The Player <Enderlava> has slain Zombie at X= 50, Y= 49, Z= -273
[2023-07-18 19:56:31] [world] [07031eee-c0d3-4ed4-8fa9-6f8ea128abba] The Player <Enderlava> has slain Zombie at X= 51, Y= 49, Z= -274
[2023-07-18 19:56:33] [world] [07031eee-c0d3-4ed4-8fa9-6f8ea128abba] The Player <Enderlava> has slain §28级§f精英§2僵尸 at X= 49, Y= 49, Z= -286
[2023-07-18 19:56:36] [world] [07031eee-c0d3-4ed4-8fa9-6f8ea128abba] The Player <Enderlava> has slain Zombie at X= 46, Y= 50, Z= -276
[2023-07-18 19:56:36] [world] [07031eee-c0d3-4ed4-8fa9-6f8ea128abba] The Player <Enderlava> has slain Zombie at X= 44, Y= 50, Z= -275
[2023-07-18 19:56:37] [world] [07031eee-c0d3-4ed4-8fa9-6f8ea128abba] The Player <Enderlava> has slain Zombie at X= 44, Y= 50, Z= -274
[2023-07-18 19:56:37] [world] [07031eee-c0d3-4ed4-8fa9-6f8ea128abba] The Player <Enderlava> has slain Zombie at X= 46, Y= 50, Z= -274
[2023-07-18 19:56:38] [world] [07031eee-c0d3-4ed4-8fa9-6f8ea128abba] The Player <Enderlava> has slain Zombie at X= 45, Y= 50, Z= -273
[2023-07-18 19:56:38] [world] [07031eee-c0d3-4ed4-8fa9-6f8ea128abba] The Player <Enderlava> has slain Zombie at X= 45, Y= 50, Z= -271
[2023-07-18 19:56:48] [world] [07031eee-c0d3-4ed4-8fa9-6f8ea128abba] The Player <Enderlava> has slain Zombie at X= 56, Y= 61, Z= -274
[2023-07-18 19:57:19] [world] [07031eee-c0d3-4ed4-8fa9-6f8ea128abba] The Player <Enderlava> has slain 诽谤！ at X= 50, Y= 62, Z= -282
[2023-07-18 19:57:38] [world] [07031eee-c0d3-4ed4-8fa9-6f8ea128abba] The Player <Enderlava> has slain 男术士 at X= 38, Y= 55, Z= -274
[2023-07-18 19:57:46] [world] [07031eee-c0d3-4ed4-8fa9-6f8ea128abba] The Player <Enderlava> has slain 男术士 at X= 41, Y= 62, Z= -282
[2023-07-18 19:57:56] [world] [07031eee-c0d3-4ed4-8fa9-6f8ea128abba] The Player <Enderlava> has slain 男术士 at X= 58, Y= 57, Z= -269
[2023-07-18 19:58:00] [world] [07031eee-c0d3-4ed4-8fa9-6f8ea128abba] The Player <Enderlava> has slain 男术士 at X= 62, Y= 48, Z= -273
[2023-07-18 19:58:05] [world] [07031eee-c0d3-4ed4-8fa9-6f8ea128abba] The Player <Enderlava> has slain 男术士 at X= 47, Y= 50, Z= -289
[2023-07-18 19:58:13] [world] [07031eee-c0d3-4ed4-8fa9-6f8ea128abba] The Player <Enderlava> has slain 男术士 at X= 32, Y= 52, Z= -278
[2023-07-18 19:58:14] [world] [c044cd4d-b2f0-493d-9457-42ab7216df39] The Player <Funget114514> has slain 男术士 at X= 36, Y= 51, Z= -287
[2023-07-18 19:58:25] [world] [c044cd4d-b2f0-493d-9457-42ab7216df39] The Player <Funget114514> has slain 男术士 at X= 46, Y= 51, Z= -273
[2023-07-18 19:58:27] [world] [07031eee-c0d3-4ed4-8fa9-6f8ea128abba] The Player <Enderlava> has slain 男术士 at X= 50, Y= 49, Z= -277
[2023-07-18 19:58:35] [world] [c044cd4d-b2f0-493d-9457-42ab7216df39] The Player <Funget114514> has slain 男术士 at X= 45, Y= 50, Z= -275
[2023-07-18 19:58:49] [world] [c044cd4d-b2f0-493d-9457-42ab7216df39] The Player <Funget114514> has slain 男术士 at X= 39, Y= 63, Z= -287
[2023-07-18 19:58:54] [world] [07031eee-c0d3-4ed4-8fa9-6f8ea128abba] The Player <Enderlava> has slain 男术士 at X= 58, Y= 59, Z= -270
[2023-07-18 19:59:02] [world] [07031eee-c0d3-4ed4-8fa9-6f8ea128abba] The Player <Enderlava> has slain 男术士 at X= 47, Y= 64, Z= -291
[2023-07-18 19:59:07] [world] [c044cd4d-b2f0-493d-9457-42ab7216df39] The Player <Funget114514> has slain 男术士 at X= 37, Y= 61, Z= -271
[2023-07-18 19:59:13] [world] [07031eee-c0d3-4ed4-8fa9-6f8ea128abba] The Player <Enderlava> has slain 男术士 at X= 17, Y= 62, Z= -294
[2023-07-18 19:59:17] [world] [c044cd4d-b2f0-493d-9457-42ab7216df39] The Player <Funget114514> has slain 男术士 at X= 36, Y= 60, Z= -274
[2023-07-18 20:00:02] [world] [07031eee-c0d3-4ed4-8fa9-6f8ea128abba] The Player <Enderlava> has slain 男术士 at X= 55, Y= 63, Z= -287
[2023-07-18 20:00:03] [world] [c044cd4d-b2f0-493d-9457-42ab7216df39] The Player <Funget114514> has slain 男术士 at X= 49, Y= 63, Z= -295
[2023-07-18 20:00:15] [world] [07031eee-c0d3-4ed4-8fa9-6f8ea128abba] The Player <Enderlava> has slain 男术士 at X= 43, Y= 63, Z= -287
[2023-07-18 20:00:16] [world] [07031eee-c0d3-4ed4-8fa9-6f8ea128abba] The Player <Enderlava> has slain 男术士 at X= 38, Y= 63, Z= -290
[2023-07-18 20:00:20] [world] [c044cd4d-b2f0-493d-9457-42ab7216df39] The Player <Funget114514> has slain 男术士 at X= 39, Y= 63, Z= -294
[2023-07-18 20:00:22] [world] [07031eee-c0d3-4ed4-8fa9-6f8ea128abba] The Player <Enderlava> has slain 男术士 at X= 32, Y= 63, Z= -280
[2023-07-18 20:00:39] [world] [c044cd4d-b2f0-493d-9457-42ab7216df39] The Player <Funget114514> has slain 男术士 at X= 38, Y= 62, Z= -304
[2023-07-18 20:00:56] [world] [c044cd4d-b2f0-493d-9457-42ab7216df39] The Player <Funget114514> has slain 男术士 at X= 33, Y= 63, Z= -290
[2023-07-18 20:01:15] [world] [c044cd4d-b2f0-493d-9457-42ab7216df39] The Player <Funget114514> has slain 男术士 at X= 49, Y= 62, Z= -282
[2023-07-18 20:01:26] [world] [c044cd4d-b2f0-493d-9457-42ab7216df39] The Player <Funget114514> has slain 男术士 at X= 57, Y= 63, Z= -281
[2023-07-18 20:02:20] [world] [07031eee-c0d3-4ed4-8fa9-6f8ea128abba] The Player <Enderlava> has slain 男术士 at X= 49, Y= 63, Z= -284
[2023-07-18 20:02:33] [world] [07031eee-c0d3-4ed4-8fa9-6f8ea128abba] The Player <Enderlava> has slain 男术士 at X= 58, Y= 63, Z= -282
[2023-07-18 20:02:43] [world] [07031eee-c0d3-4ed4-8fa9-6f8ea128abba] The Player <Enderlava> has slain 男术士 at X= 62, Y= 63, Z= -282
[2023-07-18 20:02:46] [world] [c044cd4d-b2f0-493d-9457-42ab7216df39] The Player <Funget114514> has slain 男术士 at X= 25, Y= 63, Z= -272
[2023-07-18 20:02:52] [world] [07031eee-c0d3-4ed4-8fa9-6f8ea128abba] The Player <Enderlava> has slain 男术士 at X= 63, Y= 63, Z= -279
[2023-07-18 20:03:07] [world] [07031eee-c0d3-4ed4-8fa9-6f8ea128abba] The Player <Enderlava> has slain 男术士 at X= 58, Y= 63, Z= -277
[2023-07-18 20:03:10] [world] [07031eee-c0d3-4ed4-8fa9-6f8ea128abba] The Player <Enderlava> has slain 男术士 at X= 66, Y= 63, Z= -278
[2023-07-18 20:03:12] [world] [c044cd4d-b2f0-493d-9457-42ab7216df39] The Player <Funget114514> has slain 男术士 at X= 77, Y= 63, Z= -291
[2023-07-18 20:03:15] [world] [07031eee-c0d3-4ed4-8fa9-6f8ea128abba] The Player <Enderlava> has slain 男术士 at X= 69, Y= 63, Z= -281
[2023-07-18 20:03:24] [world] [07031eee-c0d3-4ed4-8fa9-6f8ea128abba] The Player <Enderlava> has slain 男术士 at X= 75, Y= 57, Z= -283
[2023-07-18 20:03:26] [world] [c044cd4d-b2f0-493d-9457-42ab7216df39] The Player <Funget114514> has slain 男术士 at X= 77, Y= 63, Z= -293
[2023-07-18 20:03:29] [world] [07031eee-c0d3-4ed4-8fa9-6f8ea128abba] The Player <Enderlava> has slain 男术士 at X= 86, Y= 52, Z= -281
[2023-07-18 20:03:43] [world] [07031eee-c0d3-4ed4-8fa9-6f8ea128abba] The Player <Enderlava> has slain 男术士 at X= 83, Y= 63, Z= -301
[2023-07-18 20:03:44] [world] [c044cd4d-b2f0-493d-9457-42ab7216df39] The Player <Funget114514> has slain 男术士 at X= 78, Y= 63, Z= -300
[2023-07-18 20:04:02] [world] [07031eee-c0d3-4ed4-8fa9-6f8ea128abba] The Player <Enderlava> has slain 男术士 at X= 49, Y= 63, Z= -291
[2023-07-18 20:04:09] [world] [07031eee-c0d3-4ed4-8fa9-6f8ea128abba] The Player <Enderlava> has slain 男术士 at X= 57, Y= 63, Z= -290
[2023-07-18 20:04:11] [world] [c044cd4d-b2f0-493d-9457-42ab7216df39] The Player <Funget114514> has slain 男术士 at X= 71, Y= 49, Z= -296
[2023-07-18 20:04:55] [world] [07031eee-c0d3-4ed4-8fa9-6f8ea128abba] The Player <Enderlava> has slain Creeper at X= 21, Y= 64, Z= -294
[2023-07-18 20:06:26] [world] [07031eee-c0d3-4ed4-8fa9-6f8ea128abba] The Player <Enderlava> has slain §4「§c6§4」§f §3「深海巨妖」克拉肯 at X= -17, Y= 56, Z= -295
[2023-07-18 20:30:17] [world] [07031eee-c0d3-4ed4-8fa9-6f8ea128abba] The Player <Enderlava> has slain Zombie at X= -4, Y= 69, Z= -252
[2023-07-18 21:42:54] [world] [07031eee-c0d3-4ed4-8fa9-6f8ea128abba] The Player <Enderlava> has slain §4「§c5§4」§f §fSubject d84b at X= -33, Y= 63, Z= -278
[2023-07-18 21:43:01] [world] [07031eee-c0d3-4ed4-8fa9-6f8ea128abba] The Player <Enderlava> has slain §4「§c5§4」§f §fSubject d84a at X= -33, Y= 63, Z= -287
[2023-07-18 21:51:18] [world] [07031eee-c0d3-4ed4-8fa9-6f8ea128abba] The Player <Enderlava> has slain Phantom at X= -7, Y= 89, Z= -235
[2023-07-18 21:51:20] [world] [07031eee-c0d3-4ed4-8fa9-6f8ea128abba] The Player <Enderlava> has slain Phantom at X= -10, Y= 93, Z= -228
