[2023-08-23 13:55:37] [world] [48835002-b378-4798-b2e4-aa5890f9b262] The Player <wqe123420> has slain 诽谤！ at X= -298, Y= 51, Z= 22
[2023-08-23 13:55:59] [world] [48835002-b378-4798-b2e4-aa5890f9b262] The Player <wqe123420> has slain Zombie at X= -296, Y= 63, Z= 29
[2023-08-23 13:57:22] [world] [48835002-b378-4798-b2e4-aa5890f9b262] The Player <wqe123420> has slain 诽谤！ at X= -262, Y= 56, Z= 16
[2023-08-23 13:58:22] [world] [48835002-b378-4798-b2e4-aa5890f9b262] The Player <wqe123420> has slain Drowned at X= -261, Y= 57, Z= 6
[2023-08-23 13:58:30] [world] [48835002-b378-4798-b2e4-aa5890f9b262] The Player <wqe123420> has slain Zombie at X= -259, Y= 56, Z= 14
[2023-08-23 13:58:32] [world] [48835002-b378-4798-b2e4-aa5890f9b262] The Player <wqe123420> has slain Drowned at X= -259, Y= 56, Z= 13
[2023-08-23 13:58:41] [world] [48835002-b378-4798-b2e4-aa5890f9b262] The Player <wqe123420> has slain Drowned at X= -259, Y= 59, Z= 6
[2023-08-23 13:58:49] [world] [48835002-b378-4798-b2e4-aa5890f9b262] The Player <wqe123420> has slain Drowned at X= -261, Y= 75, Z= 6
[2023-08-23 13:58:50] [world] [48835002-b378-4798-b2e4-aa5890f9b262] The Player <wqe123420> has slain Drowned at X= -260, Y= 77, Z= 7
[2023-08-23 13:59:16] [world] [48835002-b378-4798-b2e4-aa5890f9b262] The Player <wqe123420> has slain Drowned at X= -260, Y= 71, Z= 14
[2023-08-23 13:59:28] [world] [48835002-b378-4798-b2e4-aa5890f9b262] The Player <wqe123420> has slain Zombie at X= -261, Y= 51, Z= 14
[2023-08-23 14:00:16] [world] [48835002-b378-4798-b2e4-aa5890f9b262] The Player <wqe123420> has slain Zombie at X= -256, Y= 49, Z= 5
[2023-08-23 14:01:04] [world] [48835002-b378-4798-b2e4-aa5890f9b262] The Player <wqe123420> has slain 诽谤！ at X= -228, Y= 48, Z= 5
[2023-08-23 14:04:10] [world] [48835002-b378-4798-b2e4-aa5890f9b262] The Player <wqe123420> has slain Skeleton at X= -262, Y= 64, Z= -26
[2023-08-23 14:06:00] [world] [48835002-b378-4798-b2e4-aa5890f9b262] The Player <wqe123420> has slain §8〔§75§8〕§f §7终焉之狼 at X= 8, Y= 62, Z= -292
[2023-08-23 14:06:36] [world] [48835002-b378-4798-b2e4-aa5890f9b262] The Player <wqe123420> has slain §8〔§75§8〕§f §7γ at X= -386, Y= 63, Z= -59
[2023-08-23 14:06:41] [world] [48835002-b378-4798-b2e4-aa5890f9b262] The Player <wqe123420> has slain §8〔§75§8〕§f §7终焉之狼 at X= -380, Y= 63, Z= -71
[2023-08-23 14:07:14] [world] [48835002-b378-4798-b2e4-aa5890f9b262] The Player <wqe123420> has slain §8〔§76§8〕§f §7γ at X= -385, Y= 63, Z= -59
[2023-08-23 14:07:28] [world] [48835002-b378-4798-b2e4-aa5890f9b262] The Player <wqe123420> has slain §8〔§76§8〕§f §7终焉之狼 at X= -380, Y= 63, Z= -64
[2023-08-23 14:07:44] [world] [48835002-b378-4798-b2e4-aa5890f9b262] The Player <wqe123420> has slain §8〔§75§8〕§f §7终焉之狼 at X= -407, Y= 64, Z= -50
[2023-08-23 14:07:54] [world] [48835002-b378-4798-b2e4-aa5890f9b262] The Player <wqe123420> has slain §8〔§75§8〕§f §7终焉之狼 at X= -394, Y= 64, Z= -68
[2023-08-23 14:10:53] [world] [48835002-b378-4798-b2e4-aa5890f9b262] The Player <wqe123420> has slain §8〔§76§8〕§f §7终焉之狼 at X= -403, Y= 61, Z= -66
[2023-08-23 14:10:59] [world] [48835002-b378-4798-b2e4-aa5890f9b262] The Player <wqe123420> has slain §8〔§76§8〕§f §7终焉之狼 at X= -399, Y= 66, Z= -67
[2023-08-23 14:10:59] [world] [48835002-b378-4798-b2e4-aa5890f9b262] The Player <wqe123420> has slain §8〔§76§8〕§f §7γ at X= -403, Y= 63, Z= -66
[2023-08-23 14:10:59] [world] [48835002-b378-4798-b2e4-aa5890f9b262] The Player <wqe123420> has slain §8〔§76§8〕§f §7终焉之狼 at X= -405, Y= 67, Z= -66
[2023-08-23 14:11:06] [world] [48835002-b378-4798-b2e4-aa5890f9b262] The Player <wqe123420> has slain §8〔§75§8〕§f §7γ at X= -404, Y= 59, Z= -66
[2023-08-23 14:11:13] [world] [48835002-b378-4798-b2e4-aa5890f9b262] The Player <wqe123420> has slain §8〔§75§8〕§f §7γ at X= -403, Y= 62, Z= -66
[2023-08-23 14:11:15] [world] [48835002-b378-4798-b2e4-aa5890f9b262] The Player <wqe123420> has slain §8〔§77§8〕§f §7终焉之狼 at X= -404, Y= 61, Z= -66
[2023-08-23 14:11:18] [world] [48835002-b378-4798-b2e4-aa5890f9b262] The Player <wqe123420> has slain §8〔§76§8〕§f §7终焉之狼 at X= -403, Y= 63, Z= -66
[2023-08-23 14:11:21] [world] [48835002-b378-4798-b2e4-aa5890f9b262] The Player <wqe123420> has slain §8〔§76§8〕§f §7γ at X= -404, Y= 61, Z= -66
[2023-08-23 14:11:22] [world] [48835002-b378-4798-b2e4-aa5890f9b262] The Player <wqe123420> has slain §8〔§75§8〕§f §7终焉之狼 at X= -404, Y= 63, Z= -66
[2023-08-23 14:11:23] [world] [48835002-b378-4798-b2e4-aa5890f9b262] The Player <wqe123420> has slain §8〔§76§8〕§f §7终焉之狼 at X= -404, Y= 64, Z= -66
[2023-08-23 14:11:49] [world] [48835002-b378-4798-b2e4-aa5890f9b262] The Player <wqe123420> has slain §8〔§76§8〕§f §7γ at X= -403, Y= 63, Z= -66
[2023-08-23 14:11:55] [world] [48835002-b378-4798-b2e4-aa5890f9b262] The Player <wqe123420> has slain §8〔§76§8〕§f §7终焉之狼 at X= -403, Y= 61, Z= -66
[2023-08-23 14:11:57] [world] [48835002-b378-4798-b2e4-aa5890f9b262] The Player <wqe123420> has slain §8〔§75§8〕§f §7终焉之狼 at X= -404, Y= 62, Z= -66
[2023-08-23 14:12:04] [world] [48835002-b378-4798-b2e4-aa5890f9b262] The Player <wqe123420> has slain §8〔§76§8〕§f §7终焉之狼 at X= -403, Y= 63, Z= -66
[2023-08-23 14:12:06] [world] [48835002-b378-4798-b2e4-aa5890f9b262] The Player <wqe123420> has slain §8〔§77§8〕§f §7γ at X= -403, Y= 64, Z= -66
[2023-08-23 14:12:26] [world] [48835002-b378-4798-b2e4-aa5890f9b262] The Player <wqe123420> has slain §8〔§76§8〕§f §7终焉之狼 at X= -407, Y= 66, Z= -66
[2023-08-23 14:12:27] [world] [48835002-b378-4798-b2e4-aa5890f9b262] The Player <wqe123420> has slain §8〔§76§8〕§f §7终焉之狼 at X= -403, Y= 63, Z= -66
[2023-08-23 14:12:28] [world] [48835002-b378-4798-b2e4-aa5890f9b262] The Player <wqe123420> has slain §8〔§77§8〕§f §7γ at X= -403, Y= 64, Z= -53
[2023-08-23 14:12:36] [world] [48835002-b378-4798-b2e4-aa5890f9b262] The Player <wqe123420> has slain §8〔§77§8〕§f §7终焉之狼 at X= -403, Y= 61, Z= -66
[2023-08-23 14:12:37] [world] [48835002-b378-4798-b2e4-aa5890f9b262] The Player <wqe123420> has slain §8〔§75§8〕§f §7终焉之狼 at X= -404, Y= 63, Z= -66
[2023-08-23 14:12:37] [world] [48835002-b378-4798-b2e4-aa5890f9b262] The Player <wqe123420> has slain §8〔§76§8〕§f §7终焉之狼 at X= -403, Y= 63, Z= -66
[2023-08-23 14:12:39] [world] [48835002-b378-4798-b2e4-aa5890f9b262] The Player <wqe123420> has slain §8〔§76§8〕§f §7终焉之狼 at X= -404, Y= 63, Z= -66
[2023-08-23 14:12:43] [world] [48835002-b378-4798-b2e4-aa5890f9b262] The Player <wqe123420> has slain §8〔§76§8〕§f §7终焉之狼 at X= -404, Y= 63, Z= -66
[2023-08-23 14:12:46] [world] [48835002-b378-4798-b2e4-aa5890f9b262] The Player <wqe123420> has slain §8〔§75§8〕§f §7终焉之狼 at X= -404, Y= 63, Z= -66
[2023-08-23 14:12:50] [world] [48835002-b378-4798-b2e4-aa5890f9b262] The Player <wqe123420> has slain .Mai_Shiranui520 at X= -404, Y= 63, Z= -66
[2023-08-23 14:12:52] [world] [48835002-b378-4798-b2e4-aa5890f9b262] The Player <wqe123420> has slain §8〔§76§8〕§f §7γ at X= -403, Y= 61, Z= -66
[2023-08-23 14:12:54] [world] [48835002-b378-4798-b2e4-aa5890f9b262] The Player <wqe123420> has slain §8〔§76§8〕§f §7终焉之狼 at X= -403, Y= 63, Z= -66
[2023-08-23 14:12:59] [world] [48835002-b378-4798-b2e4-aa5890f9b262] The Player <wqe123420> has slain §8〔§76§8〕§f §7终焉之狼 at X= -403, Y= 64, Z= -66
[2023-08-23 14:13:01] [world] [48835002-b378-4798-b2e4-aa5890f9b262] The Player <wqe123420> has slain §8〔§76§8〕§f §7终焉之狼 at X= -403, Y= 64, Z= -65
[2023-08-23 14:13:03] [world] [48835002-b378-4798-b2e4-aa5890f9b262] The Player <wqe123420> has slain §8〔§76§8〕§f §7终焉之狼 at X= -403, Y= 63, Z= -66
[2023-08-23 14:13:06] [world] [48835002-b378-4798-b2e4-aa5890f9b262] The Player <wqe123420> has slain §8〔§77§8〕§f §7终焉之狼 at X= -402, Y= 64, Z= -66
[2023-08-23 14:13:09] [world] [48835002-b378-4798-b2e4-aa5890f9b262] The Player <wqe123420> has slain §8〔§76§8〕§f §7γ at X= -403, Y= 63, Z= -66
[2023-08-23 14:13:10] [world] [48835002-b378-4798-b2e4-aa5890f9b262] The Player <wqe123420> has slain §8〔§76§8〕§f §7终焉之狼 at X= -403, Y= 63, Z= -66
[2023-08-23 14:13:16] [world] [48835002-b378-4798-b2e4-aa5890f9b262] The Player <wqe123420> has slain §8〔§77§8〕§f §7终焉之狼 at X= -403, Y= 65, Z= -66
[2023-08-23 14:13:18] [world] [48835002-b378-4798-b2e4-aa5890f9b262] The Player <wqe123420> has slain §8〔§76§8〕§f §7终焉之狼 at X= -403, Y= 64, Z= -65
[2023-08-23 14:13:20] [world] [48835002-b378-4798-b2e4-aa5890f9b262] The Player <wqe123420> has slain §8〔§76§8〕§f §7终焉之狼 at X= -403, Y= 64, Z= -66
[2023-08-23 14:13:21] [world] [48835002-b378-4798-b2e4-aa5890f9b262] The Player <wqe123420> has slain §8〔§76§8〕§f §7γ at X= -403, Y= 63, Z= -66
[2023-08-23 14:13:23] [world] [48835002-b378-4798-b2e4-aa5890f9b262] The Player <wqe123420> has slain §8〔§76§8〕§f §7终焉之狼 at X= -403, Y= 62, Z= -66
[2023-08-23 14:13:24] [world] [48835002-b378-4798-b2e4-aa5890f9b262] The Player <wqe123420> has slain §8〔§76§8〕§f §7γ at X= -403, Y= 64, Z= -65
[2023-08-23 14:13:27] [world] [48835002-b378-4798-b2e4-aa5890f9b262] The Player <wqe123420> has slain §8〔§75§8〕§f §7终焉之狼 at X= -403, Y= 63, Z= -66
[2023-08-23 14:15:38] [world] [48835002-b378-4798-b2e4-aa5890f9b262] The Player <wqe123420> has slain §8〔§77§8〕§f §7终焉之狼 at X= -404, Y= 57, Z= -61
[2023-08-23 14:15:38] [world] [48835002-b378-4798-b2e4-aa5890f9b262] The Player <wqe123420> has slain §8〔§77§8〕§f §7终焉之狼 at X= -404, Y= 57, Z= -60
[2023-08-23 14:15:39] [world] [48835002-b378-4798-b2e4-aa5890f9b262] The Player <wqe123420> has slain §8〔§77§8〕§f §7终焉之狼 at X= -404, Y= 57, Z= -61
[2023-08-23 14:15:40] [world] [48835002-b378-4798-b2e4-aa5890f9b262] The Player <wqe123420> has slain §8〔§76§8〕§f §7终焉之狼 at X= -404, Y= 57, Z= -60
[2023-08-23 14:15:46] [world] [48835002-b378-4798-b2e4-aa5890f9b262] The Player <wqe123420> has slain §8〔§76§8〕§f §7γ at X= -403, Y= 57, Z= -62
[2023-08-23 14:15:48] [world] [48835002-b378-4798-b2e4-aa5890f9b262] The Player <wqe123420> has slain §8〔§76§8〕§f §7γ at X= -403, Y= 57, Z= -61
[2023-08-23 14:16:02] [world] [48835002-b378-4798-b2e4-aa5890f9b262] The Player <wqe123420> has slain §8〔§76§8〕§f §7终焉之狼 at X= -404, Y= 57, Z= -60
[2023-08-23 14:16:04] [world] [48835002-b378-4798-b2e4-aa5890f9b262] The Player <wqe123420> has slain §8〔§76§8〕§f §7终焉之狼 at X= -404, Y= 57, Z= -62
[2023-08-23 14:16:11] [world] [48835002-b378-4798-b2e4-aa5890f9b262] The Player <wqe123420> has slain §8〔§76§8〕§f §7终焉之狼 at X= -404, Y= 57, Z= -63
[2023-08-23 14:16:18] [world] [48835002-b378-4798-b2e4-aa5890f9b262] The Player <wqe123420> has slain §8〔§75§8〕§f §7终焉之狼 at X= -404, Y= 57, Z= -63
[2023-08-23 14:17:24] [world] [48835002-b378-4798-b2e4-aa5890f9b262] The Player <wqe123420> has slain §8〔§77§8〕§f §7终焉之狼 at X= -403, Y= 58, Z= -64
[2023-08-23 14:17:37] [world] [48835002-b378-4798-b2e4-aa5890f9b262] The Player <wqe123420> has slain §8〔§77§8〕§f §7终焉之狼 at X= -405, Y= 57, Z= -63
[2023-08-23 14:19:01] [world] [48835002-b378-4798-b2e4-aa5890f9b262] The Player <wqe123420> has slain §8〔§77§8〕§f §7终焉之狼 at X= -404, Y= 63, Z= -66
[2023-08-23 14:19:02] [world] [48835002-b378-4798-b2e4-aa5890f9b262] The Player <wqe123420> has slain §8〔§77§8〕§f §7γ at X= -403, Y= 63, Z= -66
[2023-08-23 14:19:03] [world] [48835002-b378-4798-b2e4-aa5890f9b262] The Player <wqe123420> has slain §8〔§76§8〕§f §7终焉之狼 at X= -404, Y= 64, Z= -66
[2023-08-23 14:19:08] [world] [48835002-b378-4798-b2e4-aa5890f9b262] The Player <wqe123420> has slain §8〔§77§8〕§f §7终焉之狼 at X= -403, Y= 63, Z= -66
[2023-08-23 14:19:13] [world] [48835002-b378-4798-b2e4-aa5890f9b262] The Player <wqe123420> has slain §8〔§76§8〕§f §7终焉之狼 at X= -406, Y= 64, Z= -67
[2023-08-23 14:19:33] [world] [48835002-b378-4798-b2e4-aa5890f9b262] The Player <wqe123420> has slain §4「§c5§4」§f §7群狼之首 at X= -397, Y= 69, Z= -69
[2023-08-23 14:19:51] [world] [48835002-b378-4798-b2e4-aa5890f9b262] The Player <wqe123420> has slain Zombie at X= -445, Y= 63, Z= -100
[2023-08-23 14:21:00] [world] [48835002-b378-4798-b2e4-aa5890f9b262] The Player <wqe123420> has slain Zombified Piglin at X= 1366, Y= -4, Z= 973
[2023-08-23 14:21:20] [world_the_end] [48835002-b378-4798-b2e4-aa5890f9b262] The Player <wqe123420> has slain Enderman at X= 331, Y= 1, Z= 8
[2023-08-23 14:21:20] [world_the_end] [48835002-b378-4798-b2e4-aa5890f9b262] The Player <wqe123420> has slain Enderman at X= 331, Y= 1, Z= 8
[2023-08-23 14:21:20] [world_the_end] [48835002-b378-4798-b2e4-aa5890f9b262] The Player <wqe123420> has slain Enderman at X= 332, Y= 1, Z= 6
[2023-08-23 14:21:20] [world_the_end] [48835002-b378-4798-b2e4-aa5890f9b262] The Player <wqe123420> has slain Enderman at X= 331, Y= 1, Z= 7
[2023-08-23 14:21:20] [world_the_end] [48835002-b378-4798-b2e4-aa5890f9b262] The Player <wqe123420> has slain Enderman at X= 332, Y= 1, Z= 6
[2023-08-23 14:21:20] [world_the_end] [48835002-b378-4798-b2e4-aa5890f9b262] The Player <wqe123420> has slain Enderman at X= 331, Y= 1, Z= 7
[2023-08-23 14:21:20] [world_the_end] [48835002-b378-4798-b2e4-aa5890f9b262] The Player <wqe123420> has slain Enderman at X= 331, Y= 1, Z= 7
[2023-08-23 14:21:20] [world_the_end] [48835002-b378-4798-b2e4-aa5890f9b262] The Player <wqe123420> has slain Enderman at X= 331, Y= 0, Z= 8
[2023-08-23 14:21:20] [world_the_end] [48835002-b378-4798-b2e4-aa5890f9b262] The Player <wqe123420> has slain Enderman at X= 331, Y= 1, Z= 7
[2023-08-23 14:21:21] [world_the_end] [48835002-b378-4798-b2e4-aa5890f9b262] The Player <wqe123420> has slain Enderman at X= 331, Y= 1, Z= 8
[2023-08-23 14:21:21] [world_the_end] [48835002-b378-4798-b2e4-aa5890f9b262] The Player <wqe123420> has slain Enderman at X= 331, Y= 1, Z= 7
[2023-08-23 14:21:21] [world_the_end] [48835002-b378-4798-b2e4-aa5890f9b262] The Player <wqe123420> has slain Enderman at X= 331, Y= 1, Z= 8
[2023-08-23 14:21:21] [world_the_end] [48835002-b378-4798-b2e4-aa5890f9b262] The Player <wqe123420> has slain Enderman at X= 331, Y= 1, Z= 7
[2023-08-23 14:21:21] [world_the_end] [48835002-b378-4798-b2e4-aa5890f9b262] The Player <wqe123420> has slain Enderman at X= 331, Y= 1, Z= 7
[2023-08-23 14:21:21] [world_the_end] [48835002-b378-4798-b2e4-aa5890f9b262] The Player <wqe123420> has slain Enderman at X= 331, Y= 1, Z= 7
[2023-08-23 14:21:21] [world_the_end] [48835002-b378-4798-b2e4-aa5890f9b262] The Player <wqe123420> has slain Enderman at X= 331, Y= 1, Z= 7
[2023-08-23 14:21:21] [world_the_end] [48835002-b378-4798-b2e4-aa5890f9b262] The Player <wqe123420> has slain Enderman at X= 331, Y= 1, Z= 8
[2023-08-23 14:21:21] [world_the_end] [48835002-b378-4798-b2e4-aa5890f9b262] The Player <wqe123420> has slain Enderman at X= 331, Y= 1, Z= 8
[2023-08-23 14:21:21] [world_the_end] [48835002-b378-4798-b2e4-aa5890f9b262] The Player <wqe123420> has slain Enderman at X= 331, Y= 1, Z= 7
[2023-08-23 14:21:21] [world_the_end] [48835002-b378-4798-b2e4-aa5890f9b262] The Player <wqe123420> has slain Enderman at X= 332, Y= 1, Z= 8
[2023-08-23 14:21:21] [world_the_end] [48835002-b378-4798-b2e4-aa5890f9b262] The Player <wqe123420> has slain Enderman at X= 332, Y= 1, Z= 8
[2023-08-23 14:21:21] [world_the_end] [48835002-b378-4798-b2e4-aa5890f9b262] The Player <wqe123420> has slain Enderman at X= 331, Y= 1, Z= 6
[2023-08-23 14:21:21] [world_the_end] [48835002-b378-4798-b2e4-aa5890f9b262] The Player <wqe123420> has slain Enderman at X= 331, Y= 0, Z= 8
[2023-08-23 14:21:21] [world_the_end] [48835002-b378-4798-b2e4-aa5890f9b262] The Player <wqe123420> has slain Enderman at X= 331, Y= 1, Z= 7
[2023-08-23 14:21:21] [world_the_end] [48835002-b378-4798-b2e4-aa5890f9b262] The Player <wqe123420> has slain Enderman at X= 332, Y= 1, Z= 6
[2023-08-23 14:21:21] [world_the_end] [48835002-b378-4798-b2e4-aa5890f9b262] The Player <wqe123420> has slain Enderman at X= 331, Y= 1, Z= 7
[2023-08-23 14:21:21] [world_the_end] [48835002-b378-4798-b2e4-aa5890f9b262] The Player <wqe123420> has slain Enderman at X= 331, Y= 1, Z= 7
[2023-08-23 14:21:22] [world_the_end] [48835002-b378-4798-b2e4-aa5890f9b262] The Player <wqe123420> has slain Enderman at X= 331, Y= 1, Z= 6
[2023-08-23 14:21:22] [world_the_end] [48835002-b378-4798-b2e4-aa5890f9b262] The Player <wqe123420> has slain Enderman at X= 331, Y= 1, Z= 7
[2023-08-23 14:21:22] [world_the_end] [48835002-b378-4798-b2e4-aa5890f9b262] The Player <wqe123420> has slain Enderman at X= 332, Y= 1, Z= 7
[2023-08-23 14:21:22] [world_the_end] [48835002-b378-4798-b2e4-aa5890f9b262] The Player <wqe123420> has slain Enderman at X= 332, Y= 1, Z= 6
[2023-08-23 14:21:22] [world_the_end] [48835002-b378-4798-b2e4-aa5890f9b262] The Player <wqe123420> has slain Enderman at X= 331, Y= 1, Z= 6
[2023-08-23 14:21:22] [world_the_end] [48835002-b378-4798-b2e4-aa5890f9b262] The Player <wqe123420> has slain Enderman at X= 331, Y= 1, Z= 7
[2023-08-23 14:21:22] [world_the_end] [48835002-b378-4798-b2e4-aa5890f9b262] The Player <wqe123420> has slain Enderman at X= 332, Y= 1, Z= 6
[2023-08-23 14:21:22] [world_the_end] [48835002-b378-4798-b2e4-aa5890f9b262] The Player <wqe123420> has slain Enderman at X= 331, Y= 1, Z= 6
[2023-08-23 14:21:22] [world_the_end] [48835002-b378-4798-b2e4-aa5890f9b262] The Player <wqe123420> has slain Enderman at X= 331, Y= 1, Z= 6
[2023-08-23 14:21:22] [world_the_end] [48835002-b378-4798-b2e4-aa5890f9b262] The Player <wqe123420> has slain §28级§f精英§5末影人 at X= 331, Y= 1, Z= 7
[2023-08-23 14:21:22] [world_the_end] [48835002-b378-4798-b2e4-aa5890f9b262] The Player <wqe123420> has slain Enderman at X= 331, Y= 1, Z= 6
[2023-08-23 14:21:22] [world_the_end] [48835002-b378-4798-b2e4-aa5890f9b262] The Player <wqe123420> has slain Enderman at X= 332, Y= 1, Z= 7
[2023-08-23 14:21:22] [world_the_end] [48835002-b378-4798-b2e4-aa5890f9b262] The Player <wqe123420> has slain Enderman at X= 331, Y= 0, Z= 7
[2023-08-23 14:21:22] [world_the_end] [48835002-b378-4798-b2e4-aa5890f9b262] The Player <wqe123420> has slain Enderman at X= 332, Y= 1, Z= 7
[2023-08-23 14:21:23] [world_the_end] [48835002-b378-4798-b2e4-aa5890f9b262] The Player <wqe123420> has slain §29级§f精英§5末影人 at X= 332, Y= 1, Z= 7
[2023-08-23 14:21:23] [world_the_end] [48835002-b378-4798-b2e4-aa5890f9b262] The Player <wqe123420> has slain Enderman at X= 331, Y= 1, Z= 7
[2023-08-23 14:21:23] [world_the_end] [48835002-b378-4798-b2e4-aa5890f9b262] The Player <wqe123420> has slain Enderman at X= 331, Y= 1, Z= 7
[2023-08-23 14:21:23] [world_the_end] [48835002-b378-4798-b2e4-aa5890f9b262] The Player <wqe123420> has slain Enderman at X= 331, Y= 1, Z= 8
[2023-08-23 14:21:23] [world_the_end] [48835002-b378-4798-b2e4-aa5890f9b262] The Player <wqe123420> has slain Enderman at X= 331, Y= 1, Z= 6
[2023-08-23 14:21:24] [world_the_end] [48835002-b378-4798-b2e4-aa5890f9b262] The Player <wqe123420> has slain §26级§f精英§5末影人 at X= 332, Y= 1, Z= 6
[2023-08-23 14:21:24] [world_the_end] [48835002-b378-4798-b2e4-aa5890f9b262] The Player <wqe123420> has slain Enderman at X= 332, Y= 1, Z= 6
[2023-08-23 14:21:24] [world_the_end] [48835002-b378-4798-b2e4-aa5890f9b262] The Player <wqe123420> has slain Enderman at X= 331, Y= 1, Z= 7
[2023-08-23 14:21:24] [world_the_end] [48835002-b378-4798-b2e4-aa5890f9b262] The Player <wqe123420> has slain Enderman at X= 331, Y= 1, Z= 6
[2023-08-23 14:21:24] [world_the_end] [48835002-b378-4798-b2e4-aa5890f9b262] The Player <wqe123420> has slain Enderman at X= 332, Y= 1, Z= 7
[2023-08-23 14:21:24] [world_the_end] [48835002-b378-4798-b2e4-aa5890f9b262] The Player <wqe123420> has slain Enderman at X= 332, Y= 1, Z= 7
[2023-08-23 14:21:24] [world_the_end] [48835002-b378-4798-b2e4-aa5890f9b262] The Player <wqe123420> has slain Enderman at X= 331, Y= 0, Z= 7
[2023-08-23 14:21:24] [world_the_end] [48835002-b378-4798-b2e4-aa5890f9b262] The Player <wqe123420> has slain Enderman at X= 331, Y= 0, Z= 6
[2023-08-23 14:21:24] [world_the_end] [48835002-b378-4798-b2e4-aa5890f9b262] The Player <wqe123420> has slain Enderman at X= 331, Y= 1, Z= 7
[2023-08-23 14:21:24] [world_the_end] [48835002-b378-4798-b2e4-aa5890f9b262] The Player <wqe123420> has slain Enderman at X= 332, Y= 1, Z= 7
[2023-08-23 14:21:24] [world_the_end] [48835002-b378-4798-b2e4-aa5890f9b262] The Player <wqe123420> has slain Enderman at X= 332, Y= 1, Z= 7
[2023-08-23 14:21:24] [world_the_end] [48835002-b378-4798-b2e4-aa5890f9b262] The Player <wqe123420> has slain Enderman at X= 331, Y= 1, Z= 7
[2023-08-23 14:21:24] [world_the_end] [48835002-b378-4798-b2e4-aa5890f9b262] The Player <wqe123420> has slain Enderman at X= 331, Y= 1, Z= 6
[2023-08-23 14:21:24] [world_the_end] [48835002-b378-4798-b2e4-aa5890f9b262] The Player <wqe123420> has slain Enderman at X= 331, Y= 1, Z= 7
[2023-08-23 14:21:24] [world_the_end] [48835002-b378-4798-b2e4-aa5890f9b262] The Player <wqe123420> has slain Enderman at X= 331, Y= 1, Z= 7
[2023-08-23 14:21:25] [world_the_end] [48835002-b378-4798-b2e4-aa5890f9b262] The Player <wqe123420> has slain Enderman at X= 331, Y= 1, Z= 6
[2023-08-23 14:21:25] [world_the_end] [48835002-b378-4798-b2e4-aa5890f9b262] The Player <wqe123420> has slain §26级§f精英§5末影人 at X= 331, Y= 1, Z= 7
[2023-08-23 14:21:25] [world_the_end] [48835002-b378-4798-b2e4-aa5890f9b262] The Player <wqe123420> has slain Enderman at X= 332, Y= 1, Z= 6
[2023-08-23 14:21:25] [world_the_end] [48835002-b378-4798-b2e4-aa5890f9b262] The Player <wqe123420> has slain Enderman at X= 331, Y= 1, Z= 8
[2023-08-23 14:21:25] [world_the_end] [48835002-b378-4798-b2e4-aa5890f9b262] The Player <wqe123420> has slain Enderman at X= 331, Y= 1, Z= 8
[2023-08-23 14:21:25] [world_the_end] [48835002-b378-4798-b2e4-aa5890f9b262] The Player <wqe123420> has slain Enderman at X= 332, Y= 1, Z= 7
[2023-08-23 14:21:25] [world_the_end] [48835002-b378-4798-b2e4-aa5890f9b262] The Player <wqe123420> has slain Enderman at X= 332, Y= 1, Z= 7
[2023-08-23 14:21:25] [world_the_end] [48835002-b378-4798-b2e4-aa5890f9b262] The Player <wqe123420> has slain Enderman at X= 332, Y= 1, Z= 7
[2023-08-23 14:21:25] [world_the_end] [48835002-b378-4798-b2e4-aa5890f9b262] The Player <wqe123420> has slain Enderman at X= 331, Y= 1, Z= 6
[2023-08-23 14:21:27] [world_the_end] [48835002-b378-4798-b2e4-aa5890f9b262] The Player <wqe123420> has slain Enderman at X= 331, Y= 1, Z= 7
[2023-08-23 14:21:27] [world_the_end] [48835002-b378-4798-b2e4-aa5890f9b262] The Player <wqe123420> has slain Enderman at X= 331, Y= 1, Z= 7
[2023-08-23 14:21:27] [world_the_end] [48835002-b378-4798-b2e4-aa5890f9b262] The Player <wqe123420> has slain Enderman at X= 332, Y= 1, Z= 7
[2023-08-23 14:21:27] [world_the_end] [48835002-b378-4798-b2e4-aa5890f9b262] The Player <wqe123420> has slain Enderman at X= 331, Y= 1, Z= 7
[2023-08-23 14:21:27] [world_the_end] [48835002-b378-4798-b2e4-aa5890f9b262] The Player <wqe123420> has slain Enderman at X= 331, Y= 1, Z= 8
[2023-08-23 14:21:27] [world_the_end] [48835002-b378-4798-b2e4-aa5890f9b262] The Player <wqe123420> has slain Enderman at X= 331, Y= 1, Z= 7
[2023-08-23 14:21:27] [world_the_end] [48835002-b378-4798-b2e4-aa5890f9b262] The Player <wqe123420> has slain Enderman at X= 331, Y= 1, Z= 7
[2023-08-23 14:21:28] [world_the_end] [48835002-b378-4798-b2e4-aa5890f9b262] The Player <wqe123420> has slain Enderman at X= 331, Y= 1, Z= 8
[2023-08-23 14:21:28] [world_the_end] [48835002-b378-4798-b2e4-aa5890f9b262] The Player <wqe123420> has slain Enderman at X= 332, Y= 1, Z= 8
[2023-08-23 14:21:28] [world_the_end] [48835002-b378-4798-b2e4-aa5890f9b262] The Player <wqe123420> has slain Enderman at X= 331, Y= 1, Z= 8
[2023-08-23 14:21:28] [world_the_end] [48835002-b378-4798-b2e4-aa5890f9b262] The Player <wqe123420> has slain Enderman at X= 331, Y= 1, Z= 6
[2023-08-23 14:21:28] [world_the_end] [48835002-b378-4798-b2e4-aa5890f9b262] The Player <wqe123420> has slain Enderman at X= 331, Y= 1, Z= 7
[2023-08-23 14:21:28] [world_the_end] [48835002-b378-4798-b2e4-aa5890f9b262] The Player <wqe123420> has slain Enderman at X= 331, Y= 1, Z= 8
[2023-08-23 14:21:28] [world_the_end] [48835002-b378-4798-b2e4-aa5890f9b262] The Player <wqe123420> has slain Enderman at X= 331, Y= 1, Z= 7
[2023-08-23 14:21:28] [world_the_end] [48835002-b378-4798-b2e4-aa5890f9b262] The Player <wqe123420> has slain §26级§f精英§5末影人 at X= 331, Y= 1, Z= 7
[2023-08-23 14:21:28] [world_the_end] [48835002-b378-4798-b2e4-aa5890f9b262] The Player <wqe123420> has slain Enderman at X= 331, Y= 1, Z= 7
[2023-08-23 14:21:28] [world_the_end] [48835002-b378-4798-b2e4-aa5890f9b262] The Player <wqe123420> has slain Enderman at X= 332, Y= 1, Z= 7
[2023-08-23 14:21:28] [world_the_end] [48835002-b378-4798-b2e4-aa5890f9b262] The Player <wqe123420> has slain Enderman at X= 332, Y= 1, Z= 8
[2023-08-23 14:21:28] [world_the_end] [48835002-b378-4798-b2e4-aa5890f9b262] The Player <wqe123420> has slain Enderman at X= 332, Y= 1, Z= 7
[2023-08-23 14:21:28] [world_the_end] [48835002-b378-4798-b2e4-aa5890f9b262] The Player <wqe123420> has slain Enderman at X= 331, Y= 1, Z= 8
[2023-08-23 14:21:29] [world_the_end] [48835002-b378-4798-b2e4-aa5890f9b262] The Player <wqe123420> has slain Enderman at X= 331, Y= 1, Z= 8
[2023-08-23 14:21:29] [world_the_end] [48835002-b378-4798-b2e4-aa5890f9b262] The Player <wqe123420> has slain Enderman at X= 331, Y= 1, Z= 8
[2023-08-23 14:21:29] [world_the_end] [48835002-b378-4798-b2e4-aa5890f9b262] The Player <wqe123420> has slain Enderman at X= 331, Y= 1, Z= 6
[2023-08-23 14:21:29] [world_the_end] [48835002-b378-4798-b2e4-aa5890f9b262] The Player <wqe123420> has slain Enderman at X= 331, Y= 1, Z= 7
[2023-08-23 14:21:29] [world_the_end] [48835002-b378-4798-b2e4-aa5890f9b262] The Player <wqe123420> has slain Enderman at X= 331, Y= 1, Z= 8
[2023-08-23 14:21:29] [world_the_end] [48835002-b378-4798-b2e4-aa5890f9b262] The Player <wqe123420> has slain Enderman at X= 331, Y= 1, Z= 7
[2023-08-23 14:21:29] [world_the_end] [48835002-b378-4798-b2e4-aa5890f9b262] The Player <wqe123420> has slain Enderman at X= 331, Y= 1, Z= 7
[2023-08-23 14:21:29] [world_the_end] [48835002-b378-4798-b2e4-aa5890f9b262] The Player <wqe123420> has slain Enderman at X= 331, Y= 1, Z= 6
[2023-08-23 14:21:29] [world_the_end] [48835002-b378-4798-b2e4-aa5890f9b262] The Player <wqe123420> has slain Enderman at X= 331, Y= 1, Z= 6
[2023-08-23 14:21:29] [world_the_end] [48835002-b378-4798-b2e4-aa5890f9b262] The Player <wqe123420> has slain Enderman at X= 331, Y= 1, Z= 7
[2023-08-23 14:21:29] [world_the_end] [48835002-b378-4798-b2e4-aa5890f9b262] The Player <wqe123420> has slain Enderman at X= 331, Y= 0, Z= 8
[2023-08-23 14:21:29] [world_the_end] [48835002-b378-4798-b2e4-aa5890f9b262] The Player <wqe123420> has slain Enderman at X= 331, Y= 1, Z= 6
[2023-08-23 14:21:29] [world_the_end] [48835002-b378-4798-b2e4-aa5890f9b262] The Player <wqe123420> has slain Enderman at X= 331, Y= 1, Z= 7
[2023-08-23 14:21:30] [world_the_end] [48835002-b378-4798-b2e4-aa5890f9b262] The Player <wqe123420> has slain Enderman at X= 331, Y= 1, Z= 8
[2023-08-23 14:21:30] [world_the_end] [48835002-b378-4798-b2e4-aa5890f9b262] The Player <wqe123420> has slain Enderman at X= 331, Y= 1, Z= 6
[2023-08-23 14:21:30] [world_the_end] [48835002-b378-4798-b2e4-aa5890f9b262] The Player <wqe123420> has slain Enderman at X= 332, Y= 2, Z= 7
[2023-08-23 14:21:30] [world_the_end] [48835002-b378-4798-b2e4-aa5890f9b262] The Player <wqe123420> has slain Enderman at X= 331, Y= 1, Z= 7
[2023-08-23 14:21:30] [world_the_end] [48835002-b378-4798-b2e4-aa5890f9b262] The Player <wqe123420> has slain §27级§f精英§5末影人 at X= 331, Y= 1, Z= 7
[2023-08-23 14:21:30] [world_the_end] [48835002-b378-4798-b2e4-aa5890f9b262] The Player <wqe123420> has slain §27级§f精英§5末影人 at X= 332, Y= 2, Z= 7
[2023-08-23 14:21:30] [world_the_end] [48835002-b378-4798-b2e4-aa5890f9b262] The Player <wqe123420> has slain §29级§f精英§5末影人 at X= 332, Y= 2, Z= 7
[2023-08-23 14:21:30] [world_the_end] [48835002-b378-4798-b2e4-aa5890f9b262] The Player <wqe123420> has slain Enderman at X= 331, Y= 0, Z= 6
[2023-08-23 14:21:30] [world_the_end] [48835002-b378-4798-b2e4-aa5890f9b262] The Player <wqe123420> has slain Enderman at X= 331, Y= 1, Z= 7
[2023-08-23 14:21:30] [world_the_end] [48835002-b378-4798-b2e4-aa5890f9b262] The Player <wqe123420> has slain Enderman at X= 331, Y= 1, Z= 8
[2023-08-23 14:21:30] [world_the_end] [48835002-b378-4798-b2e4-aa5890f9b262] The Player <wqe123420> has slain Enderman at X= 331, Y= 1, Z= 7
[2023-08-23 14:21:30] [world_the_end] [48835002-b378-4798-b2e4-aa5890f9b262] The Player <wqe123420> has slain Enderman at X= 331, Y= 1, Z= 6
[2023-08-23 14:21:31] [world_the_end] [48835002-b378-4798-b2e4-aa5890f9b262] The Player <wqe123420> has slain Enderman at X= 332, Y= 1, Z= 6
[2023-08-23 14:21:31] [world_the_end] [48835002-b378-4798-b2e4-aa5890f9b262] The Player <wqe123420> has slain Enderman at X= 332, Y= 2, Z= 7
[2023-08-23 14:21:31] [world_the_end] [48835002-b378-4798-b2e4-aa5890f9b262] The Player <wqe123420> has slain Enderman at X= 331, Y= 1, Z= 7
[2023-08-23 14:21:31] [world_the_end] [48835002-b378-4798-b2e4-aa5890f9b262] The Player <wqe123420> has slain Enderman at X= 331, Y= 0, Z= 8
[2023-08-23 14:21:31] [world_the_end] [48835002-b378-4798-b2e4-aa5890f9b262] The Player <wqe123420> has slain Enderman at X= 331, Y= 1, Z= 7
[2023-08-23 14:21:31] [world_the_end] [48835002-b378-4798-b2e4-aa5890f9b262] The Player <wqe123420> has slain Enderman at X= 331, Y= 1, Z= 7
[2023-08-23 14:21:31] [world_the_end] [48835002-b378-4798-b2e4-aa5890f9b262] The Player <wqe123420> has slain Enderman at X= 331, Y= 1, Z= 8
[2023-08-23 14:21:31] [world_the_end] [48835002-b378-4798-b2e4-aa5890f9b262] The Player <wqe123420> has slain Enderman at X= 331, Y= 1, Z= 7
[2023-08-23 14:21:31] [world_the_end] [48835002-b378-4798-b2e4-aa5890f9b262] The Player <wqe123420> has slain Enderman at X= 331, Y= 1, Z= 7
[2023-08-23 14:21:32] [world_the_end] [48835002-b378-4798-b2e4-aa5890f9b262] The Player <wqe123420> has slain Enderman at X= 331, Y= 1, Z= 6
[2023-08-23 14:21:32] [world_the_end] [48835002-b378-4798-b2e4-aa5890f9b262] The Player <wqe123420> has slain Enderman at X= 332, Y= 1, Z= 8
[2023-08-23 14:21:32] [world_the_end] [48835002-b378-4798-b2e4-aa5890f9b262] The Player <wqe123420> has slain Enderman at X= 331, Y= 1, Z= 7
[2023-08-23 14:21:32] [world_the_end] [48835002-b378-4798-b2e4-aa5890f9b262] The Player <wqe123420> has slain Enderman at X= 331, Y= 1, Z= 6
[2023-08-23 14:21:33] [world_the_end] [48835002-b378-4798-b2e4-aa5890f9b262] The Player <wqe123420> has slain Enderman at X= 331, Y= 1, Z= 7
[2023-08-23 14:21:33] [world_the_end] [48835002-b378-4798-b2e4-aa5890f9b262] The Player <wqe123420> has slain §28级§f精英§5末影人 at X= 331, Y= 1, Z= 8
[2023-08-23 14:21:33] [world_the_end] [48835002-b378-4798-b2e4-aa5890f9b262] The Player <wqe123420> has slain Enderman at X= 332, Y= 1, Z= 7
[2023-08-23 14:21:33] [world_the_end] [48835002-b378-4798-b2e4-aa5890f9b262] The Player <wqe123420> has slain Enderman at X= 331, Y= 1, Z= 6
[2023-08-23 14:21:33] [world_the_end] [48835002-b378-4798-b2e4-aa5890f9b262] The Player <wqe123420> has slain Enderman at X= 332, Y= 1, Z= 8
[2023-08-23 14:21:34] [world_the_end] [48835002-b378-4798-b2e4-aa5890f9b262] The Player <wqe123420> has slain Enderman at X= 331, Y= 1, Z= 6
[2023-08-23 14:21:35] [world_the_end] [48835002-b378-4798-b2e4-aa5890f9b262] The Player <wqe123420> has slain Enderman at X= 331, Y= 1, Z= 8
[2023-08-23 14:21:35] [world_the_end] [48835002-b378-4798-b2e4-aa5890f9b262] The Player <wqe123420> has slain Enderman at X= 331, Y= 1, Z= 7
[2023-08-23 14:21:35] [world_the_end] [48835002-b378-4798-b2e4-aa5890f9b262] The Player <wqe123420> has slain Enderman at X= 331, Y= 1, Z= 7
[2023-08-23 14:21:35] [world_the_end] [48835002-b378-4798-b2e4-aa5890f9b262] The Player <wqe123420> has slain Enderman at X= 331, Y= 1, Z= 7
[2023-08-23 14:21:35] [world_the_end] [48835002-b378-4798-b2e4-aa5890f9b262] The Player <wqe123420> has slain Enderman at X= 332, Y= 1, Z= 8
[2023-08-23 14:21:35] [world_the_end] [48835002-b378-4798-b2e4-aa5890f9b262] The Player <wqe123420> has slain Enderman at X= 331, Y= 0, Z= 8
[2023-08-23 14:21:35] [world_the_end] [48835002-b378-4798-b2e4-aa5890f9b262] The Player <wqe123420> has slain Enderman at X= 331, Y= 1, Z= 7
[2023-08-23 14:21:35] [world_the_end] [48835002-b378-4798-b2e4-aa5890f9b262] The Player <wqe123420> has slain Enderman at X= 331, Y= 1, Z= 7
[2023-08-23 14:21:35] [world_the_end] [48835002-b378-4798-b2e4-aa5890f9b262] The Player <wqe123420> has slain Enderman at X= 331, Y= 1, Z= 6
[2023-08-23 14:21:35] [world_the_end] [48835002-b378-4798-b2e4-aa5890f9b262] The Player <wqe123420> has slain Enderman at X= 331, Y= 1, Z= 7
[2023-08-23 14:21:35] [world_the_end] [48835002-b378-4798-b2e4-aa5890f9b262] The Player <wqe123420> has slain Enderman at X= 332, Y= 1, Z= 7
[2023-08-23 14:21:35] [world_the_end] [48835002-b378-4798-b2e4-aa5890f9b262] The Player <wqe123420> has slain Enderman at X= 331, Y= 1, Z= 7
[2023-08-23 14:21:35] [world_the_end] [48835002-b378-4798-b2e4-aa5890f9b262] The Player <wqe123420> has slain Enderman at X= 331, Y= 1, Z= 6
[2023-08-23 14:21:35] [world_the_end] [48835002-b378-4798-b2e4-aa5890f9b262] The Player <wqe123420> has slain Enderman at X= 332, Y= 1, Z= 6
[2023-08-23 14:21:36] [world_the_end] [48835002-b378-4798-b2e4-aa5890f9b262] The Player <wqe123420> has slain Enderman at X= 331, Y= 1, Z= 6
[2023-08-23 14:21:36] [world_the_end] [48835002-b378-4798-b2e4-aa5890f9b262] The Player <wqe123420> has slain Enderman at X= 332, Y= 1, Z= 6
[2023-08-23 14:21:36] [world_the_end] [48835002-b378-4798-b2e4-aa5890f9b262] The Player <wqe123420> has slain Enderman at X= 331, Y= 1, Z= 6
[2023-08-23 14:21:36] [world_the_end] [48835002-b378-4798-b2e4-aa5890f9b262] The Player <wqe123420> has slain Enderman at X= 331, Y= 1, Z= 8
[2023-08-23 14:21:36] [world_the_end] [48835002-b378-4798-b2e4-aa5890f9b262] The Player <wqe123420> has slain Enderman at X= 331, Y= 1, Z= 7
[2023-08-23 14:21:36] [world_the_end] [48835002-b378-4798-b2e4-aa5890f9b262] The Player <wqe123420> has slain Enderman at X= 331, Y= 1, Z= 7
[2023-08-23 14:21:36] [world_the_end] [48835002-b378-4798-b2e4-aa5890f9b262] The Player <wqe123420> has slain Enderman at X= 331, Y= 1, Z= 7
[2023-08-23 14:21:36] [world_the_end] [48835002-b378-4798-b2e4-aa5890f9b262] The Player <wqe123420> has slain Enderman at X= 331, Y= 1, Z= 6
[2023-08-23 14:21:36] [world_the_end] [48835002-b378-4798-b2e4-aa5890f9b262] The Player <wqe123420> has slain Enderman at X= 331, Y= 1, Z= 7
[2023-08-23 14:21:37] [world_the_end] [48835002-b378-4798-b2e4-aa5890f9b262] The Player <wqe123420> has slain Enderman at X= 331, Y= 1, Z= 8
[2023-08-23 14:21:37] [world_the_end] [48835002-b378-4798-b2e4-aa5890f9b262] The Player <wqe123420> has slain §26级§f精英§5末影人 at X= 331, Y= 1, Z= 7
[2023-08-23 14:21:37] [world_the_end] [48835002-b378-4798-b2e4-aa5890f9b262] The Player <wqe123420> has slain Enderman at X= 331, Y= 1, Z= 7
[2023-08-23 14:21:37] [world_the_end] [48835002-b378-4798-b2e4-aa5890f9b262] The Player <wqe123420> has slain Enderman at X= 331, Y= 1, Z= 7
[2023-08-23 14:21:37] [world_the_end] [48835002-b378-4798-b2e4-aa5890f9b262] The Player <wqe123420> has slain Enderman at X= 332, Y= 2, Z= 7
[2023-08-23 14:21:37] [world_the_end] [48835002-b378-4798-b2e4-aa5890f9b262] The Player <wqe123420> has slain Enderman at X= 331, Y= 1, Z= 8
[2023-08-23 14:21:37] [world_the_end] [48835002-b378-4798-b2e4-aa5890f9b262] The Player <wqe123420> has slain Enderman at X= 331, Y= 1, Z= 7
[2023-08-23 14:21:37] [world_the_end] [48835002-b378-4798-b2e4-aa5890f9b262] The Player <wqe123420> has slain Enderman at X= 331, Y= 1, Z= 7
[2023-08-23 14:21:37] [world_the_end] [48835002-b378-4798-b2e4-aa5890f9b262] The Player <wqe123420> has slain Enderman at X= 331, Y= 1, Z= 7
[2023-08-23 14:21:37] [world_the_end] [48835002-b378-4798-b2e4-aa5890f9b262] The Player <wqe123420> has slain Enderman at X= 332, Y= 1, Z= 8
[2023-08-23 14:21:38] [world_the_end] [48835002-b378-4798-b2e4-aa5890f9b262] The Player <wqe123420> has slain Enderman at X= 331, Y= 1, Z= 8
[2023-08-23 14:21:38] [world_the_end] [48835002-b378-4798-b2e4-aa5890f9b262] The Player <wqe123420> has slain Enderman at X= 331, Y= 0, Z= 7
[2023-08-23 14:21:38] [world_the_end] [48835002-b378-4798-b2e4-aa5890f9b262] The Player <wqe123420> has slain Enderman at X= 331, Y= 1, Z= 7
[2023-08-23 14:21:38] [world_the_end] [48835002-b378-4798-b2e4-aa5890f9b262] The Player <wqe123420> has slain Enderman at X= 331, Y= 1, Z= 7
[2023-08-23 14:21:38] [world_the_end] [48835002-b378-4798-b2e4-aa5890f9b262] The Player <wqe123420> has slain Enderman at X= 331, Y= 1, Z= 7
[2023-08-23 14:21:38] [world_the_end] [48835002-b378-4798-b2e4-aa5890f9b262] The Player <wqe123420> has slain §27级§f精英§5末影人 at X= 331, Y= 1, Z= 8
[2023-08-23 14:21:38] [world_the_end] [48835002-b378-4798-b2e4-aa5890f9b262] The Player <wqe123420> has slain Enderman at X= 331, Y= 1, Z= 6
[2023-08-23 14:21:38] [world_the_end] [48835002-b378-4798-b2e4-aa5890f9b262] The Player <wqe123420> has slain Enderman at X= 332, Y= 1, Z= 6
[2023-08-23 14:21:38] [world_the_end] [48835002-b378-4798-b2e4-aa5890f9b262] The Player <wqe123420> has slain Enderman at X= 331, Y= 1, Z= 6
[2023-08-23 14:21:38] [world_the_end] [48835002-b378-4798-b2e4-aa5890f9b262] The Player <wqe123420> has slain Enderman at X= 331, Y= 1, Z= 8
[2023-08-23 14:21:38] [world_the_end] [48835002-b378-4798-b2e4-aa5890f9b262] The Player <wqe123420> has slain Enderman at X= 332, Y= 1, Z= 7
[2023-08-23 14:21:39] [world_the_end] [48835002-b378-4798-b2e4-aa5890f9b262] The Player <wqe123420> has slain Enderman at X= 331, Y= 1, Z= 8
[2023-08-23 14:21:39] [world_the_end] [48835002-b378-4798-b2e4-aa5890f9b262] The Player <wqe123420> has slain §27级§f精英§5末影人 at X= 331, Y= 1, Z= 7
[2023-08-23 14:21:39] [world_the_end] [48835002-b378-4798-b2e4-aa5890f9b262] The Player <wqe123420> has slain Enderman at X= 332, Y= 1, Z= 7
[2023-08-23 14:21:39] [world_the_end] [48835002-b378-4798-b2e4-aa5890f9b262] The Player <wqe123420> has slain Enderman at X= 331, Y= 1, Z= 7
[2023-08-23 14:21:39] [world_the_end] [48835002-b378-4798-b2e4-aa5890f9b262] The Player <wqe123420> has slain §27级§f精英§5末影人 at X= 331, Y= 0, Z= 7
[2023-08-23 14:21:39] [world_the_end] [48835002-b378-4798-b2e4-aa5890f9b262] The Player <wqe123420> has slain Enderman at X= 331, Y= 1, Z= 8
[2023-08-23 14:21:39] [world_the_end] [48835002-b378-4798-b2e4-aa5890f9b262] The Player <wqe123420> has slain Enderman at X= 331, Y= 0, Z= 8
[2023-08-23 14:21:39] [world_the_end] [48835002-b378-4798-b2e4-aa5890f9b262] The Player <wqe123420> has slain Enderman at X= 331, Y= 1, Z= 7
[2023-08-23 14:21:39] [world_the_end] [48835002-b378-4798-b2e4-aa5890f9b262] The Player <wqe123420> has slain Enderman at X= 331, Y= 1, Z= 8
[2023-08-23 14:21:39] [world_the_end] [48835002-b378-4798-b2e4-aa5890f9b262] The Player <wqe123420> has slain Enderman at X= 331, Y= 1, Z= 7
[2023-08-23 14:21:40] [world_the_end] [48835002-b378-4798-b2e4-aa5890f9b262] The Player <wqe123420> has slain §29级§f精英§5末影人 at X= 331, Y= 1, Z= 7
[2023-08-23 14:21:40] [world_the_end] [48835002-b378-4798-b2e4-aa5890f9b262] The Player <wqe123420> has slain Enderman at X= 331, Y= 1, Z= 6
[2023-08-23 14:21:40] [world_the_end] [48835002-b378-4798-b2e4-aa5890f9b262] The Player <wqe123420> has slain Enderman at X= 331, Y= 1, Z= 8
[2023-08-23 14:21:40] [world_the_end] [48835002-b378-4798-b2e4-aa5890f9b262] The Player <wqe123420> has slain Enderman at X= 332, Y= 1, Z= 7
[2023-08-23 14:21:40] [world_the_end] [48835002-b378-4798-b2e4-aa5890f9b262] The Player <wqe123420> has slain Enderman at X= 331, Y= 1, Z= 7
[2023-08-23 14:21:40] [world_the_end] [48835002-b378-4798-b2e4-aa5890f9b262] The Player <wqe123420> has slain Enderman at X= 332, Y= 1, Z= 6
[2023-08-23 14:21:40] [world_the_end] [48835002-b378-4798-b2e4-aa5890f9b262] The Player <wqe123420> has slain Enderman at X= 332, Y= 1, Z= 7
[2023-08-23 14:21:40] [world_the_end] [48835002-b378-4798-b2e4-aa5890f9b262] The Player <wqe123420> has slain Enderman at X= 331, Y= 1, Z= 7
[2023-08-23 14:21:40] [world_the_end] [48835002-b378-4798-b2e4-aa5890f9b262] The Player <wqe123420> has slain Enderman at X= 331, Y= 1, Z= 7
[2023-08-23 14:21:40] [world_the_end] [48835002-b378-4798-b2e4-aa5890f9b262] The Player <wqe123420> has slain §210级§f精英§5末影人 at X= 331, Y= 1, Z= 6
[2023-08-23 14:21:40] [world_the_end] [48835002-b378-4798-b2e4-aa5890f9b262] The Player <wqe123420> has slain Enderman at X= 331, Y= 1, Z= 8
[2023-08-23 14:21:40] [world_the_end] [48835002-b378-4798-b2e4-aa5890f9b262] The Player <wqe123420> has slain Enderman at X= 332, Y= 1, Z= 7
[2023-08-23 14:21:41] [world_the_end] [48835002-b378-4798-b2e4-aa5890f9b262] The Player <wqe123420> has slain Enderman at X= 331, Y= 1, Z= 8
[2023-08-23 14:21:41] [world_the_end] [48835002-b378-4798-b2e4-aa5890f9b262] The Player <wqe123420> has slain Enderman at X= 331, Y= 1, Z= 7
[2023-08-23 14:21:41] [world_the_end] [48835002-b378-4798-b2e4-aa5890f9b262] The Player <wqe123420> has slain Enderman at X= 332, Y= 1, Z= 7
[2023-08-23 14:21:42] [world_the_end] [48835002-b378-4798-b2e4-aa5890f9b262] The Player <wqe123420> has slain §29级§f精英§5末影人 at X= 331, Y= 1, Z= 8
[2023-08-23 14:21:42] [world_the_end] [48835002-b378-4798-b2e4-aa5890f9b262] The Player <wqe123420> has slain Enderman at X= 331, Y= 1, Z= 6
[2023-08-23 14:21:42] [world_the_end] [48835002-b378-4798-b2e4-aa5890f9b262] The Player <wqe123420> has slain Enderman at X= 331, Y= 1, Z= 7
[2023-08-23 14:21:42] [world_the_end] [48835002-b378-4798-b2e4-aa5890f9b262] The Player <wqe123420> has slain Enderman at X= 331, Y= 1, Z= 8
[2023-08-23 14:21:42] [world_the_end] [48835002-b378-4798-b2e4-aa5890f9b262] The Player <wqe123420> has slain Enderman at X= 331, Y= 1, Z= 6
[2023-08-23 14:21:43] [world_the_end] [48835002-b378-4798-b2e4-aa5890f9b262] The Player <wqe123420> has slain Enderman at X= 331, Y= 1, Z= 8
[2023-08-23 14:21:43] [world_the_end] [48835002-b378-4798-b2e4-aa5890f9b262] The Player <wqe123420> has slain Enderman at X= 331, Y= 1, Z= 7
[2023-08-23 14:21:43] [world_the_end] [48835002-b378-4798-b2e4-aa5890f9b262] The Player <wqe123420> has slain Enderman at X= 331, Y= 1, Z= 6
[2023-08-23 14:21:43] [world_the_end] [48835002-b378-4798-b2e4-aa5890f9b262] The Player <wqe123420> has slain Enderman at X= 331, Y= 1, Z= 8
[2023-08-23 14:21:43] [world_the_end] [48835002-b378-4798-b2e4-aa5890f9b262] The Player <wqe123420> has slain Enderman at X= 332, Y= 1, Z= 7
[2023-08-23 14:21:44] [world_the_end] [48835002-b378-4798-b2e4-aa5890f9b262] The Player <wqe123420> has slain Enderman at X= 331, Y= 1, Z= 8
[2023-08-23 14:21:44] [world_the_end] [48835002-b378-4798-b2e4-aa5890f9b262] The Player <wqe123420> has slain §27级§f精英§5末影人 at X= 331, Y= 1, Z= 7
[2023-08-23 14:21:44] [world_the_end] [48835002-b378-4798-b2e4-aa5890f9b262] The Player <wqe123420> has slain Enderman at X= 331, Y= 1, Z= 8
[2023-08-23 14:21:44] [world_the_end] [48835002-b378-4798-b2e4-aa5890f9b262] The Player <wqe123420> has slain Enderman at X= 331, Y= 1, Z= 7
[2023-08-23 14:21:44] [world_the_end] [48835002-b378-4798-b2e4-aa5890f9b262] The Player <wqe123420> has slain Enderman at X= 331, Y= 1, Z= 7
[2023-08-23 14:21:44] [world_the_end] [48835002-b378-4798-b2e4-aa5890f9b262] The Player <wqe123420> has slain Enderman at X= 331, Y= 1, Z= 7
[2023-08-23 14:21:44] [world_the_end] [48835002-b378-4798-b2e4-aa5890f9b262] The Player <wqe123420> has slain Enderman at X= 331, Y= 1, Z= 7
[2023-08-23 14:21:44] [world_the_end] [48835002-b378-4798-b2e4-aa5890f9b262] The Player <wqe123420> has slain Enderman at X= 331, Y= 1, Z= 7
[2023-08-23 14:21:44] [world_the_end] [48835002-b378-4798-b2e4-aa5890f9b262] The Player <wqe123420> has slain Enderman at X= 331, Y= 1, Z= 8
[2023-08-23 14:21:44] [world_the_end] [48835002-b378-4798-b2e4-aa5890f9b262] The Player <wqe123420> has slain Enderman at X= 332, Y= 1, Z= 7
[2023-08-23 14:21:44] [world_the_end] [48835002-b378-4798-b2e4-aa5890f9b262] The Player <wqe123420> has slain Enderman at X= 331, Y= 1, Z= 7
[2023-08-23 14:21:44] [world_the_end] [48835002-b378-4798-b2e4-aa5890f9b262] The Player <wqe123420> has slain Enderman at X= 331, Y= 1, Z= 7
[2023-08-23 14:21:45] [world_the_end] [48835002-b378-4798-b2e4-aa5890f9b262] The Player <wqe123420> has slain Enderman at X= 331, Y= 1, Z= 6
[2023-08-23 14:21:45] [world_the_end] [48835002-b378-4798-b2e4-aa5890f9b262] The Player <wqe123420> has slain Enderman at X= 331, Y= 1, Z= 7
[2023-08-23 14:21:45] [world_the_end] [48835002-b378-4798-b2e4-aa5890f9b262] The Player <wqe123420> has slain Enderman at X= 331, Y= 1, Z= 7
[2023-08-23 14:21:45] [world_the_end] [48835002-b378-4798-b2e4-aa5890f9b262] The Player <wqe123420> has slain Enderman at X= 331, Y= 1, Z= 7
[2023-08-23 14:21:45] [world_the_end] [48835002-b378-4798-b2e4-aa5890f9b262] The Player <wqe123420> has slain Enderman at X= 331, Y= 1, Z= 7
[2023-08-23 14:21:45] [world_the_end] [48835002-b378-4798-b2e4-aa5890f9b262] The Player <wqe123420> has slain Enderman at X= 331, Y= 1, Z= 8
[2023-08-23 14:21:45] [world_the_end] [48835002-b378-4798-b2e4-aa5890f9b262] The Player <wqe123420> has slain Enderman at X= 332, Y= 1, Z= 8
[2023-08-23 14:21:45] [world_the_end] [48835002-b378-4798-b2e4-aa5890f9b262] The Player <wqe123420> has slain Enderman at X= 331, Y= 1, Z= 7
[2023-08-23 14:21:45] [world_the_end] [48835002-b378-4798-b2e4-aa5890f9b262] The Player <wqe123420> has slain Enderman at X= 331, Y= 1, Z= 6
[2023-08-23 14:21:45] [world_the_end] [48835002-b378-4798-b2e4-aa5890f9b262] The Player <wqe123420> has slain Enderman at X= 331, Y= 1, Z= 8
[2023-08-23 14:21:45] [world_the_end] [48835002-b378-4798-b2e4-aa5890f9b262] The Player <wqe123420> has slain Enderman at X= 331, Y= 1, Z= 7
[2023-08-23 14:21:45] [world_the_end] [48835002-b378-4798-b2e4-aa5890f9b262] The Player <wqe123420> has slain Enderman at X= 331, Y= 1, Z= 7
[2023-08-23 14:21:46] [world_the_end] [48835002-b378-4798-b2e4-aa5890f9b262] The Player <wqe123420> has slain Enderman at X= 331, Y= 1, Z= 7
[2023-08-23 14:21:46] [world_the_end] [48835002-b378-4798-b2e4-aa5890f9b262] The Player <wqe123420> has slain Enderman at X= 331, Y= 1, Z= 8
[2023-08-23 14:21:46] [world_the_end] [48835002-b378-4798-b2e4-aa5890f9b262] The Player <wqe123420> has slain §27级§f精英§5末影人 at X= 331, Y= 1, Z= 8
[2023-08-23 14:21:46] [world_the_end] [48835002-b378-4798-b2e4-aa5890f9b262] The Player <wqe123420> has slain Enderman at X= 331, Y= 1, Z= 7
[2023-08-23 14:21:46] [world_the_end] [48835002-b378-4798-b2e4-aa5890f9b262] The Player <wqe123420> has slain Enderman at X= 331, Y= 1, Z= 7
[2023-08-23 14:21:46] [world_the_end] [48835002-b378-4798-b2e4-aa5890f9b262] The Player <wqe123420> has slain Enderman at X= 332, Y= 1, Z= 8
[2023-08-23 14:21:46] [world_the_end] [48835002-b378-4798-b2e4-aa5890f9b262] The Player <wqe123420> has slain Enderman at X= 332, Y= 1, Z= 8
[2023-08-23 14:21:46] [world_the_end] [48835002-b378-4798-b2e4-aa5890f9b262] The Player <wqe123420> has slain Enderman at X= 331, Y= 1, Z= 6
[2023-08-23 14:21:46] [world_the_end] [48835002-b378-4798-b2e4-aa5890f9b262] The Player <wqe123420> has slain Enderman at X= 332, Y= 1, Z= 7
[2023-08-23 14:21:46] [world_the_end] [48835002-b378-4798-b2e4-aa5890f9b262] The Player <wqe123420> has slain Enderman at X= 331, Y= 1, Z= 7
[2023-08-23 14:21:47] [world_the_end] [48835002-b378-4798-b2e4-aa5890f9b262] The Player <wqe123420> has slain Enderman at X= 331, Y= 1, Z= 7
[2023-08-23 14:21:47] [world_the_end] [48835002-b378-4798-b2e4-aa5890f9b262] The Player <wqe123420> has slain Enderman at X= 331, Y= 1, Z= 8
[2023-08-23 14:21:47] [world_the_end] [48835002-b378-4798-b2e4-aa5890f9b262] The Player <wqe123420> has slain Enderman at X= 332, Y= 1, Z= 7
[2023-08-23 14:21:47] [world_the_end] [48835002-b378-4798-b2e4-aa5890f9b262] The Player <wqe123420> has slain Enderman at X= 332, Y= 1, Z= 7
[2023-08-23 14:21:47] [world_the_end] [48835002-b378-4798-b2e4-aa5890f9b262] The Player <wqe123420> has slain Enderman at X= 332, Y= 1, Z= 6
[2023-08-23 14:21:47] [world_the_end] [48835002-b378-4798-b2e4-aa5890f9b262] The Player <wqe123420> has slain Enderman at X= 331, Y= 1, Z= 7
[2023-08-23 14:21:47] [world_the_end] [48835002-b378-4798-b2e4-aa5890f9b262] The Player <wqe123420> has slain Enderman at X= 331, Y= 1, Z= 6
[2023-08-23 14:21:47] [world_the_end] [48835002-b378-4798-b2e4-aa5890f9b262] The Player <wqe123420> has slain Enderman at X= 331, Y= 1, Z= 7
[2023-08-23 14:21:47] [world_the_end] [48835002-b378-4798-b2e4-aa5890f9b262] The Player <wqe123420> has slain Enderman at X= 331, Y= 1, Z= 8
[2023-08-23 14:21:47] [world_the_end] [48835002-b378-4798-b2e4-aa5890f9b262] The Player <wqe123420> has slain Enderman at X= 332, Y= 1, Z= 6
[2023-08-23 14:21:47] [world_the_end] [48835002-b378-4798-b2e4-aa5890f9b262] The Player <wqe123420> has slain Enderman at X= 331, Y= 1, Z= 6
[2023-08-23 14:21:47] [world_the_end] [48835002-b378-4798-b2e4-aa5890f9b262] The Player <wqe123420> has slain Enderman at X= 331, Y= 1, Z= 7
[2023-08-23 14:21:47] [world_the_end] [48835002-b378-4798-b2e4-aa5890f9b262] The Player <wqe123420> has slain Enderman at X= 331, Y= 1, Z= 8
[2023-08-23 14:21:47] [world_the_end] [48835002-b378-4798-b2e4-aa5890f9b262] The Player <wqe123420> has slain Enderman at X= 332, Y= 1, Z= 6
[2023-08-23 14:21:47] [world_the_end] [48835002-b378-4798-b2e4-aa5890f9b262] The Player <wqe123420> has slain Enderman at X= 331, Y= 1, Z= 7
[2023-08-23 14:21:47] [world_the_end] [48835002-b378-4798-b2e4-aa5890f9b262] The Player <wqe123420> has slain Enderman at X= 331, Y= 1, Z= 7
[2023-08-23 14:21:47] [world_the_end] [48835002-b378-4798-b2e4-aa5890f9b262] The Player <wqe123420> has slain Enderman at X= 331, Y= 1, Z= 6
[2023-08-23 14:21:47] [world_the_end] [48835002-b378-4798-b2e4-aa5890f9b262] The Player <wqe123420> has slain Enderman at X= 331, Y= 1, Z= 7
[2023-08-23 14:21:47] [world_the_end] [48835002-b378-4798-b2e4-aa5890f9b262] The Player <wqe123420> has slain Enderman at X= 332, Y= 1, Z= 8
[2023-08-23 14:21:48] [world_the_end] [48835002-b378-4798-b2e4-aa5890f9b262] The Player <wqe123420> has slain Enderman at X= 331, Y= 1, Z= 6
[2023-08-23 14:21:48] [world_the_end] [48835002-b378-4798-b2e4-aa5890f9b262] The Player <wqe123420> has slain Enderman at X= 331, Y= 1, Z= 7
[2023-08-23 14:21:48] [world_the_end] [48835002-b378-4798-b2e4-aa5890f9b262] The Player <wqe123420> has slain Enderman at X= 331, Y= 1, Z= 7
[2023-08-23 14:21:48] [world_the_end] [48835002-b378-4798-b2e4-aa5890f9b262] The Player <wqe123420> has slain Enderman at X= 331, Y= 1, Z= 8
[2023-08-23 14:21:49] [world_the_end] [48835002-b378-4798-b2e4-aa5890f9b262] The Player <wqe123420> has slain Enderman at X= 331, Y= 1, Z= 7
[2023-08-23 14:21:49] [world_the_end] [48835002-b378-4798-b2e4-aa5890f9b262] The Player <wqe123420> has slain Enderman at X= 331, Y= 1, Z= 7
[2023-08-23 14:21:49] [world_the_end] [48835002-b378-4798-b2e4-aa5890f9b262] The Player <wqe123420> has slain Enderman at X= 331, Y= 1, Z= 8
[2023-08-23 14:21:49] [world_the_end] [48835002-b378-4798-b2e4-aa5890f9b262] The Player <wqe123420> has slain Enderman at X= 331, Y= 1, Z= 6
[2023-08-23 14:21:49] [world_the_end] [48835002-b378-4798-b2e4-aa5890f9b262] The Player <wqe123420> has slain Enderman at X= 331, Y= 1, Z= 7
[2023-08-23 14:21:50] [world_the_end] [48835002-b378-4798-b2e4-aa5890f9b262] The Player <wqe123420> has slain Enderman at X= 331, Y= 1, Z= 6
[2023-08-23 14:21:50] [world_the_end] [48835002-b378-4798-b2e4-aa5890f9b262] The Player <wqe123420> has slain Enderman at X= 331, Y= 1, Z= 7
[2023-08-23 14:21:50] [world_the_end] [48835002-b378-4798-b2e4-aa5890f9b262] The Player <wqe123420> has slain Enderman at X= 331, Y= 1, Z= 7
[2023-08-23 14:21:51] [world_the_end] [48835002-b378-4798-b2e4-aa5890f9b262] The Player <wqe123420> has slain Enderman at X= 331, Y= 1, Z= 7
[2023-08-23 14:21:51] [world_the_end] [48835002-b378-4798-b2e4-aa5890f9b262] The Player <wqe123420> has slain Enderman at X= 331, Y= 1, Z= 7
[2023-08-23 14:21:51] [world_the_end] [48835002-b378-4798-b2e4-aa5890f9b262] The Player <wqe123420> has slain Enderman at X= 331, Y= 1, Z= 8
[2023-08-23 14:21:51] [world_the_end] [48835002-b378-4798-b2e4-aa5890f9b262] The Player <wqe123420> has slain Enderman at X= 331, Y= 0, Z= 6
[2023-08-23 14:21:51] [world_the_end] [48835002-b378-4798-b2e4-aa5890f9b262] The Player <wqe123420> has slain §27级§f精英§5末影人 at X= 331, Y= 1, Z= 6
[2023-08-23 14:21:51] [world_the_end] [48835002-b378-4798-b2e4-aa5890f9b262] The Player <wqe123420> has slain Enderman at X= 331, Y= 1, Z= 6
[2023-08-23 14:21:51] [world_the_end] [48835002-b378-4798-b2e4-aa5890f9b262] The Player <wqe123420> has slain Enderman at X= 331, Y= 1, Z= 7
[2023-08-23 14:21:51] [world_the_end] [48835002-b378-4798-b2e4-aa5890f9b262] The Player <wqe123420> has slain Enderman at X= 331, Y= 1, Z= 8
[2023-08-23 14:21:51] [world_the_end] [48835002-b378-4798-b2e4-aa5890f9b262] The Player <wqe123420> has slain Enderman at X= 331, Y= 1, Z= 7
[2023-08-23 14:21:51] [world_the_end] [48835002-b378-4798-b2e4-aa5890f9b262] The Player <wqe123420> has slain Enderman at X= 331, Y= 1, Z= 6
[2023-08-23 14:21:52] [world_the_end] [48835002-b378-4798-b2e4-aa5890f9b262] The Player <wqe123420> has slain Enderman at X= 331, Y= 1, Z= 6
[2023-08-23 14:21:52] [world_the_end] [48835002-b378-4798-b2e4-aa5890f9b262] The Player <wqe123420> has slain Enderman at X= 331, Y= 1, Z= 8
[2023-08-23 14:21:52] [world_the_end] [48835002-b378-4798-b2e4-aa5890f9b262] The Player <wqe123420> has slain Enderman at X= 331, Y= 0, Z= 7
[2023-08-23 14:21:52] [world_the_end] [48835002-b378-4798-b2e4-aa5890f9b262] The Player <wqe123420> has slain Enderman at X= 331, Y= 1, Z= 7
[2023-08-23 14:21:52] [world_the_end] [48835002-b378-4798-b2e4-aa5890f9b262] The Player <wqe123420> has slain Enderman at X= 331, Y= 1, Z= 7
[2023-08-23 14:21:53] [world_the_end] [48835002-b378-4798-b2e4-aa5890f9b262] The Player <wqe123420> has slain Enderman at X= 331, Y= 1, Z= 7
[2023-08-23 14:21:53] [world_the_end] [48835002-b378-4798-b2e4-aa5890f9b262] The Player <wqe123420> has slain Enderman at X= 331, Y= 1, Z= 7
[2023-08-23 14:21:53] [world_the_end] [48835002-b378-4798-b2e4-aa5890f9b262] The Player <wqe123420> has slain Enderman at X= 332, Y= 1, Z= 6
[2023-08-23 14:21:53] [world_the_end] [48835002-b378-4798-b2e4-aa5890f9b262] The Player <wqe123420> has slain Enderman at X= 332, Y= 2, Z= 7
[2023-08-23 14:21:53] [world_the_end] [48835002-b378-4798-b2e4-aa5890f9b262] The Player <wqe123420> has slain Enderman at X= 331, Y= 1, Z= 7
[2023-08-23 14:21:53] [world_the_end] [48835002-b378-4798-b2e4-aa5890f9b262] The Player <wqe123420> has slain Enderman at X= 332, Y= 1, Z= 7
[2023-08-23 14:21:53] [world_the_end] [48835002-b378-4798-b2e4-aa5890f9b262] The Player <wqe123420> has slain Enderman at X= 331, Y= 0, Z= 6
[2023-08-23 14:21:54] [world_the_end] [48835002-b378-4798-b2e4-aa5890f9b262] The Player <wqe123420> has slain Enderman at X= 331, Y= 1, Z= 7
[2023-08-23 14:21:54] [world_the_end] [48835002-b378-4798-b2e4-aa5890f9b262] The Player <wqe123420> has slain Enderman at X= 332, Y= 1, Z= 8
[2023-08-23 14:21:54] [world_the_end] [48835002-b378-4798-b2e4-aa5890f9b262] The Player <wqe123420> has slain Enderman at X= 331, Y= 1, Z= 8
[2023-08-23 14:21:54] [world_the_end] [48835002-b378-4798-b2e4-aa5890f9b262] The Player <wqe123420> has slain Enderman at X= 332, Y= 1, Z= 8
[2023-08-23 14:21:54] [world_the_end] [48835002-b378-4798-b2e4-aa5890f9b262] The Player <wqe123420> has slain Enderman at X= 332, Y= 1, Z= 6
[2023-08-23 14:21:54] [world_the_end] [48835002-b378-4798-b2e4-aa5890f9b262] The Player <wqe123420> has slain Enderman at X= 331, Y= 1, Z= 6
[2023-08-23 14:21:54] [world_the_end] [48835002-b378-4798-b2e4-aa5890f9b262] The Player <wqe123420> has slain §210级§f精英§5末影人 at X= 332, Y= 1, Z= 7
[2023-08-23 14:21:54] [world_the_end] [48835002-b378-4798-b2e4-aa5890f9b262] The Player <wqe123420> has slain §27级§f精英§5末影人 at X= 331, Y= 1, Z= 7
[2023-08-23 14:21:54] [world_the_end] [48835002-b378-4798-b2e4-aa5890f9b262] The Player <wqe123420> has slain Enderman at X= 331, Y= 1, Z= 7
[2023-08-23 14:21:54] [world_the_end] [48835002-b378-4798-b2e4-aa5890f9b262] The Player <wqe123420> has slain Enderman at X= 331, Y= 1, Z= 7
[2023-08-23 14:21:54] [world_the_end] [48835002-b378-4798-b2e4-aa5890f9b262] The Player <wqe123420> has slain Enderman at X= 331, Y= 1, Z= 7
[2023-08-23 14:21:54] [world_the_end] [48835002-b378-4798-b2e4-aa5890f9b262] The Player <wqe123420> has slain Enderman at X= 332, Y= 1, Z= 6
[2023-08-23 14:21:54] [world_the_end] [48835002-b378-4798-b2e4-aa5890f9b262] The Player <wqe123420> has slain Enderman at X= 331, Y= 1, Z= 6
[2023-08-23 14:21:55] [world_the_end] [48835002-b378-4798-b2e4-aa5890f9b262] The Player <wqe123420> has slain Enderman at X= 331, Y= 1, Z= 6
[2023-08-23 14:21:55] [world_the_end] [48835002-b378-4798-b2e4-aa5890f9b262] The Player <wqe123420> has slain Enderman at X= 331, Y= 1, Z= 8
[2023-08-23 14:21:55] [world_the_end] [48835002-b378-4798-b2e4-aa5890f9b262] The Player <wqe123420> has slain Enderman at X= 331, Y= 1, Z= 6
[2023-08-23 14:21:55] [world_the_end] [48835002-b378-4798-b2e4-aa5890f9b262] The Player <wqe123420> has slain Enderman at X= 331, Y= 1, Z= 7
[2023-08-23 14:21:55] [world_the_end] [48835002-b378-4798-b2e4-aa5890f9b262] The Player <wqe123420> has slain Enderman at X= 331, Y= 1, Z= 6
[2023-08-23 14:21:55] [world_the_end] [48835002-b378-4798-b2e4-aa5890f9b262] The Player <wqe123420> has slain Enderman at X= 331, Y= 1, Z= 7
[2023-08-23 14:21:57] [world_the_end] [48835002-b378-4798-b2e4-aa5890f9b262] The Player <wqe123420> has slain Enderman at X= 332, Y= 1, Z= 7
[2023-08-23 14:21:57] [world_the_end] [48835002-b378-4798-b2e4-aa5890f9b262] The Player <wqe123420> has slain Enderman at X= 331, Y= 1, Z= 7
[2023-08-23 14:22:06] [world_the_end] [48835002-b378-4798-b2e4-aa5890f9b262] The Player <wqe123420> has slain Enderman at X= 331, Y= 1, Z= 7
[2023-08-23 14:22:06] [world_the_end] [48835002-b378-4798-b2e4-aa5890f9b262] The Player <wqe123420> has slain Enderman at X= 332, Y= 1, Z= 7
[2023-08-23 14:22:06] [world_the_end] [48835002-b378-4798-b2e4-aa5890f9b262] The Player <wqe123420> has slain Enderman at X= 331, Y= 1, Z= 7
[2023-08-23 14:22:06] [world_the_end] [48835002-b378-4798-b2e4-aa5890f9b262] The Player <wqe123420> has slain Enderman at X= 331, Y= 1, Z= 7
[2023-08-23 14:22:06] [world_the_end] [48835002-b378-4798-b2e4-aa5890f9b262] The Player <wqe123420> has slain Enderman at X= 332, Y= 1, Z= 7
[2023-08-23 14:22:06] [world_the_end] [48835002-b378-4798-b2e4-aa5890f9b262] The Player <wqe123420> has slain Enderman at X= 331, Y= 1, Z= 7
[2023-08-23 14:22:06] [world_the_end] [48835002-b378-4798-b2e4-aa5890f9b262] The Player <wqe123420> has slain Enderman at X= 331, Y= 1, Z= 8
[2023-08-23 14:22:06] [world_the_end] [48835002-b378-4798-b2e4-aa5890f9b262] The Player <wqe123420> has slain Enderman at X= 331, Y= 1, Z= 6
[2023-08-23 14:22:06] [world_the_end] [48835002-b378-4798-b2e4-aa5890f9b262] The Player <wqe123420> has slain Enderman at X= 332, Y= 1, Z= 6
[2023-08-23 14:22:06] [world_the_end] [48835002-b378-4798-b2e4-aa5890f9b262] The Player <wqe123420> has slain Enderman at X= 331, Y= 1, Z= 8
[2023-08-23 14:22:06] [world_the_end] [48835002-b378-4798-b2e4-aa5890f9b262] The Player <wqe123420> has slain Enderman at X= 332, Y= 1, Z= 8
[2023-08-23 14:22:07] [world_the_end] [48835002-b378-4798-b2e4-aa5890f9b262] The Player <wqe123420> has slain Enderman at X= 331, Y= 1, Z= 8
[2023-08-23 14:22:07] [world_the_end] [48835002-b378-4798-b2e4-aa5890f9b262] The Player <wqe123420> has slain Enderman at X= 332, Y= 1, Z= 7
[2023-08-23 14:22:07] [world_the_end] [48835002-b378-4798-b2e4-aa5890f9b262] The Player <wqe123420> has slain Enderman at X= 332, Y= 1, Z= 7
[2023-08-23 14:22:07] [world_the_end] [48835002-b378-4798-b2e4-aa5890f9b262] The Player <wqe123420> has slain Enderman at X= 331, Y= 1, Z= 8
[2023-08-23 14:22:07] [world_the_end] [48835002-b378-4798-b2e4-aa5890f9b262] The Player <wqe123420> has slain Enderman at X= 331, Y= 1, Z= 7
[2023-08-23 14:22:07] [world_the_end] [48835002-b378-4798-b2e4-aa5890f9b262] The Player <wqe123420> has slain Enderman at X= 331, Y= 0, Z= 7
[2023-08-23 14:22:07] [world_the_end] [48835002-b378-4798-b2e4-aa5890f9b262] The Player <wqe123420> has slain Enderman at X= 332, Y= 1, Z= 8
[2023-08-23 14:22:07] [world_the_end] [48835002-b378-4798-b2e4-aa5890f9b262] The Player <wqe123420> has slain Enderman at X= 331, Y= 1, Z= 7
[2023-08-23 14:22:07] [world_the_end] [48835002-b378-4798-b2e4-aa5890f9b262] The Player <wqe123420> has slain Enderman at X= 331, Y= 1, Z= 7
[2023-08-23 14:22:07] [world_the_end] [48835002-b378-4798-b2e4-aa5890f9b262] The Player <wqe123420> has slain Enderman at X= 331, Y= 1, Z= 7
[2023-08-23 14:22:07] [world_the_end] [48835002-b378-4798-b2e4-aa5890f9b262] The Player <wqe123420> has slain Enderman at X= 331, Y= 1, Z= 7
[2023-08-23 14:22:07] [world_the_end] [48835002-b378-4798-b2e4-aa5890f9b262] The Player <wqe123420> has slain Enderman at X= 332, Y= 1, Z= 6
[2023-08-23 14:22:07] [world_the_end] [48835002-b378-4798-b2e4-aa5890f9b262] The Player <wqe123420> has slain Enderman at X= 332, Y= 1, Z= 7
[2023-08-23 14:22:07] [world_the_end] [48835002-b378-4798-b2e4-aa5890f9b262] The Player <wqe123420> has slain Enderman at X= 331, Y= 1, Z= 7
[2023-08-23 14:22:07] [world_the_end] [48835002-b378-4798-b2e4-aa5890f9b262] The Player <wqe123420> has slain Enderman at X= 332, Y= 1, Z= 7
[2023-08-23 14:22:07] [world_the_end] [48835002-b378-4798-b2e4-aa5890f9b262] The Player <wqe123420> has slain Enderman at X= 332, Y= 1, Z= 7
[2023-08-23 14:22:07] [world_the_end] [48835002-b378-4798-b2e4-aa5890f9b262] The Player <wqe123420> has slain Enderman at X= 331, Y= 1, Z= 7
[2023-08-23 14:22:07] [world_the_end] [48835002-b378-4798-b2e4-aa5890f9b262] The Player <wqe123420> has slain Enderman at X= 331, Y= 0, Z= 7
[2023-08-23 14:22:07] [world_the_end] [48835002-b378-4798-b2e4-aa5890f9b262] The Player <wqe123420> has slain Enderman at X= 331, Y= 1, Z= 7
[2023-08-23 14:22:07] [world_the_end] [48835002-b378-4798-b2e4-aa5890f9b262] The Player <wqe123420> has slain Enderman at X= 331, Y= 1, Z= 7
[2023-08-23 14:22:08] [world_the_end] [48835002-b378-4798-b2e4-aa5890f9b262] The Player <wqe123420> has slain Enderman at X= 331, Y= 1, Z= 7
[2023-08-23 14:22:08] [world_the_end] [48835002-b378-4798-b2e4-aa5890f9b262] The Player <wqe123420> has slain Enderman at X= 331, Y= 1, Z= 7
[2023-08-23 14:22:08] [world_the_end] [48835002-b378-4798-b2e4-aa5890f9b262] The Player <wqe123420> has slain Enderman at X= 331, Y= 1, Z= 7
[2023-08-23 14:23:10] [world_the_end] [48835002-b378-4798-b2e4-aa5890f9b262] The Player <wqe123420> has slain Enderman at X= 331, Y= 1, Z= 8
[2023-08-23 14:23:10] [world_the_end] [48835002-b378-4798-b2e4-aa5890f9b262] The Player <wqe123420> has slain Enderman at X= 331, Y= 1, Z= 7
[2023-08-23 14:23:10] [world_the_end] [48835002-b378-4798-b2e4-aa5890f9b262] The Player <wqe123420> has slain Enderman at X= 331, Y= 1, Z= 6
[2023-08-23 14:23:10] [world_the_end] [48835002-b378-4798-b2e4-aa5890f9b262] The Player <wqe123420> has slain Enderman at X= 331, Y= 1, Z= 7
[2023-08-23 14:23:10] [world_the_end] [48835002-b378-4798-b2e4-aa5890f9b262] The Player <wqe123420> has slain Enderman at X= 331, Y= 1, Z= 6
[2023-08-23 14:23:10] [world_the_end] [48835002-b378-4798-b2e4-aa5890f9b262] The Player <wqe123420> has slain Enderman at X= 331, Y= 1, Z= 7
[2023-08-23 14:23:10] [world_the_end] [48835002-b378-4798-b2e4-aa5890f9b262] The Player <wqe123420> has slain Enderman at X= 331, Y= 1, Z= 7
[2023-08-23 14:23:10] [world_the_end] [48835002-b378-4798-b2e4-aa5890f9b262] The Player <wqe123420> has slain Enderman at X= 331, Y= 0, Z= 7
[2023-08-23 14:23:10] [world_the_end] [48835002-b378-4798-b2e4-aa5890f9b262] The Player <wqe123420> has slain Enderman at X= 331, Y= 1, Z= 7
[2023-08-23 14:23:10] [world_the_end] [48835002-b378-4798-b2e4-aa5890f9b262] The Player <wqe123420> has slain Enderman at X= 331, Y= 0, Z= 7
[2023-08-23 14:23:10] [world_the_end] [48835002-b378-4798-b2e4-aa5890f9b262] The Player <wqe123420> has slain Enderman at X= 331, Y= 0, Z= 7
[2023-08-23 14:23:10] [world_the_end] [48835002-b378-4798-b2e4-aa5890f9b262] The Player <wqe123420> has slain Enderman at X= 331, Y= 1, Z= 8
[2023-08-23 14:23:10] [world_the_end] [48835002-b378-4798-b2e4-aa5890f9b262] The Player <wqe123420> has slain Enderman at X= 331, Y= 1, Z= 8
[2023-08-23 14:23:10] [world_the_end] [48835002-b378-4798-b2e4-aa5890f9b262] The Player <wqe123420> has slain Enderman at X= 331, Y= 1, Z= 8
[2023-08-23 14:23:10] [world_the_end] [48835002-b378-4798-b2e4-aa5890f9b262] The Player <wqe123420> has slain Enderman at X= 331, Y= 1, Z= 7
[2023-08-23 14:23:12] [world_the_end] [48835002-b378-4798-b2e4-aa5890f9b262] The Player <wqe123420> has slain Enderman at X= 331, Y= 1, Z= 8
[2023-08-23 14:23:12] [world_the_end] [48835002-b378-4798-b2e4-aa5890f9b262] The Player <wqe123420> has slain Enderman at X= 332, Y= 1, Z= 7
[2023-08-23 14:23:12] [world_the_end] [48835002-b378-4798-b2e4-aa5890f9b262] The Player <wqe123420> has slain Enderman at X= 331, Y= 1, Z= 7
[2023-08-23 14:23:12] [world_the_end] [48835002-b378-4798-b2e4-aa5890f9b262] The Player <wqe123420> has slain Enderman at X= 331, Y= 1, Z= 6
[2023-08-23 14:23:12] [world_the_end] [48835002-b378-4798-b2e4-aa5890f9b262] The Player <wqe123420> has slain Enderman at X= 331, Y= 1, Z= 8
[2023-08-23 14:23:12] [world_the_end] [48835002-b378-4798-b2e4-aa5890f9b262] The Player <wqe123420> has slain Enderman at X= 332, Y= 1, Z= 7
[2023-08-23 14:23:12] [world_the_end] [48835002-b378-4798-b2e4-aa5890f9b262] The Player <wqe123420> has slain Enderman at X= 331, Y= 1, Z= 8
[2023-08-23 14:23:12] [world_the_end] [48835002-b378-4798-b2e4-aa5890f9b262] The Player <wqe123420> has slain Enderman at X= 332, Y= 1, Z= 7
[2023-08-23 14:23:12] [world_the_end] [48835002-b378-4798-b2e4-aa5890f9b262] The Player <wqe123420> has slain Enderman at X= 331, Y= 1, Z= 7
[2023-08-23 14:23:12] [world_the_end] [48835002-b378-4798-b2e4-aa5890f9b262] The Player <wqe123420> has slain Enderman at X= 331, Y= 1, Z= 8
[2023-08-23 14:23:12] [world_the_end] [48835002-b378-4798-b2e4-aa5890f9b262] The Player <wqe123420> has slain Enderman at X= 332, Y= 1, Z= 7
[2023-08-23 14:23:12] [world_the_end] [48835002-b378-4798-b2e4-aa5890f9b262] The Player <wqe123420> has slain Enderman at X= 332, Y= 0, Z= 7
[2023-08-23 14:23:13] [world_the_end] [48835002-b378-4798-b2e4-aa5890f9b262] The Player <wqe123420> has slain Enderman at X= 331, Y= 1, Z= 7
[2023-08-23 14:23:13] [world_the_end] [48835002-b378-4798-b2e4-aa5890f9b262] The Player <wqe123420> has slain Enderman at X= 331, Y= 1, Z= 8
[2023-08-23 14:23:13] [world_the_end] [48835002-b378-4798-b2e4-aa5890f9b262] The Player <wqe123420> has slain Enderman at X= 331, Y= 1, Z= 7
[2023-08-23 14:23:13] [world_the_end] [48835002-b378-4798-b2e4-aa5890f9b262] The Player <wqe123420> has slain Enderman at X= 332, Y= 1, Z= 7
[2023-08-23 14:23:13] [world_the_end] [48835002-b378-4798-b2e4-aa5890f9b262] The Player <wqe123420> has slain Enderman at X= 332, Y= 1, Z= 7
[2023-08-23 14:23:13] [world_the_end] [48835002-b378-4798-b2e4-aa5890f9b262] The Player <wqe123420> has slain Enderman at X= 331, Y= 1, Z= 7
[2023-08-23 14:23:13] [world_the_end] [48835002-b378-4798-b2e4-aa5890f9b262] The Player <wqe123420> has slain Enderman at X= 331, Y= 1, Z= 8
[2023-08-23 14:23:13] [world_the_end] [48835002-b378-4798-b2e4-aa5890f9b262] The Player <wqe123420> has slain Enderman at X= 331, Y= 1, Z= 7
[2023-08-23 14:23:13] [world_the_end] [48835002-b378-4798-b2e4-aa5890f9b262] The Player <wqe123420> has slain Enderman at X= 331, Y= 1, Z= 7
[2023-08-23 14:23:13] [world_the_end] [48835002-b378-4798-b2e4-aa5890f9b262] The Player <wqe123420> has slain Enderman at X= 332, Y= 1, Z= 6
[2023-08-23 14:23:13] [world_the_end] [48835002-b378-4798-b2e4-aa5890f9b262] The Player <wqe123420> has slain Enderman at X= 331, Y= 1, Z= 7
[2023-08-23 14:23:13] [world_the_end] [48835002-b378-4798-b2e4-aa5890f9b262] The Player <wqe123420> has slain Enderman at X= 331, Y= 1, Z= 7
[2023-08-23 14:23:13] [world_the_end] [48835002-b378-4798-b2e4-aa5890f9b262] The Player <wqe123420> has slain Enderman at X= 332, Y= 1, Z= 6
[2023-08-23 14:23:13] [world_the_end] [48835002-b378-4798-b2e4-aa5890f9b262] The Player <wqe123420> has slain Enderman at X= 332, Y= 0, Z= 7
[2023-08-23 14:23:13] [world_the_end] [48835002-b378-4798-b2e4-aa5890f9b262] The Player <wqe123420> has slain Enderman at X= 332, Y= 1, Z= 7
[2023-08-23 14:23:13] [world_the_end] [48835002-b378-4798-b2e4-aa5890f9b262] The Player <wqe123420> has slain Enderman at X= 332, Y= 1, Z= 6
[2023-08-23 14:23:13] [world_the_end] [48835002-b378-4798-b2e4-aa5890f9b262] The Player <wqe123420> has slain Enderman at X= 331, Y= 1, Z= 6
[2023-08-23 14:23:13] [world_the_end] [48835002-b378-4798-b2e4-aa5890f9b262] The Player <wqe123420> has slain Enderman at X= 332, Y= 0, Z= 7
[2023-08-23 14:23:13] [world_the_end] [48835002-b378-4798-b2e4-aa5890f9b262] The Player <wqe123420> has slain Enderman at X= 332, Y= 0, Z= 7
[2023-08-23 14:23:13] [world_the_end] [48835002-b378-4798-b2e4-aa5890f9b262] The Player <wqe123420> has slain §29级§f精英§5末影人 at X= 332, Y= 1, Z= 7
[2023-08-23 14:23:13] [world_the_end] [48835002-b378-4798-b2e4-aa5890f9b262] The Player <wqe123420> has slain §27级§f精英§5末影人 at X= 331, Y= 1, Z= 7
[2023-08-23 14:23:13] [world_the_end] [48835002-b378-4798-b2e4-aa5890f9b262] The Player <wqe123420> has slain Enderman at X= 331, Y= 1, Z= 7
[2023-08-23 14:23:13] [world_the_end] [48835002-b378-4798-b2e4-aa5890f9b262] The Player <wqe123420> has slain Enderman at X= 332, Y= 1, Z= 7
[2023-08-23 14:23:13] [world_the_end] [48835002-b378-4798-b2e4-aa5890f9b262] The Player <wqe123420> has slain Enderman at X= 331, Y= 1, Z= 7
[2023-08-23 14:24:13] [world] [48835002-b378-4798-b2e4-aa5890f9b262] The Player <wqe123420> has slain §4「§c6§4」§f §7群狼之首 at X= -400, Y= 70, Z= -67
[2023-08-23 14:24:18] [world] [48835002-b378-4798-b2e4-aa5890f9b262] The Player <wqe123420> has slain §4「§c6§4」§f §7群狼之首 at X= -404, Y= 69, Z= -67
[2023-08-23 14:24:27] [world] [48835002-b378-4798-b2e4-aa5890f9b262] The Player <wqe123420> has slain §4「§c5§4」§f §7群狼之首 at X= -405, Y= 69, Z= -59
[2023-08-23 14:25:20] [world] [48835002-b378-4798-b2e4-aa5890f9b262] The Player <wqe123420> has slain §8〔§76§8〕§f §7终焉之狼 at X= -400, Y= 71, Z= -60
[2023-08-23 14:25:25] [world] [48835002-b378-4798-b2e4-aa5890f9b262] The Player <wqe123420> has slain §8〔§75§8〕§f §7终焉之狼 at X= -402, Y= 69, Z= -61
[2023-08-23 14:25:30] [world] [48835002-b378-4798-b2e4-aa5890f9b262] The Player <wqe123420> has slain §8〔§75§8〕§f §7终焉之狼 at X= -402, Y= 64, Z= -63
[2023-08-23 14:25:31] [world] [48835002-b378-4798-b2e4-aa5890f9b262] The Player <wqe123420> has slain §8〔§75§8〕§f §7终焉之狼 at X= -405, Y= 69, Z= -68
[2023-08-23 14:25:31] [world] [48835002-b378-4798-b2e4-aa5890f9b262] The Player <wqe123420> has slain §8〔§75§8〕§f §7终焉之狼 at X= -400, Y= 67, Z= -63
[2023-08-23 14:25:32] [world] [48835002-b378-4798-b2e4-aa5890f9b262] The Player <wqe123420> has slain §8〔§75§8〕§f §7γ at X= -404, Y= 71, Z= -66
[2023-08-23 14:25:36] [world] [48835002-b378-4798-b2e4-aa5890f9b262] The Player <wqe123420> has slain §8〔§75§8〕§f §7终焉之狼 at X= -398, Y= 70, Z= -71
[2023-08-23 14:27:16] [world] [48835002-b378-4798-b2e4-aa5890f9b262] The Player <wqe123420> has slain §4「§c1§4」§f §7群狼之首 at X= -403, Y= 69, Z= -66
[2023-08-23 14:27:16] [world] [48835002-b378-4798-b2e4-aa5890f9b262] The Player <wqe123420> has slain §4「§c1§4」§f §7群狼之首 at X= -402, Y= 69, Z= -67
[2023-08-23 14:27:18] [world] [48835002-b378-4798-b2e4-aa5890f9b262] The Player <wqe123420> has slain §4「§c1§4」§f §7群狼之首 at X= -402, Y= 69, Z= -67
[2023-08-23 14:28:08] [world] [48835002-b378-4798-b2e4-aa5890f9b262] The Player <wqe123420> has slain §8〔§76§8〕§f §7γ at X= -407, Y= 65, Z= -58
