[2023-08-24 09:24:36] [world] [48835002-b378-4798-b2e4-aa5890f9b262] The Player <wqe123420> has slain Zombie at X= -452, Y= 64, Z= -66
[2023-08-24 09:24:39] [world] [48835002-b378-4798-b2e4-aa5890f9b262] The Player <wqe123420> has slain Skeleton at X= -464, Y= 63, Z= -59
[2023-08-24 09:24:41] [world] [48835002-b378-4798-b2e4-aa5890f9b262] The Player <wqe123420> has slain Spider at X= -463, Y= 65, Z= -62
[2023-08-24 09:51:29] [world] [07031eee-c0d3-4ed4-8fa9-6f8ea128abba] The Player <Enderlava> has slain Skeleton at X= -206, Y= 63, Z= -215
[2023-08-24 09:51:33] [world] [07031eee-c0d3-4ed4-8fa9-6f8ea128abba] The Player <Enderlava> has slain Spider at X= -206, Y= 63, Z= -221
[2023-08-24 09:51:39] [world] [07031eee-c0d3-4ed4-8fa9-6f8ea128abba] The Player <Enderlava> has slain Zombie at X= -227, Y= 62, Z= -208
[2023-08-24 09:52:15] [world] [07031eee-c0d3-4ed4-8fa9-6f8ea128abba] The Player <Enderlava> has slain Enderman at X= -220, Y= 69, Z= -166
[2023-08-24 09:52:46] [world] [07031eee-c0d3-4ed4-8fa9-6f8ea128abba] The Player <Enderlava> has slain .bardschasing's Zombie at X= -198, Y= 64, Z= -180
[2023-08-24 10:00:36] [world] [07031eee-c0d3-4ed4-8fa9-6f8ea128abba] The Player <Enderlava> has slain §27级§f精英§6僵尸猪灵 at X= -15, Y= 68, Z= -267
[2023-08-24 10:01:37] [world_nether] [07031eee-c0d3-4ed4-8fa9-6f8ea128abba] The Player <Enderlava> has slain Bat at X= 6, Y= 131, Z= -17
[2023-08-24 10:02:26] [world_nether] [07031eee-c0d3-4ed4-8fa9-6f8ea128abba] The Player <Enderlava> has slain Funget114514 at X= 8, Y= 128, Z= 3
[2023-08-24 10:06:10] [world] [07031eee-c0d3-4ed4-8fa9-6f8ea128abba] The Player <Enderlava> has slain Zombie at X= -5, Y= 69, Z= -243
[2023-08-24 10:08:45] [world] [07031eee-c0d3-4ed4-8fa9-6f8ea128abba] The Player <Enderlava> has slain §4「§c5§4」§f 图腾僵尸 at X= -24, Y= 69, Z= -245
[2023-08-24 10:08:48] [world] [07031eee-c0d3-4ed4-8fa9-6f8ea128abba] The Player <Enderlava> has slain §4「§c5§4」§f 图腾僵尸 at X= -24, Y= 70, Z= -248
[2023-08-24 10:08:51] [world] [07031eee-c0d3-4ed4-8fa9-6f8ea128abba] The Player <Enderlava> has slain §4「§c5§4」§f 图腾僵尸 at X= -26, Y= 70, Z= -255
[2023-08-24 10:08:52] [world] [07031eee-c0d3-4ed4-8fa9-6f8ea128abba] The Player <Enderlava> has slain §4「§c5§4」§f 图腾僵尸 at X= -27, Y= 70, Z= -259
[2023-08-24 10:08:56] [world] [07031eee-c0d3-4ed4-8fa9-6f8ea128abba] The Player <Enderlava> has slain §4「§c5§4」§f 僵尸首领 at X= -31, Y= 70, Z= -261
[2023-08-24 10:09:30] [world] [07031eee-c0d3-4ed4-8fa9-6f8ea128abba] The Player <Enderlava> has slain §4「§c6§4」§f §f§kunknown at X= -46, Y= 71, Z= -257
[2023-08-24 10:09:33] [world] [07031eee-c0d3-4ed4-8fa9-6f8ea128abba] The Player <Enderlava> has slain Zombie at X= -45, Y= 72, Z= -256
[2023-08-24 10:09:35] [world] [07031eee-c0d3-4ed4-8fa9-6f8ea128abba] The Player <Enderlava> has slain Zombie at X= -41, Y= 72, Z= -252
[2023-08-24 10:10:13] [world] [07031eee-c0d3-4ed4-8fa9-6f8ea128abba] The Player <Enderlava> has slain Zombie at X= -34, Y= 71, Z= -256
[2023-08-24 10:12:39] [world] [07031eee-c0d3-4ed4-8fa9-6f8ea128abba] The Player <Enderlava> has slain Skeleton at X= 23, Y= 59, Z= -218
[2023-08-24 10:28:54] [world] [07031eee-c0d3-4ed4-8fa9-6f8ea128abba] The Player <Enderlava> has slain Wither at X= 38, Y= 71, Z= -249
[2023-08-24 10:29:31] [world] [07031eee-c0d3-4ed4-8fa9-6f8ea128abba] The Player <Enderlava> has slain Wither at X= 43, Y= 72, Z= -249
[2023-08-24 10:30:43] [world] [07031eee-c0d3-4ed4-8fa9-6f8ea128abba] The Player <Enderlava> has slain Phantom at X= 34, Y= 74, Z= -241
[2023-08-24 10:30:43] [world] [07031eee-c0d3-4ed4-8fa9-6f8ea128abba] The Player <Enderlava> has slain Phantom at X= 40, Y= 72, Z= -242
[2023-08-24 10:30:45] [world] [07031eee-c0d3-4ed4-8fa9-6f8ea128abba] The Player <Enderlava> has slain Phantom at X= 37, Y= 76, Z= -239
[2023-08-24 10:30:58] [world] [07031eee-c0d3-4ed4-8fa9-6f8ea128abba] The Player <Enderlava> has slain Phantom at X= 40, Y= 81, Z= -233
[2023-08-24 10:33:46] [world] [07031eee-c0d3-4ed4-8fa9-6f8ea128abba] The Player <Enderlava> has slain Phantom at X= 39, Y= 71, Z= -237
[2023-08-24 10:34:06] [world] [07031eee-c0d3-4ed4-8fa9-6f8ea128abba] The Player <Enderlava> has slain §25级§f精英§9幻翼 at X= 39, Y= 71, Z= -237
[2023-08-24 10:34:26] [world] [07031eee-c0d3-4ed4-8fa9-6f8ea128abba] The Player <Enderlava> has slain §210级§f精英§9幻翼 at X= 34, Y= 72, Z= -264
[2023-08-24 10:35:31] [world] [07031eee-c0d3-4ed4-8fa9-6f8ea128abba] The Player <Enderlava> has slain Phantom at X= 34, Y= 72, Z= -263
[2023-08-24 10:35:31] [world] [07031eee-c0d3-4ed4-8fa9-6f8ea128abba] The Player <Enderlava> has slain Phantom at X= 34, Y= 72, Z= -264
[2023-08-24 10:41:02] [world] [07031eee-c0d3-4ed4-8fa9-6f8ea128abba] The Player <Enderlava> has slain §4「§c5§4」§f §e金币哥布林 at X= -14, Y= 52, Z= 58
[2023-08-24 10:41:02] [world] [07031eee-c0d3-4ed4-8fa9-6f8ea128abba] The Player <Enderlava> has slain Salmon at X= -11, Y= 56, Z= 61
[2023-08-24 10:42:26] [world] [07031eee-c0d3-4ed4-8fa9-6f8ea128abba] The Player <Enderlava> has slain Drowned at X= -15, Y= 54, Z= 66
