[2023-07-06 15:30:46] [world] The Player <wqe123420> has joined at -644, 93, -628 and their IP is null
[2023-07-06 15:31:17] [world] The Player <wqe123420> has joined at -692, 77, -622 and their IP is null
[2023-07-06 16:45:52] [world_the_end] The Player <Enderlava> has joined at 329, 1, 7 and their IP is null
[2023-07-06 16:55:05] [world] The Player <Enderlava> has joined at -21, 63, -280 and their IP is null
[2023-07-06 16:59:26] [world] The Player <Funget114514> has joined at -7, 69, -269 and their IP is null
[2023-07-06 17:06:40] [world_the_end] The Player <wqe123420> has joined at 100, 49, 0 and their IP is null
[2023-07-06 17:07:02] [world] The Player <Enderlava> has joined at -33, 70, -262 and their IP is null
[2023-07-06 17:13:59] [world] The Player <Funget114514> has joined at -36, 72, -256 and their IP is null
[2023-07-06 17:50:00] [world] The Player <Enderlava> has joined at -22, 63, -299 and their IP is null
[2023-07-06 17:51:38] [world] The Player <wqe123420> has joined at 44, 62, -340 and their IP is null
[2023-07-06 18:13:21] [world] The Player <Enderlava> has joined at -36, 63, -303 and their IP is null
[2023-07-06 18:24:07] [world] The Player <Enderlava> has joined at -34, 63, -303 and their IP is null
[2023-07-06 18:25:41] [world] The Player <Funget114514> has joined at 14, 63, -287 and their IP is null
[2023-07-06 18:47:39] [world] The Player <Enderlava> has joined at -24, 72, -247 and their IP is null
[2023-07-06 19:15:51] [world] The Player <Funget114514> has joined at -66, 58, -296 and their IP is null
[2023-07-06 19:16:06] [world] The Player <Funget114514> has joined at -66, 58, -296 and their IP is null
[2023-07-06 19:18:25] [world] The Player <Funget114514> has joined at -26, 63, -284 and their IP is null
[2023-07-06 19:26:46] [world] The Player <Enderlava> has joined at -26, 73, -267 and their IP is null
[2023-07-06 19:27:58] [world] The Player <Enderlava> has joined at -23, 70, -273 and their IP is null
[2023-07-06 19:40:13] [world] The Player <Enderlava> has joined at -10, 64, -291 and their IP is null
[2023-07-06 19:47:36] [world] The Player <Enderlava> has joined at 13, 63, -289 and their IP is null
[2023-07-06 20:02:48] [world] The Player <Enderlava> has joined at -14, 63, -286 and their IP is null
[2023-07-06 20:06:57] [world_the_end] The Player <wqe123420> has joined at -16, 1, -281 and their IP is null
[2023-07-06 20:50:28] [world] The Player <wqe123420> has joined at -838, -60, -742 and their IP is null
[2023-07-06 20:57:25] [world] The Player <wqe123420> has joined at -850, -60, -760 and their IP is null
[2023-07-06 21:08:10] [world] The Player <Funget114514> has joined at -20, 63, -288 and their IP is null
[2023-07-06 21:09:43] [world] The Player <Funget114514> has joined at -16, 73, -241 and their IP is null
[2023-07-06 22:33:44] [world] The Player <wegwe> has joined at -128, 64, -120 and their IP is null
[2023-07-06 22:35:04] [world] The Player <wqe123420> has joined at -7, 69, -281 and their IP is null
[2023-07-06 22:37:23] [world] The Player <Enderlava> has joined at -406, 89, -471 and their IP is null
