[2023-07-07 08:25:06] [world] The Player <Funget114514> has joined at 1, 63, -287 and their IP is null
[2023-07-07 08:27:35] [world] The Player <wqe123420> has joined at -104, 73, -135 and their IP is null
[2023-07-07 08:44:44] [world] The Player <wqe123420> has joined at -14, 37, -226 and their IP is null
[2023-07-07 08:55:59] [world] The Player <Enderlava> has joined at -127, 64, -111 and their IP is null
[2023-07-07 09:08:41] [world] The Player <Funget114514> has joined at 5, 113, 14 and their IP is null
[2023-07-07 09:10:42] [world_the_end] The Player <Xw114> has joined at -3484, 99, -4429 and their IP is null
[2023-07-07 09:16:12] [world_nether] The Player <Enderlava> has joined at 10, 128, -30 and their IP is null
[2023-07-07 09:27:45] [world] The Player <wegwe> has joined at -139, 69, -102 and their IP is null
[2023-07-07 10:00:42] [world_the_end] The Player <Funget114514> has joined at 103, -83, 6 and their IP is null
[2023-07-07 10:05:14] [world_nether] The Player <Xw114> has joined at 166, 128, 24 and their IP is null
[2023-07-07 10:34:28] [world] The Player <Funget114514> has joined at 48, 56, -174 and their IP is null
[2023-07-07 10:50:54] [world] The Player <Funget114514> has joined at -7, 90, -233 and their IP is null
[2023-07-07 10:52:36] [world] The Player <Enderlava> has joined at 1, 71, -243 and their IP is null
[2023-07-07 10:56:07] [world] The Player <Xw114> has joined at 22, 61, -159 and their IP is null
[2023-07-07 10:56:13] [world] The Player <wqe123420> has joined at -10, 73, -237 and their IP is null
[2023-07-07 11:07:03] [world] The Player <Xw114> has joined at -22, 74, -229 and their IP is null
[2023-07-07 11:12:59] [world] The Player <Xw114> has joined at 24, 62, -287 and their IP is null
[2023-07-07 11:14:24] [world] The Player <Funget114514> has joined at -24, 75, -213 and their IP is null
[2023-07-07 11:15:29] [world] The Player <Xw114> has joined at -20, 63, -288 and their IP is null
[2023-07-07 12:18:52] [world] The Player <wqe123420> has joined at 5, 66, -279 and their IP is null
[2023-07-07 12:25:14] [world_the_end] The Player <wqe123420> has joined at -800, 99, -3488 and their IP is null
