[2023-07-10 09:17:58] [world] The Player <Enderlava> has joined at -7, 68, -252 and their IP is null
[2023-07-10 09:32:55] [world] The Player <wqe123420> has joined at -220, 74, -93 and their IP is null
[2023-07-10 09:47:29] [world] The Player <Xw114> has joined at 1, 62, -283 and their IP is null
[2023-07-10 09:56:21] [world] The Player <Xw114> has joined at 9, 62, -268 and their IP is null
[2023-07-10 10:02:32] [world] The Player <Xw114> has joined at -8, 63, -279 and their IP is null
[2023-07-10 10:17:39] [world] The Player <wqe123420> has joined at -33, -55, -243 and their IP is null
[2023-07-10 10:19:40] [world] The Player <Enderlava> has joined at -15, 69, -273 and their IP is null
[2023-07-10 10:23:51] [world] The Player <Enderlava> has joined at -26, 68, -281 and their IP is null
[2023-07-10 11:00:49] [world] The Player <Enderlava> has joined at -31, -55, -247 and their IP is null
[2023-07-10 11:48:57] [world] The Player <Enderlava> has joined at -81, 72, -229 and their IP is null
[2023-07-10 11:52:35] [world] The Player <Enderlava> has joined at -35, 73, -244 and their IP is null
[2023-07-10 12:45:36] [world] The Player <wqe123420> has joined at -29, -55, -139 and their IP is null
[2023-07-10 13:01:31] [world_nether] The Player <Enderlava> has joined at 2, 128, -35 and their IP is null
[2023-07-10 13:23:24] [world] The Player <wqe123420> has joined at 10, 62, -271 and their IP is null
[2023-07-10 13:59:17] [world] The Player <Enderlava> has joined at 12, 62, -268 and their IP is null
[2023-07-10 14:23:22] [world] The Player <Enderlava> has joined at 5, 69, -275 and their IP is null
[2023-07-10 14:23:40] [world] The Player <wqe123420> has joined at 1985, 139, 1454 and their IP is null
[2023-07-10 14:32:26] [world] The Player <Enderlava> has joined at 2, 60, -281 and their IP is null
[2023-07-10 14:34:19] [world] The Player <wqe123420> has joined at 1005, 67, -2935 and their IP is null
[2023-07-10 15:41:16] [world] The Player <wqe123420> has joined at -55, 66, -275 and their IP is null
[2023-07-10 15:44:38] [world] The Player <Enderlava> has joined at -56, 60, -296 and their IP is null
[2023-07-10 15:51:12] [world] The Player <Enderlava> has joined at 142, 60, -305 and their IP is null
[2023-07-10 16:14:07] [world] The Player <Enderlava> has joined at 136, 54, -223 and their IP is null
[2023-07-10 16:15:23] [world] The Player <Enderlava> has joined at 12, 72, -258 and their IP is null
[2023-07-10 16:39:34] [world] The Player <Enderlava> has joined at -20, 70, -187 and their IP is null
[2023-07-10 16:40:33] [world] The Player <Enderlava> has joined at -32, 73, -190 and their IP is null
[2023-07-10 16:55:09] [world] The Player <Enderlava> has joined at -14, 75, -204 and their IP is null
[2023-07-10 18:25:05] [world] The Player <Enderlava> has joined at -23, 63, -287 and their IP is null
[2023-07-10 18:29:39] [world] The Player <Enderlava> has joined at -4, 63, -279 and their IP is null
[2023-07-10 19:10:28] [world] The Player <Enderlava> has joined at -211, 55, 12 and their IP is null
[2023-07-10 20:29:19] [world_the_end] The Player <wqe123420> has joined at -14, 1, -282 and their IP is null
[2023-07-10 20:49:21] [world_the_end] The Player <Enderlava> has joined at 320, 1, 6 and their IP is null
[2023-07-10 21:11:45] [world] The Player <wqe123420> has joined at -39, 68, -294 and their IP is null
[2023-07-10 21:14:39] [world] The Player <wqe123420> has joined at -39, 68, -294 and their IP is null
[2023-07-10 21:26:44] [world] The Player <wqe123420> has joined at -21, 63, -280 and their IP is null
[2023-07-10 21:29:06] [world] The Player <wqe123420> has joined at -17, 70, -281 and their IP is null
[2023-07-10 21:42:30] [world] The Player <wqe123420> has joined at -21, 63, -282 and their IP is null
[2023-07-10 21:43:15] [world] The Player <Enderlava> has joined at -19, 66, -282 and their IP is null
