[2023-07-11 08:35:58] [world] The Player <Funget114514> has joined at -29, 75, -217 and their IP is null
[2023-07-11 08:38:14] [world] The Player <Funget114514> has joined at -26, 64, -286 and their IP is null
[2023-07-11 08:50:09] [world] The Player <Enderlava> has joined at 1170, 80, -488 and their IP is null
[2023-07-11 09:06:27] [world] The Player <Funget114514> has joined at -9, 66, -276 and their IP is null
[2023-07-11 09:15:01] [world_the_end] The Player <Funget114514> has joined at 329, 1, 7 and their IP is null
[2023-07-11 09:19:01] [world_the_end] The Player <Funget114514> has joined at 329, 1, 7 and their IP is null
[2023-07-11 09:21:43] [world_the_end] The Player <Funget114514> has joined at 329, 1, 7 and their IP is null
[2023-07-11 09:32:07] [world_nether] The Player <Funget114514> has joined at 40, 128, -26 and their IP is null
[2023-07-11 10:19:12] [world] The Player <Enderlava> has joined at -27, 63, -287 and their IP is null
[2023-07-11 10:31:22] [world] The Player <Enderlava> has joined at -27, 63, -287 and their IP is null
[2023-07-11 11:03:01] [world] The Player <Funget114514> has joined at -22, 63, -287 and their IP is null
[2023-07-11 11:42:43] [world] The Player <Xw114> has joined at -45, 74, -237 and their IP is null
[2023-07-11 12:05:36] [world] The Player <Enderlava> has joined at 11, 80, -315 and their IP is null
[2023-07-11 12:05:44] [world] The Player <Funget114514> has joined at 38, 63, -272 and their IP is null
[2023-07-11 12:23:59] [world] The Player <Enderlava> has joined at -21, 64, -284 and their IP is null
[2023-07-11 12:41:08] [world] The Player <Enderlava> has joined at 36, 63, -318 and their IP is null
[2023-07-11 13:23:32] [world] The Player <wqe123420> has joined at 1180, 89, -485 and their IP is null
[2023-07-11 13:47:38] [world] The Player <Funget114514> has joined at -27, 63, -282 and their IP is null
[2023-07-11 15:38:08] [world_the_end] The Player <Enderlava> has joined at 329, 1, 7 and their IP is null
[2023-07-11 16:52:05] [em_adventurers_guild] The Player <Funget114514> has joined at 277, 80, 259 and their IP is null
[2023-07-11 16:58:02] [world] The Player <wqe123420> has joined at 1180, 89, -485 and their IP is null
[2023-07-11 17:01:31] [world] The Player <Enderlava> has joined at -219, 64, -241 and their IP is null
[2023-07-11 17:01:34] [world] The Player <Funget114514> has joined at -25, 69, -281 and their IP is null
[2023-07-11 17:09:14] [world] The Player <Funget114514> has joined at -26, 72, -223 and their IP is null
[2023-07-11 17:20:15] [world_nether] The Player <Enderlava> has joined at 7, 65, -25 and their IP is null
[2023-07-11 17:20:24] [world] The Player <wqe123420> has joined at 44, 61, -186 and their IP is null
[2023-07-11 17:20:36] [world] The Player <Funget114514> has joined at -70, 73, -235 and their IP is null
[2023-07-11 18:37:45] [world_the_end] The Player <Funget114514> has joined at 329, 1, 7 and their IP is null
[2023-07-11 19:03:42] [world_the_end] The Player <Funget114514> has joined at 329, 1, 7 and their IP is null
[2023-07-11 19:08:54] [world] The Player <Enderlava> has joined at -24, 63, -287 and their IP is null
[2023-07-11 19:11:46] [world] The Player <Enderlava> has joined at -24, 63, -287 and their IP is null
[2023-07-11 19:33:07] [world] The Player <Enderlava> has joined at -17, 63, -286 and their IP is null
[2023-07-11 19:36:13] [world] The Player <Enderlava> has joined at -17, 63, -286 and their IP is null
[2023-07-11 19:38:22] [world] The Player <Enderlava> has joined at -17, 63, -286 and their IP is null
[2023-07-11 19:46:30] [world] The Player <Enderlava> has joined at -22, 63, -297 and their IP is null
[2023-07-11 19:51:11] [world] The Player <Enderlava> has joined at -23, 63, -298 and their IP is null
[2023-07-11 19:55:51] [world] The Player <Funget114514> has joined at -22, 63, -280 and their IP is null
[2023-07-11 20:13:15] [world] The Player <Funget114514> has joined at -126, 64, -109 and their IP is null
