[2023-07-20 10:09:42] [world] The Player <wqe123420> has joined at -28, 73, -287 and their IP is null
[2023-07-20 10:11:14] [world] The Player <Enderlava> has joined at -26, 68, -282 and their IP is null
[2023-07-20 10:30:15] [world_the_end] The Player <wqe123420> has joined at -14, 1, -281 and their IP is null
[2023-07-20 10:53:25] [world] The Player <Enderlava> has joined at -17, 63, -285 and their IP is null
[2023-07-20 10:53:32] [world] The Player <wqe123420> has joined at -29, 69, -282 and their IP is null
[2023-07-20 11:23:42] [world] The Player <Enderlava> has joined at -19, 63, -278 and their IP is null
[2023-07-20 12:19:58] [world] The Player <Funget114514> has joined at -25, 63, -287 and their IP is null
[2023-07-20 12:27:36] [em_adventurers_guild] The Player <Enderlava> has joined at 282, 91, 227 and their IP is null
[2023-07-20 12:35:09] [world] The Player <Funget114514> has joined at -3097, 75, 4431 and their IP is null
[2023-07-20 12:35:50] [world] The Player <wqe123420> has joined at -3097, 72, 4431 and their IP is null
[2023-07-20 12:39:49] [world] The Player <Enderlava> has joined at -3141, 57, 4721 and their IP is null
[2023-07-20 12:43:29] [world] The Player <Funget114514> has joined at -3135, 54, 4449 and their IP is null
[2023-07-20 12:50:08] [world_the_end] The Player <Enderlava> has joined at -6, 61, -4 and their IP is null
[2023-07-20 12:54:31] [world] The Player <wqe123420> has joined at -27, 63, -286 and their IP is null
[2023-07-20 13:07:38] [world_the_end] The Player <Funget114514> has joined at -43, 60, -21 and their IP is null
[2023-07-20 13:15:42] [world] The Player <Funget114514> has joined at -34, 70, -274 and their IP is null
[2023-07-20 13:34:10] [world_nether] The Player <Enderlava> has joined at 26, 128, -5 and their IP is null
[2023-07-20 13:37:40] [world_nether] The Player <wqe123420> has joined at 30, 128, -6 and their IP is null
[2023-07-20 14:10:04] [world] The Player <wqe123420> has joined at -19, 63, -287 and their IP is null
[2023-07-20 14:11:21] [world] The Player <Funget114514> has joined at -21, 63, -281 and their IP is null
[2023-07-20 14:13:32] [world_the_end] The Player <wqe123420> has joined at -4, 57, -5 and their IP is null
[2023-07-20 14:18:42] [world_the_end] The Player <Funget114514> has joined at -6, 60, 0 and their IP is null
[2023-07-20 14:20:34] [world_the_end] The Player <Funget114514> has joined at -1, 60, -7 and their IP is null
[2023-07-20 14:22:30] [world] The Player <Funget114514> has joined at -27, 63, -287 and their IP is null
[2023-07-20 14:25:36] [world_nether] The Player <Funget114514> has joined at 2, 128, -24 and their IP is null
[2023-07-20 14:53:00] [world_nether] The Player <Funget114514> has joined at 181, 73, -188 and their IP is null
[2023-07-20 14:54:05] [world_nether] The Player <Enderlava> has joined at 168, 81, -151 and their IP is null
[2023-07-20 14:54:18] [world] The Player <Funget114514> has joined at -16, 63, -300 and their IP is null
[2023-07-20 15:05:29] [world] The Player <Xw114> has joined at -22, 67, -280 and their IP is null
[2023-07-20 15:17:17] [world] The Player <Funget114514> has joined at -14, 63, -283 and their IP is null
[2023-07-20 15:37:00] [world] The Player <Funget114514> has joined at -83, 71, -174 and their IP is null
[2023-07-20 15:44:44] [world] The Player <wqe123420> has joined at -25, 69, -280 and their IP is null
[2023-07-20 15:45:12] [world] The Player <Xw114> has joined at -15, 65, -281 and their IP is null
[2023-07-20 15:45:20] [world] The Player <wqe123420> has joined at -21, 64, -285 and their IP is null
[2023-07-20 15:45:58] [world] The Player <Enderlava> has joined at 3, 75, -261 and their IP is null
[2023-07-20 15:48:20] [world] The Player <Xw114> has joined at 5, 63, -298 and their IP is null
[2023-07-20 15:55:34] [world] The Player <Funget114514> has joined at 1081, 199, -173 and their IP is null
[2023-07-20 15:59:05] [world] The Player <Funget114514> has joined at 1081, 199, -173 and their IP is null
[2023-07-20 16:11:25] [world] The Player <Funget114514> has joined at 1076, 199, -173 and their IP is null
[2023-07-20 16:13:17] [world_the_end] The Player <Funget114514> has joined at 1, 61, -8 and their IP is null
[2023-07-20 16:15:00] [world_the_end] The Player <Funget114514> has joined at 68, 91, 42 and their IP is null
[2023-07-20 16:17:00] [world_the_end] The Player <Funget114514> has joined at -9, 62, 6 and their IP is null
[2023-07-20 16:23:59] [world] The Player <wqe123420> has joined at -21, 63, -281 and their IP is null
[2023-07-20 17:33:47] [world_nether] The Player <wqe123420> has joined at 4, 16, -720 and their IP is null
[2023-07-20 18:47:09] [world] The Player <wqe123420> has joined at 2854, -21, -1729 and their IP is null
[2023-07-20 19:32:13] [world_nether] The Player <wqe123420> has joined at -180, 13, 496 and their IP is null
[2023-07-20 19:58:35] [world] The Player <wqe123420> has joined at 8, 64, -298 and their IP is null
[2023-07-20 20:48:34] [world] The Player <wqe123420> has joined at -20, 63, -288 and their IP is null
[2023-07-20 21:20:47] [world] The Player <Enderlava> has joined at 2856, -14, -1720 and their IP is null
[2023-07-20 21:43:31] [world] The Player <wqe123420> has joined at -835, 78, -841 and their IP is null
[2023-07-20 21:44:07] [world_the_end] The Player <Funget114514> has joined at 6, 62, 3 and their IP is null
[2023-07-20 21:55:32] [em_shadow_of_the_binder_of_worlds] The Player <Funget114514> has joined at -127, 13, -112 and their IP is null
[2023-07-20 22:02:52] [world] The Player <Enderlava> has joined at -1059, 70, -970 and their IP is null
