[2023-07-21 15:16:04] [world] The Player <Enderlava> has joined at -130, 64, -125 and their IP is null
[2023-07-21 15:16:35] [world] The Player <Funget114514> has joined at -971, 69, -1006 and their IP is null
[2023-07-21 15:24:02] [world] The Player <Funget114514> has joined at -86, 48, -100 and their IP is null
[2023-07-21 15:31:16] [world] The Player <Funget114514> has joined at -58, 69, -168 and their IP is null
[2023-07-21 15:31:51] [world] The Player <Funget114514> has joined at -58, 69, -168 and their IP is null
[2023-07-21 16:04:13] [world] The Player <Funget114514> has joined at -41, 67, -295 and their IP is null
[2023-07-21 16:13:39] [em_adventurers_guild] The Player <Enderlava> has joined at 283, 91, 227 and their IP is null
[2023-07-21 16:20:15] [world] The Player <Funget114514> has joined at -26, 67, -291 and their IP is null
[2023-07-21 17:10:10] [world] The Player <wqe123420> has joined at -66, 74, -248 and their IP is null
[2023-07-21 17:10:21] [world] The Player <Enderlava> has joined at -24, 68, -286 and their IP is null
[2023-07-21 17:37:37] [world] The Player <Enderlava> has joined at -15, 64, -306 and their IP is null
[2023-07-21 17:40:35] [world] The Player <wqe123420> has joined at -27, 75, -281 and their IP is null
[2023-07-21 17:48:58] [world_nether] The Player <wqe123420> has joined at -323, 14, -763 and their IP is null
[2023-07-21 18:06:17] [world] The Player <Enderlava> has joined at -9, 63, -292 and their IP is null
[2023-07-21 18:07:41] [world_nether] The Player <Funget114514> has joined at 59, 14, -893 and their IP is null
[2023-07-21 18:09:40] [world] The Player <Enderlava1234> has joined at -123, 64, -104 and their IP is null
[2023-07-21 18:13:49] [world] The Player <Funget114514> has joined at 9, 63, 13 and their IP is null
[2023-07-21 20:41:13] [world] The Player <wqe123420> has joined at -58, 72, -219 and their IP is null
[2023-07-21 21:34:38] [world] The Player <Enderlava> has joined at -4, 64, -280 and their IP is null
[2023-07-21 21:45:32] [world] The Player <wqe123420> has joined at -5, 68, -275 and their IP is null
[2023-07-21 21:45:42] [world] The Player <Funget114514> has joined at 9, 63, 13 and their IP is null
[2023-07-21 21:47:10] [world] The Player <Funget114514> has joined at -178, 94, -504 and their IP is null
[2023-07-21 22:17:47] [world] The Player <Enderlava> has joined at -17, 62, -327 and their IP is null
[2023-07-21 22:33:41] [world_nether] The Player <wqe123420> has joined at 38, 65, -271 and their IP is null
