[2023-07-22 12:55:38] [world] The Player <wqe123420> has joined at -70, -58, -221 and their IP is null
[2023-07-22 12:57:47] [world] The Player <wqe123420> has joined at -74, -56, -207 and their IP is null
[2023-07-22 12:58:10] [world] The Player <Enderlava> has joined at 11, 62, -267 and their IP is null
[2023-07-22 13:02:01] [world] The Player <Funget114514> has joined at 24, 59, -285 and their IP is null
[2023-07-22 13:26:46] [world_nether] The Player <wqe123420> has joined at -116, 10, -334 and their IP is null
[2023-07-22 13:39:44] [world] The Player <Funget114514> has joined at -22, 58, -302 and their IP is null
[2023-07-22 13:48:50] [world_the_end] The Player <Enderlava> has joined at 329, 1, 7 and their IP is null
[2023-07-22 14:04:21] [world] The Player <Enderlava> has joined at -45, 71, -277 and their IP is null
[2023-07-22 14:06:06] [world] The Player <Enderlava> has joined at -41, 71, -274 and their IP is null
[2023-07-22 14:47:01] [world] The Player <wqe123420> has joined at 1069, 199, -173 and their IP is null
[2023-07-22 14:52:58] [world_nether] The Player <wqe123420> has joined at 85, 128, -12 and their IP is null
[2023-07-22 15:11:56] [world] The Player <Funget114514> has joined at 15, 59, -305 and their IP is null
[2023-07-22 17:53:48] [world] The Player <Funget114514> has joined at -23, 63, -287 and their IP is null
[2023-07-22 18:23:40] [world] The Player <Enderlava> has joined at -9, 67, -283 and their IP is null
[2023-07-22 18:32:54] [world_the_end] The Player <Enderlava> has joined at -1, 61, -4 and their IP is null
[2023-07-22 19:24:56] [world_the_end] The Player <Enderlava> has joined at 5, 61, -3 and their IP is null
[2023-07-22 19:44:51] [world] The Player <Funget114514> has joined at -503, 62, -432 and their IP is null
[2023-07-22 20:04:19] [world] The Player <wqe123420> has joined at -70, -40, -212 and their IP is null
[2023-07-22 20:32:18] [world] The Player <Enderlava> has joined at -128, 68, -103 and their IP is null
[2023-07-22 20:50:11] [world] The Player <wqe123420> has joined at -17, 63, -303 and their IP is null
[2023-07-22 21:08:01] [world] The Player <Enderlava> has joined at -128, 69, -110 and their IP is null
[2023-07-22 21:20:26] [world] The Player <wqe123420> has joined at -15, 64, -306 and their IP is null
[2023-07-22 21:56:27] [em_adventurers_guild] The Player <Enderlava> has joined at 283, 91, 227 and their IP is null
[2023-07-22 21:58:51] [em_adventurers_guild] The Player <wqe123420> has joined at 304, 115, 295 and their IP is null
[2023-07-22 21:59:51] [em_adventurers_guild] The Player <Enderlava> has joined at 219, 92, 275 and their IP is null
