[2023-07-06 15:32:38] [world] The Player <wqe123420> has teleported from -2, 64, -278 to 7, 129, -21
[2023-07-06 15:42:09] [world_nether] The Player <wqe123420> has teleported from 168, 129, 122 to 1359, -4, 973
[2023-07-06 15:42:13] [world] The Player <wqe123420> has teleported from 1364, -3, 979 to 100, 49, 0
[2023-07-06 17:11:23] [world] The Player <Enderlava> has teleported from -2, 64, -279 to 7, 129, -21
[2023-07-06 17:12:52] [world_nether] The Player <Enderlava> has teleported from 168, 129, 122 to 1359, -4, 973
[2023-07-06 17:12:55] [world] The Player <Enderlava> has teleported from 1363, -3, 979 to 100, 49, 0
[2023-07-06 17:14:37] [world_the_end] The Player <wqe123420> has teleported from -26, 35, -170 to -23, 30, -122
[2023-07-06 17:14:45] [world_the_end] The Player <wqe123420> has teleported from 1, 64, -3 to 1, 62, -1
[2023-07-06 17:22:30] [world] The Player <wqe123420> has teleported from -2, 64, -278 to 7, 129, -21
[2023-07-06 17:29:04] [world_nether] The Player <wqe123420> has teleported from 6, 129, -21 to -3, 64, -278
[2023-07-06 17:29:31] [world] The Player <Funget114514> has teleported from -21, 63, -288 to 325, 1, 6
[2023-07-06 17:33:05] [world] The Player <Enderlava> has teleported from -17, 63, -286 to 208, 88, 236
[2023-07-06 17:34:02] [world] The Player <wqe123420> has teleported from -10, 62, -328 to -10, 63, -328
[2023-07-06 17:34:15] [em_adventurers_guild] The Player <Enderlava> has teleported from 273, 77, 250 to 329, 1, 7
[2023-07-06 17:51:44] [world] The Player <Enderlava> has teleported from -3, 64, -278 to 6, 129, -21
[2023-07-06 17:52:05] [world_nether] The Player <Enderlava> has teleported from 168, 129, 122 to 1359, -4, 973
[2023-07-06 17:52:08] [world] The Player <Enderlava> has teleported from 1363, -3, 979 to 100, 49, 0
[2023-07-06 17:56:57] [world] The Player <Enderlava> has teleported from -21, 63, -281 to -21, 63, -281
[2023-07-06 18:00:25] [world] The Player <Enderlava> has teleported from -17, 66, -297 to -15, 66, -300
[2023-07-06 18:10:17] [world] The Player <wqe123420> has teleported from -27, 63, -287 to -843, -60, -761
[2023-07-06 18:26:06] [world] The Player <23232> has teleported from -128, 65, -112 to -848, 48, -752
[2023-07-06 18:32:49] [world] The Player <wqe123420> has teleported from -15, 54, -298 to -3227, 62, 4516
[2023-07-06 18:33:04] [world] The Player <wqe123420> has teleported from -3228, 63, 4516 to -832, -16, -756
[2023-07-06 18:37:41] [world] The Player <Funget114514> has teleported from -7, 65, -277 to -849, 71, -754
[2023-07-06 18:44:14] [world] The Player <wqe123420> has teleported from -21, 63, -280 to -3227, 62, 4516
[2023-07-06 18:44:19] [world] The Player <wqe123420> has teleported from -3227, 61, 4516 to -865, -8, -755
[2023-07-06 18:46:13] [world] The Player <Funget114514> has teleported from -18, 62, -295 to -18, 63, -295
[2023-07-06 18:46:15] [world] The Player <Funget114514> has teleported from -19, 63, -295 to -848, 71, -756
[2023-07-06 18:46:30] [world] The Player <Funget114514> has teleported from -853, 68, -759 to -860, -59, -761
[2023-07-06 18:48:02] [world] The Player <wqe123420> has teleported from -21, 63, -280 to -858, -60, -758
[2023-07-06 18:48:25] [world] The Player <Funget114514> has teleported from -24, 63, -280 to -842, 107, -752
[2023-07-06 18:48:49] [world] The Player <Funget114514> has teleported from -26, 63, -287 to -845, 243, -757
[2023-07-06 18:49:12] [world] The Player <Funget114514> has teleported from -26, 63, -287 to -846, 202, -749
[2023-07-06 18:49:33] [world] The Player <Funget114514> has teleported from -22, 63, -287 to -847, 277, -757
[2023-07-06 18:50:29] [world] The Player <Funget114514> has teleported from -8, 70, -274 to -832, -43, -739
[2023-07-06 18:51:05] [world] The Player <Funget114514> has teleported from -850, -60, -759 to -842, -60, -765
[2023-07-06 18:51:08] [world] The Player <Funget114514> has teleported from -842, -60, -764 to -844, -60, -767
[2023-07-06 18:52:31] [world] The Player <Funget114514> has teleported from -843, 89, -747 to -847, 71, -754
[2023-07-06 19:02:20] [world] The Player <wqe123420> has teleported from -21, 71, -165 to -21, 71, -165
[2023-07-06 19:02:20] [world] The Player <wqe123420> has teleported from -21, 71, -165 to -21, 71, -165
[2023-07-06 19:02:21] [world] The Player <wqe123420> has teleported from -21, 71, -165 to -21, 71, -165
[2023-07-06 19:02:21] [world] The Player <wqe123420> has teleported from -21, 71, -165 to -21, 71, -165
[2023-07-06 19:02:21] [world] The Player <wqe123420> has teleported from -21, 71, -165 to -21, 71, -165
[2023-07-06 19:02:21] [world] The Player <wqe123420> has teleported from -21, 71, -165 to -21, 71, -165
[2023-07-06 19:02:21] [world] The Player <wqe123420> has teleported from -21, 71, -165 to -21, 71, -165
[2023-07-06 19:02:21] [world] The Player <wqe123420> has teleported from -21, 71, -165 to -21, 71, -165
[2023-07-06 19:02:21] [world] The Player <wqe123420> has teleported from -21, 71, -165 to -21, 71, -165
[2023-07-06 19:02:21] [world] The Player <wqe123420> has teleported from -21, 71, -165 to -21, 71, -165
[2023-07-06 19:02:22] [world] The Player <wqe123420> has teleported from -21, 71, -165 to -21, 71, -165
[2023-07-06 19:02:22] [world] The Player <wqe123420> has teleported from -21, 71, -165 to -21, 71, -165
[2023-07-06 19:02:22] [world] The Player <wqe123420> has teleported from -21, 71, -165 to -21, 71, -165
[2023-07-06 19:02:22] [world] The Player <wqe123420> has teleported from -21, 71, -165 to -21, 71, -165
[2023-07-06 19:02:22] [world] The Player <wqe123420> has teleported from -21, 71, -165 to -21, 71, -165
[2023-07-06 19:02:22] [world] The Player <wqe123420> has teleported from -21, 71, -165 to -21, 71, -165
[2023-07-06 19:02:22] [world] The Player <wqe123420> has teleported from -21, 71, -165 to -21, 71, -165
[2023-07-06 19:08:51] [world] The Player <wqe123420> has teleported from -21, 63, -282 to -3227, 62, 4516
[2023-07-06 19:08:58] [world] The Player <wqe123420> has teleported from -3227, 61, 4516 to -26, 70, -264
[2023-07-06 19:11:40] [world] The Player <Funget114514> has teleported from -11, 69, -269 to -59, 59, -314
[2023-07-06 19:13:30] [world] The Player <wqe123420> has teleported from -23, 58, -305 to -3227, 62, 4516
[2023-07-06 19:13:31] [world] The Player <Funget114514> has teleported from -66, 58, -296 to -66, 58, -296
[2023-07-06 19:13:31] [world] The Player <Funget114514> has teleported from -66, 58, -296 to -66, 58, -296
[2023-07-06 19:13:31] [world] The Player <Funget114514> has teleported from -66, 58, -296 to -66, 58, -296
[2023-07-06 19:13:31] [world] The Player <Funget114514> has teleported from -66, 58, -296 to -66, 58, -296
[2023-07-06 19:13:31] [world] The Player <Funget114514> has teleported from -66, 58, -296 to -66, 58, -296
[2023-07-06 19:13:31] [world] The Player <Funget114514> has teleported from -66, 58, -296 to -66, 58, -296
[2023-07-06 19:13:31] [world] The Player <Funget114514> has teleported from -66, 58, -296 to -66, 58, -296
[2023-07-06 19:13:31] [world] The Player <Funget114514> has teleported from -66, 58, -296 to -66, 58, -296
[2023-07-06 19:13:31] [world] The Player <Funget114514> has teleported from -66, 58, -296 to -66, 58, -296
[2023-07-06 19:13:31] [world] The Player <Funget114514> has teleported from -66, 58, -296 to -66, 58, -296
[2023-07-06 19:13:31] [world] The Player <Funget114514> has teleported from -66, 58, -296 to -66, 58, -296
[2023-07-06 19:13:31] [world] The Player <Funget114514> has teleported from -66, 58, -296 to -66, 58, -296
[2023-07-06 19:13:31] [world] The Player <Funget114514> has teleported from -66, 59, -296 to -66, 58, -296
[2023-07-06 19:13:31] [world] The Player <Funget114514> has teleported from -66, 58, -296 to -66, 58, -296
[2023-07-06 19:13:32] [world] The Player <Funget114514> has teleported from -66, 59, -296 to -66, 58, -296
[2023-07-06 19:13:32] [world] The Player <Funget114514> has teleported from -66, 58, -296 to -66, 58, -296
[2023-07-06 19:13:32] [world] The Player <Funget114514> has teleported from -66, 58, -296 to -66, 58, -296
[2023-07-06 19:13:32] [world] The Player <Funget114514> has teleported from -66, 58, -296 to -66, 58, -296
[2023-07-06 19:13:32] [world] The Player <Funget114514> has teleported from -66, 58, -296 to -66, 58, -296
[2023-07-06 19:13:32] [world] The Player <Funget114514> has teleported from -66, 58, -296 to -66, 58, -296
[2023-07-06 19:13:32] [world] The Player <Funget114514> has teleported from -66, 58, -296 to -66, 58, -296
[2023-07-06 19:13:32] [world] The Player <Funget114514> has teleported from -66, 58, -296 to -66, 58, -296
[2023-07-06 19:13:32] [world] The Player <Funget114514> has teleported from -66, 58, -296 to -66, 58, -296
[2023-07-06 19:13:32] [world] The Player <Funget114514> has teleported from -66, 58, -296 to -66, 58, -296
[2023-07-06 19:13:32] [world] The Player <Funget114514> has teleported from -66, 58, -296 to -66, 58, -296
[2023-07-06 19:13:32] [world] The Player <Funget114514> has teleported from -66, 58, -296 to -66, 58, -296
[2023-07-06 19:13:32] [world] The Player <Funget114514> has teleported from -66, 58, -296 to -66, 58, -296
[2023-07-06 19:13:32] [world] The Player <Funget114514> has teleported from -66, 58, -296 to -66, 58, -296
[2023-07-06 19:13:32] [world] The Player <Funget114514> has teleported from -66, 58, -296 to -66, 58, -296
[2023-07-06 19:13:32] [world] The Player <Funget114514> has teleported from -66, 58, -296 to -66, 58, -296
[2023-07-06 19:13:32] [world] The Player <Funget114514> has teleported from -66, 58, -296 to -66, 58, -296
[2023-07-06 19:13:33] [world] The Player <Funget114514> has teleported from -66, 58, -296 to -66, 58, -296
[2023-07-06 19:13:33] [world] The Player <Funget114514> has teleported from -66, 58, -296 to -66, 58, -296
[2023-07-06 19:13:33] [world] The Player <Funget114514> has teleported from -66, 58, -296 to -66, 58, -296
[2023-07-06 19:13:33] [world] The Player <Funget114514> has teleported from -66, 58, -296 to -66, 58, -296
[2023-07-06 19:13:33] [world] The Player <Funget114514> has teleported from -66, 58, -296 to -66, 58, -296
[2023-07-06 19:13:33] [world] The Player <Funget114514> has teleported from -66, 58, -296 to -66, 58, -296
[2023-07-06 19:13:33] [world] The Player <Funget114514> has teleported from -66, 58, -296 to -66, 58, -296
[2023-07-06 19:13:33] [world] The Player <Funget114514> has teleported from -66, 58, -296 to -66, 58, -296
[2023-07-06 19:13:34] [world] The Player <wqe123420> has teleported from -3227, 61, 4516 to -67, 53, -299
[2023-07-06 19:15:52] [world] The Player <Funget114514> has teleported from -66, 58, -296 to -66, 58, -296
[2023-07-06 19:15:52] [world] The Player <Funget114514> has teleported from -66, 58, -296 to -66, 58, -296
[2023-07-06 19:15:52] [world] The Player <Funget114514> has teleported from -66, 58, -296 to -66, 58, -296
[2023-07-06 19:15:52] [world] The Player <Funget114514> has teleported from -66, 58, -296 to -66, 58, -296
[2023-07-06 19:15:52] [world] The Player <Funget114514> has teleported from -66, 58, -296 to -66, 58, -296
[2023-07-06 19:15:52] [world] The Player <Funget114514> has teleported from -66, 58, -296 to -66, 58, -296
[2023-07-06 19:15:52] [world] The Player <Funget114514> has teleported from -66, 58, -296 to -66, 58, -296
[2023-07-06 19:15:52] [world] The Player <Funget114514> has teleported from -66, 58, -296 to -66, 58, -296
[2023-07-06 19:15:53] [world] The Player <Funget114514> has teleported from -66, 58, -296 to -66, 58, -296
[2023-07-06 19:15:53] [world] The Player <Funget114514> has teleported from -66, 58, -296 to -66, 58, -296
[2023-07-06 19:15:53] [world] The Player <Funget114514> has teleported from -66, 58, -296 to -66, 58, -296
[2023-07-06 19:15:53] [world] The Player <Funget114514> has teleported from -66, 58, -296 to -66, 58, -296
[2023-07-06 19:15:53] [world] The Player <Funget114514> has teleported from -66, 58, -296 to -66, 58, -296
[2023-07-06 19:15:53] [world] The Player <Funget114514> has teleported from -66, 58, -296 to -66, 58, -296
[2023-07-06 19:15:53] [world] The Player <Funget114514> has teleported from -66, 58, -296 to -66, 58, -296
[2023-07-06 19:15:53] [world] The Player <Funget114514> has teleported from -66, 58, -296 to -66, 58, -296
[2023-07-06 19:15:53] [world] The Player <Funget114514> has teleported from -66, 58, -296 to -66, 58, -296
[2023-07-06 19:15:53] [world] The Player <Funget114514> has teleported from -66, 58, -296 to -66, 58, -296
[2023-07-06 19:15:53] [world] The Player <Funget114514> has teleported from -66, 58, -296 to -66, 58, -296
[2023-07-06 19:15:54] [world] The Player <Funget114514> has teleported from -66, 58, -296 to -66, 58, -296
[2023-07-06 19:15:54] [world] The Player <Funget114514> has teleported from -66, 58, -296 to -66, 58, -296
[2023-07-06 19:15:54] [world] The Player <Funget114514> has teleported from -66, 58, -296 to -66, 58, -296
[2023-07-06 19:15:54] [world] The Player <Funget114514> has teleported from -66, 58, -296 to -66, 58, -296
[2023-07-06 19:15:54] [world] The Player <Funget114514> has teleported from -66, 58, -296 to -66, 58, -296
[2023-07-06 19:15:54] [world] The Player <Funget114514> has teleported from -66, 58, -296 to -66, 58, -296
[2023-07-06 19:15:54] [world] The Player <Funget114514> has teleported from -66, 58, -296 to -66, 58, -296
[2023-07-06 19:15:54] [world] The Player <Funget114514> has teleported from -66, 58, -296 to -66, 58, -296
[2023-07-06 19:15:54] [world] The Player <Funget114514> has teleported from -66, 58, -296 to -66, 58, -296
[2023-07-06 19:15:54] [world] The Player <Funget114514> has teleported from -66, 58, -296 to -66, 58, -296
[2023-07-06 19:15:55] [world] The Player <Funget114514> has teleported from -66, 58, -296 to -66, 58, -296
[2023-07-06 19:15:56] [world] The Player <Funget114514> has teleported from -66, 58, -296 to -66, 58, -296
[2023-07-06 19:15:56] [world] The Player <Funget114514> has teleported from -66, 58, -296 to -66, 58, -296
[2023-07-06 19:15:56] [world] The Player <Funget114514> has teleported from -66, 58, -296 to -66, 58, -296
[2023-07-06 19:15:56] [world] The Player <Funget114514> has teleported from -66, 58, -296 to -66, 58, -296
[2023-07-06 19:15:56] [world] The Player <Funget114514> has teleported from -66, 58, -296 to -66, 58, -296
[2023-07-06 19:15:56] [world] The Player <Funget114514> has teleported from -66, 58, -296 to -66, 58, -296
[2023-07-06 19:15:56] [world] The Player <Funget114514> has teleported from -66, 58, -296 to -66, 58, -296
[2023-07-06 19:15:56] [world] The Player <Funget114514> has teleported from -66, 58, -296 to -66, 58, -296
[2023-07-06 19:15:56] [world] The Player <Funget114514> has teleported from -66, 58, -296 to -66, 58, -296
[2023-07-06 19:15:56] [world] The Player <Funget114514> has teleported from -66, 58, -296 to -66, 58, -296
[2023-07-06 19:15:56] [world] The Player <Funget114514> has teleported from -66, 58, -296 to -66, 58, -296
[2023-07-06 19:15:56] [world] The Player <Funget114514> has teleported from -66, 58, -296 to -66, 58, -296
[2023-07-06 19:15:56] [world] The Player <Funget114514> has teleported from -66, 58, -296 to -66, 58, -296
[2023-07-06 19:15:56] [world] The Player <Funget114514> has teleported from -66, 58, -296 to -66, 58, -296
[2023-07-06 19:15:57] [world] The Player <Funget114514> has teleported from -66, 58, -296 to -66, 58, -296
[2023-07-06 19:15:57] [world] The Player <Funget114514> has teleported from -66, 58, -296 to -66, 58, -296
[2023-07-06 19:15:57] [world] The Player <Funget114514> has teleported from -66, 58, -296 to -66, 58, -296
[2023-07-06 19:15:57] [world] The Player <Funget114514> has teleported from -66, 58, -296 to -66, 58, -296
[2023-07-06 19:15:57] [world] The Player <Funget114514> has teleported from -66, 58, -296 to -66, 58, -296
[2023-07-06 19:15:57] [world] The Player <Funget114514> has teleported from -66, 58, -296 to -66, 58, -296
[2023-07-06 19:15:57] [world] The Player <Funget114514> has teleported from -66, 58, -296 to -66, 58, -296
[2023-07-06 19:15:57] [world] The Player <Funget114514> has teleported from -66, 58, -296 to -66, 58, -296
[2023-07-06 19:15:57] [world] The Player <Funget114514> has teleported from -66, 58, -296 to -66, 58, -296
[2023-07-06 19:15:57] [world] The Player <Funget114514> has teleported from -66, 59, -296 to -66, 58, -296
[2023-07-06 19:15:57] [world] The Player <Funget114514> has teleported from -66, 59, -296 to -66, 58, -296
[2023-07-06 19:15:57] [world] The Player <Funget114514> has teleported from -66, 59, -296 to -66, 58, -296
[2023-07-06 19:15:58] [world] The Player <Funget114514> has teleported from -66, 59, -296 to -66, 58, -296
[2023-07-06 19:15:58] [world] The Player <Funget114514> has teleported from -66, 58, -296 to -66, 58, -296
[2023-07-06 19:15:58] [world] The Player <Funget114514> has teleported from -66, 58, -296 to -66, 58, -296
[2023-07-06 19:15:58] [world] The Player <Funget114514> has teleported from -66, 58, -296 to -66, 58, -296
[2023-07-06 19:15:58] [world] The Player <Funget114514> has teleported from -66, 58, -296 to -66, 58, -296
[2023-07-06 19:15:58] [world] The Player <Funget114514> has teleported from -66, 58, -296 to -66, 58, -296
[2023-07-06 19:15:58] [world] The Player <Funget114514> has teleported from -66, 59, -296 to -66, 58, -296
[2023-07-06 19:15:58] [world] The Player <Funget114514> has teleported from -66, 59, -296 to -66, 58, -296
[2023-07-06 19:15:58] [world] The Player <Funget114514> has teleported from -66, 59, -296 to -66, 58, -296
[2023-07-06 19:15:58] [world] The Player <Funget114514> has teleported from -66, 58, -296 to -66, 58, -296
[2023-07-06 19:15:58] [world] The Player <Funget114514> has teleported from -66, 58, -296 to -66, 58, -296
[2023-07-06 19:15:58] [world] The Player <Funget114514> has teleported from -66, 59, -296 to -66, 58, -296
[2023-07-06 19:15:59] [world] The Player <Funget114514> has teleported from -66, 58, -296 to -66, 58, -296
[2023-07-06 19:15:59] [world] The Player <Funget114514> has teleported from -66, 58, -296 to -66, 58, -296
[2023-07-06 19:15:59] [world] The Player <Funget114514> has teleported from -66, 58, -296 to -66, 58, -296
[2023-07-06 19:15:59] [world] The Player <Funget114514> has teleported from -66, 58, -296 to -66, 58, -296
[2023-07-06 19:15:59] [world] The Player <Funget114514> has teleported from -66, 58, -296 to -66, 58, -296
[2023-07-06 19:15:59] [world] The Player <Funget114514> has teleported from -66, 58, -296 to -66, 58, -296
[2023-07-06 19:16:07] [world] The Player <Funget114514> has teleported from -66, 58, -296 to -66, 58, -296
[2023-07-06 19:16:07] [world] The Player <Funget114514> has teleported from -66, 58, -296 to -66, 58, -296
[2023-07-06 19:16:08] [world] The Player <Funget114514> has teleported from -66, 58, -296 to -66, 58, -296
[2023-07-06 19:16:08] [world] The Player <Funget114514> has teleported from -66, 58, -296 to -66, 58, -296
[2023-07-06 19:16:08] [world] The Player <Funget114514> has teleported from -66, 58, -296 to -66, 58, -296
[2023-07-06 19:16:08] [world] The Player <Funget114514> has teleported from -66, 58, -296 to -66, 58, -296
[2023-07-06 19:16:08] [world] The Player <Funget114514> has teleported from -66, 58, -296 to -66, 58, -296
[2023-07-06 19:16:08] [world] The Player <Funget114514> has teleported from -66, 58, -296 to -66, 58, -296
[2023-07-06 19:16:08] [world] The Player <Funget114514> has teleported from -66, 58, -296 to -66, 58, -296
[2023-07-06 19:16:08] [world] The Player <Funget114514> has teleported from -66, 58, -296 to -66, 58, -296
[2023-07-06 19:16:08] [world] The Player <Funget114514> has teleported from -66, 58, -296 to -66, 58, -296
[2023-07-06 19:16:08] [world] The Player <Funget114514> has teleported from -66, 58, -296 to -66, 58, -296
[2023-07-06 19:16:08] [world] The Player <Funget114514> has teleported from -66, 58, -296 to -66, 58, -296
[2023-07-06 19:16:08] [world] The Player <Funget114514> has teleported from -66, 58, -296 to -66, 58, -296
[2023-07-06 19:16:08] [world] The Player <Funget114514> has teleported from -66, 58, -296 to -66, 58, -296
[2023-07-06 19:16:09] [world] The Player <Funget114514> has teleported from -67, 58, -296 to -66, 58, -296
[2023-07-06 19:16:09] [world] The Player <Funget114514> has teleported from -66, 58, -296 to -66, 58, -296
[2023-07-06 19:16:09] [world] The Player <Funget114514> has teleported from -66, 58, -296 to -66, 58, -296
[2023-07-06 19:16:09] [world] The Player <Funget114514> has teleported from -66, 58, -296 to -66, 58, -296
[2023-07-06 19:16:09] [world] The Player <Funget114514> has teleported from -66, 58, -296 to -66, 58, -296
[2023-07-06 19:16:09] [world] The Player <Funget114514> has teleported from -66, 58, -296 to -66, 58, -296
[2023-07-06 19:16:09] [world] The Player <Funget114514> has teleported from -66, 58, -296 to -66, 58, -296
[2023-07-06 19:16:09] [world] The Player <Funget114514> has teleported from -66, 58, -296 to -66, 58, -296
[2023-07-06 19:16:09] [world] The Player <Funget114514> has teleported from -66, 58, -296 to -66, 58, -296
[2023-07-06 19:16:09] [world] The Player <Funget114514> has teleported from -66, 58, -296 to -66, 58, -296
[2023-07-06 19:16:10] [world] The Player <Funget114514> has teleported from -66, 58, -296 to -66, 58, -296
[2023-07-06 19:16:11] [world] The Player <Funget114514> has teleported from -66, 58, -296 to -66, 58, -296
[2023-07-06 19:16:11] [world] The Player <Funget114514> has teleported from -66, 58, -296 to -66, 58, -296
[2023-07-06 19:16:11] [world] The Player <Funget114514> has teleported from -66, 58, -296 to -66, 58, -296
[2023-07-06 19:16:11] [world] The Player <Funget114514> has teleported from -66, 58, -296 to -66, 58, -296
[2023-07-06 19:16:11] [world] The Player <Funget114514> has teleported from -66, 58, -296 to -66, 58, -296
[2023-07-06 19:16:11] [world] The Player <Funget114514> has teleported from -66, 58, -296 to -66, 58, -296
[2023-07-06 19:16:11] [world] The Player <Funget114514> has teleported from -66, 58, -296 to -66, 58, -296
[2023-07-06 19:16:11] [world] The Player <Funget114514> has teleported from -66, 58, -296 to -66, 58, -296
[2023-07-06 19:16:11] [world] The Player <Funget114514> has teleported from -66, 58, -296 to -66, 58, -296
[2023-07-06 19:16:12] [world] The Player <Funget114514> has teleported from -66, 58, -296 to -66, 58, -296
[2023-07-06 19:17:43] [world] The Player <wqe123420> has teleported from -2, 64, -278 to 7, 129, -21
[2023-07-06 19:18:42] [world_nether] The Player <wqe123420> has teleported from 168, 129, 122 to 1359, -4, 973
[2023-07-06 19:18:47] [world] The Player <wqe123420> has teleported from 1363, -3, 979 to 100, 49, 0
[2023-07-06 19:19:50] [world] The Player <Funget114514> has teleported from -66, 63, -269 to -63, 67, -270
[2023-07-06 19:19:53] [world] The Player <Funget114514> has teleported from -63, 67, -271 to -61, 68, -271
[2023-07-06 19:20:07] [world] The Player <Funget114514> has teleported from -61, 61, -284 to -61, 58, -290
[2023-07-06 19:22:56] [world] The Player <Funget114514> has teleported from -65, 63, -283 to -61, 65, -277
[2023-07-06 19:22:57] [world] The Player <Enderlava> has teleported from -16, 63, -285 to -22, 74, -267
[2023-07-06 19:22:59] [world] The Player <Funget114514> has teleported from -59, 65, -276 to -59, 66, -276
[2023-07-06 19:23:07] [world] The Player <Funget114514> has teleported from -52, 70, -271 to -54, 71, -265
[2023-07-06 19:23:09] [world] The Player <Funget114514> has teleported from -54, 68, -266 to -54, 70, -266
[2023-07-06 19:23:17] [world] The Player <Funget114514> has teleported from -48, 71, -270 to -45, 72, -263
[2023-07-06 19:23:24] [world] The Player <Funget114514> has teleported from -45, 72, -256 to -44, 72, -252
[2023-07-06 19:29:14] [world] The Player <Enderlava> has teleported from -28, 100, -268 to -26, 70, -268
[2023-07-06 20:14:52] [world] The Player <wqe123420> has teleported from -2, 64, -279 to 7, 129, -21
[2023-07-06 20:16:03] [world_nether] The Player <wqe123420> has teleported from 7, 129, -21 to -2, 64, -278
[2023-07-06 21:10:22] [world] The Player <Funget114514> has teleported from -28, 75, -199 to -56, 75, -243
[2023-07-06 21:10:47] [world] The Player <Funget114514> has teleported from -66, 75, -234 to -72, 74, -229
[2023-07-06 21:11:29] [world] The Player <Funget114514> has teleported from -145, 62, -235 to -137, 62, -237
[2023-07-06 21:41:20] [world] The Player <wqe123420> has teleported from -21, 63, -280 to -834, -60, -768
[2023-07-06 21:48:30] [world] The Player <wqe123420> has teleported from -21, 63, -280 to -835, -60, -766
[2023-07-06 22:37:47] [world] The Player <Enderlava> has teleported from -388, 62, -456 to -128, 64, -118
[2023-07-06 22:40:55] [world] The Player <Enderlava> has teleported from -143, 66, -122 to -143, 67, -124
[2023-07-06 22:41:09] [world] The Player <Enderlava> has teleported from -140, 64, -110 to -142, 63, -105
[2023-07-06 22:41:11] [world] The Player <Enderlava> has teleported from -138, 64, -105 to -124, 64, -108
[2023-07-06 22:41:33] [world] The Player <Enderlava> has teleported from -131, 65, -110 to -130, 64, -110
