[2023-07-07 08:50:04] [world] The Player <wqe123420> has teleported from -26, 63, -287 to -3227, 62, 4516
[2023-07-07 08:51:24] [world] The Player <wqe123420> has teleported from -3235, 63, 4302 to -404, 129, 524
[2023-07-07 08:51:53] [world_nether] The Player <wqe123420> has teleported from 6, 129, -21 to -3, 64, -278
[2023-07-07 08:57:19] [world] The Player <Enderlava> has teleported from -121, 65, -103 to -96, 66, -143
[2023-07-07 08:57:21] [world] The Player <Enderlava> has teleported from -96, 66, -143 to -94, 67, -145
[2023-07-07 08:57:41] [world] The Player <Enderlava> has teleported from -88, 70, -169 to -65, 72, -198
[2023-07-07 08:57:43] [world] The Player <Enderlava> has teleported from -64, 72, -201 to -55, 74, -211
[2023-07-07 08:58:23] [world] The Player <wqe123420> has teleported from -21, 63, -280 to -3227, 62, 4516
[2023-07-07 08:58:32] [world] The Player <wqe123420> has teleported from -3227, 61, 4516 to -41, -62, -248
[2023-07-07 09:04:39] [world] The Player <Enderlava> has teleported from -15, 23, -226 to -30, 72, -283
[2023-07-07 09:06:33] [world] The Player <Enderlava> has teleported from -3, 64, -278 to 6, 129, -21
[2023-07-07 09:10:26] [world] The Player <Funget114514> has teleported from -2, 64, -278 to 7, 129, -21
[2023-07-07 09:12:02] [world_nether] The Player <Funget114514> has teleported from 168, 129, 121 to 1359, -4, 972
[2023-07-07 09:12:06] [world] The Player <Funget114514> has teleported from 1363, -3, 979 to 100, 49, 0
[2023-07-07 09:12:27] [world_the_end] The Player <Funget114514> has teleported from 331, 4, 6 to 328, 4, 7
[2023-07-07 09:12:33] [world_the_end] The Player <Xw114> has teleported from -3485, 98, -4419 to -29, -55, -243
[2023-07-07 09:12:34] [world_the_end] The Player <Funget114514> has teleported from 329, 1, 7 to 329, 2, 7
[2023-07-07 09:16:57] [world_nether] The Player <Enderlava> has teleported from 10, 128, -39 to -23, -56, -244
[2023-07-07 09:16:58] [world] The Player <Enderlava> has teleported from -23, -56, -244 to -29, -55, -249
[2023-07-07 09:19:18] [world] The Player <Xw114> has teleported from -22, -55, -245 to -19, 66, -281
[2023-07-07 09:21:23] [world] The Player <Xw114> has teleported from -2, 63, -279 to 208, 88, 236
[2023-07-07 09:21:50] [em_adventurers_guild] The Player <Xw114> has teleported from 242, 92, 270 to 219, 70, 295
[2023-07-07 09:21:50] [em_adventurers_guild] The Player <Xw114> has teleported from 219, 70, 295 to 219, 70, 295
[2023-07-07 09:22:04] [em_adventurers_guild] The Player <Xw114> has teleported from 219, 70, 295 to 219, 70, 295
[2023-07-07 09:22:32] [world] The Player <Enderlava> has teleported from -34, -55, -243 to 208, 88, 236
[2023-07-07 09:23:16] [world] The Player <Funget114514> has teleported from -2, 64, -278 to 7, 129, -21
[2023-07-07 09:23:43] [em_adventurers_guild] The Player <Xw114> has teleported from 221, 80, 288 to 242, 92, 269
[2023-07-07 09:23:54] [em_adventurers_guild] The Player <Enderlava> has teleported from 233, 92, 281 to 379, 36, 352
[2023-07-07 09:23:54] [em_id_the_climb_0] The Player <Enderlava> has teleported from 379, 36, 352 to 371, 34, 350
[2023-07-07 09:23:56] [world_nether] The Player <Funget114514> has teleported from 169, 129, 122 to 1359, -4, 973
[2023-07-07 09:23:59] [world] The Player <Funget114514> has teleported from 1363, -3, 979 to 100, 49, 0
[2023-07-07 09:25:32] [world] The Player <wqe123420> has teleported from -25, -55, -246 to 379, 36, 352
[2023-07-07 09:25:32] [em_id_the_climb_0] The Player <wqe123420> has teleported from 379, 36, 352 to 371, 34, 350
[2023-07-07 09:26:13] [em_adventurers_guild] The Player <Xw114> has teleported from 270, 90, 232 to 379, 36, 352
[2023-07-07 09:26:13] [em_id_the_climb_1] The Player <Xw114> has teleported from 379, 36, 352 to 371, 34, 350
[2023-07-07 09:26:54] [em_id_the_climb_1] The Player <Xw114> has teleported from 371, 36, 354 to 270, 90, 232
[2023-07-07 09:27:10] [em_adventurers_guild] The Player <Xw114> has teleported from 270, 90, 232 to 379, 36, 352
[2023-07-07 09:27:10] [em_id_the_climb_0] The Player <Xw114> has teleported from 379, 36, 352 to 371, 34, 350
[2023-07-07 09:27:15] [em_id_the_climb_0] The Player <Enderlava> has teleported from 369, 33, 349 to 379, 36, 352
[2023-07-07 09:27:15] [em_id_the_climb_0] The Player <wqe123420> has teleported from 371, 33, 347 to 379, 36, 352
[2023-07-07 09:27:15] [em_id_the_climb_0] The Player <Xw114> has teleported from 371, 34, 350 to 379, 36, 352
[2023-07-07 09:28:20] [em_id_the_climb_0] The Player <Xw114> has teleported from 385, 43, 366 to 389, 42, 352
[2023-07-07 09:29:30] [em_id_the_climb_0] The Player <Xw114> has teleported from 370, 49, 377 to 368, 50, 379
[2023-07-07 09:29:42] [world_the_end] The Player <Funget114514> has teleported from 329, 1, 7 to 329, 3, 7
[2023-07-07 09:31:05] [em_id_the_climb_0] The Player <Enderlava> has teleported from 415, 43, 371 to 411, 43, 364
[2023-07-07 09:31:05] [em_id_the_climb_0] The Player <wqe123420> has teleported from 414, 43, 363 to 411, 43, 364
[2023-07-07 09:31:05] [em_id_the_climb_0] The Player <Xw114> has teleported from 409, 44, 363 to 411, 43, 364
[2023-07-07 09:32:40] [world] The Player <wegwe> has teleported from -95, 61, -123 to -78, 66, -145
[2023-07-07 09:33:57] [em_id_the_climb_0] The Player <Xw114> has teleported from 416, 43, 352 to 417, 44, 351
[2023-07-07 09:34:00] [world] The Player <Funget114514> has teleported from -15, 68, -284 to -147, 61, -102
[2023-07-07 09:35:04] [em_id_the_climb_0] The Player <Xw114> has teleported from 415, 45, 384 to 270, 90, 232
[2023-07-07 09:35:25] [em_adventurers_guild] The Player <Xw114> has teleported from 270, 90, 232 to -139, 66, -81
[2023-07-07 09:38:04] [world] The Player <Xw114> has teleported from -22, 70, -270 to -23, 70, -268
[2023-07-07 09:40:21] [em_id_the_climb_0] The Player <Enderlava> has teleported from 303, 78, 227 to 302, 78, 223
[2023-07-07 09:41:09] [em_id_the_climb_0] The Player <Enderlava> has teleported from 285, 77, 235 to 272, 78, 235
[2023-07-07 09:41:09] [em_id_the_climb_0] The Player <wqe123420> has teleported from 289, 76, 236 to 272, 78, 235
[2023-07-07 09:43:57] [world] The Player <Xw114> has teleported from -12, 63, -278 to -10, 65, -276
[2023-07-07 09:44:00] [em_id_the_climb_0] The Player <wqe123420> has teleported from 271, 89, 185 to 276, 78, 184
[2023-07-07 09:44:32] [em_id_the_climb_0] The Player <Enderlava> has teleported from 292, 91, 117 to 276, 85, 146
[2023-07-07 09:45:06] [em_id_the_climb_0] The Player <Enderlava> has teleported from 274, 80, 180 to 233, 92, 281
[2023-07-07 09:45:06] [em_id_the_climb_0] The Player <wqe123420> has teleported from 309, 86, 82 to -25, -55, -246
[2023-07-07 09:45:15] [world] The Player <Funget114514> has teleported from -46, 69, -298 to -36, 71, -269
[2023-07-07 09:45:46] [em_adventurers_guild] The Player <Enderlava> has teleported from 237, 92, 278 to -47, 69, -292
[2023-07-07 09:46:10] [world] The Player <wqe123420> has teleported from -24, -55, -245 to -53, 63, -281
[2023-07-07 09:47:31] [world] The Player <wqe123420> has teleported from -27, 63, -287 to 208, 88, 236
[2023-07-07 09:48:18] [world] The Player <Xw114> has teleported from -183, 64, -209 to -22, 70, -273
[2023-07-07 09:49:10] [em_adventurers_guild] The Player <wqe123420> has teleported from 211, 88, 232 to -27, 63, -287
[2023-07-07 09:49:44] [world] The Player <wqe123420> has teleported from -192, 62, -227 to -192, 63, -227
[2023-07-07 09:50:17] [world] The Player <wqe123420> has teleported from -157, 71, -189 to -101, 72, -260
[2023-07-07 09:50:47] [world] The Player <Funget114514> has teleported from -54, 70, -175 to -5, 67, -284
[2023-07-07 09:54:35] [world] The Player <Funget114514> has teleported from -14, 71, -252 to -502, 64, -487
[2023-07-07 09:55:19] [world] The Player <wegwe> has teleported from -17, 72, -235 to -176, 67, -195
[2023-07-07 09:55:54] [world] The Player <wqe123420> has teleported from -498, 99, -470 to -174, 64, -198
[2023-07-07 09:57:29] [world] The Player <Funget114514> has teleported from -87, 61, -314 to -62, 58, -296
[2023-07-07 09:57:36] [world] The Player <Xw114> has teleported from -167, 71, -184 to -187, 64, -175
[2023-07-07 09:57:42] [world] The Player <wqe123420> has teleported from -2, 64, -278 to 7, 129, -21
[2023-07-07 09:57:57] [world_nether] The Player <wqe123420> has teleported from 168, 129, 121 to 1359, -4, 972
[2023-07-07 09:58:01] [world] The Player <wqe123420> has teleported from 1362, -3, 979 to 100, 49, 0
[2023-07-07 09:58:47] [world] The Player <Funget114514> has teleported from -2, 64, -278 to 7, 129, -21
[2023-07-07 09:59:11] [world] The Player <Xw114> has teleported from 0, 62, -282 to -3, 65, -278
[2023-07-07 09:59:11] [world_the_end] The Player <wqe123420> has teleported from -16, 1, -281 to -33, 71, -255
[2023-07-07 09:59:15] [world] The Player <Xw114> has teleported from -3, 64, -278 to 6, 129, -21
[2023-07-07 09:59:27] [world_nether] The Player <Funget114514> has teleported from 168, 129, 121 to 1359, -4, 972
[2023-07-07 09:59:37] [world] The Player <Enderlava> has teleported from -2, 64, -278 to 7, 129, -21
[2023-07-07 09:59:41] [world] The Player <wegwe> has teleported from -3, 64, -278 to 6, 129, -21
[2023-07-07 09:59:43] [world] The Player <Funget114514> has teleported from 1359, -4, 973 to 168, 129, 122
[2023-07-07 09:59:49] [world_nether] The Player <Funget114514> has teleported from 168, 129, 121 to 1359, -4, 972
[2023-07-07 09:59:55] [world] The Player <Funget114514> has teleported from 1363, -3, 979 to 100, 49, 0
[2023-07-07 10:00:01] [world] The Player <wqe123420> has teleported from -2, 64, -278 to 7, 129, -21
[2023-07-07 10:01:24] [world] The Player <Funget114514> has teleported from -25, 63, -287 to 208, 88, 236
[2023-07-07 10:02:44] [world_nether] The Player <Enderlava> has teleported from 168, 129, 122 to 1359, -4, 973
[2023-07-07 10:02:48] [world_nether] The Player <wqe123420> has teleported from 168, 129, 121 to 1359, -4, 972
[2023-07-07 10:02:49] [world_nether] The Player <wegwe> has teleported from 169, 129, 121 to 1359, -4, 972
[2023-07-07 10:02:55] [world] The Player <Enderlava> has teleported from 1363, -3, 979 to 100, 49, 0
[2023-07-07 10:02:56] [world] The Player <wqe123420> has teleported from 1363, -3, 979 to 100, 49, 0
[2023-07-07 10:02:59] [world] The Player <wegwe> has teleported from 1363, -3, 980 to 100, 49, 0
[2023-07-07 10:03:52] [em_adventurers_guild] The Player <Funget114514> has teleported from 212, 88, 232 to -25, 63, -287
[2023-07-07 10:04:27] [world_the_end] The Player <wegwe> has teleported from 254, 1, 6 to 318, 1, 6
[2023-07-07 10:05:34] [world_nether] The Player <Xw114> has teleported from 168, 129, 121 to 1359, -4, 972
[2023-07-07 10:05:38] [world] The Player <Xw114> has teleported from 1363, -3, 979 to 100, 49, 0
[2023-07-07 10:05:47] [world] The Player <wegwe> has teleported from -10, 66, -276 to 326, 1, 6
[2023-07-07 10:08:51] [world_the_end] The Player <Enderlava> has teleported from 307, -4, -20 to 311, 2, 3
[2023-07-07 10:08:59] [world] The Player <wegwe> has teleported from -35, 70, -265 to 325, 1, 6
[2023-07-07 10:09:54] [world_the_end] The Player <Xw114> has teleported from 326, 1, 6 to -18, 1, -281
[2023-07-07 10:10:06] [world] The Player <Funget114514> has teleported from -19, 63, -287 to -12, 1, -280
[2023-07-07 10:10:29] [world_the_end] The Player <wegwe> has teleported from 316, 1, 4 to 326, 1, 6
[2023-07-07 10:12:54] [world] The Player <Funget114514> has teleported from -22, 63, -282 to -17, 1, -281
[2023-07-07 10:13:33] [world] The Player <Xw114> has teleported from -25, 63, -288 to -13, 0, -278
[2023-07-07 10:14:04] [world] The Player <Enderlava> has teleported from 8, 70, -276 to 6, 67, -278
[2023-07-07 10:14:06] [world] The Player <Xw114> has teleported from -21, 63, -286 to -16, 1, -282
[2023-07-07 10:15:23] [world] The Player <Funget114514> has teleported from -26, 63, -282 to -18, 71, -17
[2023-07-07 10:18:04] [world] The Player <Enderlava> has teleported from 17, 63, -283 to -30, 75, -226
[2023-07-07 10:19:29] [world] The Player <wqe123420> has teleported from -2, 64, -278 to 7, 129, -21
[2023-07-07 10:19:56] [world] The Player <Xw114> has teleported from 5, 59, -225 to 43, 71, -228
[2023-07-07 10:20:23] [world] The Player <Xw114> has teleported from 49, 71, -228 to 58, 24, -261
[2023-07-07 10:20:42] [world] The Player <wegwe> has teleported from 6, 63, -283 to -26, 63, -298
[2023-07-07 10:21:07] [world] The Player <Enderlava> has teleported from -2, 64, -278 to 7, 129, -21
[2023-07-07 10:21:41] [world_nether] The Player <Enderlava> has teleported from -5, 90, 9 to 10, 114, 19
[2023-07-07 10:22:36] [world] The Player <Enderlava> has teleported from 273, 68, -264 to -13, 74, -236
[2023-07-07 10:24:46] [world] The Player <Xw114> has teleported from -21, 63, -280 to -18, 74, -226
[2023-07-07 10:25:08] [world_nether] The Player <wqe123420> has teleported from 94, 10, -232 to -12, 70, -259
[2023-07-07 10:25:36] [world] The Player <Enderlava> has teleported from -21, 63, -281 to -92, 71, -244
[2023-07-07 10:29:29] [world] The Player <Enderlava> has teleported from -21, 63, -281 to -54, 71, -191
[2023-07-07 10:29:58] [world] The Player <Enderlava> has teleported from -21, 63, -281 to -30, 72, -283
[2023-07-07 10:30:02] [world] The Player <Enderlava> has teleported from -30, 72, -283 to -48, 70, -169
[2023-07-07 10:31:03] [world] The Player <Xw114> has teleported from -42, 71, -254 to -42, 72, -254
[2023-07-07 10:31:24] [world] The Player <Xw114> has teleported from -21, 63, -280 to -42, 71, -254
[2023-07-07 10:31:39] [world] The Player <wqe123420> has teleported from -21, 63, -280 to -41, -62, -248
[2023-07-07 10:31:54] [world] The Player <Xw114> has teleported from -21, 63, -280 to -36, 71, -248
[2023-07-07 10:32:43] [world] The Player <Funget114514> has teleported from -44, 72, -260 to 64, 60, -149
[2023-07-07 10:33:29] [world] The Player <Funget114514> has teleported from 48, 56, -174 to 48, 56, -174
[2023-07-07 10:33:29] [world] The Player <Enderlava> has teleported from 43, 62, -183 to 43, 62, -183
[2023-07-07 10:33:29] [world] The Player <Funget114514> has teleported from 48, 56, -174 to 48, 56, -174
[2023-07-07 10:33:29] [world] The Player <Enderlava> has teleported from 43, 62, -183 to 43, 62, -183
[2023-07-07 10:33:29] [world] The Player <Funget114514> has teleported from 48, 56, -174 to 48, 56, -174
[2023-07-07 10:33:29] [world] The Player <Enderlava> has teleported from 43, 62, -183 to 43, 62, -183
[2023-07-07 10:33:29] [world] The Player <Funget114514> has teleported from 48, 56, -174 to 48, 56, -174
[2023-07-07 10:33:29] [world] The Player <Enderlava> has teleported from 43, 62, -183 to 43, 62, -183
[2023-07-07 10:33:29] [world] The Player <Enderlava> has teleported from 43, 62, -183 to 43, 62, -183
[2023-07-07 10:33:29] [world] The Player <Enderlava> has teleported from 43, 62, -183 to 43, 62, -183
[2023-07-07 10:33:29] [world] The Player <Enderlava> has teleported from 43, 62, -183 to 43, 62, -183
[2023-07-07 10:33:29] [world] The Player <Enderlava> has teleported from 43, 62, -183 to 43, 62, -183
[2023-07-07 10:33:30] [world] The Player <Enderlava> has teleported from 43, 62, -183 to 43, 62, -183
[2023-07-07 10:33:30] [world] The Player <Funget114514> has teleported from 48, 56, -174 to 48, 56, -174
[2023-07-07 10:33:30] [world] The Player <Enderlava> has teleported from 43, 62, -183 to 43, 62, -183
[2023-07-07 10:33:30] [world] The Player <Funget114514> has teleported from 48, 56, -174 to 48, 56, -174
[2023-07-07 10:33:30] [world] The Player <Enderlava> has teleported from 43, 62, -183 to 43, 62, -183
[2023-07-07 10:33:30] [world] The Player <Funget114514> has teleported from 48, 56, -174 to 48, 56, -174
[2023-07-07 10:33:30] [world] The Player <Enderlava> has teleported from 43, 62, -183 to 43, 62, -183
[2023-07-07 10:33:30] [world] The Player <Enderlava> has teleported from 43, 62, -183 to 43, 62, -183
[2023-07-07 10:33:30] [world] The Player <Funget114514> has teleported from 48, 56, -174 to 48, 56, -174
[2023-07-07 10:33:30] [world] The Player <Funget114514> has teleported from 48, 56, -174 to 48, 56, -174
[2023-07-07 10:33:30] [world] The Player <Enderlava> has teleported from 43, 62, -183 to 43, 62, -183
[2023-07-07 10:33:30] [world] The Player <Funget114514> has teleported from 48, 56, -174 to 48, 56, -174
[2023-07-07 10:33:30] [world] The Player <Enderlava> has teleported from 43, 62, -183 to 43, 62, -183
[2023-07-07 10:33:30] [world] The Player <Funget114514> has teleported from 48, 56, -174 to 48, 56, -174
[2023-07-07 10:33:30] [world] The Player <Funget114514> has teleported from 48, 56, -174 to 48, 56, -174
[2023-07-07 10:33:30] [world] The Player <Enderlava> has teleported from 43, 62, -183 to 43, 62, -183
[2023-07-07 10:33:30] [world] The Player <Funget114514> has teleported from 48, 56, -174 to 48, 56, -174
[2023-07-07 10:33:30] [world] The Player <Enderlava> has teleported from 43, 62, -183 to 43, 62, -183
[2023-07-07 10:33:30] [world] The Player <Funget114514> has teleported from 48, 56, -174 to 48, 56, -174
[2023-07-07 10:33:30] [world] The Player <Enderlava> has teleported from 43, 62, -183 to 43, 62, -183
[2023-07-07 10:33:30] [world] The Player <Funget114514> has teleported from 48, 56, -174 to 48, 56, -174
[2023-07-07 10:33:30] [world] The Player <Enderlava> has teleported from 43, 62, -183 to 43, 62, -183
[2023-07-07 10:33:30] [world] The Player <Funget114514> has teleported from 48, 56, -174 to 48, 56, -174
[2023-07-07 10:33:30] [world] The Player <Enderlava> has teleported from 43, 62, -183 to 43, 62, -183
[2023-07-07 10:33:30] [world] The Player <Enderlava> has teleported from 43, 62, -183 to 43, 62, -183
[2023-07-07 10:33:30] [world] The Player <Funget114514> has teleported from 48, 56, -174 to 48, 56, -174
[2023-07-07 10:33:30] [world] The Player <Enderlava> has teleported from 43, 62, -183 to 43, 62, -183
[2023-07-07 10:33:30] [world] The Player <Enderlava> has teleported from 43, 62, -183 to 43, 62, -183
[2023-07-07 10:33:31] [world] The Player <Funget114514> has teleported from 48, 56, -174 to 48, 56, -174
[2023-07-07 10:33:31] [world] The Player <Enderlava> has teleported from 43, 62, -183 to 43, 62, -183
[2023-07-07 10:33:31] [world] The Player <Funget114514> has teleported from 48, 56, -174 to 48, 56, -174
[2023-07-07 10:33:31] [world] The Player <Enderlava> has teleported from 43, 62, -183 to 43, 62, -183
[2023-07-07 10:33:31] [world] The Player <Funget114514> has teleported from 48, 56, -174 to 48, 56, -174
[2023-07-07 10:33:31] [world] The Player <Enderlava> has teleported from 43, 62, -183 to 43, 62, -183
[2023-07-07 10:33:31] [world] The Player <Funget114514> has teleported from 48, 56, -174 to 48, 56, -174
[2023-07-07 10:33:31] [world] The Player <Enderlava> has teleported from 43, 62, -183 to 43, 62, -183
[2023-07-07 10:33:31] [world] The Player <Funget114514> has teleported from 48, 56, -174 to 48, 56, -174
[2023-07-07 10:33:31] [world] The Player <Enderlava> has teleported from 43, 62, -183 to 43, 62, -183
[2023-07-07 10:33:31] [world] The Player <Funget114514> has teleported from 48, 56, -174 to 48, 56, -174
[2023-07-07 10:33:31] [world] The Player <Funget114514> has teleported from 48, 56, -174 to 48, 56, -174
[2023-07-07 10:33:31] [world] The Player <Funget114514> has teleported from 48, 56, -174 to 48, 56, -174
[2023-07-07 10:33:31] [world] The Player <Funget114514> has teleported from 48, 56, -174 to 48, 56, -174
[2023-07-07 10:33:31] [world] The Player <Funget114514> has teleported from 48, 56, -174 to 48, 56, -174
[2023-07-07 10:33:31] [world] The Player <Funget114514> has teleported from 48, 56, -174 to 48, 56, -174
[2023-07-07 10:33:31] [world] The Player <Funget114514> has teleported from 48, 56, -174 to 48, 56, -174
[2023-07-07 10:33:31] [world] The Player <Funget114514> has teleported from 48, 56, -174 to 48, 56, -174
[2023-07-07 10:33:31] [world] The Player <Funget114514> has teleported from 48, 56, -174 to 48, 56, -174
[2023-07-07 10:33:31] [world] The Player <Funget114514> has teleported from 48, 56, -174 to 48, 56, -174
[2023-07-07 10:34:29] [world] The Player <Enderlava> has teleported from 38, 61, -187 to 38, 61, -187
[2023-07-07 10:34:29] [world] The Player <Enderlava> has teleported from 38, 61, -187 to 38, 61, -187
[2023-07-07 10:34:29] [world] The Player <Enderlava> has teleported from 38, 61, -187 to 38, 61, -187
[2023-07-07 10:34:30] [world] The Player <Enderlava> has teleported from 38, 61, -187 to 38, 61, -187
[2023-07-07 10:34:30] [world] The Player <Enderlava> has teleported from 38, 61, -187 to 38, 61, -187
[2023-07-07 10:34:30] [world] The Player <Funget114514> has teleported from 48, 56, -174 to 48, 56, -174
[2023-07-07 10:34:30] [world] The Player <Enderlava> has teleported from 38, 61, -187 to 38, 61, -187
[2023-07-07 10:34:30] [world] The Player <Enderlava> has teleported from 38, 61, -187 to 38, 61, -187
[2023-07-07 10:34:30] [world] The Player <Enderlava> has teleported from 38, 61, -187 to 38, 61, -187
[2023-07-07 10:34:30] [world] The Player <Enderlava> has teleported from 38, 61, -187 to 38, 61, -187
[2023-07-07 10:34:30] [world] The Player <Funget114514> has teleported from 48, 56, -174 to 48, 56, -174
[2023-07-07 10:34:30] [world] The Player <Enderlava> has teleported from 38, 61, -187 to 38, 61, -187
[2023-07-07 10:34:30] [world] The Player <Funget114514> has teleported from 48, 56, -174 to 48, 56, -174
[2023-07-07 10:34:30] [world] The Player <Enderlava> has teleported from 38, 61, -187 to 38, 61, -187
[2023-07-07 10:34:30] [world] The Player <Funget114514> has teleported from 48, 56, -174 to 48, 56, -174
[2023-07-07 10:34:30] [world] The Player <Enderlava> has teleported from 38, 61, -187 to 38, 61, -187
[2023-07-07 10:34:30] [world] The Player <Enderlava> has teleported from 38, 61, -187 to 38, 61, -187
[2023-07-07 10:34:30] [world] The Player <Enderlava> has teleported from 38, 61, -187 to 38, 61, -187
[2023-07-07 10:34:30] [world] The Player <Enderlava> has teleported from 38, 61, -187 to 38, 61, -187
[2023-07-07 10:34:30] [world] The Player <Enderlava> has teleported from 38, 61, -187 to 38, 61, -187
[2023-07-07 10:34:30] [world] The Player <Enderlava> has teleported from 38, 61, -187 to 38, 61, -187
[2023-07-07 10:34:30] [world] The Player <Funget114514> has teleported from 48, 56, -174 to 48, 56, -174
[2023-07-07 10:34:30] [world] The Player <Enderlava> has teleported from 38, 61, -187 to 38, 61, -187
[2023-07-07 10:34:30] [world] The Player <Enderlava> has teleported from 38, 61, -187 to 38, 61, -187
[2023-07-07 10:34:30] [world] The Player <Enderlava> has teleported from 38, 61, -187 to 38, 61, -187
[2023-07-07 10:34:31] [world] The Player <Funget114514> has teleported from 48, 56, -174 to 48, 56, -174
[2023-07-07 10:34:31] [world] The Player <Enderlava> has teleported from 38, 61, -187 to 38, 61, -187
[2023-07-07 10:34:31] [world] The Player <Enderlava> has teleported from 38, 61, -187 to 38, 61, -187
[2023-07-07 10:34:31] [world] The Player <Enderlava> has teleported from 38, 61, -187 to 38, 61, -187
[2023-07-07 10:34:31] [world] The Player <Enderlava> has teleported from 38, 61, -187 to 38, 61, -187
[2023-07-07 10:34:31] [world] The Player <Enderlava> has teleported from 38, 61, -187 to 38, 61, -187
[2023-07-07 10:34:31] [world] The Player <Enderlava> has teleported from 38, 61, -187 to 38, 61, -187
[2023-07-07 10:34:31] [world] The Player <Funget114514> has teleported from 48, 56, -174 to 48, 56, -174
[2023-07-07 10:34:31] [world] The Player <Enderlava> has teleported from 38, 61, -187 to 38, 61, -187
[2023-07-07 10:34:31] [world] The Player <Enderlava> has teleported from 38, 61, -187 to 38, 61, -187
[2023-07-07 10:34:31] [world] The Player <Funget114514> has teleported from 48, 56, -174 to 48, 56, -174
[2023-07-07 10:34:31] [world] The Player <Enderlava> has teleported from 38, 61, -187 to 38, 61, -187
[2023-07-07 10:34:31] [world] The Player <Enderlava> has teleported from 38, 61, -187 to 38, 61, -187
[2023-07-07 10:34:31] [world] The Player <Enderlava> has teleported from 38, 61, -187 to 38, 61, -187
[2023-07-07 10:34:31] [world] The Player <Enderlava> has teleported from 38, 61, -187 to 38, 61, -187
[2023-07-07 10:34:31] [world] The Player <Funget114514> has teleported from 48, 56, -174 to 48, 56, -174
[2023-07-07 10:34:31] [world] The Player <Enderlava> has teleported from 38, 61, -187 to 38, 61, -187
[2023-07-07 10:34:31] [world] The Player <Funget114514> has teleported from 48, 56, -174 to 48, 56, -174
[2023-07-07 10:34:31] [world] The Player <Enderlava> has teleported from 38, 61, -187 to 38, 61, -187
[2023-07-07 10:34:31] [world] The Player <Enderlava> has teleported from 38, 61, -187 to 38, 61, -187
[2023-07-07 10:34:31] [world] The Player <Enderlava> has teleported from 38, 61, -187 to 38, 61, -187
[2023-07-07 10:34:31] [world] The Player <Enderlava> has teleported from 38, 61, -187 to 38, 61, -187
[2023-07-07 10:34:31] [world] The Player <Funget114514> has teleported from 48, 56, -174 to 48, 56, -174
[2023-07-07 10:34:31] [world] The Player <Enderlava> has teleported from 38, 61, -187 to 38, 61, -187
[2023-07-07 10:34:32] [world] The Player <Enderlava> has teleported from 38, 61, -187 to 38, 61, -187
[2023-07-07 10:34:32] [world] The Player <Enderlava> has teleported from 38, 61, -187 to 38, 61, -187
[2023-07-07 10:34:32] [world] The Player <Funget114514> has teleported from 48, 56, -174 to 48, 56, -174
[2023-07-07 10:34:32] [world] The Player <Enderlava> has teleported from 38, 61, -187 to 38, 61, -187
[2023-07-07 10:34:32] [world] The Player <Funget114514> has teleported from 48, 56, -174 to 48, 56, -174
[2023-07-07 10:34:32] [world] The Player <Enderlava> has teleported from 38, 61, -187 to 38, 61, -187
[2023-07-07 10:34:32] [world] The Player <Enderlava> has teleported from 38, 61, -187 to 38, 61, -187
[2023-07-07 10:34:32] [world] The Player <Enderlava> has teleported from 38, 61, -187 to 38, 61, -187
[2023-07-07 10:34:32] [world] The Player <Enderlava> has teleported from 38, 61, -187 to 38, 61, -187
[2023-07-07 10:34:32] [world] The Player <Enderlava> has teleported from 38, 61, -187 to 38, 61, -187
[2023-07-07 10:34:32] [world] The Player <Enderlava> has teleported from 38, 61, -187 to 38, 61, -187
[2023-07-07 10:34:32] [world] The Player <Funget114514> has teleported from 48, 56, -174 to 48, 56, -174
[2023-07-07 10:34:32] [world] The Player <Funget114514> has teleported from 48, 56, -174 to 48, 56, -174
[2023-07-07 10:34:32] [world] The Player <Funget114514> has teleported from 48, 56, -174 to 48, 56, -174
[2023-07-07 10:34:32] [world] The Player <Funget114514> has teleported from 48, 56, -174 to 48, 56, -174
[2023-07-07 10:34:32] [world] The Player <Funget114514> has teleported from 48, 56, -174 to 48, 56, -174
[2023-07-07 10:34:32] [world] The Player <Funget114514> has teleported from 48, 56, -174 to 48, 56, -174
[2023-07-07 10:34:32] [world] The Player <Funget114514> has teleported from 48, 56, -174 to 48, 56, -174
[2023-07-07 10:34:33] [world] The Player <Funget114514> has teleported from 48, 56, -174 to 48, 56, -174
[2023-07-07 10:34:33] [world] The Player <Funget114514> has teleported from 48, 56, -174 to 48, 56, -174
[2023-07-07 10:34:35] [world] The Player <Funget114514> has teleported from 48, 56, -174 to 48, 56, -174
[2023-07-07 10:34:35] [world] The Player <Funget114514> has teleported from 48, 56, -174 to 48, 56, -174
[2023-07-07 10:34:35] [world] The Player <Funget114514> has teleported from 48, 56, -174 to 48, 56, -174
[2023-07-07 10:34:35] [world] The Player <Funget114514> has teleported from 48, 56, -174 to 48, 56, -174
[2023-07-07 10:34:35] [world] The Player <Funget114514> has teleported from 48, 56, -174 to 48, 56, -174
[2023-07-07 10:34:35] [world] The Player <Funget114514> has teleported from 48, 56, -174 to 48, 56, -174
[2023-07-07 10:34:35] [world] The Player <Funget114514> has teleported from 48, 56, -174 to 48, 56, -174
[2023-07-07 10:34:35] [world] The Player <Funget114514> has teleported from 48, 56, -174 to 48, 56, -174
[2023-07-07 10:34:35] [world] The Player <Funget114514> has teleported from 48, 56, -174 to 48, 56, -174
[2023-07-07 10:34:36] [world] The Player <Funget114514> has teleported from 48, 56, -174 to 48, 56, -174
[2023-07-07 10:34:36] [world] The Player <Funget114514> has teleported from 48, 56, -174 to 48, 56, -174
[2023-07-07 10:34:36] [world] The Player <Funget114514> has teleported from 48, 56, -174 to 48, 56, -174
[2023-07-07 10:34:36] [world] The Player <Funget114514> has teleported from 48, 56, -174 to 48, 56, -174
[2023-07-07 10:34:36] [world] The Player <Funget114514> has teleported from 48, 56, -174 to 48, 56, -174
[2023-07-07 10:34:36] [world] The Player <Funget114514> has teleported from 48, 56, -174 to 48, 56, -174
[2023-07-07 10:34:36] [world] The Player <Funget114514> has teleported from 48, 56, -174 to 48, 56, -174
[2023-07-07 10:34:36] [world] The Player <Funget114514> has teleported from 48, 56, -174 to 48, 56, -174
[2023-07-07 10:34:36] [world] The Player <Funget114514> has teleported from 48, 56, -174 to 48, 56, -174
[2023-07-07 10:34:36] [world] The Player <Funget114514> has teleported from 48, 56, -174 to 48, 56, -174
[2023-07-07 10:34:36] [world] The Player <Funget114514> has teleported from 48, 56, -174 to 48, 56, -174
[2023-07-07 10:34:36] [world] The Player <Funget114514> has teleported from 48, 56, -174 to 48, 56, -174
[2023-07-07 10:34:36] [world] The Player <Funget114514> has teleported from 48, 56, -174 to 48, 56, -174
[2023-07-07 10:34:36] [world] The Player <Funget114514> has teleported from 48, 56, -174 to 48, 56, -174
[2023-07-07 10:34:37] [world] The Player <Funget114514> has teleported from 48, 56, -174 to 48, 56, -174
[2023-07-07 10:34:37] [world] The Player <Funget114514> has teleported from 48, 56, -174 to 48, 56, -174
[2023-07-07 10:34:37] [world] The Player <Funget114514> has teleported from 48, 56, -174 to 48, 56, -174
[2023-07-07 10:34:37] [world] The Player <Funget114514> has teleported from 48, 56, -174 to 48, 56, -174
[2023-07-07 10:34:37] [world] The Player <Funget114514> has teleported from 48, 56, -174 to 48, 56, -174
[2023-07-07 10:34:37] [world] The Player <Funget114514> has teleported from 48, 56, -174 to 48, 56, -174
[2023-07-07 10:34:37] [world] The Player <Funget114514> has teleported from 48, 56, -174 to 48, 56, -174
[2023-07-07 10:34:37] [world] The Player <Funget114514> has teleported from 48, 56, -174 to 48, 56, -174
[2023-07-07 10:34:37] [world] The Player <Funget114514> has teleported from 48, 56, -174 to 48, 56, -174
[2023-07-07 10:34:37] [world] The Player <Funget114514> has teleported from 48, 56, -174 to 48, 56, -174
[2023-07-07 10:34:37] [world] The Player <Funget114514> has teleported from 48, 56, -174 to 48, 56, -174
[2023-07-07 10:34:37] [world] The Player <Funget114514> has teleported from 48, 56, -174 to 48, 56, -174
[2023-07-07 10:34:37] [world] The Player <Funget114514> has teleported from 48, 56, -174 to 48, 56, -174
[2023-07-07 10:34:37] [world] The Player <Funget114514> has teleported from 48, 56, -174 to 48, 56, -174
[2023-07-07 10:34:37] [world] The Player <Funget114514> has teleported from 48, 56, -174 to 48, 56, -174
[2023-07-07 10:34:37] [world] The Player <Funget114514> has teleported from 48, 56, -174 to 48, 56, -174
[2023-07-07 10:34:38] [world] The Player <Funget114514> has teleported from 48, 56, -174 to 48, 56, -174
[2023-07-07 10:34:38] [world] The Player <Funget114514> has teleported from 48, 56, -174 to 48, 56, -174
[2023-07-07 10:34:38] [world] The Player <Funget114514> has teleported from 48, 56, -174 to 48, 56, -174
[2023-07-07 10:34:38] [world] The Player <Funget114514> has teleported from 48, 56, -174 to 48, 56, -174
[2023-07-07 10:34:46] [world] The Player <wegwe> has teleported from -2, 64, -278 to 7, 129, -21
[2023-07-07 10:35:56] [world] The Player <Funget114514> has teleported from 31, 73, -188 to 31, 73, -187
[2023-07-07 10:36:01] [world_nether] The Player <wegwe> has teleported from 168, 129, 121 to 1359, -4, 972
[2023-07-07 10:36:08] [world] The Player <Funget114514> has teleported from 39, 60, -189 to 37, 63, -191
[2023-07-07 10:36:18] [world] The Player <Funget114514> has teleported from 35, 68, -185 to 30, 74, -191
[2023-07-07 10:36:27] [world] The Player <Enderlava> has teleported from 30, 74, -193 to 30, 74, -193
[2023-07-07 10:36:27] [world] The Player <Enderlava> has teleported from 30, 74, -193 to 30, 74, -193
[2023-07-07 10:36:27] [world] The Player <Enderlava> has teleported from 30, 74, -193 to 30, 74, -193
[2023-07-07 10:36:28] [world] The Player <Funget114514> has teleported from 31, 74, -190 to 31, 74, -190
[2023-07-07 10:36:28] [world] The Player <Enderlava> has teleported from 30, 74, -193 to 30, 74, -193
[2023-07-07 10:36:28] [world] The Player <Funget114514> has teleported from 31, 74, -190 to 31, 74, -190
[2023-07-07 10:36:28] [world] The Player <Funget114514> has teleported from 31, 74, -190 to 31, 74, -190
[2023-07-07 10:36:28] [world] The Player <Funget114514> has teleported from 31, 74, -190 to 31, 74, -190
[2023-07-07 10:36:28] [world] The Player <Funget114514> has teleported from 31, 74, -190 to 31, 74, -190
[2023-07-07 10:36:28] [world] The Player <Funget114514> has teleported from 31, 74, -190 to 31, 74, -190
[2023-07-07 10:36:28] [world] The Player <Funget114514> has teleported from 31, 74, -190 to 31, 74, -190
[2023-07-07 10:36:28] [world] The Player <Funget114514> has teleported from 31, 74, -190 to 31, 74, -190
[2023-07-07 10:36:28] [world] The Player <Funget114514> has teleported from 31, 74, -190 to 31, 74, -190
[2023-07-07 10:36:28] [world] The Player <Funget114514> has teleported from 31, 74, -190 to 31, 74, -190
[2023-07-07 10:36:28] [world] The Player <Enderlava> has teleported from 30, 74, -193 to 30, 74, -193
[2023-07-07 10:36:28] [world] The Player <Funget114514> has teleported from 31, 74, -190 to 31, 74, -190
[2023-07-07 10:36:28] [world] The Player <Funget114514> has teleported from 31, 74, -190 to 31, 74, -190
[2023-07-07 10:36:28] [world] The Player <Enderlava> has teleported from 30, 74, -193 to 30, 74, -193
[2023-07-07 10:36:28] [world] The Player <Funget114514> has teleported from 31, 74, -190 to 31, 74, -190
[2023-07-07 10:36:28] [world] The Player <Funget114514> has teleported from 31, 74, -190 to 31, 74, -190
[2023-07-07 10:36:28] [world] The Player <Enderlava> has teleported from 30, 74, -193 to 30, 74, -193
[2023-07-07 10:36:29] [world] The Player <Funget114514> has teleported from 31, 74, -190 to 31, 74, -190
[2023-07-07 10:36:29] [world] The Player <Enderlava> has teleported from 30, 74, -193 to 30, 74, -193
[2023-07-07 10:36:29] [world] The Player <Funget114514> has teleported from 31, 74, -190 to 31, 74, -190
[2023-07-07 10:36:29] [world] The Player <Enderlava> has teleported from 30, 74, -193 to 30, 74, -193
[2023-07-07 10:36:29] [world] The Player <Funget114514> has teleported from 31, 74, -190 to 31, 74, -190
[2023-07-07 10:36:29] [world] The Player <Enderlava> has teleported from 30, 74, -193 to 30, 74, -193
[2023-07-07 10:36:29] [world] The Player <Enderlava> has teleported from 30, 74, -193 to 30, 74, -193
[2023-07-07 10:36:29] [world] The Player <Enderlava> has teleported from 30, 74, -193 to 30, 74, -193
[2023-07-07 10:36:29] [world] The Player <Enderlava> has teleported from 30, 74, -193 to 30, 74, -193
[2023-07-07 10:36:34] [world] The Player <wegwe> has teleported from 1362, -3, 979 to 100, 49, 0
[2023-07-07 10:36:39] [world] The Player <Funget114514> has teleported from 34, 69, -194 to 29, 77, -189
[2023-07-07 10:36:57] [world] The Player <Enderlava> has teleported from 22, 75, -193 to 22, 75, -193
[2023-07-07 10:36:57] [world] The Player <Enderlava> has teleported from 22, 75, -193 to 22, 75, -193
[2023-07-07 10:36:57] [world] The Player <Enderlava> has teleported from 22, 75, -193 to 22, 75, -193
[2023-07-07 10:36:57] [world] The Player <Enderlava> has teleported from 22, 75, -193 to 22, 75, -193
[2023-07-07 10:36:57] [world] The Player <Enderlava> has teleported from 22, 75, -193 to 22, 75, -193
[2023-07-07 10:36:57] [world] The Player <Enderlava> has teleported from 22, 75, -193 to 22, 75, -193
[2023-07-07 10:36:57] [world] The Player <Enderlava> has teleported from 22, 75, -193 to 22, 75, -193
[2023-07-07 10:36:58] [world] The Player <Enderlava> has teleported from 22, 75, -193 to 22, 75, -193
[2023-07-07 10:36:58] [world] The Player <Enderlava> has teleported from 22, 75, -193 to 22, 75, -193
[2023-07-07 10:36:58] [world] The Player <Enderlava> has teleported from 22, 75, -193 to 22, 75, -193
[2023-07-07 10:37:14] [world] The Player <wegwe> has teleported from -2, 64, -278 to 7, 129, -21
[2023-07-07 10:37:20] [world] The Player <Enderlava> has teleported from 25, 74, -189 to 25, 74, -190
[2023-07-07 10:37:20] [world] The Player <Enderlava> has teleported from 25, 74, -190 to 25, 74, -190
[2023-07-07 10:37:20] [world] The Player <Enderlava> has teleported from 25, 74, -190 to 25, 74, -190
[2023-07-07 10:37:20] [world] The Player <Enderlava> has teleported from 25, 74, -190 to 25, 74, -190
[2023-07-07 10:37:20] [world] The Player <Enderlava> has teleported from 25, 74, -190 to 25, 74, -190
[2023-07-07 10:37:20] [world] The Player <Enderlava> has teleported from 25, 74, -190 to 25, 74, -190
[2023-07-07 10:37:20] [world] The Player <Enderlava> has teleported from 25, 74, -190 to 25, 74, -190
[2023-07-07 10:37:20] [world] The Player <Enderlava> has teleported from 25, 74, -190 to 25, 74, -190
[2023-07-07 10:37:49] [world_nether] The Player <wegwe> has teleported from 168, 129, 122 to 1359, -4, 973
[2023-07-07 10:37:56] [world] The Player <wegwe> has teleported from 1363, -3, 979 to 100, 49, 0
[2023-07-07 10:37:58] [world] The Player <Funget114514> has teleported from 11, 63, -171 to 4, 72, -177
[2023-07-07 10:38:26] [world] The Player <Xw114> has teleported from -21, 63, -280 to 10, 73, -185
[2023-07-07 10:39:15] [world] The Player <wqe123420> has teleported from -21, 63, -280 to -24, 71, -175
[2023-07-07 10:39:50] [world] The Player <wqe123420> has teleported from -21, 63, -280 to -59, 69, -161
[2023-07-07 10:39:54] [world] The Player <Enderlava> has teleported from -33, 72, -182 to -33, 72, -181
[2023-07-07 10:39:54] [world] The Player <Enderlava> has teleported from -33, 72, -181 to -33, 72, -181
[2023-07-07 10:39:54] [world] The Player <Enderlava> has teleported from -33, 72, -181 to -33, 72, -181
[2023-07-07 10:39:54] [world] The Player <Enderlava> has teleported from -33, 72, -181 to -33, 72, -181
[2023-07-07 10:39:54] [world] The Player <Enderlava> has teleported from -33, 72, -181 to -33, 72, -181
[2023-07-07 10:39:54] [world] The Player <Enderlava> has teleported from -33, 72, -181 to -33, 72, -181
[2023-07-07 10:39:55] [world] The Player <Enderlava> has teleported from -33, 72, -181 to -33, 72, -181
[2023-07-07 10:39:55] [world] The Player <Enderlava> has teleported from -33, 72, -181 to -33, 72, -181
[2023-07-07 10:39:55] [world] The Player <Enderlava> has teleported from -33, 72, -181 to -33, 72, -181
[2023-07-07 10:39:55] [world] The Player <Enderlava> has teleported from -33, 72, -181 to -33, 72, -181
[2023-07-07 10:39:55] [world] The Player <Enderlava> has teleported from -33, 72, -181 to -33, 72, -181
[2023-07-07 10:39:55] [world] The Player <Enderlava> has teleported from -33, 72, -181 to -33, 72, -181
[2023-07-07 10:39:55] [world] The Player <Enderlava> has teleported from -33, 72, -181 to -33, 72, -181
[2023-07-07 10:39:55] [world] The Player <Enderlava> has teleported from -33, 72, -181 to -33, 72, -181
[2023-07-07 10:39:55] [world] The Player <Enderlava> has teleported from -33, 72, -181 to -33, 72, -181
[2023-07-07 10:39:55] [world] The Player <Enderlava> has teleported from -33, 72, -181 to -33, 72, -181
[2023-07-07 10:39:55] [world] The Player <Enderlava> has teleported from -33, 72, -181 to -33, 72, -181
[2023-07-07 10:39:55] [world] The Player <Enderlava> has teleported from -33, 72, -181 to -33, 72, -181
[2023-07-07 10:39:55] [world] The Player <Enderlava> has teleported from -33, 72, -181 to -33, 72, -181
[2023-07-07 10:39:55] [world] The Player <Enderlava> has teleported from -33, 72, -181 to -33, 72, -181
[2023-07-07 10:39:55] [world] The Player <Enderlava> has teleported from -33, 72, -181 to -33, 72, -181
[2023-07-07 10:39:55] [world] The Player <Enderlava> has teleported from -33, 72, -181 to -33, 72, -181
[2023-07-07 10:39:55] [world] The Player <Enderlava> has teleported from -33, 72, -181 to -33, 72, -181
[2023-07-07 10:39:56] [world] The Player <Enderlava> has teleported from -33, 72, -181 to -33, 72, -181
[2023-07-07 10:39:56] [world] The Player <Enderlava> has teleported from -33, 72, -181 to -33, 72, -181
[2023-07-07 10:39:56] [world] The Player <Enderlava> has teleported from -33, 72, -181 to -33, 72, -181
[2023-07-07 10:40:06] [world] The Player <Xw114> has teleported from -21, 63, -280 to -27, 71, -166
[2023-07-07 10:40:22] [world] The Player <wqe123420> has teleported from -40, 70, -185 to -40, 70, -185
[2023-07-07 10:40:22] [world] The Player <Enderlava> has teleported from -28, 72, -180 to -28, 72, -180
[2023-07-07 10:40:22] [world] The Player <wqe123420> has teleported from -40, 70, -185 to -40, 70, -185
[2023-07-07 10:40:22] [world] The Player <wqe123420> has teleported from -40, 71, -185 to -40, 70, -185
[2023-07-07 10:40:22] [world] The Player <Enderlava> has teleported from -28, 72, -180 to -28, 72, -180
[2023-07-07 10:40:22] [world] The Player <wqe123420> has teleported from -40, 71, -185 to -40, 70, -185
[2023-07-07 10:40:22] [world] The Player <wqe123420> has teleported from -40, 71, -185 to -40, 70, -185
[2023-07-07 10:40:22] [world] The Player <Enderlava> has teleported from -28, 72, -180 to -28, 72, -180
[2023-07-07 10:40:22] [world] The Player <wqe123420> has teleported from -40, 71, -185 to -40, 70, -185
[2023-07-07 10:40:22] [world] The Player <Enderlava> has teleported from -28, 72, -180 to -28, 72, -180
[2023-07-07 10:40:22] [world] The Player <wqe123420> has teleported from -40, 70, -185 to -40, 70, -185
[2023-07-07 10:40:22] [world] The Player <Enderlava> has teleported from -28, 72, -180 to -28, 72, -180
[2023-07-07 10:40:22] [world] The Player <wqe123420> has teleported from -40, 70, -185 to -40, 70, -185
[2023-07-07 10:40:22] [world] The Player <Enderlava> has teleported from -28, 72, -180 to -28, 72, -180
[2023-07-07 10:40:22] [world] The Player <wqe123420> has teleported from -40, 70, -185 to -40, 70, -185
[2023-07-07 10:40:22] [world] The Player <wqe123420> has teleported from -40, 70, -185 to -40, 70, -185
[2023-07-07 10:40:22] [world] The Player <Enderlava> has teleported from -28, 72, -180 to -28, 72, -180
[2023-07-07 10:40:22] [world] The Player <wqe123420> has teleported from -40, 70, -185 to -40, 70, -185
[2023-07-07 10:40:22] [world] The Player <wqe123420> has teleported from -40, 70, -185 to -40, 70, -185
[2023-07-07 10:40:22] [world] The Player <wqe123420> has teleported from -40, 70, -185 to -40, 70, -185
[2023-07-07 10:40:22] [world] The Player <wqe123420> has teleported from -40, 70, -185 to -40, 70, -185
[2023-07-07 10:40:23] [world] The Player <wqe123420> has teleported from -40, 70, -185 to -40, 70, -185
[2023-07-07 10:40:23] [world] The Player <wqe123420> has teleported from -40, 70, -185 to -40, 70, -185
[2023-07-07 10:40:23] [world] The Player <wqe123420> has teleported from -40, 70, -185 to -40, 70, -185
[2023-07-07 10:40:23] [world] The Player <wqe123420> has teleported from -40, 70, -185 to -40, 70, -185
[2023-07-07 10:40:23] [world] The Player <wqe123420> has teleported from -40, 70, -185 to -40, 70, -185
[2023-07-07 10:40:23] [world] The Player <wqe123420> has teleported from -40, 70, -185 to -40, 70, -185
[2023-07-07 10:40:23] [world] The Player <wqe123420> has teleported from -40, 70, -185 to -40, 70, -185
[2023-07-07 10:40:23] [world] The Player <wqe123420> has teleported from -40, 70, -185 to -40, 70, -185
[2023-07-07 10:40:23] [world] The Player <wqe123420> has teleported from -40, 70, -185 to -40, 70, -185
[2023-07-07 10:40:23] [world] The Player <wqe123420> has teleported from -40, 70, -185 to -40, 70, -185
[2023-07-07 10:40:23] [world] The Player <wqe123420> has teleported from -40, 70, -185 to -40, 70, -185
[2023-07-07 10:40:23] [world] The Player <wqe123420> has teleported from -40, 70, -185 to -40, 70, -185
[2023-07-07 10:40:23] [world] The Player <wqe123420> has teleported from -40, 70, -185 to -40, 70, -185
[2023-07-07 10:40:23] [world] The Player <wqe123420> has teleported from -40, 70, -185 to -40, 70, -185
[2023-07-07 10:40:23] [world] The Player <wqe123420> has teleported from -40, 70, -185 to -40, 70, -185
[2023-07-07 10:40:23] [world] The Player <wqe123420> has teleported from -40, 70, -185 to -40, 70, -185
[2023-07-07 10:40:24] [world] The Player <wqe123420> has teleported from -40, 70, -185 to -40, 70, -185
[2023-07-07 10:40:24] [world] The Player <wqe123420> has teleported from -40, 70, -185 to -40, 70, -185
[2023-07-07 10:40:24] [world] The Player <wqe123420> has teleported from -40, 70, -185 to -40, 70, -185
[2023-07-07 10:40:24] [world] The Player <wqe123420> has teleported from -40, 70, -185 to -40, 70, -185
[2023-07-07 10:40:24] [world] The Player <wqe123420> has teleported from -40, 70, -185 to -40, 70, -185
[2023-07-07 10:40:24] [world] The Player <wqe123420> has teleported from -40, 70, -185 to -40, 70, -185
[2023-07-07 10:40:24] [world] The Player <wqe123420> has teleported from -40, 70, -185 to -40, 70, -185
[2023-07-07 10:40:43] [world] The Player <Enderlava> has teleported from -21, 63, -281 to -17, 72, -171
[2023-07-07 10:40:48] [world] The Player <Enderlava> has teleported from -17, 75, -169 to -17, 75, -169
[2023-07-07 10:40:48] [world] The Player <Enderlava> has teleported from -17, 76, -169 to -17, 75, -169
[2023-07-07 10:40:48] [world] The Player <Enderlava> has teleported from -17, 75, -169 to -17, 75, -169
[2023-07-07 10:40:48] [world] The Player <Enderlava> has teleported from -17, 75, -169 to -17, 75, -169
[2023-07-07 10:40:48] [world] The Player <Enderlava> has teleported from -17, 75, -169 to -17, 75, -169
[2023-07-07 10:40:48] [world] The Player <Enderlava> has teleported from -17, 75, -169 to -17, 75, -169
[2023-07-07 10:40:48] [world] The Player <Enderlava> has teleported from -17, 76, -169 to -17, 75, -169
[2023-07-07 10:40:49] [world] The Player <Enderlava> has teleported from -17, 75, -169 to -17, 75, -169
[2023-07-07 10:40:59] [world] The Player <Funget114514> has teleported from -15, 98, -182 to -13, 73, -177
[2023-07-07 10:41:05] [world] The Player <wegwe> has teleported from -16, 64, -287 to -16, 64, -287
[2023-07-07 10:41:14] [world] The Player <Funget114514> has teleported from 0, 84, -148 to -3, 69, -155
[2023-07-07 10:41:18] [world] The Player <Funget114514> has teleported from -3, 78, -155 to -3, 53, -149
[2023-07-07 10:41:41] [world] The Player <Enderlava> has teleported from -8, 91, -166 to -8, 90, -165
[2023-07-07 10:41:41] [world] The Player <Funget114514> has teleported from -9, 90, -169 to -9, 90, -169
[2023-07-07 10:41:41] [world] The Player <Enderlava> has teleported from -8, 90, -165 to -8, 90, -165
[2023-07-07 10:41:41] [world] The Player <Funget114514> has teleported from -9, 90, -169 to -9, 90, -169
[2023-07-07 10:41:41] [world] The Player <Enderlava> has teleported from -8, 90, -165 to -8, 90, -165
[2023-07-07 10:41:41] [world] The Player <Funget114514> has teleported from -9, 90, -169 to -9, 90, -169
[2023-07-07 10:41:41] [world] The Player <Enderlava> has teleported from -8, 90, -165 to -8, 90, -165
[2023-07-07 10:41:41] [world] The Player <Funget114514> has teleported from -9, 90, -169 to -9, 90, -169
[2023-07-07 10:41:41] [world] The Player <Enderlava> has teleported from -8, 91, -166 to -8, 90, -165
[2023-07-07 10:41:41] [world] The Player <Funget114514> has teleported from -9, 90, -169 to -9, 90, -169
[2023-07-07 10:41:42] [world] The Player <Enderlava> has teleported from -8, 91, -166 to -8, 90, -165
[2023-07-07 10:41:42] [world] The Player <Funget114514> has teleported from -9, 90, -169 to -9, 90, -169
[2023-07-07 10:41:42] [world] The Player <Enderlava> has teleported from -8, 91, -166 to -8, 90, -165
[2023-07-07 10:41:42] [world] The Player <Funget114514> has teleported from -9, 90, -169 to -9, 90, -169
[2023-07-07 10:41:42] [world] The Player <Enderlava> has teleported from -8, 91, -166 to -8, 90, -165
[2023-07-07 10:41:42] [world] The Player <Enderlava> has teleported from -8, 91, -166 to -8, 90, -165
[2023-07-07 10:41:42] [world] The Player <Funget114514> has teleported from -9, 90, -169 to -9, 90, -169
[2023-07-07 10:41:42] [world] The Player <Funget114514> has teleported from -9, 90, -169 to -9, 90, -169
[2023-07-07 10:41:42] [world] The Player <Enderlava> has teleported from -8, 91, -165 to -8, 90, -165
[2023-07-07 10:41:42] [world] The Player <Funget114514> has teleported from -9, 90, -169 to -9, 90, -169
[2023-07-07 10:41:42] [world] The Player <Enderlava> has teleported from -8, 91, -166 to -8, 90, -165
[2023-07-07 10:41:42] [world] The Player <Funget114514> has teleported from -9, 90, -169 to -9, 90, -169
[2023-07-07 10:41:42] [world] The Player <Enderlava> has teleported from -8, 91, -165 to -8, 90, -165
[2023-07-07 10:41:42] [world] The Player <Funget114514> has teleported from -9, 90, -169 to -9, 90, -169
[2023-07-07 10:41:42] [world] The Player <Enderlava> has teleported from -8, 91, -166 to -8, 90, -165
[2023-07-07 10:41:42] [world] The Player <Enderlava> has teleported from -8, 91, -165 to -8, 90, -165
[2023-07-07 10:41:42] [world] The Player <Funget114514> has teleported from -9, 90, -169 to -9, 90, -169
[2023-07-07 10:41:42] [world] The Player <Funget114514> has teleported from -9, 90, -169 to -9, 90, -169
[2023-07-07 10:41:42] [world] The Player <Enderlava> has teleported from -8, 91, -165 to -8, 90, -165
[2023-07-07 10:41:42] [world] The Player <Enderlava> has teleported from -8, 90, -165 to -8, 90, -165
[2023-07-07 10:41:42] [world] The Player <Funget114514> has teleported from -9, 90, -169 to -9, 90, -169
[2023-07-07 10:41:42] [world] The Player <Enderlava> has teleported from -8, 90, -165 to -8, 90, -165
[2023-07-07 10:41:42] [world] The Player <Funget114514> has teleported from -9, 90, -169 to -9, 90, -169
[2023-07-07 10:41:42] [world] The Player <Enderlava> has teleported from -8, 90, -165 to -8, 90, -165
[2023-07-07 10:41:42] [world] The Player <Enderlava> has teleported from -8, 91, -165 to -8, 90, -165
[2023-07-07 10:41:42] [world] The Player <Funget114514> has teleported from -9, 90, -169 to -9, 90, -169
[2023-07-07 10:41:42] [world] The Player <Enderlava> has teleported from -8, 91, -165 to -8, 90, -165
[2023-07-07 10:41:43] [world] The Player <Enderlava> has teleported from -8, 91, -165 to -8, 90, -165
[2023-07-07 10:41:43] [world] The Player <Funget114514> has teleported from -9, 90, -169 to -9, 90, -169
[2023-07-07 10:41:43] [world] The Player <Funget114514> has teleported from -9, 90, -169 to -9, 90, -169
[2023-07-07 10:41:43] [world] The Player <Enderlava> has teleported from -8, 91, -165 to -8, 90, -165
[2023-07-07 10:41:43] [world] The Player <Funget114514> has teleported from -9, 90, -169 to -9, 90, -169
[2023-07-07 10:41:43] [world] The Player <Funget114514> has teleported from -9, 90, -169 to -9, 90, -169
[2023-07-07 10:41:43] [world] The Player <Enderlava> has teleported from -8, 91, -165 to -8, 90, -165
[2023-07-07 10:41:43] [world] The Player <Enderlava> has teleported from -8, 90, -165 to -8, 90, -165
[2023-07-07 10:41:43] [world] The Player <Funget114514> has teleported from -9, 90, -169 to -9, 90, -169
[2023-07-07 10:41:43] [world] The Player <Enderlava> has teleported from -8, 90, -165 to -8, 90, -165
[2023-07-07 10:41:43] [world] The Player <Funget114514> has teleported from -9, 90, -169 to -9, 90, -169
[2023-07-07 10:41:43] [world] The Player <Enderlava> has teleported from -8, 91, -165 to -8, 90, -165
[2023-07-07 10:41:43] [world] The Player <Funget114514> has teleported from -9, 90, -169 to -9, 90, -169
[2023-07-07 10:41:43] [world] The Player <Funget114514> has teleported from -9, 90, -169 to -9, 90, -169
[2023-07-07 10:41:43] [world] The Player <Funget114514> has teleported from -9, 90, -169 to -9, 90, -169
[2023-07-07 10:41:43] [world] The Player <Enderlava> has teleported from -8, 91, -166 to -8, 90, -165
[2023-07-07 10:41:43] [world] The Player <Funget114514> has teleported from -9, 90, -169 to -9, 90, -169
[2023-07-07 10:41:43] [world] The Player <Funget114514> has teleported from -9, 90, -169 to -9, 90, -169
[2023-07-07 10:41:43] [world] The Player <Funget114514> has teleported from -9, 90, -169 to -9, 90, -169
[2023-07-07 10:41:43] [world] The Player <Enderlava> has teleported from -8, 91, -165 to -8, 90, -165
[2023-07-07 10:41:43] [world] The Player <Funget114514> has teleported from -9, 90, -169 to -9, 90, -169
[2023-07-07 10:41:44] [world] The Player <Enderlava> has teleported from -8, 91, -165 to -8, 90, -165
[2023-07-07 10:41:44] [world] The Player <Funget114514> has teleported from -9, 90, -169 to -9, 90, -169
[2023-07-07 10:41:44] [world] The Player <Enderlava> has teleported from -8, 91, -165 to -8, 90, -165
[2023-07-07 10:41:44] [world] The Player <Enderlava> has teleported from -8, 91, -165 to -8, 90, -165
[2023-07-07 10:41:44] [world] The Player <Funget114514> has teleported from -9, 90, -169 to -9, 90, -169
[2023-07-07 10:41:44] [world] The Player <Enderlava> has teleported from -8, 91, -165 to -8, 90, -165
[2023-07-07 10:41:44] [world] The Player <Enderlava> has teleported from -8, 90, -165 to -8, 90, -165
[2023-07-07 10:41:44] [world] The Player <Funget114514> has teleported from -9, 90, -169 to -9, 90, -169
[2023-07-07 10:41:44] [world] The Player <Enderlava> has teleported from -8, 90, -165 to -8, 90, -165
[2023-07-07 10:41:44] [world] The Player <Funget114514> has teleported from -9, 90, -169 to -9, 90, -169
[2023-07-07 10:41:44] [world] The Player <Enderlava> has teleported from -8, 91, -165 to -8, 90, -165
[2023-07-07 10:41:44] [world] The Player <Funget114514> has teleported from -9, 90, -169 to -9, 90, -169
[2023-07-07 10:41:44] [world] The Player <Enderlava> has teleported from -8, 91, -165 to -8, 90, -165
[2023-07-07 10:41:44] [world] The Player <Enderlava> has teleported from -8, 90, -165 to -8, 90, -165
[2023-07-07 10:41:44] [world] The Player <Funget114514> has teleported from -9, 90, -169 to -9, 90, -169
[2023-07-07 10:41:44] [world] The Player <Enderlava> has teleported from -8, 90, -165 to -8, 90, -165
[2023-07-07 10:41:44] [world] The Player <Funget114514> has teleported from -9, 90, -169 to -9, 90, -169
[2023-07-07 10:41:44] [world] The Player <Enderlava> has teleported from -8, 90, -165 to -8, 90, -165
[2023-07-07 10:41:44] [world] The Player <Funget114514> has teleported from -9, 90, -169 to -9, 90, -169
[2023-07-07 10:41:44] [world] The Player <Enderlava> has teleported from -8, 90, -165 to -8, 90, -165
[2023-07-07 10:41:44] [world] The Player <Funget114514> has teleported from -9, 90, -169 to -9, 90, -169
[2023-07-07 10:41:44] [world] The Player <Enderlava> has teleported from -8, 90, -165 to -8, 90, -165
[2023-07-07 10:41:44] [world] The Player <Enderlava> has teleported from -8, 90, -165 to -8, 90, -165
[2023-07-07 10:41:44] [world] The Player <Funget114514> has teleported from -9, 90, -169 to -9, 90, -169
[2023-07-07 10:41:44] [world] The Player <Enderlava> has teleported from -8, 90, -165 to -8, 90, -165
[2023-07-07 10:41:44] [world] The Player <Enderlava> has teleported from -8, 90, -165 to -8, 90, -165
[2023-07-07 10:41:44] [world] The Player <Funget114514> has teleported from -9, 89, -169 to -9, 90, -169
[2023-07-07 10:41:45] [world] The Player <Funget114514> has teleported from -9, 89, -169 to -9, 90, -169
[2023-07-07 10:41:58] [world] The Player <Enderlava> has teleported from -21, 63, -281 to -2, 72, -174
[2023-07-07 10:42:07] [world] The Player <wqe123420> has teleported from -21, 63, -280 to -3227, 62, 4516
[2023-07-07 10:42:17] [world] The Player <wqe123420> has teleported from -3227, 61, 4516 to 6, 72, -183
[2023-07-07 10:42:37] [world] The Player <Funget114514> has teleported from -10, 72, -184 to -10, 72, -184
[2023-07-07 10:42:37] [world] The Player <wqe123420> has teleported from -11, 73, -190 to -11, 73, -190
[2023-07-07 10:42:37] [world] The Player <wqe123420> has teleported from -11, 73, -190 to -11, 73, -190
[2023-07-07 10:42:38] [world] The Player <Funget114514> has teleported from -10, 72, -184 to -10, 72, -184
[2023-07-07 10:44:09] [world] The Player <wqe123420> has teleported from -21, 63, -280 to -3227, 62, 4516
[2023-07-07 10:44:24] [world] The Player <wqe123420> has teleported from -3227, 61, 4516 to -15, 72, -227
[2023-07-07 10:44:32] [world] The Player <Funget114514> has teleported from -30, 73, -240 to -23, 69, -243
[2023-07-07 10:44:54] [world] The Player <Funget114514> has teleported from -11, 73, -228 to -11, 76, -221
[2023-07-07 10:46:20] [world] The Player <Enderlava> has teleported from -21, 75, -226 to -2, 72, -174
[2023-07-07 10:47:50] [world] The Player <Funget114514> has teleported from -29, 70, -260 to -29, 70, -256
[2023-07-07 10:47:53] [world] The Player <Funget114514> has teleported from -29, 70, -256 to -27, 71, -252
[2023-07-07 10:56:44] [world] The Player <wqe123420> has teleported from -64, 74, -241 to -64, 75, -241
[2023-07-07 10:57:04] [world] The Player <Xw114> has teleported from -26, 63, -283 to 22, 55, -159
[2023-07-07 10:57:14] [world] The Player <Xw114> has teleported from 22, 62, -159 to 12, 73, -186
[2023-07-07 10:57:23] [world] The Player <Xw114> has teleported from 26, 74, -205 to 24, 73, -227
[2023-07-07 10:57:32] [world] The Player <Xw114> has teleported from 0, 71, -245 to 0, 72, -245
[2023-07-07 10:57:34] [world] The Player <Xw114> has teleported from 0, 71, -245 to 0, 72, -245
[2023-07-07 10:57:51] [world] The Player <wqe123420> has teleported from -21, 63, -280 to -3227, 62, 4516
[2023-07-07 10:57:56] [world] The Player <wqe123420> has teleported from -3227, 61, 4516 to -65, 71, -224
[2023-07-07 11:00:32] [world] The Player <Xw114> has teleported from -17, 70, -255 to -26, 75, -221
[2023-07-07 11:01:17] [world] The Player <wqe123420> has teleported from -47, 74, -236 to -22, 63, -288
[2023-07-07 11:02:01] [world] The Player <Xw114> has teleported from -10, 72, -243 to 208, 88, 236
[2023-07-07 11:03:28] [em_adventurers_guild] The Player <Xw114> has teleported from 252, 87, 233 to -14, 70, -259
[2023-07-07 11:04:38] [world] The Player <Xw114> has teleported from -21, 63, -280 to 0, 77, -208
[2023-07-07 11:15:21] [world] The Player <Funget114514> has teleported from -16, 75, -218 to -16, 75, -218
[2023-07-07 11:17:53] [world] The Player <Xw114> has teleported from -10, 66, -280 to -10, 66, -280
[2023-07-07 12:20:00] [world] The Player <wqe123420> has teleported from -3, 64, -278 to 6, 129, -21
[2023-07-07 12:20:25] [world_nether] The Player <wqe123420> has teleported from 169, 129, 121 to 1359, -4, 972
[2023-07-07 12:20:29] [world] The Player <wqe123420> has teleported from 1363, -3, 979 to 100, 49, 0
[2023-07-07 12:20:56] [world_the_end] The Player <wqe123420> has teleported from -77, 75, -57 to -868, 59, -633
