[2023-08-09 11:49:14] [world] The Player <Enderlava1234> has teleported from -128, 64, -112 to -92, 71, -245
[2023-08-09 11:50:32] [world] The Player <Enderlava1234> has teleported from -128, 64, -112 to -94, 71, -244
[2023-08-09 11:51:18] [world] The Player <Enderlava1234> has teleported from -128, 64, -112 to -100, 72, -243
[2023-08-09 11:51:59] [world] The Player <Enderlava1234> has teleported from -96, 72, -243 to -100, 70, -237
[2023-08-09 11:52:02] [world] The Player <Enderlava1234> has teleported from -101, 71, -239 to -94, 71, -235
[2023-08-09 11:52:04] [world] The Player <Enderlava1234> has teleported from -95, 70, -237 to -88, 71, -240
[2023-08-09 14:25:04] [em_adventurers_guild] The Player <Enderlava> has teleported from 296, 98, 308 to 3, 63, -22
[2023-08-09 14:25:55] [em_fireworks] The Player <Enderlava> has teleported from -59, 4, -267 to -405, 128, 550
[2023-08-09 14:26:02] [world_nether] The Player <Enderlava> has teleported from -405, 128, 550 to -30, 72, -283
[2023-08-09 14:30:23] [world] The Player <Enderlava> has teleported from -19, 63, -294 to 331, 4, 7
[2023-08-09 14:53:53] [world_the_end] The Player <Enderlava> has teleported from 93, 41, 1 to -30, 72, -283
[2023-08-09 14:54:06] [world] The Player <Enderlava> has teleported from -2, 64, -278 to 2, 129, -24
[2023-08-09 14:54:38] [world_nether] The Player <Enderlava> has teleported from 168, 129, 122 to 1359, -4, 973
[2023-08-09 14:57:21] [world] The Player <Enderlava> has teleported from 1363, -4, 980 to 100, 49, 0
[2023-08-09 14:57:44] [world_the_end] The Player <Enderlava> has teleported from 97, 50, 3 to -30, 72, -283
[2023-08-09 14:57:56] [world] The Player <Enderlava> has teleported from -2, 64, -278 to 2, 129, -24
[2023-08-09 14:58:18] [world_nether] The Player <Enderlava> has teleported from 168, 129, 122 to 1359, -4, 973
[2023-08-09 15:00:31] [world] The Player <Enderlava> has teleported from 1364, -3, 981 to 100, 49, 0
[2023-08-09 15:00:56] [world] The Player <Enderlava> has teleported from -2, 64, -278 to 2, 129, -24
[2023-08-09 15:01:20] [world_nether] The Player <Enderlava> has teleported from 168, 129, 121 to 1359, -4, 972
[2023-08-09 15:03:26] [world] The Player <HEIYAOSHI> has teleported from -128, 65, -112 to 1364, -5, 978
[2023-08-09 15:05:06] [world] The Player <Enderlava> has teleported from 1363, -3, 979 to 100, 49, 0
[2023-08-09 15:05:19] [world_the_end] The Player <Enderlava> has teleported from 97, 46, 4 to 49, 61, 6
[2023-08-09 15:05:21] [world_the_end] The Player <Enderlava> has teleported from 44, 61, 5 to 14, 62, 2
[2023-08-09 15:06:15] [world] The Player <Enderlava> has teleported from -13, 63, -279 to 1364, -5, 978
[2023-08-09 15:06:55] [world] The Player <Enderlava> has teleported from 1363, -4, 980 to 100, 49, 0
[2023-08-09 15:07:03] [world_the_end] The Player <Enderlava> has teleported from 98, 49, 2 to 1364, -5, 978
[2023-08-09 15:07:08] [world] The Player <Enderlava> has teleported from 1364, -5, 980 to 100, 49, 0
[2023-08-09 15:07:10] [world_the_end] The Player <Enderlava> has teleported from 99, 49, 1 to 1365, -5, 979
[2023-08-09 15:07:33] [world] The Player <Enderlava> has teleported from 1364, -3, 979 to 100, 49, 0
[2023-08-09 15:07:36] [world_the_end] The Player <Enderlava> has teleported from 99, 49, 0 to 1365, -5, 979
[2023-08-09 15:08:11] [world] The Player <Enderlava> has teleported from 1363, -4, 980 to 100, 49, 0
[2023-08-09 15:08:51] [world] The Player <Enderlava> has teleported from -19, 63, -281 to 101, 1, 4
[2023-08-09 15:09:50] [world_the_end] The Player <Enderlava> has teleported from 99, 50, 3 to 1365, -5, 979
[2023-08-09 15:25:59] [world] The Player <heiyoshi> has teleported from -128, 65, -112 to 1358, -5, 980
[2023-08-09 15:38:56] [world] The Player <heiyaoshi> has teleported from -128, 65, -112 to 1360, -4, 977
