[2023-07-10 09:18:54] [world] The Player <Enderlava> has teleported from -22, 74, -233 to -33, 74, -236
[2023-07-10 09:18:59] [world] The Player <Enderlava> has teleported from -44, 73, -246 to -78, 66, -276
[2023-07-10 09:19:39] [world] The Player <Enderlava> has teleported from -777, 87, -720 to -798, 84, -734
[2023-07-10 09:19:43] [world] The Player <Enderlava> has teleported from -821, 78, -748 to -823, 78, -748
[2023-07-10 09:19:45] [world] The Player <Enderlava> has teleported from -824, 80, -750 to -830, 79, -750
[2023-07-10 09:33:13] [world] The Player <Enderlava> has teleported from -21, 63, -281 to -850, 51, -730
[2023-07-10 09:33:57] [world] The Player <wqe123420> has teleported from -30, 70, -258 to -837, 95, -722
[2023-07-10 09:36:17] [world] The Player <wqe123420> has teleported from -21, 63, -280 to -41, -62, -248
[2023-07-10 09:37:44] [world] The Player <Enderlava> has teleported from -837, 81, -730 to -36, -55, -242
[2023-07-10 09:43:03] [world] The Player <Enderlava> has teleported from -46, -55, -245 to -405, 128, 550
[2023-07-10 09:43:07] [world_nether] The Player <Enderlava> has teleported from -405, 128, 550 to -30, 72, -283
[2023-07-10 09:48:35] [world] The Player <wqe123420> has teleported from -21, 63, -280 to -41, -62, -248
[2023-07-10 09:48:42] [world] The Player <Xw114> has teleported from -3, 64, -278 to 6, 129, -21
[2023-07-10 09:49:22] [world_nether] The Player <Xw114> has teleported from 2, 128, -21 to 7, 128, -19
[2023-07-10 09:53:09] [world_nether] The Player <Xw114> has teleported from 8, 76, -44 to 12, 65, -277
[2023-07-10 10:02:43] [world] The Player <wqe123420> has teleported from -21, 63, -280 to -41, -55, -244
[2023-07-10 10:09:45] [world] The Player <wqe123420> has teleported from -22, 63, -280 to -41, -62, -248
[2023-07-10 10:13:40] [world] The Player <wqe123420> has teleported from -21, 63, -280 to -41, -62, -248
[2023-07-10 10:19:39] [world] The Player <wqe123420> has teleported from -2, 64, -278 to 7, 129, -21
[2023-07-10 10:20:18] [world_nether] The Player <wqe123420> has teleported from -405, 129, 524 to -3236, 63, 4302
[2023-07-10 10:20:58] [world] The Player <wqe123420> has teleported from -3235, 63, 4302 to -404, 129, 524
[2023-07-10 10:21:41] [world_nether] The Player <wqe123420> has teleported from 7, 129, -21 to -2, 64, -278
[2023-07-10 10:22:26] [world] The Player <Enderlava> has teleported from -60, 74, -235 to -60, 74, -235
[2023-07-10 10:22:26] [world] The Player <Enderlava> has teleported from -60, 74, -235 to -60, 74, -235
[2023-07-10 10:22:26] [world] The Player <Enderlava> has teleported from -60, 74, -235 to -60, 74, -235
[2023-07-10 10:22:26] [world] The Player <Enderlava> has teleported from -60, 74, -235 to -60, 74, -235
[2023-07-10 10:22:26] [world] The Player <Enderlava> has teleported from -60, 74, -235 to -60, 74, -235
[2023-07-10 10:22:26] [world] The Player <Enderlava> has teleported from -60, 74, -235 to -60, 74, -235
[2023-07-10 10:22:26] [world] The Player <Enderlava> has teleported from -60, 74, -235 to -60, 74, -235
[2023-07-10 10:22:27] [world] The Player <Enderlava> has teleported from -60, 74, -235 to -60, 74, -235
[2023-07-10 10:22:57] [world] The Player <wqe123420> has teleported from -21, 63, -280 to -41, -62, -248
[2023-07-10 10:27:17] [world] The Player <Enderlava> has teleported from -26, 68, -281 to -71, 71, -223
[2023-07-10 10:27:28] [world] The Player <Enderlava> has teleported from -77, 72, -228 to -33, -55, -234
[2023-07-10 10:47:50] [world] The Player <Enderlava> has teleported from -33, -55, -243 to -31, -55, -250
[2023-07-10 11:05:31] [world] The Player <Enderlava> has teleported from -31, -55, -247 to -30, 72, -283
[2023-07-10 11:09:06] [world] The Player <Enderlava> has teleported from -24, 69, -272 to -71, 70, -223
[2023-07-10 11:21:14] [world] The Player <Enderlava> has teleported from -21, 63, -281 to -82, 72, -229
[2023-07-10 11:52:54] [world] The Player <Enderlava> has teleported from -3, 64, -277 to 6, 129, -21
[2023-07-10 12:53:13] [world] The Player <wqe123420> has teleported from -21, 63, -280 to -27, -57, -109
[2023-07-10 13:02:06] [world_nether] The Player <Enderlava> has teleported from 7, 129, -21 to -2, 64, -278
[2023-07-10 13:08:13] [world] The Player <Enderlava> has teleported from 28, 73, -203 to -405, 128, 550
[2023-07-10 13:08:18] [world_nether] The Player <Enderlava> has teleported from -405, 128, 550 to -30, 72, -283
[2023-07-10 13:24:00] [world] The Player <wqe123420> has teleported from 10, 62, -267 to -3227, 62, 4516
[2023-07-10 13:24:07] [world] The Player <wqe123420> has teleported from -3228, 63, 4516 to -29, -55, -247
[2023-07-10 13:59:43] [world] The Player <Enderlava> has teleported from -3, 64, -278 to 6, 129, -21
[2023-07-10 14:01:24] [world] The Player <wqe123420> has teleported from -186, 67, -205 to -193, 64, -210
[2023-07-10 14:01:32] [world] The Player <wqe123420> has teleported from -168, 65, -227 to -128, 63, -234
[2023-07-10 14:02:15] [world] The Player <wqe123420> has teleported from -2, 64, -278 to 7, 129, -21
[2023-07-10 14:09:30] [world_nether] The Player <wqe123420> has teleported from 8, 134, -47 to 8, 135, -50
[2023-07-10 14:09:44] [world_nether] The Player <wqe123420> has teleported from 8, 135, -51 to 7, 130, -27
[2023-07-10 14:09:53] [world_nether] The Player <wqe123420> has teleported from 10, 128, -33 to 8, 130, -40
[2023-07-10 14:10:13] [world_nether] The Player <wqe123420> has teleported from 8, 130, -47 to 9, 130, -48
[2023-07-10 14:13:11] [world_nether] The Player <wqe123420> has teleported from 12, 131, -46 to 8, 133, -46
[2023-07-10 14:15:54] [world] The Player <wqe123420> has teleported from -21, 63, -280 to -8, 128, -79
[2023-07-10 14:18:26] [world_nether] The Player <Enderlava> has teleported from 7, 129, -22 to -2, 64, -278
[2023-07-10 14:18:54] [world_nether] The Player <wqe123420> has teleported from 7, 129, -21 to -2, 64, -278
[2023-07-10 14:30:52] [world] The Player <wqe123420> has teleported from 1064, 96, -2921 to 1011, 77, -2968
[2023-07-10 14:58:26] [world] The Player <wqe123420> has teleported from 990, 16, -3058 to -3227, 62, 4516
[2023-07-10 15:01:12] [world] The Player <wqe123420> has teleported from -3235, 63, 4302 to -405, 129, 524
[2023-07-10 15:02:41] [world_nether] The Player <wqe123420> has teleported from 6, 129, -21 to -3, 64, -278
[2023-07-10 15:07:36] [world] The Player <wqe123420> has teleported from -3, 64, -278 to 6, 129, -21
[2023-07-10 15:07:54] [world_nether] The Player <wqe123420> has teleported from 168, 129, 122 to 1359, -4, 973
[2023-07-10 15:07:57] [world] The Player <wqe123420> has teleported from 1362, -3, 979 to 100, 49, 0
[2023-07-10 15:08:21] [world_the_end] The Player <wqe123420> has teleported from -77, 75, -57 to -868, 59, -633
[2023-07-10 15:43:18] [world] The Player <wqe123420> has teleported from -21, 63, -280 to -245, 67, -154
[2023-07-10 15:43:43] [world] The Player <wqe123420> has teleported from -2, 64, -278 to 7, 129, -21
[2023-07-10 15:44:02] [world_nether] The Player <wqe123420> has teleported from 168, 129, 122 to 1359, -4, 973
[2023-07-10 15:44:06] [world] The Player <wqe123420> has teleported from 1363, -3, 979 to 100, 49, 0
[2023-07-10 15:51:26] [world] The Player <Enderlava> has teleported from 14, 90, -278 to 14, 90, -278
[2023-07-10 15:51:45] [world] The Player <Enderlava> has teleported from -109, 151, -251 to -109, 151, -251
[2023-07-10 16:15:43] [world] The Player <Enderlava> has teleported from -49, 118, -147 to -49, 118, -147
[2023-07-10 16:25:57] [world] The Player <Enderlava> has teleported from -26, 63, -287 to -59, 49, -513
[2023-07-10 16:49:27] [world] The Player <Enderlava> has teleported from -22, 63, -282 to -1, 73, -193
[2023-07-10 16:58:24] [world] The Player <Enderlava> has teleported from -19, 75, -215 to -19, 66, -282
[2023-07-10 18:29:55] [world] The Player <Enderlava> has teleported from -2, 64, -279 to 7, 129, -21
[2023-07-10 18:30:46] [world_nether] The Player <Enderlava> has teleported from 6, 129, -21 to -3, 64, -278
[2023-07-10 19:25:17] [world] The Player <Enderlava> has teleported from -62, 71, -192 to -45, 69, -166
[2023-07-10 19:25:19] [world] The Player <Enderlava> has teleported from -45, 69, -166 to -14, 71, -161
[2023-07-10 19:25:35] [world] The Player <Enderlava> has teleported from -15, 72, -166 to -2, 70, -21
[2023-07-10 19:25:35] [world_nether] The Player <Enderlava> has teleported from -2, 71, -21 to -2, 70, -21
[2023-07-10 19:25:41] [world_nether] The Player <Enderlava> has teleported from -2, 70, -21 to -11, 69, -166
[2023-07-10 19:25:41] [world] The Player <Enderlava> has teleported from -11, 69, -166 to -11, 69, -166
[2023-07-10 19:27:16] [world] The Player <Enderlava> has teleported from -3, 65, -278 to 6, 130, -21
[2023-07-10 19:30:22] [world_nether] The Player <Enderlava> has teleported from 168, 129, 122 to 1359, -4, 973
[2023-07-10 19:30:25] [world] The Player <Enderlava> has teleported from 1363, -3, 979 to 100, 49, 0
[2023-07-10 19:40:25] [world] The Player <Enderlava> has teleported from -24, 63, -281 to 208, 88, 236
[2023-07-10 19:43:51] [em_adventurers_guild] The Player <Enderlava> has teleported from 262, 87, 232 to 231, 87, 234
[2023-07-10 19:44:42] [em_adventurers_guild] The Player <Enderlava> has teleported from 213, 87, 233 to -24, 63, -281
[2023-07-10 19:54:24] [world] The Player <Enderlava> has teleported from -2, 64, -278 to 7, 129, -21
[2023-07-10 19:56:15] [world_nether] The Player <Enderlava> has teleported from 168, 129, 122 to 1359, -4, 973
[2023-07-10 19:56:25] [world] The Player <Enderlava> has teleported from 1363, -3, 981 to 100, 49, 0
[2023-07-10 20:08:21] [world] The Player <Enderlava> has teleported from -2, 64, -278 to 7, 129, -21
[2023-07-10 20:09:28] [world_nether] The Player <Enderlava> has teleported from 168, 129, 122 to 1359, -4, 973
[2023-07-10 20:09:41] [world] The Player <Enderlava> has teleported from 1363, -3, 979 to 100, 49, 0
[2023-07-10 20:47:31] [world_the_end] The Player <wqe123420> has teleported from 329, 1, 7 to 328, 2, 6
[2023-07-10 20:50:58] [world] The Player <wqe123420> has teleported from -19, 61, -305 to -16, 63, -300
[2023-07-10 20:51:00] [world] The Player <wqe123420> has teleported from -10, 59, -297 to 1, 61, -281
[2023-07-10 20:56:08] [world] The Player <wqe123420> has teleported from -14, 63, -286 to -14, 64, -287
[2023-07-10 20:56:09] [world] The Player <wqe123420> has teleported from -18, 64, -286 to -27, 65, -286
[2023-07-10 21:03:18] [world_the_end] The Player <Enderlava> has teleported from 329, 1, 7 to 329, 2, 7
[2023-07-10 21:03:22] [world_the_end] The Player <Enderlava> has teleported from 322, 1, 6 to 309, 2, 6
[2023-07-10 21:03:30] [world_the_end] The Player <Enderlava> has teleported from 306, 1, 6 to 255, 1, 6
[2023-07-10 21:03:34] [world_the_end] The Player <Enderlava> has teleported from 254, 1, 6 to 204, 1, 6
[2023-07-10 21:04:10] [world] The Player <Enderlava> has teleported from -21, 63, -281 to 172, -95, 26
[2023-07-10 21:04:10] [world_the_end] The Player <Enderlava> has teleported from 172, -95, 26 to 172, -95, 26
[2023-07-10 21:05:08] [world] The Player <Enderlava> has teleported from 22, 69, -259 to -19, 66, -282
[2023-07-10 21:05:22] [world] The Player <Enderlava> has teleported from -19, 66, -282 to 136, -157, -10
[2023-07-10 21:05:22] [world_the_end] The Player <Enderlava> has teleported from 136, -157, -10 to 136, -157, -10
[2023-07-10 21:06:36] [world_the_end] The Player <Enderlava> has teleported from 329, 1, 7 to -19, 66, -282
[2023-07-10 21:06:36] [world] The Player <Enderlava> has teleported from -19, 66, -282 to -19, 66, -282
[2023-07-10 21:27:49] [world] The Player <wqe123420> has teleported from -25, 74, -288 to -17, 71, -281
[2023-07-10 21:43:35] [world] The Player <Enderlava> has teleported from -19, 66, -282 to -34, 72, -255
[2023-07-10 21:46:27] [world] The Player <Enderlava> has teleported from -33, 71, -256 to 1184, 100, -496
[2023-07-10 21:47:20] [world] The Player <Enderlava> has teleported from 1188, 77, -459 to 1189, 79, -460
[2023-07-10 21:47:26] [world] The Player <Enderlava> has teleported from 1189, 79, -459 to 1178, 85, -413
[2023-07-10 21:47:40] [world] The Player <Enderlava> has teleported from 1178, 85, -413 to -19, 66, -282
[2023-07-10 21:49:24] [world] The Player <wqe123420> has teleported from -159, 106, -26 to -19, 66, -282
[2023-07-10 21:53:12] [world] The Player <wqe123420> has teleported from 433, 61, -733 to 1176, 83, -501
