[2023-07-17 09:05:42] [world] The Player <Enderlava> has teleported from -3, 64, -278 to 6, 129, -21
[2023-07-17 09:06:24] [world_nether] The Player <Enderlava> has teleported from 139, 129, -22 to 1071, 205, -208
[2023-07-17 11:28:47] [world] The Player <Funget114514> has teleported from -3, 64, -278 to 6, 129, -21
[2023-07-17 11:29:29] [world_nether] The Player <Funget114514> has teleported from 139, 129, -23 to 1071, 205, -208
[2023-07-17 11:33:42] [world] The Player <Funget114514> has teleported from 1071, 205, -207 to 140, 129, -22
[2023-07-17 11:34:35] [world_nether] The Player <Funget114514> has teleported from 7, 129, -21 to -2, 64, -278
[2023-07-17 11:37:38] [world] The Player <wqe123420> has teleported from -3, 64, -278 to 6, 129, -21
[2023-07-17 11:37:57] [world_nether] The Player <wqe123420> has teleported from 140, 129, -22 to 1071, 205, -207
[2023-07-17 11:40:46] [world] The Player <wqe123420> has teleported from 1071, 205, -208 to 139, 129, -22
[2023-07-17 11:41:02] [world_nether] The Player <wqe123420> has teleported from 6, 129, -20 to -3, 64, -278
[2023-07-17 11:41:58] [world] The Player <Funget114514> has teleported from 1, 72, -252 to -958, 69, -1008
[2023-07-17 11:46:32] [world] The Player <Funget114514> has teleported from -968, 64, -1007 to -968, 66, -1007
[2023-07-17 11:46:34] [world] The Player <Funget114514> has teleported from -968, 66, -1007 to -968, 67, -1007
[2023-07-17 11:46:37] [world] The Player <Funget114514> has teleported from -968, 69, -1007 to -966, 69, -1005
[2023-07-17 11:46:46] [world] The Player <Funget114514> has teleported from -962, 68, -998 to -920, 37, -954
[2023-07-17 11:46:47] [world] The Player <Funget114514> has teleported from -920, 37, -954 to -962, 70, -998
[2023-07-17 11:52:09] [world] The Player <Enderlava> has teleported from 1031, 64, -267 to -30, 72, -283
[2023-07-17 11:55:27] [world] The Player <DDDDDD> has teleported from -128, 65, -112 to -20, 63, -287
[2023-07-17 12:03:42] [world] The Player <Funget114514> has teleported from -974, 71, -1012 to -974, 71, -1013
[2023-07-17 12:03:43] [world] The Player <Funget114514> has teleported from -974, 71, -1013 to -974, 72, -1013
[2023-07-17 12:15:52] [world] The Player <Funget114514> has teleported from -21, 63, -281 to -977, 65, -1016
[2023-07-17 12:16:03] [world] The Player <Funget114514> has teleported from -977, 64, -1016 to -992, 68, -1043
[2023-07-17 12:23:21] [world] The Player <Enderlava> has teleported from -128, 66, -112 to 204, 89, 235
[2023-07-17 12:23:33] [em_adventurers_guild] The Player <Enderlava> has teleported from 204, 88, 235 to -128, 66, -111
[2023-07-17 16:44:51] [world] The Player <Funget114514> has teleported from -961, 78, -1049 to 8, 188, 18
[2023-07-17 16:46:49] [world] The Player <Funget114514> has teleported from -11, 62, -280 to -11, 64, -279
[2023-07-17 19:38:42] [world] The Player <Funget114514> has teleported from -43, 71, -273 to -42, 71, -272
