[2023-07-18 11:37:46] [world] The Player <Enderlava> has teleported from -27, 66, -289 to -48, -49, -108
[2023-07-18 11:46:14] [world] The Player <Enderlava> has teleported from -131, 64, -113 to -72, 8, -88
[2023-07-18 11:46:48] [world] The Player <Enderlava> has teleported from -133, 64, -117 to -72, 8, -88
[2023-07-18 11:49:03] [em_steamworks_lair] The Player <Enderlava> has teleported from -103, -49, -104 to -24, 167, -173
[2023-07-18 11:58:18] [em_sewer_maze] The Player <Enderlava> has teleported from -192, 99, -123 to -201, 68, -162
[2023-07-18 12:01:33] [em_sewer_maze] The Player <Enderlava> has teleported from -205, 65, -155 to -40, 62, 24
[2023-07-18 12:01:33] [em_id_binder_of_worlds_0] The Player <Enderlava> has teleported from -40, 62, 24 to -41, 74, 87
[2023-07-18 12:02:10] [em_id_binder_of_worlds_0] The Player <Enderlava> has teleported from -41, 74, 88 to -205, 65, -155
[2023-07-18 12:02:10] [em_sewer_maze] The Player <Enderlava> has teleported from -205, 65, -155 to 208, 88, 236
[2023-07-18 12:02:12] [em_adventurers_guild] The Player <Enderlava> has teleported from 204, 88, 235 to -128, 66, -111
[2023-07-18 17:04:44] [world] The Player <Funget114514> has teleported from -38, 72, -271 to -34, 70, -263
[2023-07-18 17:19:19] [world] The Player <Funget114514> has teleported from -30, 70, -271 to 7, 76, -27
[2023-07-18 17:21:52] [world_nether] The Player <Funget114514> has teleported from -5, 90, 8 to 9, 114, 19
[2023-07-18 17:22:50] [world] The Player <shuaguaita> has teleported from -128, 65, -112 to 6, 113, 17
[2023-07-18 17:26:34] [world] The Player <Funget114514> has teleported from 13, 113, 19 to 8, 188, 18
[2023-07-18 17:27:43] [world] The Player <Funget114514> has teleported from 109, 96, -265 to -2, 81, -6
[2023-07-18 17:28:38] [world_nether] The Player <Funget114514> has teleported from -4, 90, 8 to -10, 107, -246
[2023-07-18 17:34:49] [world] The Player <fishing> has teleported from -128, 65, -112 to -15, 64, -306
[2023-07-18 17:39:11] [world] The Player <shuaguaita> has teleported from -128, 65, -112 to 7, 113, 17
[2023-07-18 17:46:24] [world] The Player <Funget114514> has teleported from 4, 77, -211 to 4, 77, -211
[2023-07-18 17:54:26] [world] The Player <Funget114514> has teleported from -3, 64, -278 to 6, 129, -21
[2023-07-18 17:56:35] [world_nether] The Player <Funget114514> has teleported from 23, 43, -76 to 8, 188, 18
[2023-07-18 17:57:35] [world] The Player <Funget114514> has teleported from 7, 113, 16 to 4, 78, -212
[2023-07-18 18:19:12] [world] The Player <Funget114514> has teleported from 12, 114, 13 to 8, 188, 18
[2023-07-18 19:25:42] [world] The Player <Funget114514> has teleported from -21, 63, -281 to -26, 74, -239
[2023-07-18 19:45:43] [world] The Player <Enderlava> has teleported from -2, 64, -278 to 7, 129, -21
[2023-07-18 19:49:40] [world_nether] The Player <Enderlava> has teleported from 6, 129, -21 to -3, 64, -278
[2023-07-18 19:52:18] [world] The Player <Enderlava> has teleported from 39, 63, -271 to 39, 63, -271
[2023-07-18 19:52:18] [world] The Player <Enderlava> has teleported from 39, 63, -271 to 39, 63, -271
[2023-07-18 19:52:19] [world] The Player <Enderlava> has teleported from 39, 63, -271 to 39, 63, -271
[2023-07-18 19:52:19] [world] The Player <Enderlava> has teleported from 39, 63, -271 to 39, 63, -271
[2023-07-18 19:52:19] [world] The Player <Enderlava> has teleported from 39, 63, -271 to 39, 63, -271
[2023-07-18 19:52:19] [world] The Player <Enderlava> has teleported from 39, 63, -271 to 39, 63, -271
[2023-07-18 19:52:19] [world] The Player <Enderlava> has teleported from 39, 63, -271 to 39, 63, -271
[2023-07-18 19:52:19] [world] The Player <Enderlava> has teleported from 39, 63, -271 to 39, 63, -271
[2023-07-18 19:52:19] [world] The Player <Enderlava> has teleported from 39, 63, -271 to 39, 63, -271
[2023-07-18 19:52:19] [world] The Player <Enderlava> has teleported from 39, 63, -271 to 39, 63, -271
[2023-07-18 19:52:19] [world] The Player <Enderlava> has teleported from 39, 63, -271 to 39, 63, -271
[2023-07-18 19:52:22] [world] The Player <Funget114514> has teleported from 39, 68, -269 to 39, 68, -269
[2023-07-18 19:52:22] [world] The Player <Funget114514> has teleported from 39, 68, -269 to 39, 68, -269
[2023-07-18 19:52:22] [world] The Player <Funget114514> has teleported from 39, 68, -269 to 39, 68, -269
[2023-07-18 19:52:22] [world] The Player <Funget114514> has teleported from 39, 68, -269 to 39, 68, -269
[2023-07-18 19:52:22] [world] The Player <Funget114514> has teleported from 39, 68, -269 to 39, 68, -269
[2023-07-18 19:52:22] [world] The Player <Funget114514> has teleported from 39, 68, -269 to 39, 68, -269
[2023-07-18 19:52:22] [world] The Player <Funget114514> has teleported from 39, 68, -269 to 39, 68, -269
[2023-07-18 19:52:22] [world] The Player <Funget114514> has teleported from 39, 68, -269 to 39, 68, -269
[2023-07-18 19:52:22] [world] The Player <Funget114514> has teleported from 39, 68, -269 to 39, 68, -269
[2023-07-18 19:52:22] [world] The Player <Funget114514> has teleported from 39, 68, -269 to 39, 68, -269
[2023-07-18 19:52:22] [world] The Player <Funget114514> has teleported from 39, 68, -269 to 39, 68, -269
[2023-07-18 19:52:22] [world] The Player <Funget114514> has teleported from 39, 68, -269 to 39, 68, -269
[2023-07-18 19:52:22] [world] The Player <Funget114514> has teleported from 39, 68, -269 to 39, 68, -269
[2023-07-18 19:53:02] [world] The Player <Enderlava> has teleported from 38, 54, -276 to 38, 54, -276
[2023-07-18 19:53:02] [world] The Player <Enderlava> has teleported from 38, 54, -276 to 38, 54, -276
[2023-07-18 19:53:02] [world] The Player <Enderlava> has teleported from 38, 54, -276 to 38, 54, -276
[2023-07-18 19:53:02] [world] The Player <Enderlava> has teleported from 38, 54, -276 to 38, 54, -276
[2023-07-18 19:53:02] [world] The Player <Enderlava> has teleported from 38, 54, -276 to 38, 54, -276
[2023-07-18 19:53:02] [world] The Player <Enderlava> has teleported from 38, 53, -276 to 38, 54, -276
[2023-07-18 19:53:02] [world] The Player <Enderlava> has teleported from 38, 54, -276 to 38, 54, -276
[2023-07-18 19:53:02] [world] The Player <Enderlava> has teleported from 38, 54, -276 to 38, 54, -276
[2023-07-18 19:53:02] [world] The Player <Enderlava> has teleported from 38, 54, -276 to 38, 54, -276
[2023-07-18 19:53:03] [world] The Player <Enderlava> has teleported from 38, 54, -276 to 38, 54, -276
[2023-07-18 19:53:03] [world] The Player <Enderlava> has teleported from 38, 54, -276 to 38, 54, -276
[2023-07-18 19:55:42] [world] The Player <Funget114514> has teleported from -21, 63, -281 to 52, 48, -266
[2023-07-18 19:56:22] [world] The Player <Funget114514> has teleported from 47, 51, -277 to 47, 51, -277
[2023-07-18 19:56:23] [world] The Player <Funget114514> has teleported from 47, 51, -277 to 47, 51, -277
[2023-07-18 19:56:23] [world] The Player <Funget114514> has teleported from 47, 51, -277 to 47, 51, -277
[2023-07-18 19:56:23] [world] The Player <Funget114514> has teleported from 47, 51, -277 to 47, 51, -277
[2023-07-18 19:56:23] [world] The Player <Funget114514> has teleported from 47, 51, -277 to 47, 51, -277
[2023-07-18 19:56:23] [world] The Player <Funget114514> has teleported from 47, 51, -277 to 47, 51, -277
[2023-07-18 19:56:23] [world] The Player <Funget114514> has teleported from 47, 51, -277 to 47, 51, -277
[2023-07-18 19:56:23] [world] The Player <Funget114514> has teleported from 47, 51, -277 to 47, 51, -277
[2023-07-18 19:56:23] [world] The Player <Funget114514> has teleported from 47, 51, -277 to 47, 51, -277
[2023-07-18 19:56:23] [world] The Player <Funget114514> has teleported from 47, 51, -277 to 47, 51, -277
[2023-07-18 19:56:23] [world] The Player <Funget114514> has teleported from 47, 51, -277 to 47, 51, -277
[2023-07-18 19:56:23] [world] The Player <Funget114514> has teleported from 47, 51, -277 to 47, 51, -277
[2023-07-18 19:56:23] [world] The Player <Funget114514> has teleported from 47, 51, -277 to 47, 51, -277
[2023-07-18 19:56:23] [world] The Player <Funget114514> has teleported from 47, 51, -277 to 47, 51, -277
[2023-07-18 19:56:23] [world] The Player <Funget114514> has teleported from 47, 51, -277 to 47, 51, -277
[2023-07-18 19:56:23] [world] The Player <Funget114514> has teleported from 47, 51, -277 to 47, 51, -277
[2023-07-18 19:56:23] [world] The Player <Funget114514> has teleported from 47, 51, -277 to 47, 51, -277
[2023-07-18 19:56:24] [world] The Player <Funget114514> has teleported from 47, 51, -277 to 47, 51, -277
[2023-07-18 19:56:24] [world] The Player <Funget114514> has teleported from 47, 51, -277 to 47, 51, -277
[2023-07-18 19:56:24] [world] The Player <Funget114514> has teleported from 47, 51, -277 to 47, 51, -277
[2023-07-18 19:56:24] [world] The Player <Funget114514> has teleported from 47, 51, -277 to 47, 51, -277
[2023-07-18 19:56:24] [world] The Player <Funget114514> has teleported from 47, 51, -277 to 47, 51, -277
[2023-07-18 19:56:24] [world] The Player <Funget114514> has teleported from 47, 51, -277 to 47, 51, -277
[2023-07-18 19:56:24] [world] The Player <Funget114514> has teleported from 47, 51, -277 to 47, 51, -277
[2023-07-18 19:56:24] [world] The Player <Funget114514> has teleported from 47, 51, -277 to 47, 51, -277
[2023-07-18 19:56:24] [world] The Player <Funget114514> has teleported from 47, 51, -277 to 47, 51, -277
[2023-07-18 19:56:24] [world] The Player <Funget114514> has teleported from 47, 51, -277 to 47, 51, -277
[2023-07-18 19:56:24] [world] The Player <Funget114514> has teleported from 47, 51, -277 to 47, 51, -277
[2023-07-18 19:56:24] [world] The Player <Funget114514> has teleported from 47, 51, -277 to 47, 51, -277
[2023-07-18 19:56:24] [world] The Player <Funget114514> has teleported from 47, 51, -277 to 47, 51, -277
[2023-07-18 19:56:24] [world] The Player <Funget114514> has teleported from 47, 51, -277 to 47, 51, -277
[2023-07-18 19:56:24] [world] The Player <Funget114514> has teleported from 47, 51, -277 to 47, 51, -277
[2023-07-18 19:56:24] [world] The Player <Funget114514> has teleported from 47, 51, -277 to 47, 51, -277
[2023-07-18 19:56:24] [world] The Player <Funget114514> has teleported from 47, 51, -277 to 47, 51, -277
[2023-07-18 19:56:25] [world] The Player <Funget114514> has teleported from 47, 51, -277 to 47, 51, -277
[2023-07-18 19:56:25] [world] The Player <Funget114514> has teleported from 47, 51, -277 to 47, 51, -277
[2023-07-18 19:56:48] [world] The Player <Enderlava> has teleported from 56, 61, -274 to 56, 61, -274
[2023-07-18 19:56:48] [world] The Player <Enderlava> has teleported from 56, 61, -274 to 56, 61, -274
[2023-07-18 19:56:48] [world] The Player <Enderlava> has teleported from 56, 61, -274 to 56, 61, -274
[2023-07-18 19:56:48] [world] The Player <Enderlava> has teleported from 56, 61, -274 to 56, 61, -274
[2023-07-18 19:56:48] [world] The Player <Enderlava> has teleported from 56, 61, -274 to 56, 61, -274
[2023-07-18 19:56:48] [world] The Player <Enderlava> has teleported from 56, 61, -274 to 56, 61, -274
[2023-07-18 19:56:48] [world] The Player <Enderlava> has teleported from 56, 61, -274 to 56, 61, -274
[2023-07-18 19:56:48] [world] The Player <Enderlava> has teleported from 56, 61, -274 to 56, 61, -274
[2023-07-18 19:56:48] [world] The Player <Enderlava> has teleported from 56, 61, -274 to 56, 61, -274
[2023-07-18 19:56:48] [world] The Player <Enderlava> has teleported from 56, 61, -274 to 56, 61, -274
[2023-07-18 19:56:48] [world] The Player <Enderlava> has teleported from 56, 61, -274 to 56, 61, -274
[2023-07-18 19:56:48] [world] The Player <Enderlava> has teleported from 56, 61, -274 to 56, 61, -274
[2023-07-18 19:56:48] [world] The Player <Enderlava> has teleported from 56, 61, -274 to 56, 61, -274
[2023-07-18 20:01:00] [world] The Player <Enderlava> has teleported from -21, 63, -282 to 56, 50, -294
[2023-07-18 20:01:48] [world] The Player <Enderlava> has teleported from -21, 63, -282 to 58, 50, -295
[2023-07-18 20:02:20] [world] The Player <Funget114514> has teleported from -21, 63, -281 to 33, 62, -288
[2023-07-18 20:28:43] [world] The Player <Enderlava> has teleported from -3, 64, -277 to 6, 129, -21
[2023-07-18 20:29:07] [world_nether] The Player <Enderlava> has teleported from 6, 129, -21 to -3, 64, -278
