[2023-07-19 09:19:53] [world] The Player <Funget114514> has teleported from -21, 63, -281 to -14, 63, -283
[2023-07-19 09:33:15] [world] The Player <Enderlava1234> has teleported from -133, 64, -121 to -128, 64, -112
[2023-07-19 11:07:40] [world] The Player <Enderlava> has teleported from -2, 64, -278 to 7, 129, -21
[2023-07-19 11:07:48] [world_nether] The Player <Enderlava> has teleported from 7, 129, -21 to -2, 64, -278
[2023-07-19 11:08:50] [world] The Player <Enderlava> has teleported from -25, 70, -274 to 8, 74, -293
[2023-07-19 11:09:38] [world] The Player <tree> has teleported from -128, 65, -112 to -9, 74, -245
[2023-07-19 11:09:45] [world] The Player <tree> has teleported from -128, 65, -112 to -9, 74, -245
[2023-07-19 11:09:55] [world] The Player <tree> has teleported from -128, 65, -112 to -9, 74, -245
[2023-07-19 11:16:29] [world] The Player <Enderlava> has teleported from -21, 70, -273 to 17, 60, -281
[2023-07-19 11:18:34] [world] The Player <Enderlava> has teleported from -2, 64, -277 to 7, 129, -21
[2023-07-19 11:19:23] [world_nether] The Player <Enderlava> has teleported from 139, 129, -22 to 1071, 205, -208
[2023-07-19 11:19:58] [world] The Player <Enderlava> has teleported from 1068, 199, -173 to -30, 72, -283
[2023-07-19 11:20:14] [world] The Player <Funget114514> has teleported from -21, 63, -281 to 16, 59, -282
[2023-07-19 11:20:51] [world] The Player <Funget114514> has teleported from 16, 58, -282 to 8, 188, 18
[2023-07-19 11:21:57] [world] The Player <Funget114514> has teleported from 9, 132, -80 to 8, 188, 18
[2023-07-19 11:25:04] [world] The Player <Funget114514> has teleported from -15, 71, -257 to -45, 73, -243
[2023-07-19 11:31:39] [world] The Player <Funget114514> has teleported from -3, 64, -278 to 6, 129, -21
[2023-07-19 11:31:56] [world_nether] The Player <Funget114514> has teleported from 7, 129, -21 to -2, 64, -278
[2023-07-19 11:33:04] [world] The Player <Enderlava> has teleported from -2, 64, -278 to 7, 129, -21
[2023-07-19 11:33:43] [world_nether] The Player <Enderlava> has teleported from 168, 129, 122 to 1359, -4, 973
[2023-07-19 11:33:46] [world] The Player <Enderlava> has teleported from 1363, -3, 979 to 100, 49, 0
[2023-07-19 11:34:58] [world_the_end] The Player <Enderlava> has teleported from 329, 1, 7 to 330, 1, 8
[2023-07-19 11:35:04] [world_the_end] The Player <Enderlava> has teleported from 330, 1, 8 to 330, 3, 8
[2023-07-19 11:35:11] [world_the_end] The Player <Enderlava> has teleported from 330, 1, 8 to 330, 3, 8
[2023-07-19 11:35:51] [world_the_end] The Player <Enderlava> has teleported from 330, 1, 8 to 330, 3, 8
[2023-07-19 11:36:11] [world_the_end] The Player <Enderlava> has teleported from 330, 1, 8 to 330, 3, 8
[2023-07-19 11:36:21] [world_the_end] The Player <Enderlava> has teleported from 330, 1, 8 to 330, 3, 8
[2023-07-19 11:36:23] [world_the_end] The Player <Enderlava> has teleported from 330, 1, 8 to 330, 3, 8
[2023-07-19 11:36:26] [world_the_end] The Player <Enderlava> has teleported from 330, 1, 8 to 330, 3, 8
[2023-07-19 11:36:31] [world_the_end] The Player <Enderlava> has teleported from 330, 1, 8 to 330, 3, 8
[2023-07-19 11:36:33] [world_the_end] The Player <Enderlava> has teleported from 330, 1, 8 to 330, 3, 8
[2023-07-19 11:36:36] [world_the_end] The Player <Enderlava> has teleported from 330, 3, 8 to 330, 5, 8
[2023-07-19 11:36:40] [world_the_end] The Player <Enderlava> has teleported from 330, 5, 8 to 351, 1, 8
[2023-07-19 11:36:58] [world] The Player <Enderlava> has teleported from -26, 63, -286 to 332, 2, 7
[2023-07-19 11:38:12] [world] The Player <Enderlava> has teleported from -21, 63, -282 to 332, 5, 8
[2023-07-19 11:38:28] [world_the_end] The Player <Enderlava> has teleported from 332, 1, 8 to 339, 1, 7
[2023-07-19 11:40:20] [world_the_end] The Player <Enderlava> has teleported from 328, 1, 7 to 208, 88, 236
[2023-07-19 11:51:41] [em_adventurers_guild] The Player <Enderlava> has teleported from 204, 88, 236 to -128, 66, -111
[2023-07-19 11:52:33] [world] The Player <Enderlava> has teleported from -129, 64, -112 to 204, 89, 235
[2023-07-19 11:53:14] [em_adventurers_guild] The Player <Enderlava> has teleported from 204, 88, 235 to -128, 66, -111
[2023-07-19 11:54:24] [world] The Player <Enderlava> has teleported from -2, 64, -278 to 7, 129, -21
[2023-07-19 11:57:09] [world_nether] The Player <Enderlava> has teleported from -5, 90, 9 to 10, 114, 19
[2023-07-19 12:02:42] [world] The Player <Enderlava> has teleported from -25, 63, -287 to -12, 15, 11
[2023-07-19 12:12:34] [world] The Player <Enderlava> has teleported from -21, 63, -282 to 27, 11, 1
[2023-07-19 12:21:08] [world_nether] The Player <Enderlava> has teleported from 37, 13, -11 to -30, 72, -283
[2023-07-19 12:43:44] [world] The Player <Funget114514> has teleported from -2, 64, -278 to 7, 129, -21
[2023-07-19 12:45:09] [world_nether] The Player <Funget114514> has teleported from 168, 129, 121 to 1359, -4, 972
[2023-07-19 12:45:17] [world] The Player <Funget114514> has teleported from 1363, -3, 979 to 100, 49, 0
[2023-07-19 16:52:23] [world] The Player <Funget114514> has teleported from -2, 64, -278 to 7, 129, -21
[2023-07-19 16:54:40] [world_nether] The Player <Funget114514> has teleported from 168, 129, 121 to 1359, -4, 972
[2023-07-19 16:54:45] [world] The Player <Funget114514> has teleported from 1363, -3, 979 to 100, 49, 0
[2023-07-19 21:37:58] [world] The Player <Enderlava1234> has teleported from -129, 65, -111 to 204, 89, 235
[2023-07-19 21:38:11] [em_adventurers_guild] The Player <Enderlava1234> has teleported from 205, 88, 235 to -128, 66, -111
[2023-07-19 21:59:24] [world] The Player <wqe123420> has teleported from -2, 64, -278 to 7, 129, -21
[2023-07-19 22:00:47] [world_nether] The Player <wqe123420> has teleported from 139, 129, -21 to 1071, 205, -208
[2023-07-19 22:12:05] [world] The Player <wqe123420> has teleported from 1071, 205, -207 to 140, 129, -22
[2023-07-19 22:12:22] [world_nether] The Player <wqe123420> has teleported from 6, 129, -21 to -3, 64, -278
[2023-07-19 22:16:43] [world] The Player <Enderlava> has teleported from -21, 63, -282 to 1184, 77, -466
[2023-07-19 22:16:54] [world] The Player <Enderlava> has teleported from -21, 63, -281 to 1190, 77, -457
[2023-07-19 22:17:12] [world] The Player <Enderlava> has teleported from -21, 63, -282 to 1187, 77, -460
[2023-07-19 22:18:30] [world] The Player <Enderlava> has teleported from -12, 54, -299 to 1187, 77, -460
[2023-07-19 22:20:15] [world] The Player <Enderlava> has teleported from 1186, 79, -467 to -30, 72, -283
