[2023-07-20 10:18:00] [world] The Player <Enderlava> has teleported from -3, 64, -278 to 6, 129, -21
[2023-07-20 10:18:25] [world_nether] The Player <Enderlava> has teleported from 6, 129, -22 to 208, 88, 236
[2023-07-20 10:19:29] [em_adventurers_guild] The Player <Enderlava> has teleported from 204, 88, 235 to -128, 66, -111
[2023-07-20 10:19:50] [world] The Player <Enderlava> has teleported from -2, 64, -278 to 7, 129, -21
[2023-07-20 10:19:54] [world] The Player <wqe123420> has teleported from -2, 64, -278 to 7, 129, -21
[2023-07-20 10:20:08] [world_nether] The Player <Enderlava> has teleported from 168, 129, 122 to 1359, -4, 973
[2023-07-20 10:20:12] [world] The Player <Enderlava> has teleported from 1363, -3, 979 to 100, 49, 0
[2023-07-20 10:20:15] [world_nether] The Player <wqe123420> has teleported from 168, 129, 122 to 1359, -4, 973
[2023-07-20 10:20:18] [world] The Player <wqe123420> has teleported from 1362, -3, 979 to 100, 49, 0
[2023-07-20 10:56:54] [world] The Player <wqe123420> has teleported from -3, 64, -278 to 6, 129, -21
[2023-07-20 10:57:05] [world_nether] The Player <wqe123420> has teleported from 5, 129, -18 to -978, 70, -1019
[2023-07-20 11:01:07] [world] The Player <Enderlava> has teleported from -974, 72, -1014 to -30, 72, -283
[2023-07-20 11:02:34] [world] The Player <JZKJZK> has teleported from -128, 65, -112 to -500, 63, -476
[2023-07-20 11:06:25] [world] The Player <shuaguaita> has teleported from -128, 65, -112 to 5, 113, 17
[2023-07-20 11:17:25] [world] The Player <Enderlava> has teleported from -35, 68, -297 to -34, 68, -296
[2023-07-20 11:17:27] [world] The Player <Enderlava> has teleported from -27, 68, -292 to -26, 69, -281
[2023-07-20 11:17:30] [world] The Player <Enderlava> has teleported from -23, 65, -284 to -26, 63, -287
[2023-07-20 11:22:15] [world] The Player <wqe123420> has teleported from -2, 64, -278 to 7, 129, -21
[2023-07-20 11:23:14] [world_nether] The Player <wqe123420> has teleported from -405, 129, 524 to -3235, 63, 4302
[2023-07-20 11:25:04] [world] The Player <Enderlava> has teleported from -16, 70, -260 to -14, 69, -265
[2023-07-20 11:25:05] [world] The Player <Enderlava> has teleported from -12, 69, -267 to -9, 68, -271
[2023-07-20 11:25:07] [world] The Player <Enderlava> has teleported from -7, 70, -274 to -5, 69, -275
[2023-07-20 11:25:12] [world] The Player <Enderlava> has teleported from -2, 64, -278 to 7, 129, -21
[2023-07-20 11:31:06] [world_nether] The Player <Enderlava> has teleported from 7, 127, -23 to 7, 127, -23
[2023-07-20 11:31:18] [world_nether] The Player <Enderlava> has teleported from 7, 63, -25 to 7, 63, -25
[2023-07-20 11:31:26] [world_nether] The Player <Enderlava> has teleported from 4, 73, -36 to 4, 73, -36
[2023-07-20 11:31:31] [world_nether] The Player <Enderlava> has teleported from 3, 73, -37 to 3, 73, -37
[2023-07-20 11:31:43] [world_nether] The Player <Enderlava> has teleported from 7, 129, -21 to -2, 64, -278
[2023-07-20 11:31:45] [world] The Player <Enderlava> has teleported from -2, 67, -277 to -2, 67, -277
[2023-07-20 11:32:02] [world] The Player <Enderlava> has teleported from -18, 53, -304 to -18, 53, -304
[2023-07-20 11:32:08] [world] The Player <Enderlava> has teleported from -15, 63, -308 to -15, 63, -308
[2023-07-20 11:33:14] [world] The Player <Enderlava> has teleported from -358, 76, -54 to -3097, 72, 4431
[2023-07-20 11:36:50] [world] The Player <wqe123420> has teleported from -3097, 72, 4431 to -2971, 48, 4583
[2023-07-20 11:38:26] [world] The Player <Enderlava> has teleported from -2998, 61, 4568 to -2998, 61, 4568
[2023-07-20 11:39:52] [world] The Player <Enderlava> has teleported from -2978, 61, 4598 to -2978, 61, 4598
[2023-07-20 11:52:54] [world] The Player <Enderlava> has teleported from -21, 63, -282 to -2920, 48, 4675
[2023-07-20 11:58:15] [world] The Player <Enderlava> has teleported from -2907, 48, 4647 to 208, 88, 236
[2023-07-20 12:03:33] [world] The Player <wqe123420> has teleported from -3236, 63, 4302 to -405, 129, 524
[2023-07-20 12:04:11] [world_nether] The Player <wqe123420> has teleported from 7, 129, -21 to -2, 64, -278
[2023-07-20 12:06:33] [world] The Player <wqe123420> has teleported from -3, 64, -278 to 6, 129, -21
[2023-07-20 12:10:40] [world_nether] The Player <wqe123420> has teleported from -405, 129, 524 to -3236, 63, 4302
[2023-07-20 12:22:00] [world] The Player <Funget114514> has teleported from -9, 71, -270 to -3098, 75, 4431
[2023-07-20 12:28:01] [em_adventurers_guild] The Player <Enderlava> has teleported from 212, 88, 232 to -2907, 48, 4647
[2023-07-20 12:37:59] [world] The Player <Funget114514> has teleported from -3099, 64, 4431 to -3097, 72, 4430
[2023-07-20 12:40:43] [world] The Player <Enderlava> has teleported from -3235, 63, 4302 to -405, 129, 524
[2023-07-20 12:41:26] [world_nether] The Player <Enderlava> has teleported from 167, 129, 122 to 1359, -4, 973
[2023-07-20 12:41:29] [world] The Player <Enderlava> has teleported from 1363, -3, 979 to 100, 49, 0
[2023-07-20 12:41:36] [world] The Player <wqe123420> has teleported from -3129, 63, 4437 to 28, 63, -2
[2023-07-20 12:43:41] [world] The Player <Funget114514> has teleported from -3136, 57, 4446 to -5, 59, -3
[2023-07-20 12:46:06] [world_the_end] The Player <wqe123420> has teleported from 4, 64, -14 to 2, 63, -12
[2023-07-20 12:46:10] [world_the_end] The Player <wqe123420> has teleported from 13, 62, -8 to 6, 62, -10
[2023-07-20 12:46:54] [world] The Player <Funget114514> has teleported from -1, 63, -285 to -463, 64, -298
[2023-07-20 12:50:05] [world] The Player <wqe123420> has teleported from -6, 72, -269 to -25, 63, -288
[2023-07-20 12:56:21] [world] The Player <wqe123420> has teleported from -129, 65, -111 to 204, 89, 235
[2023-07-20 12:57:02] [world] The Player <Funget114514> has teleported from -16, 70, -257 to -2, 55, -7
[2023-07-20 12:57:04] [em_adventurers_guild] The Player <wqe123420> has teleported from 236, 87, 234 to -2, 55, -7
[2023-07-20 13:00:39] [world] The Player <wqe123420> has teleported from -3, 64, -278 to 6, 129, -21
[2023-07-20 13:01:08] [world_nether] The Player <wqe123420> has teleported from 1, 128, -20 to -6, 62, -7
[2023-07-20 13:06:47] [world] The Player <wqe123420> has teleported from -347, 61, -150 to -76, 75, -57
[2023-07-20 13:09:54] [world_the_end] The Player <Funget114514> has teleported from 5, 63, -13 to -29, 73, -267
[2023-07-20 13:10:09] [world_the_end] The Player <wqe123420> has teleported from 0, 62, -10 to -28, 73, -266
[2023-07-20 13:13:23] [world] The Player <wqe123420> has teleported from -2, 64, -278 to 7, 129, -21
[2023-07-20 13:13:50] [world] The Player <Enderlava> has teleported from -2, 64, -277 to 7, 129, -21
[2023-07-20 13:14:19] [world_nether] The Player <Enderlava> has teleported from 140, 129, -22 to 1071, 205, -207
[2023-07-20 13:14:45] [world_nether] The Player <wqe123420> has teleported from 6, 129, -21 to -3, 64, -278
[2023-07-20 13:15:02] [world] The Player <wqe123420> has teleported from -3, 64, -278 to 6, 129, -21
[2023-07-20 13:15:05] [world] The Player <Enderlava> has teleported from 1071, 205, -208 to 139, 129, -22
[2023-07-20 13:20:03] [world_nether] The Player <wqe123420> has teleported from 168, 129, 122 to 1359, -4, 973
[2023-07-20 13:20:08] [world] The Player <wqe123420> has teleported from 1363, -3, 979 to 100, 49, 0
[2023-07-20 13:20:25] [world_nether] The Player <Enderlava> has teleported from 6, 130, -21 to -3, 65, -278
[2023-07-20 13:21:20] [world] The Player <wqe123420> has teleported from -2, 64, -278 to 7, 129, -21
[2023-07-20 13:21:26] [world] The Player <Enderlava> has teleported from -3, 64, -278 to 6, 129, -21
[2023-07-20 13:21:38] [world_nether] The Player <wqe123420> has teleported from 13, 128, -17 to -28, 63, -288
[2023-07-20 13:21:49] [world] The Player <wqe123420> has teleported from -2, 64, -278 to 7, 129, -21
[2023-07-20 13:23:46] [world] The Player <Funget114514> has teleported from -9, 68, -273 to 20, 128, -8
[2023-07-20 13:29:16] [world] The Player <Funget114514> has teleported from -21, 63, -281 to 26, 128, -3
[2023-07-20 13:30:11] [world_nether] The Player <wqe123420> has teleported from 139, 129, -22 to 1071, 205, -208
[2023-07-20 13:30:30] [world_nether] The Player <Funget114514> has teleported from 27, 128, -7 to 1069, 199, -175
[2023-07-20 13:31:08] [world] The Player <wqe123420> has teleported from 1071, 205, -207 to 140, 129, -22
[2023-07-20 13:31:33] [world] The Player <Funget114514> has teleported from 1071, 205, -207 to 140, 129, -22
[2023-07-20 13:31:41] [world] The Player <Enderlava> has teleported from -21, 63, -282 to 24, 128, -14
[2023-07-20 13:35:53] [world_nether] The Player <Funget114514> has teleported from 7, 129, -21 to -2, 64, -278
[2023-07-20 13:41:02] [world_nether] The Player <wqe123420> has teleported from 6, 129, -21 to -3, 64, -278
[2023-07-20 13:41:23] [world] The Player <Enderlava> has teleported from -21, 63, -282 to 44, 128, -21
[2023-07-20 13:41:51] [world] The Player <wqe123420> has teleported from -3, 64, -278 to 6, 129, -21
[2023-07-20 13:42:14] [world_nether] The Player <wqe123420> has teleported from 168, 129, 121 to 1359, -4, 972
[2023-07-20 13:42:20] [world_nether] The Player <Enderlava> has teleported from 168, 129, 121 to 1359, -4, 972
[2023-07-20 13:42:24] [world] The Player <wqe123420> has teleported from 1363, -3, 979 to 100, 49, 0
[2023-07-20 13:42:31] [world] The Player <Enderlava> has teleported from 1364, -3, 980 to 100, 49, 0
[2023-07-20 13:47:48] [world] The Player <Funget114514> has teleported from 10, 113, 18 to 1, 55, -1
[2023-07-20 13:50:37] [world] The Player <Funget114514> has teleported from 6, 113, 14 to -7, 62, 6
[2023-07-20 13:55:37] [world] The Player <wqe123420> has teleported from -21, 63, -281 to -21, 63, -281
[2023-07-20 13:56:08] [world] The Player <Funget114514> has teleported from -16, 63, -286 to -8, 62, -6
[2023-07-20 14:05:47] [world] The Player <wqe123420> has teleported from -3, 64, -278 to 6, 129, -21
[2023-07-20 14:06:26] [world_nether] The Player <wqe123420> has teleported from 167, 129, 122 to 1359, -4, 973
[2023-07-20 14:06:29] [world] The Player <wqe123420> has teleported from 1363, -3, 979 to 100, 49, 0
[2023-07-20 14:10:29] [world] The Player <wqe123420> has teleported from -1, 65, -280 to -11, 64, -16
[2023-07-20 14:11:14] [world] The Player <Enderlava> has teleported from -21, 63, -282 to -8, 66, -16
[2023-07-20 14:12:23] [world] The Player <Funget114514> has teleported from -21, 63, -281 to -10, 56, 1
[2023-07-20 14:23:05] [world] The Player <Enderlava> has teleported from -2, 64, -278 to 7, 129, -21
[2023-07-20 14:23:33] [world_nether] The Player <Enderlava> has teleported from 168, 129, 121 to 1359, -4, 972
[2023-07-20 14:23:36] [world] The Player <Enderlava> has teleported from 1363, -3, 979 to 100, 49, 0
[2023-07-20 14:23:48] [world] The Player <wqe123420> has teleported from -2, 64, -278 to 7, 129, -21
[2023-07-20 14:23:54] [world] The Player <Funget114514> has teleported from -2, 64, -278 to 7, 129, -21
[2023-07-20 14:23:56] [world] The Player <Enderlava> has teleported from -2, 64, -279 to 7, 129, -21
[2023-07-20 14:24:02] [world_nether] The Player <wqe123420> has teleported from 139, 129, -22 to 1071, 205, -208
[2023-07-20 14:24:16] [world_nether] The Player <Enderlava> has teleported from 168, 129, 121 to 1359, -4, 972
[2023-07-20 14:24:19] [world] The Player <Enderlava> has teleported from 1363, -3, 979 to 100, 49, 0
[2023-07-20 14:25:44] [world_nether] The Player <Funget114514> has teleported from 2, 128, -24 to 0, 62, 7
[2023-07-20 14:26:53] [world] The Player <wqe123420> has teleported from 1072, 205, -207 to 140, 129, -22
[2023-07-20 14:27:08] [world_nether] The Player <wqe123420> has teleported from 168, 129, 122 to 1359, -4, 973
[2023-07-20 14:27:11] [world] The Player <wqe123420> has teleported from 1363, -3, 979 to 100, 49, 0
[2023-07-20 14:38:16] [world] The Player <Enderlava> has teleported from -2, 64, -278 to 7, 129, -21
[2023-07-20 14:38:39] [world] The Player <wqe123420> has teleported from -2, 64, -278 to 7, 129, -21
[2023-07-20 14:39:22] [world_nether] The Player <wqe123420> has teleported from 168, 129, 121 to 1359, -4, 972
[2023-07-20 14:39:24] [world] The Player <wqe123420> has teleported from 1362, -3, 979 to 100, 49, 0
[2023-07-20 14:41:16] [world_the_end] The Player <Funget114514> has teleported from -11, 64, -15 to -675, 47, 523
[2023-07-20 14:41:47] [world] The Player <Enderlava> has teleported from -21, 63, -282 to -654, 37, 507
[2023-07-20 14:42:47] [world_nether] The Player <Funget114514> has teleported from -654, 36, 503 to -638, 38, 498
[2023-07-20 14:43:34] [world] The Player <wqe123420> has teleported from -3, 64, -278 to 6, 129, -21
[2023-07-20 14:43:58] [world_nether] The Player <wqe123420> has teleported from 169, 129, 121 to 1359, -4, 972
[2023-07-20 14:44:02] [world] The Player <wqe123420> has teleported from 1362, -3, 979 to 100, 49, 0
[2023-07-20 14:44:26] [world_nether] The Player <Funget114514> has teleported from -640, 38, 510 to -668, 48, 515
[2023-07-20 14:45:59] [world_nether] The Player <Funget114514> has teleported from -642, 43, 508 to -566, 44, 388
[2023-07-20 14:47:38] [world_nether] The Player <Funget114514> has teleported from -476, 33, 319 to 164, 80, -154
[2023-07-20 14:49:16] [world] The Player <wqe123420> has teleported from 16, 113, 15 to 12, 113, 15
[2023-07-20 14:51:08] [world_nether] The Player <Enderlava> has teleported from 169, 72, -160 to 169, 81, -151
[2023-07-20 14:51:10] [world] The Player <wqe123420> has teleported from 29, 61, -20 to 31, 52, -28
[2023-07-20 14:53:23] [world_nether] The Player <Funget114514> has teleported from 157, 78, -155 to -20, 63, -294
[2023-07-20 15:02:43] [world_nether] The Player <Enderlava> has teleported from 6, 129, -21 to -3, 64, -278
[2023-07-20 15:03:54] [world] The Player <Enderlava> has teleported from -4, 64, -281 to -18, 63, -301
[2023-07-20 15:05:55] [world] The Player <Enderlava> has teleported from -2, 64, -278 to 7, 129, -21
[2023-07-20 15:06:22] [world_nether] The Player <Enderlava> has teleported from 168, 129, 121 to 1359, -4, 972
[2023-07-20 15:06:26] [world] The Player <Enderlava> has teleported from 1363, -3, 979 to 100, 49, 0
[2023-07-20 15:06:33] [world] The Player <wqe123420> has teleported from -37, 72, -276 to 21, 64, -9
[2023-07-20 15:07:48] [world] The Player <Xw114> has teleported from 3, 65, -278 to 12, 63, 8
[2023-07-20 15:10:36] [world] The Player <Xw114> has teleported from -21, 63, -280 to -2, 63, 11
[2023-07-20 15:10:36] [world_the_end] The Player <Xw114> has teleported from -2, 64, 11 to -2, 63, 11
[2023-07-20 15:13:11] [world] The Player <wqe123420> has teleported from -2, 64, -279 to 7, 129, -21
[2023-07-20 15:13:45] [world_nether] The Player <wqe123420> has teleported from 140, 129, -22 to 1071, 205, -207
[2023-07-20 15:14:21] [world] The Player <Xw114> has teleported from -9, 108, -245 to 1074, 204, -206
[2023-07-20 15:17:51] [world] The Player <Funget114514> has teleported from -4, 69, -265 to 1069, 207, -200
[2023-07-20 15:18:44] [world] The Player <Xw114> has teleported from 1077, 62, -200 to 1078, 206, -199
[2023-07-20 15:19:00] [world] The Player <Xw114> has teleported from 1078, 48, -199 to 1178, 89, -490
[2023-07-20 15:19:48] [world] The Player <Funget114514> has teleported from 1084, 204, -206 to 8, 188, 18
[2023-07-20 15:21:34] [world] The Player <Xw114> has teleported from 1193, 78, -441 to 1077, 204, -205
[2023-07-20 15:26:40] [world] The Player <wqe123420> has teleported from 1085, 209, -197 to 1084, 207, -199
[2023-07-20 15:28:37] [world] The Player <Xw114> has teleported from 1074, 62, -212 to 1084, 207, -199
[2023-07-20 15:31:50] [world] The Player <Xw114> has teleported from 1073, 64, -210 to 1075, 199, -177
[2023-07-20 15:32:55] [world] The Player <Xw114> has teleported from 1071, 199, -185 to 1070, 205, -197
[2023-07-20 15:34:00] [world] The Player <Xw114> has teleported from 1073, 60, -210 to 1072, 204, -202
[2023-07-20 15:35:00] [world] The Player <Xw114> has teleported from -21, 63, -280 to 1084, 207, -199
[2023-07-20 15:35:27] [world] The Player <wqe123420> has teleported from -21, 63, -281 to 1085, 207, -189
[2023-07-20 15:36:06] [world] The Player <wqe123420> has teleported from -21, 63, -281 to -3227, 62, 4516
[2023-07-20 15:36:10] [world] The Player <wqe123420> has teleported from -3227, 61, 4516 to 1068, 210, -202
[2023-07-20 15:36:41] [world] The Player <Xw114> has teleported from 1069, 39, -189 to 1082, 204, -203
[2023-07-20 15:38:22] [world] The Player <Xw114> has teleported from -21, 63, -280 to 1077, 60, -209
[2023-07-20 15:38:47] [world] The Player <Xw114> has teleported from 1077, 62, -209 to 1076, 63, -210
[2023-07-20 15:38:49] [world] The Player <Xw114> has teleported from 1076, 63, -210 to 1073, 67, -210
[2023-07-20 15:38:54] [world] The Player <Xw114> has teleported from 1073, 66, -210 to 1070, 85, -209
[2023-07-20 15:38:59] [world] The Player <Xw114> has teleported from 1070, 69, -207 to 1072, 69, -208
[2023-07-20 15:39:01] [world] The Player <Xw114> has teleported from 1072, 69, -208 to 1074, 70, -208
[2023-07-20 15:39:03] [world] The Player <Xw114> has teleported from 1075, 69, -208 to 1077, 36, -199
[2023-07-20 15:39:04] [world] The Player <Xw114> has teleported from 1077, 36, -199 to 1076, 36, -199
[2023-07-20 15:39:10] [world] The Player <Funget114514> has teleported from -288, 135, 67 to 1076, 46, -198
[2023-07-20 15:40:23] [world] The Player <Funget114514> has teleported from -22, 63, -282 to 1076, 63, -212
[2023-07-20 15:41:42] [world] The Player <wqe123420> has teleported from 1065, 197, -169 to 1076, 63, -210
[2023-07-20 15:41:59] [world] The Player <Xw114> has teleported from 1075, 63, -210 to -19, 66, -281
[2023-07-20 15:42:08] [world] The Player <wqe123420> has teleported from 1071, 205, -207 to 140, 129, -22
[2023-07-20 15:42:23] [world_nether] The Player <wqe123420> has teleported from 6, 129, -21 to -3, 64, -278
[2023-07-20 15:46:25] [world] The Player <Enderlava> has teleported from -3, 64, -277 to 6, 129, -21
[2023-07-20 15:47:00] [world_nether] The Player <Enderlava> has teleported from 168, 129, 122 to 1359, -4, 973
[2023-07-20 15:47:01] [world] The Player <Xw114> has teleported from -21, 63, -280 to -30, 54, -321
[2023-07-20 15:47:03] [world] The Player <Enderlava> has teleported from 1363, -3, 979 to 100, 49, 0
[2023-07-20 15:53:44] [world] The Player <Enderlava> has teleported from -2, 64, -278 to 7, 129, -21
[2023-07-20 15:54:18] [world_nether] The Player <Enderlava> has teleported from 167, 129, 122 to 1359, -4, 973
[2023-07-20 15:54:25] [world] The Player <Enderlava> has teleported from 1362, -3, 979 to 100, 49, 0
[2023-07-20 15:54:34] [world] The Player <Xw114> has teleported from -24, 63, -282 to -3, 57, -2
[2023-07-20 15:54:48] [world] The Player <wqe123420> has teleported from -3, 64, -278 to 6, 129, -21
[2023-07-20 15:55:23] [world_nether] The Player <wqe123420> has teleported from 168, 129, 121 to 1359, -4, 972
[2023-07-20 15:55:27] [world] The Player <wqe123420> has teleported from 1362, -3, 979 to 100, 49, 0
[2023-07-20 15:57:26] [world_the_end] The Player <Enderlava> has teleported from -9, 65, -14 to -9, 65, -14
[2023-07-20 15:58:03] [world] The Player <Xw114> has teleported from -21, 63, -280 to -18, 61, -3
[2023-07-20 15:58:03] [world_the_end] The Player <Xw114> has teleported from -18, 62, -3 to -18, 61, -3
[2023-07-20 16:00:18] [world] The Player <Xw114> has teleported from -21, 63, -280 to -2, 55, 1
[2023-07-20 16:00:18] [world_the_end] The Player <Xw114> has teleported from -2, 56, 1 to -2, 55, 1
[2023-07-20 16:00:35] [world] The Player <Enderlava> has teleported from -24, 69, -280 to -10, 62, -23
[2023-07-20 16:03:00] [world] The Player <wqe123420> has teleported from -18, 63, -294 to 6, 59, 3
[2023-07-20 16:03:33] [world_the_end] The Player <Xw114> has teleported from 40, 57, -51 to 38, 58, -50
[2023-07-20 16:03:46] [world] The Player <Xw114> has teleported from -21, 63, -280 to 39, 57, -50
[2023-07-20 16:03:46] [world_the_end] The Player <Xw114> has teleported from 39, 58, -50 to 39, 57, -50
[2023-07-20 16:04:02] [world_the_end] The Player <Xw114> has teleported from 50, 21, -62 to -3, 55, -1
[2023-07-20 16:04:04] [world_the_end] The Player <wqe123420> has teleported from 41, 59, -47 to 35, 57, -38
[2023-07-20 16:04:07] [world_the_end] The Player <wqe123420> has teleported from 30, 59, -29 to 20, 61, -16
[2023-07-20 16:04:19] [world_the_end] The Player <Xw114> has teleported from 2, 55, 1 to 8, 62, -9
[2023-07-20 16:04:25] [world_the_end] The Player <Xw114> has teleported from 12, 61, -19 to -13, 62, 11
[2023-07-20 16:04:43] [world] The Player <Xw114> has teleported from -21, 63, -280 to -10, 63, 8
[2023-07-20 16:04:43] [world_the_end] The Player <Xw114> has teleported from -10, 63, 8 to -10, 63, 8
[2023-07-20 16:06:16] [world] The Player <Enderlava> has teleported from -21, 63, -283 to -4, 62, -17
[2023-07-20 16:06:49] [world] The Player <Enderlava> has teleported from -21, 63, -283 to -4, 62, -17
[2023-07-20 16:07:18] [world] The Player <Enderlava> has teleported from -26, 63, -282 to -4, 62, -17
[2023-07-20 16:07:34] [world_the_end] The Player <wqe123420> has teleported from 10, 61, -22 to 17, 60, -22
[2023-07-20 16:07:57] [world] The Player <Enderlava> has teleported from -21, 63, -283 to -4, 62, -17
[2023-07-20 16:08:09] [world] The Player <wqe123420> has teleported from -21, 63, -281 to -3, 62, -17
[2023-07-20 16:08:09] [world] The Player <Xw114> has teleported from -21, 63, -280 to -4, 62, -17
[2023-07-20 16:08:09] [world_the_end] The Player <Xw114> has teleported from -4, 63, -17 to -4, 62, -17
[2023-07-20 16:08:21] [world] The Player <wqe123420> has teleported from -21, 63, -281 to -3, 62, -22
[2023-07-20 16:08:30] [world] The Player <Xw114> has teleported from -21, 63, -280 to -6, 62, -23
[2023-07-20 16:08:30] [world_the_end] The Player <Xw114> has teleported from -6, 63, -23 to -6, 62, -23
[2023-07-20 16:08:41] [world] The Player <wqe123420> has teleported from -21, 63, -281 to -4, 62, -21
[2023-07-20 16:08:49] [world] The Player <Xw114> has teleported from -21, 63, -280 to -5, 63, -23
[2023-07-20 16:08:49] [world_the_end] The Player <Xw114> has teleported from -5, 63, -23 to -5, 63, -23
[2023-07-20 16:08:50] [world] The Player <wqe123420> has teleported from -21, 63, -281 to -10, 63, -24
[2023-07-20 16:09:08] [world_the_end] The Player <Xw114> has teleported from -25, 60, 3 to -10, 64, 36
[2023-07-20 16:10:07] [world] The Player <Enderlava> has teleported from -26, 63, -282 to -10, 61, -5
[2023-07-20 16:10:35] [world_the_end] The Player <Enderlava> has teleported from -1, 62, -13 to -10, 61, -5
[2023-07-20 16:10:37] [world_the_end] The Player <Enderlava> has teleported from -10, 61, -5 to -14, 61, -12
[2023-07-20 16:10:48] [world] The Player <Xw114> has teleported from -15, 63, -282 to -8, 65, -17
[2023-07-20 16:11:07] [world] The Player <Enderlava> has teleported from -21, 63, -283 to -10, 61, -5
[2023-07-20 16:11:38] [world_the_end] The Player <wqe123420> has teleported from -14, 62, -15 to -11, 61, -7
[2023-07-20 16:11:40] [world_the_end] The Player <wqe123420> has teleported from -11, 61, -7 to -14, 62, -15
[2023-07-20 16:11:41] [world_the_end] The Player <wqe123420> has teleported from -14, 62, -15 to -14, 63, -15
[2023-07-20 16:12:03] [world] The Player <Funget114514> has teleported from 1075, 199, -173 to -11, 64, -14
[2023-07-20 16:24:42] [world] The Player <wqe123420> has teleported from -2, 64, -279 to 7, 129, -21
[2023-07-20 16:24:51] [world_nether] The Player <wqe123420> has teleported from 6, 129, -21 to -3, 64, -278
[2023-07-20 16:25:16] [world] The Player <wqe123420> has teleported from -2, 64, -278 to 7, 129, -21
[2023-07-20 16:25:38] [world_nether] The Player <wqe123420> has teleported from 3, 66, -16 to -16, 69, -15
[2023-07-20 17:47:35] [world_nether] The Player <wqe123420> has teleported from -145, 11, -720 to -3227, 62, 4516
[2023-07-20 17:48:02] [world] The Player <wqe123420> has teleported from -3235, 63, 4302 to -404, 129, 524
[2023-07-20 17:48:33] [world_nether] The Player <wqe123420> has teleported from 6, 129, -21 to -3, 64, -278
[2023-07-20 17:52:12] [world] The Player <wqe123420> has teleported from -2, 64, -278 to 7, 129, -21
[2023-07-20 18:02:39] [world_nether] The Player <wqe123420> has teleported from -163, 100, 127 to -3227, 62, 4516
[2023-07-20 18:02:55] [world] The Player <wqe123420> has teleported from -3235, 63, 4302 to -404, 129, 524
[2023-07-20 18:03:54] [world_nether] The Player <wqe123420> has teleported from 6, 129, -21 to -3, 64, -278
[2023-07-20 18:09:27] [world] The Player <wqe123420> has teleported from -21, 63, -283 to 2856, -15, -1722
[2023-07-20 18:48:20] [world] The Player <wqe123420> has teleported from -21, 63, -281 to 2757, -49, -1670
[2023-07-20 18:49:05] [world] The Player <wqe123420> has teleported from -21, 63, -281 to 2752, -48, -1727
[2023-07-20 18:49:38] [world] The Player <wqe123420> has teleported from 2704, -29, -1729 to -3227, 62, 4516
[2023-07-20 18:49:55] [world] The Player <wqe123420> has teleported from -3236, 63, 4302 to -406, 129, 524
[2023-07-20 18:50:26] [world_nether] The Player <wqe123420> has teleported from 6, 129, -21 to -3, 64, -278
[2023-07-20 19:00:59] [world] The Player <wqe123420> has teleported from -2, 64, -278 to 7, 129, -21
[2023-07-20 19:01:19] [world_nether] The Player <wqe123420> has teleported from 168, 129, 122 to 1359, -4, 973
[2023-07-20 19:01:24] [world] The Player <wqe123420> has teleported from 1363, -3, 979 to 100, 49, 0
[2023-07-20 19:19:02] [world] The Player <wqe123420> has teleported from -2, 64, -278 to 7, 129, -21
[2023-07-20 19:44:52] [world_nether] The Player <wqe123420> has teleported from -224, 18, 613 to -181, 8, 626
[2023-07-20 19:51:07] [world_nether] The Player <wqe123420> has teleported from -178, 10, 592 to -176, 14, 753
[2023-07-20 19:51:22] [world_nether] The Player <wqe123420> has teleported from -174, 12, 750 to -13, 61, -280
[2023-07-20 20:52:41] [world] The Player <wqe123420> has teleported from -2, 64, -278 to 7, 129, -21
[2023-07-20 20:53:00] [world_nether] The Player <wqe123420> has teleported from 140, 129, -22 to 1071, 205, -207
[2023-07-20 21:14:08] [world] The Player <wqe123420> has teleported from -975, 66, -1012 to -975, 67, -1012
[2023-07-20 21:21:24] [world] The Player <Enderlava> has teleported from 2856, -14, -1720 to -975, 64, -1009
[2023-07-20 21:25:47] [world] The Player <wqe123420> has teleported from -1081, 57, -965 to -1082, 57, -965
[2023-07-20 21:25:47] [world] The Player <Enderlava> has teleported from -1079, 57, -962 to -1079, 57, -962
[2023-07-20 21:25:47] [world] The Player <Enderlava> has teleported from -1079, 57, -962 to -1079, 57, -962
[2023-07-20 21:25:47] [world] The Player <wqe123420> has teleported from -1082, 57, -965 to -1082, 57, -965
[2023-07-20 21:25:47] [world] The Player <Enderlava> has teleported from -1079, 57, -962 to -1079, 57, -962
[2023-07-20 21:25:47] [world] The Player <wqe123420> has teleported from -1082, 57, -965 to -1082, 57, -965
[2023-07-20 21:25:47] [world] The Player <Enderlava> has teleported from -1079, 57, -962 to -1079, 57, -962
[2023-07-20 21:25:47] [world] The Player <wqe123420> has teleported from -1082, 57, -965 to -1082, 57, -965
[2023-07-20 21:25:47] [world] The Player <Enderlava> has teleported from -1079, 57, -962 to -1079, 57, -962
[2023-07-20 21:25:47] [world] The Player <wqe123420> has teleported from -1082, 57, -965 to -1082, 57, -965
[2023-07-20 21:25:47] [world] The Player <Enderlava> has teleported from -1079, 57, -962 to -1079, 57, -962
[2023-07-20 21:25:47] [world] The Player <wqe123420> has teleported from -1082, 57, -965 to -1082, 57, -965
[2023-07-20 21:25:47] [world] The Player <wqe123420> has teleported from -1082, 57, -965 to -1082, 57, -965
[2023-07-20 21:25:47] [world] The Player <Enderlava> has teleported from -1079, 57, -962 to -1079, 57, -962
[2023-07-20 21:25:47] [world] The Player <wqe123420> has teleported from -1081, 57, -965 to -1082, 57, -965
[2023-07-20 21:25:47] [world] The Player <Enderlava> has teleported from -1079, 57, -962 to -1079, 57, -962
[2023-07-20 21:25:47] [world] The Player <wqe123420> has teleported from -1081, 57, -965 to -1082, 57, -965
[2023-07-20 21:25:47] [world] The Player <Enderlava> has teleported from -1079, 57, -962 to -1079, 57, -962
[2023-07-20 21:25:47] [world] The Player <wqe123420> has teleported from -1081, 57, -965 to -1082, 57, -965
[2023-07-20 21:25:47] [world] The Player <Enderlava> has teleported from -1079, 57, -962 to -1079, 57, -962
[2023-07-20 21:25:47] [world] The Player <wqe123420> has teleported from -1082, 57, -965 to -1082, 57, -965
[2023-07-20 21:25:47] [world] The Player <wqe123420> has teleported from -1082, 57, -965 to -1082, 57, -965
[2023-07-20 21:25:47] [world] The Player <wqe123420> has teleported from -1081, 57, -965 to -1082, 57, -965
[2023-07-20 21:25:47] [world] The Player <wqe123420> has teleported from -1081, 57, -965 to -1082, 57, -965
[2023-07-20 21:25:48] [world] The Player <wqe123420> has teleported from -1081, 57, -965 to -1082, 57, -965
[2023-07-20 21:25:48] [world] The Player <wqe123420> has teleported from -1081, 57, -965 to -1082, 57, -965
[2023-07-20 21:25:48] [world] The Player <wqe123420> has teleported from -1081, 57, -965 to -1082, 57, -965
[2023-07-20 21:25:48] [world] The Player <wqe123420> has teleported from -1081, 57, -965 to -1082, 57, -965
[2023-07-20 21:25:48] [world] The Player <wqe123420> has teleported from -1081, 57, -965 to -1082, 57, -965
[2023-07-20 21:25:48] [world] The Player <wqe123420> has teleported from -1081, 57, -965 to -1082, 57, -965
[2023-07-20 21:25:48] [world] The Player <wqe123420> has teleported from -1082, 57, -965 to -1082, 57, -965
[2023-07-20 21:25:48] [world] The Player <wqe123420> has teleported from -1082, 57, -965 to -1082, 57, -965
[2023-07-20 21:25:48] [world] The Player <wqe123420> has teleported from -1081, 57, -965 to -1082, 57, -965
[2023-07-20 21:25:48] [world] The Player <wqe123420> has teleported from -1081, 57, -965 to -1082, 57, -965
[2023-07-20 21:25:48] [world] The Player <wqe123420> has teleported from -1081, 57, -965 to -1082, 57, -965
[2023-07-20 21:25:48] [world] The Player <wqe123420> has teleported from -1081, 57, -965 to -1082, 57, -965
[2023-07-20 21:25:48] [world] The Player <wqe123420> has teleported from -1081, 57, -965 to -1082, 57, -965
[2023-07-20 21:25:48] [world] The Player <wqe123420> has teleported from -1082, 57, -965 to -1082, 57, -965
[2023-07-20 21:25:48] [world] The Player <wqe123420> has teleported from -1082, 57, -965 to -1082, 57, -965
[2023-07-20 21:26:41] [world] The Player <wqe123420> has teleported from -21, 63, -281 to -13, 61, -280
[2023-07-20 21:26:46] [world] The Player <wqe123420> has teleported from -13, 61, -280 to -3227, 62, 4516
[2023-07-20 21:26:52] [world] The Player <wqe123420> has teleported from -3227, 61, 4516 to -1067, 56, -946
[2023-07-20 21:30:34] [world] The Player <wqe123420> has teleported from -21, 63, -281 to -871, 76, -934
[2023-07-20 21:44:22] [world_the_end] The Player <Funget114514> has teleported from 9, 62, 7 to 9, 62, 7
[2023-07-20 21:44:22] [world_the_end] The Player <Funget114514> has teleported from 9, 63, 7 to -28, 74, -280
[2023-07-20 21:46:54] [world] The Player <wqe123420> has teleported from -2, 64, -278 to 7, 129, -21
[2023-07-20 21:47:34] [world_nether] The Player <wqe123420> has teleported from 6, 129, -21 to -3, 64, -278
[2023-07-20 21:49:42] [world] The Player <wqe123420> has teleported from -3, 64, -278 to 6, 129, -21
[2023-07-20 21:50:22] [world] The Player <Funget114514> has teleported from -965, 69, -1010 to 94, 128, 14
[2023-07-20 21:50:35] [world_nether] The Player <wqe123420> has teleported from 7, 129, -21 to -2, 64, -278
[2023-07-20 21:50:42] [world_nether] The Player <Funget114514> has teleported from 6, 129, -21 to -3, 64, -278
[2023-07-20 21:53:11] [world] The Player <Funget114514> has teleported from -23, 63, -288 to -128, 64, -112
[2023-07-20 21:53:21] [world] The Player <Funget114514> has teleported from -106, 65, -142 to -128, 66, -112
[2023-07-20 21:53:21] [world] The Player <Funget114514> has teleported from -128, 65, -113 to 204, 89, 235
[2023-07-20 21:53:31] [em_adventurers_guild] The Player <Funget114514> has teleported from 204, 88, 235 to -128, 66, -111
[2023-07-20 21:53:34] [world] The Player <Funget114514> has teleported from -128, 64, -105 to -128, 66, -112
[2023-07-20 21:54:20] [world] The Player <Funget114514> has teleported from -2, 64, -278 to 7, 129, -21
[2023-07-20 21:54:51] [world_nether] The Player <Funget114514> has teleported from 140, 129, -22 to 1071, 205, -207
[2023-07-20 21:55:03] [world] The Player <Funget114514> has teleported from 1079, 199, -189 to -128, 164, -112
[2023-07-20 21:56:06] [em_shadow_of_the_binder_of_worlds] The Player <Funget114514> has teleported from 146, 55, 19 to -19, 62, -288
[2023-07-20 21:56:19] [world] The Player <Funget114514> has teleported from -2, 64, -278 to 7, 129, -21
[2023-07-20 21:56:49] [world_nether] The Player <Funget114514> has teleported from 140, 129, -22 to 1071, 205, -207
[2023-07-20 21:57:32] [world] The Player <Funget114514> has teleported from 1071, 205, -208 to 139, 129, -22
[2023-07-20 21:57:37] [world] The Player <wqe123420> has teleported from -983, 72, -1022 to -128, 164, -112
[2023-07-20 21:57:47] [world_nether] The Player <Funget114514> has teleported from 6, 129, -21 to -3, 64, -278
[2023-07-20 21:58:58] [em_shadow_of_the_binder_of_worlds] The Player <wqe123420> has teleported from -125, 16, -277 to -19, 67, -280
[2023-07-20 21:58:58] [world] The Player <wqe123420> has teleported from -19, 67, -280 to -19, 67, -280
[2023-07-20 22:03:11] [world] The Player <wqe123420> has teleported from -975, 66, -1015 to -975, 67, -1015
[2023-07-20 22:03:32] [world] The Player <Enderlava> has teleported from -1075, 65, -1039 to -977, 67, -1012
[2023-07-20 22:14:23] [world] The Player <Funget114514> has teleported from -966, 69, -1017 to -966, 69, -1017
[2023-07-20 22:15:36] [world] The Player <Funget114514> has teleported from -983, 69, -1009 to 8, 188, 18
[2023-07-20 22:16:17] [world] The Player <wqe123420> has teleported from -21, 63, -281 to -974, 71, -1012
[2023-07-20 22:16:29] [world] The Player <Funget114514> has teleported from -26, 63, -285 to -975, 72, -1015
[2023-07-20 22:22:18] [world] The Player <Funget114514> has teleported from -954, 74, -989 to 8, 188, 18
[2023-07-20 22:24:09] [world] The Player <Funget114514> has teleported from -28, 63, -287 to -979, 69, -1009
[2023-07-20 22:25:24] [world] The Player <Funget114514> has teleported from -977, 64, -1010 to 8, 188, 18
[2023-07-20 22:26:19] [world] The Player <Funget114514> has teleported from -29, 69, -280 to -977, 64, -1010
