[2023-07-21 09:25:28] [world] The Player <111324> has teleported from -128, 65, -112 to -968, 70, -1009
[2023-07-21 15:17:32] [world] The Player <Enderlava> has teleported from -87, 48, -77 to -87, 48, -77
[2023-07-21 15:17:32] [world] The Player <Enderlava> has teleported from -87, 48, -77 to -87, 48, -77
[2023-07-21 15:17:32] [world] The Player <Enderlava> has teleported from -87, 48, -77 to -87, 48, -77
[2023-07-21 15:17:32] [world] The Player <Enderlava> has teleported from -87, 48, -77 to -87, 48, -77
[2023-07-21 15:17:32] [world] The Player <Enderlava> has teleported from -87, 48, -77 to -87, 48, -77
[2023-07-21 15:17:32] [world] The Player <Enderlava> has teleported from -87, 48, -77 to -87, 48, -77
[2023-07-21 15:17:32] [world] The Player <Enderlava> has teleported from -87, 48, -77 to -87, 48, -77
[2023-07-21 15:17:32] [world] The Player <Enderlava> has teleported from -87, 48, -77 to -87, 48, -77
[2023-07-21 15:17:32] [world] The Player <Enderlava> has teleported from -87, 48, -77 to -87, 48, -77
[2023-07-21 15:17:32] [world] The Player <Enderlava> has teleported from -87, 48, -77 to -87, 48, -77
[2023-07-21 15:17:32] [world] The Player <Enderlava> has teleported from -87, 48, -77 to -87, 48, -77
[2023-07-21 15:17:32] [world] The Player <Enderlava> has teleported from -87, 48, -77 to -87, 48, -77
[2023-07-21 15:17:32] [world] The Player <Enderlava> has teleported from -87, 48, -77 to -87, 48, -77
[2023-07-21 15:17:33] [world] The Player <Enderlava> has teleported from -87, 48, -77 to -87, 48, -77
[2023-07-21 15:17:33] [world] The Player <Enderlava> has teleported from -87, 48, -77 to -87, 48, -77
[2023-07-21 15:17:33] [world] The Player <Enderlava> has teleported from -87, 48, -77 to -87, 48, -77
[2023-07-21 15:18:40] [world] The Player <Enderlava> has teleported from -94, 48, -83 to -94, 48, -83
[2023-07-21 15:18:40] [world] The Player <Enderlava> has teleported from -94, 48, -83 to -94, 48, -83
[2023-07-21 15:18:40] [world] The Player <Enderlava> has teleported from -94, 48, -83 to -94, 48, -83
[2023-07-21 15:18:40] [world] The Player <Enderlava> has teleported from -94, 48, -83 to -94, 48, -83
[2023-07-21 15:18:40] [world] The Player <Enderlava> has teleported from -94, 48, -83 to -94, 48, -83
[2023-07-21 15:18:40] [world] The Player <Enderlava> has teleported from -94, 48, -83 to -94, 48, -83
[2023-07-21 15:18:40] [world] The Player <Enderlava> has teleported from -94, 48, -83 to -94, 48, -83
[2023-07-21 15:18:40] [world] The Player <Enderlava> has teleported from -94, 48, -83 to -94, 48, -83
[2023-07-21 15:18:40] [world] The Player <Enderlava> has teleported from -94, 48, -83 to -94, 48, -83
[2023-07-21 15:18:40] [world] The Player <Enderlava> has teleported from -94, 48, -83 to -94, 48, -83
[2023-07-21 15:18:40] [world] The Player <Enderlava> has teleported from -94, 48, -83 to -94, 48, -83
[2023-07-21 15:18:41] [world] The Player <Enderlava> has teleported from -94, 48, -83 to -94, 48, -83
[2023-07-21 15:18:41] [world] The Player <Enderlava> has teleported from -94, 48, -83 to -94, 48, -83
[2023-07-21 15:18:41] [world] The Player <Enderlava> has teleported from -94, 48, -83 to -94, 48, -83
[2023-07-21 15:18:41] [world] The Player <Enderlava> has teleported from -94, 48, -83 to -94, 48, -83
[2023-07-21 15:18:41] [world] The Player <Enderlava> has teleported from -94, 48, -83 to -94, 48, -83
[2023-07-21 15:18:41] [world] The Player <Enderlava> has teleported from -94, 48, -83 to -94, 48, -83
[2023-07-21 15:18:46] [world] The Player <Enderlava> has teleported from -96, 54, -76 to -97, 55, -76
[2023-07-21 15:18:46] [world] The Player <Enderlava> has teleported from -97, 55, -76 to -97, 55, -76
[2023-07-21 15:18:46] [world] The Player <Enderlava> has teleported from -97, 55, -76 to -97, 55, -76
[2023-07-21 15:18:46] [world] The Player <Enderlava> has teleported from -97, 55, -76 to -97, 55, -76
[2023-07-21 15:18:46] [world] The Player <Enderlava> has teleported from -97, 55, -76 to -97, 55, -76
[2023-07-21 15:18:46] [world] The Player <Enderlava> has teleported from -97, 55, -76 to -97, 55, -76
[2023-07-21 15:18:47] [world] The Player <Enderlava> has teleported from -97, 55, -76 to -97, 55, -76
[2023-07-21 15:18:47] [world] The Player <Enderlava> has teleported from -97, 55, -76 to -97, 55, -76
[2023-07-21 15:18:47] [world] The Player <Enderlava> has teleported from -97, 55, -76 to -97, 55, -76
[2023-07-21 15:18:47] [world] The Player <Enderlava> has teleported from -97, 55, -76 to -97, 55, -76
[2023-07-21 15:18:47] [world] The Player <Enderlava> has teleported from -97, 55, -76 to -97, 55, -76
[2023-07-21 15:18:47] [world] The Player <Enderlava> has teleported from -97, 55, -76 to -97, 55, -76
[2023-07-21 15:18:47] [world] The Player <Enderlava> has teleported from -97, 55, -76 to -97, 55, -76
[2023-07-21 15:18:47] [world] The Player <Enderlava> has teleported from -97, 55, -76 to -97, 55, -76
[2023-07-21 15:18:47] [world] The Player <Enderlava> has teleported from -97, 55, -76 to -97, 55, -76
[2023-07-21 15:18:47] [world] The Player <Enderlava> has teleported from -97, 55, -76 to -97, 55, -76
[2023-07-21 15:18:47] [world] The Player <Enderlava> has teleported from -97, 55, -76 to -97, 55, -76
[2023-07-21 15:18:47] [world] The Player <Enderlava> has teleported from -97, 55, -76 to -97, 55, -76
[2023-07-21 15:18:47] [world] The Player <Enderlava> has teleported from -97, 55, -76 to -97, 55, -76
[2023-07-21 15:18:47] [world] The Player <Enderlava> has teleported from -97, 55, -76 to -97, 55, -76
[2023-07-21 15:18:47] [world] The Player <Enderlava> has teleported from -97, 55, -76 to -97, 55, -76
[2023-07-21 15:18:47] [world] The Player <Enderlava> has teleported from -97, 55, -76 to -97, 55, -76
[2023-07-21 15:18:47] [world] The Player <Enderlava> has teleported from -97, 55, -76 to -97, 55, -76
[2023-07-21 15:18:47] [world] The Player <Enderlava> has teleported from -97, 55, -76 to -97, 55, -76
[2023-07-21 15:18:48] [world] The Player <Enderlava> has teleported from -97, 55, -76 to -97, 55, -76
[2023-07-21 15:18:48] [world] The Player <Enderlava> has teleported from -97, 55, -76 to -97, 55, -76
[2023-07-21 15:18:48] [world] The Player <Enderlava> has teleported from -97, 55, -76 to -97, 55, -76
[2023-07-21 15:18:48] [world] The Player <Enderlava> has teleported from -97, 55, -76 to -97, 55, -76
[2023-07-21 15:18:48] [world] The Player <Enderlava> has teleported from -97, 55, -76 to -97, 55, -76
[2023-07-21 15:18:48] [world] The Player <Enderlava> has teleported from -97, 55, -76 to -97, 55, -76
[2023-07-21 15:18:48] [world] The Player <Enderlava> has teleported from -97, 55, -76 to -97, 55, -76
[2023-07-21 15:18:48] [world] The Player <Enderlava> has teleported from -97, 55, -76 to -97, 55, -76
[2023-07-21 15:18:48] [world] The Player <Enderlava> has teleported from -97, 55, -76 to -97, 55, -76
[2023-07-21 15:18:48] [world] The Player <Enderlava> has teleported from -97, 55, -76 to -97, 55, -76
[2023-07-21 15:18:48] [world] The Player <Enderlava> has teleported from -97, 55, -76 to -97, 55, -76
[2023-07-21 15:18:48] [world] The Player <Enderlava> has teleported from -97, 55, -76 to -97, 55, -76
[2023-07-21 15:18:48] [world] The Player <Enderlava> has teleported from -97, 55, -76 to -97, 55, -76
[2023-07-21 15:18:48] [world] The Player <Enderlava> has teleported from -97, 55, -76 to -97, 55, -76
[2023-07-21 15:18:48] [world] The Player <Enderlava> has teleported from -97, 55, -76 to -97, 55, -76
[2023-07-21 15:18:48] [world] The Player <Enderlava> has teleported from -97, 55, -76 to -97, 55, -76
[2023-07-21 15:18:48] [world] The Player <Enderlava> has teleported from -97, 55, -76 to -97, 55, -76
[2023-07-21 15:18:48] [world] The Player <Enderlava> has teleported from -97, 55, -76 to -97, 55, -76
[2023-07-21 15:18:48] [world] The Player <Enderlava> has teleported from -97, 55, -76 to -97, 55, -76
[2023-07-21 15:18:49] [world] The Player <Enderlava> has teleported from -97, 55, -76 to -97, 55, -76
[2023-07-21 15:18:49] [world] The Player <Enderlava> has teleported from -97, 55, -76 to -97, 55, -76
[2023-07-21 15:18:49] [world] The Player <Enderlava> has teleported from -97, 55, -76 to -97, 55, -76
[2023-07-21 15:18:49] [world] The Player <Enderlava> has teleported from -97, 55, -76 to -97, 55, -76
[2023-07-21 15:18:49] [world] The Player <Enderlava> has teleported from -97, 55, -76 to -97, 55, -76
[2023-07-21 15:18:49] [world] The Player <Enderlava> has teleported from -97, 55, -76 to -97, 55, -76
[2023-07-21 15:18:49] [world] The Player <Enderlava> has teleported from -97, 55, -76 to -97, 55, -76
[2023-07-21 15:18:49] [world] The Player <Enderlava> has teleported from -97, 55, -76 to -97, 55, -76
[2023-07-21 15:18:49] [world] The Player <Enderlava> has teleported from -97, 55, -76 to -97, 55, -76
[2023-07-21 15:18:49] [world] The Player <Enderlava> has teleported from -97, 55, -76 to -97, 55, -76
[2023-07-21 15:18:49] [world] The Player <Enderlava> has teleported from -97, 55, -76 to -97, 55, -76
[2023-07-21 15:18:49] [world] The Player <Enderlava> has teleported from -97, 55, -76 to -97, 55, -76
[2023-07-21 15:18:49] [world] The Player <Enderlava> has teleported from -97, 55, -76 to -97, 55, -76
[2023-07-21 15:18:49] [world] The Player <Enderlava> has teleported from -97, 55, -76 to -97, 55, -76
[2023-07-21 15:18:49] [world] The Player <Enderlava> has teleported from -97, 55, -76 to -97, 55, -76
[2023-07-21 15:18:49] [world] The Player <Enderlava> has teleported from -97, 55, -76 to -97, 55, -76
[2023-07-21 15:18:49] [world] The Player <Enderlava> has teleported from -97, 55, -76 to -97, 55, -76
[2023-07-21 15:18:49] [world] The Player <Enderlava> has teleported from -97, 55, -76 to -97, 55, -76
[2023-07-21 15:18:49] [world] The Player <Enderlava> has teleported from -97, 55, -76 to -97, 55, -76
[2023-07-21 15:18:49] [world] The Player <Enderlava> has teleported from -97, 55, -76 to -97, 55, -76
[2023-07-21 15:18:50] [world] The Player <Enderlava> has teleported from -97, 55, -76 to -97, 55, -76
[2023-07-21 15:18:50] [world] The Player <Enderlava> has teleported from -97, 55, -76 to -97, 55, -76
[2023-07-21 15:18:50] [world] The Player <Enderlava> has teleported from -97, 55, -76 to -97, 55, -76
[2023-07-21 15:18:50] [world] The Player <Enderlava> has teleported from -97, 55, -76 to -97, 55, -76
[2023-07-21 15:18:50] [world] The Player <Enderlava> has teleported from -97, 55, -76 to -97, 55, -76
[2023-07-21 15:18:50] [world] The Player <Enderlava> has teleported from -97, 55, -76 to -97, 55, -76
[2023-07-21 15:18:50] [world] The Player <Enderlava> has teleported from -97, 55, -76 to -97, 55, -76
[2023-07-21 15:18:50] [world] The Player <Enderlava> has teleported from -97, 55, -76 to -97, 55, -76
[2023-07-21 15:18:50] [world] The Player <Enderlava> has teleported from -97, 55, -76 to -97, 55, -76
[2023-07-21 15:18:50] [world] The Player <Enderlava> has teleported from -97, 55, -76 to -97, 55, -76
[2023-07-21 15:18:50] [world] The Player <Enderlava> has teleported from -97, 55, -76 to -97, 55, -76
[2023-07-21 15:18:50] [world] The Player <Enderlava> has teleported from -97, 55, -76 to -97, 55, -76
[2023-07-21 15:18:50] [world] The Player <Enderlava> has teleported from -97, 55, -76 to -97, 55, -76
[2023-07-21 15:18:50] [world] The Player <Enderlava> has teleported from -97, 55, -76 to -97, 55, -76
[2023-07-21 15:18:50] [world] The Player <Enderlava> has teleported from -97, 55, -76 to -97, 55, -76
[2023-07-21 15:18:50] [world] The Player <Enderlava> has teleported from -97, 55, -76 to -97, 55, -76
[2023-07-21 15:18:50] [world] The Player <Enderlava> has teleported from -97, 55, -76 to -97, 55, -76
[2023-07-21 15:19:47] [world] The Player <Funget114514> has teleported from -1018, 66, -1011 to 8, 188, 18
[2023-07-21 15:21:02] [world] The Player <Enderlava> has teleported from -21, 63, -283 to -86, 56, -80
[2023-07-21 15:21:31] [world] The Player <Funget114514> has teleported from -128, 64, -112 to -88, 50, -61
[2023-07-21 15:22:28] [world] The Player <Enderlava> has teleported from -103, 50, -66 to -103, 50, -66
[2023-07-21 15:22:28] [world] The Player <Enderlava> has teleported from -103, 50, -66 to -103, 50, -66
[2023-07-21 15:22:28] [world] The Player <Enderlava> has teleported from -103, 50, -66 to -103, 50, -66
[2023-07-21 15:22:28] [world] The Player <Enderlava> has teleported from -103, 50, -66 to -103, 50, -66
[2023-07-21 15:22:28] [world] The Player <Enderlava> has teleported from -103, 50, -66 to -103, 50, -66
[2023-07-21 15:22:28] [world] The Player <Funget114514> has teleported from -93, 50, -63 to -93, 50, -63
[2023-07-21 15:22:28] [world] The Player <Enderlava> has teleported from -103, 50, -66 to -103, 50, -66
[2023-07-21 15:22:28] [world] The Player <Funget114514> has teleported from -93, 50, -63 to -93, 50, -63
[2023-07-21 15:22:29] [world] The Player <Funget114514> has teleported from -93, 50, -63 to -93, 50, -63
[2023-07-21 15:22:29] [world] The Player <Enderlava> has teleported from -103, 50, -66 to -103, 50, -66
[2023-07-21 15:22:29] [world] The Player <Funget114514> has teleported from -93, 50, -63 to -93, 50, -63
[2023-07-21 15:22:29] [world] The Player <Enderlava> has teleported from -103, 50, -66 to -103, 50, -66
[2023-07-21 15:22:29] [world] The Player <Funget114514> has teleported from -93, 50, -63 to -93, 50, -63
[2023-07-21 15:22:29] [world] The Player <Funget114514> has teleported from -93, 50, -63 to -93, 50, -63
[2023-07-21 15:22:29] [world] The Player <Funget114514> has teleported from -93, 50, -63 to -93, 50, -63
[2023-07-21 15:22:34] [world] The Player <Funget114514> has teleported from -128, 64, -112 to -95, 50, -65
[2023-07-21 15:23:06] [world] The Player <Enderlava> has teleported from -106, 50, -62 to -106, 50, -62
[2023-07-21 15:23:06] [world] The Player <Enderlava> has teleported from -106, 50, -62 to -106, 50, -62
[2023-07-21 15:23:06] [world] The Player <Funget114514> has teleported from -101, 52, -68 to -101, 52, -68
[2023-07-21 15:23:06] [world] The Player <Enderlava> has teleported from -106, 50, -62 to -106, 50, -62
[2023-07-21 15:23:06] [world] The Player <Funget114514> has teleported from -101, 52, -68 to -101, 52, -68
[2023-07-21 15:23:06] [world] The Player <Enderlava> has teleported from -106, 50, -62 to -106, 50, -62
[2023-07-21 15:23:06] [world] The Player <Funget114514> has teleported from -101, 52, -68 to -101, 52, -68
[2023-07-21 15:23:06] [world] The Player <Enderlava> has teleported from -106, 50, -62 to -106, 50, -62
[2023-07-21 15:23:06] [world] The Player <Funget114514> has teleported from -101, 52, -68 to -101, 52, -68
[2023-07-21 15:23:06] [world] The Player <Enderlava> has teleported from -106, 50, -62 to -106, 50, -62
[2023-07-21 15:23:06] [world] The Player <Funget114514> has teleported from -101, 52, -68 to -101, 52, -68
[2023-07-21 15:23:07] [world] The Player <Enderlava> has teleported from -106, 50, -62 to -106, 50, -62
[2023-07-21 15:23:07] [world] The Player <Funget114514> has teleported from -101, 52, -68 to -101, 52, -68
[2023-07-21 15:23:07] [world] The Player <Enderlava> has teleported from -106, 50, -62 to -106, 50, -62
[2023-07-21 15:23:07] [world] The Player <Funget114514> has teleported from -101, 52, -68 to -101, 52, -68
[2023-07-21 15:23:07] [world] The Player <Enderlava> has teleported from -106, 50, -62 to -106, 50, -62
[2023-07-21 15:23:07] [world] The Player <Funget114514> has teleported from -101, 52, -68 to -101, 52, -68
[2023-07-21 15:23:07] [world] The Player <Enderlava> has teleported from -106, 50, -62 to -106, 50, -62
[2023-07-21 15:23:07] [world] The Player <Funget114514> has teleported from -101, 52, -68 to -101, 52, -68
[2023-07-21 15:23:07] [world] The Player <Funget114514> has teleported from -101, 52, -68 to -101, 52, -68
[2023-07-21 15:23:07] [world] The Player <Funget114514> has teleported from -101, 52, -68 to -101, 52, -68
[2023-07-21 15:23:07] [world] The Player <Funget114514> has teleported from -101, 52, -68 to -101, 52, -68
[2023-07-21 15:23:07] [world] The Player <Funget114514> has teleported from -101, 52, -68 to -101, 52, -68
[2023-07-21 15:23:07] [world] The Player <Funget114514> has teleported from -101, 52, -68 to -101, 52, -68
[2023-07-21 15:23:07] [world] The Player <Funget114514> has teleported from -101, 52, -68 to -101, 52, -68
[2023-07-21 15:23:07] [world] The Player <Funget114514> has teleported from -101, 52, -68 to -101, 52, -68
[2023-07-21 15:23:07] [world] The Player <Funget114514> has teleported from -101, 52, -68 to -101, 52, -68
[2023-07-21 15:23:07] [world] The Player <Funget114514> has teleported from -101, 52, -68 to -101, 52, -68
[2023-07-21 15:23:07] [world] The Player <Funget114514> has teleported from -101, 52, -68 to -101, 52, -68
[2023-07-21 15:23:07] [world] The Player <Funget114514> has teleported from -101, 52, -68 to -101, 52, -68
[2023-07-21 15:23:08] [world] The Player <Funget114514> has teleported from -101, 52, -68 to -101, 52, -68
[2023-07-21 15:23:08] [world] The Player <Funget114514> has teleported from -101, 52, -68 to -101, 52, -68
[2023-07-21 15:23:08] [world] The Player <Funget114514> has teleported from -101, 52, -68 to -101, 52, -68
[2023-07-21 15:23:08] [world] The Player <Funget114514> has teleported from -101, 52, -68 to -101, 52, -68
[2023-07-21 15:23:08] [world] The Player <Funget114514> has teleported from -101, 52, -68 to -101, 52, -68
[2023-07-21 15:23:08] [world] The Player <Funget114514> has teleported from -101, 52, -68 to -101, 52, -68
[2023-07-21 15:23:08] [world] The Player <Funget114514> has teleported from -101, 52, -68 to -101, 52, -68
[2023-07-21 15:23:08] [world] The Player <Funget114514> has teleported from -101, 52, -68 to -101, 52, -68
[2023-07-21 15:23:08] [world] The Player <Funget114514> has teleported from -101, 52, -68 to -101, 52, -68
[2023-07-21 15:23:08] [world] The Player <Funget114514> has teleported from -101, 52, -68 to -101, 52, -68
[2023-07-21 15:23:08] [world] The Player <Funget114514> has teleported from -101, 52, -68 to -101, 52, -68
[2023-07-21 15:23:08] [world] The Player <Funget114514> has teleported from -101, 52, -68 to -101, 52, -68
[2023-07-21 15:23:08] [world] The Player <Funget114514> has teleported from -101, 52, -68 to -101, 52, -68
[2023-07-21 15:23:09] [world] The Player <Funget114514> has teleported from -101, 52, -68 to -101, 52, -68
[2023-07-21 15:23:09] [world] The Player <Funget114514> has teleported from -101, 52, -68 to -101, 52, -68
[2023-07-21 15:23:09] [world] The Player <Funget114514> has teleported from -101, 52, -68 to -101, 52, -68
[2023-07-21 15:23:09] [world] The Player <Funget114514> has teleported from -101, 52, -68 to -101, 52, -68
[2023-07-21 15:23:09] [world] The Player <Funget114514> has teleported from -101, 52, -68 to -101, 52, -68
[2023-07-21 15:23:09] [world] The Player <Funget114514> has teleported from -101, 52, -68 to -101, 52, -68
[2023-07-21 15:23:09] [world] The Player <Funget114514> has teleported from -101, 52, -68 to -101, 52, -68
[2023-07-21 15:23:09] [world] The Player <Funget114514> has teleported from -101, 52, -68 to -101, 52, -68
[2023-07-21 15:23:09] [world] The Player <Funget114514> has teleported from -101, 52, -68 to -101, 52, -68
[2023-07-21 15:23:09] [world] The Player <Funget114514> has teleported from -101, 52, -68 to -101, 52, -68
[2023-07-21 15:23:09] [world] The Player <Funget114514> has teleported from -101, 52, -68 to -101, 52, -68
[2023-07-21 15:23:09] [world] The Player <Funget114514> has teleported from -101, 52, -68 to -101, 52, -68
[2023-07-21 15:23:33] [world] The Player <Funget114514> has teleported from -87, 49, -92 to -87, 49, -92
[2023-07-21 15:23:33] [world] The Player <Funget114514> has teleported from -87, 49, -92 to -87, 49, -92
[2023-07-21 15:23:33] [world] The Player <Funget114514> has teleported from -87, 49, -92 to -87, 49, -92
[2023-07-21 15:23:33] [world] The Player <Funget114514> has teleported from -87, 49, -92 to -87, 49, -92
[2023-07-21 15:23:33] [world] The Player <Funget114514> has teleported from -87, 49, -92 to -87, 49, -92
[2023-07-21 15:23:34] [world] The Player <Funget114514> has teleported from -87, 49, -92 to -87, 49, -92
[2023-07-21 15:23:34] [world] The Player <Funget114514> has teleported from -87, 49, -92 to -87, 49, -92
[2023-07-21 15:23:34] [world] The Player <Funget114514> has teleported from -87, 49, -92 to -87, 49, -92
[2023-07-21 15:23:34] [world] The Player <Funget114514> has teleported from -87, 49, -92 to -87, 49, -92
[2023-07-21 15:23:34] [world] The Player <Funget114514> has teleported from -87, 49, -92 to -87, 49, -92
[2023-07-21 15:23:34] [world] The Player <Funget114514> has teleported from -87, 49, -92 to -87, 49, -92
[2023-07-21 15:23:34] [world] The Player <Funget114514> has teleported from -87, 49, -92 to -87, 49, -92
[2023-07-21 15:23:34] [world] The Player <Funget114514> has teleported from -87, 49, -92 to -87, 49, -92
[2023-07-21 15:23:34] [world] The Player <Funget114514> has teleported from -87, 49, -92 to -87, 49, -92
[2023-07-21 15:23:34] [world] The Player <Funget114514> has teleported from -87, 49, -92 to -87, 49, -92
[2023-07-21 15:23:34] [world] The Player <Funget114514> has teleported from -87, 49, -92 to -87, 49, -92
[2023-07-21 15:23:35] [world] The Player <Funget114514> has teleported from -87, 49, -92 to -87, 49, -92
[2023-07-21 15:23:35] [world] The Player <Funget114514> has teleported from -87, 49, -92 to -87, 49, -92
[2023-07-21 15:23:35] [world] The Player <Funget114514> has teleported from -87, 49, -92 to -87, 49, -92
[2023-07-21 15:23:35] [world] The Player <Funget114514> has teleported from -87, 49, -92 to -87, 49, -92
[2023-07-21 15:23:35] [world] The Player <Funget114514> has teleported from -87, 49, -92 to -87, 49, -92
[2023-07-21 15:23:35] [world] The Player <Funget114514> has teleported from -87, 49, -92 to -87, 49, -92
[2023-07-21 15:23:35] [world] The Player <Funget114514> has teleported from -87, 49, -92 to -87, 49, -92
[2023-07-21 15:23:35] [world] The Player <Funget114514> has teleported from -87, 49, -92 to -87, 49, -92
[2023-07-21 15:24:03] [world] The Player <Enderlava> has teleported from -21, 63, -282 to -83, 48, -101
[2023-07-21 15:24:04] [world] The Player <Enderlava> has teleported from -83, 48, -101 to -83, 48, -101
[2023-07-21 15:24:04] [world] The Player <Enderlava> has teleported from -83, 48, -101 to -83, 48, -101
[2023-07-21 15:24:04] [world] The Player <Enderlava> has teleported from -83, 48, -101 to -83, 48, -101
[2023-07-21 15:24:04] [world] The Player <Enderlava> has teleported from -83, 48, -101 to -83, 48, -101
[2023-07-21 15:24:04] [world] The Player <Enderlava> has teleported from -83, 48, -101 to -83, 48, -101
[2023-07-21 15:24:04] [world] The Player <Enderlava> has teleported from -83, 48, -101 to -83, 48, -101
[2023-07-21 15:24:04] [world] The Player <Enderlava> has teleported from -83, 48, -101 to -83, 48, -101
[2023-07-21 15:24:05] [world] The Player <Enderlava> has teleported from -83, 48, -101 to -83, 48, -101
[2023-07-21 15:24:05] [world] The Player <Enderlava> has teleported from -83, 48, -101 to -83, 48, -101
[2023-07-21 15:24:05] [world] The Player <Enderlava> has teleported from -83, 48, -101 to -83, 48, -101
[2023-07-21 15:24:05] [world] The Player <Enderlava> has teleported from -83, 48, -101 to -83, 48, -101
[2023-07-21 15:24:05] [world] The Player <Enderlava> has teleported from -83, 48, -101 to -83, 48, -101
[2023-07-21 15:24:05] [world] The Player <Enderlava> has teleported from -83, 48, -101 to -83, 48, -101
[2023-07-21 15:24:05] [world] The Player <Enderlava> has teleported from -83, 48, -101 to -83, 48, -101
[2023-07-21 15:24:05] [world] The Player <Enderlava> has teleported from -83, 48, -101 to -83, 48, -101
[2023-07-21 15:24:05] [world] The Player <Enderlava> has teleported from -83, 48, -101 to -83, 48, -101
[2023-07-21 15:24:05] [world] The Player <Enderlava> has teleported from -83, 48, -101 to -83, 48, -101
[2023-07-21 15:24:07] [world] The Player <Funget114514> has teleported from -128, 64, -112 to -88, 48, -98
[2023-07-21 15:24:36] [world] The Player <Enderlava> has teleported from -21, 63, -283 to -89, 50, -101
[2023-07-21 15:26:39] [world] The Player <Enderlava> has teleported from -81, 59, -124 to -30, 72, -283
[2023-07-21 15:27:48] [world] The Player <Funget114514> has teleported from -90, 59, -109 to 8, 188, 18
[2023-07-21 15:31:58] [world] The Player <Funget114514> has teleported from -128, 64, -112 to 8, 188, 18
[2023-07-21 15:32:02] [world] The Player <Funget114514> has teleported from 8, 187, 18 to -58, 70, -168
[2023-07-21 15:32:54] [world] The Player <Funget114514> has teleported from -26, 71, -156 to 8, 188, 18
[2023-07-21 16:14:01] [em_adventurers_guild] The Player <Enderlava> has teleported from 282, 91, 227 to 6, 14, -130
[2023-07-21 16:25:50] [world] The Player <Funget114514> has teleported from 1070, 206, -189 to -64, 10, 23
[2023-07-21 16:26:50] [world_nether] The Player <Funget114514> has teleported from -65, 12, -5 to -64, 10, 49
[2023-07-21 17:02:18] [world_nether] The Player <Enderlava> has teleported from -205, 15, 705 to -30, 72, -283
[2023-07-21 17:07:17] [world_nether] The Player <Funget114514> has teleported from -201, 11, 374 to 8, 188, 18
[2023-07-21 17:11:55] [world] The Player <wqe123420> has teleported from 7, 69, -262 to -884, 123, -937
[2023-07-21 17:12:14] [world] The Player <Funget114514> has teleported from -478, 136, -685 to 8, 188, 18
[2023-07-21 17:12:51] [world] The Player <wqe123420> has teleported from -995, 64, -1013 to -17, 63, -287
[2023-07-21 17:15:00] [world] The Player <Enderlava> has teleported from 1, 64, -286 to -20, 71, -280
[2023-07-21 17:15:06] [world] The Player <Enderlava> has teleported from -25, 64, -288 to -28, 63, -288
[2023-07-21 17:15:17] [world] The Player <wqe123420> has teleported from -3, 64, -278 to 6, 129, -21
[2023-07-21 17:15:22] [world] The Player <Enderlava> has teleported from 7, 124, -23 to 7, 124, -23
[2023-07-21 17:15:35] [world_nether] The Player <Enderlava> has teleported from 5, 74, -26 to 7, 73, -25
[2023-07-21 17:16:20] [world_nether] The Player <wqe123420> has teleported from 6, 129, -21 to -3, 64, -278
[2023-07-21 17:16:25] [world_nether] The Player <Enderlava> has teleported from 0, 62, -290 to 0, 62, -290
[2023-07-21 17:16:36] [world] The Player <Enderlava> has teleported from -9, 63, -290 to -9, 63, -290
[2023-07-21 17:19:36] [world] The Player <Enderlava> has teleported from 0, 62, -293 to 1, 63, -292
[2023-07-21 17:23:03] [world] The Player <Enderlava> has teleported from -7, 58, -303 to -9, 61, -301
[2023-07-21 17:24:11] [world] The Player <wqe123420> has teleported from -16, 61, -292 to -10, 49, -316
[2023-07-21 17:24:11] [world] The Player <Funget114514> has teleported from -128, 64, -115 to -8, 49, -314
[2023-07-21 17:24:31] [world] The Player <Funget114514> has teleported from -127, 64, -111 to -25, 64, -299
[2023-07-21 17:26:11] [world] The Player <Enderlava> has teleported from 10, 75, -299 to 7, 75, -297
[2023-07-21 17:27:18] [world] The Player <wqe123420> has teleported from -21, 63, -281 to -9, 77, -285
[2023-07-21 17:27:37] [world] The Player <Funget114514> has teleported from -128, 64, -112 to -19, 64, -286
[2023-07-21 17:28:06] [world] The Player <Funget114514> has teleported from -21, 63, -283 to -21, 63, -283
[2023-07-21 17:28:53] [world] The Player <Enderlava> has teleported from 16, 59, -312 to 14, 50, -312
[2023-07-21 17:29:01] [world] The Player <Enderlava> has teleported from 15, 49, -315 to 14, 50, -312
[2023-07-21 17:29:10] [world] The Player <Enderlava> has teleported from 10, 49, -314 to 10, 50, -312
[2023-07-21 17:31:16] [world] The Player <Funget114514> has teleported from -3, 64, -278 to 6, 129, -21
[2023-07-21 17:32:13] [world_nether] The Player <Funget114514> has teleported from 168, 129, 122 to 1359, -4, 973
[2023-07-21 17:32:17] [world] The Player <Funget114514> has teleported from 1363, -3, 979 to 100, 49, 0
[2023-07-21 17:41:11] [world] The Player <wqe123420> has teleported from -3, 64, -278 to 6, 129, -21
[2023-07-21 17:52:56] [world_the_end] The Player <Funget114514> has teleported from 329, 1, 7 to 8, 188, 18
[2023-07-21 17:55:32] [world] The Player <Funget114514> has teleported from -240, 91, -146 to -162, 10, -882
[2023-07-21 18:02:39] [world] The Player <test> has teleported from -128, 65, -112 to -17, 63, -302
[2023-07-21 18:04:01] [world] The Player <test> has teleported from -128, 65, -112 to -16, 63, -302
[2023-07-21 18:07:55] [world_nether] The Player <Funget114514> has teleported from 59, 14, -893 to 8, 188, 18
[2023-07-21 18:09:58] [world] The Player <Enderlava1234> has teleported from -123, 64, -104 to -19, 63, -287
[2023-07-21 18:10:30] [world_nether] The Player <wqe123420> has teleported from -64, 22, -961 to -23, 67, -281
[2023-07-21 18:11:40] [world] The Player <1212> has teleported from -128, 65, -112 to -14, 63, -284
[2023-07-21 18:12:17] [world] The Player <34234234234> has teleported from -128, 65, -112 to 0, 69, -237
[2023-07-21 18:14:55] [world] The Player <121212> has teleported from -128, 65, -112 to -15, 63, -286
[2023-07-21 18:18:33] [world] The Player <wqe123420> has teleported from -848, -60, -749 to -18, 62, -287
[2023-07-21 18:19:03] [world] The Player <12213> has teleported from -128, 65, -112 to -15, 63, -284
[2023-07-21 21:03:52] [world] The Player <wqe123420> has teleported from 8149, -53, -6487 to -3227, 62, 4516
[2023-07-21 21:18:06] [world] The Player <wqe123420> has teleported from -3371, 121, -131 to -3227, 62, 4516
[2023-07-21 21:18:40] [world] The Player <wqe123420> has teleported from -3236, 63, 4301 to -405, 129, 524
[2023-07-21 21:19:21] [world_nether] The Player <wqe123420> has teleported from 7, 129, -21 to -2, 64, -278
[2023-07-21 21:19:28] [world] The Player <wqe123420> has teleported from -3, 64, -278 to 6, 129, -21
[2023-07-21 21:36:32] [world_nether] The Player <wqe123420> has teleported from 146, 32, 1253 to -2, 64, -281
[2023-07-21 21:39:31] [world] The Player <wqe123420> has teleported from -2, 64, -278 to 7, 129, -21
[2023-07-21 21:40:45] [world_nether] The Player <wqe123420> has teleported from 5, 72, -29 to -27, 63, -288
[2023-07-21 21:46:16] [world] The Player <Funget114514> has teleported from 8, 65, 14 to 8, 188, 18
[2023-07-21 21:47:38] [world] The Player <Funget114514> has teleported from -199, 62, -450 to -42, 72, -262
[2023-07-21 21:51:10] [world] The Player <wqe123420> has teleported from 9, 75, -294 to 0, 12, -206
[2023-07-21 22:07:37] [world] The Player <Funget114514> has teleported from -4, 64, -279 to 49, 8, -483
[2023-07-21 22:10:09] [world_nether] The Player <Funget114514> has teleported from 76, 10, -485 to 98, 14, -431
[2023-07-21 22:18:44] [world] The Player <Enderlava> has teleported from -3, 64, -278 to 6, 129, -21
[2023-07-21 22:19:05] [world_nether] The Player <Enderlava> has teleported from 168, 129, 121 to 1359, -4, 972
[2023-07-21 22:19:08] [world] The Player <Enderlava> has teleported from 1363, -3, 979 to 100, 49, 0
[2023-07-21 22:19:48] [world_nether] The Player <wqe123420> has teleported from 99, 6, -446 to 8, 69, -297
[2023-07-21 22:20:42] [world] The Player <wqe123420> has teleported from 6, 63, -288 to 161, 12, -438
[2023-07-21 22:21:14] [world_nether] The Player <wqe123420> has teleported from 163, 12, -440 to 9, 74, -296
[2023-07-21 22:22:28] [world] The Player <Enderlava> has teleported from -979, 67, -1010 to -30, 72, -283
[2023-07-21 22:26:39] [world] The Player <Funget114514> has teleported from -21, 63, -283 to 160, 13, -551
[2023-07-21 22:27:16] [world] The Player <Funget114514> has teleported from 2, 63, -278 to 160, 13, -551
[2023-07-21 22:27:37] [world] The Player <Funget114514> has teleported from -2, 64, -278 to 7, 129, -21
[2023-07-21 22:27:44] [world_nether] The Player <Funget114514> has teleported from 7, 129, -21 to -2, 64, -278
[2023-07-21 22:28:26] [world] The Player <Funget114514> has teleported from -27, 63, -287 to 160, 13, -551
[2023-07-21 22:29:19] [world] The Player <wqe123420> has teleported from -827, 17, -761 to -5, 63, -278
[2023-07-21 22:29:28] [world] The Player <Enderlava> has teleported from -3, 64, -278 to 6, 129, -21
[2023-07-21 22:29:52] [world] The Player <Funget114514> has teleported from -3, 64, -278 to 6, 129, -21
[2023-07-21 22:32:06] [world] The Player <wqe123420> has teleported from -16, 63, -286 to 33, 66, -265
[2023-07-21 22:34:25] [world_nether] The Player <Funget114514> has teleported from 37, 72, -357 to 160, 13, -551
[2023-07-21 22:34:43] [world_nether] The Player <Enderlava> has teleported from 37, 72, -356 to -30, 72, -283
[2023-07-21 22:34:45] [world_nether] The Player <wqe123420> has teleported from 30, 46, -222 to -30, 72, -283
[2023-07-21 22:35:13] [world] The Player <123131313> has teleported from -128, 65, -112 to -26, 63, -287
[2023-07-21 22:35:20] [world] The Player <123131313> has teleported from -128, 65, -112 to -25, 63, -287
[2023-07-21 22:35:53] [world_nether] The Player <Funget114514> has teleported from 159, 11, -551 to 8, 188, 18
[2023-07-21 22:36:39] [world] The Player <123131313> has teleported from -128, 65, -112 to -14, 63, -284
[2023-07-21 22:37:14] [world] The Player <Funget114514> has teleported from -21, 63, -283 to -9, 63, -286
[2023-07-21 22:40:05] [world] The Player <123131313> has teleported from -128, 65, -112 to -17, 63, -282
[2023-07-21 22:40:23] [world] The Player <123131313> has teleported from -128, 65, -112 to -11, 63, -277
[2023-07-21 22:40:46] [world] The Player <123131313> has teleported from -128, 65, -112 to -12, 63, -277
