[2023-07-22 12:58:29] [world] The Player <wqe123420> has teleported from -79, -58, -198 to 9, 62, -291
[2023-07-22 12:59:01] [world] The Player <wqe123420> has teleported from -2, 64, -278 to 7, 129, -21
[2023-07-22 12:59:08] [world] The Player <Enderlava> has teleported from -2, 64, -278 to 7, 129, -21
[2023-07-22 13:00:20] [world_nether] The Player <Enderlava> has teleported from 168, 129, 122 to 1359, -4, 973
[2023-07-22 13:00:24] [world] The Player <Enderlava> has teleported from 1363, -3, 979 to 100, 49, 0
[2023-07-22 13:06:14] [world] The Player <Funget114514> has teleported from -2, 64, -278 to 7, 129, -21
[2023-07-22 13:08:11] [world_nether] The Player <Funget114514> has teleported from -50, 58, -42 to 160, 35, -549
[2023-07-22 13:16:45] [world_nether] The Player <Funget114514> has teleported from 84, 43, -676 to 8, 188, 18
[2023-07-22 13:18:06] [world] The Player <wqe123420> has teleported from -21, 63, -281 to -21, 12, -309
[2023-07-22 13:27:21] [world_nether] The Player <wqe123420> has teleported from -118, 10, -334 to -3227, 62, 4516
[2023-07-22 13:27:54] [world] The Player <wqe123420> has teleported from -3235, 63, 4302 to -404, 129, 524
[2023-07-22 13:28:32] [world_nether] The Player <wqe123420> has teleported from 7, 129, -21 to -2, 64, -278
[2023-07-22 13:34:37] [world] The Player <Funget114514> has teleported from -54, 80, -265 to 8, 188, 18
[2023-07-22 13:34:41] [world] The Player <wqe123420> has teleported from -2, 64, -277 to 7, 129, -21
[2023-07-22 13:35:16] [world] The Player <Funget114514> has teleported from 8, 187, 19 to 167, 128, 123
[2023-07-22 13:35:24] [world_nether] The Player <wqe123420> has teleported from 168, 129, 122 to 1359, -4, 973
[2023-07-22 13:35:26] [world_nether] The Player <Funget114514> has teleported from 168, 129, 121 to 1359, -4, 972
[2023-07-22 13:35:28] [world] The Player <wqe123420> has teleported from 1363, -3, 979 to 100, 49, 0
[2023-07-22 13:35:30] [world] The Player <Funget114514> has teleported from 1363, -3, 979 to 100, 49, 0
[2023-07-22 13:38:34] [world_the_end] The Player <Funget114514> has teleported from -7, 29, -168 to -26, 59, -314
[2023-07-22 13:43:51] [world] The Player <wqe123420> has teleported from -2, 64, -277 to 7, 129, -21
[2023-07-22 13:44:24] [world_nether] The Player <wqe123420> has teleported from 140, 129, -22 to 1071, 205, -207
[2023-07-22 13:49:00] [world_the_end] The Player <Enderlava> has teleported from 329, 1, 7 to -30, 72, -283
[2023-07-22 13:58:44] [world] The Player <Enderlava> has teleported from 12, -14, -201 to -30, 72, -283
[2023-07-22 14:47:29] [world] The Player <wqe123420> has teleported from 1071, 205, -208 to 139, 129, -22
[2023-07-22 15:03:28] [world_nether] The Player <wqe123420> has teleported from 318, 15, -207 to -3227, 62, 4516
[2023-07-22 15:03:58] [world] The Player <wqe123420> has teleported from -3235, 63, 4302 to -405, 129, 524
[2023-07-22 15:04:39] [world_nether] The Player <wqe123420> has teleported from 6, 129, -21 to -3, 64, -278
[2023-07-22 18:25:23] [world] The Player <Enderlava> has teleported from -3, 64, -278 to 6, 129, -21
[2023-07-22 18:28:05] [world_nether] The Player <Enderlava> has teleported from 167, 129, 122 to 1359, -4, 973
[2023-07-22 18:28:09] [world] The Player <Enderlava> has teleported from 1363, -3, 979 to 100, 49, 0
[2023-07-22 19:26:41] [world_the_end] The Player <sand> has teleported from 1, 63, 0 to -3, 61, -6
[2023-07-22 19:28:01] [world] The Player <Enderlava> has teleported from -128, 65, -111 to 204, 89, 235
[2023-07-22 19:28:35] [em_adventurers_guild] The Player <Enderlava> has teleported from 204, 88, 235 to -128, 66, -111
[2023-07-22 19:37:02] [world] The Player <Funget114514> has teleported from -21, 63, -283 to -499, 64, -472
[2023-07-22 20:07:10] [world] The Player <wqe123420> has teleported from -82, -49, -216 to -3227, 62, 4516
[2023-07-22 20:07:38] [world] The Player <wqe123420> has teleported from -3236, 63, 4302 to -405, 129, 524
[2023-07-22 20:08:22] [world_nether] The Player <wqe123420> has teleported from 7, 129, -21 to -2, 64, -278
[2023-07-22 20:08:49] [world] The Player <wqe123420> has teleported from -25, 69, -281 to -125, 64, -113
[2023-07-22 20:09:59] [world] The Player <wqe123420> has teleported from -3, 64, -278 to 6, 129, -21
[2023-07-22 20:18:51] [world_nether] The Player <wqe123420> has teleported from -813, 31, 1303 to -3227, 62, 4516
[2023-07-22 20:19:43] [world] The Player <wqe123420> has teleported from -3235, 63, 4302 to -404, 129, 524
[2023-07-22 20:20:24] [world_nether] The Player <wqe123420> has teleported from 7, 129, -21 to -2, 64, -278
[2023-07-22 20:32:58] [world] The Player <wqe123420> has teleported from -159, 56, -280 to -159, 56, -281
[2023-07-22 20:32:58] [world] The Player <wqe123420> has teleported from -159, 56, -281 to -159, 56, -281
[2023-07-22 20:32:58] [world] The Player <wqe123420> has teleported from -159, 56, -281 to -159, 56, -281
[2023-07-22 20:32:58] [world] The Player <wqe123420> has teleported from -159, 56, -281 to -159, 56, -281
[2023-07-22 20:32:58] [world] The Player <wqe123420> has teleported from -159, 56, -281 to -159, 56, -281
[2023-07-22 20:32:58] [world] The Player <wqe123420> has teleported from -159, 56, -281 to -159, 56, -281
[2023-07-22 20:32:59] [world] The Player <wqe123420> has teleported from -159, 56, -280 to -159, 56, -281
[2023-07-22 20:32:59] [world] The Player <wqe123420> has teleported from -159, 56, -281 to -159, 56, -281
[2023-07-22 20:32:59] [world] The Player <wqe123420> has teleported from -159, 56, -281 to -159, 56, -281
[2023-07-22 20:32:59] [world] The Player <wqe123420> has teleported from -159, 56, -281 to -159, 56, -281
[2023-07-22 20:32:59] [world] The Player <wqe123420> has teleported from -159, 56, -281 to -159, 56, -281
[2023-07-22 20:32:59] [world] The Player <wqe123420> has teleported from -159, 56, -281 to -159, 56, -281
[2023-07-22 20:32:59] [world] The Player <wqe123420> has teleported from -159, 56, -281 to -159, 56, -281
[2023-07-22 20:32:59] [world] The Player <wqe123420> has teleported from -159, 56, -281 to -159, 56, -281
[2023-07-22 20:32:59] [world] The Player <wqe123420> has teleported from -159, 56, -281 to -159, 56, -281
[2023-07-22 20:32:59] [world] The Player <wqe123420> has teleported from -159, 56, -281 to -159, 56, -281
[2023-07-22 20:32:59] [world] The Player <wqe123420> has teleported from -159, 56, -281 to -159, 56, -281
[2023-07-22 20:32:59] [world] The Player <wqe123420> has teleported from -159, 56, -281 to -159, 56, -281
[2023-07-22 20:32:59] [world] The Player <wqe123420> has teleported from -159, 56, -281 to -159, 56, -281
[2023-07-22 20:32:59] [world] The Player <wqe123420> has teleported from -159, 56, -281 to -159, 56, -281
[2023-07-22 20:32:59] [world] The Player <wqe123420> has teleported from -159, 56, -281 to -159, 56, -281
[2023-07-22 20:32:59] [world] The Player <wqe123420> has teleported from -159, 56, -281 to -159, 56, -281
[2023-07-22 20:33:00] [world] The Player <wqe123420> has teleported from -159, 56, -281 to -159, 56, -281
[2023-07-22 20:33:00] [world] The Player <wqe123420> has teleported from -159, 56, -281 to -159, 56, -281
[2023-07-22 20:33:00] [world] The Player <wqe123420> has teleported from -159, 56, -281 to -159, 56, -281
[2023-07-22 20:33:00] [world] The Player <wqe123420> has teleported from -159, 56, -281 to -159, 56, -281
[2023-07-22 20:33:00] [world] The Player <wqe123420> has teleported from -159, 56, -281 to -159, 56, -281
[2023-07-22 20:33:29] [world] The Player <Enderlava> has teleported from -17, 78, -341 to -182, 58, -276
[2023-07-22 20:33:35] [world] The Player <wqe123420> has teleported from -184, 58, -275 to -184, 58, -275
[2023-07-22 20:33:35] [world] The Player <Enderlava> has teleported from -182, 53, -275 to -182, 53, -275
[2023-07-22 20:33:35] [world] The Player <wqe123420> has teleported from -184, 58, -275 to -184, 58, -275
[2023-07-22 20:33:35] [world] The Player <Enderlava> has teleported from -182, 53, -275 to -182, 53, -275
[2023-07-22 20:33:35] [world] The Player <wqe123420> has teleported from -184, 58, -275 to -184, 58, -275
[2023-07-22 20:33:35] [world] The Player <Enderlava> has teleported from -182, 53, -275 to -182, 53, -275
[2023-07-22 20:33:35] [world] The Player <wqe123420> has teleported from -184, 58, -275 to -184, 58, -275
[2023-07-22 20:33:35] [world] The Player <Enderlava> has teleported from -182, 53, -275 to -182, 53, -275
[2023-07-22 20:33:35] [world] The Player <wqe123420> has teleported from -184, 58, -275 to -184, 58, -275
[2023-07-22 20:33:35] [world] The Player <Enderlava> has teleported from -182, 53, -275 to -182, 53, -275
[2023-07-22 20:33:35] [world] The Player <wqe123420> has teleported from -184, 58, -275 to -184, 58, -275
[2023-07-22 20:33:35] [world] The Player <Enderlava> has teleported from -182, 53, -275 to -182, 53, -275
[2023-07-22 20:33:35] [world] The Player <wqe123420> has teleported from -184, 58, -275 to -184, 58, -275
[2023-07-22 20:33:35] [world] The Player <Enderlava> has teleported from -182, 53, -275 to -182, 53, -275
[2023-07-22 20:33:35] [world] The Player <wqe123420> has teleported from -184, 58, -275 to -184, 58, -275
[2023-07-22 20:33:35] [world] The Player <Enderlava> has teleported from -182, 53, -275 to -182, 53, -275
[2023-07-22 20:33:35] [world] The Player <wqe123420> has teleported from -184, 58, -275 to -184, 58, -275
[2023-07-22 20:33:35] [world] The Player <Enderlava> has teleported from -182, 53, -275 to -182, 53, -275
[2023-07-22 20:33:36] [world] The Player <wqe123420> has teleported from -184, 58, -275 to -184, 58, -275
[2023-07-22 20:33:36] [world] The Player <wqe123420> has teleported from -184, 58, -275 to -184, 58, -275
[2023-07-22 20:33:36] [world] The Player <wqe123420> has teleported from -184, 58, -275 to -184, 58, -275
[2023-07-22 20:33:36] [world] The Player <wqe123420> has teleported from -184, 58, -275 to -184, 58, -275
[2023-07-22 20:33:36] [world] The Player <wqe123420> has teleported from -184, 58, -275 to -184, 58, -275
[2023-07-22 20:33:36] [world] The Player <wqe123420> has teleported from -184, 58, -275 to -184, 58, -275
[2023-07-22 20:33:36] [world] The Player <wqe123420> has teleported from -184, 58, -275 to -184, 58, -275
[2023-07-22 20:33:36] [world] The Player <wqe123420> has teleported from -184, 58, -275 to -184, 58, -275
[2023-07-22 20:33:36] [world] The Player <wqe123420> has teleported from -184, 58, -275 to -184, 58, -275
[2023-07-22 20:33:36] [world] The Player <wqe123420> has teleported from -184, 58, -275 to -184, 58, -275
[2023-07-22 20:33:36] [world] The Player <wqe123420> has teleported from -184, 58, -275 to -184, 58, -275
[2023-07-22 20:33:36] [world] The Player <wqe123420> has teleported from -184, 58, -275 to -184, 58, -275
[2023-07-22 20:33:36] [world] The Player <wqe123420> has teleported from -184, 58, -275 to -184, 58, -275
[2023-07-22 20:33:36] [world] The Player <wqe123420> has teleported from -184, 58, -275 to -184, 58, -275
[2023-07-22 20:33:36] [world] The Player <wqe123420> has teleported from -184, 58, -275 to -184, 58, -275
[2023-07-22 20:33:36] [world] The Player <wqe123420> has teleported from -184, 58, -275 to -184, 58, -275
[2023-07-22 20:33:36] [world] The Player <wqe123420> has teleported from -184, 58, -275 to -184, 58, -275
[2023-07-22 20:33:37] [world] The Player <wqe123420> has teleported from -184, 58, -275 to -184, 58, -275
[2023-07-22 20:33:37] [world] The Player <wqe123420> has teleported from -184, 58, -275 to -184, 58, -275
[2023-07-22 20:33:37] [world] The Player <wqe123420> has teleported from -184, 58, -275 to -184, 58, -275
[2023-07-22 20:33:37] [world] The Player <wqe123420> has teleported from -184, 58, -275 to -184, 58, -275
[2023-07-22 20:33:37] [world] The Player <wqe123420> has teleported from -184, 58, -275 to -184, 58, -275
[2023-07-22 20:33:37] [world] The Player <wqe123420> has teleported from -184, 58, -275 to -184, 58, -275
[2023-07-22 20:33:37] [world] The Player <wqe123420> has teleported from -184, 58, -275 to -184, 58, -275
[2023-07-22 20:33:37] [world] The Player <wqe123420> has teleported from -184, 58, -275 to -184, 58, -275
[2023-07-22 20:33:37] [world] The Player <wqe123420> has teleported from -184, 58, -275 to -184, 58, -275
[2023-07-22 20:33:37] [world] The Player <wqe123420> has teleported from -184, 58, -275 to -184, 58, -275
[2023-07-22 20:33:37] [world] The Player <wqe123420> has teleported from -184, 58, -275 to -184, 58, -275
[2023-07-22 20:33:37] [world] The Player <wqe123420> has teleported from -184, 58, -275 to -184, 58, -275
[2023-07-22 20:33:37] [world] The Player <wqe123420> has teleported from -184, 58, -275 to -184, 58, -275
[2023-07-22 20:33:37] [world] The Player <wqe123420> has teleported from -184, 58, -275 to -184, 58, -275
[2023-07-22 20:33:37] [world] The Player <wqe123420> has teleported from -184, 58, -275 to -184, 58, -275
[2023-07-22 20:33:37] [world] The Player <wqe123420> has teleported from -184, 58, -275 to -184, 58, -275
[2023-07-22 20:33:38] [world] The Player <wqe123420> has teleported from -184, 58, -275 to -184, 58, -275
[2023-07-22 20:33:38] [world] The Player <wqe123420> has teleported from -184, 58, -275 to -184, 58, -275
[2023-07-22 20:33:38] [world] The Player <wqe123420> has teleported from -184, 58, -275 to -184, 58, -275
[2023-07-22 20:33:38] [world] The Player <wqe123420> has teleported from -184, 58, -275 to -184, 58, -275
[2023-07-22 20:33:38] [world] The Player <wqe123420> has teleported from -184, 58, -275 to -184, 58, -275
[2023-07-22 20:33:38] [world] The Player <wqe123420> has teleported from -184, 58, -275 to -184, 58, -275
[2023-07-22 20:33:38] [world] The Player <wqe123420> has teleported from -184, 58, -275 to -184, 58, -275
[2023-07-22 20:33:38] [world] The Player <wqe123420> has teleported from -184, 58, -275 to -184, 58, -275
[2023-07-22 20:33:38] [world] The Player <wqe123420> has teleported from -184, 58, -275 to -184, 58, -275
[2023-07-22 20:33:38] [world] The Player <wqe123420> has teleported from -184, 58, -275 to -184, 58, -275
[2023-07-22 20:33:38] [world] The Player <wqe123420> has teleported from -184, 58, -275 to -184, 58, -275
[2023-07-22 20:33:38] [world] The Player <wqe123420> has teleported from -184, 58, -275 to -184, 58, -275
[2023-07-22 20:33:38] [world] The Player <wqe123420> has teleported from -184, 58, -275 to -184, 58, -275
[2023-07-22 20:33:38] [world] The Player <wqe123420> has teleported from -184, 58, -275 to -184, 58, -275
[2023-07-22 20:33:38] [world] The Player <wqe123420> has teleported from -184, 58, -275 to -184, 58, -275
[2023-07-22 20:33:38] [world] The Player <wqe123420> has teleported from -184, 58, -275 to -184, 58, -275
[2023-07-22 20:33:39] [world] The Player <wqe123420> has teleported from -184, 58, -275 to -184, 58, -275
[2023-07-22 20:33:39] [world] The Player <wqe123420> has teleported from -184, 58, -275 to -184, 58, -275
[2023-07-22 20:33:39] [world] The Player <wqe123420> has teleported from -184, 58, -275 to -184, 58, -275
[2023-07-22 20:33:39] [world] The Player <wqe123420> has teleported from -184, 58, -275 to -184, 58, -275
[2023-07-22 20:33:39] [world] The Player <wqe123420> has teleported from -184, 58, -275 to -184, 58, -275
[2023-07-22 20:33:53] [world] The Player <wqe123420> has teleported from -181, 53, -283 to -181, 53, -283
[2023-07-22 20:33:53] [world] The Player <wqe123420> has teleported from -181, 53, -283 to -181, 53, -283
[2023-07-22 20:33:53] [world] The Player <wqe123420> has teleported from -181, 53, -283 to -181, 53, -283
[2023-07-22 20:34:08] [world] The Player <Enderlava> has teleported from -180, 53, -283 to -181, 53, -283
[2023-07-22 20:34:08] [world] The Player <Enderlava> has teleported from -181, 54, -283 to -181, 53, -283
[2023-07-22 20:34:08] [world] The Player <Enderlava> has teleported from -181, 53, -283 to -181, 53, -283
[2023-07-22 20:34:08] [world] The Player <Enderlava> has teleported from -181, 53, -283 to -181, 53, -283
[2023-07-22 20:34:09] [world] The Player <Enderlava> has teleported from -181, 53, -283 to -181, 53, -283
[2023-07-22 20:34:09] [world] The Player <Enderlava> has teleported from -181, 53, -283 to -181, 53, -283
[2023-07-22 20:34:09] [world] The Player <Enderlava> has teleported from -181, 53, -283 to -181, 53, -283
[2023-07-22 20:34:09] [world] The Player <Enderlava> has teleported from -181, 53, -283 to -181, 53, -283
[2023-07-22 20:34:09] [world] The Player <Enderlava> has teleported from -181, 53, -283 to -181, 53, -283
[2023-07-22 20:34:09] [world] The Player <Enderlava> has teleported from -181, 53, -283 to -181, 53, -283
[2023-07-22 20:34:09] [world] The Player <Enderlava> has teleported from -181, 53, -283 to -181, 53, -283
[2023-07-22 20:34:09] [world] The Player <Enderlava> has teleported from -181, 53, -283 to -181, 53, -283
[2023-07-22 20:34:09] [world] The Player <Enderlava> has teleported from -181, 53, -283 to -181, 53, -283
[2023-07-22 20:35:04] [world] The Player <Enderlava> has teleported from -196, 55, -293 to -196, 55, -293
[2023-07-22 20:35:04] [world] The Player <Enderlava> has teleported from -196, 55, -293 to -196, 55, -293
[2023-07-22 20:35:04] [world] The Player <Enderlava> has teleported from -196, 55, -293 to -196, 55, -293
[2023-07-22 20:35:04] [world] The Player <Enderlava> has teleported from -196, 55, -293 to -196, 55, -293
[2023-07-22 20:35:04] [world] The Player <Enderlava> has teleported from -196, 55, -293 to -196, 55, -293
[2023-07-22 20:35:04] [world] The Player <Enderlava> has teleported from -196, 55, -293 to -196, 55, -293
[2023-07-22 20:35:04] [world] The Player <Enderlava> has teleported from -196, 55, -293 to -196, 55, -293
[2023-07-22 20:35:04] [world] The Player <Enderlava> has teleported from -196, 55, -293 to -196, 55, -293
[2023-07-22 20:35:04] [world] The Player <Enderlava> has teleported from -196, 55, -293 to -196, 55, -293
[2023-07-22 20:35:04] [world] The Player <Enderlava> has teleported from -196, 55, -293 to -196, 55, -293
[2023-07-22 20:35:05] [world] The Player <Enderlava> has teleported from -196, 55, -293 to -196, 55, -293
[2023-07-22 20:35:05] [world] The Player <Enderlava> has teleported from -196, 55, -293 to -196, 55, -293
[2023-07-22 20:35:05] [world] The Player <Enderlava> has teleported from -196, 55, -293 to -196, 55, -293
[2023-07-22 20:41:43] [world] The Player <Enderlava> has teleported from -97, 69, 112 to -30, 72, -283
[2023-07-22 21:32:02] [world] The Player <wqe123420> has teleported from -88, 72, -174 to 208, 88, 236
[2023-07-22 21:34:50] [em_adventurers_guild] The Player <wqe123420> has teleported from 241, 92, 268 to 219, 70, 295
[2023-07-22 21:34:50] [em_adventurers_guild] The Player <wqe123420> has teleported from 219, 70, 295 to 219, 70, 295
[2023-07-22 21:35:06] [em_adventurers_guild] The Player <wqe123420> has teleported from 226, 79, 305 to 219, 70, 295
[2023-07-22 21:46:02] [em_adventurers_guild] The Player <wqe123420> has teleported from 231, 79, 308 to 241, 92, 268
[2023-07-22 21:46:23] [em_adventurers_guild] The Player <wqe123420> has teleported from 229, 92, 326 to -19, 67, -280
[2023-07-22 21:46:23] [world] The Player <wqe123420> has teleported from -19, 67, -280 to -19, 67, -280
[2023-07-22 21:47:24] [world] The Player <wqe123420> has teleported from -5, 69, -250 to 208, 88, 236
[2023-07-22 21:47:42] [em_adventurers_guild] The Player <wqe123420> has teleported from 239, 92, 268 to 219, 70, 295
[2023-07-22 21:47:42] [em_adventurers_guild] The Player <wqe123420> has teleported from 219, 70, 295 to 219, 70, 295
[2023-07-22 21:47:52] [em_adventurers_guild] The Player <wqe123420> has teleported from 239, 82, 304 to 219, 70, 295
[2023-07-22 21:56:18] [em_adventurers_guild] The Player <wqe123420> has teleported from 221, 71, 286 to 239, 92, 268
[2023-07-22 22:00:20] [em_adventurers_guild] The Player <Enderlava> has teleported from 240, 92, 270 to 219, 70, 295
[2023-07-22 22:00:20] [em_adventurers_guild] The Player <Enderlava> has teleported from 219, 70, 295 to 219, 70, 295
[2023-07-22 22:04:05] [em_adventurers_guild] The Player <wqe123420> has teleported from 214, 87, 233 to -5, 69, -250
[2023-07-22 22:07:37] [em_adventurers_guild] The Player <Enderlava> has teleported from 222, 71, 286 to 242, 92, 269
[2023-07-22 22:08:02] [world] The Player <wqe123420> has teleported from -16, 61, -289 to 241, 93, 274
[2023-07-22 22:08:12] [em_adventurers_guild] The Player <wqe123420> has teleported from 241, 92, 270 to 219, 70, 295
[2023-07-22 22:08:12] [em_adventurers_guild] The Player <wqe123420> has teleported from 219, 70, 295 to 219, 70, 295
[2023-07-22 22:09:39] [em_adventurers_guild] The Player <wqe123420> has teleported from 206, 71, 289 to 242, 92, 269
[2023-07-22 22:09:39] [em_adventurers_guild] The Player <wqe123420> has teleported from 242, 92, 269 to 243, 93, 276
[2023-07-22 22:12:28] [em_adventurers_guild] The Player <Enderlava> has teleported from 241, 92, 270 to 219, 70, 295
[2023-07-22 22:12:28] [em_adventurers_guild] The Player <Enderlava> has teleported from 219, 70, 295 to 219, 70, 295
[2023-07-22 22:12:58] [em_adventurers_guild] The Player <wqe123420> has teleported from 240, 92, 271 to 219, 70, 295
[2023-07-22 22:12:58] [em_adventurers_guild] The Player <wqe123420> has teleported from 219, 70, 295 to 219, 70, 295
[2023-07-22 22:13:09] [em_adventurers_guild] The Player <Enderlava> has teleported from 222, 70, 297 to 219, 70, 295
[2023-07-22 22:13:09] [em_adventurers_guild] The Player <wqe123420> has teleported from 219, 70, 295 to 219, 70, 295
[2023-07-22 22:20:49] [em_adventurers_guild] The Player <Enderlava> has teleported from 205, 71, 317 to 204, 71, 315
[2023-07-22 22:21:28] [em_adventurers_guild] The Player <wqe123420> has teleported from 215, 75, 293 to 213, 81, 295
[2023-07-22 22:23:06] [em_adventurers_guild] The Player <Enderlava> has teleported from 223, 78, 292 to 225, 76, 294
[2023-07-22 22:23:22] [em_adventurers_guild] The Player <Enderlava> has teleported from 231, 76, 299 to 241, 92, 270
[2023-07-22 22:23:22] [em_adventurers_guild] The Player <wqe123420> has teleported from 221, 78, 290 to 242, 92, 269
