[2023-08-23 13:57:07] [world] The Player <wqe123420> has teleported from -401, 69, -74 to -297, 56, 14
[2023-08-23 13:57:45] [world] The Player <wqe123420> has teleported from -272, 57, 14 to -272, 58, 14
[2023-08-23 13:57:45] [world] The Player <wqe123420> has teleported from -273, 58, 14 to -273, 58, 14
[2023-08-23 13:57:45] [world] The Player <wqe123420> has teleported from -273, 58, 14 to -273, 58, 14
[2023-08-23 13:57:45] [world] The Player <wqe123420> has teleported from -273, 58, 14 to -273, 59, 14
[2023-08-23 13:57:45] [world] The Player <wqe123420> has teleported from -273, 59, 14 to -273, 59, 14
[2023-08-23 13:57:45] [world] The Player <wqe123420> has teleported from -273, 59, 14 to -273, 60, 14
[2023-08-23 13:57:45] [world] The Player <wqe123420> has teleported from -273, 60, 14 to -273, 60, 14
[2023-08-23 13:57:45] [world] The Player <wqe123420> has teleported from -273, 60, 14 to -273, 61, 14
[2023-08-23 13:57:45] [world] The Player <wqe123420> has teleported from -273, 60, 14 to -273, 60, 14
[2023-08-23 13:57:45] [world] The Player <wqe123420> has teleported from -273, 60, 14 to -273, 61, 14
[2023-08-23 13:57:45] [world] The Player <wqe123420> has teleported from -273, 61, 14 to -273, 61, 14
[2023-08-23 13:57:46] [world] The Player <wqe123420> has teleported from -273, 61, 14 to -273, 61, 14
[2023-08-23 13:57:46] [world] The Player <wqe123420> has teleported from -273, 61, 14 to -273, 62, 14
[2023-08-23 13:57:46] [world] The Player <wqe123420> has teleported from -273, 62, 14 to -273, 62, 14
[2023-08-23 13:57:46] [world] The Player <wqe123420> has teleported from -273, 62, 14 to -273, 62, 14
[2023-08-23 13:57:46] [world] The Player <wqe123420> has teleported from -273, 62, 14 to -273, 63, 14
[2023-08-23 13:57:46] [world] The Player <wqe123420> has teleported from -273, 62, 14 to -273, 63, 14
[2023-08-23 13:57:46] [world] The Player <wqe123420> has teleported from -273, 62, 14 to -273, 63, 14
[2023-08-23 13:57:46] [world] The Player <wqe123420> has teleported from -273, 62, 14 to -273, 63, 14
[2023-08-23 13:57:54] [world] The Player <wqe123420> has teleported from -401, 69, -74 to -271, 52, 16
[2023-08-23 13:57:54] [world] The Player <wqe123420> has teleported from -271, 52, 16 to -271, 52, 16
[2023-08-23 13:57:54] [world] The Player <wqe123420> has teleported from -271, 52, 16 to -271, 53, 16
[2023-08-23 13:57:54] [world] The Player <wqe123420> has teleported from -271, 52, 16 to -271, 53, 16
[2023-08-23 13:57:54] [world] The Player <wqe123420> has teleported from -271, 53, 16 to -271, 53, 16
[2023-08-23 13:57:54] [world] The Player <wqe123420> has teleported from -271, 53, 16 to -271, 54, 16
[2023-08-23 13:57:54] [world] The Player <wqe123420> has teleported from -271, 54, 16 to -271, 54, 16
[2023-08-23 13:57:54] [world] The Player <wqe123420> has teleported from -271, 54, 16 to -271, 55, 16
[2023-08-23 13:57:54] [world] The Player <wqe123420> has teleported from -271, 55, 16 to -271, 55, 16
[2023-08-23 13:57:54] [world] The Player <wqe123420> has teleported from -271, 55, 16 to -271, 56, 16
[2023-08-23 13:57:54] [world] The Player <wqe123420> has teleported from -271, 56, 16 to -271, 56, 16
[2023-08-23 13:57:54] [world] The Player <wqe123420> has teleported from -271, 56, 16 to -271, 57, 16
[2023-08-23 13:57:54] [world] The Player <wqe123420> has teleported from -271, 57, 16 to -271, 57, 16
[2023-08-23 13:57:54] [world] The Player <wqe123420> has teleported from -271, 57, 16 to -271, 57, 16
[2023-08-23 13:57:55] [world] The Player <wqe123420> has teleported from -271, 57, 16 to -271, 58, 16
[2023-08-23 13:57:55] [world] The Player <wqe123420> has teleported from -271, 58, 16 to -271, 58, 16
[2023-08-23 13:57:55] [world] The Player <wqe123420> has teleported from -271, 58, 16 to -271, 58, 16
[2023-08-23 13:57:55] [world] The Player <wqe123420> has teleported from -271, 58, 16 to -271, 58, 16
[2023-08-23 13:57:55] [world] The Player <wqe123420> has teleported from -271, 58, 16 to -271, 59, 16
[2023-08-23 13:57:55] [world] The Player <wqe123420> has teleported from -271, 59, 16 to -271, 59, 16
[2023-08-23 13:57:55] [world] The Player <wqe123420> has teleported from -271, 59, 16 to -271, 59, 16
[2023-08-23 13:57:55] [world] The Player <wqe123420> has teleported from -271, 59, 16 to -271, 60, 16
[2023-08-23 13:57:55] [world] The Player <wqe123420> has teleported from -271, 60, 16 to -271, 60, 16
[2023-08-23 13:57:55] [world] The Player <wqe123420> has teleported from -271, 60, 16 to -271, 61, 16
[2023-08-23 13:57:55] [world] The Player <wqe123420> has teleported from -271, 61, 16 to -271, 61, 16
[2023-08-23 13:57:55] [world] The Player <wqe123420> has teleported from -271, 61, 16 to -271, 62, 16
[2023-08-23 13:57:55] [world] The Player <wqe123420> has teleported from -271, 62, 16 to -271, 62, 16
[2023-08-23 13:57:55] [world] The Player <wqe123420> has teleported from -271, 62, 16 to -271, 63, 16
[2023-08-23 13:57:55] [world] The Player <wqe123420> has teleported from -271, 62, 16 to -271, 63, 16
[2023-08-23 13:57:55] [world] The Player <wqe123420> has teleported from -271, 62, 16 to -271, 63, 16
[2023-08-23 13:57:55] [world] The Player <wqe123420> has teleported from -271, 62, 16 to -271, 63, 16
[2023-08-23 13:57:56] [world] The Player <wqe123420> has teleported from -272, 62, 16 to -272, 63, 16
[2023-08-23 13:57:56] [world] The Player <wqe123420> has teleported from -272, 62, 16 to -272, 63, 16
[2023-08-23 13:57:56] [world] The Player <wqe123420> has teleported from -272, 62, 16 to -272, 62, 16
[2023-08-23 13:57:56] [world] The Player <wqe123420> has teleported from -272, 62, 16 to -272, 63, 16
[2023-08-23 13:57:56] [world] The Player <wqe123420> has teleported from -272, 61, 16 to -272, 62, 16
[2023-08-23 13:57:56] [world] The Player <wqe123420> has teleported from -272, 62, 16 to -272, 62, 16
[2023-08-23 13:57:56] [world] The Player <wqe123420> has teleported from -272, 62, 16 to -272, 63, 16
[2023-08-23 13:57:56] [world] The Player <wqe123420> has teleported from -272, 62, 16 to -272, 63, 16
[2023-08-23 13:57:56] [world] The Player <wqe123420> has teleported from -272, 62, 16 to -272, 62, 16
[2023-08-23 13:57:57] [world] The Player <wqe123420> has teleported from -272, 62, 16 to -272, 63, 16
[2023-08-23 13:57:57] [world] The Player <wqe123420> has teleported from -272, 62, 16 to -272, 63, 16
[2023-08-23 13:57:57] [world] The Player <wqe123420> has teleported from -272, 62, 16 to -272, 63, 16
[2023-08-23 13:57:57] [world] The Player <wqe123420> has teleported from -272, 62, 16 to -272, 63, 16
[2023-08-23 13:57:57] [world] The Player <wqe123420> has teleported from -272, 62, 16 to -272, 63, 16
[2023-08-23 13:57:57] [world] The Player <wqe123420> has teleported from -273, 62, 16 to -273, 62, 16
[2023-08-23 13:57:57] [world] The Player <wqe123420> has teleported from -273, 62, 16 to -273, 63, 16
[2023-08-23 13:57:57] [world] The Player <wqe123420> has teleported from -273, 62, 16 to -273, 63, 16
[2023-08-23 13:57:57] [world] The Player <wqe123420> has teleported from -273, 62, 16 to -273, 63, 16
[2023-08-23 13:57:57] [world] The Player <wqe123420> has teleported from -273, 62, 16 to -273, 63, 16
[2023-08-23 13:58:04] [world] The Player <wqe123420> has teleported from -401, 69, -74 to -271, 52, 16
[2023-08-23 13:58:26] [world] The Player <wqe123420> has teleported from -259, 56, 14 to -259, 56, 14
[2023-08-23 13:58:26] [world] The Player <wqe123420> has teleported from -259, 56, 14 to -259, 56, 14
[2023-08-23 13:58:27] [world] The Player <wqe123420> has teleported from -259, 56, 14 to -259, 56, 14
[2023-08-23 13:58:27] [world] The Player <wqe123420> has teleported from -259, 56, 14 to -259, 56, 14
[2023-08-23 13:58:27] [world] The Player <wqe123420> has teleported from -259, 56, 14 to -259, 56, 14
[2023-08-23 13:58:27] [world] The Player <wqe123420> has teleported from -259, 56, 14 to -259, 56, 14
[2023-08-23 13:58:27] [world] The Player <wqe123420> has teleported from -259, 56, 14 to -259, 56, 14
[2023-08-23 13:58:27] [world] The Player <wqe123420> has teleported from -259, 56, 14 to -259, 56, 14
[2023-08-23 13:58:27] [world] The Player <wqe123420> has teleported from -259, 56, 14 to -259, 56, 14
[2023-08-23 13:58:27] [world] The Player <wqe123420> has teleported from -259, 56, 14 to -259, 56, 14
[2023-08-23 13:58:27] [world] The Player <wqe123420> has teleported from -259, 56, 14 to -259, 56, 14
[2023-08-23 13:58:27] [world] The Player <wqe123420> has teleported from -259, 56, 14 to -259, 56, 14
[2023-08-23 13:58:27] [world] The Player <wqe123420> has teleported from -259, 56, 14 to -259, 56, 14
[2023-08-23 13:58:27] [world] The Player <wqe123420> has teleported from -259, 56, 14 to -259, 56, 14
[2023-08-23 13:58:27] [world] The Player <wqe123420> has teleported from -259, 56, 14 to -259, 56, 14
[2023-08-23 13:58:27] [world] The Player <wqe123420> has teleported from -259, 56, 14 to -259, 56, 14
[2023-08-23 13:58:27] [world] The Player <wqe123420> has teleported from -259, 56, 14 to -259, 56, 14
[2023-08-23 13:58:27] [world] The Player <wqe123420> has teleported from -259, 56, 14 to -259, 56, 14
[2023-08-23 13:58:27] [world] The Player <wqe123420> has teleported from -259, 56, 14 to -259, 56, 14
[2023-08-23 13:58:28] [world] The Player <wqe123420> has teleported from -259, 56, 14 to -259, 56, 14
[2023-08-23 13:58:28] [world] The Player <wqe123420> has teleported from -259, 56, 14 to -259, 56, 14
[2023-08-23 13:58:28] [world] The Player <wqe123420> has teleported from -259, 56, 14 to -259, 56, 14
[2023-08-23 13:58:28] [world] The Player <wqe123420> has teleported from -259, 56, 14 to -259, 56, 14
[2023-08-23 13:58:28] [world] The Player <wqe123420> has teleported from -259, 56, 14 to -259, 56, 14
[2023-08-23 13:58:28] [world] The Player <wqe123420> has teleported from -259, 56, 14 to -259, 56, 14
[2023-08-23 13:58:28] [world] The Player <wqe123420> has teleported from -259, 56, 14 to -259, 56, 14
[2023-08-23 13:58:28] [world] The Player <wqe123420> has teleported from -259, 56, 14 to -259, 56, 14
[2023-08-23 13:58:28] [world] The Player <wqe123420> has teleported from -259, 56, 14 to -259, 56, 14
[2023-08-23 13:58:28] [world] The Player <wqe123420> has teleported from -259, 56, 14 to -259, 56, 14
[2023-08-23 13:58:28] [world] The Player <wqe123420> has teleported from -259, 56, 14 to -259, 56, 14
[2023-08-23 13:58:28] [world] The Player <wqe123420> has teleported from -259, 56, 14 to -259, 56, 14
[2023-08-23 13:58:28] [world] The Player <wqe123420> has teleported from -259, 56, 14 to -259, 56, 14
[2023-08-23 13:58:28] [world] The Player <wqe123420> has teleported from -259, 56, 14 to -259, 56, 14
[2023-08-23 13:58:28] [world] The Player <wqe123420> has teleported from -259, 56, 14 to -259, 56, 14
[2023-08-23 13:58:28] [world] The Player <wqe123420> has teleported from -259, 56, 14 to -259, 56, 14
[2023-08-23 13:58:28] [world] The Player <wqe123420> has teleported from -259, 56, 14 to -259, 56, 14
[2023-08-23 13:58:28] [world] The Player <wqe123420> has teleported from -259, 56, 14 to -259, 56, 14
[2023-08-23 13:58:28] [world] The Player <wqe123420> has teleported from -259, 56, 14 to -259, 56, 14
[2023-08-23 13:58:28] [world] The Player <wqe123420> has teleported from -259, 56, 14 to -259, 56, 14
[2023-08-23 13:58:29] [world] The Player <wqe123420> has teleported from -259, 56, 14 to -259, 56, 14
[2023-08-23 13:58:29] [world] The Player <wqe123420> has teleported from -259, 56, 14 to -259, 56, 14
[2023-08-23 13:58:29] [world] The Player <wqe123420> has teleported from -259, 56, 14 to -259, 56, 14
[2023-08-23 13:58:29] [world] The Player <wqe123420> has teleported from -259, 56, 14 to -259, 56, 14
[2023-08-23 13:58:29] [world] The Player <wqe123420> has teleported from -259, 56, 14 to -259, 56, 14
[2023-08-23 13:58:29] [world] The Player <wqe123420> has teleported from -259, 56, 14 to -259, 56, 14
[2023-08-23 13:58:29] [world] The Player <wqe123420> has teleported from -259, 56, 14 to -259, 56, 14
[2023-08-23 13:58:29] [world] The Player <wqe123420> has teleported from -259, 56, 14 to -259, 56, 14
[2023-08-23 13:58:29] [world] The Player <wqe123420> has teleported from -259, 56, 14 to -259, 56, 14
[2023-08-23 13:58:29] [world] The Player <wqe123420> has teleported from -259, 56, 14 to -259, 56, 14
[2023-08-23 13:58:29] [world] The Player <wqe123420> has teleported from -259, 56, 14 to -259, 56, 14
[2023-08-23 13:58:29] [world] The Player <wqe123420> has teleported from -259, 56, 14 to -259, 56, 14
[2023-08-23 13:58:29] [world] The Player <wqe123420> has teleported from -259, 56, 14 to -259, 56, 14
[2023-08-23 13:58:29] [world] The Player <wqe123420> has teleported from -259, 56, 14 to -259, 56, 14
[2023-08-23 13:58:29] [world] The Player <wqe123420> has teleported from -259, 56, 14 to -259, 56, 14
[2023-08-23 13:58:30] [world] The Player <wqe123420> has teleported from -259, 56, 14 to -259, 56, 14
[2023-08-23 13:58:30] [world] The Player <wqe123420> has teleported from -259, 56, 14 to -259, 56, 14
[2023-08-23 13:58:30] [world] The Player <wqe123420> has teleported from -259, 56, 14 to -259, 56, 14
[2023-08-23 13:58:30] [world] The Player <wqe123420> has teleported from -259, 56, 14 to -259, 56, 14
[2023-08-23 13:58:30] [world] The Player <wqe123420> has teleported from -259, 56, 14 to -259, 56, 14
[2023-08-23 13:58:30] [world] The Player <wqe123420> has teleported from -259, 56, 14 to -259, 56, 14
[2023-08-23 13:58:30] [world] The Player <wqe123420> has teleported from -259, 56, 14 to -259, 56, 14
[2023-08-23 13:58:30] [world] The Player <wqe123420> has teleported from -259, 56, 14 to -259, 56, 14
[2023-08-23 13:58:30] [world] The Player <wqe123420> has teleported from -259, 56, 14 to -259, 56, 14
[2023-08-23 13:58:30] [world] The Player <wqe123420> has teleported from -259, 56, 14 to -259, 56, 14
[2023-08-23 13:58:30] [world] The Player <wqe123420> has teleported from -259, 56, 14 to -259, 56, 14
[2023-08-23 13:58:30] [world] The Player <wqe123420> has teleported from -259, 56, 14 to -259, 56, 14
[2023-08-23 13:58:30] [world] The Player <wqe123420> has teleported from -259, 56, 14 to -259, 56, 14
[2023-08-23 13:58:30] [world] The Player <wqe123420> has teleported from -259, 56, 14 to -259, 56, 14
[2023-08-23 13:58:30] [world] The Player <wqe123420> has teleported from -259, 56, 14 to -259, 56, 14
[2023-08-23 13:58:44] [world] The Player <wqe123420> has teleported from -261, 58, 3 to -261, 59, 3
[2023-08-23 13:58:44] [world] The Player <wqe123420> has teleported from -261, 59, 3 to -261, 59, 3
[2023-08-23 13:58:44] [world] The Player <wqe123420> has teleported from -261, 59, 3 to -261, 60, 3
[2023-08-23 13:58:44] [world] The Player <wqe123420> has teleported from -261, 60, 3 to -261, 60, 3
[2023-08-23 13:58:44] [world] The Player <wqe123420> has teleported from -261, 60, 3 to -261, 61, 3
[2023-08-23 13:58:44] [world] The Player <wqe123420> has teleported from -261, 61, 3 to -261, 61, 3
[2023-08-23 13:58:44] [world] The Player <wqe123420> has teleported from -261, 61, 3 to -261, 62, 3
[2023-08-23 13:58:45] [world] The Player <wqe123420> has teleported from -261, 62, 3 to -261, 62, 3
[2023-08-23 13:58:45] [world] The Player <wqe123420> has teleported from -261, 62, 3 to -261, 63, 3
[2023-08-23 13:58:45] [world] The Player <wqe123420> has teleported from -261, 62, 3 to -261, 63, 3
[2023-08-23 13:59:11] [world] The Player <wqe123420> has teleported from -261, 53, 14 to -261, 54, 14
[2023-08-23 13:59:11] [world] The Player <wqe123420> has teleported from -261, 54, 14 to -261, 54, 14
[2023-08-23 13:59:11] [world] The Player <wqe123420> has teleported from -261, 54, 14 to -261, 55, 14
[2023-08-23 13:59:11] [world] The Player <wqe123420> has teleported from -261, 55, 14 to -261, 55, 14
[2023-08-23 13:59:11] [world] The Player <wqe123420> has teleported from -261, 55, 14 to -261, 56, 14
[2023-08-23 13:59:11] [world] The Player <wqe123420> has teleported from -261, 56, 14 to -261, 56, 14
[2023-08-23 13:59:11] [world] The Player <wqe123420> has teleported from -261, 56, 14 to -261, 57, 14
[2023-08-23 13:59:11] [world] The Player <wqe123420> has teleported from -261, 57, 14 to -261, 57, 14
[2023-08-23 13:59:11] [world] The Player <wqe123420> has teleported from -261, 57, 14 to -261, 58, 14
[2023-08-23 13:59:11] [world] The Player <wqe123420> has teleported from -261, 57, 14 to -261, 58, 14
[2023-08-23 13:59:12] [world] The Player <wqe123420> has teleported from -261, 58, 14 to -261, 58, 14
[2023-08-23 13:59:12] [world] The Player <wqe123420> has teleported from -261, 58, 14 to -261, 59, 14
[2023-08-23 13:59:12] [world] The Player <wqe123420> has teleported from -261, 59, 14 to -261, 59, 14
[2023-08-23 13:59:12] [world] The Player <wqe123420> has teleported from -261, 59, 14 to -261, 60, 14
[2023-08-23 13:59:12] [world] The Player <wqe123420> has teleported from -261, 59, 14 to -261, 60, 14
[2023-08-23 13:59:12] [world] The Player <wqe123420> has teleported from -261, 60, 14 to -261, 60, 14
[2023-08-23 13:59:12] [world] The Player <wqe123420> has teleported from -261, 60, 14 to -261, 61, 14
[2023-08-23 13:59:12] [world] The Player <wqe123420> has teleported from -261, 60, 14 to -261, 61, 14
[2023-08-23 13:59:12] [world] The Player <wqe123420> has teleported from -261, 61, 14 to -261, 61, 14
[2023-08-23 13:59:12] [world] The Player <wqe123420> has teleported from -261, 61, 14 to -261, 61, 14
[2023-08-23 13:59:12] [world] The Player <wqe123420> has teleported from -261, 61, 14 to -261, 62, 14
[2023-08-23 13:59:12] [world] The Player <wqe123420> has teleported from -261, 62, 14 to -261, 62, 14
[2023-08-23 13:59:12] [world] The Player <wqe123420> has teleported from -261, 62, 14 to -261, 62, 14
[2023-08-23 13:59:12] [world] The Player <wqe123420> has teleported from -261, 62, 14 to -261, 63, 14
[2023-08-23 13:59:12] [world] The Player <wqe123420> has teleported from -261, 62, 14 to -261, 63, 14
[2023-08-23 13:59:26] [world] The Player <wqe123420> has teleported from -261, 51, 14 to -261, 51, 14
[2023-08-23 13:59:26] [world] The Player <wqe123420> has teleported from -261, 51, 14 to -261, 51, 14
[2023-08-23 13:59:26] [world] The Player <wqe123420> has teleported from -261, 51, 14 to -261, 51, 14
[2023-08-23 13:59:26] [world] The Player <wqe123420> has teleported from -261, 51, 14 to -261, 51, 14
[2023-08-23 13:59:26] [world] The Player <wqe123420> has teleported from -261, 51, 14 to -261, 51, 14
[2023-08-23 13:59:26] [world] The Player <wqe123420> has teleported from -261, 51, 14 to -261, 51, 14
[2023-08-23 13:59:26] [world] The Player <wqe123420> has teleported from -261, 51, 14 to -261, 51, 14
[2023-08-23 13:59:26] [world] The Player <wqe123420> has teleported from -261, 51, 14 to -261, 51, 14
[2023-08-23 13:59:26] [world] The Player <wqe123420> has teleported from -261, 51, 14 to -261, 51, 14
[2023-08-23 13:59:26] [world] The Player <wqe123420> has teleported from -261, 51, 14 to -261, 51, 14
[2023-08-23 13:59:26] [world] The Player <wqe123420> has teleported from -261, 51, 14 to -261, 51, 14
[2023-08-23 13:59:26] [world] The Player <wqe123420> has teleported from -261, 51, 14 to -261, 51, 14
[2023-08-23 13:59:26] [world] The Player <wqe123420> has teleported from -261, 51, 14 to -261, 51, 14
[2023-08-23 13:59:27] [world] The Player <wqe123420> has teleported from -261, 51, 14 to -261, 51, 14
[2023-08-23 13:59:27] [world] The Player <wqe123420> has teleported from -261, 51, 14 to -261, 51, 14
[2023-08-23 13:59:27] [world] The Player <wqe123420> has teleported from -261, 51, 14 to -261, 51, 14
[2023-08-23 13:59:27] [world] The Player <wqe123420> has teleported from -261, 51, 14 to -261, 51, 14
[2023-08-23 13:59:27] [world] The Player <wqe123420> has teleported from -261, 51, 14 to -261, 51, 14
[2023-08-23 13:59:27] [world] The Player <wqe123420> has teleported from -261, 51, 14 to -261, 51, 14
[2023-08-23 13:59:27] [world] The Player <wqe123420> has teleported from -261, 51, 14 to -261, 51, 14
[2023-08-23 13:59:27] [world] The Player <wqe123420> has teleported from -261, 51, 14 to -261, 51, 14
[2023-08-23 13:59:27] [world] The Player <wqe123420> has teleported from -261, 51, 14 to -261, 51, 14
[2023-08-23 13:59:27] [world] The Player <wqe123420> has teleported from -261, 51, 14 to -261, 51, 14
[2023-08-23 13:59:27] [world] The Player <wqe123420> has teleported from -261, 51, 14 to -261, 51, 14
[2023-08-23 13:59:27] [world] The Player <wqe123420> has teleported from -261, 51, 14 to -261, 51, 14
[2023-08-23 13:59:27] [world] The Player <wqe123420> has teleported from -261, 51, 14 to -261, 51, 14
[2023-08-23 13:59:27] [world] The Player <wqe123420> has teleported from -261, 51, 14 to -261, 51, 14
[2023-08-23 13:59:31] [world] The Player <wqe123420> has teleported from -258, 52, 17 to -258, 52, 17
[2023-08-23 13:59:31] [world] The Player <wqe123420> has teleported from -258, 52, 17 to -258, 53, 17
[2023-08-23 13:59:32] [world] The Player <wqe123420> has teleported from -258, 53, 17 to -258, 53, 17
[2023-08-23 13:59:32] [world] The Player <wqe123420> has teleported from -258, 53, 17 to -258, 54, 17
[2023-08-23 13:59:32] [world] The Player <wqe123420> has teleported from -258, 54, 17 to -258, 54, 17
[2023-08-23 13:59:32] [world] The Player <wqe123420> has teleported from -258, 54, 17 to -258, 55, 17
[2023-08-23 13:59:32] [world] The Player <wqe123420> has teleported from -258, 55, 17 to -258, 55, 17
[2023-08-23 13:59:32] [world] The Player <wqe123420> has teleported from -258, 55, 16 to -258, 56, 16
[2023-08-23 13:59:32] [world] The Player <wqe123420> has teleported from -258, 56, 16 to -258, 56, 16
[2023-08-23 13:59:32] [world] The Player <wqe123420> has teleported from -258, 56, 16 to -258, 57, 16
[2023-08-23 13:59:32] [world] The Player <wqe123420> has teleported from -258, 57, 16 to -258, 57, 16
[2023-08-23 13:59:32] [world] The Player <wqe123420> has teleported from -258, 57, 16 to -258, 58, 16
[2023-08-23 13:59:32] [world] The Player <wqe123420> has teleported from -258, 58, 16 to -258, 58, 16
[2023-08-23 13:59:32] [world] The Player <wqe123420> has teleported from -258, 58, 16 to -258, 59, 16
[2023-08-23 13:59:32] [world] The Player <wqe123420> has teleported from -258, 59, 16 to -258, 59, 16
[2023-08-23 13:59:32] [world] The Player <wqe123420> has teleported from -258, 60, 16 to -258, 60, 16
[2023-08-23 13:59:32] [world] The Player <wqe123420> has teleported from -258, 60, 16 to -258, 61, 16
[2023-08-23 13:59:32] [world] The Player <wqe123420> has teleported from -258, 61, 16 to -258, 61, 16
[2023-08-23 13:59:32] [world] The Player <wqe123420> has teleported from -258, 61, 16 to -258, 61, 16
[2023-08-23 13:59:33] [world] The Player <wqe123420> has teleported from -258, 61, 16 to -258, 62, 16
[2023-08-23 13:59:33] [world] The Player <wqe123420> has teleported from -258, 62, 16 to -258, 62, 16
[2023-08-23 13:59:33] [world] The Player <wqe123420> has teleported from -258, 62, 16 to -258, 63, 16
[2023-08-23 13:59:56] [world] The Player <wqe123420> has teleported from -256, 56, 7 to -256, 57, 7
[2023-08-23 13:59:56] [world] The Player <wqe123420> has teleported from -256, 57, 7 to -256, 57, 7
[2023-08-23 13:59:56] [world] The Player <wqe123420> has teleported from -256, 57, 7 to -256, 58, 7
[2023-08-23 13:59:56] [world] The Player <wqe123420> has teleported from -256, 58, 7 to -256, 58, 7
[2023-08-23 13:59:56] [world] The Player <wqe123420> has teleported from -256, 58, 7 to -256, 59, 7
[2023-08-23 13:59:56] [world] The Player <wqe123420> has teleported from -256, 59, 7 to -256, 59, 7
[2023-08-23 13:59:56] [world] The Player <wqe123420> has teleported from -256, 59, 7 to -256, 59, 7
[2023-08-23 13:59:56] [world] The Player <wqe123420> has teleported from -256, 59, 7 to -256, 60, 7
[2023-08-23 13:59:56] [world] The Player <wqe123420> has teleported from -256, 60, 7 to -256, 60, 7
[2023-08-23 13:59:56] [world] The Player <wqe123420> has teleported from -256, 60, 7 to -256, 61, 7
[2023-08-23 13:59:56] [world] The Player <wqe123420> has teleported from -256, 60, 7 to -256, 61, 7
[2023-08-23 13:59:56] [world] The Player <wqe123420> has teleported from -256, 61, 7 to -256, 61, 7
[2023-08-23 13:59:57] [world] The Player <wqe123420> has teleported from -256, 61, 7 to -256, 62, 7
[2023-08-23 13:59:57] [world] The Player <wqe123420> has teleported from -256, 62, 7 to -256, 62, 7
[2023-08-23 13:59:57] [world] The Player <wqe123420> has teleported from -256, 62, 7 to -256, 62, 7
[2023-08-23 13:59:57] [world] The Player <wqe123420> has teleported from -256, 62, 7 to -256, 63, 7
[2023-08-23 13:59:57] [world] The Player <wqe123420> has teleported from -256, 62, 7 to -256, 63, 7
[2023-08-23 14:00:15] [world] The Player <wqe123420> has teleported from -256, 49, 5 to -256, 49, 5
[2023-08-23 14:00:15] [world] The Player <wqe123420> has teleported from -256, 49, 5 to -256, 49, 5
[2023-08-23 14:00:15] [world] The Player <wqe123420> has teleported from -256, 49, 5 to -256, 49, 5
[2023-08-23 14:00:15] [world] The Player <wqe123420> has teleported from -256, 49, 5 to -256, 49, 5
[2023-08-23 14:00:15] [world] The Player <wqe123420> has teleported from -256, 49, 5 to -256, 49, 5
[2023-08-23 14:00:15] [world] The Player <wqe123420> has teleported from -256, 49, 5 to -256, 49, 5
[2023-08-23 14:00:15] [world] The Player <wqe123420> has teleported from -256, 49, 5 to -256, 49, 5
[2023-08-23 14:00:15] [world] The Player <wqe123420> has teleported from -256, 49, 5 to -256, 49, 5
[2023-08-23 14:00:15] [world] The Player <wqe123420> has teleported from -256, 49, 5 to -256, 49, 5
[2023-08-23 14:00:16] [world] The Player <wqe123420> has teleported from -256, 49, 5 to -256, 49, 5
[2023-08-23 14:00:16] [world] The Player <wqe123420> has teleported from -256, 49, 5 to -256, 49, 5
[2023-08-23 14:00:16] [world] The Player <wqe123420> has teleported from -256, 49, 5 to -256, 49, 5
[2023-08-23 14:00:16] [world] The Player <wqe123420> has teleported from -256, 49, 5 to -256, 49, 5
[2023-08-23 14:00:16] [world] The Player <wqe123420> has teleported from -256, 49, 5 to -256, 49, 5
[2023-08-23 14:00:16] [world] The Player <wqe123420> has teleported from -256, 49, 5 to -256, 49, 5
[2023-08-23 14:00:16] [world] The Player <wqe123420> has teleported from -256, 49, 5 to -256, 49, 5
[2023-08-23 14:00:16] [world] The Player <wqe123420> has teleported from -256, 49, 5 to -256, 49, 5
[2023-08-23 14:00:16] [world] The Player <wqe123420> has teleported from -256, 49, 5 to -256, 49, 5
[2023-08-23 14:00:20] [world] The Player <wqe123420> has teleported from -250, 53, 7 to -250, 53, 7
[2023-08-23 14:00:21] [world] The Player <wqe123420> has teleported from -250, 53, 7 to -250, 54, 7
[2023-08-23 14:00:21] [world] The Player <wqe123420> has teleported from -250, 54, 7 to -250, 54, 7
[2023-08-23 14:00:21] [world] The Player <wqe123420> has teleported from -250, 54, 7 to -250, 55, 7
[2023-08-23 14:00:21] [world] The Player <wqe123420> has teleported from -250, 55, 7 to -250, 55, 7
[2023-08-23 14:00:21] [world] The Player <wqe123420> has teleported from -250, 55, 7 to -250, 56, 7
[2023-08-23 14:00:21] [world] The Player <wqe123420> has teleported from -250, 56, 7 to -250, 56, 7
[2023-08-23 14:00:21] [world] The Player <wqe123420> has teleported from -250, 56, 7 to -250, 57, 7
[2023-08-23 14:00:21] [world] The Player <wqe123420> has teleported from -250, 57, 7 to -250, 57, 7
[2023-08-23 14:00:21] [world] The Player <wqe123420> has teleported from -250, 57, 7 to -250, 58, 7
[2023-08-23 14:00:21] [world] The Player <wqe123420> has teleported from -250, 58, 7 to -250, 58, 7
[2023-08-23 14:00:21] [world] The Player <wqe123420> has teleported from -250, 58, 7 to -250, 59, 7
[2023-08-23 14:00:22] [world] The Player <wqe123420> has teleported from -250, 59, 7 to -250, 59, 7
[2023-08-23 14:00:22] [world] The Player <wqe123420> has teleported from -250, 59, 7 to -250, 60, 7
[2023-08-23 14:00:22] [world] The Player <wqe123420> has teleported from -250, 60, 7 to -250, 60, 7
[2023-08-23 14:00:22] [world] The Player <wqe123420> has teleported from -250, 60, 7 to -250, 61, 7
[2023-08-23 14:00:22] [world] The Player <wqe123420> has teleported from -250, 61, 7 to -250, 61, 7
[2023-08-23 14:00:22] [world] The Player <wqe123420> has teleported from -250, 61, 7 to -250, 62, 7
[2023-08-23 14:00:22] [world] The Player <wqe123420> has teleported from -250, 62, 7 to -250, 62, 7
[2023-08-23 14:00:22] [world] The Player <wqe123420> has teleported from -250, 62, 7 to -250, 63, 7
[2023-08-23 14:15:56] [world] The Player <wqe123420> has teleported from -401, 69, -74 to -404, 58, -59
[2023-08-23 14:20:32] [world] The Player <wqe123420> has teleported from -402, 64, -55 to -49, 129, -8
[2023-08-23 14:20:53] [world_nether] The Player <wqe123420> has teleported from 167, 129, 121 to 1359, -4, 972
[2023-08-23 14:21:03] [world] The Player <wqe123420> has teleported from 1363, -3, 979 to 100, 49, 0
[2023-08-23 14:24:37] [world] The Player <wqe123420> has teleported from -399, 69, -74 to -399, 69, -74
