[2023-07-23 14:46:56] [em_adventurers_guild] The Player <Enderlava> has teleported from 233, 71, 275 to -30, 72, -283
[2023-07-23 14:47:10] [world] The Player <Enderlava> has teleported from -3, 64, -278 to 6, 129, -21
[2023-07-23 14:47:46] [world_nether] The Player <Enderlava> has teleported from 168, 129, 121 to 1359, -4, 972
[2023-07-23 14:47:50] [world] The Player <Enderlava> has teleported from 1362, -3, 979 to 100, 49, 0
[2023-07-23 15:16:28] [world] The Player <Enderlava> has teleported from -2, 64, -278 to 7, 129, -21
[2023-07-23 15:17:07] [world_nether] The Player <Enderlava> has teleported from -405, 129, 524 to -3236, 63, 4302
[2023-07-23 15:20:13] [world] The Player <Enderlava> has teleported from -3235, 63, 4302 to -404, 129, 524
[2023-07-23 15:21:01] [world_nether] The Player <Enderlava> has teleported from 7, 129, -21 to -2, 64, -278
[2023-07-23 15:22:20] [world] The Player <Enderlava> has teleported from -2, 64, -278 to 7, 129, -21
[2023-07-23 15:22:48] [world_nether] The Player <Enderlava> has teleported from 168, 129, 122 to 1359, -4, 973
[2023-07-23 15:22:53] [world] The Player <Enderlava> has teleported from 1363, -3, 979 to 100, 49, 0
[2023-07-23 15:32:55] [world] The Player <Enderlava> has teleported from -3, 64, -278 to 6, 129, -21
[2023-07-23 15:33:26] [world_nether] The Player <Enderlava> has teleported from 140, 129, -22 to 1071, 205, -207
[2023-07-23 15:34:05] [world] The Player <Enderlava> has teleported from 1071, 205, -208 to 139, 129, -22
[2023-07-23 15:34:30] [world_nether] The Player <Enderlava> has teleported from 7, 129, -21 to -2, 64, -278
[2023-07-23 15:35:34] [world] The Player <Enderlava> has teleported from -2, 64, -278 to 7, 129, -21
[2023-07-23 15:35:58] [world_nether] The Player <Enderlava> has teleported from 168, 129, 122 to 1359, -4, 973
[2023-07-23 15:36:01] [world] The Player <Enderlava> has teleported from 1362, -3, 979 to 100, 49, 0
[2023-07-23 17:56:33] [em_adventurers_guild] The Player <wqe123420> has teleported from 229, 71, 291 to -19, 67, -280
[2023-07-23 17:56:33] [world] The Player <wqe123420> has teleported from -19, 67, -280 to -19, 67, -280
[2023-07-23 18:13:06] [world] The Player <wqe123420> has teleported from -3, 71, -245 to -50, 71, -274
[2023-07-23 18:18:34] [world] The Player <Enderlava> has teleported from -133, 65, -109 to 204, 89, 235
[2023-07-23 18:18:42] [em_adventurers_guild] The Player <Enderlava> has teleported from 213, 87, 233 to -127, 64, -114
[2023-07-23 18:18:47] [world] The Player <Enderlava> has teleported from -133, 65, -109 to 204, 89, 235
[2023-07-23 18:18:58] [em_adventurers_guild] The Player <Enderlava> has teleported from 211, 88, 232 to -127, 64, -114
[2023-07-23 18:21:01] [world] The Player <Enderlava> has teleported from -2, 64, -278 to 7, 129, -21
[2023-07-23 18:21:33] [world_nether] The Player <Enderlava> has teleported from 168, 129, 121 to 1359, -4, 972
[2023-07-23 18:21:37] [world] The Player <Enderlava> has teleported from 1363, -3, 979 to 100, 49, 0
[2023-07-23 18:32:21] [world] The Player <wqe123420> has teleported from -3, 64, -278 to 6, 129, -21
[2023-07-23 18:33:02] [world_nether] The Player <wqe123420> has teleported from 7, 129, -21 to -2, 64, -278
[2023-07-23 21:09:31] [world] The Player <wqe123420> has teleported from -3, 64, -278 to 6, 129, -21
[2023-07-23 21:09:46] [world_nether] The Player <wqe123420> has teleported from 168, 129, 122 to 1359, -4, 973
[2023-07-23 21:09:50] [world] The Player <wqe123420> has teleported from 1363, -3, 979 to 100, 49, 0
