[2023-08-24 09:09:49] [world] The Player <wqe123420> has teleported from -399, 69, -74 to -399, 69, -74
[2023-08-24 09:11:07] [world] The Player <wqe123420> has teleported from -403, 64, -55 to -50, 129, -8
[2023-08-24 09:23:14] [world_nether] The Player <wqe123420> has teleported from -49, 129, -8 to -402, 64, -55
[2023-08-24 09:57:37] [world] The Player <Enderlava> has teleported from -21, 64, -288 to -27, 71, -280
[2023-08-24 10:01:12] [world] The Player <Enderlava> has teleported from -19, 73, -266 to 20, 128, -12
[2023-08-24 10:03:07] [world_nether] The Player <Enderlava> has teleported from 11, 128, -7 to -24, 63, -286
[2023-08-24 10:03:35] [world] The Player <Enderlava> has teleported from -18, 63, -295 to -17, 63, -293
[2023-08-24 10:03:42] [world] The Player <Enderlava> has teleported from -31, 63, -303 to -8, 52, -351
[2023-08-24 10:03:54] [world] The Player <Funget114514> has teleported from -25, 63, -298 to 8, 128, 1
[2023-08-24 10:03:56] [world] The Player <Enderlava> has teleported from -9, 61, -341 to -6, 54, -295
[2023-08-24 10:04:22] [world] The Player <Enderlava> has teleported from -4, 70, -248 to -6, 69, -242
[2023-08-24 10:06:23] [world_nether] The Player <Funget114514> has teleported from 2, 129, -25 to -3, 64, -278
[2023-08-24 10:38:55] [world] The Player <Enderlava> has teleported from -105, 55, -71 to -105, 55, -71
[2023-08-24 10:38:55] [world] The Player <Enderlava> has teleported from -105, 55, -71 to -105, 56, -71
[2023-08-24 10:38:55] [world] The Player <Enderlava> has teleported from -105, 56, -71 to -105, 56, -71
[2023-08-24 10:38:55] [world] The Player <Enderlava> has teleported from -105, 56, -71 to -105, 57, -71
[2023-08-24 10:38:55] [world] The Player <Enderlava> has teleported from -105, 57, -71 to -105, 57, -71
[2023-08-24 10:38:55] [world] The Player <Enderlava> has teleported from -105, 57, -71 to -105, 58, -71
[2023-08-24 10:38:55] [world] The Player <Enderlava> has teleported from -105, 58, -71 to -105, 58, -71
[2023-08-24 10:38:55] [world] The Player <Enderlava> has teleported from -105, 58, -71 to -105, 59, -71
[2023-08-24 10:38:55] [world] The Player <Enderlava> has teleported from -105, 59, -71 to -105, 59, -71
[2023-08-24 10:38:56] [world] The Player <Enderlava> has teleported from -105, 59, -71 to -105, 60, -71
[2023-08-24 10:38:56] [world] The Player <Enderlava> has teleported from -105, 60, -71 to -105, 60, -71
[2023-08-24 10:38:56] [world] The Player <Enderlava> has teleported from -105, 60, -71 to -105, 61, -71
[2023-08-24 10:38:56] [world] The Player <Enderlava> has teleported from -105, 61, -71 to -105, 61, -71
[2023-08-24 10:38:56] [world] The Player <Enderlava> has teleported from -105, 61, -71 to -105, 62, -71
[2023-08-24 10:38:56] [world] The Player <Enderlava> has teleported from -105, 62, -71 to -105, 62, -71
[2023-08-24 10:38:56] [world] The Player <Enderlava> has teleported from -105, 62, -71 to -105, 63, -71
[2023-08-24 10:39:22] [world] The Player <Enderlava> has teleported from -88, 60, -51 to -88, 60, -51
[2023-08-24 10:39:22] [world] The Player <Enderlava> has teleported from -88, 60, -51 to -88, 61, -51
[2023-08-24 10:39:22] [world] The Player <Enderlava> has teleported from -88, 61, -51 to -88, 61, -51
[2023-08-24 10:39:22] [world] The Player <Enderlava> has teleported from -88, 61, -51 to -88, 62, -51
[2023-08-24 10:39:22] [world] The Player <Enderlava> has teleported from -88, 62, -51 to -88, 62, -51
[2023-08-24 10:39:22] [world] The Player <Enderlava> has teleported from -88, 62, -51 to -88, 63, -51
[2023-08-24 10:39:33] [world] The Player <Enderlava> has teleported from -90, 86, -48 to -70, 48, -50
[2023-08-24 10:39:38] [world] The Player <Enderlava> has teleported from -69, 48, -50 to -69, 48, -50
[2023-08-24 10:39:38] [world] The Player <Enderlava> has teleported from -69, 48, -50 to -69, 49, -50
[2023-08-24 10:39:38] [world] The Player <Enderlava> has teleported from -69, 48, -50 to -69, 49, -50
[2023-08-24 10:39:38] [world] The Player <Enderlava> has teleported from -69, 49, -50 to -69, 49, -50
[2023-08-24 10:39:38] [world] The Player <Enderlava> has teleported from -69, 49, -50 to -69, 50, -50
[2023-08-24 10:39:38] [world] The Player <Enderlava> has teleported from -68, 50, -50 to -68, 50, -50
[2023-08-24 10:39:38] [world] The Player <Enderlava> has teleported from -68, 50, -50 to -68, 51, -50
[2023-08-24 10:39:38] [world] The Player <Enderlava> has teleported from -68, 51, -50 to -68, 51, -50
[2023-08-24 10:39:38] [world] The Player <Enderlava> has teleported from -68, 51, -50 to -68, 52, -50
[2023-08-24 10:39:38] [world] The Player <Enderlava> has teleported from -68, 52, -50 to -68, 52, -50
[2023-08-24 10:39:38] [world] The Player <Enderlava> has teleported from -68, 52, -50 to -68, 53, -50
[2023-08-24 10:39:38] [world] The Player <Enderlava> has teleported from -68, 53, -50 to -68, 53, -50
[2023-08-24 10:39:38] [world] The Player <Enderlava> has teleported from -68, 53, -50 to -68, 54, -50
[2023-08-24 10:39:38] [world] The Player <Enderlava> has teleported from -68, 54, -50 to -68, 54, -50
[2023-08-24 10:39:38] [world] The Player <Enderlava> has teleported from -68, 54, -50 to -68, 55, -50
[2023-08-24 10:39:39] [world] The Player <Enderlava> has teleported from -68, 55, -50 to -68, 55, -50
[2023-08-24 10:39:39] [world] The Player <Enderlava> has teleported from -68, 55, -50 to -68, 56, -50
[2023-08-24 10:39:39] [world] The Player <Enderlava> has teleported from -68, 56, -50 to -68, 56, -50
[2023-08-24 10:39:39] [world] The Player <Enderlava> has teleported from -68, 56, -50 to -68, 57, -50
[2023-08-24 10:39:39] [world] The Player <Enderlava> has teleported from -68, 57, -50 to -68, 57, -50
[2023-08-24 10:39:39] [world] The Player <Enderlava> has teleported from -68, 57, -50 to -68, 58, -50
[2023-08-24 10:39:39] [world] The Player <Enderlava> has teleported from -68, 58, -50 to -68, 58, -50
[2023-08-24 10:39:39] [world] The Player <Enderlava> has teleported from -68, 58, -50 to -68, 59, -50
[2023-08-24 10:39:39] [world] The Player <Enderlava> has teleported from -68, 59, -50 to -68, 59, -50
[2023-08-24 10:39:39] [world] The Player <Enderlava> has teleported from -68, 59, -50 to -68, 60, -50
[2023-08-24 10:39:39] [world] The Player <Enderlava> has teleported from -68, 60, -50 to -68, 60, -50
[2023-08-24 10:39:39] [world] The Player <Enderlava> has teleported from -68, 60, -50 to -68, 61, -50
[2023-08-24 10:39:39] [world] The Player <Enderlava> has teleported from -68, 61, -50 to -68, 61, -50
[2023-08-24 10:39:39] [world] The Player <Enderlava> has teleported from -68, 61, -50 to -68, 62, -50
[2023-08-24 10:39:39] [world] The Player <Enderlava> has teleported from -68, 62, -50 to -68, 62, -50
[2023-08-24 10:39:39] [world] The Player <Enderlava> has teleported from -68, 62, -50 to -68, 63, -50
[2023-08-24 10:39:48] [world] The Player <Enderlava> has teleported from -76, 86, -69 to -64, 48, -46
[2023-08-24 10:39:49] [world] The Player <Enderlava> has teleported from -64, 48, -46 to -64, 48, -46
[2023-08-24 10:39:49] [world] The Player <Enderlava> has teleported from -64, 48, -46 to -64, 49, -51
[2023-08-24 10:39:51] [world] The Player <Enderlava> has teleported from -62, 49, -51 to -64, 49, -55
[2023-08-24 10:40:18] [world] The Player <Enderlava> has teleported from -8, 50, 57 to -8, 50, 57
[2023-08-24 10:40:18] [world] The Player <Enderlava> has teleported from -8, 50, 57 to -8, 51, 57
[2023-08-24 10:40:18] [world] The Player <Enderlava> has teleported from -8, 51, 57 to -8, 51, 57
[2023-08-24 10:40:18] [world] The Player <Enderlava> has teleported from -8, 51, 57 to -8, 52, 57
[2023-08-24 10:40:18] [world] The Player <Enderlava> has teleported from -8, 52, 58 to -8, 52, 58
[2023-08-24 10:40:18] [world] The Player <Enderlava> has teleported from -8, 52, 58 to -8, 53, 58
[2023-08-24 10:40:18] [world] The Player <Enderlava> has teleported from -8, 53, 58 to -8, 53, 58
[2023-08-24 10:40:18] [world] The Player <Enderlava> has teleported from -8, 53, 58 to -8, 54, 58
[2023-08-24 10:40:18] [world] The Player <Enderlava> has teleported from -8, 54, 58 to -8, 54, 58
[2023-08-24 10:40:18] [world] The Player <Enderlava> has teleported from -8, 54, 58 to -8, 55, 58
[2023-08-24 10:40:18] [world] The Player <Enderlava> has teleported from -8, 55, 58 to -8, 55, 58
[2023-08-24 10:40:18] [world] The Player <Enderlava> has teleported from -8, 55, 59 to -8, 56, 59
[2023-08-24 10:40:18] [world] The Player <Enderlava> has teleported from -8, 56, 59 to -8, 56, 59
[2023-08-24 10:40:18] [world] The Player <Enderlava> has teleported from -8, 56, 59 to -8, 57, 59
[2023-08-24 10:40:18] [world] The Player <Enderlava> has teleported from -7, 57, 59 to -7, 57, 59
[2023-08-24 10:40:18] [world] The Player <Enderlava> has teleported from -7, 57, 59 to -7, 58, 59
[2023-08-24 10:40:18] [world] The Player <Enderlava> has teleported from -7, 58, 59 to -7, 58, 59
[2023-08-24 10:40:18] [world] The Player <Enderlava> has teleported from -7, 58, 59 to -7, 59, 59
[2023-08-24 10:40:18] [world] The Player <Enderlava> has teleported from -7, 59, 59 to -7, 59, 59
[2023-08-24 10:40:18] [world] The Player <Enderlava> has teleported from -7, 59, 59 to -7, 60, 59
[2023-08-24 10:40:18] [world] The Player <Enderlava> has teleported from -7, 60, 59 to -7, 60, 59
[2023-08-24 10:40:19] [world] The Player <Enderlava> has teleported from -6, 60, 59 to -6, 61, 59
[2023-08-24 10:40:19] [world] The Player <Enderlava> has teleported from -6, 61, 59 to -6, 61, 59
[2023-08-24 10:40:19] [world] The Player <Enderlava> has teleported from -6, 61, 59 to -6, 62, 59
[2023-08-24 10:40:19] [world] The Player <Enderlava> has teleported from -6, 62, 59 to -6, 62, 59
[2023-08-24 10:40:19] [world] The Player <Enderlava> has teleported from -6, 62, 60 to -6, 63, 60
[2023-08-24 10:41:01] [world] The Player <Enderlava> has teleported from -9, 62, 66 to -9, 63, 66
