[2023-06-27 13:03:22] [world] The Player <Funget114514> has teleported from -17, 65, -287 to -19, 1, -278
[2023-06-27 13:07:47] [world_the_end] The Player <Funget114514> has teleported from -17, 1, -275 to -17, 1, -274
[2023-06-27 13:10:05] [world_the_end] The Player <Enderlava> has teleported from 327, 1, 5 to -405, 128, 550
[2023-06-27 13:10:10] [world_nether] The Player <Enderlava> has teleported from -405, 128, 550 to -30, 72, -283
[2023-06-27 13:16:46] [world] The Player <Enderlava> has teleported from -99, 70, -215 to -86, 71, -261
[2023-06-27 13:16:47] [world] The Player <Enderlava> has teleported from -87, 71, -262 to -86, 71, -261
[2023-06-27 13:16:48] [world] The Player <Enderlava> has teleported from -86, 71, -261 to -85, 71, -262
[2023-06-27 13:16:48] [world] The Player <Enderlava> has teleported from -85, 71, -262 to -68, 71, -196
[2023-06-27 13:16:49] [world] The Player <Enderlava> has teleported from -68, 71, -196 to -68, 71, -196
[2023-06-27 13:16:50] [world] The Player <Enderlava> has teleported from -69, 71, -198 to -100, 70, -214
[2023-06-27 13:17:01] [world] The Player <Enderlava> has teleported from -103, 70, -214 to -124, 63, -230
[2023-06-27 13:17:11] [world] The Player <Enderlava> has teleported from -146, 58, -231 to -172, 58, -227
[2023-06-27 13:17:42] [world] The Player <Enderlava> has teleported from -208, 64, -235 to -208, 66, -235
[2023-06-27 13:17:44] [world] The Player <Enderlava> has teleported from -208, 63, -236 to -208, 64, -236
[2023-06-27 13:17:46] [world] The Player <Enderlava> has teleported from -208, 63, -238 to -208, 64, -238
[2023-06-27 13:17:47] [world] The Player <Enderlava> has teleported from -207, 63, -238 to -207, 64, -238
[2023-06-27 13:17:52] [world] The Player <Enderlava> has teleported from -203, 64, -248 to -195, 65, -252
[2023-06-27 13:17:57] [world] The Player <Enderlava> has teleported from -187, 62, -255 to -186, 52, -255
[2023-06-27 13:18:04] [world] The Player <Enderlava> has teleported from -182, 61, -262 to -188, 81, -252
[2023-06-27 13:18:16] [world] The Player <Enderlava> has teleported from -192, 66, -254 to -190, 66, -254
[2023-06-27 13:24:10] [world] The Player <Enderlava> has teleported from 45, 67, -263 to -18, 64, -282
[2023-06-27 13:24:25] [world] The Player <Enderlava> has teleported from -18, 63, -287 to -18, 64, -283
[2023-06-27 13:27:03] [world] The Player <Enderlava> has teleported from -2, 64, -278 to 7, 129, -21
[2023-06-27 13:27:33] [world_nether] The Player <Enderlava> has teleported from 168, 129, 121 to 1359, -4, 972
[2023-06-27 13:27:43] [world] The Player <Enderlava> has teleported from 1364, -3, 981 to 100, 49, 0
[2023-06-27 13:28:21] [world] The Player <Funget114514> has teleported from -3, 63, -282 to -8, 63, -278
[2023-06-27 13:32:33] [world] The Player <Xw114> has teleported from -17, 63, -278 to -18, 64, -282
[2023-06-27 13:34:10] [world] The Player <Xw114> has teleported from -3, 64, -278 to 6, 129, -21
[2023-06-27 13:34:28] [world_nether] The Player <Xw114> has teleported from 103, 129, -20 to 131, 128, -20
[2023-06-27 13:34:35] [world_nether] The Player <Xw114> has teleported from 154, 128, -6 to 174, 128, 21
[2023-06-27 13:34:38] [world_nether] The Player <Xw114> has teleported from 170, 128, 40 to 162, 129, 75
[2023-06-27 13:34:42] [world_nether] The Player <Xw114> has teleported from 162, 128, 79 to 162, 128, 125
[2023-06-27 13:34:45] [world_nether] The Player <Xw114> has teleported from 166, 128, 123 to 168, 130, 121
[2023-06-27 13:34:50] [world_nether] The Player <Xw114> has teleported from 168, 129, 121 to 1359, -4, 972
[2023-06-27 13:34:55] [world] The Player <Xw114> has teleported from 1362, -3, 979 to 100, 49, 0
[2023-06-27 13:45:53] [world] The Player <Xw114> has teleported from -21, 63, -281 to -1234, 109, -1830
[2023-06-27 13:45:53] [world_the_end] The Player <Xw114> has teleported from -1234, 109, -1830 to -1234, 109, -1830
[2023-06-27 14:02:04] [world] The Player <Xw114> has teleported from -21, 63, -281 to -3478, 99, -4430
[2023-06-27 14:02:04] [world_the_end] The Player <Xw114> has teleported from -3478, 102, -4430 to -3478, 99, -4430
[2023-06-27 14:06:31] [world] The Player <Xw114> has teleported from -21, 63, -280 to -21, 63, -280
[2023-06-27 14:06:32] [world] The Player <Xw114> has teleported from -21, 63, -280 to -3478, 99, -4430
[2023-06-27 14:06:32] [world_the_end] The Player <Xw114> has teleported from -3478, 102, -4430 to -3478, 99, -4430
[2023-06-27 19:59:14] [world] The Player <wqe123420> has teleported from -2, 64, -278 to 7, 129, -21
[2023-06-27 20:00:49] [world_nether] The Player <wqe123420> has teleported from -404, 129, 524 to -3235, 63, 4302
[2023-06-27 20:03:17] [world] The Player <wqe123420> has teleported from -3236, 63, 4302 to -406, 129, 524
[2023-06-27 20:03:47] [world_nether] The Player <wqe123420> has teleported from 6, 129, -21 to -3, 64, -278
[2023-06-27 20:10:17] [world] The Player <wqe123420> has teleported from -2, 64, -278 to 7, 129, -21
[2023-06-27 20:11:41] [world_nether] The Player <wqe123420> has teleported from 6, 129, -21 to -3, 64, -278
[2023-06-27 20:12:07] [world] The Player <wqe123420> has teleported from -3, 64, -278 to 6, 129, -21
[2023-06-27 20:23:21] [world_nether] The Player <wqe123420> has teleported from 7, 129, -21 to -2, 64, -278
[2023-06-27 20:25:01] [world] The Player <wqe123420> has teleported from -2, 64, -278 to 7, 129, -21
[2023-06-27 20:35:07] [world_nether] The Player <wqe123420> has teleported from 7, 129, -22 to -2, 64, -278
[2023-06-27 20:35:32] [world] The Player <wqe123420> has teleported from -2, 64, -278 to 7, 129, -21
[2023-06-27 20:37:14] [world_nether] The Player <wqe123420> has teleported from 6, 129, -21 to -3, 64, -278
