[2023-07-06 17:40:04] [world] The Player <Funget114514> has crafted 1 of NETHERITE INGOT at X= -26, Y= 63, Z= -287
[2023-07-06 18:20:09] [world] The Player <wqe123420> has crafted 1 of SLIME BLOCK at X= -27, Y= 63, Z= -286
[2023-07-06 18:22:53] [world] The Player <wqe123420> has crafted 3 of PAPER at X= 9, Y= 62, Z= -265
[2023-07-06 18:22:55] [world] The Player <wqe123420> has crafted 3 of FIREWORK ROCKET at X= 9, Y= 62, Z= -265
[2023-07-06 18:31:56] [world] The Player <Funget114514> has crafted 3 of PAPER at X= -26, Y= 63, Z= -288
[2023-07-06 18:32:09] [world] The Player <Funget114514> has crafted 3 of FIREWORK ROCKET at X= -26, Y= 63, Z= -288
[2023-07-06 18:33:17] [world] The Player <Funget114514> has crafted 1 of BUCKET at X= -25, Y= 63, Z= -287
[2023-07-06 18:48:47] [world] The Player <Funget114514> has crafted 1 of STONE SWORD at X= -26, Y= 63, Z= -287
[2023-07-06 20:10:31] [world] The Player <wqe123420> has crafted 9 of IRON INGOT at X= -27, Y= 63, Z= -286
[2023-07-06 20:10:31] [world] The Player <wqe123420> has crafted 9 of IRON INGOT at X= -27, Y= 63, Z= -286
[2023-07-06 20:10:39] [world] The Player <wqe123420> has crafted 1 of BUCKET at X= -27, Y= 63, Z= -286
[2023-07-06 20:13:19] [world] The Player <wqe123420> has crafted 4 of OAK PLANKS at X= -27, Y= 63, Z= -286
[2023-07-06 20:13:27] [world] The Player <wqe123420> has crafted 4 of STICK at X= -27, Y= 63, Z= -286
[2023-07-06 20:13:28] [world] The Player <wqe123420> has crafted 4 of STICK at X= -27, Y= 63, Z= -286
[2023-07-06 20:13:28] [world] The Player <wqe123420> has crafted 4 of STICK at X= -27, Y= 63, Z= -286
[2023-07-06 20:13:28] [world] The Player <wqe123420> has crafted 4 of STICK at X= -27, Y= 63, Z= -286
[2023-07-06 20:13:28] [world] The Player <wqe123420> has crafted 4 of STICK at X= -27, Y= 63, Z= -286
[2023-07-06 20:13:28] [world] The Player <wqe123420> has crafted 4 of STICK at X= -27, Y= 63, Z= -286
[2023-07-06 20:13:28] [world] The Player <wqe123420> has crafted 4 of STICK at X= -27, Y= 63, Z= -286
[2023-07-06 20:13:29] [world] The Player <wqe123420> has crafted 4 of STICK at X= -27, Y= 63, Z= -286
[2023-07-06 20:13:42] [world] The Player <wqe123420> has crafted 3 of OAK FENCE at X= -27, Y= 63, Z= -286
[2023-07-06 20:14:11] [world] The Player <wqe123420> has crafted 4 of STICK at X= -27, Y= 63, Z= -286
[2023-07-06 20:14:19] [world] The Player <wqe123420> has crafted 4 of OAK PLANKS at X= -27, Y= 63, Z= -286
[2023-07-06 20:14:24] [world] The Player <wqe123420> has crafted 3 of OAK SIGN at X= -27, Y= 63, Z= -286
[2023-07-06 20:14:24] [world] The Player <wqe123420> has crafted 3 of OAK SIGN at X= -27, Y= 63, Z= -286
[2023-07-06 20:14:25] [world] The Player <wqe123420> has crafted 3 of OAK SIGN at X= -27, Y= 63, Z= -286
[2023-07-06 20:14:25] [world] The Player <wqe123420> has crafted 3 of OAK SIGN at X= -27, Y= 63, Z= -286
[2023-07-06 20:14:25] [world] The Player <wqe123420> has crafted 3 of OAK SIGN at X= -27, Y= 63, Z= -286
[2023-07-06 20:14:25] [world] The Player <wqe123420> has crafted 3 of OAK SIGN at X= -27, Y= 63, Z= -286
[2023-07-06 20:14:25] [world] The Player <wqe123420> has crafted 3 of OAK SIGN at X= -27, Y= 63, Z= -286
[2023-07-06 20:14:25] [world] The Player <wqe123420> has crafted 3 of OAK SIGN at X= -27, Y= 63, Z= -286
[2023-07-06 20:14:26] [world] The Player <wqe123420> has crafted 3 of OAK SIGN at X= -27, Y= 63, Z= -286
[2023-07-06 20:14:26] [world] The Player <wqe123420> has crafted 3 of OAK SIGN at X= -27, Y= 63, Z= -286
[2023-07-06 20:14:26] [world] The Player <wqe123420> has crafted 3 of OAK SIGN at X= -27, Y= 63, Z= -286
[2023-07-06 21:51:57] [world] The Player <wqe123420> has crafted 4 of SPRUCE PLANKS at X= -835, Y= -59, Z= -738
[2023-07-06 21:52:05] [world] The Player <wqe123420> has crafted 1 of CRAFTING TABLE at X= -835, Y= -59, Z= -738
[2023-07-06 21:52:06] [world] The Player <wqe123420> has crafted 1 of CRAFTING TABLE at X= -835, Y= -59, Z= -738
[2023-07-06 21:52:14] [world] The Player <wqe123420> has crafted 4 of STICK at X= -835, Y= -59, Z= -738
[2023-07-06 21:52:14] [world] The Player <wqe123420> has crafted 4 of STICK at X= -835, Y= -59, Z= -738
[2023-07-06 21:52:15] [world] The Player <wqe123420> has crafted 4 of STICK at X= -835, Y= -59, Z= -738
[2023-07-06 21:52:15] [world] The Player <wqe123420> has crafted 4 of STICK at X= -835, Y= -59, Z= -738
[2023-07-06 21:52:15] [world] The Player <wqe123420> has crafted 4 of STICK at X= -835, Y= -59, Z= -738
[2023-07-06 21:52:34] [world] The Player <wqe123420> has crafted 3 of SPRUCE SIGN at X= -835, Y= -59, Z= -738
[2023-07-06 21:52:39] [world] The Player <wqe123420> has crafted 4 of SPRUCE PLANKS at X= -835, Y= -59, Z= -738
[2023-07-06 21:52:47] [world] The Player <wqe123420> has crafted 3 of SPRUCE SIGN at X= -835, Y= -59, Z= -738
[2023-07-06 21:55:40] [world] The Player <wqe123420> has crafted 1 of CRAFTING TABLE at X= -837, Y= -57, Z= -743
[2023-07-06 21:55:47] [world] The Player <wqe123420> has crafted 9 of IRON INGOT at X= -837, Y= -56, Z= -743
[2023-07-06 21:55:51] [world] The Player <wqe123420> has crafted 1 of SHEARS at X= -837, Y= -56, Z= -743
