[2023-07-07 08:26:13] [world] The Player <Funget114514> has crafted 4 of STICK at X= -28, Y= 63, Z= -288
[2023-07-07 08:26:18] [world] The Player <Funget114514> has crafted 1 of DIAMOND SWORD at X= -28, Y= 63, Z= -288
[2023-07-07 08:30:08] [world] The Player <wqe123420> has crafted 3 of PAPER at X= 10, Y= 62, Z= -264
[2023-07-07 08:30:12] [world] The Player <wqe123420> has crafted 3 of FIREWORK ROCKET at X= 10, Y= 62, Z= -264
[2023-07-07 08:49:10] [world] The Player <wqe123420> has crafted 1 of SLIME BLOCK at X= -26, Y= 63, Z= -287
[2023-07-07 08:55:11] [world] The Player <wqe123420> has crafted 1 of PISTON at X= -26, Y= 63, Z= -286
[2023-07-07 08:55:11] [world] The Player <wqe123420> has crafted 1 of PISTON at X= -26, Y= 63, Z= -286
[2023-07-07 08:55:11] [world] The Player <wqe123420> has crafted 1 of PISTON at X= -26, Y= 63, Z= -286
[2023-07-07 08:55:11] [world] The Player <wqe123420> has crafted 1 of PISTON at X= -26, Y= 63, Z= -286
[2023-07-07 08:55:11] [world] The Player <wqe123420> has crafted 1 of PISTON at X= -26, Y= 63, Z= -286
[2023-07-07 08:55:16] [world] The Player <wqe123420> has crafted 1 of PISTON at X= -26, Y= 63, Z= -286
[2023-07-07 08:55:22] [world] The Player <wqe123420> has crafted 1 of STICKY PISTON at X= -26, Y= 63, Z= -286
[2023-07-07 08:55:23] [world] The Player <wqe123420> has crafted 1 of STICKY PISTON at X= -26, Y= 63, Z= -286
[2023-07-07 08:55:23] [world] The Player <wqe123420> has crafted 1 of STICKY PISTON at X= -26, Y= 63, Z= -286
[2023-07-07 08:55:44] [world] The Player <wqe123420> has crafted 9 of IRON INGOT at X= -26, Y= 63, Z= -288
[2023-07-07 08:55:44] [world] The Player <wqe123420> has crafted 9 of IRON INGOT at X= -26, Y= 63, Z= -288
[2023-07-07 08:55:49] [world] The Player <wqe123420> has crafted 1 of MINECART at X= -26, Y= 63, Z= -288
[2023-07-07 08:56:00] [world] The Player <wqe123420> has crafted 4 of OAK PLANKS at X= -26, Y= 63, Z= -287
[2023-07-07 08:56:01] [world] The Player <wqe123420> has crafted 4 of OAK PLANKS at X= -26, Y= 63, Z= -287
[2023-07-07 08:56:01] [world] The Player <wqe123420> has crafted 4 of OAK PLANKS at X= -26, Y= 63, Z= -287
[2023-07-07 08:56:01] [world] The Player <wqe123420> has crafted 4 of OAK PLANKS at X= -26, Y= 63, Z= -287
[2023-07-07 08:56:03] [world] The Player <wqe123420> has crafted 1 of CHEST at X= -26, Y= 63, Z= -287
[2023-07-07 08:56:34] [world] The Player <wqe123420> has crafted 1 of HOPPER at X= -28, Y= 63, Z= -286
[2023-07-07 08:56:34] [world] The Player <wqe123420> has crafted 1 of HOPPER at X= -28, Y= 63, Z= -286
[2023-07-07 08:56:38] [world] The Player <wqe123420> has crafted 1 of HOPPER MINECART at X= -28, Y= 63, Z= -286
[2023-07-07 08:57:01] [world] The Player <wqe123420> has crafted 1 of NOTE BLOCK at X= -26, Y= 63, Z= -286
[2023-07-07 09:04:52] [world] The Player <wqe123420> has crafted 1 of CRAFTING TABLE at X= -29, Y= -55, Z= -248
[2023-07-07 09:04:57] [world] The Player <wqe123420> has crafted 6 of COBBLESTONE SLAB at X= -30, Y= -55, Z= -245
[2023-07-07 09:05:39] [world] The Player <wqe123420> has crafted 6 of COBBLESTONE WALL at X= -30, Y= -55, Z= -244
[2023-07-07 09:12:27] [world] The Player <wqe123420> has crafted 1 of REDSTONE BLOCK at X= -29, Y= -55, Z= -243
[2023-07-07 09:19:17] [world] The Player <wqe123420> has crafted 1 of REDSTONE BLOCK at X= -31, Y= -53, Z= -243
[2023-07-07 09:21:31] [world] The Player <Funget114514> has crafted 1 of DIAMOND SWORD at X= -25, Y= 63, Z= -287
[2023-07-07 09:22:44] [world] The Player <Funget114514> has crafted 1 of DIAMOND SWORD at X= -26, Y= 62, Z= -286
[2023-07-07 09:37:25] [world] The Player <Funget114514> has crafted 4 of STICK at X= -25, Y= 63, Z= -287
[2023-07-07 09:37:30] [world] The Player <Funget114514> has crafted 1 of DIAMOND SWORD at X= -25, Y= 63, Z= -287
[2023-07-07 09:41:04] [world] The Player <Funget114514> has crafted 1 of IRON CHESTPLATE at X= -27, Y= 63, Z= -288
[2023-07-07 09:41:11] [world] The Player <Funget114514> has crafted 1 of IRON LEGGINGS at X= -27, Y= 63, Z= -288
[2023-07-07 09:41:12] [world] The Player <Funget114514> has crafted 1 of IRON HELMET at X= -27, Y= 63, Z= -288
[2023-07-07 10:15:44] [world] The Player <wegwe> has crafted 4 of OAK PLANKS at X= 38, Y= 63, Z= -290
[2023-07-07 10:15:47] [world] The Player <wegwe> has crafted 1 of CRAFTING TABLE at X= 38, Y= 63, Z= -290
[2023-07-07 10:16:33] [world] The Player <wegwe> has crafted 4 of OAK PLANKS at X= 35, Y= 63, Z= -290
[2023-07-07 10:17:39] [world] The Player <wqe123420> has crafted 9 of IRON INGOT at X= 9, Y= 62, Z= -263
[2023-07-07 10:19:08] [world] The Player <wqe123420> has crafted 1 of FLINT AND STEEL at X= -26, Y= 63, Z= -286
[2023-07-07 10:19:42] [world] The Player <Funget114514> has crafted 1 of DIAMOND SWORD at X= -27, Y= 64, Z= -285
[2023-07-07 10:20:48] [world] The Player <Enderlava> has crafted 3 of PAPER at X= -28, Y= 63, Z= -286
[2023-07-07 10:21:51] [world] The Player <Enderlava> has crafted 3 of FIREWORK ROCKET at X= 5, Y= 113, Z= 19
[2023-07-07 10:22:58] [world] The Player <Funget114514> has crafted 1 of BOW at X= -26, Y= 63, Z= -287
[2023-07-07 10:23:54] [world] The Player <wegwe> has crafted 4 of OAK PLANKS at X= 19, Y= 72, Z= -247
[2023-07-07 10:23:55] [world] The Player <wegwe> has crafted 4 of OAK PLANKS at X= 18, Y= 72, Z= -246
[2023-07-07 10:23:55] [world] The Player <wegwe> has crafted 4 of OAK PLANKS at X= 18, Y= 72, Z= -246
[2023-07-07 10:23:56] [world] The Player <wegwe> has crafted 4 of OAK PLANKS at X= 18, Y= 72, Z= -245
[2023-07-07 10:23:56] [world] The Player <wegwe> has crafted 4 of OAK PLANKS at X= 18, Y= 72, Z= -245
[2023-07-07 10:23:56] [world] The Player <wegwe> has crafted 4 of OAK PLANKS at X= 18, Y= 72, Z= -245
[2023-07-07 10:23:56] [world] The Player <wegwe> has crafted 4 of OAK PLANKS at X= 18, Y= 72, Z= -245
[2023-07-07 10:23:56] [world] The Player <wegwe> has crafted 4 of OAK PLANKS at X= 18, Y= 72, Z= -245
[2023-07-07 10:23:56] [world] The Player <wegwe> has crafted 4 of OAK PLANKS at X= 18, Y= 72, Z= -245
[2023-07-07 10:23:57] [world] The Player <wegwe> has crafted 4 of OAK PLANKS at X= 18, Y= 72, Z= -245
[2023-07-07 10:23:57] [world] The Player <wegwe> has crafted 4 of OAK PLANKS at X= 18, Y= 72, Z= -245
[2023-07-07 10:27:41] [world] The Player <wegwe> has crafted 4 of STICK at X= 35, Y= 63, Z= -276
[2023-07-07 10:27:53] [world] The Player <wqe123420> has crafted 1 of FISHING ROD at X= -28, Y= 63, Z= -286
[2023-07-07 10:27:53] [world] The Player <wegwe> has crafted 4 of TORCH at X= 35, Y= 63, Z= -270
[2023-07-07 10:27:54] [world] The Player <wegwe> has crafted 4 of TORCH at X= 35, Y= 63, Z= -270
[2023-07-07 10:27:57] [world] The Player <wegwe> has crafted 4 of TORCH at X= 35, Y= 63, Z= -270
[2023-07-07 10:27:57] [world] The Player <wegwe> has crafted 4 of TORCH at X= 35, Y= 63, Z= -270
[2023-07-07 10:28:23] [world] The Player <Xw114> has crafted 1 of RED DYE at X= -28, Y= 63, Z= -286
[2023-07-07 10:28:26] [world] The Player <Xw114> has crafted 1 of BLUE DYE at X= -28, Y= 63, Z= -286
[2023-07-07 10:28:29] [world] The Player <Xw114> has crafted 1 of YELLOW DYE at X= -28, Y= 63, Z= -286
[2023-07-07 10:28:29] [world] The Player <Xw114> has crafted 1 of YELLOW DYE at X= -28, Y= 63, Z= -286
[2023-07-07 10:28:29] [world] The Player <Xw114> has crafted 1 of YELLOW DYE at X= -28, Y= 63, Z= -286
[2023-07-07 10:28:30] [world] The Player <Xw114> has crafted 1 of YELLOW DYE at X= -28, Y= 63, Z= -286
[2023-07-07 10:28:32] [world] The Player <Xw114> has crafted 1 of LIGHT GRAY DYE at X= -28, Y= 63, Z= -286
[2023-07-07 10:28:33] [world] The Player <Xw114> has crafted 1 of LIGHT GRAY DYE at X= -28, Y= 63, Z= -286
[2023-07-07 10:29:00] [world] The Player <Xw114> has crafted 1 of FIREWORK STAR at X= -26, Y= 63, Z= -286
[2023-07-07 10:29:08] [world] The Player <Xw114> has crafted 1 of FIREWORK STAR at X= -26, Y= 63, Z= -286
[2023-07-07 10:29:10] [world] The Player <Xw114> has crafted 1 of FIREWORK STAR at X= -26, Y= 63, Z= -286
[2023-07-07 10:29:11] [world] The Player <Xw114> has crafted 1 of FIREWORK STAR at X= -26, Y= 63, Z= -286
[2023-07-07 10:29:11] [world] The Player <Xw114> has crafted 1 of FIREWORK STAR at X= -26, Y= 63, Z= -286
[2023-07-07 10:29:11] [world] The Player <Xw114> has crafted 1 of FIREWORK STAR at X= -26, Y= 63, Z= -286
[2023-07-07 10:29:14] [world] The Player <Xw114> has crafted 1 of FIREWORK STAR at X= -26, Y= 63, Z= -286
[2023-07-07 10:29:14] [world] The Player <Xw114> has crafted 1 of FIREWORK STAR at X= -26, Y= 63, Z= -286
[2023-07-07 10:29:58] [world] The Player <Funget114514> has crafted 1 of BLUE DYE at X= -27, Y= 63, Z= -287
[2023-07-07 10:30:15] [world] The Player <Xw114> has crafted 3 of FIREWORK ROCKET at X= -26, Y= 63, Z= -286
[2023-07-07 10:30:15] [world] The Player <Funget114514> has crafted 1 of BLUE SHULKER BOX at X= -27, Y= 63, Z= -286
[2023-07-07 10:30:20] [world] The Player <Xw114> has crafted 3 of FIREWORK ROCKET at X= -26, Y= 63, Z= -286
[2023-07-07 10:30:20] [world] The Player <Xw114> has crafted 3 of FIREWORK ROCKET at X= -26, Y= 63, Z= -286
[2023-07-07 10:30:20] [world] The Player <Xw114> has crafted 3 of FIREWORK ROCKET at X= -26, Y= 63, Z= -286
[2023-07-07 10:30:20] [world] The Player <Xw114> has crafted 3 of FIREWORK ROCKET at X= -26, Y= 63, Z= -286
[2023-07-07 10:30:24] [world] The Player <Xw114> has crafted 3 of FIREWORK ROCKET at X= -26, Y= 63, Z= -285
[2023-07-07 10:30:25] [world] The Player <Xw114> has crafted 3 of FIREWORK ROCKET at X= -26, Y= 63, Z= -285
[2023-07-07 10:30:28] [world] The Player <Xw114> has crafted 3 of FIREWORK ROCKET at X= -26, Y= 63, Z= -285
[2023-07-07 10:30:28] [world] The Player <Xw114> has crafted 3 of FIREWORK ROCKET at X= -26, Y= 63, Z= -285
[2023-07-07 10:31:08] [world] The Player <Funget114514> has crafted 1 of RED DYE at X= -17, Y= 63, Z= -283
[2023-07-07 10:31:11] [world] The Player <Funget114514> has crafted 1 of YELLOW DYE at X= -17, Y= 63, Z= -283
[2023-07-07 10:31:30] [world] The Player <Funget114514> has crafted 1 of RED SHULKER BOX at X= -26, Y= 63, Z= -287
[2023-07-07 10:31:40] [world] The Player <Funget114514> has crafted 1 of YELLOW SHULKER BOX at X= -26, Y= 63, Z= -287
[2023-07-07 10:35:03] [world_nether] The Player <wegwe> has crafted 1 of CRAFTING TABLE at X= 7, Y= 128, Z= -23
[2023-07-07 10:35:18] [world_nether] The Player <wegwe> has crafted 1 of OAK BOAT at X= 10, Y= 128, Z= -21
[2023-07-07 10:36:47] [world] The Player <wqe123420> has crafted 1 of YELLOW DYE at X= -27, Y= 63, Z= -286
[2023-07-07 10:36:56] [world] The Player <wegwe> has crafted 1 of OAK BOAT at X= -17, Y= 63, Z= -287
[2023-07-07 10:41:22] [world] The Player <wegwe> has crafted 1 of CHEST at X= -16, Y= 64, Z= -288
[2023-07-07 10:41:42] [world] The Player <wegwe> has crafted 1 of CHEST at X= -16, Y= 64, Z= -288
[2023-07-07 10:41:42] [world] The Player <wegwe> has crafted 1 of CHEST at X= -16, Y= 64, Z= -288
[2023-07-07 10:41:43] [world] The Player <wegwe> has crafted 1 of CHEST at X= -16, Y= 64, Z= -288
[2023-07-07 10:45:52] [world] The Player <wegwe> has crafted 9 of IRON INGOT at X= -15, Y= 64, Z= -286
[2023-07-07 10:45:53] [world] The Player <wegwe> has crafted 9 of IRON INGOT at X= -15, Y= 64, Z= -286
[2023-07-07 10:45:53] [world] The Player <wegwe> has crafted 9 of IRON INGOT at X= -15, Y= 64, Z= -286
[2023-07-07 10:47:26] [world] The Player <wegwe> has crafted 4 of STICK at X= -19, Y= 63, Z= -287
[2023-07-07 10:47:46] [world] The Player <wegwe> has crafted 1 of DIAMOND AXE at X= -18, Y= 63, Z= -287
[2023-07-07 10:57:09] [world] The Player <wqe123420> has crafted 4 of BIRCH PLANKS at X= -62, Y= 74, Z= -232
[2023-07-07 10:57:10] [world] The Player <wqe123420> has crafted 1 of BIRCH BUTTON at X= -62, Y= 74, Z= -232
[2023-07-07 10:57:14] [world] The Player <wqe123420> has crafted 1 of BIRCH BUTTON at X= -62, Y= 74, Z= -232
[2023-07-07 10:57:14] [world] The Player <wqe123420> has crafted 1 of BIRCH BUTTON at X= -62, Y= 74, Z= -232
[2023-07-07 10:57:15] [world] The Player <wqe123420> has crafted 1 of BIRCH BUTTON at X= -62, Y= 74, Z= -232
