[2023-07-20 10:16:40] [world] The Player <Enderlava> has crafted 1 of BUCKET at X= -28, Y= 63, Z= -288
[2023-07-20 10:19:11] [world] The Player <wqe123420> has crafted 1 of STICK at X= -27, Y= 63, Z= -287
[2023-07-20 10:19:30] [world] The Player <wqe123420> has crafted 1 of BOW at X= -27, Y= 63, Z= -287
[2023-07-20 10:19:32] [world] The Player <wqe123420> has crafted 1 of BOW at X= -27, Y= 63, Z= -287
[2023-07-20 10:19:33] [world] The Player <wqe123420> has crafted 1 of BOW at X= -27, Y= 63, Z= -287
[2023-07-20 10:19:34] [world] The Player <wqe123420> has crafted 1 of BOW at X= -27, Y= 63, Z= -287
[2023-07-20 10:19:35] [world] The Player <wqe123420> has crafted 1 of BOW at X= -27, Y= 63, Z= -287
[2023-07-20 10:19:37] [world] The Player <wqe123420> has crafted 1 of BOW at X= -27, Y= 63, Z= -287
[2023-07-20 11:03:07] [world] The Player <wqe123420> has crafted 1 of TNT at X= -27, Y= 63, Z= -287
[2023-07-20 11:30:19] [world] The Player <wqe123420> has crafted 4 of MANGROVE PLANKS at X= -3097, Y= 73, Z= 4432
[2023-07-20 11:30:23] [world] The Player <wqe123420> has crafted 1 of CRAFTING TABLE at X= -3097, Y= 73, Z= 4432
[2023-07-20 11:30:38] [world] The Player <wqe123420> has crafted 1 of CHEST at X= -3097, Y= 73, Z= 4432
[2023-07-20 11:30:38] [world] The Player <wqe123420> has crafted 1 of CHEST at X= -3097, Y= 73, Z= 4432
[2023-07-20 11:30:38] [world] The Player <wqe123420> has crafted 1 of CHEST at X= -3097, Y= 73, Z= 4432
[2023-07-20 11:30:38] [world] The Player <wqe123420> has crafted 1 of CHEST at X= -3097, Y= 73, Z= 4432
[2023-07-20 12:12:23] [world] The Player <wqe123420> has crafted 4 of MANGROVE PLANKS at X= -3089, Y= 62, Z= 4467
[2023-07-20 12:12:26] [world] The Player <wqe123420> has crafted 1 of CRAFTING TABLE at X= -3089, Y= 62, Z= 4467
[2023-07-20 12:12:46] [world] The Player <wqe123420> has crafted 1 of TNT at X= -3097, Y= 72, Z= 4431
[2023-07-20 12:12:47] [world] The Player <wqe123420> has crafted 1 of TNT at X= -3097, Y= 72, Z= 4431
[2023-07-20 12:13:09] [world] The Player <wqe123420> has crafted 1 of TNT at X= -3097, Y= 72, Z= 4430
[2023-07-20 12:13:11] [world] The Player <wqe123420> has crafted 1 of TNT at X= -3097, Y= 72, Z= 4430
[2023-07-20 12:13:22] [world] The Player <wqe123420> has crafted 1 of TNT at X= -3097, Y= 72, Z= 4430
[2023-07-20 12:13:24] [world] The Player <wqe123420> has crafted 1 of TNT at X= -3097, Y= 72, Z= 4430
[2023-07-20 12:13:45] [world] The Player <wqe123420> has crafted 1 of TNT at X= -3097, Y= 72, Z= 4431
[2023-07-20 12:13:46] [world] The Player <wqe123420> has crafted 1 of TNT at X= -3097, Y= 72, Z= 4431
[2023-07-20 12:14:02] [world] The Player <wqe123420> has crafted 1 of TNT at X= -3097, Y= 72, Z= 4431
[2023-07-20 12:14:03] [world] The Player <wqe123420> has crafted 1 of TNT at X= -3097, Y= 72, Z= 4431
[2023-07-20 12:16:00] [world] The Player <wqe123420> has crafted 1 of TNT at X= -3097, Y= 72, Z= 4431
[2023-07-20 12:16:01] [world] The Player <wqe123420> has crafted 1 of TNT at X= -3097, Y= 72, Z= 4431
[2023-07-20 12:30:18] [world] The Player <wqe123420> has crafted 9 of DIAMOND at X= -3097, Y= 72, Z= 4431
[2023-07-20 12:36:18] [world] The Player <wqe123420> has crafted 1 of TNT at X= -3097, Y= 72, Z= 4431
[2023-07-20 12:36:32] [world] The Player <wqe123420> has crafted 1 of TNT at X= -3097, Y= 72, Z= 4431
[2023-07-20 12:36:33] [world] The Player <wqe123420> has crafted 1 of TNT at X= -3097, Y= 72, Z= 4431
[2023-07-20 12:37:03] [world] The Player <wqe123420> has crafted 1 of TNT at X= -3097, Y= 72, Z= 4431
[2023-07-20 12:37:54] [world] The Player <wqe123420> has crafted 1 of TNT at X= -3097, Y= 72, Z= 4430
[2023-07-20 12:37:56] [world] The Player <wqe123420> has crafted 1 of TNT at X= -3097, Y= 72, Z= 4430
[2023-07-20 12:38:14] [world] The Player <wqe123420> has crafted 1 of TNT at X= -3096, Y= 72, Z= 4430
[2023-07-20 12:40:17] [world] The Player <wqe123420> has crafted 1 of TNT at X= -3097, Y= 72, Z= 4431
[2023-07-20 12:40:30] [world] The Player <wqe123420> has crafted 1 of TNT at X= -3097, Y= 72, Z= 4431
[2023-07-20 12:40:32] [world] The Player <wqe123420> has crafted 1 of TNT at X= -3097, Y= 72, Z= 4431
[2023-07-20 13:00:14] [world] The Player <wqe123420> has crafted 3 of BONE MEAL at X= 5, Y= 113, Z= 14
[2023-07-20 13:00:14] [world] The Player <wqe123420> has crafted 3 of BONE MEAL at X= 5, Y= 113, Z= 14
[2023-07-20 13:00:14] [world] The Player <wqe123420> has crafted 3 of BONE MEAL at X= 5, Y= 113, Z= 14
[2023-07-20 13:08:48] [world_the_end] The Player <wqe123420> has crafted 4 of OAK PLANKS at X= 8, Y= 62, Z= -16
[2023-07-20 13:08:48] [world_the_end] The Player <wqe123420> has crafted 4 of OAK PLANKS at X= 8, Y= 62, Z= -16
[2023-07-20 13:08:48] [world_the_end] The Player <wqe123420> has crafted 4 of OAK PLANKS at X= 8, Y= 62, Z= -16
[2023-07-20 13:08:48] [world_the_end] The Player <wqe123420> has crafted 4 of OAK PLANKS at X= 8, Y= 62, Z= -16
[2023-07-20 13:08:48] [world_the_end] The Player <wqe123420> has crafted 4 of OAK PLANKS at X= 8, Y= 62, Z= -16
[2023-07-20 13:08:49] [world_the_end] The Player <wqe123420> has crafted 4 of OAK PLANKS at X= 8, Y= 62, Z= -16
[2023-07-20 13:08:52] [world_the_end] The Player <wqe123420> has crafted 1 of CRAFTING TABLE at X= 8, Y= 62, Z= -16
[2023-07-20 13:09:30] [world_the_end] The Player <wqe123420> has crafted 1 of PISTON at X= 7, Y= 62, Z= -14
[2023-07-20 13:09:38] [world_the_end] The Player <wqe123420> has crafted 1 of PISTON at X= 7, Y= 62, Z= -14
[2023-07-20 13:09:38] [world_the_end] The Player <wqe123420> has crafted 1 of PISTON at X= 7, Y= 62, Z= -14
[2023-07-20 13:11:28] [world] The Player <Enderlava> has crafted 4 of OAK PLANKS at X= -17, Y= 70, Z= -286
[2023-07-20 13:12:03] [world] The Player <Enderlava> has crafted 2 of OAK TRAPDOOR at X= -27, Y= 63, Z= -287
[2023-07-20 13:12:55] [world] The Player <wqe123420> has crafted 4 of STICK at X= -5, Y= 69, Z= -255
[2023-07-20 13:13:09] [world] The Player <wqe123420> has crafted 1 of LEVER at X= -6, Y= 69, Z= -256
[2023-07-20 13:13:26] [world] The Player <Enderlava> has crafted 3 of PAPER at X= -27, Y= 63, Z= -288
[2023-07-20 13:13:30] [world] The Player <Enderlava> has crafted 3 of FIREWORK ROCKET at X= -27, Y= 63, Z= -288
[2023-07-20 13:13:49] [world_nether] The Player <wqe123420> has crafted 1 of CRAFTING TABLE at X= 8, Y= 129, Z= -20
[2023-07-20 13:13:56] [world_nether] The Player <wqe123420> has crafted 2 of OAK TRAPDOOR at X= 9, Y= 128, Z= -18
[2023-07-20 13:21:13] [world] The Player <Enderlava> has crafted 1 of PISTON at X= -27, Y= 63, Z= -288
[2023-07-20 13:21:54] [world_nether] The Player <wqe123420> has crafted 2 of OAK TRAPDOOR at X= 11, Y= 128, Z= -18
[2023-07-20 13:22:00] [world_nether] The Player <wqe123420> has crafted 1 of LEVER at X= 11, Y= 128, Z= -18
[2023-07-20 13:24:36] [world_nether] The Player <wqe123420> has crafted 1 of LEVER at X= 14, Y= 128, Z= -15
[2023-07-20 13:25:23] [world_nether] The Player <wqe123420> has crafted 1 of PISTON at X= 13, Y= 128, Z= -14
[2023-07-20 13:26:14] [world_nether] The Player <wqe123420> has crafted 1 of PISTON at X= 12, Y= 128, Z= -15
[2023-07-20 13:26:35] [world_nether] The Player <wqe123420> has crafted 1 of LEVER at X= 14, Y= 128, Z= -15
[2023-07-20 13:38:29] [world_nether] The Player <wqe123420> has crafted 1 of LEVER at X= 14, Y= 128, Z= -15
[2023-07-20 13:39:04] [world] The Player <Funget114514> has crafted 1 of STICK at X= -27, Y= 63, Z= -287
[2023-07-20 13:39:23] [world] The Player <Funget114514> has crafted 1 of ACACIA SAPLING at X= -28, Y= 63, Z= -288
[2023-07-20 13:39:44] [world] The Player <Funget114514> has crafted 1 of ACACIA SAPLING at X= -28, Y= 63, Z= -288
[2023-07-20 13:44:21] [world_the_end] The Player <wqe123420> has crafted 1 of CRAFTING TABLE at X= -3, Y= 61, Z= -9
[2023-07-20 13:45:56] [world] The Player <Funget114514> has crafted 3 of FIRE CHARGE at X= -27, Y= 63, Z= -288
[2023-07-20 13:47:15] [world] The Player <Funget114514> has crafted 1 of NETHER STAR at X= 10, Y= 113, Z= 14
[2023-07-20 13:50:20] [world] The Player <Funget114514> has crafted 1 of NETHER STAR at X= 10, Y= 113, Z= 15
[2023-07-20 13:55:41] [world] The Player <Funget114514> has crafted 1 of NETHER STAR at X= -28, Y= 63, Z= -287
[2023-07-20 14:01:50] [world] The Player <wqe123420> has crafted 1 of NETHER STAR at X= -27, Y= 63, Z= -287
[2023-07-20 14:23:31] [world] The Player <Funget114514> has crafted 3 of GLASS BOTTLE at X= -27, Y= 63, Z= -288
[2023-07-20 14:43:22] [world] The Player <wqe123420> has crafted 3 of GLASS BOTTLE at X= -27, Y= 63, Z= -288
[2023-07-20 15:27:41] [world] The Player <wqe123420> has crafted 6 of SMOOTH STONE SLAB at X= 1068, Y= 69, Z= -208
[2023-07-20 15:27:54] [world] The Player <wqe123420> has crafted 4 of SPRUCE PLANKS at X= 1081, Y= 204, Z= -206
[2023-07-20 15:27:56] [world] The Player <wqe123420> has crafted 4 of STICK at X= 1081, Y= 204, Z= -206
[2023-07-20 15:27:56] [world] The Player <wqe123420> has crafted 4 of STICK at X= 1081, Y= 204, Z= -206
[2023-07-20 15:28:10] [world] The Player <wqe123420> has crafted 1 of ARMOR STAND at X= 1081, Y= 204, Z= -206
[2023-07-20 15:49:04] [world_the_end] The Player <Enderlava> has crafted 9 of IRON INGOT at X= -8, Y= 64, Z= -18
[2023-07-20 16:00:09] [world] The Player <Enderlava> has crafted 1 of REPEATER at X= -26, Y= 63, Z= -287
[2023-07-20 18:54:28] [world] The Player <wqe123420> has crafted 9 of GOLD INGOT at X= -27, Y= 63, Z= -288
[2023-07-20 18:54:45] [world] The Player <wqe123420> has crafted 1 of NETHERITE INGOT at X= -27, Y= 63, Z= -288
[2023-07-20 18:54:56] [world] The Player <wqe123420> has crafted 1 of NETHERITE INGOT at X= -27, Y= 63, Z= -288
[2023-07-20 18:55:39] [world] The Player <wqe123420> has crafted 1 of NETHERITE BLOCK at X= -27, Y= 63, Z= -287
[2023-07-20 18:58:22] [world] The Player <wqe123420> has crafted 9 of LAPIS LAZULI at X= -28, Y= 68, Z= -281
[2023-07-20 18:58:22] [world] The Player <wqe123420> has crafted 9 of LAPIS LAZULI at X= -28, Y= 68, Z= -281
[2023-07-20 18:58:22] [world] The Player <wqe123420> has crafted 9 of LAPIS LAZULI at X= -28, Y= 68, Z= -281
[2023-07-20 18:58:22] [world] The Player <wqe123420> has crafted 9 of LAPIS LAZULI at X= -28, Y= 68, Z= -281
[2023-07-20 18:58:22] [world] The Player <wqe123420> has crafted 9 of LAPIS LAZULI at X= -28, Y= 68, Z= -281
[2023-07-20 19:00:06] [world] The Player <wqe123420> has crafted 9 of DIAMOND at X= -26, Y= 63, Z= -287
[2023-07-20 19:00:30] [world] The Player <wqe123420> has crafted 1 of DIAMOND LEGGINGS at X= -28, Y= 63, Z= -287
[2023-07-20 19:05:05] [world_the_end] The Player <wqe123420> has crafted 1 of CRAFTING TABLE at X= -15, Y= 1, Z= -274
[2023-07-20 19:05:13] [world_the_end] The Player <wqe123420> has crafted 1 of DIAMOND LEGGINGS at X= -16, Y= 1, Z= -274
[2023-07-20 19:05:15] [world_the_end] The Player <wqe123420> has crafted 1 of DIAMOND LEGGINGS at X= -16, Y= 1, Z= -274
[2023-07-20 19:09:38] [world_the_end] The Player <wqe123420> has crafted 1 of DIAMOND BOOTS at X= -14, Y= 1, Z= -274
[2023-07-20 19:11:59] [world_the_end] The Player <wqe123420> has crafted 1 of DIAMOND HELMET at X= -14, Y= 1, Z= -274
[2023-07-20 19:12:56] [world_the_end] The Player <wqe123420> has crafted 9 of LAPIS LAZULI at X= -14, Y= 1, Z= -274
[2023-07-20 19:12:56] [world_the_end] The Player <wqe123420> has crafted 9 of LAPIS LAZULI at X= -14, Y= 1, Z= -274
[2023-07-20 19:12:56] [world_the_end] The Player <wqe123420> has crafted 9 of LAPIS LAZULI at X= -14, Y= 1, Z= -274
[2023-07-20 19:12:57] [world_the_end] The Player <wqe123420> has crafted 9 of LAPIS LAZULI at X= -14, Y= 1, Z= -274
[2023-07-20 19:12:57] [world_the_end] The Player <wqe123420> has crafted 9 of LAPIS LAZULI at X= -14, Y= 1, Z= -274
[2023-07-20 19:14:28] [world_the_end] The Player <wqe123420> has crafted 1 of DIAMOND HELMET at X= -15, Y= 1, Z= -274
[2023-07-20 19:53:04] [world] The Player <wqe123420> has crafted 2 of NETHERITE UPGRADE SMITHING TEMPLATE at X= -26, Y= 63, Z= -287
[2023-07-20 19:53:09] [world] The Player <wqe123420> has crafted 2 of NETHERITE UPGRADE SMITHING TEMPLATE at X= -26, Y= 63, Z= -287
[2023-07-20 19:59:17] [world] The Player <wqe123420> has crafted 2 of NETHERITE UPGRADE SMITHING TEMPLATE at X= -26, Y= 63, Z= -287
[2023-07-20 20:01:33] [world] The Player <wqe123420> has crafted 9 of NETHERITE INGOT at X= -27, Y= 63, Z= -287
[2023-07-20 20:04:37] [world] The Player <wqe123420> has crafted 2 of NETHERITE UPGRADE SMITHING TEMPLATE at X= -28, Y= 63, Z= -287
[2023-07-20 21:49:08] [world] The Player <wqe123420> has crafted 1 of SUGAR at X= 8, Y= 62, Z= -265
[2023-07-20 21:50:45] [world] The Player <wqe123420> has crafted 1 of FERMENTED SPIDER EYE at X= -27, Y= 63, Z= -288
[2023-07-20 21:54:48] [world] The Player <wqe123420> has crafted 1 of GOLDEN APPLE at X= -27, Y= 63, Z= -287
[2023-07-20 21:56:13] [world] The Player <wqe123420> has crafted 1 of GOLDEN APPLE at X= -28, Y= 63, Z= -288
[2023-07-20 22:02:34] [world] The Player <Funget114514> has crafted 3 of GLASS BOTTLE at X= -28, Y= 63, Z= -288
[2023-07-20 22:04:42] [world] The Player <wqe123420> has crafted 9 of IRON INGOT at X= -978, Y= 69, Z= -1013
[2023-07-20 22:04:56] [world] The Player <wqe123420> has crafted 4 of OAK PLANKS at X= -980, Y= 69, Z= -1015
[2023-07-20 22:04:58] [world] The Player <wqe123420> has crafted 1 of CRAFTING TABLE at X= -980, Y= 69, Z= -1015
[2023-07-20 22:05:06] [world] The Player <Enderlava> has crafted 16 of IRON BARS at X= -978, Y= 69, Z= -1014
[2023-07-20 22:05:09] [world] The Player <wqe123420> has crafted 16 of IRON BARS at X= -980, Y= 69, Z= -1015
[2023-07-20 22:08:44] [world] The Player <Funget114514> has crafted 1 of SUGAR at X= -63, Y= 74, Z= -245
[2023-07-20 22:08:45] [world] The Player <Funget114514> has crafted 1 of SUGAR at X= -63, Y= 74, Z= -245
[2023-07-20 22:08:45] [world] The Player <Funget114514> has crafted 1 of SUGAR at X= -63, Y= 74, Z= -245
[2023-07-20 22:08:45] [world] The Player <Funget114514> has crafted 1 of SUGAR at X= -63, Y= 74, Z= -245
[2023-07-20 22:08:50] [world] The Player <Funget114514> has crafted 1 of FERMENTED SPIDER EYE at X= -63, Y= 74, Z= -245
[2023-07-20 22:17:32] [world] The Player <wqe123420> has crafted 16 of IRON BARS at X= -978, Y= 69, Z= -1012
[2023-07-20 22:17:33] [world] The Player <wqe123420> has crafted 16 of IRON BARS at X= -978, Y= 69, Z= -1012
[2023-07-20 22:24:28] [world] The Player <wqe123420> has crafted 9 of EMERALD at X= -977, Y= 64, Z= -1009
[2023-07-20 22:24:29] [world] The Player <wqe123420> has crafted 9 of EMERALD at X= -977, Y= 64, Z= -1009
