[2023-07-23 15:21:25] [world] The Player <Enderlava> has crafted 3 of BONE MEAL at X= -22, Y= 70, Z= -256
[2023-07-23 15:21:26] [world] The Player <Enderlava> has crafted 3 of BONE MEAL at X= -22, Y= 70, Z= -256
[2023-07-23 15:21:26] [world] The Player <Enderlava> has crafted 3 of BONE MEAL at X= -22, Y= 70, Z= -256
[2023-07-23 15:26:15] [world] The Player <Enderlava> has crafted 6 of SCAFFOLDING at X= -26, Y= 63, Z= -288
[2023-07-23 15:26:16] [world] The Player <Enderlava> has crafted 6 of SCAFFOLDING at X= -26, Y= 63, Z= -288
[2023-07-23 15:26:51] [world] The Player <Enderlava> has crafted 3 of PAPER at X= -26, Y= 63, Z= -288
[2023-07-23 15:26:55] [world] The Player <Enderlava> has crafted 3 of FIREWORK ROCKET at X= -26, Y= 63, Z= -288
[2023-07-23 15:30:14] [world] The Player <Enderlava> has crafted 4 of OAK PLANKS at X= -27, Y= 63, Z= -287
[2023-07-23 15:30:22] [world] The Player <Enderlava> has crafted 1 of CHEST at X= -27, Y= 63, Z= -287
[2023-07-23 15:30:59] [world] The Player <Enderlava> has crafted 1 of SHEARS at X= -8, Y= 70, Z= -258
[2023-07-23 15:37:00] [world_the_end] The Player <Enderlava> has crafted 1 of CRAFTING TABLE at X= 22, Y= 61, Z= -23
[2023-07-23 15:37:36] [world_the_end] The Player <Enderlava> has crafted 4 of OAK PLANKS at X= 4, Y= 55, Z= -4
[2023-07-23 15:37:37] [world_the_end] The Player <Enderlava> has crafted 4 of STICK at X= 4, Y= 55, Z= -4
[2023-07-23 15:37:52] [world_the_end] The Player <Enderlava> has crafted 1 of REDSTONE TORCH at X= 4, Y= 55, Z= -4
[2023-07-23 15:37:57] [world_the_end] The Player <Enderlava> has crafted 1 of REPEATER at X= 4, Y= 55, Z= -4
[2023-07-23 15:37:58] [world_the_end] The Player <Enderlava> has crafted 1 of REPEATER at X= 4, Y= 55, Z= -4
[2023-07-23 15:37:59] [world_the_end] The Player <Enderlava> has crafted 1 of REPEATER at X= 4, Y= 55, Z= -4
[2023-07-23 15:38:17] [world_the_end] The Player <Enderlava> has crafted 1 of REPEATER at X= 5, Y= 55, Z= -4
[2023-07-23 15:39:09] [world_the_end] The Player <Enderlava> has crafted 4 of OAK PLANKS at X= 4, Y= 55, Z= -3
[2023-07-23 15:39:14] [world_the_end] The Player <Enderlava> has crafted 1 of PISTON at X= 4, Y= 55, Z= -3
[2023-07-23 15:41:09] [world_the_end] The Player <Enderlava> has crafted 1 of OBSERVER at X= 7, Y= 55, Z= -1
[2023-07-23 15:41:25] [world_the_end] The Player <Enderlava> has crafted 1 of OBSERVER at X= 7, Y= 55, Z= -1
[2023-07-23 15:46:30] [world_the_end] The Player <Enderlava> has crafted 9 of SLIME BALL at X= 4, Y= 55, Z= -1
[2023-07-23 15:46:34] [world_the_end] The Player <Enderlava> has crafted 1 of STICKY PISTON at X= 4, Y= 55, Z= -1
[2023-07-23 15:48:16] [world_the_end] The Player <Enderlava> has crafted 1 of STICKY PISTON at X= 7, Y= 62, Z= 0
[2023-07-23 15:50:14] [world_the_end] The Player <Enderlava> has crafted 1 of STICKY PISTON at X= 0, Y= 61, Z= 6
[2023-07-23 15:50:59] [world_the_end] The Player <Enderlava> has crafted 1 of STICKY PISTON at X= -6, Y= 61, Z= 0
[2023-07-23 17:58:16] [world] The Player <wqe123420> has crafted 1 of STICK at X= -27, Y= 63, Z= -287
[2023-07-23 18:05:20] [world] The Player <wqe123420> has crafted 1 of DIAMOND PICKAXE at X= -28, Y= 63, Z= -288
[2023-07-23 18:07:51] [world] The Player <wqe123420> has crafted 1 of DIAMOND PICKAXE at X= -28, Y= 63, Z= -287
[2023-07-23 18:08:56] [world] The Player <wqe123420> has crafted 1 of DIAMOND LEGGINGS at X= -27, Y= 63, Z= -287
[2023-07-23 18:09:00] [world] The Player <wqe123420> has crafted 1 of DIAMOND CHESTPLATE at X= -27, Y= 63, Z= -287
[2023-07-23 18:09:02] [world] The Player <wqe123420> has crafted 1 of DIAMOND HELMET at X= -27, Y= 63, Z= -287
[2023-07-23 18:09:06] [world] The Player <wqe123420> has crafted 1 of DIAMOND BOOTS at X= -27, Y= 63, Z= -287
[2023-07-23 18:09:31] [world] The Player <wqe123420> has crafted 2 of SNOUT ARMOR TRIM SMITHING TEMPLATE at X= -27, Y= 63, Z= -287
[2023-07-23 18:09:33] [world] The Player <wqe123420> has crafted 2 of SNOUT ARMOR TRIM SMITHING TEMPLATE at X= -27, Y= 63, Z= -287
[2023-07-23 18:09:35] [world] The Player <wqe123420> has crafted 2 of SNOUT ARMOR TRIM SMITHING TEMPLATE at X= -27, Y= 63, Z= -287
[2023-07-23 18:09:36] [world] The Player <wqe123420> has crafted 2 of SNOUT ARMOR TRIM SMITHING TEMPLATE at X= -27, Y= 63, Z= -287
[2023-07-23 18:09:37] [world] The Player <wqe123420> has crafted 2 of SNOUT ARMOR TRIM SMITHING TEMPLATE at X= -27, Y= 63, Z= -287
[2023-07-23 18:09:38] [world] The Player <wqe123420> has crafted 2 of SNOUT ARMOR TRIM SMITHING TEMPLATE at X= -27, Y= 63, Z= -287
[2023-07-23 18:17:34] [world] The Player <wqe123420> has crafted 4 of BIRCH PLANKS at X= -170, Y= 80, Z= -196
[2023-07-23 18:17:51] [world] The Player <wqe123420> has crafted 1 of CHEST at X= -26, Y= 63, Z= -286
[2023-07-23 18:17:58] [world] The Player <wqe123420> has crafted 1 of HOPPER at X= -26, Y= 63, Z= -286
[2023-07-23 18:20:18] [world] The Player <wqe123420> has crafted 9 of IRON INGOT at X= -27, Y= 63, Z= -287
[2023-07-23 18:20:36] [world] The Player <wqe123420> has crafted 1 of HOPPER at X= -27, Y= 63, Z= -287
[2023-07-23 18:30:19] [world] The Player <wqe123420> has crafted 4 of OAK PLANKS at X= -27, Y= 63, Z= -287
[2023-07-23 18:30:22] [world] The Player <wqe123420> has crafted 4 of STICK at X= -27, Y= 63, Z= -287
[2023-07-23 18:30:28] [world] The Player <wqe123420> has crafted 3 of OAK SIGN at X= -27, Y= 63, Z= -287
[2023-07-23 18:31:02] [world] The Player <wqe123420> has crafted 4 of BIRCH PLANKS at X= -45, Y= 68, Z= -280
[2023-07-23 18:31:58] [world] The Player <wqe123420> has crafted 1 of BUCKET at X= -28, Y= 63, Z= -287
[2023-07-23 18:31:58] [world] The Player <wqe123420> has crafted 1 of BUCKET at X= -28, Y= 63, Z= -287
[2023-07-23 18:31:58] [world] The Player <wqe123420> has crafted 1 of BUCKET at X= -28, Y= 63, Z= -287
[2023-07-23 18:31:58] [world] The Player <wqe123420> has crafted 1 of BUCKET at X= -28, Y= 63, Z= -287
[2023-07-23 20:16:29] [world] The Player <Funget114514> has crafted 2 of SNOUT ARMOR TRIM SMITHING TEMPLATE at X= -28, Y= 63, Z= -288
[2023-07-23 20:16:42] [world] The Player <Funget114514> has crafted 2 of SNOUT ARMOR TRIM SMITHING TEMPLATE at X= -28, Y= 63, Z= -288
[2023-07-23 20:20:05] [world] The Player <Funget114514> has crafted 9 of GOLD INGOT at X= -27, Y= 63, Z= -287
[2023-07-23 21:12:45] [world_the_end] The Player <wqe123420> has crafted 1 of HAY BLOCK at X= -18, Y= 1, Z= -274
