[15:26:42] [Server Thread/INFO]: Environment: authHost='https://authserver.mojang.com', accountsHost='https://api.mojang.com', sessionHost='https://sessionserver.mojang.com', servicesHost='https://api.minecraftservices.com', name='PROD'
[15:26:43] [Server Thread/INFO]: Loaded 7 recipes
[15:26:44] [Server thread/INFO]: Starting minecraft server version 1.19.4
[15:26:44] [Server thread/INFO]: Loading properties
[15:26:44] [Server thread/INFO]: This server is running Leaves version git-Leaves-"6769d55" (MC: 1.19.4) (Implementing API version 1.19.4-R0.1-SNAPSHOT) (Git: 6769d55)
[15:26:44] [Server thread/INFO]: Server Ping Player Sample Count: 12
[15:26:44] [Server thread/INFO]: Using 4 threads for Netty based IO
[15:26:44] [Server thread/WARN]: [!] The timings profiler has been enabled but has been scheduled for removal from Paper in the future.
    We recommend installing the spark profiler as a replacement: https://spark.lucko.me/
    For more information please visit: https://github.com/PaperMC/Paper/issues/8948
[15:26:44] [Server thread/INFO]: [ChunkTaskScheduler] Chunk system is using 1 I/O threads, 4 worker threads, and gen parallelism of 4 threads
[15:26:45] [Server thread/WARN]: [Leaves] extra-yggdrasil-service is an unofficial support. Enabling it may cause data security problems!
[15:26:45] [Server thread/INFO]: Default game type: SURVIVAL
[15:26:45] [Server thread/INFO]: Generating keypair
[15:26:45] [Server thread/INFO]: Starting Minecraft server on *:25565
[15:26:45] [Server thread/INFO]: Using default channel type
[15:26:45] [Server thread/INFO]: Paper: Using Java compression from Velocity.
[15:26:45] [Server thread/INFO]: Paper: Using Java cipher from Velocity.
[15:26:46] [Server thread/INFO]: [TrMenu-3.1.22.jar] Loading library org.jetbrains.kotlin:kotlin-stdlib-common:1.8.0
[15:26:46] [Server thread/INFO]: [TrMenu-3.1.22.jar] Loading library org.jetbrains.kotlin:kotlin-stdlib:1.8.0
[15:26:46] [Server thread/INFO]: [TrMenu-3.1.22.jar] Loading library org.jetbrains:annotations:13.0
[15:26:47] [ForkJoinPool.commonPool-worker-1/INFO]: [TrMenu-3.1.22.jar] Loading library org.yaml:snakeyaml:2.0
[15:26:47] [ForkJoinPool.commonPool-worker-1/INFO]: [TrMenu-3.1.22.jar] Loading library com.typesafe:config:1.4.2
[15:26:47] [ForkJoinPool.commonPool-worker-1/INFO]: [TrMenu-3.1.22.jar] Loading library com.electronwill.night-config:core:3.6.6
[15:26:47] [ForkJoinPool.commonPool-worker-1/INFO]: [TrMenu-3.1.22.jar] Loading library com.electronwill.night-config:toml:3.6.6
[15:26:47] [ForkJoinPool.commonPool-worker-1/INFO]: [TrMenu-3.1.22.jar] Loading library com.electronwill.night-config:json:3.6.6
[15:26:47] [ForkJoinPool.commonPool-worker-1/INFO]: [TrMenu-3.1.22.jar] Loading library com.electronwill.night-config:hocon:3.6.6
[15:26:47] [ForkJoinPool.commonPool-worker-8/INFO]: [TrMenu-3.1.22.jar] Loading library com.mongodb:MongoDB:3.12.2
[15:26:48] [ForkJoinPool.commonPool-worker-7/INFO]: [TrMenu-3.1.22.jar] Loading library org.openjdk.nashorn:nashorn-core:15.3
[15:26:48] [ForkJoinPool.commonPool-worker-7/INFO]: [TrMenu-3.1.22.jar] Loading library org.ow2.asm:asm-commons:7.3.1
[15:26:48] [ForkJoinPool.commonPool-worker-7/INFO]: [TrMenu-3.1.22.jar] Loading library org.ow2.asm:asm-tree:7.3.1
[15:26:48] [ForkJoinPool.commonPool-worker-7/INFO]: [TrMenu-3.1.22.jar] Loading library org.ow2.asm:asm:7.3.1
[15:26:48] [ForkJoinPool.commonPool-worker-7/INFO]: [TrMenu-3.1.22.jar] Loading library org.ow2.asm:asm-util:7.3.1
[15:26:48] [ForkJoinPool.commonPool-worker-8/INFO]: [TrMenu-3.1.22.jar] Loading library com.zaxxer:HikariCP:4.0.3
[15:26:48] [ForkJoinPool.commonPool-worker-8/INFO]: [TrMenu-3.1.22.jar] Loading library org.slf4j:slf4j-api:2.0.7
[15:26:48] [ForkJoinPool.commonPool-worker-12/INFO]: [TrMenu-3.1.22.jar] Loading library org.apache.commons:commons-jexl3:3.2.1
[15:26:49] [Server thread/WARN]: [org.bukkit.craftbukkit.v1_19_R3.legacy.CraftLegacy] Initializing Legacy Material Support. Unless you have legacy plugins and/or data this is a bug!
[15:26:51] [Server thread/WARN]: Legacy plugin SuperRandomCommand v1.6 does not specify an api-version.
[15:26:51] [Server thread/INFO]: [GeekPlayerBag-1.1-Bate.jar] Loading library org.jetbrains.kotlin:kotlin-stdlib-common:1.7.20
[15:26:51] [Server thread/INFO]: [GeekPlayerBag-1.1-Bate.jar] Loading library org.jetbrains.kotlin:kotlin-stdlib:1.7.20
[15:26:51] [Server thread/INFO]: [GeekPlayerBag-1.1-Bate.jar] Loading library org.jetbrains:annotations:13.0
[15:26:51] [Server thread/INFO]: [GeekPlayerBag-1.1-Bate.jar] Loading library org.jetbrains.kotlin:kotlin-stdlib-jdk7:1.7.20
[15:26:51] [Server thread/INFO]: [GeekPlayerBag-1.1-Bate.jar] Loading library org.jetbrains.kotlin:kotlin-stdlib-jdk8:1.7.20
[15:26:51] [ForkJoinPool.commonPool-worker-15/INFO]: [GeekPlayerBag-1.1-Bate.jar] Loading library org.yaml:snakeyaml:1.32
[15:26:52] [ForkJoinPool.commonPool-worker-14/INFO]: [GeekPlayerBag-1.1-Bate.jar] Loading library com.zaxxer:HikariCP:4.0.3
[15:26:52] [ForkJoinPool.commonPool-worker-14/INFO]: [GeekPlayerBag-1.1-Bate.jar] Loading library org.slf4j:slf4j-api:2.0.7
[15:26:52] [Server thread/INFO]: [WorldEdit] Loading server plugin WorldEdit v7.2.14+6360-094b734
[15:26:52] [Server thread/INFO]: Got request to register class com.sk89q.worldedit.bukkit.BukkitServerInterface with WorldEdit [com.sk89q.worldedit.extension.platform.PlatformManager@6412c4a1]
[15:26:52] [Server thread/INFO]: [ViaVersion] Loading server plugin ViaVersion v4.6.2
[15:26:52] [Server thread/INFO]: [ViaVersion] ViaVersion 4.6.2 is now loaded. Registering protocol transformers and injecting...
[15:26:53] [Via-Mappingloader-0/INFO]: [ViaVersion] Loading block connection mappings ...
[15:26:53] [Via-Mappingloader-0/INFO]: [ViaVersion] Using FastUtil Long2ObjectOpenHashMap for block connections
[15:26:53] [Server thread/INFO]: [ViaBackwards] Loading translations...
[15:26:53] [Server thread/INFO]: [ViaBackwards] Registering protocols...
[15:26:53] [Server thread/INFO]: [WorldGuard] Loading server plugin WorldGuard v7.0.7+216b061
[15:26:53] [Server thread/INFO]: [LuckPerms] Loading server plugin LuckPerms v5.4.64
[15:26:53] [Server thread/INFO]: [PlaceholderAPI] Loading server plugin PlaceholderAPI v2.11.2
[15:26:53] [Server thread/INFO]: [ViaBackwards] Loading server plugin ViaBackwards v4.6.1
[15:26:53] [Server thread/INFO]: [AureliumSkills] Loading server plugin AureliumSkills vBeta 1.3.19
[15:26:53] [Server thread/INFO]: [CoreLogging] Loading server plugin Multiverse-Core vpr2909
[15:26:53] [Server thread/INFO]: [LaggRemover] Loading server plugin LaggRemover v2.0.6
[15:26:53] [Server thread/INFO]: [ViaRewind-Legacy-Support] Loading server plugin ViaRewind-Legacy-Support v1.4.0
[15:26:53] [Server thread/INFO]: [ViaRewind] Loading server plugin ViaRewind v2.0.3
[15:26:53] [Server thread/INFO]: [TrMenu] Loading server plugin TrMenu v3.1.22
[15:26:54] [Server thread/INFO]: 
[15:26:54] [Server thread/INFO]: 正在加载 TrMenu Premium... git-Leaves-"6769d55" (MC: 1.19.4)
[15:26:54] [Server thread/INFO]: 
[15:26:54] [Server thread/INFO]: [Tpj] Loading server plugin Tpj v1.0-SNAPSHOT
[15:26:54] [Server thread/INFO]: [SuperRandomCommand] Loading server plugin SuperRandomCommand v1.6
[15:26:54] [Server thread/INFO]: [RandomControl] Loading server plugin RandomControl v1.1.0
[15:26:54] [Server thread/INFO]: [OpenInv] Loading server plugin OpenInv v4.3.1
[15:26:54] [Server thread/INFO]: [Magic] Loading server plugin Magic v10.8.7-fdb1fc1
[15:26:54] [Server thread/INFO]: [Magic] Loading modern compatibility layer for server version 1.19.4
[15:26:54] [Server thread/INFO]: [Magic] Async chunk loading API found
[15:26:54] [Server thread/INFO]: [Magic] Chat component API found
[15:26:54] [Server thread/INFO]: [Magic] Found WorldGuard 7+
[15:26:54] [Server thread/INFO]: [Magic] Pre-check for WorldGuard custom flag registration
[15:26:54] [Server thread/INFO]: [Magic] Registered custom WorldGuard flags: allowed-spells, always-allowed-spells, blocked-spells, always-allowed-spell-categories, allowed-spell-categories, blocked-spell-categories, allowed-wands, always-allowed-wands, blocked-wands, spell-overrides, destructible, reflective, tags, portal-spell, portal-warp
[15:26:54] [Server thread/INFO]: [Logger] Loading server plugin Logger v1.8.0.9
[15:26:54] [Server thread/INFO]: [ItemCommand] Loading server plugin ItemCommand v1.0.3
[15:26:54] [Server thread/INFO]: [GroupManager] Loading server plugin GroupManager v2.9 (Phoenix)
[15:26:54] [Server thread/INFO]: [Graves] Loading server plugin Graves v4.9
[15:26:54] [Server thread/INFO]: [Graves] Integration: Hooked into WorldGuard 7.0.7+216b061.
[15:26:54] [Server thread/INFO]: [GeekPlayerBag] Loading server plugin GeekPlayerBag v1.1-Bate
[15:26:54] [Server thread/INFO]: 
[15:26:54] [Server thread/INFO]: 正在加载 GeekPlayerBag ...  git-Leaves-"6769d55" (MC: 1.19.4)
[15:26:54] [Server thread/INFO]: 
[15:26:54] [Server thread/INFO]: [floodgate] Loading server plugin floodgate v2.2.2-SNAPSHOT (b??-2702bc3)
[15:26:55] [Server thread/INFO]: [floodgate] 成功启动 Floodgate，耗时549ms
[15:26:55] [Server thread/INFO]: [EliteMobs] Loading server plugin EliteMobs v8.4.4
[15:26:55] [Server thread/INFO]: [EliteMobs] WorldGuard detected.
[15:26:55] [Server thread/INFO]: [EliteMobs] Enabling flags:
[15:26:55] [Server thread/INFO]: [EliteMobs] - elitemob-spawning
[15:26:55] [Server thread/INFO]: [EliteMobs] - elitemob-only-spawning
[15:26:55] [Server thread/INFO]: [EliteMobs] - elitemobs-antiexploit
[15:26:55] [Server thread/INFO]: [EliteMobs] - elitemobs-dungeon
[15:26:55] [Server thread/INFO]: [EliteMobs] - elitemobs-events
[15:26:55] [Server thread/INFO]: [EliteMobs] - elitemobs-minimum-level
[15:26:55] [Server thread/INFO]: [EliteMobs] - elitemobs-maximum-level
[15:26:55] [Server thread/INFO]: [EliteMobs] - elitemobs-explosion-regen
[15:26:55] [Server thread/INFO]: Server permissions file permissions.yml is empty, ignoring it
[15:26:55] [Server thread/INFO]: [WorldEdit] Enabling WorldEdit v7.2.14+6360-094b734
[15:26:55] [Server thread/INFO]: Registering commands with com.sk89q.worldedit.bukkit.BukkitServerInterface
[15:26:55] [Server thread/INFO]: WEPIF: Using the Bukkit Permissions API.
[15:26:55] [Server thread/INFO]: Using com.sk89q.worldedit.bukkit.adapter.impl.v1_19_R3.PaperweightAdapter as the Bukkit adapter
[15:26:56] [Server thread/INFO]: [LuckPerms] Enabling LuckPerms v5.4.64
[15:26:56] [Server thread/INFO]:         __    
[15:26:56] [Server thread/INFO]:   |    |__)   LuckPerms v5.4.64
[15:26:56] [Server thread/INFO]:   |___ |      Running on Bukkit - Leaves
[15:26:56] [Server thread/INFO]: 
[15:26:56] [Server thread/INFO]: [LuckPerms] Loading configuration...
[15:26:56] [Server thread/INFO]: [LuckPerms] Loading storage provider... [H2]
[15:26:57] [Server thread/INFO]: [LuckPerms] Loading internal permission managers...
[15:26:57] [Server thread/INFO]: [LuckPerms] Performing initial data load...
[15:26:57] [Server thread/INFO]: [LuckPerms] Successfully enabled. (took 1369ms)
[15:26:57] [Server thread/INFO]: [ViaRewind] Enabling ViaRewind v2.0.3
[15:26:57] [Server thread/INFO]: [Magic] Enabling Magic v10.8.7-fdb1fc1
[15:26:57] [Server thread/INFO]: [Magic] EffectLib initialized
[15:26:58] [Server thread/INFO]: [Magic] Loaded 0 attributes
[15:26:58] [Server thread/INFO]: [Magic] Wand crafting is enabled
[15:26:58] [Server thread/INFO]: [Magic] Skin-based spell icons disabled
[15:26:58] [Server thread/INFO]: [Magic] Registered attributes: [target_fall_distance, regeneration, respiration, projectile_protection, bowpower, degrees, seconds, channeling, target_pitch, humidity, pitch, sharpness, darkness, jump, health_max, efficiency, target_luck, blindness, absorption, target_armor, loyalty, slow_digging, silk_touch, fire_resistance, unluck, invisibility, target_health_max, moon, air_max, slow, mana_max, sweeping, bowpull, damage, weeks, swift_sneak, mending, epoch, protection, air, fast_digging, lure, punch, temperature, frost_walker, movement_speed_bps, power, riptide, health_boost, levitation, increase_damage, poison, health, target_temperature, binding_curse, yaw, mana, glowing, target_health, target_humidity, days, infinity, impaling, bad_omen, luck, thorns, hero_of_the_village, target_hunger, smite, location_x, unbreaking, location_y, target_mana, feather_falling, attack_damage, knockback, fire_aspect, luck_of_the_sea, knockback_resistance, saturation, conduit_power, location_z, target_air, bane_of_arthropods, soul_speed, night_vision, level, minutes, water_breathing, fall_distance, quick_charge, aqua_affinity, multishot, hunger, slow_falling, difficulty, armor, fulltime, blast_protection, confusion, damage_dealt, harm, piercing, fire_protection, target_yaw, dolphins_grace, speed, damage_resistance, weakness, heal, target_mana_max, hours, fortune, looting, target_air_max, movement_speed, play_time, depth_strider, xp, target_location_x, pi, target_location_y, vanishing_curse, target_knockback_resistance, target_location_z, time, flame, wither]
[15:26:58] [Server thread/INFO]: [Magic] Loaded 182 icons
[15:26:59] [Server thread/INFO]: [Magic] Loaded 12 effect lists
[15:26:59] [Server thread/INFO]: [Magic] Loaded 1402 items
[15:26:59] [Server thread/INFO]: [Magic] Loaded 199 wands
[15:26:59] [Server thread/INFO]: [Magic] Loaded 2 kits
[15:26:59] [Server thread/INFO]: [Magic] Loaded 10 classes
[15:26:59] [Server thread/INFO]: [Magic] Loaded 5 classes
[15:26:59] [Server thread/INFO]: [Magic] Loaded 48 mob templates
[15:26:59] [Server thread/INFO]: [Magic] Loaded 8 automata templates
[15:26:59] [Server thread/INFO]: [Magic] Loaded 0 customized worlds
[15:26:59] [Server thread/INFO]: [Magic] Activated BStats
[15:26:59] [Server thread/INFO]: [Magic] MobArena not found
[15:26:59] [Server thread/INFO]: [Magic] LibsDisguises not found, magic mob disguises will not be available
[15:26:59] [Server thread/INFO]: [Magic] ModelEngine integration disabled
[15:26:59] [Server thread/INFO]: Magic checking resource pack for updates: http://rp.elmakers.com/Magic-RP-1.19.zip
[15:26:59] [Server thread/INFO]: Preparing level "world"
[15:27:00] [Server thread/INFO]: Preparing start region for dimension minecraft:overworld
[15:27:00] [Server thread/INFO]: Time elapsed: 115 ms
[15:27:00] [Server thread/INFO]: Preparing start region for dimension minecraft:the_nether
[15:27:00] [Server thread/INFO]: Time elapsed: 23 ms
[15:27:00] [Server thread/INFO]: Preparing start region for dimension minecraft:the_end
[15:27:00] [Server thread/INFO]: Time elapsed: 20 ms
[15:27:00] [Server thread/INFO]: [ViaVersion] Enabling ViaVersion v4.6.2
[15:27:00] [Server thread/INFO]: [ViaVersion] ViaVersion detected server version: 1.19.4 (762)
[15:27:00] [Server thread/INFO]: [WorldGuard] Enabling WorldGuard v7.0.7+216b061
[15:27:00] [Server thread/INFO]: [WorldGuard] (world) TNT ignition is PERMITTED.
[15:27:00] [Server thread/INFO]: [WorldGuard] (world) Lighters are PERMITTED.
[15:27:00] [Server thread/INFO]: [WorldGuard] (world) Lava fire is PERMITTED.
[15:27:00] [Server thread/INFO]: [WorldGuard] (world) Fire spread is UNRESTRICTED.
[15:27:00] [Server thread/INFO]: [WorldGuard] Loaded configuration for world 'world'
[15:27:00] [Server thread/INFO]: [WorldGuard] (world_nether) TNT ignition is PERMITTED.
[15:27:00] [Server thread/INFO]: [WorldGuard] (world_nether) Lighters are PERMITTED.
[15:27:00] [Server thread/INFO]: [WorldGuard] (world_nether) Lava fire is PERMITTED.
[15:27:00] [Server thread/INFO]: [WorldGuard] (world_nether) Fire spread is UNRESTRICTED.
[15:27:00] [Server thread/INFO]: [WorldGuard] Loaded configuration for world 'world_nether'
[15:27:00] [Server thread/INFO]: [WorldGuard] (world_the_end) TNT ignition is PERMITTED.
[15:27:00] [Server thread/INFO]: [WorldGuard] (world_the_end) Lighters are PERMITTED.
[15:27:00] [Server thread/INFO]: [WorldGuard] (world_the_end) Lava fire is PERMITTED.
[15:27:00] [Server thread/INFO]: [WorldGuard] (world_the_end) Fire spread is UNRESTRICTED.
[15:27:00] [Server thread/INFO]: [WorldGuard] Loaded configuration for world 'world_the_end'
[15:27:00] [Server thread/INFO]: [WorldGuard] Loading region data...
[15:27:01] [Server thread/INFO]: [PlaceholderAPI] Enabling PlaceholderAPI v2.11.2
[15:27:01] [Server thread/INFO]: [PlaceholderAPI] Fetching available expansion information...
[15:27:01] [Server thread/INFO]: [ViaBackwards] Enabling ViaBackwards v4.6.1
[15:27:01] [Server thread/INFO]: [AureliumSkills] Enabling AureliumSkills vBeta 1.3.19
[15:27:01] [Server thread/INFO]: [AureliumSkills] WorldGuard Support Enabled!
[15:27:01] [Server thread/INFO]: [PlaceholderAPI] Successfully registered expansion: aureliumskills [Beta 1.3.19]
[15:27:01] [Server thread/INFO]: [AureliumSkills] PlaceholderAPI Support Enabled!
[15:27:01] [Server thread/INFO]: [AureliumSkills] Loaded 193 config options in 1 ms
[15:27:01] [Server thread/INFO]: [AureliumSkills] Loaded 303 sources and 10 tags in 13ms
[15:27:02] [Server thread/INFO]: [AureliumSkills] [ACF] Enabled Asynchronous Tab Completion Support!
[15:27:02] [Server thread/INFO]: [AureliumSkills] Loading languages...
[15:27:03] [Server thread/INFO]: [AureliumSkills] Loaded 15 languages in 918ms
[15:27:03] [Server thread/INFO]: [AureliumSkills] Loaded 30 pattern rewards and 0 level rewards
[15:27:03] [Server thread/INFO]: [AureliumSkills] Loaded 78 Ability Options in 2ms
[15:27:03] [Server thread/INFO]: [AureliumSkills] Loaded 6 menus
[15:27:03] [Server thread/INFO]: [AureliumSkills] Loaded 32 loot entries in 4 pools and 2 tables
[15:27:03] [Server thread/INFO]: [AureliumSkills] Loaded 3 blocked worlds.
[15:27:03] [Server thread/INFO]: [AureliumSkills] Aurelium Skills has been enabled
[15:27:03] [Server thread/INFO]: [NBTAPI] [NBTAPI] Found Spigot: v1_19_R3! Trying to find NMS support
[15:27:03] [Server thread/INFO]: [NBTAPI] [NBTAPI] NMS support 'MC1_19_R3' loaded!
[15:27:03] [Server thread/INFO]: [NBTAPI] [NBTAPI] Found Gson: class com.google.gson.Gson
[15:27:03] [Server thread/INFO]: [Multiverse-Core] Enabling Multiverse-Core vpr2909
[15:27:03] [Server thread/INFO]: [Multiverse-Core] 3 - World(s) loaded.
[15:27:03] [Server thread/INFO]: [Multiverse-Core] [ACF] Enabled Asynchronous Tab Completion Support!
[15:27:03] [Server thread/INFO]: [PlaceholderAPI] Successfully registered expansion: multiverse-core [pr2909]
[15:27:03] [Server thread/INFO]: [Multiverse-Core] Version pr2909 (API v50) Enabled - By dumptruckman, Rigby, fernferret, lithium3141 and main--
[15:27:03] [Server thread/INFO]: [Multiverse-Core] Help dumptruckman keep this project alive. Become a patron! https://www.patreon.com/dumptruckman
[15:27:03] [Server thread/INFO]: [Multiverse-Core] One time donations are also appreciated: https://www.paypal.me/dumptruckman
[15:27:03] [Server thread/INFO]: [LaggRemover] Enabling LaggRemover v2.0.6
[15:27:03] [Server thread/INFO]: [LaggRemover] [STDOUT] 
    __                      ____                                         _    _____
   / /   ____ _____ _____ _/ __ \___  ____ ___  ____ _   _____  _____   | |  / /__ \
  / /   / __ `/ __ `/ __ `/ /_/ / _ \/ __ `__ \/ __ \ | / / _ \/ ___/   | | / /__/ /
 / /___/ /_/ / /_/ / /_/ / _, _/  __/ / / / / / /_/ / |/ /  __/ /       | |/ // __/
/_____/\__,_/\__, /\__, /_/ |_|\___/_/ /_/ /_/\____/|___/\___/_/        |___//____/
            /____//____/

[15:27:03] [Server thread/WARN]: Nag author(s): '[drew6017]' of 'LaggRemover v2.0.6' about their usage of System.out/err.print. Please use your plugin's logger instead (JavaPlugin#getLogger).
[15:27:03] [Server thread/INFO]: [LaggRemover] Loaded 0 module(s)
[15:27:03] [Server thread/INFO]: [LaggRemover] The LaggRemover AI is now active!
[15:27:03] [Server thread/INFO]: [LaggRemover] LaggRemover has been enabled!
[15:27:03] [Server thread/INFO]: [ViaRewind-Legacy-Support] Enabling ViaRewind-Legacy-Support v1.4.0
[15:27:03] [Server thread/INFO]: [TrMenu] Enabling TrMenu v3.1.22
[15:27:03] [Server thread/INFO]: [PlaceholderAPI] Successfully registered expansion: TrMenu [3.1.22]
[15:27:05] [ForkJoinPool.commonPool-worker-6/INFO]: [TrMenu] 良好 | 6 个菜单已加载 (1069 ms)
[15:27:05] [Server thread/INFO]: [com.zaxxer.hikari_4_0_3.HikariDataSource] HikariPool-1 - Starting...
[15:27:05] [Server thread/INFO]: [com.zaxxer.hikari_4_0_3.HikariDataSource] HikariPool-1 - Start completed.
[15:27:05] [Server thread/INFO]: [TrMenu] 良好 | 插件启用. 当前运行版本 3.1.22.
[15:27:05] [Server thread/INFO]: [Tpj] Enabling Tpj v1.0-SNAPSHOT
[15:27:05] [Server thread/INFO]: [SuperRandomCommand] Enabling SuperRandomCommand v1.6*
[15:27:05] [Server thread/INFO]: [SuperRandomCommand] plugins\SuperRandomCommand\commands\book.yml读取成功
[15:27:05] [Server thread/INFO]: [SuperRandomCommand] 资源文件初始化成功
[15:27:05] [Server thread/INFO]: [SuperRandomCommand] 启动成功
[15:27:05] [Server thread/INFO]: [RandomControl] Enabling RandomControl v1.1.0
[15:27:05] [Server thread/INFO]: [OpenInv] Enabling OpenInv v4.3.1
[15:27:05] [Server thread/INFO]: [Logger] Enabling Logger v1.8.0.9
[15:27:05] [Server thread/INFO]: [Logger] §5
|
§5|§b     __                               
§5|§b    / /   ____  ____ _____ ____  _____
§5|§b   / /   / __ \/ __ `/ __ `/ _ \/ ___/
§5|§b  / /___/ /_/ / /_/ / /_/ /  __/ /    
§5|§b /_____/\____/\__, /\__, /\___/_/     
§5|§b             /____//____/     §c1.8.0.9§e [ Bukkit Version ]        
§5|
§5|§6 This is a DEV Build, please report any issues!
§5|
§5|§f Discord §9https://discord.gg/MfR5mcpVfX
§5|
[15:27:05] [Server thread/INFO]: [Logger] PlaceHolderAPI Plugin Detected!
[15:27:05] [Server thread/INFO]: [Logger] §6Thanks to everyone's contributions that helped made this project possible!
[15:27:05] [Server thread/INFO]: [Logger] Plugin Enabled!
[15:27:05] [Server thread/INFO]: [ItemCommand] Enabling ItemCommand v1.0.3
[15:27:05] [Server thread/INFO]: [ItemCommand] Minecraft version: 1194
[15:27:05] [Server thread/INFO]: [ItemCommand] Found PlaceholderAPI: v2.11.2
[15:27:05] [Server thread/INFO]: [ItemCommand] Loaded 3 items.
[15:27:05] [Server thread/INFO]: [GroupManager] Enabling GroupManager v2.9 (Phoenix)
[15:27:05] [Server thread/INFO]: [GroupManager] [STDOUT] [GroupManager] World Found: world
[15:27:05] [Server thread/WARN]: Nag author(s): '[AnjoCaido, Gabriel Couto, ElgarL]' of 'GroupManager v2.9 (Phoenix)' about their usage of System.out/err.print. Please use your plugin's logger instead (JavaPlugin#getLogger).
[15:27:05] [Server thread/INFO]: [GroupManager] [STDOUT] [GroupManager] Superperms support enabled.
[15:27:05] [Server thread/INFO]: [PlaceholderAPI] Successfully registered expansion: groupmanager [1.0.0]
[15:27:05] [Server thread/INFO]: [GroupManager] [STDOUT] [GroupManager] Add-ons: PlaceholderAPI v2.11.2
[15:27:05] [Server thread/INFO]: [GroupManager] [STDOUT] [GroupManager] Scheduled Data Saving is set for every 10 minutes!
[15:27:05] [Server thread/INFO]: [GroupManager] [STDOUT] [GroupManager] Backups will be retained for 24 hours!
[15:27:05] [Server thread/INFO]: [GroupManager] [STDOUT] [GroupManager] version 2.9 (Phoenix) is enabled!
[15:27:05] [Server thread/INFO]: WEPIF: Using the Bukkit Permissions API.
[15:27:05] [Server thread/INFO]: [Graves] Enabling Graves v4.9
[15:27:05] [Server thread/INFO]: [Graves] Integration: Hooked into WorldEdit 7.2.14+6360-094b734.
[15:27:05] [Server thread/INFO]: [Graves] Integration: Hooked into WorldGuard 7.0.7+216b061.
[15:27:05] [Server thread/INFO]: [Graves] Integration: Hooked into MiniMessage.
[15:27:05] [Server thread/INFO]: [PlaceholderAPI] Successfully registered expansion: graves [4.9]
[15:27:05] [Server thread/INFO]: [Graves] Integration: Hooked into PlaceholderAPI 2.11.2.
[15:27:05] [Server thread/INFO]: [Graves] Compatibility: World "world_the_end" has keepInventory set to true, Graves will not be created here.
[15:27:05] [Server thread/INFO]: [GeekPlayerBag] Enabling GeekPlayerBag v1.1-Bate
[15:27:05] [Server thread/INFO]: 
[15:27:05] [Server thread/INFO]:        GeekPlayerBag-Plus  v1.0 by www.geekcraft.ink
[15:27:05] [Server thread/INFO]:        适用于Bukkit: 1.12.2-1.19.2 当前:  git-Leaves-"6769d55" (MC: 1.19.4)
[15:27:05] [Server thread/INFO]: 
[15:27:05] [Server thread/INFO]: [GeekPlayerBag] 菜单界面加载完成... (耗时 11 ms)
[15:27:05] [Server thread/INFO]: [com.zaxxer.hikari_4_0_3_bag.HikariDataSource] GeekPlayerBag-SQLITE - Starting...
[15:27:05] [Server thread/INFO]: [com.zaxxer.hikari_4_0_3_bag.HikariDataSource] GeekPlayerBag-SQLITE - Start completed.
[15:27:05] [Server thread/INFO]: [floodgate] Enabling floodgate v2.2.2-SNAPSHOT (b??-2702bc3)
[15:27:05] [Server thread/INFO]: [EliteMobs] Enabling EliteMobs v8.4.4
[15:27:05] [Server thread/INFO]:  _____ _     _____ _____ ________  ______________  _____
[15:27:05] [Server thread/INFO]: |  ___| |   |_   _|_   _|  ___|  \/  |  _  | ___ \/  ___|
[15:27:05] [Server thread/INFO]: | |__ | |     | |   | | | |__ | .  . | | | | |_/ /\ `--.
[15:27:05] [Server thread/INFO]: |  __|| |     | |   | | |  __|| |\/| | | | | ___ \ `--. \
[15:27:05] [Server thread/INFO]: | |___| |_____| |_  | | | |___| |  | \ \_/ / |_/ //\__/ /
[15:27:05] [Server thread/INFO]: \____/\_____/\___/  \_/ \____/\_|  |_/\___/\____/ \____/
[15:27:05] [Server thread/INFO]: By MagmaGuy - v. 8.4.4
[15:27:05] [Server thread/WARN]: [EliteMobs] Failed to get valid language from config.yml , defaulting to English!
[15:27:05] [Server thread/WARN]: [EliteMobs] Failed to get valid language from config.yml , defaulting to English!
[15:27:05] [Server thread/WARN]: [EliteMobs] Failed to get valid language from config.yml , defaulting to English!
[15:27:05] [Server thread/WARN]: [EliteMobs] Failed to get valid language from config.yml , defaulting to English!
[15:27:05] [Server thread/WARN]: [EliteMobs] Failed to get valid language from config.yml , defaulting to English!
[15:27:05] [Server thread/WARN]: [EliteMobs] Failed to get valid language from config.yml , defaulting to English!
[15:27:06] [Server thread/WARN]: [EliteMobs] Script gun1 in file 1gun.yml does not have any actions! You should probably fix this.
[15:27:06] [Server thread/INFO]: [EliteMobs] WorldGuard compatibility is enabled!
[15:27:06] [Server thread/INFO]: [EliteMobs] Opened database successfully
[15:27:07] [Server thread/INFO]: [PlaceholderAPI] Successfully registered expansion: elitemobs [8.4.4]
[15:27:07] [Server thread/WARN]: [EliteMobs] Failed to generate custom item in file tricky_bow.yml !
[15:27:07] [Server thread/WARN]: java.lang.NullPointerException: Cannot invoke "java.util.List.isEmpty()" because "lore" is null
[15:27:07] [Server thread/WARN]: 	at EliteMobs.jar//com.magmaguy.elitemobs.items.itemconstructor.ItemConstructor.constructItem(ItemConstructor.java:64)
[15:27:07] [Server thread/WARN]: 	at EliteMobs.jar//com.magmaguy.elitemobs.items.customitems.CustomItem.generateDefaultsItemStack(CustomItem.java:299)
[15:27:07] [Server thread/WARN]: 	at EliteMobs.jar//com.magmaguy.elitemobs.items.customitems.CustomItem.parseItemLevel(CustomItem.java:293)
[15:27:07] [Server thread/WARN]: 	at EliteMobs.jar//com.magmaguy.elitemobs.items.customitems.CustomItem.<init>(CustomItem.java:85)
[15:27:07] [Server thread/WARN]: 	at EliteMobs.jar//com.magmaguy.elitemobs.items.customitems.CustomItem.initializeCustomItems(CustomItem.java:158)
[15:27:07] [Server thread/WARN]: 	at EliteMobs.jar//com.magmaguy.elitemobs.EliteMobs.onEnable(EliteMobs.java:234)
[15:27:07] [Server thread/WARN]: 	at org.bukkit.plugin.java.JavaPlugin.setEnabled(JavaPlugin.java:281)
[15:27:07] [Server thread/WARN]: 	at io.papermc.paper.plugin.manager.PaperPluginInstanceManager.enablePlugin(PaperPluginInstanceManager.java:189)
[15:27:07] [Server thread/WARN]: 	at io.papermc.paper.plugin.manager.PaperPluginManagerImpl.enablePlugin(PaperPluginManagerImpl.java:104)
[15:27:07] [Server thread/WARN]: 	at org.bukkit.plugin.SimplePluginManager.enablePlugin(SimplePluginManager.java:507)
[15:27:07] [Server thread/WARN]: 	at org.bukkit.craftbukkit.v1_19_R3.CraftServer.enablePlugin(Unknown Source)
[15:27:07] [Server thread/WARN]: 	at org.bukkit.craftbukkit.v1_19_R3.CraftServer.enablePlugins(Unknown Source)
[15:27:07] [Server thread/WARN]: 	at net.minecraft.server.MinecraftServer.loadWorld0(MinecraftServer.java:641)
[15:27:07] [Server thread/WARN]: 	at net.minecraft.server.MinecraftServer.loadLevel(MinecraftServer.java:438)
[15:27:07] [Server thread/WARN]: 	at net.minecraft.server.dedicated.DedicatedServer.e(DedicatedServer.java:311)
[15:27:07] [Server thread/WARN]: 	at net.minecraft.server.MinecraftServer.w(MinecraftServer.java:1108)
[15:27:07] [Server thread/WARN]: 	at net.minecraft.server.MinecraftServer.lambda$spin$0(MinecraftServer.java:321)
[15:27:07] [Server thread/WARN]: 	at java.base/java.lang.Thread.run(Thread.java:833)
[15:27:08] [Server thread/INFO]: [EliteMobs] World em_north_pole is not yet loaded! Entities that should spawn there have been queued.
[15:27:08] [Server thread/WARN]: [EliteMobs] File  C:\Users\26973\Desktop\sever-latest\.\em_primis_wormhole does not exist!
[15:27:09] [Server thread/INFO]: [WorldGuard] (em_fireworks) TNT ignition is PERMITTED.
[15:27:09] [Server thread/INFO]: [WorldGuard] (em_fireworks) Lighters are PERMITTED.
[15:27:09] [Server thread/INFO]: [WorldGuard] (em_fireworks) Lava fire is PERMITTED.
[15:27:09] [Server thread/INFO]: [WorldGuard] (em_fireworks) Fire spread is UNRESTRICTED.
[15:27:09] [Server thread/INFO]: [WorldGuard] Loaded configuration for world 'em_fireworks'
[15:27:10] [Server thread/INFO]: [WorldGuard] (em_sewer_maze) TNT ignition is PERMITTED.
[15:27:10] [Server thread/INFO]: [WorldGuard] (em_sewer_maze) Lighters are PERMITTED.
[15:27:10] [Server thread/INFO]: [WorldGuard] (em_sewer_maze) Lava fire is PERMITTED.
[15:27:10] [Server thread/INFO]: [WorldGuard] (em_sewer_maze) Fire spread is UNRESTRICTED.
[15:27:10] [Server thread/INFO]: [WorldGuard] Loaded configuration for world 'em_sewer_maze'
[15:27:10] [Server thread/INFO]: [WorldGuard] (em_shadow_of_the_binder_of_worlds) TNT ignition is PERMITTED.
[15:27:10] [Server thread/INFO]: [WorldGuard] (em_shadow_of_the_binder_of_worlds) Lighters are PERMITTED.
[15:27:10] [Server thread/INFO]: [WorldGuard] (em_shadow_of_the_binder_of_worlds) Lava fire is PERMITTED.
[15:27:10] [Server thread/INFO]: [WorldGuard] (em_shadow_of_the_binder_of_worlds) Fire spread is UNRESTRICTED.
[15:27:10] [Server thread/INFO]: [WorldGuard] Loaded configuration for world 'em_shadow_of_the_binder_of_worlds'
[15:27:10] [Server thread/INFO]: [WorldGuard] (em_hallosseum) TNT ignition is PERMITTED.
[15:27:10] [Server thread/INFO]: [WorldGuard] (em_hallosseum) Lighters are PERMITTED.
[15:27:10] [Server thread/INFO]: [WorldGuard] (em_hallosseum) Lava fire is PERMITTED.
[15:27:10] [Server thread/INFO]: [WorldGuard] (em_hallosseum) Fire spread is UNRESTRICTED.
[15:27:10] [Server thread/INFO]: [WorldGuard] Loaded configuration for world 'em_hallosseum'
[15:27:10] [Server thread/INFO]: [WorldGuard] (em_knight_castle) TNT ignition is PERMITTED.
[15:27:10] [Server thread/INFO]: [WorldGuard] (em_knight_castle) Lighters are PERMITTED.
[15:27:10] [Server thread/INFO]: [WorldGuard] (em_knight_castle) Lava fire is PERMITTED.
[15:27:10] [Server thread/INFO]: [WorldGuard] (em_knight_castle) Fire spread is UNRESTRICTED.
[15:27:10] [Server thread/INFO]: [WorldGuard] Loaded configuration for world 'em_knight_castle'
[15:27:10] [Server thread/INFO]: [WorldGuard] (em_steamworks_lair) TNT ignition is PERMITTED.
[15:27:10] [Server thread/INFO]: [WorldGuard] (em_steamworks_lair) Lighters are PERMITTED.
[15:27:10] [Server thread/INFO]: [WorldGuard] (em_steamworks_lair) Lava fire is PERMITTED.
[15:27:10] [Server thread/INFO]: [WorldGuard] (em_steamworks_lair) Fire spread is UNRESTRICTED.
[15:27:10] [Server thread/INFO]: [WorldGuard] Loaded configuration for world 'em_steamworks_lair'
[15:27:10] [Server thread/INFO]: [WorldGuard] (em_north_pole) TNT ignition is PERMITTED.
[15:27:10] [Server thread/INFO]: [WorldGuard] (em_north_pole) Lighters are PERMITTED.
[15:27:10] [Server thread/INFO]: [WorldGuard] (em_north_pole) Lava fire is PERMITTED.
[15:27:10] [Server thread/INFO]: [WorldGuard] (em_north_pole) Fire spread is UNRESTRICTED.
[15:27:10] [Server thread/INFO]: [WorldGuard] Loaded configuration for world 'em_north_pole'
[15:27:10] [Server thread/INFO]: [EliteMobs] [EliteMobs] World em_adventurers_guild found! Loading it in...
[15:27:10] [Server thread/INFO]: [WorldGuard] (em_adventurers_guild) TNT ignition is PERMITTED.
[15:27:10] [Server thread/INFO]: [WorldGuard] (em_adventurers_guild) Lighters are PERMITTED.
[15:27:10] [Server thread/INFO]: [WorldGuard] (em_adventurers_guild) Lava fire is PERMITTED.
[15:27:10] [Server thread/INFO]: [WorldGuard] (em_adventurers_guild) Fire spread is UNRESTRICTED.
[15:27:10] [Server thread/INFO]: [WorldGuard] Loaded configuration for world 'em_adventurers_guild'
[15:27:10] [Server thread/INFO]: [EliteMobs] [EliteMobs] World em_adventurers_guild has been successfully loaded! It can be accessed through the '/ag' command, unless you changed that config option!
[15:27:10] [Server thread/WARN]: [EliteMobs] Failed to parse entry summon_wolf_lun.yml:1 for file 3.yml due to invalid: filename
[15:27:10] [Server thread/WARN]: [EliteMobs] Failed to parse entry summon_wolf_lun.yml:1 for file 4.yml due to invalid: filename
[15:27:10] [Server thread/WARN]: [EliteMobs] Failed to parse entry filename=tricky_bow.yml:amount=1:chance=1.0 for file enchantment_boss_tricky_bones_summon_bow.yml due to invalid: filename
[15:27:10] [pool-23-thread-1/WARN]: [floodgate] 
**********************************
* The prefix you entered in your Floodgate config (bedrock.) is long! (8 characters)
* A prefix is there to prevent username conflicts. However, a long prefix makes the chance of username conflicts higher.
* We strongly recommend using . as the prefix, but other alternatives that will not conflict include: +, - and *
**********************************
[15:27:10] [Server thread/WARN]: [EliteMobs] Reinforcement mob null is not valid! Filename: null
[15:27:10] [Server thread/WARN]: [EliteMobs] Could not get filename for reinforcement in file dark_cathedral_tier_75_boss.yml
[15:27:10] [Server thread/WARN]: [EliteMobs] Reinforcement mob null is not valid! Filename: null
[15:27:10] [Server thread/WARN]: [EliteMobs] Could not get filename for reinforcement in file dark_cathedral_tier_75_boss.yml
[15:27:10] [Server thread/WARN]: [EliteMobs] Reinforcement mob null is not valid! Filename: null
[15:27:10] [Server thread/WARN]: [EliteMobs] Could not get filename for reinforcement in file dark_cathedral_tier_75_boss.yml
[15:27:11] [Server thread/WARN]: [EliteMobs] Some NPCs/bosses don't have their world installed! If you need help setting things up, you can go to https://discord.gg/9f5QSka !
[15:27:11] [Server thread/INFO]: [EliteMobs] World your_world_here is not yet loaded! Entities that should spawn there have been queued.
[15:27:11] [Server thread/WARN]: [EliteMobs] Failed to parse arena message entry [null, null] for arenawood_league.yml
[15:27:11] [Server thread/WARN]: [EliteMobs] Failed to parse arena message entry [null] for arenawood_league.yml
[15:27:11] [Server thread/WARN]: [EliteMobs] Failed to parse arena message entry [null] for arenawood_league.yml
[15:27:11] [Server thread/WARN]: [EliteMobs] Failed to parse arena message entry [null] for arenawood_league.yml
[15:27:11] [Server thread/WARN]: [EliteMobs] Failed to parse arena message entry [null] for arenawood_league.yml
[15:27:11] [Server thread/WARN]: [EliteMobs] Failed to parse arena message entry [null] for arenawood_league.yml
[15:27:11] [Server thread/WARN]: [EliteMobs] Failed to parse arena message entry [null] for arenawood_league.yml
[15:27:11] [Server thread/WARN]: [EliteMobs] Failed to parse arena message entry [null] for arenawood_league.yml
[15:27:11] [Server thread/WARN]: [EliteMobs] Failed to parse arena message entry [null] for arenawood_league.yml
[15:27:11] [Server thread/WARN]: [EliteMobs] Failed to parse arena message entry [null] for arenawood_league.yml
[15:27:11] [Server thread/WARN]: [EliteMobs] Failed to parse arena message entry [null] for arenawood_league.yml
[15:27:11] [Server thread/WARN]: [EliteMobs] Failed to parse arena message entry [null] for arenawood_league.yml
[15:27:11] [Server thread/WARN]: [EliteMobs] Failed to parse arena message entry [null, null] for arenawood_league.yml
[15:27:11] [Server thread/WARN]: [EliteMobs] Failed to parse arena message entry [null] for arenawood_league.yml
[15:27:11] [Server thread/WARN]: [EliteMobs] Failed to parse arena message entry [null] for arenawood_league.yml
[15:27:11] [Server thread/WARN]: [EliteMobs] Failed to parse arena message entry [null] for arenawood_league.yml
[15:27:11] [Server thread/WARN]: [EliteMobs] Failed to parse arena message entry [null] for arenawood_league.yml
[15:27:11] [Server thread/WARN]: [EliteMobs] Failed to parse arena message entry [null, null] for arenawood_league.yml
[15:27:11] [Server thread/WARN]: [EliteMobs] Failed to parse arena message entry [null] for arenawood_league.yml
[15:27:11] [Server thread/WARN]: [EliteMobs] Failed to parse arena message entry [null] for arenawood_league.yml
[15:27:11] [Server thread/WARN]: [EliteMobs] Failed to parse arena message entry [null] for arenawood_league.yml
[15:27:11] [Server thread/WARN]: [EliteMobs] Failed to parse arena message entry [null] for arenawood_league.yml
[15:27:11] [Server thread/WARN]: [EliteMobs] Failed to parse arena message entry [null] for arenawood_league.yml
[15:27:11] [Server thread/WARN]: [EliteMobs] Failed to parse arena message entry [null] for arenawood_league.yml
[15:27:11] [Server thread/WARN]: [EliteMobs] Failed to parse arena message entry [null, null] for arenawood_league.yml
[15:27:11] [Server thread/WARN]: [EliteMobs] Failed to parse arena message entry [null] for arenawood_league.yml
[15:27:11] [Server thread/WARN]: [EliteMobs] Failed to parse arena message entry [null] for arenawood_league.yml
[15:27:11] [Server thread/WARN]: [EliteMobs] Failed to parse arena message entry [null, null] for arenawood_league.yml
[15:27:11] [Server thread/WARN]: [EliteMobs] Failed to parse arena message entry [null] for arenawood_league.yml
[15:27:11] [Server thread/WARN]: [EliteMobs] Failed to parse arena message entry [null] for arenawood_league.yml
[15:27:11] [Server thread/WARN]: [EliteMobs] Failed to parse arena message entry [null, null] for arenawood_league.yml
[15:27:11] [Server thread/WARN]: [EliteMobs] Failed to parse arena message entry [null, null] for arenawood_league.yml
[15:27:11] [Server thread/WARN]: [EliteMobs] Failed to parse arena message entry [null, null] for arenawood_league.yml
[15:27:11] [Server thread/WARN]: [EliteMobs] Failed to parse arena message entry [null] for arenawood_league.yml
[15:27:11] [Server thread/WARN]: [EliteMobs] Failed to parse arena message entry [null, null] for arenawood_league.yml
[15:27:11] [Server thread/WARN]: [EliteMobs] Failed to parse arena message entry [null] for arenawood_league.yml
[15:27:11] [Server thread/WARN]: [EliteMobs] Failed to parse arena message entry [null, null] for arenawood_league.yml
[15:27:11] [Server thread/WARN]: [EliteMobs] Failed to parse arena message entry [null, null] for arenawood_league.yml
[15:27:11] [Server thread/WARN]: [EliteMobs] Failed to parse arena message entry [null] for arenawood_league.yml
[15:27:11] [Server thread/WARN]: [EliteMobs] Failed to parse arena message entry [null] for arenawood_league.yml
[15:27:11] [Server thread/WARN]: [EliteMobs] Failed to parse arena message entry [null] for arenawood_league.yml
[15:27:11] [Server thread/WARN]: [EliteMobs] Failed to parse arena message entry [null, null] for arenawood_league.yml
[15:27:11] [Server thread/WARN]: [EliteMobs] Failed to parse arena message entry [null, null] for arenawood_league.yml
[15:27:11] [Server thread/WARN]: [EliteMobs] Failed to parse arena message entry [null] for arenawood_league.yml
[15:27:11] [Server thread/WARN]: [EliteMobs] Failed to parse arena message entry [null] for arenawood_league.yml
[15:27:11] [Server thread/WARN]: [EliteMobs] Failed to parse arena message entry [null] for arenawood_league.yml
[15:27:11] [Server thread/WARN]: [EliteMobs] Failed to parse arena message entry [null, null, null] for arenawood_league.yml
[15:27:11] [Server thread/WARN]: [EliteMobs] Failed to parse arena message entry [null, null] for arenawood_league.yml
[15:27:12] [Server thread/INFO]: [PlaceholderAPI] Placeholder expansion registration initializing...
[15:27:12] [Server thread/INFO]: Running delayed init tasks
[15:27:12] [Craft Scheduler Thread - 2 - ViaVersion/INFO]: [ViaVersion] Finished mapping loading, shutting down loader executor!
[15:27:12] [Server thread/INFO]: 下水道里回荡着一位归来的国王的叫声..。
[15:27:12] [Server thread/INFO]: 一个黑暗教徒正在召唤克苏鲁！
[15:27:12] [Server thread/INFO]: 火花漫天飞舞！
[15:27:12] [Server thread/INFO]: 小心掉头，无头骑士复活了！
[15:27:12] [Server thread/INFO]: 圣诞老人正在筹划圣诞节！！
[15:27:12] [Server thread/INFO]: The shadow of binder of worlds approaches!
[15:27:12] [Server thread/INFO]: [Magic] Vault not found, 'currency' cost types unavailable
[15:27:12] [Server thread/INFO]: [Magic] AureliumSkills found, will integrate for skill/stat attributes,xp currencies
[15:27:12] [Server thread/INFO]: [Magic]   If you want Magic spells to use AureliumSkills mana, use &7/mconfig configure config aurelium_skills.use_mana true
[15:27:12] [Server thread/INFO]: [Magic] Registered AureliumSkills XP as currencies: FARMING,FORAGING,MINING,FISHING,EXCAVATION,ARCHERY,DEFENSE,FIGHTING,ENDURANCE,AGILITY,ALCHEMY,ENCHANTING,SORCERY,HEALING,FORGING
[15:27:12] [Server thread/INFO]: [Magic] Registered currencies: AGILITY,EXCAVATION,DEFENSE,item,ARCHERY,FORGING,ENDURANCE,SORCERY,health,FARMING,HEALING,FIGHTING,hunger,FORAGING,FISHING,mana,ALCHEMY,xp,currency,ENCHANTING,sp,levels,MINING
[15:27:13] [Server thread/INFO]: [Magic] Loaded 555 spells
[15:27:13] [Server thread/INFO]: [Magic] Loaded 12 progression paths
[15:27:13] [Craft Scheduler Thread - 5 - AureliumSkills/INFO]: [AureliumSkills] New update available! You are on version Beta 1.3.19, latest version is Beta 1.3.21
[15:27:13] [Craft Scheduler Thread - 5 - AureliumSkills/INFO]: [AureliumSkills] Download it on Spigot:
[15:27:13] [Craft Scheduler Thread - 5 - AureliumSkills/INFO]: [AureliumSkills] https://spigotmc.org/resources/81069
[15:27:13] [Craft Scheduler Thread - 15 - EliteMobs/INFO]: [EliteMobs] Latest public release is 8.5.4
[15:27:13] [Craft Scheduler Thread - 15 - EliteMobs/INFO]: [EliteMobs] Your version is 8.4.4
[15:27:13] [Craft Scheduler Thread - 25 - GroupManager/INFO]: [GroupManager] [STDOUT] [GroupManager] There was an issue parsing the version string.
[15:27:13] [Craft Scheduler Thread - 25 - GroupManager/INFO]: [GroupManager] [STDOUT] [GroupManager] No new version available
[15:27:13] [Server thread/INFO]: [Magic] Loaded 16 crafting recipes
[15:27:13] [Server thread/INFO]: [Magic] LogBlock not found
[15:27:13] [Server thread/INFO]: [Magic] Factions not found
[15:27:13] [Server thread/INFO]: [Magic] WorldGuard found, will respect build permissions for construction spells
[15:27:13] [Server thread/INFO]: [Magic] Multiverse-Core found, will respect PVP settings
[15:27:13] [Server thread/INFO]: [Magic] Towny not found, region protection and pvp checks will not be used.
[15:27:13] [Server thread/INFO]: [Magic] Lockette nor LockettePro found, will not integrate.
[15:27:13] [Server thread/INFO]: [Magic] GriefPrevention not found, claim protection will not be used.
[15:27:13] [Server thread/INFO]: [Magic] NoCheatPlus not found, will not integrate.
[15:27:13] [Server thread/INFO]: [Magic] dynmap not found, not integrating.
[15:27:13] [Server thread/INFO]: [Magic] Citizens not found, Magic trait unavailable.
[15:27:13] [Server thread/INFO]: [PlaceholderAPI] Successfully registered expansion: magic [10.8.7-fdb1fc1]
[15:27:13] [Server thread/INFO]: [Magic] PlaceholderAPI integration enabled. Available placeholders:
[15:27:13] [Server thread/INFO]: [Magic] magic_path, magic_class, magic_wand, magic_spell, magic_mana, magic_mana_max, magic_sp, magic_spell_count
[15:27:13] [Server thread/INFO]: [Magic] All magic attributes also available with a magic_ prefix
[15:27:13] [Server thread/INFO]: [Magic] Add to messages/placeholders to add custom placeholders
[15:27:13] [Server thread/INFO]: [Magic] LightAPI not found, Light action will not work
[15:27:13] [Server thread/INFO]: [Magic] Loaded 0 arenas
[15:27:13] [Server thread/INFO]: [Magic] Registered additional attributes: [WISDOM, AGILITY, EXCAVATION, DEFENSE, ARCHERY, FORGING, ENDURANCE, REGENERATION, SORCERY, STRENGTH, FARMING, HEALING, FIGHTING, LUCK, FORAGING, FISHING, TOUGHNESS, ALCHEMY, HEALTH, ENCHANTING, MINING]
[15:27:13] [Server thread/INFO]: [Magic] Finished loading configuration
[15:27:13] [Server thread/WARN]: java.lang.ClassNotFoundException: net.minecraft.server.v1_19_R3.BlockWaterLily
[15:27:13] [Server thread/WARN]: 	at org.bukkit.plugin.java.PluginClassLoader.loadClass0(PluginClassLoader.java:183)
[15:27:13] [Server thread/WARN]: 	at org.bukkit.plugin.java.PluginClassLoader.loadClass(PluginClassLoader.java:150)
[15:27:13] [Server thread/WARN]: 	at java.base/java.lang.ClassLoader.loadClass(ClassLoader.java:520)
[15:27:13] [Server thread/WARN]: 	at java.base/java.lang.Class.forName0(Native Method)
[15:27:13] [Server thread/WARN]: 	at java.base/java.lang.Class.forName(Class.java:375)
[15:27:13] [Server thread/WARN]: 	at viarewind-legacy-support-1.4.0.jar//de.gerrygames.viarewind.legacysupport.injector.NMSReflection.getNMSClass(NMSReflection.java:15)
[15:27:13] [Server thread/WARN]: 	at viarewind-legacy-support-1.4.0.jar//de.gerrygames.viarewind.legacysupport.injector.BoundingBoxFixer.fixLilyPad(BoundingBoxFixer.java:15)
[15:27:13] [Server thread/WARN]: 	at viarewind-legacy-support-1.4.0.jar//de.gerrygames.viarewind.legacysupport.BukkitPlugin$1.run(BukkitPlugin.java:38)
[15:27:13] [Server thread/WARN]: 	at org.bukkit.craftbukkit.v1_19_R3.scheduler.CraftTask.run(CraftTask.java:101)
[15:27:13] [Server thread/WARN]: 	at org.bukkit.craftbukkit.v1_19_R3.scheduler.CraftScheduler.mainThreadHeartbeat(CraftScheduler.java:483)
[15:27:13] [Server thread/WARN]: 	at net.minecraft.server.MinecraftServer.w(MinecraftServer.java:1119)
[15:27:13] [Server thread/WARN]: 	at net.minecraft.server.MinecraftServer.lambda$spin$0(MinecraftServer.java:321)
[15:27:13] [Server thread/WARN]: 	at java.base/java.lang.Thread.run(Thread.java:833)
[15:27:13] [Server thread/INFO]: [ViaRewind-Legacy-Support] [STDOUT] Could not fix lily pad bounding box.
[15:27:13] [Server thread/WARN]: Nag author(s): '[Gerrygames]' of 'ViaRewind-Legacy-Support v1.4.0' about their usage of System.out/err.print. Please use your plugin's logger instead (JavaPlugin#getLogger).
[15:27:13] [Server thread/WARN]: java.lang.NullPointerException: Cannot invoke "java.lang.Class.getName()" because "clazz" is null
[15:27:13] [Server thread/WARN]: 	at viarewind-legacy-support-1.4.0.jar//de.gerrygames.viarewind.legacysupport.reflection.ReflectionAPI.getField(ReflectionAPI.java:27)
[15:27:13] [Server thread/WARN]: 	at viarewind-legacy-support-1.4.0.jar//de.gerrygames.viarewind.legacysupport.reflection.ReflectionAPI.getFieldAccessible(ReflectionAPI.java:45)
[15:27:13] [Server thread/WARN]: 	at viarewind-legacy-support-1.4.0.jar//de.gerrygames.viarewind.legacysupport.injector.BoundingBoxFixer.fixLilyPad(BoundingBoxFixer.java:16)
[15:27:13] [Server thread/WARN]: 	at viarewind-legacy-support-1.4.0.jar//de.gerrygames.viarewind.legacysupport.BukkitPlugin$1.run(BukkitPlugin.java:38)
[15:27:13] [Server thread/WARN]: 	at org.bukkit.craftbukkit.v1_19_R3.scheduler.CraftTask.run(CraftTask.java:101)
[15:27:13] [Server thread/WARN]: 	at org.bukkit.craftbukkit.v1_19_R3.scheduler.CraftScheduler.mainThreadHeartbeat(CraftScheduler.java:483)
[15:27:13] [Server thread/WARN]: 	at net.minecraft.server.MinecraftServer.w(MinecraftServer.java:1119)
[15:27:13] [Server thread/WARN]: 	at net.minecraft.server.MinecraftServer.lambda$spin$0(MinecraftServer.java:321)
[15:27:13] [Server thread/WARN]: 	at java.base/java.lang.Thread.run(Thread.java:833)
[15:27:13] [Server thread/WARN]: java.lang.ClassNotFoundException: net.minecraft.server.v1_19_R3.BlockLadder
[15:27:13] [Server thread/WARN]: 	at org.bukkit.plugin.java.PluginClassLoader.loadClass0(PluginClassLoader.java:183)
[15:27:13] [Server thread/WARN]: 	at org.bukkit.plugin.java.PluginClassLoader.loadClass(PluginClassLoader.java:150)
[15:27:13] [Server thread/WARN]: 	at java.base/java.lang.ClassLoader.loadClass(ClassLoader.java:520)
[15:27:13] [Server thread/WARN]: 	at java.base/java.lang.Class.forName0(Native Method)
[15:27:13] [Server thread/WARN]: 	at java.base/java.lang.Class.forName(Class.java:375)
[15:27:13] [Server thread/WARN]: 	at viarewind-legacy-support-1.4.0.jar//de.gerrygames.viarewind.legacysupport.injector.NMSReflection.getNMSClass(NMSReflection.java:15)
[15:27:13] [Server thread/WARN]: 	at viarewind-legacy-support-1.4.0.jar//de.gerrygames.viarewind.legacysupport.injector.BoundingBoxFixer.fixLadder(BoundingBoxFixer.java:26)
[15:27:13] [Server thread/WARN]: 	at viarewind-legacy-support-1.4.0.jar//de.gerrygames.viarewind.legacysupport.BukkitPlugin$1.run(BukkitPlugin.java:40)
[15:27:13] [Server thread/WARN]: 	at org.bukkit.craftbukkit.v1_19_R3.scheduler.CraftTask.run(CraftTask.java:101)
[15:27:13] [Server thread/WARN]: 	at org.bukkit.craftbukkit.v1_19_R3.scheduler.CraftScheduler.mainThreadHeartbeat(CraftScheduler.java:483)
[15:27:13] [Server thread/WARN]: 	at net.minecraft.server.MinecraftServer.w(MinecraftServer.java:1119)
[15:27:13] [Server thread/WARN]: 	at net.minecraft.server.MinecraftServer.lambda$spin$0(MinecraftServer.java:321)
[15:27:13] [Server thread/WARN]: 	at java.base/java.lang.Thread.run(Thread.java:833)
[15:27:13] [Server thread/INFO]: [ViaRewind-Legacy-Support] [STDOUT] Could not fix ladder bounding box.
[15:27:13] [Server thread/WARN]: java.lang.NullPointerException: Cannot invoke "java.lang.Class.getName()" because "clazz" is null
[15:27:13] [Server thread/WARN]: 	at viarewind-legacy-support-1.4.0.jar//de.gerrygames.viarewind.legacysupport.reflection.ReflectionAPI.getField(ReflectionAPI.java:27)
[15:27:13] [Server thread/WARN]: 	at viarewind-legacy-support-1.4.0.jar//de.gerrygames.viarewind.legacysupport.reflection.ReflectionAPI.getFieldAccessible(ReflectionAPI.java:45)
[15:27:13] [Server thread/WARN]: 	at viarewind-legacy-support-1.4.0.jar//de.gerrygames.viarewind.legacysupport.injector.BoundingBoxFixer.fixLadder(BoundingBoxFixer.java:42)
[15:27:13] [Server thread/WARN]: 	at viarewind-legacy-support-1.4.0.jar//de.gerrygames.viarewind.legacysupport.BukkitPlugin$1.run(BukkitPlugin.java:40)
[15:27:13] [Server thread/WARN]: 	at org.bukkit.craftbukkit.v1_19_R3.scheduler.CraftTask.run(CraftTask.java:101)
[15:27:13] [Server thread/WARN]: 	at org.bukkit.craftbukkit.v1_19_R3.scheduler.CraftScheduler.mainThreadHeartbeat(CraftScheduler.java:483)
[15:27:13] [Server thread/WARN]: 	at net.minecraft.server.MinecraftServer.w(MinecraftServer.java:1119)
[15:27:13] [Server thread/WARN]: 	at net.minecraft.server.MinecraftServer.lambda$spin$0(MinecraftServer.java:321)
[15:27:13] [Server thread/WARN]: 	at java.base/java.lang.Thread.run(Thread.java:833)
[15:27:13] [Server thread/INFO]: [GroupManager] [STDOUT] [GroupManager] Bukkit Permissions Updated!
[15:27:13] [Server thread/INFO]: [PlaceholderAPI] Successfully registered expansion: Animations [1.0.5]
[15:27:13] [Server thread/INFO]: [PlaceholderAPI] Successfully registered expansion: player [2.0.4]
[15:27:13] [Server thread/INFO]: [PlaceholderAPI] Successfully registered expansion: progress [2.1]
[15:27:13] [Server thread/INFO]: [PlaceholderAPI] Successfully registered expansion: server [2.6.2]
[15:27:13] [Server thread/INFO]: 4 placeholder hook(s) registered! 1 placeholder hook(s) have an update available.
[15:27:13] [Server thread/INFO]: Resource pack has not changed, using hash 9h0Z6JLQXT1E6lJ8nlNICapPZJQ= (1670961805000 <= 1670961805000)
[15:27:13] [Server thread/INFO]: [PlaceholderAPI] An update for PlaceholderAPI (v2.11.3) is available at:
[15:27:13] [Server thread/INFO]: [PlaceholderAPI] https://www.spigotmc.org/resources/placeholderapi.6245/
[15:27:13] [Server thread/INFO]: Done (28.674s)! For help, type "help"
[15:27:13] [Server thread/INFO]: Timings Reset
[15:27:13] [Server thread/INFO]: [Magic] Finished loading data.
[15:27:13] [Craft Scheduler Thread - 15 - EliteMobs/WARN]: [EliteMobs] [EliteMobs] A newer version of this plugin is available for download!
[15:27:33] [Server thread/WARN]: [ViaVersion] Could not check for updates, check your connection.
[15:30:46] [User Authenticator #0/INFO]: UUID of player wqe123420 is 48835002-b378-4798-b2e4-aa5890f9b262
[15:30:46] [Server thread/INFO]: wqe123420 joined the game
[15:30:46] [Server thread/INFO]: wqe123420[/26.44.153.100:62638] logged in with entity id 290 at ([world]-643.7331218931024, 93.68514282137264, -627.2847507188549)
[15:30:47] [Craft Scheduler Thread - 9 - EliteMobs/INFO]: [EliteMobs] User 48835002-b378-4798-b2e4-aa5890f9b262 data successfully read!
[15:31:00] [Server thread/INFO]: wqe123420 lost connection: Disconnected
[15:31:00] [Server thread/INFO]: wqe123420 left the game
[15:31:17] [User Authenticator #0/INFO]: UUID of player wqe123420 is 48835002-b378-4798-b2e4-aa5890f9b262
[15:31:17] [Server thread/INFO]: wqe123420 joined the game
[15:31:17] [Server thread/INFO]: wqe123420[/26.44.153.100:62650] logged in with entity id 542 at ([world]-691.4162587347425, 77.28651077757044, -621.2207769792041)
[15:31:18] [Craft Scheduler Thread - 10 - EliteMobs/INFO]: [EliteMobs] User 48835002-b378-4798-b2e4-aa5890f9b262 data successfully read!
[15:32:12] [Server thread/INFO]: [EliteMobs] Event conjoined_subjects_event.yml has been queued!
[15:32:12] [Server thread/INFO]: Dr. Craftenmine's twisted creation is out in the wild!
[15:32:23] [Server thread/INFO]: wqe123420 issued server command: /cd
[15:37:05] [pool-53-thread-2/INFO]: [GroupManager] [STDOUT] [GroupManager] Data files refreshed.
[15:37:05] [pool-53-thread-2/WARN]: Nag author(s): '[AnjoCaido, Gabriel Couto, ElgarL]' of 'GroupManager v2.9 (Phoenix)' about their usage of System.out/err.print. Please use your plugin's logger instead (JavaPlugin#getLogger).
[15:38:12] [Server thread/INFO]: [EliteMobs] Event beast_master.yml has been queued!
[15:42:12] [Server thread/INFO]: 野兽驯服者出现了！
[15:42:19] [Server thread/INFO]: [Server] 我备份一下
[15:42:20] [Server thread/INFO]: [Magic] Server is shutting down, closing all wand inventories
[15:42:20] [Server thread/INFO]: Stopping the server
[15:42:20] [Server thread/INFO]: Stopping server
[15:42:20] [Server thread/INFO]: [EliteMobs] Disabling EliteMobs v8.4.4
[15:42:20] [Server thread/INFO]: [EliteMobs] Starting EliteMobs shutdown sequence...
[15:42:20] [Server thread/INFO]: [EliteMobs] Regenerating exploded blocks...
[15:42:20] [Server thread/INFO]: [EliteMobs] Cancelling tasks...
[15:42:20] [Server thread/INFO]: [EliteMobs] Closing wormholes...
[15:42:20] [Server thread/INFO]: [EliteMobs] Spinning Regional Bosses down...
[15:42:20] [Server thread/INFO]: [EliteMobs] Wiping Elite entities clean...
[15:42:20] [Server thread/INFO]: [EliteMobs] Clearing events...
[15:42:20] [Server thread/INFO]: [EliteMobs] Clearing valid worlds...
[15:42:20] [Server thread/INFO]: [EliteMobs] Clearing zone based worlds...
[15:42:20] [Server thread/INFO]: [EliteMobs] Clearing config regional elites...
[15:42:20] [Server thread/INFO]: [EliteMobs] Clearing custom enchantments...
[15:42:20] [Server thread/INFO]: [EliteMobs] Clearing custom items...
[15:42:20] [Server thread/INFO]: [EliteMobs] Clearing Minidungeons...
[15:42:20] [Server thread/INFO]: [EliteMobs] Unregistering placeholders...
[15:42:20] [Server thread/INFO]: [EliteMobs] Unregistering handlers...
[15:42:20] [Server thread/INFO]: [EliteMobs] Clearing Treasure Chests...
[15:42:20] [Server thread/INFO]: [EliteMobs] Untracking quests...
[15:42:20] [Server thread/INFO]: [EliteMobs] Saving EliteMobs databases...
[15:42:20] [Server thread/INFO]: [EliteMobs] All done! Good night.
[15:42:20] [Server thread/INFO]: [floodgate] Disabling floodgate v2.2.2-SNAPSHOT (b??-2702bc3)
[15:42:20] [Server thread/INFO]: [GeekPlayerBag] Disabling GeekPlayerBag v1.1-Bate
[15:42:20] [Server thread/INFO]: [com.zaxxer.hikari_4_0_3_bag.HikariDataSource] GeekPlayerBag-SQLITE - Shutdown initiated...
[15:42:20] [Server thread/INFO]: [com.zaxxer.hikari_4_0_3_bag.HikariDataSource] GeekPlayerBag-SQLITE - Shutdown completed.
[15:42:20] [Server thread/INFO]: [Graves] Disabling Graves v4.9
[15:42:20] [Server thread/INFO]: [GroupManager] Disabling GroupManager v2.9 (Phoenix)
[15:42:20] [Server thread/INFO]: WEPIF: Using the Bukkit Permissions API.
[15:42:20] [Server thread/ERROR]: [GroupManager] [STDERR] [GroupManager] Scheduled Data Saving is Disabled!
[15:42:20] [Server thread/WARN]: Nag author(s): '[AnjoCaido, Gabriel Couto, ElgarL]' of 'GroupManager v2.9 (Phoenix)' about their usage of System.out/err.print. Please use your plugin's logger instead (JavaPlugin#getLogger).
[15:42:20] [Server thread/INFO]: [GroupManager] [STDOUT] [GroupManager] version 2.9 (Phoenix) is disabled!
[15:42:20] [Server thread/INFO]: [ItemCommand] Disabling ItemCommand v1.0.3
[15:42:20] [Server thread/INFO]: [Logger] Disabling Logger v1.8.0.9
[15:42:20] [Server thread/INFO]: [Logger] Plugin Disabled!
[15:42:20] [Server thread/INFO]: [Magic] Disabling Magic v10.8.7-fdb1fc1
[15:42:20] [Server thread/INFO]: [PlaceholderAPI] Unregistered placeholder expansion magic
[15:42:20] [Server thread/INFO]: [PlaceholderAPI] Reason: required plugin Magic was disabled.
[15:42:20] [Server thread/INFO]: [OpenInv] Disabling OpenInv v4.3.1
[15:42:20] [Server thread/INFO]: [RandomControl] Disabling RandomControl v1.1.0
[15:42:20] [Server thread/INFO]: [SuperRandomCommand] Disabling SuperRandomCommand v1.6
[15:42:20] [Server thread/INFO]: [SuperRandomCommand] 卸载成功
[15:42:20] [Server thread/INFO]: [Tpj] Disabling Tpj v1.0-SNAPSHOT
[15:42:20] [Server thread/INFO]: [TrMenu] Disabling TrMenu v3.1.22
[15:42:20] [Server thread/WARN]: [TrMenu] Get the connection before initialisation (/26.44.153.100)
[15:42:20] [Server thread/WARN]: [TrMenu] Server connections:
[15:42:20] [Server thread/WARN]: [TrMenu] - /26.44.153.100:62650
[15:42:20] [Server thread/WARN]: java.lang.IllegalStateException
[15:42:20] [Server thread/WARN]: 	at me.arasple.mc.trmenu.taboolib.module.nms.ConnectionGetterImpl.getConnection(ConnectionGetterImpl.kt:100)
[15:42:20] [Server thread/WARN]: 	at TrMenu-3.1.22.jar//me.arasple.mc.trmenu.taboolib.module.nms.ChannelExecutor.getPlayerChannel(ChannelExecutor.kt:47)
[15:42:20] [Server thread/WARN]: 	at TrMenu-3.1.22.jar//me.arasple.mc.trmenu.taboolib.module.nms.ChannelExecutor.removePlayerChannel$process(ChannelExecutor.kt:85)
[15:42:20] [Server thread/WARN]: 	at TrMenu-3.1.22.jar//me.arasple.mc.trmenu.taboolib.module.nms.ChannelExecutor.removePlayerChannel(ChannelExecutor.kt:96)
[15:42:20] [Server thread/WARN]: 	at TrMenu-3.1.22.jar//me.arasple.mc.trmenu.taboolib.module.nms.ChannelExecutor.onDisable(ChannelExecutor.kt:135)
[15:42:20] [Server thread/WARN]: 	at java.base/java.lang.invoke.MethodHandle.invokeWithArguments(MethodHandle.java:732)
[15:42:20] [Server thread/WARN]: 	at TrMenu-3.1.22.jar//me.arasple.mc.trmenu.taboolib.library.reflex.JavaClassMethod.invoke(JavaClassMethod.kt:31)
[15:42:20] [Server thread/WARN]: 	at TrMenu-3.1.22.jar//me.arasple.mc.trmenu.taboolib.common.platform.AwakeFunction.visit(AwakeFunction.kt:13)
[15:42:20] [Server thread/WARN]: 	at TrMenu-3.1.22.jar//me.arasple.mc.trmenu.taboolib.common.inject.VisitorHandler.visitMethod(VisitorHandler.java:131)
[15:42:20] [Server thread/WARN]: 	at TrMenu-3.1.22.jar//me.arasple.mc.trmenu.taboolib.common.inject.VisitorHandler.inject(VisitorHandler.java:101)
[15:42:20] [Server thread/WARN]: 	at TrMenu-3.1.22.jar//me.arasple.mc.trmenu.taboolib.common.inject.VisitorHandler.injectAll(VisitorHandler.java:60)
[15:42:20] [Server thread/WARN]: 	at TrMenu-3.1.22.jar//me.arasple.mc.trmenu.taboolib.common.TabooLibCommon.lifeCycle(TabooLibCommon.java:216)
[15:42:20] [Server thread/WARN]: 	at TrMenu-3.1.22.jar//me.arasple.mc.trmenu.taboolib.common.TabooLibCommon.lifeCycle(TabooLibCommon.java:122)
[15:42:20] [Server thread/WARN]: 	at TrMenu-3.1.22.jar//me.arasple.mc.trmenu.taboolib.platform.BukkitPlugin.onDisable(BukkitPlugin.java:151)
[15:42:20] [Server thread/WARN]: 	at org.bukkit.plugin.java.JavaPlugin.setEnabled(JavaPlugin.java:283)
[15:42:20] [Server thread/WARN]: 	at io.papermc.paper.plugin.manager.PaperPluginInstanceManager.disablePlugin(PaperPluginInstanceManager.java:224)
[15:42:20] [Server thread/WARN]: 	at io.papermc.paper.plugin.manager.PaperPluginInstanceManager.disablePlugins(PaperPluginInstanceManager.java:148)
[15:42:20] [Server thread/WARN]: 	at io.papermc.paper.plugin.manager.PaperPluginManagerImpl.disablePlugins(PaperPluginManagerImpl.java:92)
[15:42:20] [Server thread/WARN]: 	at org.bukkit.plugin.SimplePluginManager.disablePlugins(SimplePluginManager.java:528)
[15:42:20] [Server thread/WARN]: 	at org.bukkit.craftbukkit.v1_19_R3.CraftServer.disablePlugins(Unknown Source)
[15:42:20] [Server thread/WARN]: 	at net.minecraft.server.MinecraftServer.t(MinecraftServer.java:951)
[15:42:20] [Server thread/WARN]: 	at net.minecraft.server.dedicated.DedicatedServer.t(DedicatedServer.java:807)
[15:42:20] [Server thread/WARN]: 	at net.minecraft.server.MinecraftServer.w(MinecraftServer.java:1218)
[15:42:20] [Server thread/WARN]: 	at net.minecraft.server.MinecraftServer.lambda$spin$0(MinecraftServer.java:321)
[15:42:20] [Server thread/WARN]: 	at java.base/java.lang.Thread.run(Thread.java:833)
[15:42:20] [Server thread/INFO]: [com.zaxxer.hikari_4_0_3.HikariDataSource] HikariPool-1 - Shutdown initiated...
[15:42:20] [Server thread/INFO]: [com.zaxxer.hikari_4_0_3.HikariDataSource] HikariPool-1 - Shutdown completed.
[15:42:20] [Server thread/INFO]: [ViaRewind] Disabling ViaRewind v2.0.3
[15:42:20] [Server thread/INFO]: [ViaRewind-Legacy-Support] Disabling ViaRewind-Legacy-Support v1.4.0
[15:42:20] [Server thread/INFO]: [LaggRemover] Disabling LaggRemover v2.0.6
[15:42:20] [Server thread/INFO]: [LaggRemover] LaggRemover has been disabled!
[15:42:20] [Server thread/INFO]: [Multiverse-Core] Disabling Multiverse-Core vpr2909
[15:42:21] [Server thread/INFO]: [AureliumSkills] Disabling AureliumSkills vBeta 1.3.19
[15:42:21] [Server thread/INFO]: [ViaBackwards] Disabling ViaBackwards v4.6.1
[15:42:21] [Server thread/INFO]: [PlaceholderAPI] Disabling PlaceholderAPI v2.11.2
[15:42:21] [Server thread/INFO]: [LuckPerms] Disabling LuckPerms v5.4.64
[15:42:21] [Server thread/INFO]: [LuckPerms] Starting shutdown process...
[15:42:21] [Server thread/INFO]: [LuckPerms] Closing storage...
[15:42:21] [Server thread/INFO]: [LuckPerms] Goodbye!
[15:42:21] [Server thread/INFO]: [WorldGuard] Disabling WorldGuard v7.0.7+216b061
[15:42:21] [Server thread/INFO]: [WorldGuard] Shutting down executor and cancelling any pending tasks...
[15:42:21] [Server thread/INFO]: [ViaVersion] Disabling ViaVersion v4.6.2
[15:42:21] [Server thread/INFO]: [ViaVersion] ViaVersion is disabling, if this is a reload and you experience issues consider rebooting.
[15:42:21] [Server thread/INFO]: [WorldEdit] Disabling WorldEdit v7.2.14+6360-094b734
[15:42:21] [Server thread/INFO]: Unregistering com.sk89q.worldedit.bukkit.BukkitServerInterface from WorldEdit
[15:42:21] [Server thread/INFO]: Saving players
[15:42:21] [Server thread/INFO]: wqe123420 lost connection: 服务器关闭/重启
[15:42:21] [Server thread/INFO]: wqe123420 left the game
[15:42:21] [Server thread/INFO]: Saving worlds
[15:42:21] [Server thread/INFO]: Saving chunks for level 'ServerLevel[world]'/minecraft:overworld
[15:42:21] [Server thread/INFO]: [ChunkHolderManager] Waiting 60s for chunk system to halt for world 'world'
[15:42:21] [Server thread/INFO]: [ChunkHolderManager] Halted chunk system for world 'world'
[15:42:21] [Server thread/INFO]: [ChunkHolderManager] Saving all chunkholders for world 'world'
[15:42:22] [Server thread/INFO]: [ChunkHolderManager] Saved 689 block chunks, 756 entity chunks, 0 poi chunks in world 'world' in 1.06s
[15:42:22] [Server thread/INFO]: ThreadedAnvilChunkStorage (world): All chunks are saved
[15:42:22] [Server thread/INFO]: Saving chunks for level 'ServerLevel[world_nether]'/minecraft:the_nether
[15:42:22] [Server thread/INFO]: [ChunkHolderManager] Waiting 60s for chunk system to halt for world 'world_nether'
[15:42:22] [Server thread/INFO]: [ChunkHolderManager] Halted chunk system for world 'world_nether'
[15:42:22] [Server thread/INFO]: [ChunkHolderManager] Saving all chunkholders for world 'world_nether'
[15:42:22] [Server thread/INFO]: [ChunkHolderManager] Saved 642 block chunks, 693 entity chunks, 0 poi chunks in world 'world_nether' in 0.59s
[15:42:22] [Server thread/INFO]: ThreadedAnvilChunkStorage (DIM-1): All chunks are saved
[15:42:22] [Server thread/INFO]: Saving chunks for level 'ServerLevel[world_the_end]'/minecraft:the_end
[15:42:22] [Server thread/INFO]: [ChunkHolderManager] Waiting 60s for chunk system to halt for world 'world_the_end'
[15:42:22] [Server thread/INFO]: [ChunkHolderManager] Halted chunk system for world 'world_the_end'
[15:42:22] [Server thread/INFO]: [ChunkHolderManager] Saving all chunkholders for world 'world_the_end'
[15:42:23] [Server thread/INFO]: [ChunkHolderManager] Saved 214 block chunks, 247 entity chunks, 0 poi chunks in world 'world_the_end' in 0.04s
[15:42:23] [Server thread/INFO]: ThreadedAnvilChunkStorage (DIM1): All chunks are saved
[15:42:23] [Server thread/INFO]: Saving chunks for level 'ServerLevel[em_fireworks]'/minecraft:em_fireworks
[15:42:23] [Server thread/INFO]: [ChunkHolderManager] Waiting 60s for chunk system to halt for world 'em_fireworks'
[15:42:23] [Server thread/INFO]: [ChunkHolderManager] Halted chunk system for world 'em_fireworks'
[15:42:23] [Server thread/INFO]: [ChunkHolderManager] Saving all chunkholders for world 'em_fireworks'
[15:42:23] [Server thread/INFO]: [ChunkHolderManager] Saved 0 block chunks, 0 entity chunks, 0 poi chunks in world 'em_fireworks' in 0.00s
[15:42:23] [Server thread/INFO]: ThreadedAnvilChunkStorage (em_fireworks): All chunks are saved
[15:42:23] [Server thread/INFO]: Saving chunks for level 'ServerLevel[em_sewer_maze]'/minecraft:em_sewer_maze
[15:42:23] [Server thread/INFO]: [ChunkHolderManager] Waiting 60s for chunk system to halt for world 'em_sewer_maze'
[15:42:23] [Server thread/INFO]: [ChunkHolderManager] Halted chunk system for world 'em_sewer_maze'
[15:42:23] [Server thread/INFO]: [ChunkHolderManager] Saving all chunkholders for world 'em_sewer_maze'
[15:42:23] [Server thread/INFO]: [ChunkHolderManager] Saved 0 block chunks, 0 entity chunks, 0 poi chunks in world 'em_sewer_maze' in 0.00s
[15:42:23] [Server thread/INFO]: ThreadedAnvilChunkStorage (em_sewer_maze): All chunks are saved
[15:42:23] [Server thread/INFO]: Saving chunks for level 'ServerLevel[em_shadow_of_the_binder_of_worlds]'/minecraft:em_shadow_of_the_binder_of_worlds
[15:42:23] [Server thread/INFO]: [ChunkHolderManager] Waiting 60s for chunk system to halt for world 'em_shadow_of_the_binder_of_worlds'
[15:42:23] [Server thread/INFO]: [ChunkHolderManager] Halted chunk system for world 'em_shadow_of_the_binder_of_worlds'
[15:42:23] [Server thread/INFO]: [ChunkHolderManager] Saving all chunkholders for world 'em_shadow_of_the_binder_of_worlds'
[15:42:23] [Server thread/INFO]: [ChunkHolderManager] Saved 0 block chunks, 0 entity chunks, 0 poi chunks in world 'em_shadow_of_the_binder_of_worlds' in 0.00s
[15:42:23] [Server thread/INFO]: ThreadedAnvilChunkStorage (DIM1): All chunks are saved
[15:42:23] [Server thread/INFO]: Saving chunks for level 'ServerLevel[em_hallosseum]'/minecraft:em_hallosseum
[15:42:23] [Server thread/INFO]: [ChunkHolderManager] Waiting 60s for chunk system to halt for world 'em_hallosseum'
[15:42:23] [Server thread/INFO]: [ChunkHolderManager] Halted chunk system for world 'em_hallosseum'
[15:42:23] [Server thread/INFO]: [ChunkHolderManager] Saving all chunkholders for world 'em_hallosseum'
[15:42:23] [Server thread/INFO]: [ChunkHolderManager] Saved 0 block chunks, 0 entity chunks, 0 poi chunks in world 'em_hallosseum' in 0.00s
[15:42:23] [Server thread/INFO]: ThreadedAnvilChunkStorage (DIM-1): All chunks are saved
[15:42:23] [Server thread/INFO]: Saving chunks for level 'ServerLevel[em_knight_castle]'/minecraft:em_knight_castle
[15:42:23] [Server thread/INFO]: [ChunkHolderManager] Waiting 60s for chunk system to halt for world 'em_knight_castle'
[15:42:23] [Server thread/INFO]: [ChunkHolderManager] Halted chunk system for world 'em_knight_castle'
[15:42:23] [Server thread/INFO]: [ChunkHolderManager] Saving all chunkholders for world 'em_knight_castle'
[15:42:23] [Server thread/INFO]: [ChunkHolderManager] Saved 0 block chunks, 0 entity chunks, 0 poi chunks in world 'em_knight_castle' in 0.00s
[15:42:23] [Server thread/INFO]: ThreadedAnvilChunkStorage (em_knight_castle): All chunks are saved
[15:42:23] [Server thread/INFO]: Saving chunks for level 'ServerLevel[em_steamworks_lair]'/minecraft:em_steamworks_lair
[15:42:23] [Server thread/INFO]: [ChunkHolderManager] Waiting 60s for chunk system to halt for world 'em_steamworks_lair'
[15:42:23] [Server thread/INFO]: [ChunkHolderManager] Halted chunk system for world 'em_steamworks_lair'
[15:42:23] [Server thread/INFO]: [ChunkHolderManager] Saving all chunkholders for world 'em_steamworks_lair'
[15:42:23] [Server thread/INFO]: [ChunkHolderManager] Saved 0 block chunks, 0 entity chunks, 0 poi chunks in world 'em_steamworks_lair' in 0.00s
[15:42:23] [Server thread/INFO]: ThreadedAnvilChunkStorage (em_steamworks_lair): All chunks are saved
[15:42:23] [Server thread/INFO]: Saving chunks for level 'ServerLevel[em_north_pole]'/minecraft:em_north_pole
[15:42:23] [Server thread/INFO]: [ChunkHolderManager] Waiting 60s for chunk system to halt for world 'em_north_pole'
[15:42:23] [Server thread/INFO]: [ChunkHolderManager] Halted chunk system for world 'em_north_pole'
[15:42:23] [Server thread/INFO]: [ChunkHolderManager] Saving all chunkholders for world 'em_north_pole'
[15:42:23] [Server thread/INFO]: [ChunkHolderManager] Saved 0 block chunks, 0 entity chunks, 0 poi chunks in world 'em_north_pole' in 0.00s
[15:42:23] [Server thread/INFO]: ThreadedAnvilChunkStorage (em_north_pole): All chunks are saved
[15:42:23] [Server thread/INFO]: Saving chunks for level 'ServerLevel[em_adventurers_guild]'/minecraft:em_adventurers_guild
[15:42:23] [Server thread/INFO]: [ChunkHolderManager] Waiting 60s for chunk system to halt for world 'em_adventurers_guild'
[15:42:23] [Server thread/INFO]: [ChunkHolderManager] Halted chunk system for world 'em_adventurers_guild'
[15:42:23] [Server thread/INFO]: [ChunkHolderManager] Saving all chunkholders for world 'em_adventurers_guild'
[15:42:23] [Server thread/INFO]: [ChunkHolderManager] Saved 0 block chunks, 0 entity chunks, 0 poi chunks in world 'em_adventurers_guild' in 0.00s
[15:42:23] [Server thread/INFO]: ThreadedAnvilChunkStorage (em_adventurers_guild): All chunks are saved
[15:42:23] [Server thread/INFO]: ThreadedAnvilChunkStorage: All dimensions are saved
[15:42:23] [Server thread/INFO]: Flushing Chunk IO
[15:42:23] [Server thread/INFO]: Closing Thread Pool
[15:42:23] [Server thread/INFO]: Closing Server
