[2023-07-11 09:51:21] [world] The Player <Funget114514> has used an enchantment table that's located at X= -26, Y= 69, Z= -281 to enchant DIAMOND_SWORD with [Knockback, Smite] enchantment(s) that had 4 level(s) which cost 30 xp level
[2023-07-11 09:51:37] [world] The Player <Funget114514> has used an enchantment table that's located at X= -26, Y= 69, Z= -281 to enchant DIAMOND_SWORD with [Unbreaking] enchantment(s) that had 3 level(s) which cost 30 xp level
[2023-07-11 09:51:50] [world] The Player <Funget114514> has used an enchantment table that's located at X= -26, Y= 69, Z= -281 to enchant DIAMOND_SWORD with [Sharpness] enchantment(s) that had 1 level(s) which cost 3 xp level
[2023-07-11 09:52:01] [world] The Player <Funget114514> has used an enchantment table that's located at X= -26, Y= 69, Z= -281 to enchant DIAMOND_SWORD with [Knockback, Smite] enchantment(s) that had 1 level(s) which cost 4 xp level
[2023-07-11 09:52:12] [world] The Player <Funget114514> has used an enchantment table that's located at X= -26, Y= 69, Z= -281 to enchant DIAMOND_SWORD with [Looting] enchantment(s) that had 2 level(s) which cost 30 xp level
[2023-07-11 09:52:22] [world] The Player <Funget114514> has used an enchantment table that's located at X= -26, Y= 69, Z= -281 to enchant DIAMOND_SWORD with [Unbreaking, Smite, Knockback] enchantment(s) that had 2 level(s) which cost 30 xp level
[2023-07-11 09:52:35] [world] The Player <Funget114514> has used an enchantment table that's located at X= -26, Y= 69, Z= -281 to enchant DIAMOND_SWORD with [Bane of Arthropods] enchantment(s) that had 1 level(s) which cost 2 xp level
[2023-07-11 09:52:48] [world] The Player <Funget114514> has used an enchantment table that's located at X= -26, Y= 69, Z= -281 to enchant DIAMOND_SWORD with [Sharpness, Unbreaking, Fire Aspect] enchantment(s) that had 1 level(s) which cost 9 xp level
[2023-07-11 09:53:14] [world] The Player <Funget114514> has used an enchantment table that's located at X= -26, Y= 69, Z= -280 to enchant DIAMOND_SWORD with [Sharpness] enchantment(s) that had 4 level(s) which cost 30 xp level
[2023-07-11 09:53:38] [world] The Player <Funget114514> has used an enchantment table that's located at X= -26, Y= 69, Z= -280 to enchant DIAMOND_SWORD with [Bane of Arthropods] enchantment(s) that had 1 level(s) which cost 6 xp level
[2023-07-11 09:53:49] [world] The Player <Funget114514> has used an enchantment table that's located at X= -26, Y= 69, Z= -280 to enchant DIAMOND_SWORD with [Smite] enchantment(s) that had 2 level(s) which cost 9 xp level
[2023-07-11 09:53:59] [world] The Player <Funget114514> has used an enchantment table that's located at X= -26, Y= 69, Z= -280 to enchant DIAMOND_SWORD with [Knockback] enchantment(s) that had 1 level(s) which cost 10 xp level
[2023-07-11 09:54:07] [world] The Player <Funget114514> has used an enchantment table that's located at X= -26, Y= 69, Z= -280 to enchant DIAMOND_SWORD with [Sharpness, Unbreaking, Knockback] enchantment(s) that had 2 level(s) which cost 30 xp level
[2023-07-11 09:54:31] [world] The Player <Funget114514> has used an enchantment table that's located at X= -28, Y= 69, Z= -280 to enchant DIAMOND_SWORD with [Bane of Arthropods] enchantment(s) that had 1 level(s) which cost 5 xp level
[2023-07-11 09:54:38] [world] The Player <Funget114514> has used an enchantment table that's located at X= -28, Y= 69, Z= -280 to enchant DIAMOND_SWORD with [Knockback, Sweeping Edge] enchantment(s) that had 3 level(s) which cost 30 xp level
[2023-07-11 09:54:47] [world] The Player <Funget114514> has used an enchantment table that's located at X= -28, Y= 69, Z= -280 to enchant DIAMOND_SWORD with [Sweeping Edge, Unbreaking] enchantment(s) that had 3 level(s) which cost 30 xp level
[2023-07-11 09:55:00] [world] The Player <Funget114514> has used an enchantment table that's located at X= -27, Y= 68, Z= -282 to enchant DIAMOND_SWORD with [Sharpness] enchantment(s) that had 1 level(s) which cost 5 xp level
[2023-07-11 09:55:10] [world] The Player <Funget114514> has used an enchantment table that's located at X= -27, Y= 68, Z= -282 to enchant DIAMOND_SWORD with [Unbreaking] enchantment(s) that had 1 level(s) which cost 6 xp level
[2023-07-11 09:55:21] [world] The Player <Funget114514> has used an enchantment table that's located at X= -27, Y= 68, Z= -282 to enchant DIAMOND_SWORD with [Smite] enchantment(s) that had 1 level(s) which cost 4 xp level
[2023-07-11 09:55:29] [world] The Player <Funget114514> has used an enchantment table that's located at X= -27, Y= 68, Z= -282 to enchant DIAMOND_SWORD with [Sharpness] enchantment(s) that had 4 level(s) which cost 30 xp level
[2023-07-11 09:55:38] [world] The Player <Funget114514> has used an enchantment table that's located at X= -27, Y= 68, Z= -282 to enchant DIAMOND_SWORD with [Smite] enchantment(s) that had 1 level(s) which cost 4 xp level
[2023-07-11 09:55:47] [world] The Player <Funget114514> has used an enchantment table that's located at X= -27, Y= 68, Z= -282 to enchant DIAMOND_SWORD with [Sharpness, Knockback] enchantment(s) that had 1 level(s) which cost 7 xp level
[2023-07-11 09:55:56] [world] The Player <Funget114514> has used an enchantment table that's located at X= -27, Y= 68, Z= -282 to enchant DIAMOND_SWORD with [Sharpness, Unbreaking, Knockback] enchantment(s) that had 1 level(s) which cost 5 xp level
[2023-07-11 09:56:07] [world] The Player <Funget114514> has used an enchantment table that's located at X= -27, Y= 68, Z= -282 to enchant DIAMOND_SWORD with [Sharpness] enchantment(s) that had 4 level(s) which cost 30 xp level
[2023-07-11 09:56:37] [world] The Player <Funget114514> has used an enchantment table that's located at X= -27, Y= 69, Z= -281 to enchant DIAMOND_SWORD with [Sharpness] enchantment(s) that had 4 level(s) which cost 30 xp level
[2023-07-11 09:56:48] [world] The Player <Funget114514> has used an enchantment table that's located at X= -27, Y= 69, Z= -281 to enchant DIAMOND_SWORD with [Smite] enchantment(s) that had 1 level(s) which cost 4 xp level
[2023-07-11 09:56:58] [world] The Player <Funget114514> has used an enchantment table that's located at X= -27, Y= 69, Z= -281 to enchant DIAMOND_SWORD with [Sharpness] enchantment(s) that had 1 level(s) which cost 4 xp level
[2023-07-11 09:57:09] [world] The Player <Funget114514> has used an enchantment table that's located at X= -27, Y= 69, Z= -281 to enchant DIAMOND_SWORD with [Sharpness, Unbreaking] enchantment(s) that had 1 level(s) which cost 3 xp level
[2023-07-11 09:57:20] [world] The Player <Funget114514> has used an enchantment table that's located at X= -27, Y= 69, Z= -281 to enchant DIAMOND_SWORD with [Sharpness] enchantment(s) that had 1 level(s) which cost 7 xp level
[2023-07-11 09:57:29] [world] The Player <Funget114514> has used an enchantment table that's located at X= -27, Y= 69, Z= -281 to enchant DIAMOND_SWORD with [Sharpness, Looting] enchantment(s) that had 3 level(s) which cost 30 xp level
[2023-07-11 16:58:27] [world] The Player <Funget114514> has used an enchantment table that's located at X= -25, Y= 69, Z= -281 to enchant DIAMOND_SWORD with [Sharpness] enchantment(s) that had 1 level(s) which cost 3 xp level
[2023-07-11 16:58:43] [world] The Player <Funget114514> has used an enchantment table that's located at X= -25, Y= 69, Z= -281 to enchant DIAMOND_SWORD with [Knockback, Smite] enchantment(s) that had 1 level(s) which cost 4 xp level
[2023-07-11 16:58:53] [world] The Player <Funget114514> has used an enchantment table that's located at X= -25, Y= 69, Z= -281 to enchant DIAMOND_SWORD with [Sharpness] enchantment(s) that had 1 level(s) which cost 4 xp level
[2023-07-11 16:59:03] [world] The Player <Funget114514> has used an enchantment table that's located at X= -25, Y= 69, Z= -281 to enchant DIAMOND_SWORD with [Bane of Arthropods] enchantment(s) that had 1 level(s) which cost 7 xp level
[2023-07-11 16:59:14] [world] The Player <Funget114514> has used an enchantment table that's located at X= -25, Y= 69, Z= -281 to enchant DIAMOND_SWORD with [Unbreaking, Smite] enchantment(s) that had 2 level(s) which cost 8 xp level
[2023-07-11 17:01:45] [world] The Player <Funget114514> has used an enchantment table that's located at X= -25, Y= 69, Z= -281 to enchant DIAMOND_SWORD with [Sharpness] enchantment(s) that had 1 level(s) which cost 6 xp level
[2023-07-11 17:01:59] [world] The Player <Funget114514> has used an enchantment table that's located at X= -25, Y= 69, Z= -281 to enchant DIAMOND_SWORD with [Sweeping Edge] enchantment(s) that had 3 level(s) which cost 17 xp level
[2023-07-11 17:02:06] [world] The Player <Funget114514> has used an enchantment table that's located at X= -25, Y= 69, Z= -281 to enchant DIAMOND_SWORD with [Unbreaking, Fire Aspect, Knockback] enchantment(s) that had 2 level(s) which cost 30 xp level
[2023-07-11 20:20:52] [world] The Player <Funget114514> has used an enchantment table that's located at X= -25, Y= 69, Z= -281 to enchant CROSSBOW with [Piercing, Unbreaking, Quick Charge] enchantment(s) that had 2 level(s) which cost 30 xp level
