[2023-07-20 10:39:40] [world] The Player <wqe123420> has used an enchantment table that's located at X= -25, Y= 69, Z= -281 to enchant BOW with [Unbreaking] enchantment(s) that had 3 level(s) which cost 30 xp level
[2023-07-20 10:39:43] [world] The Player <wqe123420> has used an enchantment table that's located at X= -25, Y= 69, Z= -281 to enchant BOW with [Infinite, Unbreaking, Power] enchantment(s) that had 3 level(s) which cost 30 xp level
[2023-07-20 10:39:51] [world] The Player <wqe123420> has used an enchantment table that's located at X= -25, Y= 69, Z= -281 to enchant BOW with [Power] enchantment(s) that had 4 level(s) which cost 30 xp level
[2023-07-20 10:39:55] [world] The Player <wqe123420> has used an enchantment table that's located at X= -25, Y= 69, Z= -281 to enchant BOW with [Unbreaking, Power] enchantment(s) that had 4 level(s) which cost 30 xp level
[2023-07-20 10:39:59] [world] The Player <wqe123420> has used an enchantment table that's located at X= -25, Y= 69, Z= -281 to enchant BOW with [Punch, Flame] enchantment(s) that had 1 level(s) which cost 30 xp level
[2023-07-20 10:40:03] [world] The Player <wqe123420> has used an enchantment table that's located at X= -25, Y= 69, Z= -281 to enchant BOW with [Infinite, Power] enchantment(s) that had 3 level(s) which cost 30 xp level
[2023-07-20 18:58:39] [world] The Player <wqe123420> has used an enchantment table that's located at X= -28, Y= 68, Z= -281 to enchant DIAMOND_CHESTPLATE with [Protection] enchantment(s) that had 4 level(s) which cost 30 xp level
[2023-07-20 19:03:43] [world_the_end] The Player <wqe123420> has used an enchantment table that's located at X= -15, Y= 1, Z= -274 to enchant DIAMOND_LEGGINGS with [Protection, Unbreaking] enchantment(s) that had 3 level(s) which cost 30 xp level
[2023-07-20 19:03:46] [world_the_end] The Player <wqe123420> has used an enchantment table that's located at X= -15, Y= 1, Z= -274 to enchant DIAMOND_LEGGINGS with [Unbreaking] enchantment(s) that had 3 level(s) which cost 30 xp level
[2023-07-20 19:05:24] [world_the_end] The Player <wqe123420> has used an enchantment table that's located at X= -14, Y= 1, Z= -274 to enchant DIAMOND_LEGGINGS with [Protection, Unbreaking] enchantment(s) that had 1 level(s) which cost 7 xp level
[2023-07-20 19:05:28] [world_the_end] The Player <wqe123420> has used an enchantment table that's located at X= -14, Y= 1, Z= -274 to enchant DIAMOND_LEGGINGS with [Protection, Unbreaking] enchantment(s) that had 3 level(s) which cost 30 xp level
[2023-07-20 19:05:42] [world_the_end] The Player <wqe123420> has used an enchantment table that's located at X= -13, Y= 1, Z= -274 to enchant DIAMOND_LEGGINGS with [Fire Protection, Unbreaking] enchantment(s) that had 3 level(s) which cost 30 xp level
[2023-07-20 19:08:38] [world_the_end] The Player <wqe123420> has used an enchantment table that's located at X= -14, Y= 1, Z= -274 to enchant DIAMOND_LEGGINGS with [Unbreaking] enchantment(s) that had 3 level(s) which cost 30 xp level
[2023-07-20 19:08:46] [world_the_end] The Player <wqe123420> has used an enchantment table that's located at X= -14, Y= 1, Z= -274 to enchant DIAMOND_LEGGINGS with [Protection, Unbreaking] enchantment(s) that had 3 level(s) which cost 30 xp level
[2023-07-20 19:09:43] [world_the_end] The Player <wqe123420> has used an enchantment table that's located at X= -14, Y= 1, Z= -274 to enchant DIAMOND_BOOTS with [Protection] enchantment(s) that had 4 level(s) which cost 30 xp level
[2023-07-20 19:09:47] [world_the_end] The Player <wqe123420> has used an enchantment table that's located at X= -14, Y= 1, Z= -274 to enchant DIAMOND_BOOTS with [Protection, Unbreaking, Depth Strider] enchantment(s) that had 3 level(s) which cost 30 xp level
[2023-07-20 19:09:50] [world_the_end] The Player <wqe123420> has used an enchantment table that's located at X= -14, Y= 1, Z= -274 to enchant DIAMOND_BOOTS with [Protection] enchantment(s) that had 3 level(s) which cost 30 xp level
[2023-07-20 19:10:28] [world_the_end] The Player <wqe123420> has used an enchantment table that's located at X= -14, Y= 1, Z= -274 to enchant DIAMOND_BOOTS with [Protection, Unbreaking] enchantment(s) that had 3 level(s) which cost 30 xp level
[2023-07-20 19:10:43] [world_the_end] The Player <wqe123420> has used an enchantment table that's located at X= -14, Y= 1, Z= -274 to enchant DIAMOND_BOOTS with [Fire Protection, Unbreaking, Depth Strider] enchantment(s) that had 3 level(s) which cost 30 xp level
[2023-07-20 19:10:58] [world_the_end] The Player <wqe123420> has used an enchantment table that's located at X= -14, Y= 1, Z= -274 to enchant DIAMOND_BOOTS with [Projectile Protection] enchantment(s) that had 1 level(s) which cost 3 xp level
[2023-07-20 19:11:08] [world_the_end] The Player <wqe123420> has used an enchantment table that's located at X= -14, Y= 1, Z= -274 to enchant DIAMOND_BOOTS with [Protection, Depth Strider] enchantment(s) that had 3 level(s) which cost 30 xp level
[2023-07-20 19:12:42] [world_the_end] The Player <wqe123420> has used an enchantment table that's located at X= -14, Y= 1, Z= -274 to enchant DIAMOND_HELMET with [Fire Protection, Respiration, Aqua Affinity] enchantment(s) that had 1 level(s) which cost 30 xp level
[2023-07-20 19:13:11] [world_the_end] The Player <wqe123420> has used an enchantment table that's located at X= -13, Y= 1, Z= -274 to enchant DIAMOND_HELMET with [Protection, Unbreaking] enchantment(s) that had 3 level(s) which cost 30 xp level
[2023-07-20 19:14:01] [world_the_end] The Player <wqe123420> has used an enchantment table that's located at X= -15, Y= 1, Z= -274 to enchant DIAMOND_HELMET with [Respiration] enchantment(s) that had 3 level(s) which cost 30 xp level
[2023-07-20 19:14:18] [world_the_end] The Player <wqe123420> has used an enchantment table that's located at X= -15, Y= 1, Z= -274 to enchant DIAMOND_HELMET with [Protection, Aqua Affinity, Unbreaking] enchantment(s) that had 3 level(s) which cost 30 xp level
[2023-07-20 19:15:09] [world_the_end] The Player <wqe123420> has used an enchantment table that's located at X= -14, Y= 1, Z= -274 to enchant DIAMOND_HELMET with [Respiration, Protection] enchantment(s) that had 4 level(s) which cost 30 xp level
