[2023-08-09 09:51:19] [world] The Player <Enderlava1234> has broke MANGROVE_ROOTS at X= -15, Y= 64, Z= -287
[2023-08-09 09:53:56] [world] The Player <Enderlava1234> has broke CHORUS_PLANT at X= -19, Y= 66, Z= -300
[2023-08-09 09:55:19] [world] The Player <Enderlava1234> has broke STRIPPED_SPRUCE_LOG at X= -24, Y= 68, Z= -279
[2023-08-09 09:59:06] [world_nether] The Player <Funget114514> has broke NETHERRACK at X= 3, Y= 116, Z= -22
[2023-08-09 09:59:06] [world_nether] The Player <Funget114514> has broke NETHERRACK at X= 2, Y= 116, Z= -22
[2023-08-09 09:59:06] [world_nether] The Player <Funget114514> has broke NETHERRACK at X= 2, Y= 115, Z= -22
[2023-08-09 09:59:06] [world_nether] The Player <Funget114514> has broke NETHERRACK at X= 1, Y= 115, Z= -22
[2023-08-09 09:59:06] [world_nether] The Player <Funget114514> has broke NETHERRACK at X= 0, Y= 115, Z= -22
[2023-08-09 09:59:06] [world_nether] The Player <Funget114514> has broke NETHERRACK at X= -1, Y= 115, Z= -22
[2023-08-09 09:59:06] [world_nether] The Player <Funget114514> has broke NETHERRACK at X= 1, Y= 116, Z= -22
[2023-08-09 09:59:06] [world_nether] The Player <Funget114514> has broke NETHERRACK at X= 0, Y= 114, Z= -22
[2023-08-09 09:59:06] [world_nether] The Player <Funget114514> has broke NETHERRACK at X= 1, Y= 114, Z= -22
[2023-08-09 09:59:07] [world_nether] The Player <Funget114514> has broke NETHERRACK at X= -1, Y= 114, Z= -22
[2023-08-09 09:59:07] [world_nether] The Player <Funget114514> has broke NETHERRACK at X= -2, Y= 114, Z= -22
[2023-08-09 09:59:08] [world_nether] The Player <Funget114514> has broke NETHERRACK at X= -2, Y= 115, Z= -22
[2023-08-09 09:59:08] [world_nether] The Player <Funget114514> has broke NETHERRACK at X= -3, Y= 114, Z= -22
[2023-08-09 09:59:08] [world_nether] The Player <Funget114514> has broke NETHERRACK at X= -4, Y= 114, Z= -22
[2023-08-09 09:59:09] [world_nether] The Player <Funget114514> has broke NETHERRACK at X= -3, Y= 115, Z= -22
[2023-08-09 09:59:09] [world_nether] The Player <Funget114514> has broke NETHERRACK at X= -4, Y= 115, Z= -22
[2023-08-09 09:59:09] [world_nether] The Player <Funget114514> has broke NETHERRACK at X= -5, Y= 115, Z= -22
[2023-08-09 09:59:09] [world_nether] The Player <Funget114514> has broke NETHERRACK at X= -5, Y= 114, Z= -22
[2023-08-09 09:59:09] [world_nether] The Player <Funget114514> has broke NETHERRACK at X= -6, Y= 114, Z= -22
[2023-08-09 09:59:09] [world_nether] The Player <Funget114514> has broke NETHERRACK at X= -6, Y= 115, Z= -22
[2023-08-09 09:59:09] [world_nether] The Player <Funget114514> has broke NETHERRACK at X= -7, Y= 114, Z= -22
[2023-08-09 09:59:09] [world_nether] The Player <Funget114514> has broke NETHERRACK at X= -8, Y= 114, Z= -22
[2023-08-09 09:59:09] [world_nether] The Player <Funget114514> has broke NETHERRACK at X= -7, Y= 115, Z= -22
[2023-08-09 09:59:09] [world_nether] The Player <Funget114514> has broke NETHERRACK at X= -8, Y= 115, Z= -22
[2023-08-09 09:59:09] [world_nether] The Player <Funget114514> has broke NETHERRACK at X= -9, Y= 114, Z= -22
[2023-08-09 09:59:09] [world_nether] The Player <Funget114514> has broke NETHERRACK at X= -10, Y= 114, Z= -22
[2023-08-09 09:59:09] [world_nether] The Player <Funget114514> has broke NETHERRACK at X= -9, Y= 115, Z= -22
[2023-08-09 09:59:09] [world_nether] The Player <Funget114514> has broke NETHERRACK at X= -10, Y= 115, Z= -22
[2023-08-09 09:59:09] [world_nether] The Player <Funget114514> has broke NETHERRACK at X= -11, Y= 114, Z= -22
[2023-08-09 09:59:26] [world_nether] The Player <Funget114514> has broke NETHERRACK at X= -11, Y= 115, Z= -22
[2023-08-09 09:59:26] [world_nether] The Player <Funget114514> has broke NETHERRACK at X= -12, Y= 115, Z= -22
[2023-08-09 09:59:26] [world_nether] The Player <Funget114514> has broke NETHERRACK at X= -13, Y= 115, Z= -22
[2023-08-09 09:59:26] [world_nether] The Player <Funget114514> has broke NETHERRACK at X= -12, Y= 114, Z= -22
[2023-08-09 09:59:26] [world_nether] The Player <Funget114514> has broke NETHERRACK at X= -13, Y= 114, Z= -22
[2023-08-09 09:59:26] [world_nether] The Player <Funget114514> has broke NETHERRACK at X= -14, Y= 114, Z= -22
[2023-08-09 09:59:26] [world_nether] The Player <Funget114514> has broke NETHERRACK at X= -14, Y= 114, Z= -21
[2023-08-09 09:59:27] [world_nether] The Player <Funget114514> has broke NETHERRACK at X= -14, Y= 113, Z= -21
[2023-08-09 09:59:27] [world_nether] The Player <Funget114514> has broke NETHERRACK at X= -15, Y= 113, Z= -21
[2023-08-09 09:59:27] [world_nether] The Player <Funget114514> has broke NETHERRACK at X= -15, Y= 114, Z= -21
[2023-08-09 09:59:27] [world_nether] The Player <Funget114514> has broke NETHERRACK at X= -16, Y= 113, Z= -21
[2023-08-09 09:59:27] [world_nether] The Player <Funget114514> has broke NETHERRACK at X= -16, Y= 114, Z= -21
[2023-08-09 09:59:27] [world_nether] The Player <Funget114514> has broke NETHERRACK at X= -14, Y= 115, Z= -22
[2023-08-09 09:59:27] [world_nether] The Player <Funget114514> has broke NETHERRACK at X= -15, Y= 115, Z= -22
[2023-08-09 09:59:27] [world_nether] The Player <Funget114514> has broke NETHERRACK at X= -16, Y= 115, Z= -22
[2023-08-09 09:59:27] [world_nether] The Player <Funget114514> has broke NETHERRACK at X= -17, Y= 115, Z= -22
[2023-08-09 09:59:27] [world_nether] The Player <Funget114514> has broke NETHERRACK at X= -18, Y= 115, Z= -22
[2023-08-09 09:59:27] [world_nether] The Player <Funget114514> has broke NETHERRACK at X= -19, Y= 115, Z= -22
[2023-08-09 09:59:27] [world_nether] The Player <Funget114514> has broke NETHERRACK at X= -19, Y= 114, Z= -22
[2023-08-09 09:59:27] [world_nether] The Player <Funget114514> has broke NETHERRACK at X= -18, Y= 114, Z= -22
[2023-08-09 09:59:28] [world_nether] The Player <Funget114514> has broke NETHERRACK at X= -16, Y= 114, Z= -22
[2023-08-09 09:59:28] [world_nether] The Player <Funget114514> has broke NETHERRACK at X= -15, Y= 114, Z= -22
[2023-08-09 09:59:28] [world_nether] The Player <Funget114514> has broke NETHERRACK at X= -17, Y= 114, Z= -22
[2023-08-09 09:59:28] [world_nether] The Player <Funget114514> has broke NETHERRACK at X= -17, Y= 113, Z= -22
[2023-08-09 09:59:28] [world_nether] The Player <Funget114514> has broke NETHERRACK at X= -18, Y= 113, Z= -22
[2023-08-09 09:59:28] [world_nether] The Player <Funget114514> has broke NETHERRACK at X= -19, Y= 113, Z= -22
[2023-08-09 09:59:29] [world_nether] The Player <Funget114514> has broke NETHERRACK at X= -20, Y= 114, Z= -22
[2023-08-09 09:59:29] [world_nether] The Player <Funget114514> has broke NETHERRACK at X= -21, Y= 114, Z= -22
[2023-08-09 09:59:29] [world_nether] The Player <Funget114514> has broke NETHERRACK at X= -22, Y= 114, Z= -22
[2023-08-09 09:59:29] [world_nether] The Player <Funget114514> has broke NETHERRACK at X= -23, Y= 114, Z= -22
[2023-08-09 09:59:29] [world_nether] The Player <Funget114514> has broke NETHERRACK at X= -23, Y= 115, Z= -22
[2023-08-09 09:59:29] [world_nether] The Player <Funget114514> has broke NETHERRACK at X= -20, Y= 115, Z= -22
[2023-08-09 09:59:35] [world_nether] The Player <Funget114514> has broke NETHERRACK at X= -21, Y= 115, Z= -22
[2023-08-09 09:59:35] [world_nether] The Player <Funget114514> has broke NETHERRACK at X= -22, Y= 115, Z= -22
[2023-08-09 09:59:35] [world_nether] The Player <Funget114514> has broke NETHERRACK at X= -22, Y= 115, Z= -21
[2023-08-09 09:59:35] [world_nether] The Player <Funget114514> has broke NETHERRACK at X= -23, Y= 115, Z= -21
[2023-08-09 09:59:35] [world_nether] The Player <Funget114514> has broke NETHERRACK at X= -23, Y= 114, Z= -21
[2023-08-09 09:59:35] [world_nether] The Player <Funget114514> has broke NETHERRACK at X= -24, Y= 114, Z= -21
[2023-08-09 09:59:35] [world_nether] The Player <Funget114514> has broke NETHERRACK at X= -23, Y= 113, Z= -21
[2023-08-09 09:59:35] [world_nether] The Player <Funget114514> has broke NETHERRACK at X= -24, Y= 113, Z= -21
[2023-08-09 09:59:35] [world_nether] The Player <Funget114514> has broke NETHERRACK at X= -23, Y= 113, Z= -22
[2023-08-09 09:59:35] [world_nether] The Player <Funget114514> has broke NETHERRACK at X= -22, Y= 113, Z= -22
[2023-08-09 09:59:35] [world_nether] The Player <Funget114514> has broke NETHERRACK at X= -23, Y= 112, Z= -22
[2023-08-09 09:59:35] [world_nether] The Player <Funget114514> has broke NETHERRACK at X= -24, Y= 112, Z= -22
[2023-08-09 09:59:36] [world_nether] The Player <Funget114514> has broke NETHERRACK at X= -24, Y= 113, Z= -22
[2023-08-09 09:59:40] [world_nether] The Player <Funget114514> has broke NETHERRACK at X= -25, Y= 113, Z= -22
[2023-08-09 09:59:40] [world_nether] The Player <Funget114514> has broke NETHERRACK at X= -24, Y= 114, Z= -22
[2023-08-09 09:59:40] [world_nether] The Player <Funget114514> has broke NETHERRACK at X= -25, Y= 112, Z= -22
[2023-08-09 09:59:40] [world_nether] The Player <Funget114514> has broke NETHERRACK at X= -26, Y= 112, Z= -22
[2023-08-09 09:59:40] [world_nether] The Player <Funget114514> has broke NETHERRACK at X= -26, Y= 112, Z= -23
[2023-08-09 09:59:40] [world_nether] The Player <Funget114514> has broke NETHERRACK at X= -25, Y= 111, Z= -22
[2023-08-09 09:59:40] [world_nether] The Player <Funget114514> has broke NETHERRACK at X= -24, Y= 111, Z= -22
[2023-08-09 09:59:40] [world_nether] The Player <Funget114514> has broke NETHERRACK at X= -25, Y= 110, Z= -22
[2023-08-09 09:59:40] [world_nether] The Player <Funget114514> has broke NETHERRACK at X= -26, Y= 110, Z= -22
[2023-08-09 09:59:41] [world_nether] The Player <Funget114514> has broke NETHERRACK at X= -26, Y= 109, Z= -22
[2023-08-09 09:59:41] [world_nether] The Player <Funget114514> has broke NETHERRACK at X= -24, Y= 110, Z= -22
[2023-08-09 09:59:41] [world_nether] The Player <Funget114514> has broke NETHERRACK at X= -25, Y= 109, Z= -22
[2023-08-09 09:59:44] [world_nether] The Player <Funget114514> has broke NETHERRACK at X= -25, Y= 108, Z= -22
[2023-08-09 09:59:45] [world_nether] The Player <Funget114514> has broke NETHERRACK at X= -26, Y= 108, Z= -22
[2023-08-09 09:59:45] [world_nether] The Player <Funget114514> has broke NETHERRACK at X= -27, Y= 108, Z= -22
[2023-08-09 09:59:45] [world_nether] The Player <Funget114514> has broke NETHERRACK at X= -27, Y= 107, Z= -22
[2023-08-09 09:59:45] [world_nether] The Player <Funget114514> has broke NETHERRACK at X= -27, Y= 106, Z= -22
[2023-08-09 09:59:45] [world_nether] The Player <Funget114514> has broke NETHERRACK at X= -26, Y= 107, Z= -22
[2023-08-09 09:59:53] [world_nether] The Player <Funget114514> has broke NETHERRACK at X= -29, Y= 103, Z= -24
[2023-08-09 09:59:53] [world_nether] The Player <Funget114514> has broke NETHERRACK at X= -29, Y= 103, Z= -25
[2023-08-09 09:59:53] [world_nether] The Player <Funget114514> has broke NETHERRACK at X= -29, Y= 103, Z= -26
[2023-08-09 09:59:53] [world_nether] The Player <Funget114514> has broke NETHERRACK at X= -28, Y= 103, Z= -25
[2023-08-09 09:59:53] [world_nether] The Player <Funget114514> has broke NETHERRACK at X= -28, Y= 104, Z= -25
[2023-08-09 09:59:53] [world_nether] The Player <Funget114514> has broke NETHERRACK at X= -28, Y= 103, Z= -26
[2023-08-09 09:59:53] [world_nether] The Player <Funget114514> has broke NETHERRACK at X= -28, Y= 103, Z= -27
[2023-08-09 09:59:53] [world_nether] The Player <Funget114514> has broke NETHERRACK at X= -28, Y= 104, Z= -26
[2023-08-09 09:59:53] [world_nether] The Player <Funget114514> has broke NETHERRACK at X= -29, Y= 103, Z= -27
[2023-08-09 09:59:53] [world_nether] The Player <Funget114514> has broke NETHERRACK at X= -29, Y= 104, Z= -25
[2023-08-09 09:59:53] [world_nether] The Player <Funget114514> has broke NETHERRACK at X= -30, Y= 103, Z= -27
[2023-08-09 09:59:53] [world_nether] The Player <Funget114514> has broke NETHERRACK at X= -30, Y= 102, Z= -27
[2023-08-09 09:59:54] [world_nether] The Player <Funget114514> has broke NETHERRACK at X= -29, Y= 103, Z= -28
[2023-08-09 09:59:54] [world_nether] The Player <Funget114514> has broke NETHERRACK at X= -29, Y= 104, Z= -26
[2023-08-09 09:59:54] [world_nether] The Player <Funget114514> has broke NETHERRACK at X= -30, Y= 103, Z= -28
[2023-08-09 09:59:54] [world_nether] The Player <Funget114514> has broke NETHERRACK at X= -30, Y= 102, Z= -28
[2023-08-09 09:59:54] [world_nether] The Player <Funget114514> has broke NETHERRACK at X= -31, Y= 102, Z= -28
[2023-08-09 09:59:54] [world_nether] The Player <Funget114514> has broke NETHERRACK at X= -31, Y= 103, Z= -28
[2023-08-09 09:59:54] [world_nether] The Player <Funget114514> has broke NETHERRACK at X= -31, Y= 102, Z= -29
[2023-08-09 09:59:54] [world_nether] The Player <Funget114514> has broke NETHERRACK at X= -29, Y= 104, Z= -27
[2023-08-09 09:59:54] [world_nether] The Player <Funget114514> has broke NETHERRACK at X= -30, Y= 103, Z= -29
[2023-08-09 09:59:54] [world_nether] The Player <Funget114514> has broke NETHERRACK at X= -30, Y= 102, Z= -29
[2023-08-09 09:59:54] [world_nether] The Player <Funget114514> has broke NETHERRACK at X= -30, Y= 102, Z= -30
[2023-08-09 09:59:54] [world_nether] The Player <Funget114514> has broke NETHERRACK at X= -29, Y= 104, Z= -28
[2023-08-09 09:59:54] [world_nether] The Player <Funget114514> has broke NETHERRACK at X= -30, Y= 104, Z= -28
[2023-08-09 09:59:54] [world_nether] The Player <Funget114514> has broke NETHERRACK at X= -30, Y= 103, Z= -30
[2023-08-09 09:59:54] [world_nether] The Player <Funget114514> has broke NETHERRACK at X= -30, Y= 102, Z= -31
[2023-08-09 09:59:54] [world_nether] The Player <Funget114514> has broke NETHERRACK at X= -29, Y= 104, Z= -29
[2023-08-09 09:59:54] [world_nether] The Player <Funget114514> has broke NETHERRACK at X= -30, Y= 104, Z= -29
[2023-08-09 09:59:55] [world_nether] The Player <Funget114514> has broke NETHERRACK at X= -30, Y= 103, Z= -31
[2023-08-09 09:59:55] [world_nether] The Player <Funget114514> has broke NETHERRACK at X= -31, Y= 103, Z= -31
[2023-08-09 09:59:55] [world_nether] The Player <Funget114514> has broke NETHERRACK at X= -31, Y= 103, Z= -30
[2023-08-09 09:59:55] [world_nether] The Player <Funget114514> has broke NETHERRACK at X= -31, Y= 102, Z= -30
[2023-08-09 09:59:55] [world_nether] The Player <Funget114514> has broke NETHERRACK at X= -31, Y= 102, Z= -31
[2023-08-09 09:59:55] [world_nether] The Player <Funget114514> has broke NETHERRACK at X= -31, Y= 103, Z= -29
[2023-08-09 09:59:55] [world_nether] The Player <Funget114514> has broke NETHERRACK at X= -31, Y= 101, Z= -30
[2023-08-09 09:59:55] [world_nether] The Player <Funget114514> has broke NETHERRACK at X= -31, Y= 101, Z= -31
[2023-08-09 09:59:56] [world_nether] The Player <Funget114514> has broke NETHERRACK at X= -31, Y= 102, Z= -32
[2023-08-09 09:59:56] [world_nether] The Player <Funget114514> has broke NETHERRACK at X= -32, Y= 102, Z= -31
[2023-08-09 09:59:56] [world_nether] The Player <Funget114514> has broke NETHERRACK at X= -32, Y= 102, Z= -32
[2023-08-09 09:59:56] [world_nether] The Player <Funget114514> has broke NETHERRACK at X= -32, Y= 101, Z= -32
[2023-08-09 09:59:56] [world_nether] The Player <Funget114514> has broke NETHERRACK at X= -32, Y= 101, Z= -31
[2023-08-09 09:59:56] [world_nether] The Player <Funget114514> has broke NETHERRACK at X= -33, Y= 101, Z= -32
[2023-08-09 09:59:56] [world_nether] The Player <Funget114514> has broke NETHERRACK at X= -33, Y= 100, Z= -32
[2023-08-09 10:00:23] [world_nether] The Player <Funget114514> has broke NETHERRACK at X= -33, Y= 102, Z= -32
[2023-08-09 10:00:23] [world_nether] The Player <Funget114514> has broke NETHERRACK at X= -33, Y= 102, Z= -33
[2023-08-09 10:00:23] [world_nether] The Player <Funget114514> has broke NETHERRACK at X= -33, Y= 101, Z= -33
[2023-08-09 10:00:23] [world_nether] The Player <Funget114514> has broke NETHERRACK at X= -34, Y= 101, Z= -33
[2023-08-09 10:00:23] [world_nether] The Player <Funget114514> has broke NETHERRACK at X= -34, Y= 100, Z= -33
[2023-08-09 10:00:23] [world_nether] The Player <Funget114514> has broke NETHERRACK at X= -34, Y= 100, Z= -34
[2023-08-09 10:00:23] [world_nether] The Player <Funget114514> has broke NETHERRACK at X= -35, Y= 100, Z= -33
[2023-08-09 10:00:23] [world_nether] The Player <Funget114514> has broke NETHERRACK at X= -35, Y= 99, Z= -33
[2023-08-09 10:00:23] [world_nether] The Player <Funget114514> has broke NETHERRACK at X= -35, Y= 99, Z= -34
[2023-08-09 10:00:23] [world_nether] The Player <Funget114514> has broke NETHERRACK at X= -34, Y= 102, Z= -33
[2023-08-09 10:00:23] [world_nether] The Player <Funget114514> has broke NETHER_GOLD_ORE at X= -35, Y= 98, Z= -33
[2023-08-09 10:00:24] [world_nether] The Player <Funget114514> has broke NETHERRACK at X= -35, Y= 101, Z= -33
[2023-08-09 10:00:24] [world_nether] The Player <Funget114514> has broke NETHER_GOLD_ORE at X= -36, Y= 98, Z= -33
[2023-08-09 10:00:26] [world_nether] The Player <Funget114514> has broke NETHER_GOLD_ORE at X= -35, Y= 97, Z= -33
[2023-08-09 10:00:27] [world_nether] The Player <Funget114514> has broke NETHER_GOLD_ORE at X= -36, Y= 97, Z= -33
[2023-08-09 10:00:28] [world_nether] The Player <Funget114514> has broke NETHER_GOLD_ORE at X= -36, Y= 98, Z= -32
[2023-08-09 10:00:28] [world_nether] The Player <Funget114514> has broke NETHER_GOLD_ORE at X= -35, Y= 98, Z= -32
[2023-08-09 10:00:29] [world_nether] The Player <Funget114514> has broke NETHER_GOLD_ORE at X= -36, Y= 97, Z= -32
[2023-08-09 10:00:29] [world_nether] The Player <Funget114514> has broke NETHER_GOLD_ORE at X= -35, Y= 97, Z= -32
[2023-08-09 10:00:29] [world_nether] The Player <Funget114514> has broke NETHERRACK at X= -36, Y= 96, Z= -31
[2023-08-09 10:00:30] [world_nether] The Player <Funget114514> has broke NETHER_GOLD_ORE at X= -36, Y= 98, Z= -34
[2023-08-09 10:00:31] [world_nether] The Player <Funget114514> has broke NETHERRACK at X= -37, Y= 98, Z= -34
[2023-08-09 10:00:31] [world_nether] The Player <Funget114514> has broke NETHER_GOLD_ORE at X= -36, Y= 97, Z= -34
[2023-08-09 10:00:31] [world_nether] The Player <Funget114514> has broke NETHERRACK at X= -37, Y= 97, Z= -34
[2023-08-09 10:00:32] [world_nether] The Player <Funget114514> has broke NETHERRACK at X= -37, Y= 97, Z= -35
[2023-08-09 10:00:32] [world_nether] The Player <Funget114514> has broke NETHERRACK at X= -38, Y= 97, Z= -34
[2023-08-09 10:00:32] [world_nether] The Player <Funget114514> has broke NETHERRACK at X= -38, Y= 98, Z= -34
[2023-08-09 10:00:32] [world_nether] The Player <Funget114514> has broke NETHERRACK at X= -39, Y= 97, Z= -34
[2023-08-09 10:00:32] [world_nether] The Player <Funget114514> has broke NETHERRACK at X= -39, Y= 97, Z= -35
[2023-08-09 10:00:32] [world_nether] The Player <Funget114514> has broke NETHERRACK at X= -39, Y= 98, Z= -34
[2023-08-09 10:00:32] [world_nether] The Player <Funget114514> has broke NETHERRACK at X= -38, Y= 98, Z= -35
[2023-08-09 10:00:32] [world_nether] The Player <Funget114514> has broke NETHERRACK at X= -39, Y= 98, Z= -35
[2023-08-09 10:00:32] [world_nether] The Player <Funget114514> has broke NETHERRACK at X= -40, Y= 97, Z= -35
[2023-08-09 10:00:32] [world_nether] The Player <Funget114514> has broke NETHERRACK at X= -40, Y= 98, Z= -35
[2023-08-09 10:00:32] [world_nether] The Player <Funget114514> has broke NETHERRACK at X= -40, Y= 98, Z= -36
[2023-08-09 10:00:32] [world_nether] The Player <Funget114514> has broke NETHERRACK at X= -41, Y= 98, Z= -36
[2023-08-09 10:00:32] [world_nether] The Player <Funget114514> has broke NETHERRACK at X= -41, Y= 98, Z= -37
[2023-08-09 10:00:32] [world_nether] The Player <Funget114514> has broke NETHERRACK at X= -40, Y= 98, Z= -37
[2023-08-09 10:00:32] [world_nether] The Player <Funget114514> has broke NETHERRACK at X= -41, Y= 99, Z= -37
[2023-08-09 10:00:32] [world_nether] The Player <Funget114514> has broke NETHERRACK at X= -41, Y= 98, Z= -38
[2023-08-09 10:00:32] [world_nether] The Player <Funget114514> has broke NETHERRACK at X= -40, Y= 98, Z= -38
[2023-08-09 10:00:32] [world_nether] The Player <Funget114514> has broke NETHERRACK at X= -39, Y= 98, Z= -36
[2023-08-09 10:00:33] [world_nether] The Player <Funget114514> has broke NETHERRACK at X= -40, Y= 97, Z= -36
[2023-08-09 10:00:33] [world_nether] The Player <Funget114514> has broke NETHERRACK at X= -40, Y= 97, Z= -37
[2023-08-09 10:00:33] [world_nether] The Player <Funget114514> has broke NETHERRACK at X= -41, Y= 97, Z= -38
[2023-08-09 10:00:33] [world_nether] The Player <Funget114514> has broke NETHERRACK at X= -41, Y= 97, Z= -37
[2023-08-09 10:00:33] [world_nether] The Player <Funget114514> has broke NETHERRACK at X= -42, Y= 97, Z= -38
[2023-08-09 10:02:29] [world_nether] The Player <Funget114514> has broke NETHERRACK at X= 1, Y= 122, Z= -21
[2023-08-09 10:02:29] [world_nether] The Player <Funget114514> has broke NETHERRACK at X= 1, Y= 122, Z= -20
[2023-08-09 10:02:29] [world_nether] The Player <Funget114514> has broke NETHERRACK at X= 0, Y= 122, Z= -20
[2023-08-09 10:02:29] [world_nether] The Player <Funget114514> has broke NETHERRACK at X= 0, Y= 122, Z= -19
[2023-08-09 10:02:29] [world_nether] The Player <Funget114514> has broke NETHERRACK at X= 0, Y= 122, Z= -18
[2023-08-09 10:02:29] [world_nether] The Player <Funget114514> has broke NETHERRACK at X= 0, Y= 122, Z= -17
[2023-08-09 10:02:30] [world_nether] The Player <Funget114514> has broke NETHERRACK at X= -1, Y= 122, Z= -18
[2023-08-09 10:02:30] [world_nether] The Player <Funget114514> has broke NETHERRACK at X= -1, Y= 122, Z= -19
[2023-08-09 10:02:30] [world_nether] The Player <Funget114514> has broke NETHERRACK at X= -2, Y= 122, Z= -18
[2023-08-09 10:02:30] [world_nether] The Player <Funget114514> has broke NETHERRACK at X= -2, Y= 122, Z= -19
[2023-08-09 10:02:30] [world_nether] The Player <Funget114514> has broke NETHERRACK at X= -1, Y= 122, Z= -20
[2023-08-09 10:02:30] [world_nether] The Player <Funget114514> has broke NETHERRACK at X= 0, Y= 122, Z= -21
[2023-08-09 10:02:30] [world_nether] The Player <Funget114514> has broke NETHERRACK at X= 1, Y= 121, Z= -21
[2023-08-09 10:02:30] [world_nether] The Player <Funget114514> has broke NETHERRACK at X= 0, Y= 121, Z= -21
[2023-08-09 10:02:30] [world_nether] The Player <Funget114514> has broke NETHERRACK at X= 0, Y= 120, Z= -21
[2023-08-09 10:02:30] [world_nether] The Player <Funget114514> has broke NETHERRACK at X= -1, Y= 120, Z= -21
[2023-08-09 10:02:30] [world_nether] The Player <Funget114514> has broke NETHERRACK at X= -1, Y= 119, Z= -21
[2023-08-09 10:02:33] [world_nether] The Player <Funget114514> has broke NETHERRACK at X= 2, Y= 104, Z= -23
[2023-08-09 10:02:33] [world_nether] The Player <Funget114514> has broke NETHERRACK at X= 2, Y= 102, Z= -22
[2023-08-09 10:02:33] [world_nether] The Player <Funget114514> has broke NETHERRACK at X= 1, Y= 102, Z= -22
[2023-08-09 10:02:33] [world_nether] The Player <Funget114514> has broke NETHERRACK at X= 1, Y= 101, Z= -22
[2023-08-09 10:02:33] [world_nether] The Player <Funget114514> has broke NETHERRACK at X= 0, Y= 101, Z= -22
[2023-08-09 10:02:33] [world_nether] The Player <Funget114514> has broke NETHERRACK at X= 1, Y= 104, Z= -22
[2023-08-09 10:02:34] [world_nether] The Player <Funget114514> has broke NETHERRACK at X= 1, Y= 103, Z= -22
[2023-08-09 10:02:34] [world_nether] The Player <Funget114514> has broke NETHERRACK at X= 0, Y= 103, Z= -22
[2023-08-09 10:02:34] [world_nether] The Player <Funget114514> has broke NETHERRACK at X= 0, Y= 102, Z= -22
[2023-08-09 10:02:34] [world_nether] The Player <Funget114514> has broke NETHERRACK at X= -1, Y= 102, Z= -22
[2023-08-09 10:02:34] [world_nether] The Player <Funget114514> has broke NETHERRACK at X= -2, Y= 102, Z= -22
[2023-08-09 10:02:34] [world_nether] The Player <Funget114514> has broke NETHERRACK at X= -2, Y= 101, Z= -22
[2023-08-09 10:02:34] [world_nether] The Player <Funget114514> has broke NETHERRACK at X= -3, Y= 102, Z= -22
[2023-08-09 10:02:34] [world_nether] The Player <Funget114514> has broke NETHERRACK at X= -3, Y= 101, Z= -22
[2023-08-09 10:02:34] [world_nether] The Player <Funget114514> has broke NETHERRACK at X= -4, Y= 102, Z= -22
[2023-08-09 10:02:34] [world_nether] The Player <Funget114514> has broke NETHERRACK at X= -4, Y= 101, Z= -22
[2023-08-09 10:02:34] [world_nether] The Player <Funget114514> has broke NETHERRACK at X= -5, Y= 101, Z= -22
[2023-08-09 10:02:34] [world_nether] The Player <Funget114514> has broke NETHERRACK at X= -4, Y= 100, Z= -22
[2023-08-09 10:02:34] [world_nether] The Player <Funget114514> has broke NETHERRACK at X= -1, Y= 101, Z= -22
[2023-08-09 10:02:35] [world_nether] The Player <Funget114514> has broke NETHERRACK at X= -3, Y= 100, Z= -22
[2023-08-09 10:02:35] [world_nether] The Player <Funget114514> has broke NETHERRACK at X= -4, Y= 99, Z= -22
[2023-08-09 10:02:35] [world_nether] The Player <Funget114514> has broke NETHERRACK at X= -5, Y= 99, Z= -22
[2023-08-09 10:02:35] [world_nether] The Player <Funget114514> has broke NETHERRACK at X= -5, Y= 100, Z= -22
[2023-08-09 10:02:35] [world_nether] The Player <Funget114514> has broke NETHERRACK at X= -6, Y= 100, Z= -22
[2023-08-09 10:02:35] [world_nether] The Player <Funget114514> has broke NETHERRACK at X= -6, Y= 101, Z= -22
[2023-08-09 10:02:35] [world_nether] The Player <Funget114514> has broke NETHERRACK at X= -7, Y= 100, Z= -22
[2023-08-09 10:02:36] [world_nether] The Player <Funget114514> has broke NETHERRACK at X= -7, Y= 99, Z= -22
[2023-08-09 10:02:36] [world_nether] The Player <Funget114514> has broke NETHERRACK at X= -6, Y= 99, Z= -22
[2023-08-09 10:02:36] [world_nether] The Player <Funget114514> has broke NETHERRACK at X= -8, Y= 99, Z= -22
[2023-08-09 10:02:36] [world_nether] The Player <Funget114514> has broke NETHERRACK at X= -9, Y= 99, Z= -22
[2023-08-09 10:02:36] [world_nether] The Player <Funget114514> has broke NETHERRACK at X= -9, Y= 98, Z= -22
[2023-08-09 10:02:36] [world_nether] The Player <Funget114514> has broke NETHERRACK at X= -10, Y= 99, Z= -22
[2023-08-09 10:02:36] [world_nether] The Player <Funget114514> has broke NETHERRACK at X= -10, Y= 98, Z= -22
[2023-08-09 10:02:36] [world_nether] The Player <Funget114514> has broke NETHERRACK at X= -8, Y= 100, Z= -22
[2023-08-09 10:02:36] [world_nether] The Player <Funget114514> has broke NETHERRACK at X= -11, Y= 99, Z= -22
[2023-08-09 10:02:36] [world_nether] The Player <Funget114514> has broke NETHERRACK at X= -9, Y= 100, Z= -22
[2023-08-09 10:02:36] [world_nether] The Player <Funget114514> has broke NETHERRACK at X= -12, Y= 99, Z= -22
[2023-08-09 10:02:36] [world_nether] The Player <Funget114514> has broke NETHERRACK at X= -10, Y= 100, Z= -22
[2023-08-09 10:02:37] [world_nether] The Player <Funget114514> has broke NETHERRACK at X= -13, Y= 99, Z= -22
[2023-08-09 10:02:37] [world_nether] The Player <Funget114514> has broke NETHERRACK at X= -12, Y= 98, Z= -22
[2023-08-09 10:02:37] [world_nether] The Player <Funget114514> has broke NETHERRACK at X= -11, Y= 98, Z= -22
[2023-08-09 10:02:37] [world_nether] The Player <Funget114514> has broke NETHERRACK at X= -13, Y= 98, Z= -22
[2023-08-09 10:02:37] [world_nether] The Player <Funget114514> has broke NETHERRACK at X= -14, Y= 98, Z= -22
[2023-08-09 10:02:37] [world_nether] The Player <Funget114514> has broke NETHERRACK at X= -15, Y= 98, Z= -22
[2023-08-09 10:02:37] [world_nether] The Player <Funget114514> has broke NETHERRACK at X= -14, Y= 99, Z= -22
[2023-08-09 10:02:37] [world_nether] The Player <Funget114514> has broke NETHERRACK at X= -15, Y= 99, Z= -22
[2023-08-09 10:02:37] [world_nether] The Player <Funget114514> has broke NETHERRACK at X= -16, Y= 99, Z= -22
[2023-08-09 10:02:37] [world_nether] The Player <Funget114514> has broke NETHERRACK at X= -17, Y= 99, Z= -22
[2023-08-09 10:02:38] [world_nether] The Player <Funget114514> has broke NETHERRACK at X= -18, Y= 99, Z= -22
[2023-08-09 10:02:38] [world_nether] The Player <Funget114514> has broke NETHERRACK at X= -19, Y= 99, Z= -22
[2023-08-09 10:02:38] [world_nether] The Player <Funget114514> has broke NETHERRACK at X= -20, Y= 99, Z= -22
[2023-08-09 10:02:38] [world_nether] The Player <Funget114514> has broke NETHERRACK at X= -17, Y= 98, Z= -22
[2023-08-09 10:02:38] [world_nether] The Player <Funget114514> has broke NETHERRACK at X= -16, Y= 98, Z= -22
[2023-08-09 10:02:39] [world_nether] The Player <Funget114514> has broke NETHERRACK at X= -18, Y= 98, Z= -22
[2023-08-09 10:02:39] [world_nether] The Player <Funget114514> has broke NETHERRACK at X= -20, Y= 98, Z= -22
[2023-08-09 10:02:39] [world_nether] The Player <Funget114514> has broke NETHERRACK at X= -21, Y= 99, Z= -22
[2023-08-09 10:02:39] [world_nether] The Player <Funget114514> has broke NETHERRACK at X= -22, Y= 99, Z= -22
[2023-08-09 10:02:39] [world_nether] The Player <Funget114514> has broke NETHERRACK at X= -23, Y= 99, Z= -22
[2023-08-09 10:02:39] [world_nether] The Player <Funget114514> has broke NETHERRACK at X= -19, Y= 98, Z= -22
[2023-08-09 10:02:39] [world_nether] The Player <Funget114514> has broke NETHERRACK at X= -21, Y= 98, Z= -22
[2023-08-09 10:02:40] [world_nether] The Player <Funget114514> has broke NETHERRACK at X= -23, Y= 98, Z= -22
[2023-08-09 10:02:40] [world_nether] The Player <Funget114514> has broke NETHERRACK at X= -24, Y= 99, Z= -22
[2023-08-09 10:02:40] [world_nether] The Player <Funget114514> has broke NETHERRACK at X= -25, Y= 99, Z= -22
[2023-08-09 10:02:40] [world_nether] The Player <Funget114514> has broke NETHERRACK at X= -24, Y= 98, Z= -22
[2023-08-09 10:02:40] [world_nether] The Player <Funget114514> has broke NETHERRACK at X= -22, Y= 98, Z= -22
[2023-08-09 10:02:40] [world_nether] The Player <Funget114514> has broke NETHERRACK at X= -24, Y= 97, Z= -22
[2023-08-09 10:02:41] [world_nether] The Player <Funget114514> has broke NETHERRACK at X= -25, Y= 98, Z= -22
[2023-08-09 10:02:41] [world_nether] The Player <Funget114514> has broke NETHERRACK at X= -25, Y= 97, Z= -22
[2023-08-09 10:02:41] [world_nether] The Player <Funget114514> has broke NETHERRACK at X= -26, Y= 98, Z= -22
[2023-08-09 10:02:41] [world_nether] The Player <Funget114514> has broke NETHERRACK at X= -27, Y= 98, Z= -22
[2023-08-09 10:02:41] [world_nether] The Player <Funget114514> has broke NETHERRACK at X= -28, Y= 98, Z= -22
[2023-08-09 10:02:42] [world_nether] The Player <Funget114514> has broke NETHER_GOLD_ORE at X= -30, Y= 100, Z= -22
[2023-08-09 10:02:42] [world_nether] The Player <Funget114514> has broke NETHER_GOLD_ORE at X= -29, Y= 101, Z= -22
[2023-08-09 10:02:43] [world_nether] The Player <Funget114514> has broke NETHERRACK at X= -30, Y= 100, Z= -21
[2023-08-09 10:02:43] [world_nether] The Player <Funget114514> has broke NETHER_GOLD_ORE at X= -30, Y= 101, Z= -22
[2023-08-09 10:02:44] [world_nether] The Player <Funget114514> has broke NETHERRACK at X= -31, Y= 100, Z= -21
[2023-08-09 10:02:44] [world_nether] The Player <Funget114514> has broke NETHERRACK at X= -32, Y= 100, Z= -21
[2023-08-09 10:02:44] [world_nether] The Player <Funget114514> has broke NETHERRACK at X= -32, Y= 100, Z= -20
[2023-08-09 10:02:44] [world_nether] The Player <Funget114514> has broke NETHERRACK at X= -32, Y= 101, Z= -21
[2023-08-09 10:02:44] [world_nether] The Player <Funget114514> has broke NETHERRACK at X= -31, Y= 101, Z= -21
[2023-08-09 10:02:44] [world_nether] The Player <Funget114514> has broke NETHER_GOLD_ORE at X= -30, Y= 101, Z= -21
[2023-08-09 10:02:45] [world_nether] The Player <Funget114514> has broke NETHERRACK at X= -32, Y= 102, Z= -21
[2023-08-09 10:02:45] [world_nether] The Player <Funget114514> has broke NETHER_GOLD_ORE at X= -31, Y= 101, Z= -22
[2023-08-09 10:02:46] [world_nether] The Player <Funget114514> has broke NETHER_GOLD_ORE at X= -31, Y= 100, Z= -22
[2023-08-09 10:02:46] [world_nether] The Player <Funget114514> has broke NETHERRACK at X= -32, Y= 99, Z= -21
[2023-08-09 10:02:46] [world_nether] The Player <Funget114514> has broke NETHERRACK at X= -31, Y= 100, Z= -20
[2023-08-09 10:02:48] [world_nether] The Player <Funget114514> has broke NETHER_GOLD_ORE at X= -29, Y= 102, Z= -21
[2023-08-09 10:02:48] [world_nether] The Player <Funget114514> has broke NETHERRACK at X= -29, Y= 102, Z= -20
