[2023-08-09 14:28:41] [world] The Player <Enderlava> has broke CHORUS_PLANT at X= -19, Y= 64, Z= -299
[2023-08-09 14:28:42] [world] The Player <Enderlava> has broke CHORUS_PLANT at X= -17, Y= 64, Z= -299
[2023-08-09 14:28:44] [world] The Player <Enderlava> has broke CHORUS_PLANT at X= -17, Y= 64, Z= -296
[2023-08-09 14:28:46] [world] The Player <Enderlava> has broke CHORUS_PLANT at X= -19, Y= 64, Z= -296
[2023-08-09 14:28:47] [world] The Player <Enderlava> has broke CHORUS_PLANT at X= -21, Y= 64, Z= -296
[2023-08-09 14:28:49] [world] The Player <Enderlava> has broke CHORUS_PLANT at X= -23, Y= 64, Z= -296
[2023-08-09 14:28:52] [world] The Player <Enderlava> has broke CHORUS_PLANT at X= -23, Y= 64, Z= -299
[2023-08-09 14:28:55] [world] The Player <Enderlava> has broke CHORUS_PLANT at X= -21, Y= 64, Z= -299
[2023-08-09 14:29:37] [world] The Player <Enderlava> has broke COBBLESTONE at X= -24, Y= 64, Z= -294
[2023-08-09 14:29:37] [world] The Player <Enderlava> has broke STONE at X= -24, Y= 63, Z= -294
[2023-08-09 14:29:48] [world] The Player <Enderlava> has broke GLASS at X= -25, Y= 63, Z= -293
[2023-08-09 14:50:38] [world_the_end] The Player <Enderlava> has broke REDSTONE_BLOCK at X= 99, Y= 44, Z= 6
[2023-08-09 14:50:40] [world_the_end] The Player <Enderlava> has broke GLASS at X= 99, Y= 44, Z= 6
[2023-08-09 14:50:40] [world_the_end] The Player <Enderlava> has broke REDSTONE_BLOCK at X= 99, Y= 44, Z= 5
[2023-08-09 14:50:40] [world_the_end] The Player <Enderlava> has broke REDSTONE_BLOCK at X= 99, Y= 44, Z= 4
[2023-08-09 14:50:41] [world_the_end] The Player <Enderlava> has broke REDSTONE_BLOCK at X= 99, Y= 44, Z= 3
[2023-08-09 14:50:41] [world_the_end] The Player <Enderlava> has broke REDSTONE_BLOCK at X= 99, Y= 44, Z= 2
[2023-08-09 14:51:17] [world_the_end] The Player <Enderlava> has broke END_STONE at X= 0, Y= 56, Z= 0
[2023-08-09 14:51:25] [world_the_end] The Player <Enderlava> has broke SLIME_BLOCK at X= 4, Y= 62, Z= -1
[2023-08-09 14:51:25] [world_the_end] The Player <Enderlava> has broke SLIME_BLOCK at X= 4, Y= 62, Z= 0
[2023-08-09 14:51:26] [world_the_end] The Player <Enderlava> has broke SLIME_BLOCK at X= 4, Y= 62, Z= 1
[2023-08-09 14:51:37] [world_the_end] The Player <Enderlava> has broke SLIME_BLOCK at X= 1, Y= 62, Z= 4
[2023-08-09 14:51:38] [world_the_end] The Player <Enderlava> has broke SLIME_BLOCK at X= 0, Y= 62, Z= 4
[2023-08-09 14:51:38] [world_the_end] The Player <Enderlava> has broke SLIME_BLOCK at X= -1, Y= 62, Z= 4
[2023-08-09 14:51:46] [world_the_end] The Player <Enderlava> has broke SLIME_BLOCK at X= -4, Y= 62, Z= 1
[2023-08-09 14:51:46] [world_the_end] The Player <Enderlava> has broke SLIME_BLOCK at X= -4, Y= 62, Z= 0
[2023-08-09 14:51:46] [world_the_end] The Player <Enderlava> has broke SLIME_BLOCK at X= -4, Y= 62, Z= -1
[2023-08-09 14:51:54] [world_the_end] The Player <Enderlava> has broke SLIME_BLOCK at X= -1, Y= 62, Z= -4
[2023-08-09 14:51:54] [world_the_end] The Player <Enderlava> has broke SLIME_BLOCK at X= 0, Y= 62, Z= -4
[2023-08-09 14:51:54] [world_the_end] The Player <Enderlava> has broke SLIME_BLOCK at X= 1, Y= 62, Z= -4
[2023-08-09 14:53:32] [world_the_end] The Player <Enderlava> has broke WHITE_WOOL at X= 98, Y= 43, Z= 7
[2023-08-09 14:53:34] [world_the_end] The Player <Enderlava> has broke WHITE_WOOL at X= 98, Y= 43, Z= 8
[2023-08-09 14:53:35] [world_the_end] The Player <Enderlava> has broke WHITE_WOOL at X= 98, Y= 43, Z= 9
[2023-08-09 14:53:38] [world_the_end] The Player <Enderlava> has broke WHITE_WOOL at X= 98, Y= 43, Z= 10
[2023-08-09 14:55:15] [world] The Player <Enderlava> has broke SMOOTH_STONE_SLAB at X= 1363, Y= -4, Z= 978
[2023-08-09 14:55:19] [world] The Player <Enderlava> has broke GLASS at X= 1360, Y= -4, Z= 982
[2023-08-09 14:55:19] [world] The Player <Enderlava> has broke GLASS at X= 1359, Y= -4, Z= 982
[2023-08-09 14:55:20] [world] The Player <Enderlava> has broke GLASS at X= 1359, Y= -5, Z= 982
[2023-08-09 14:55:20] [world] The Player <Enderlava> has broke GLASS at X= 1360, Y= -4, Z= 981
[2023-08-09 14:55:21] [world] The Player <Enderlava> has broke GLASS at X= 1359, Y= -4, Z= 981
[2023-08-09 14:55:21] [world] The Player <Enderlava> has broke GLASS at X= 1359, Y= -5, Z= 981
[2023-08-09 14:55:22] [world] The Player <Enderlava> has broke DROPPER at X= 1360, Y= -5, Z= 980
[2023-08-09 14:55:22] [world] The Player <Enderlava> has broke GLASS at X= 1359, Y= -5, Z= 979
[2023-08-09 14:55:23] [world] The Player <Enderlava> has broke GLASS at X= 1358, Y= -5, Z= 980
[2023-08-09 14:55:23] [world] The Player <Enderlava> has broke OAK_TRAPDOOR at X= 1359, Y= -4, Z= 979
[2023-08-09 14:55:24] [world] The Player <Enderlava> has broke BIRCH_PRESSURE_PLATE at X= 1359, Y= -5, Z= 980
[2023-08-09 14:55:25] [world] The Player <Enderlava> has broke WHITE_WOOL at X= 1360, Y= -3, Z= 983
[2023-08-09 14:55:25] [world] The Player <Enderlava> has broke WHITE_WOOL at X= 1359, Y= -3, Z= 983
[2023-08-09 14:55:26] [world] The Player <Enderlava> has broke WHITE_WOOL at X= 1360, Y= -3, Z= 984
[2023-08-09 14:55:26] [world] The Player <Enderlava> has broke WHITE_WOOL at X= 1359, Y= -3, Z= 984
[2023-08-09 14:55:31] [world] The Player <Enderlava> has broke WHITE_WOOL at X= 1361, Y= -2, Z= 980
[2023-08-09 14:55:32] [world] The Player <Enderlava> has broke DISPENSER at X= 1361, Y= -2, Z= 981
[2023-08-09 14:55:33] [world] The Player <Enderlava> has broke JUNGLE_TRAPDOOR at X= 1362, Y= -2, Z= 980
[2023-08-09 14:55:35] [world] The Player <Enderlava> has broke END_STONE_BRICKS at X= 1363, Y= -2, Z= 980
[2023-08-09 14:55:36] [world] The Player <Enderlava> has broke OAK_PLANKS at X= 1361, Y= -3, Z= 982
[2023-08-09 14:56:49] [world] The Player <Enderlava> has broke SNOW_BLOCK at X= 1360, Y= -5, Z= 979
[2023-08-09 14:57:16] [world] The Player <Enderlava> has broke ANVIL at X= 1359, Y= -5, Z= 981
[2023-08-09 14:58:35] [world] The Player <Enderlava> has broke SMOOTH_STONE_SLAB at X= 1365, Y= -4, Z= 981
[2023-08-09 14:59:50] [world] The Player <Enderlava> has broke SMOOTH_STONE_SLAB at X= 1365, Y= -3, Z= 982
[2023-08-09 14:59:51] [world] The Player <Enderlava> has broke SMOOTH_STONE_SLAB at X= 1365, Y= -4, Z= 982
[2023-08-09 14:59:53] [world] The Player <Enderlava> has broke SMOOTH_STONE_SLAB at X= 1365, Y= -3, Z= 982
[2023-08-09 15:00:21] [world] The Player <Enderlava> has broke OAK_TRAPDOOR at X= 1366, Y= -3, Z= 981
[2023-08-09 15:02:35] [world] The Player <Enderlava> has broke SMOOTH_STONE_SLAB at X= 1364, Y= -3, Z= 984
[2023-08-09 15:07:45] [world] The Player <Enderlava> has broke OAK_TRAPDOOR at X= 1365, Y= -1, Z= 981
[2023-08-09 15:07:46] [world] The Player <Enderlava> has broke OAK_TRAPDOOR at X= 1365, Y= -2, Z= 981
[2023-08-09 15:07:47] [world] The Player <Enderlava> has broke OAK_TRAPDOOR at X= 1364, Y= -1, Z= 982
[2023-08-09 15:07:49] [world] The Player <Enderlava> has broke OAK_TRAPDOOR at X= 1364, Y= -2, Z= 982
