[2023-07-17 09:08:25] [world] The Player <Enderlava> has broke OBSERVER at X= 1068, Y= 208, Z= -203
[2023-07-17 09:08:25] [world] The Player <Enderlava> has broke OBSERVER at X= 1068, Y= 208, Z= -204
[2023-07-17 09:08:27] [world] The Player <Enderlava> has broke REDSTONE_WIRE at X= 1068, Y= 208, Z= -205
[2023-07-17 09:08:28] [world] The Player <Enderlava> has broke REDSTONE_WIRE at X= 1067, Y= 208, Z= -205
[2023-07-17 09:09:19] [world] The Player <Enderlava> has broke SMOOTH_STONE at X= 1068, Y= 208, Z= -200
[2023-07-17 09:09:20] [world] The Player <Enderlava> has broke SMOOTH_STONE at X= 1067, Y= 208, Z= -200
[2023-07-17 09:09:21] [world] The Player <Enderlava> has broke SMOOTH_STONE at X= 1068, Y= 208, Z= -201
[2023-07-17 09:09:21] [world] The Player <Enderlava> has broke SMOOTH_STONE at X= 1068, Y= 208, Z= -202
[2023-07-17 09:09:23] [world] The Player <Enderlava> has broke SMOOTH_STONE_SLAB at X= 1069, Y= 207, Z= -202
[2023-07-17 09:09:23] [world] The Player <Enderlava> has broke SMOOTH_STONE_SLAB at X= 1069, Y= 207, Z= -201
[2023-07-17 09:09:24] [world] The Player <Enderlava> has broke SMOOTH_STONE_SLAB at X= 1069, Y= 207, Z= -200
[2023-07-17 09:09:37] [world] The Player <Enderlava> has broke SMOOTH_STONE at X= 1068, Y= 207, Z= -204
[2023-07-17 09:09:38] [world] The Player <Enderlava> has broke SMOOTH_STONE at X= 1068, Y= 207, Z= -205
[2023-07-17 09:09:38] [world] The Player <Enderlava> has broke SMOOTH_STONE at X= 1067, Y= 207, Z= -205
[2023-07-17 09:09:39] [world] The Player <Enderlava> has broke SMOOTH_STONE_SLAB at X= 1067, Y= 207, Z= -204
[2023-07-17 09:09:39] [world] The Player <Enderlava> has broke SMOOTH_STONE_SLAB at X= 1068, Y= 207, Z= -203
[2023-07-17 09:09:40] [world] The Player <Enderlava> has broke SMOOTH_STONE_SLAB at X= 1067, Y= 207, Z= -203
[2023-07-17 09:09:45] [world] The Player <Enderlava> has broke SMOOTH_STONE_SLAB at X= 1066, Y= 207, Z= -204
[2023-07-17 09:09:45] [world] The Player <Enderlava> has broke SMOOTH_STONE_SLAB at X= 1066, Y= 207, Z= -203
[2023-07-17 09:09:46] [world] The Player <Enderlava> has broke SMOOTH_STONE_SLAB at X= 1067, Y= 208, Z= -203
[2023-07-17 09:09:47] [world] The Player <Enderlava> has broke SMOOTH_STONE_SLAB at X= 1067, Y= 208, Z= -204
[2023-07-17 09:09:54] [world] The Player <Enderlava> has broke SMOOTH_STONE_SLAB at X= 1066, Y= 208, Z= -204
[2023-07-17 09:09:55] [world] The Player <Enderlava> has broke SMOOTH_STONE_SLAB at X= 1066, Y= 208, Z= -203
[2023-07-17 09:10:12] [world] The Player <Enderlava> has broke REPEATER at X= 1067, Y= 209, Z= -203
[2023-07-17 09:11:07] [world] The Player <Enderlava> has broke SMOOTH_STONE at X= 1073, Y= 205, Z= -193
[2023-07-17 09:11:07] [world] The Player <Enderlava> has broke SMOOTH_STONE at X= 1073, Y= 205, Z= -192
[2023-07-17 09:11:08] [world] The Player <Enderlava> has broke SMOOTH_STONE at X= 1073, Y= 205, Z= -191
[2023-07-17 09:11:08] [world] The Player <Enderlava> has broke SMOOTH_STONE at X= 1074, Y= 205, Z= -193
[2023-07-17 09:11:09] [world] The Player <Enderlava> has broke SMOOTH_STONE at X= 1075, Y= 205, Z= -193
[2023-07-17 09:11:09] [world] The Player <Enderlava> has broke SMOOTH_STONE at X= 1076, Y= 205, Z= -193
[2023-07-17 09:11:09] [world] The Player <Enderlava> has broke SMOOTH_STONE at X= 1077, Y= 205, Z= -193
[2023-07-17 09:11:09] [world] The Player <Enderlava> has broke SMOOTH_STONE at X= 1078, Y= 205, Z= -193
[2023-07-17 09:11:09] [world] The Player <Enderlava> has broke SMOOTH_STONE at X= 1079, Y= 205, Z= -193
[2023-07-17 09:11:10] [world] The Player <Enderlava> has broke SMOOTH_STONE at X= 1080, Y= 205, Z= -193
[2023-07-17 09:11:25] [world] The Player <Enderlava> has broke SMOOTH_STONE at X= 1074, Y= 203, Z= -198
[2023-07-17 09:11:26] [world] The Player <Enderlava> has broke SMOOTH_STONE at X= 1075, Y= 203, Z= -198
[2023-07-17 09:11:26] [world] The Player <Enderlava> has broke SMOOTH_STONE at X= 1076, Y= 203, Z= -198
[2023-07-17 09:11:26] [world] The Player <Enderlava> has broke SMOOTH_STONE at X= 1077, Y= 203, Z= -198
[2023-07-17 09:11:27] [world] The Player <Enderlava> has broke SMOOTH_STONE at X= 1078, Y= 203, Z= -198
[2023-07-17 09:11:28] [world] The Player <Enderlava> has broke CHEST at X= 1077, Y= 203, Z= -196
[2023-07-17 09:11:29] [world] The Player <Enderlava> has broke CHEST at X= 1076, Y= 203, Z= -196
[2023-07-17 09:11:29] [world] The Player <Enderlava> has broke CHEST at X= 1075, Y= 203, Z= -196
[2023-07-17 09:11:30] [world] The Player <Enderlava> has broke CHEST at X= 1075, Y= 202, Z= -196
[2023-07-17 09:11:30] [world] The Player <Enderlava> has broke CHEST at X= 1076, Y= 202, Z= -196
[2023-07-17 09:11:31] [world] The Player <Enderlava> has broke CHEST at X= 1077, Y= 202, Z= -196
[2023-07-17 09:11:32] [world] The Player <Enderlava> has broke CHEST at X= 1078, Y= 202, Z= -196
[2023-07-17 09:11:32] [world] The Player <Enderlava> has broke CHEST at X= 1078, Y= 203, Z= -196
[2023-07-17 09:11:33] [world] The Player <Enderlava> has broke CHEST at X= 1079, Y= 203, Z= -196
[2023-07-17 09:11:33] [world] The Player <Enderlava> has broke CHEST at X= 1079, Y= 202, Z= -196
[2023-07-17 09:11:34] [world] The Player <Enderlava> has broke CHEST at X= 1080, Y= 203, Z= -196
[2023-07-17 09:11:35] [world] The Player <Enderlava> has broke CHEST at X= 1080, Y= 202, Z= -196
[2023-07-17 09:11:35] [world] The Player <Enderlava> has broke CHEST at X= 1081, Y= 203, Z= -197
[2023-07-17 09:11:36] [world] The Player <Enderlava> has broke CHEST at X= 1081, Y= 202, Z= -197
[2023-07-17 09:11:36] [world] The Player <Enderlava> has broke CHEST at X= 1081, Y= 203, Z= -196
[2023-07-17 09:11:37] [world] The Player <Enderlava> has broke CHEST at X= 1081, Y= 202, Z= -196
[2023-07-17 09:11:47] [world] The Player <Enderlava> has broke WHITE_WOOL at X= 1074, Y= 201, Z= -197
[2023-07-17 09:11:48] [world] The Player <Enderlava> has broke WHITE_WOOL at X= 1075, Y= 201, Z= -197
[2023-07-17 09:11:48] [world] The Player <Enderlava> has broke WHITE_WOOL at X= 1074, Y= 201, Z= -196
[2023-07-17 09:11:49] [world] The Player <Enderlava> has broke WHITE_WOOL at X= 1074, Y= 201, Z= -195
[2023-07-17 09:11:49] [world] The Player <Enderlava> has broke WHITE_WOOL at X= 1076, Y= 201, Z= -197
[2023-07-17 09:11:49] [world] The Player <Enderlava> has broke WHITE_WOOL at X= 1077, Y= 201, Z= -197
[2023-07-17 09:11:50] [world] The Player <Enderlava> has broke WHITE_WOOL at X= 1078, Y= 201, Z= -197
[2023-07-17 09:11:51] [world] The Player <Enderlava> has broke WHITE_WOOL at X= 1079, Y= 201, Z= -197
[2023-07-17 09:11:51] [world] The Player <Enderlava> has broke WHITE_WOOL at X= 1080, Y= 201, Z= -197
[2023-07-17 09:12:28] [world] The Player <Enderlava> has broke WHITE_WOOL at X= 1080, Y= 201, Z= -198
[2023-07-17 09:12:29] [world] The Player <Enderlava> has broke WHITE_WOOL at X= 1080, Y= 201, Z= -199
[2023-07-17 09:12:29] [world] The Player <Enderlava> has broke WHITE_WOOL at X= 1081, Y= 201, Z= -199
[2023-07-17 09:12:35] [world] The Player <Enderlava> has broke OBSERVER at X= 1081, Y= 203, Z= -198
[2023-07-17 09:12:39] [world] The Player <Enderlava> has broke OBSERVER at X= 1081, Y= 203, Z= -198
[2023-07-17 09:12:43] [world] The Player <Enderlava> has broke OBSERVER at X= 1080, Y= 203, Z= -198
[2023-07-17 09:12:50] [world] The Player <Enderlava> has broke HOPPER at X= 1075, Y= 203, Z= -195
[2023-07-17 09:12:52] [world] The Player <Enderlava> has broke HOPPER at X= 1076, Y= 203, Z= -195
[2023-07-17 09:12:53] [world] The Player <Enderlava> has broke HOPPER at X= 1077, Y= 203, Z= -195
[2023-07-17 09:12:56] [world] The Player <Enderlava> has broke HOPPER at X= 1078, Y= 203, Z= -195
[2023-07-17 09:12:57] [world] The Player <Enderlava> has broke HOPPER at X= 1079, Y= 203, Z= -195
[2023-07-17 09:12:58] [world] The Player <Enderlava> has broke HOPPER at X= 1080, Y= 203, Z= -195
[2023-07-17 09:12:59] [world] The Player <Enderlava> has broke HOPPER at X= 1081, Y= 203, Z= -195
[2023-07-17 09:13:01] [world] The Player <Enderlava> has broke HOPPER at X= 1082, Y= 203, Z= -197
[2023-07-17 09:13:02] [world] The Player <Enderlava> has broke HOPPER at X= 1082, Y= 203, Z= -196
[2023-07-17 09:13:20] [world] The Player <Enderlava> has broke JUNGLE_PLANKS at X= 1074, Y= 203, Z= -198
[2023-07-17 09:13:24] [world] The Player <Enderlava> has broke JUNGLE_PLANKS at X= 1074, Y= 202, Z= -195
[2023-07-17 09:13:24] [world] The Player <Enderlava> has broke JUNGLE_PLANKS at X= 1073, Y= 202, Z= -195
[2023-07-17 09:13:26] [world] The Player <Enderlava> has broke SMOOTH_STONE at X= 1075, Y= 203, Z= -194
[2023-07-17 09:16:44] [world] The Player <Enderlava> has broke SMOOTH_STONE at X= 1075, Y= 203, Z= -193
[2023-07-17 09:16:45] [world] The Player <Enderlava> has broke SMOOTH_STONE at X= 1076, Y= 203, Z= -193
[2023-07-17 09:16:45] [world] The Player <Enderlava> has broke SMOOTH_STONE at X= 1077, Y= 203, Z= -193
[2023-07-17 09:16:45] [world] The Player <Enderlava> has broke SMOOTH_STONE at X= 1078, Y= 203, Z= -193
[2023-07-17 09:16:46] [world] The Player <Enderlava> has broke SMOOTH_STONE at X= 1079, Y= 203, Z= -193
[2023-07-17 09:16:46] [world] The Player <Enderlava> has broke SMOOTH_STONE at X= 1080, Y= 203, Z= -193
[2023-07-17 09:17:03] [world] The Player <Enderlava> has broke WHITE_WOOL at X= 1081, Y= 203, Z= -192
[2023-07-17 09:17:04] [world] The Player <Enderlava> has broke WHITE_WOOL at X= 1080, Y= 203, Z= -192
[2023-07-17 09:17:04] [world] The Player <Enderlava> has broke WHITE_WOOL at X= 1080, Y= 202, Z= -192
[2023-07-17 09:17:05] [world] The Player <Enderlava> has broke WHITE_WOOL at X= 1079, Y= 202, Z= -192
[2023-07-17 09:17:05] [world] The Player <Enderlava> has broke WHITE_WOOL at X= 1079, Y= 201, Z= -192
[2023-07-17 09:17:06] [world] The Player <Enderlava> has broke WHITE_WOOL at X= 1078, Y= 201, Z= -192
[2023-07-17 09:17:07] [world] The Player <Enderlava> has broke WHITE_WOOL at X= 1077, Y= 201, Z= -192
[2023-07-17 09:17:07] [world] The Player <Enderlava> has broke WHITE_WOOL at X= 1076, Y= 201, Z= -192
[2023-07-17 09:17:07] [world] The Player <Enderlava> has broke WHITE_WOOL at X= 1074, Y= 201, Z= -192
[2023-07-17 09:17:08] [world] The Player <Enderlava> has broke WHITE_WOOL at X= 1075, Y= 201, Z= -192
[2023-07-17 09:17:08] [world] The Player <Enderlava> has broke WHITE_WOOL at X= 1074, Y= 201, Z= -193
[2023-07-17 09:17:08] [world] The Player <Enderlava> has broke WHITE_WOOL at X= 1074, Y= 201, Z= -194
[2023-07-17 09:17:26] [world] The Player <Enderlava> has broke JUNGLE_PLANKS at X= 1075, Y= 202, Z= -195
[2023-07-17 09:17:35] [world] The Player <Enderlava> has broke HOPPER at X= 1075, Y= 203, Z= -195
[2023-07-17 09:17:59] [world] The Player <Enderlava> has broke SMOOTH_STONE at X= 1075, Y= 201, Z= -192
[2023-07-17 09:18:07] [world] The Player <Enderlava> has broke SMOOTH_STONE at X= 1075, Y= 200, Z= -194
[2023-07-17 09:18:08] [world] The Player <Enderlava> has broke SMOOTH_STONE at X= 1075, Y= 200, Z= -193
[2023-07-17 09:18:24] [world] The Player <Enderlava> has broke REPEATER at X= 1075, Y= 201, Z= -192
[2023-07-17 09:18:33] [world] The Player <Enderlava> has broke REDSTONE_WIRE at X= 1075, Y= 203, Z= -194
[2023-07-17 09:19:16] [world] The Player <Enderlava> has broke SMOOTH_STONE_SLAB at X= 1075, Y= 204, Z= -194
[2023-07-17 09:19:17] [world] The Player <Enderlava> has broke SMOOTH_STONE_SLAB at X= 1075, Y= 204, Z= -193
[2023-07-17 09:19:24] [world] The Player <Enderlava> has broke SMOOTH_STONE_SLAB at X= 1076, Y= 204, Z= -194
[2023-07-17 09:19:25] [world] The Player <Enderlava> has broke SMOOTH_STONE_SLAB at X= 1076, Y= 204, Z= -193
[2023-07-17 09:19:26] [world] The Player <Enderlava> has broke SMOOTH_STONE_SLAB at X= 1077, Y= 204, Z= -194
[2023-07-17 09:19:26] [world] The Player <Enderlava> has broke SMOOTH_STONE_SLAB at X= 1077, Y= 204, Z= -193
[2023-07-17 09:19:29] [world] The Player <Enderlava> has broke SMOOTH_STONE_SLAB at X= 1078, Y= 204, Z= -194
[2023-07-17 09:19:29] [world] The Player <Enderlava> has broke SMOOTH_STONE_SLAB at X= 1078, Y= 204, Z= -193
[2023-07-17 09:19:30] [world] The Player <Enderlava> has broke SMOOTH_STONE_SLAB at X= 1079, Y= 204, Z= -193
[2023-07-17 09:19:30] [world] The Player <Enderlava> has broke SMOOTH_STONE_SLAB at X= 1079, Y= 204, Z= -194
[2023-07-17 09:19:30] [world] The Player <Enderlava> has broke SMOOTH_STONE_SLAB at X= 1080, Y= 204, Z= -194
[2023-07-17 09:19:31] [world] The Player <Enderlava> has broke SMOOTH_STONE_SLAB at X= 1080, Y= 204, Z= -193
[2023-07-17 09:19:34] [world] The Player <Enderlava> has broke SMOOTH_STONE_SLAB at X= 1081, Y= 204, Z= -194
[2023-07-17 09:19:35] [world] The Player <Enderlava> has broke SMOOTH_STONE_SLAB at X= 1081, Y= 204, Z= -193
[2023-07-17 09:20:11] [world] The Player <Enderlava> has broke SMOOTH_STONE at X= 1076, Y= 203, Z= -191
[2023-07-17 09:20:11] [world] The Player <Enderlava> has broke SMOOTH_STONE at X= 1075, Y= 203, Z= -191
[2023-07-17 09:20:12] [world] The Player <Enderlava> has broke SMOOTH_STONE at X= 1074, Y= 203, Z= -191
[2023-07-17 09:20:13] [world] The Player <Enderlava> has broke SMOOTH_STONE at X= 1075, Y= 204, Z= -191
[2023-07-17 09:20:13] [world] The Player <Enderlava> has broke SMOOTH_STONE at X= 1074, Y= 204, Z= -191
[2023-07-17 09:20:15] [world] The Player <Enderlava> has broke SMOOTH_STONE at X= 1076, Y= 204, Z= -191
[2023-07-17 09:20:15] [world] The Player <Enderlava> has broke SMOOTH_STONE at X= 1077, Y= 204, Z= -191
[2023-07-17 09:20:15] [world] The Player <Enderlava> has broke SMOOTH_STONE at X= 1077, Y= 203, Z= -191
[2023-07-17 09:20:16] [world] The Player <Enderlava> has broke SMOOTH_STONE at X= 1078, Y= 204, Z= -191
[2023-07-17 09:20:16] [world] The Player <Enderlava> has broke SMOOTH_STONE at X= 1078, Y= 203, Z= -191
[2023-07-17 09:20:16] [world] The Player <Enderlava> has broke SMOOTH_STONE at X= 1079, Y= 204, Z= -191
[2023-07-17 09:20:17] [world] The Player <Enderlava> has broke SMOOTH_STONE at X= 1079, Y= 203, Z= -191
[2023-07-17 09:20:17] [world] The Player <Enderlava> has broke SMOOTH_STONE at X= 1080, Y= 204, Z= -191
[2023-07-17 09:23:12] [world] The Player <Funget114514> has broke WHITE_WOOL at X= -16, Y= 66, Z= -306
[2023-07-17 11:12:10] [world] The Player <Funget114514> has broke BLACK_SHULKER_BOX at X= -28, Y= 63, Z= -288
[2023-07-17 11:13:09] [world] The Player <Funget114514> has broke BLACK_SHULKER_BOX at X= -28, Y= 63, Z= -288
[2023-07-17 11:15:38] [world] The Player <Funget114514> has broke COBBLESTONE at X= -28, Y= 62, Z= -288
[2023-07-17 11:21:29] [world] The Player <Funget114514> has broke BLUE_SHULKER_BOX at X= -28, Y= 63, Z= -287
[2023-07-17 11:24:32] [world] The Player <Funget114514> has broke BLUE_SHULKER_BOX at X= -28, Y= 62, Z= -288
[2023-07-17 11:26:21] [world] The Player <Funget114514> has broke RED_SHULKER_BOX at X= -28, Y= 63, Z= -287
[2023-07-17 11:27:26] [world] The Player <Funget114514> has broke FIRE at X= -22, Y= 63, Z= -287
[2023-07-17 11:35:17] [world] The Player <Funget114514> has broke YELLOW_SHULKER_BOX at X= -28, Y= 63, Z= -287
[2023-07-17 11:35:39] [world] The Player <Funget114514> has broke BLACK_SHULKER_BOX at X= -28, Y= 63, Z= -287
[2023-07-17 11:44:02] [world] The Player <Funget114514> has broke COBBLESTONE at X= -977, Y= 68, Z= -1016
[2023-07-17 11:44:04] [world] The Player <Funget114514> has broke COBBLESTONE at X= -977, Y= 67, Z= -1016
[2023-07-17 11:44:04] [world] The Player <Funget114514> has broke COBBLESTONE at X= -977, Y= 66, Z= -1016
[2023-07-17 11:44:05] [world] The Player <Funget114514> has broke SMOOTH_STONE at X= -976, Y= 67, Z= -1016
[2023-07-17 11:44:31] [world] The Player <Funget114514> has broke GLASS at X= -968, Y= 67, Z= -1007
[2023-07-17 11:44:57] [world] The Player <Funget114514> has broke SCAFFOLDING at X= -972, Y= 64, Z= -1012
[2023-07-17 11:45:08] [world] The Player <Funget114514> has broke SCAFFOLDING at X= -973, Y= 67, Z= -1015
[2023-07-17 11:56:53] [world] The Player <Enderlava> has broke GRASS at X= -54, Y= 69, Z= -159
[2023-07-17 11:56:54] [world] The Player <Enderlava> has broke GRASS at X= -54, Y= 68, Z= -158
[2023-07-17 12:01:48] [world] The Player <Enderlava> has broke KELP at X= -39, Y= 62, Z= -90
[2023-07-17 12:01:51] [world] The Player <Enderlava> has broke KELP at X= -36, Y= 62, Z= -87
[2023-07-17 12:03:54] [world] The Player <Funget114514> has broke COBBLESTONE at X= -977, Y= 65, Z= -1016
[2023-07-17 12:03:55] [world] The Player <Funget114514> has broke COBBLESTONE at X= -977, Y= 64, Z= -1016
[2023-07-17 12:03:56] [world] The Player <Funget114514> has broke STONE at X= -976, Y= 65, Z= -1016
[2023-07-17 12:03:56] [world] The Player <Funget114514> has broke STONE at X= -976, Y= 64, Z= -1016
[2023-07-17 12:03:57] [world] The Player <Funget114514> has broke STONE at X= -975, Y= 65, Z= -1016
[2023-07-17 12:03:57] [world] The Player <Funget114514> has broke STONE at X= -975, Y= 64, Z= -1016
[2023-07-17 12:03:58] [world] The Player <Funget114514> has broke STONE at X= -974, Y= 65, Z= -1016
