[2023-07-06 17:12:09] [world_the_end] The Player <wqe123420> has placed COBBLESTONE at X= -17, Y= 0, Z= -274
[2023-07-06 17:20:10] [world] The Player <wqe123420> has placed NETHERRACK at X= -72, Y= 67, Z= -160
[2023-07-06 17:20:10] [world] The Player <wqe123420> has placed NETHERRACK at X= -73, Y= 67, Z= -160
[2023-07-06 17:20:11] [world] The Player <wqe123420> has placed NETHERRACK at X= -73, Y= 68, Z= -163
[2023-07-06 17:20:11] [world] The Player <wqe123420> has placed NETHERRACK at X= -73, Y= 68, Z= -164
[2023-07-06 17:20:13] [world] The Player <wqe123420> has placed NETHERRACK at X= -73, Y= 68, Z= -165
[2023-07-06 17:20:14] [world] The Player <wqe123420> has placed NETHERRACK at X= -74, Y= 68, Z= -165
[2023-07-06 17:20:14] [world] The Player <wqe123420> has placed NETHERRACK at X= -75, Y= 68, Z= -166
[2023-07-06 17:20:14] [world] The Player <wqe123420> has placed NETHERRACK at X= -76, Y= 68, Z= -166
[2023-07-06 17:20:14] [world] The Player <wqe123420> has placed NETHERRACK at X= -76, Y= 68, Z= -167
[2023-07-06 17:20:15] [world] The Player <wqe123420> has placed NETHERRACK at X= -75, Y= 68, Z= -167
[2023-07-06 17:20:15] [world] The Player <wqe123420> has placed NETHERRACK at X= -75, Y= 68, Z= -169
[2023-07-06 17:20:15] [world] The Player <wqe123420> has placed NETHERRACK at X= -75, Y= 68, Z= -170
[2023-07-06 17:20:15] [world] The Player <wqe123420> has placed NETHERRACK at X= -75, Y= 69, Z= -170
[2023-07-06 17:20:15] [world] The Player <wqe123420> has placed NETHERRACK at X= -75, Y= 68, Z= -171
[2023-07-06 17:20:16] [world] The Player <wqe123420> has placed NETHERRACK at X= -75, Y= 69, Z= -171
[2023-07-06 17:20:16] [world] The Player <wqe123420> has placed NETHERRACK at X= -75, Y= 69, Z= -173
[2023-07-06 17:20:16] [world] The Player <wqe123420> has placed NETHERRACK at X= -75, Y= 70, Z= -173
[2023-07-06 17:20:16] [world] The Player <wqe123420> has placed NETHERRACK at X= -75, Y= 71, Z= -173
[2023-07-06 17:20:16] [world] The Player <wqe123420> has placed NETHERRACK at X= -75, Y= 70, Z= -174
[2023-07-06 17:20:16] [world] The Player <wqe123420> has placed NETHERRACK at X= -75, Y= 71, Z= -174
[2023-07-06 17:20:17] [world] The Player <wqe123420> has placed NETHERRACK at X= -75, Y= 69, Z= -175
[2023-07-06 17:20:17] [world] The Player <wqe123420> has placed NETHERRACK at X= -75, Y= 69, Z= -176
[2023-07-06 17:20:17] [world] The Player <wqe123420> has placed NETHERRACK at X= -75, Y= 70, Z= -176
[2023-07-06 17:20:17] [world] The Player <wqe123420> has placed NETHERRACK at X= -75, Y= 70, Z= -177
[2023-07-06 17:20:17] [world] The Player <wqe123420> has placed NETHERRACK at X= -75, Y= 71, Z= -177
[2023-07-06 17:20:17] [world] The Player <wqe123420> has placed NETHERRACK at X= -75, Y= 70, Z= -178
[2023-07-06 17:20:18] [world] The Player <wqe123420> has placed NETHERRACK at X= -75, Y= 69, Z= -178
[2023-07-06 17:20:38] [world] The Player <wqe123420> has placed NETHERRACK at X= -75, Y= 69, Z= -182
[2023-07-06 17:20:39] [world] The Player <wqe123420> has placed NETHERRACK at X= -75, Y= 70, Z= -182
[2023-07-06 17:20:40] [world] The Player <wqe123420> has placed NETHERRACK at X= -75, Y= 71, Z= -182
[2023-07-06 17:29:35] [world] The Player <wqe123420> has placed LIGHT_GRAY_SHULKER_BOX at X= -26, Y= 63, Z= -287
[2023-07-06 17:30:09] [world] The Player <wqe123420> has placed DIRT_PATH at X= -20, Y= 62, Z= -294
[2023-07-06 17:30:10] [world] The Player <wqe123420> has placed DIRT_PATH at X= -20, Y= 62, Z= -296
[2023-07-06 17:30:10] [world] The Player <wqe123420> has placed DIRT_PATH at X= -20, Y= 62, Z= -297
[2023-07-06 17:30:11] [world] The Player <wqe123420> has placed FARMLAND at X= -19, Y= 62, Z= -295
[2023-07-06 17:30:12] [world] The Player <wqe123420> has placed FARMLAND at X= -18, Y= 62, Z= -295
[2023-07-06 17:31:08] [world] The Player <Enderlava> has placed PUMPKIN at X= -17, Y= 64, Z= -306
[2023-07-06 17:31:08] [world] The Player <Enderlava> has placed PUMPKIN at X= -17, Y= 65, Z= -306
[2023-07-06 17:31:48] [world] The Player <Enderlava> has placed SHULKER_BOX at X= -29, Y= 63, Z= -280
[2023-07-06 17:31:59] [world] The Player <wqe123420> has placed TNT at X= -201, Y= 86, Z= -212
[2023-07-06 17:32:15] [world] The Player <wqe123420> has placed PINK_BED at X= -201, Y= 87, Z= -213
[2023-07-06 17:32:19] [world] The Player <Enderlava> has placed SHULKER_BOX at X= -25, Y= 63, Z= -287
[2023-07-06 17:32:40] [world] The Player <wqe123420> has placed PINK_BED at X= -200, Y= 87, Z= -213
[2023-07-06 17:41:45] [world] The Player <Funget114514> has placed SHULKER_BOX at X= -28, Y= 63, Z= -288
[2023-07-06 17:45:21] [world] The Player <Funget114514> has placed SHULKER_BOX at X= -28, Y= 63, Z= -288
[2023-07-06 17:45:26] [world] The Player <wqe123420> has placed NETHERRACK at X= 30, Y= 63, Z= -331
[2023-07-06 17:45:31] [world] The Player <wqe123420> has placed NETHERRACK at X= 35, Y= 63, Z= -331
[2023-07-06 17:45:32] [world] The Player <wqe123420> has placed NETHERRACK at X= 35, Y= 62, Z= -332
[2023-07-06 17:45:35] [world] The Player <wqe123420> has placed NETHERRACK at X= 39, Y= 63, Z= -332
[2023-07-06 17:45:36] [world] The Player <wqe123420> has placed NETHERRACK at X= 40, Y= 62, Z= -332
[2023-07-06 17:45:39] [world] The Player <wqe123420> has placed NETHERRACK at X= 40, Y= 62, Z= -334
[2023-07-06 17:45:40] [world] The Player <wqe123420> has placed NETHERRACK at X= 40, Y= 63, Z= -334
[2023-07-06 17:45:44] [world] The Player <wqe123420> has placed NETHERRACK at X= 39, Y= 63, Z= -336
[2023-07-06 17:45:45] [world] The Player <wqe123420> has placed NETHERRACK at X= 40, Y= 62, Z= -337
[2023-07-06 17:45:45] [world] The Player <wqe123420> has placed NETHERRACK at X= 40, Y= 63, Z= -337
[2023-07-06 17:45:52] [world] The Player <wqe123420> has placed NETHERRACK at X= 39, Y= 63, Z= -339
[2023-07-06 17:45:52] [world] The Player <wqe123420> has placed NETHERRACK at X= 40, Y= 63, Z= -339
[2023-07-06 17:45:52] [world] The Player <wqe123420> has placed NETHERRACK at X= 40, Y= 64, Z= -339
[2023-07-06 17:45:53] [world] The Player <wqe123420> has placed NETHERRACK at X= 41, Y= 63, Z= -339
[2023-07-06 17:45:54] [world] The Player <wqe123420> has placed NETHERRACK at X= 42, Y= 63, Z= -339
[2023-07-06 17:45:54] [world] The Player <wqe123420> has placed NETHERRACK at X= 43, Y= 63, Z= -339
[2023-07-06 18:16:22] [world] The Player <wqe123420> has placed LIGHT_GRAY_SHULKER_BOX at X= -26, Y= 63, Z= -287
[2023-07-06 18:21:41] [world] The Player <wqe123420> has placed PURPLE_STAINED_GLASS at X= 11, Y= 62, Z= -266
[2023-07-06 18:25:02] [world] The Player <wqe123420> has placed COBBLED_DEEPSLATE at X= -833, Y= 37, Z= -749
[2023-07-06 18:25:08] [world] The Player <wqe123420> has placed COBBLED_DEEPSLATE at X= -833, Y= 38, Z= -749
[2023-07-06 18:25:08] [world] The Player <wqe123420> has placed COBBLED_DEEPSLATE at X= -833, Y= 39, Z= -749
[2023-07-06 18:25:08] [world] The Player <wqe123420> has placed COBBLED_DEEPSLATE at X= -833, Y= 40, Z= -749
[2023-07-06 18:25:09] [world] The Player <wqe123420> has placed COBBLED_DEEPSLATE at X= -833, Y= 41, Z= -749
[2023-07-06 18:25:09] [world] The Player <wqe123420> has placed COBBLED_DEEPSLATE at X= -833, Y= 42, Z= -749
[2023-07-06 18:25:09] [world] The Player <wqe123420> has placed COBBLED_DEEPSLATE at X= -833, Y= 43, Z= -749
[2023-07-06 18:25:12] [world] The Player <wqe123420> has placed COBBLED_DEEPSLATE at X= -834, Y= 43, Z= -749
[2023-07-06 18:25:13] [world] The Player <wqe123420> has placed COBBLED_DEEPSLATE at X= -835, Y= 43, Z= -749
[2023-07-06 18:25:14] [world] The Player <wqe123420> has placed COBBLED_DEEPSLATE at X= -836, Y= 43, Z= -749
[2023-07-06 18:25:15] [world] The Player <wqe123420> has placed COBBLED_DEEPSLATE at X= -837, Y= 43, Z= -749
[2023-07-06 18:25:16] [world] The Player <wqe123420> has placed COBBLED_DEEPSLATE at X= -838, Y= 43, Z= -749
[2023-07-06 18:25:17] [world] The Player <wqe123420> has placed COBBLED_DEEPSLATE at X= -839, Y= 43, Z= -749
[2023-07-06 18:25:18] [world] The Player <wqe123420> has placed COBBLED_DEEPSLATE at X= -840, Y= 43, Z= -749
[2023-07-06 18:25:19] [world] The Player <wqe123420> has placed COBBLED_DEEPSLATE at X= -841, Y= 43, Z= -749
[2023-07-06 18:25:21] [world] The Player <wqe123420> has placed COBBLED_DEEPSLATE at X= -842, Y= 43, Z= -749
[2023-07-06 18:25:22] [world] The Player <wqe123420> has placed COBBLED_DEEPSLATE at X= -843, Y= 43, Z= -749
[2023-07-06 18:25:22] [world] The Player <wqe123420> has placed COBBLED_DEEPSLATE at X= -843, Y= 43, Z= -750
[2023-07-06 18:25:33] [world] The Player <wqe123420> has placed COBBLESTONE at X= -843, Y= 44, Z= -750
[2023-07-06 18:25:33] [world] The Player <wqe123420> has placed COBBLESTONE at X= -843, Y= 45, Z= -750
[2023-07-06 18:25:33] [world] The Player <wqe123420> has placed COBBLESTONE at X= -843, Y= 46, Z= -750
[2023-07-06 18:25:33] [world] The Player <wqe123420> has placed COBBLESTONE at X= -843, Y= 47, Z= -750
[2023-07-06 18:25:33] [world] The Player <wqe123420> has placed COBBLESTONE at X= -843, Y= 48, Z= -750
[2023-07-06 18:25:33] [world] The Player <wqe123420> has placed COBBLESTONE at X= -843, Y= 49, Z= -750
[2023-07-06 18:25:39] [world] The Player <Enderlava> has placed COBBLESTONE at X= -224, Y= 47, Z= -311
[2023-07-06 18:25:39] [world] The Player <Enderlava> has placed COBBLESTONE at X= -224, Y= 48, Z= -311
[2023-07-06 18:25:39] [world] The Player <Enderlava> has placed COBBLESTONE at X= -224, Y= 49, Z= -311
[2023-07-06 18:25:40] [world] The Player <Enderlava> has placed COBBLESTONE at X= -224, Y= 50, Z= -311
[2023-07-06 18:25:40] [world] The Player <Enderlava> has placed COBBLESTONE at X= -224, Y= 51, Z= -311
[2023-07-06 18:25:41] [world] The Player <Enderlava> has placed COBBLESTONE at X= -224, Y= 52, Z= -311
[2023-07-06 18:25:41] [world] The Player <Enderlava> has placed COBBLESTONE at X= -224, Y= 53, Z= -311
[2023-07-06 18:25:41] [world] The Player <Enderlava> has placed COBBLESTONE at X= -224, Y= 54, Z= -311
[2023-07-06 18:25:41] [world] The Player <Enderlava> has placed COBBLESTONE at X= -224, Y= 55, Z= -311
[2023-07-06 18:25:42] [world] The Player <Enderlava> has placed COBBLESTONE at X= -224, Y= 56, Z= -311
[2023-07-06 18:25:42] [world] The Player <Enderlava> has placed COBBLESTONE at X= -224, Y= 57, Z= -311
[2023-07-06 18:25:42] [world] The Player <Enderlava> has placed COBBLESTONE at X= -224, Y= 58, Z= -311
[2023-07-06 18:25:43] [world] The Player <Enderlava> has placed COBBLESTONE at X= -224, Y= 59, Z= -311
[2023-07-06 18:25:43] [world] The Player <Enderlava> has placed COBBLESTONE at X= -224, Y= 60, Z= -311
[2023-07-06 18:25:43] [world] The Player <Enderlava> has placed COBBLESTONE at X= -224, Y= 61, Z= -311
[2023-07-06 18:25:48] [world] The Player <Enderlava> has placed COBBLESTONE at X= -224, Y= 62, Z= -311
[2023-07-06 18:28:19] [world] The Player <Funget114514> has placed END_ROD at X= 4, Y= 114, Z= 15
[2023-07-06 18:31:35] [world] The Player <Enderlava> has placed REDSTONE_WIRE at X= -20, Y= 79, Z= -213
[2023-07-06 18:32:30] [world] The Player <Enderlava> has placed FIRE at X= -30, Y= 77, Z= -214
[2023-07-06 18:32:46] [world] The Player <Enderlava> has placed REDSTONE_WIRE at X= -20, Y= 79, Z= -213
[2023-07-06 18:32:57] [world] The Player <Funget114514> has placed GLASS at X= -24, Y= 64, Z= -280
[2023-07-06 18:32:58] [world] The Player <Funget114514> has placed GLASS at X= -23, Y= 64, Z= -280
[2023-07-06 18:33:06] [world] The Player <Enderlava> has placed OBSIDIAN at X= -30, Y= 80, Z= -214
[2023-07-06 18:34:41] [world] The Player <Funget114514> has placed SHULKER_BOX at X= 1, Y= 64, Z= -278
[2023-07-06 18:34:52] [world] The Player <Funget114514> has placed SHULKER_BOX at X= 1, Y= 63, Z= -279
[2023-07-06 18:42:38] [world] The Player <wqe123420> has placed COBBLESTONE at X= -843, Y= 50, Z= -750
[2023-07-06 18:42:39] [world] The Player <wqe123420> has placed COBBLESTONE at X= -843, Y= 51, Z= -750
[2023-07-06 18:42:39] [world] The Player <wqe123420> has placed COBBLESTONE at X= -843, Y= 52, Z= -750
[2023-07-06 18:42:39] [world] The Player <wqe123420> has placed COBBLESTONE at X= -843, Y= 53, Z= -750
[2023-07-06 18:42:39] [world] The Player <wqe123420> has placed COBBLESTONE at X= -843, Y= 54, Z= -750
[2023-07-06 18:42:39] [world] The Player <wqe123420> has placed COBBLESTONE at X= -843, Y= 55, Z= -750
[2023-07-06 18:47:46] [world] The Player <wqe123420> has placed COBBLESTONE at X= -842, Y= 44, Z= -749
[2023-07-06 18:47:47] [world] The Player <wqe123420> has placed COBBLESTONE at X= -842, Y= 45, Z= -749
[2023-07-06 18:47:47] [world] The Player <wqe123420> has placed COBBLESTONE at X= -842, Y= 46, Z= -749
[2023-07-06 18:47:47] [world] The Player <wqe123420> has placed COBBLESTONE at X= -841, Y= 45, Z= -749
[2023-07-06 18:47:47] [world] The Player <wqe123420> has placed COBBLESTONE at X= -841, Y= 46, Z= -749
[2023-07-06 18:47:47] [world] The Player <wqe123420> has placed COBBLESTONE at X= -841, Y= 47, Z= -749
[2023-07-06 18:47:48] [world] The Player <wqe123420> has placed COBBLESTONE at X= -841, Y= 48, Z= -749
[2023-07-06 18:47:48] [world] The Player <wqe123420> has placed COBBLESTONE at X= -841, Y= 49, Z= -749
[2023-07-06 18:47:48] [world] The Player <wqe123420> has placed COBBLESTONE at X= -841, Y= 50, Z= -749
[2023-07-06 18:47:49] [world] The Player <wqe123420> has placed COBBLESTONE at X= -841, Y= 51, Z= -749
[2023-07-06 18:47:49] [world] The Player <wqe123420> has placed COBBLESTONE at X= -841, Y= 52, Z= -749
[2023-07-06 18:47:49] [world] The Player <wqe123420> has placed COBBLESTONE at X= -841, Y= 53, Z= -749
[2023-07-06 18:47:50] [world] The Player <wqe123420> has placed COBBLESTONE at X= -841, Y= 54, Z= -749
[2023-07-06 18:47:50] [world] The Player <wqe123420> has placed COBBLESTONE at X= -841, Y= 55, Z= -749
[2023-07-06 18:51:49] [world] The Player <wqe123420> has placed COBBLESTONE at X= -839, Y= 44, Z= -749
[2023-07-06 18:51:49] [world] The Player <wqe123420> has placed COBBLESTONE at X= -839, Y= 45, Z= -749
[2023-07-06 18:51:50] [world] The Player <wqe123420> has placed COBBLESTONE at X= -840, Y= 44, Z= -749
[2023-07-06 18:51:50] [world] The Player <wqe123420> has placed COBBLESTONE at X= -840, Y= 45, Z= -749
[2023-07-06 18:51:50] [world] The Player <wqe123420> has placed COBBLESTONE at X= -840, Y= 46, Z= -749
[2023-07-06 18:51:50] [world] The Player <wqe123420> has placed COBBLESTONE at X= -840, Y= 47, Z= -749
[2023-07-06 18:51:51] [world] The Player <wqe123420> has placed COBBLESTONE at X= -840, Y= 48, Z= -749
[2023-07-06 18:51:52] [world] The Player <wqe123420> has placed COBBLESTONE at X= -840, Y= 49, Z= -749
[2023-07-06 18:51:52] [world] The Player <wqe123420> has placed COBBLESTONE at X= -840, Y= 50, Z= -749
[2023-07-06 18:51:52] [world] The Player <wqe123420> has placed COBBLESTONE at X= -840, Y= 51, Z= -749
[2023-07-06 18:51:52] [world] The Player <wqe123420> has placed COBBLESTONE at X= -840, Y= 52, Z= -749
[2023-07-06 18:51:52] [world] The Player <wqe123420> has placed COBBLESTONE at X= -840, Y= 53, Z= -749
[2023-07-06 18:51:52] [world] The Player <wqe123420> has placed COBBLESTONE at X= -840, Y= 54, Z= -749
[2023-07-06 18:51:53] [world] The Player <wqe123420> has placed COBBLESTONE at X= -840, Y= 55, Z= -749
[2023-07-06 18:51:55] [world] The Player <wqe123420> has placed COBBLESTONE at X= -841, Y= 56, Z= -749
[2023-07-06 18:51:55] [world] The Player <wqe123420> has placed COBBLESTONE at X= -841, Y= 57, Z= -749
[2023-07-06 18:51:55] [world] The Player <wqe123420> has placed COBBLESTONE at X= -841, Y= 58, Z= -749
[2023-07-06 19:00:15] [world] The Player <wqe123420> has placed COBBLESTONE at X= -860, Y= -60, Z= -737
[2023-07-06 19:00:16] [world] The Player <wqe123420> has placed COBBLESTONE at X= -860, Y= -59, Z= -737
[2023-07-06 19:06:36] [world] The Player <wqe123420> has placed COBBLESTONE at X= -64, Y= 74, Z= -246
[2023-07-06 19:06:37] [world] The Player <wqe123420> has placed COBBLESTONE at X= -64, Y= 75, Z= -246
[2023-07-06 19:06:42] [world] The Player <wqe123420> has placed COBBLESTONE at X= -64, Y= 76, Z= -246
[2023-07-06 19:06:43] [world] The Player <wqe123420> has placed COBBLESTONE at X= -64, Y= 77, Z= -246
[2023-07-06 19:06:49] [world] The Player <wqe123420> has placed COBBLESTONE at X= -65, Y= 73, Z= -248
[2023-07-06 19:06:49] [world] The Player <wqe123420> has placed COBBLESTONE at X= -64, Y= 74, Z= -248
[2023-07-06 19:06:49] [world] The Player <wqe123420> has placed COBBLESTONE at X= -64, Y= 75, Z= -248
[2023-07-06 19:06:50] [world] The Player <wqe123420> has placed COBBLESTONE at X= -64, Y= 74, Z= -247
[2023-07-06 19:06:50] [world] The Player <wqe123420> has placed COBBLESTONE at X= -64, Y= 75, Z= -247
[2023-07-06 19:06:51] [world] The Player <wqe123420> has placed COBBLESTONE at X= -64, Y= 76, Z= -247
[2023-07-06 19:06:51] [world] The Player <wqe123420> has placed COBBLESTONE at X= -64, Y= 77, Z= -247
[2023-07-06 19:07:08] [world] The Player <wqe123420> has placed COBBLESTONE at X= -64, Y= 76, Z= -248
[2023-07-06 19:08:11] [world] The Player <wqe123420> has placed COBBLESTONE at X= -41, Y= 75, Z= -211
[2023-07-06 19:08:11] [world] The Player <wqe123420> has placed COBBLESTONE at X= -41, Y= 76, Z= -211
[2023-07-06 19:08:11] [world] The Player <wqe123420> has placed COBBLESTONE at X= -41, Y= 77, Z= -211
[2023-07-06 19:08:11] [world] The Player <wqe123420> has placed COBBLESTONE at X= -41, Y= 78, Z= -211
[2023-07-06 19:08:12] [world] The Player <wqe123420> has placed COBBLESTONE at X= -41, Y= 79, Z= -211
[2023-07-06 19:08:12] [world] The Player <wqe123420> has placed COBBLESTONE at X= -41, Y= 80, Z= -211
[2023-07-06 19:08:12] [world] The Player <wqe123420> has placed COBBLESTONE at X= -41, Y= 81, Z= -211
[2023-07-06 19:08:13] [world] The Player <wqe123420> has placed COBBLESTONE at X= -41, Y= 82, Z= -211
[2023-07-06 19:08:35] [world] The Player <wqe123420> has placed COBBLESTONE at X= -22, Y= 70, Z= -262
[2023-07-06 19:08:37] [world] The Player <wqe123420> has placed COBBLESTONE at X= -22, Y= 71, Z= -262
[2023-07-06 19:08:38] [world] The Player <wqe123420> has placed COBBLESTONE at X= -22, Y= 72, Z= -262
[2023-07-06 19:08:38] [world] The Player <wqe123420> has placed COBBLESTONE at X= -22, Y= 73, Z= -262
[2023-07-06 19:08:38] [world] The Player <wqe123420> has placed COBBLESTONE at X= -23, Y= 73, Z= -262
[2023-07-06 19:09:11] [world] The Player <wqe123420> has placed COBBLESTONE at X= -23, Y= 70, Z= -261
[2023-07-06 19:09:11] [world] The Player <wqe123420> has placed COBBLESTONE at X= -23, Y= 71, Z= -261
[2023-07-06 19:09:11] [world] The Player <wqe123420> has placed COBBLESTONE at X= -23, Y= 72, Z= -261
[2023-07-06 19:09:11] [world] The Player <wqe123420> has placed COBBLESTONE at X= -23, Y= 73, Z= -261
[2023-07-06 19:09:12] [world] The Player <wqe123420> has placed COBBLESTONE at X= -23, Y= 74, Z= -261
[2023-07-06 19:09:12] [world] The Player <wqe123420> has placed COBBLESTONE at X= -23, Y= 75, Z= -261
[2023-07-06 19:09:12] [world] The Player <wqe123420> has placed COBBLESTONE at X= -23, Y= 76, Z= -261
[2023-07-06 19:09:12] [world] The Player <wqe123420> has placed COBBLESTONE at X= -23, Y= 77, Z= -261
[2023-07-06 19:09:12] [world] The Player <wqe123420> has placed COBBLESTONE at X= -23, Y= 78, Z= -261
[2023-07-06 19:21:23] [world] The Player <Enderlava> has placed SHULKER_BOX at X= -28, Y= 63, Z= -288
[2023-07-06 19:26:50] [world] The Player <Enderlava> has placed DAMAGED_ANVIL at X= -27, Y= 70, Z= -271
[2023-07-06 19:28:23] [world] The Player <Enderlava> has placed COAL_BLOCK at X= -24, Y= 71, Z= -267
[2023-07-06 19:28:23] [world] The Player <Enderlava> has placed COAL_BLOCK at X= -24, Y= 72, Z= -267
[2023-07-06 20:18:59] [world] The Player <wqe123420> has placed COBBLED_DEEPSLATE at X= -865, Y= -60, Z= -742
[2023-07-06 20:18:59] [world] The Player <wqe123420> has placed COBBLED_DEEPSLATE at X= -865, Y= -59, Z= -742
[2023-07-06 20:19:00] [world] The Player <wqe123420> has placed COBBLED_DEEPSLATE at X= -865, Y= -60, Z= -743
[2023-07-06 20:19:00] [world] The Player <wqe123420> has placed COBBLED_DEEPSLATE at X= -865, Y= -59, Z= -743
[2023-07-06 20:19:01] [world] The Player <wqe123420> has placed COBBLED_DEEPSLATE at X= -865, Y= -59, Z= -745
[2023-07-06 20:19:01] [world] The Player <wqe123420> has placed COBBLED_DEEPSLATE at X= -865, Y= -59, Z= -744
[2023-07-06 20:19:02] [world] The Player <wqe123420> has placed COBBLED_DEEPSLATE at X= -865, Y= -60, Z= -745
[2023-07-06 20:19:03] [world] The Player <wqe123420> has placed COBBLED_DEEPSLATE at X= -865, Y= -60, Z= -744
[2023-07-06 20:19:58] [world] The Player <wqe123420> has placed OAK_FENCE at X= -834, Y= -60, Z= -738
[2023-07-06 20:19:59] [world] The Player <wqe123420> has placed OAK_FENCE at X= -835, Y= -60, Z= -738
[2023-07-06 20:19:59] [world] The Player <wqe123420> has placed OAK_FENCE at X= -836, Y= -60, Z= -738
[2023-07-06 20:20:00] [world] The Player <wqe123420> has placed OAK_FENCE at X= -837, Y= -60, Z= -738
[2023-07-06 20:20:00] [world] The Player <wqe123420> has placed OAK_FENCE at X= -838, Y= -60, Z= -738
[2023-07-06 20:20:01] [world] The Player <wqe123420> has placed OAK_FENCE at X= -839, Y= -60, Z= -738
[2023-07-06 20:20:02] [world] The Player <wqe123420> has placed OAK_FENCE at X= -840, Y= -60, Z= -738
[2023-07-06 20:20:02] [world] The Player <wqe123420> has placed OAK_FENCE at X= -841, Y= -60, Z= -738
[2023-07-06 20:20:14] [world] The Player <wqe123420> has placed OAK_FENCE at X= -834, Y= -60, Z= -739
[2023-07-06 20:20:15] [world] The Player <wqe123420> has placed OAK_FENCE at X= -834, Y= -60, Z= -741
[2023-07-06 20:20:16] [world] The Player <wqe123420> has placed OAK_FENCE at X= -834, Y= -60, Z= -740
[2023-07-06 20:20:17] [world] The Player <wqe123420> has placed OAK_FENCE at X= -834, Y= -60, Z= -742
[2023-07-06 20:20:17] [world] The Player <wqe123420> has placed OAK_FENCE at X= -834, Y= -60, Z= -743
[2023-07-06 20:20:24] [world] The Player <wqe123420> has placed OAK_FENCE at X= -834, Y= -60, Z= -744
[2023-07-06 20:20:25] [world] The Player <wqe123420> has placed OAK_FENCE at X= -834, Y= -60, Z= -745
[2023-07-06 20:20:36] [world] The Player <wqe123420> has placed OAK_WALL_SIGN at X= -841, Y= -59, Z= -737
[2023-07-06 20:20:39] [world] The Player <wqe123420> has placed OAK_WALL_SIGN at X= -841, Y= -59, Z= -738
[2023-07-06 20:22:03] [world] The Player <wqe123420> has placed OAK_SIGN at X= -841, Y= -60, Z= -740
[2023-07-06 20:22:05] [world] The Player <wqe123420> has placed OAK_SIGN at X= -840, Y= -60, Z= -740
[2023-07-06 20:23:20] [world] The Player <wqe123420> has placed OAK_FENCE at X= -839, Y= -60, Z= -738
[2023-07-06 20:23:21] [world] The Player <wqe123420> has placed OAK_FENCE at X= -840, Y= -60, Z= -738
[2023-07-06 20:23:22] [world] The Player <wqe123420> has placed OAK_FENCE at X= -842, Y= -60, Z= -737
[2023-07-06 20:23:22] [world] The Player <wqe123420> has placed OAK_FENCE at X= -842, Y= -60, Z= -738
[2023-07-06 20:23:25] [world] The Player <wqe123420> has placed OAK_FENCE at X= -833, Y= -60, Z= -746
[2023-07-06 20:23:25] [world] The Player <wqe123420> has placed OAK_FENCE at X= -834, Y= -60, Z= -746
[2023-07-06 20:23:32] [world] The Player <wqe123420> has placed OAK_SIGN at X= -841, Y= -60, Z= -739
[2023-07-06 20:23:43] [world] The Player <wqe123420> has placed OAK_WALL_SIGN at X= -840, Y= -60, Z= -739
[2023-07-06 20:23:50] [world] The Player <wqe123420> has placed OAK_SIGN at X= -841, Y= -60, Z= -739
[2023-07-06 20:23:56] [world] The Player <wqe123420> has placed OAK_WALL_SIGN at X= -841, Y= -60, Z= -739
[2023-07-06 20:23:58] [world] The Player <wqe123420> has placed OAK_WALL_SIGN at X= -839, Y= -60, Z= -739
[2023-07-06 20:23:59] [world] The Player <wqe123420> has placed OAK_WALL_SIGN at X= -838, Y= -60, Z= -739
[2023-07-06 20:24:00] [world] The Player <wqe123420> has placed OAK_WALL_SIGN at X= -837, Y= -60, Z= -739
[2023-07-06 20:24:01] [world] The Player <wqe123420> has placed OAK_WALL_SIGN at X= -836, Y= -60, Z= -739
[2023-07-06 20:24:02] [world] The Player <wqe123420> has placed OAK_WALL_SIGN at X= -835, Y= -60, Z= -739
[2023-07-06 20:24:08] [world] The Player <wqe123420> has placed OAK_WALL_SIGN at X= -835, Y= -60, Z= -740
[2023-07-06 20:24:09] [world] The Player <wqe123420> has placed OAK_WALL_SIGN at X= -835, Y= -60, Z= -741
[2023-07-06 20:24:10] [world] The Player <wqe123420> has placed OAK_WALL_SIGN at X= -835, Y= -60, Z= -742
[2023-07-06 20:24:11] [world] The Player <wqe123420> has placed OAK_WALL_SIGN at X= -835, Y= -60, Z= -743
[2023-07-06 20:24:12] [world] The Player <wqe123420> has placed OAK_WALL_SIGN at X= -835, Y= -60, Z= -744
[2023-07-06 20:24:18] [world] The Player <wqe123420> has placed OAK_WALL_SIGN at X= -835, Y= -60, Z= -745
[2023-07-06 20:24:19] [world] The Player <wqe123420> has placed OAK_WALL_SIGN at X= -835, Y= -60, Z= -746
[2023-07-06 20:25:07] [world] The Player <wqe123420> has placed OAK_WALL_SIGN at X= -840, Y= -60, Z= -737
[2023-07-06 20:27:35] [world] The Player <wqe123420> has placed COBBLESTONE at X= -833, Y= -60, Z= -745
[2023-07-06 20:27:35] [world] The Player <wqe123420> has placed COBBLESTONE at X= -834, Y= -59, Z= -745
[2023-07-06 20:27:38] [world] The Player <wqe123420> has placed OAK_WALL_SIGN at X= -833, Y= -59, Z= -745
[2023-07-06 20:27:40] [world] The Player <wqe123420> has placed OAK_WALL_SIGN at X= -835, Y= -59, Z= -745
[2023-07-06 20:27:48] [world] The Player <wqe123420> has placed OAK_SIGN at X= -835, Y= -60, Z= -745
[2023-07-06 20:27:53] [world] The Player <wqe123420> has placed OAK_SIGN at X= -833, Y= -60, Z= -745
[2023-07-06 20:28:08] [world] The Player <wqe123420> has placed OAK_SIGN at X= -833, Y= -60, Z= -744
[2023-07-06 20:28:10] [world] The Player <wqe123420> has placed OAK_SIGN at X= -835, Y= -60, Z= -744
[2023-07-06 20:28:12] [world] The Player <wqe123420> has placed OAK_SIGN at X= -835, Y= -60, Z= -743
[2023-07-06 20:28:14] [world] The Player <wqe123420> has placed OAK_SIGN at X= -833, Y= -60, Z= -743
[2023-07-06 20:28:18] [world] The Player <wqe123420> has placed OAK_SIGN at X= -835, Y= -60, Z= -742
[2023-07-06 20:28:19] [world] The Player <wqe123420> has placed OAK_SIGN at X= -833, Y= -60, Z= -742
[2023-07-06 20:28:21] [world] The Player <wqe123420> has placed OAK_SIGN at X= -833, Y= -60, Z= -741
[2023-07-06 20:28:22] [world] The Player <wqe123420> has placed OAK_SIGN at X= -835, Y= -60, Z= -741
[2023-07-06 20:28:24] [world] The Player <wqe123420> has placed OAK_SIGN at X= -833, Y= -60, Z= -740
[2023-07-06 20:28:26] [world] The Player <wqe123420> has placed OAK_SIGN at X= -835, Y= -60, Z= -740
[2023-07-06 20:28:29] [world] The Player <wqe123420> has placed OAK_SIGN at X= -833, Y= -60, Z= -739
[2023-07-06 20:28:31] [world] The Player <wqe123420> has placed OAK_SIGN at X= -835, Y= -60, Z= -739
[2023-07-06 20:28:34] [world] The Player <wqe123420> has placed OAK_SIGN at X= -833, Y= -60, Z= -738
[2023-07-06 20:28:37] [world] The Player <wqe123420> has placed OAK_SIGN at X= -834, Y= -60, Z= -737
[2023-07-06 20:28:39] [world] The Player <wqe123420> has placed OAK_SIGN at X= -835, Y= -60, Z= -737
[2023-07-06 20:28:40] [world] The Player <wqe123420> has placed OAK_SIGN at X= -836, Y= -60, Z= -737
[2023-07-06 20:28:42] [world] The Player <wqe123420> has placed OAK_SIGN at X= -837, Y= -60, Z= -737
[2023-07-06 20:28:43] [world] The Player <wqe123420> has placed OAK_SIGN at X= -838, Y= -60, Z= -737
[2023-07-06 20:28:43] [world] The Player <wqe123420> has placed OAK_SIGN at X= -839, Y= -60, Z= -737
[2023-07-06 20:28:45] [world] The Player <wqe123420> has placed OAK_SIGN at X= -840, Y= -60, Z= -737
[2023-07-06 20:28:45] [world] The Player <wqe123420> has placed OAK_SIGN at X= -841, Y= -60, Z= -737
[2023-07-06 20:28:50] [world] The Player <wqe123420> has placed OAK_SIGN at X= -836, Y= -60, Z= -739
[2023-07-06 20:28:52] [world] The Player <wqe123420> has placed OAK_SIGN at X= -837, Y= -60, Z= -739
[2023-07-06 20:28:53] [world] The Player <wqe123420> has placed OAK_SIGN at X= -838, Y= -60, Z= -739
[2023-07-06 21:09:09] [world] The Player <Funget114514> has placed OXEYE_DAISY at X= -13, Y= 69, Z= -263
[2023-07-06 21:09:12] [world] The Player <Funget114514> has placed OXEYE_DAISY at X= -12, Y= 69, Z= -262
[2023-07-06 21:09:15] [world] The Player <Funget114514> has placed OXEYE_DAISY at X= -14, Y= 69, Z= -262
[2023-07-06 21:09:17] [world] The Player <Funget114514> has placed OXEYE_DAISY at X= -15, Y= 69, Z= -262
[2023-07-06 21:09:20] [world] The Player <Funget114514> has placed OXEYE_DAISY at X= -14, Y= 69, Z= -263
[2023-07-06 21:09:22] [world] The Player <Funget114514> has placed OXEYE_DAISY at X= -13, Y= 69, Z= -264
[2023-07-06 21:09:24] [world] The Player <Funget114514> has placed OXEYE_DAISY at X= -16, Y= 69, Z= -264
[2023-07-06 21:36:38] [world] The Player <wqe123420> has placed OAK_WALL_SIGN at X= -833, Y= -59, Z= -745
[2023-07-06 21:36:44] [world] The Player <wqe123420> has placed OAK_SIGN at X= -835, Y= -60, Z= -745
[2023-07-06 21:36:47] [world] The Player <wqe123420> has placed OAK_SIGN at X= -835, Y= -59, Z= -745
[2023-07-06 21:36:58] [world] The Player <wqe123420> has placed OAK_SIGN at X= -834, Y= -59, Z= -746
[2023-07-06 21:37:10] [world] The Player <wqe123420> has placed COBBLESTONE at X= -835, Y= -60, Z= -745
[2023-07-06 21:37:11] [world] The Player <wqe123420> has placed COBBLESTONE at X= -835, Y= -60, Z= -743
[2023-07-06 21:37:13] [world] The Player <wqe123420> has placed COBBLESTONE at X= -835, Y= -60, Z= -744
[2023-07-06 21:37:16] [world] The Player <wqe123420> has placed COBBLESTONE at X= -835, Y= -60, Z= -741
[2023-07-06 21:37:17] [world] The Player <wqe123420> has placed COBBLESTONE at X= -835, Y= -60, Z= -742
[2023-07-06 21:37:18] [world] The Player <wqe123420> has placed COBBLESTONE at X= -835, Y= -60, Z= -740
[2023-07-06 21:37:18] [world] The Player <wqe123420> has placed COBBLESTONE at X= -835, Y= -60, Z= -739
[2023-07-06 21:37:21] [world] The Player <wqe123420> has placed OAK_SIGN at X= -835, Y= -59, Z= -745
[2023-07-06 21:37:23] [world] The Player <wqe123420> has placed OAK_SIGN at X= -835, Y= -59, Z= -744
[2023-07-06 21:37:25] [world] The Player <wqe123420> has placed OAK_SIGN at X= -835, Y= -59, Z= -743
[2023-07-06 21:37:27] [world] The Player <wqe123420> has placed OAK_SIGN at X= -835, Y= -59, Z= -742
[2023-07-06 21:37:28] [world] The Player <wqe123420> has placed OAK_SIGN at X= -835, Y= -59, Z= -741
[2023-07-06 21:37:31] [world] The Player <wqe123420> has placed OAK_WALL_SIGN at X= -836, Y= -60, Z= -740
[2023-07-06 21:37:35] [world] The Player <wqe123420> has placed OAK_SIGN at X= -835, Y= -59, Z= -740
[2023-07-06 21:38:22] [world] The Player <wqe123420> has placed OAK_WALL_SIGN at X= -833, Y= -59, Z= -744
[2023-07-06 21:42:00] [world] The Player <wqe123420> has placed OAK_SIGN at X= -835, Y= -60, Z= -745
[2023-07-06 21:42:02] [world] The Player <wqe123420> has placed OAK_SIGN at X= -835, Y= -60, Z= -744
[2023-07-06 21:42:03] [world] The Player <wqe123420> has placed OAK_SIGN at X= -835, Y= -60, Z= -743
[2023-07-06 21:42:04] [world] The Player <wqe123420> has placed OAK_SIGN at X= -835, Y= -60, Z= -742
[2023-07-06 21:42:06] [world] The Player <wqe123420> has placed OAK_SIGN at X= -835, Y= -60, Z= -741
[2023-07-06 21:42:10] [world] The Player <wqe123420> has placed OAK_WALL_SIGN at X= -833, Y= -59, Z= -743
[2023-07-06 21:42:26] [world] The Player <wqe123420> has placed IRON_BLOCK at X= -832, Y= -59, Z= -741
[2023-07-06 21:42:26] [world] The Player <wqe123420> has placed IRON_BLOCK at X= -832, Y= -58, Z= -741
[2023-07-06 21:42:27] [world] The Player <wqe123420> has placed IRON_BLOCK at X= -832, Y= -58, Z= -742
[2023-07-06 21:42:27] [world] The Player <wqe123420> has placed IRON_BLOCK at X= -832, Y= -59, Z= -742
[2023-07-06 21:42:31] [world] The Player <wqe123420> has placed OAK_WALL_SIGN at X= -833, Y= -59, Z= -742
[2023-07-06 21:42:32] [world] The Player <wqe123420> has placed OAK_WALL_SIGN at X= -833, Y= -59, Z= -741
[2023-07-06 21:42:35] [world] The Player <wqe123420> has placed OAK_SIGN at X= -834, Y= -59, Z= -740
[2023-07-06 21:44:18] [world] The Player <wqe123420> has placed IRON_BLOCK at X= -838, Y= -60, Z= -743
[2023-07-06 21:44:19] [world] The Player <wqe123420> has placed IRON_BLOCK at X= -838, Y= -59, Z= -743
[2023-07-06 21:44:20] [world] The Player <wqe123420> has placed IRON_BLOCK at X= -838, Y= -59, Z= -742
[2023-07-06 21:44:22] [world] The Player <wqe123420> has placed IRON_BLOCK at X= -838, Y= -59, Z= -744
[2023-07-06 21:44:24] [world] The Player <wqe123420> has placed PUMPKIN at X= -838, Y= -58, Z= -743
[2023-07-06 21:44:45] [world] The Player <wqe123420> has placed OAK_SIGN at X= -835, Y= -59, Z= -741
[2023-07-06 21:44:47] [world] The Player <wqe123420> has placed OAK_SIGN at X= -835, Y= -59, Z= -742
[2023-07-06 21:44:49] [world] The Player <wqe123420> has placed OAK_SIGN at X= -835, Y= -59, Z= -743
[2023-07-06 21:44:51] [world] The Player <wqe123420> has placed OAK_SIGN at X= -835, Y= -59, Z= -744
[2023-07-06 21:44:53] [world] The Player <wqe123420> has placed OAK_SIGN at X= -835, Y= -59, Z= -745
[2023-07-06 21:47:38] [world] The Player <wqe123420> has placed OAK_SIGN at X= -833, Y= -60, Z= -747
[2023-07-06 21:47:40] [world] The Player <wqe123420> has placed OAK_SIGN at X= -833, Y= -59, Z= -747
[2023-07-06 21:48:11] [world] The Player <wqe123420> has placed OAK_SIGN at X= -835, Y= -60, Z= -746
[2023-07-06 21:48:47] [world] The Player <wqe123420> has placed OAK_SIGN at X= -834, Y= -60, Z= -747
[2023-07-06 21:49:01] [world] The Player <wqe123420> has placed OAK_SIGN at X= -834, Y= -59, Z= -747
[2023-07-06 21:49:10] [world] The Player <wqe123420> has placed OAK_SIGN at X= -834, Y= -59, Z= -747
[2023-07-06 21:49:14] [world] The Player <wqe123420> has placed OAK_SIGN at X= -835, Y= -60, Z= -746
[2023-07-06 21:49:18] [world] The Player <wqe123420> has placed OAK_SIGN at X= -835, Y= -60, Z= -746
[2023-07-06 21:49:20] [world] The Player <wqe123420> has placed OAK_SIGN at X= -835, Y= -59, Z= -746
[2023-07-06 21:49:52] [world] The Player <wqe123420> has placed OAK_WALL_SIGN at X= -833, Y= -59, Z= -740
[2023-07-06 21:49:54] [world] The Player <wqe123420> has placed OAK_WALL_SIGN at X= -833, Y= -59, Z= -739
[2023-07-06 21:49:55] [world] The Player <wqe123420> has placed OAK_WALL_SIGN at X= -833, Y= -59, Z= -738
[2023-07-06 21:49:56] [world] The Player <wqe123420> has placed OAK_WALL_SIGN at X= -833, Y= -59, Z= -737
[2023-07-06 21:49:57] [world] The Player <wqe123420> has placed OAK_WALL_SIGN at X= -834, Y= -59, Z= -737
[2023-07-06 21:49:58] [world] The Player <wqe123420> has placed OAK_WALL_SIGN at X= -835, Y= -59, Z= -737
[2023-07-06 21:50:01] [world] The Player <wqe123420> has placed OAK_WALL_SIGN at X= -836, Y= -59, Z= -737
[2023-07-06 21:52:11] [world] The Player <wqe123420> has placed CRAFTING_TABLE at X= -833, Y= -58, Z= -737
[2023-07-06 21:53:09] [world] The Player <wqe123420> has placed SPRUCE_SIGN at X= -835, Y= -60, Z= -740
[2023-07-06 21:53:12] [world] The Player <wqe123420> has placed SPRUCE_WALL_SIGN at X= -836, Y= -60, Z= -740
[2023-07-06 21:53:17] [world] The Player <wqe123420> has placed SPRUCE_SIGN at X= -835, Y= -59, Z= -740
[2023-07-06 21:53:19] [world] The Player <wqe123420> has placed SPRUCE_SIGN at X= -835, Y= -60, Z= -739
[2023-07-06 21:53:20] [world] The Player <wqe123420> has placed SPRUCE_SIGN at X= -835, Y= -59, Z= -739
[2023-07-06 21:53:23] [world] The Player <wqe123420> has placed SPRUCE_SIGN at X= -836, Y= -60, Z= -739
[2023-07-06 21:53:25] [world] The Player <wqe123420> has placed SPRUCE_SIGN at X= -836, Y= -59, Z= -739
[2023-07-06 21:53:29] [world] The Player <wqe123420> has placed SPRUCE_SIGN at X= -843, Y= -60, Z= -737
[2023-07-06 21:53:31] [world] The Player <wqe123420> has placed SPRUCE_SIGN at X= -843, Y= -59, Z= -737
[2023-07-06 21:53:33] [world] The Player <wqe123420> has placed SPRUCE_SIGN at X= -843, Y= -60, Z= -738
[2023-07-06 21:53:34] [world] The Player <wqe123420> has placed SPRUCE_SIGN at X= -843, Y= -59, Z= -738
[2023-07-06 21:53:35] [world] The Player <wqe123420> has placed SPRUCE_SIGN at X= -842, Y= -60, Z= -739
[2023-07-06 21:53:37] [world] The Player <wqe123420> has placed SPRUCE_SIGN at X= -842, Y= -59, Z= -739
[2023-07-06 21:53:38] [world] The Player <wqe123420> has placed SPRUCE_SIGN at X= -841, Y= -60, Z= -739
[2023-07-06 21:53:40] [world] The Player <wqe123420> has placed SPRUCE_SIGN at X= -841, Y= -59, Z= -739
[2023-07-06 21:53:48] [world] The Player <wqe123420> has placed SPRUCE_SIGN at X= -840, Y= -60, Z= -739
[2023-07-06 21:53:49] [world] The Player <wqe123420> has placed SPRUCE_SIGN at X= -840, Y= -59, Z= -739
[2023-07-06 21:53:52] [world] The Player <wqe123420> has placed SPRUCE_SIGN at X= -839, Y= -60, Z= -739
[2023-07-06 21:53:54] [world] The Player <wqe123420> has placed SPRUCE_SIGN at X= -839, Y= -59, Z= -739
[2023-07-06 21:53:55] [world] The Player <wqe123420> has placed SPRUCE_SIGN at X= -838, Y= -60, Z= -739
[2023-07-06 21:53:57] [world] The Player <wqe123420> has placed SPRUCE_SIGN at X= -838, Y= -59, Z= -739
[2023-07-06 21:53:58] [world] The Player <wqe123420> has placed SPRUCE_SIGN at X= -837, Y= -60, Z= -739
[2023-07-06 21:54:00] [world] The Player <wqe123420> has placed SPRUCE_SIGN at X= -837, Y= -59, Z= -739
[2023-07-06 21:54:13] [world] The Player <wqe123420> has placed SPRUCE_WALL_SIGN at X= -842, Y= -59, Z= -737
[2023-07-06 21:54:15] [world] The Player <wqe123420> has placed SPRUCE_WALL_SIGN at X= -841, Y= -59, Z= -737
[2023-07-06 21:54:16] [world] The Player <wqe123420> has placed SPRUCE_WALL_SIGN at X= -840, Y= -59, Z= -737
[2023-07-06 21:54:16] [world] The Player <wqe123420> has placed SPRUCE_WALL_SIGN at X= -839, Y= -59, Z= -737
[2023-07-06 21:54:18] [world] The Player <wqe123420> has placed SPRUCE_WALL_SIGN at X= -838, Y= -59, Z= -737
[2023-07-06 21:54:19] [world] The Player <wqe123420> has placed SPRUCE_WALL_SIGN at X= -837, Y= -59, Z= -737
[2023-07-06 21:55:31] [world] The Player <wqe123420> has placed SPRUCE_SIGN at X= -835, Y= -59, Z= -740
[2023-07-06 21:55:44] [world] The Player <wqe123420> has placed CRAFTING_TABLE at X= -838, Y= -57, Z= -743
[2023-07-06 21:57:21] [world] The Player <wqe123420> has placed IRON_BLOCK at X= -833, Y= -60, Z= -738
[2023-07-06 21:57:31] [world] The Player <wqe123420> has placed IRON_BLOCK at X= -833, Y= -60, Z= -743
[2023-07-06 21:58:02] [world] The Player <wqe123420> has placed IRON_BLOCK at X= -833, Y= -59, Z= -736
[2023-07-06 21:58:02] [world] The Player <wqe123420> has placed IRON_BLOCK at X= -833, Y= -60, Z= -736
[2023-07-06 22:35:09] [world] The Player <wegwe> has placed DIRT at X= -139, Y= 63, Z= -122
[2023-07-06 22:35:22] [world] The Player <wegwe> has placed DIRT at X= -139, Y= 61, Z= -122
[2023-07-06 22:35:22] [world] The Player <wegwe> has placed DIRT at X= -139, Y= 62, Z= -122
[2023-07-06 22:35:23] [world] The Player <wegwe> has placed DIRT at X= -139, Y= 63, Z= -122
[2023-07-06 22:35:26] [world] The Player <wegwe> has placed DIRT at X= -134, Y= 64, Z= -118
[2023-07-06 22:35:27] [world] The Player <wegwe> has placed DIRT at X= -134, Y= 65, Z= -118
[2023-07-06 22:35:28] [world] The Player <wegwe> has placed DIRT at X= -134, Y= 66, Z= -118
[2023-07-06 22:35:29] [world] The Player <wegwe> has placed DIRT at X= -134, Y= 67, Z= -118
[2023-07-06 22:39:02] [world] The Player <wegwe> has placed DIRT at X= -128, Y= 64, Z= -110
[2023-07-06 22:39:03] [world] The Player <wegwe> has placed DIRT at X= -126, Y= 64, Z= -108
[2023-07-06 22:39:04] [world] The Player <wegwe> has placed DIRT at X= -125, Y= 64, Z= -106
[2023-07-06 22:39:04] [world] The Player <wegwe> has placed DIRT at X= -124, Y= 64, Z= -103
[2023-07-06 22:39:58] [world] The Player <wegwe> has placed DIRT at X= -122, Y= 66, Z= -88
[2023-07-06 22:40:49] [world] The Player <wegwe> has placed DIRT at X= -143, Y= 64, Z= -112
[2023-07-06 22:41:50] [world] The Player <wqe123420> has placed LIGHT_GRAY_SHULKER_BOX at X= -127, Y= 64, Z= -112
[2023-07-06 22:42:15] [world] The Player <wegwe> has placed DIRT at X= -103, Y= 66, Z= -144
