[2023-07-10 09:20:48] [world] The Player <Enderlava> has placed COBBLESTONE at X= -840, Y= 80, Z= -736
[2023-07-10 09:20:48] [world] The Player <Enderlava> has placed COBBLESTONE at X= -840, Y= 81, Z= -736
[2023-07-10 09:20:49] [world] The Player <Enderlava> has placed COBBLESTONE at X= -840, Y= 82, Z= -736
[2023-07-10 09:20:49] [world] The Player <Enderlava> has placed COBBLESTONE at X= -840, Y= 83, Z= -736
[2023-07-10 09:20:49] [world] The Player <Enderlava> has placed COBBLESTONE at X= -840, Y= 84, Z= -736
[2023-07-10 09:20:49] [world] The Player <Enderlava> has placed COBBLESTONE at X= -840, Y= 85, Z= -736
[2023-07-10 09:20:51] [world] The Player <Enderlava> has placed COBBLESTONE at X= -840, Y= 86, Z= -736
[2023-07-10 09:20:51] [world] The Player <Enderlava> has placed COBBLESTONE at X= -840, Y= 87, Z= -736
[2023-07-10 09:20:51] [world] The Player <Enderlava> has placed COBBLESTONE at X= -840, Y= 88, Z= -736
[2023-07-10 09:20:51] [world] The Player <Enderlava> has placed COBBLESTONE at X= -840, Y= 89, Z= -736
[2023-07-10 09:20:52] [world] The Player <Enderlava> has placed COBBLESTONE at X= -840, Y= 90, Z= -736
[2023-07-10 09:20:52] [world] The Player <Enderlava> has placed COBBLESTONE at X= -840, Y= 91, Z= -736
[2023-07-10 09:20:52] [world] The Player <Enderlava> has placed COBBLESTONE at X= -840, Y= 92, Z= -736
[2023-07-10 09:20:54] [world] The Player <Enderlava> has placed COBBLESTONE at X= -840, Y= 92, Z= -737
[2023-07-10 09:20:54] [world] The Player <Enderlava> has placed COBBLESTONE at X= -840, Y= 93, Z= -736
[2023-07-10 09:20:57] [world] The Player <Enderlava> has placed COBBLESTONE at X= -840, Y= 93, Z= -735
[2023-07-10 09:21:00] [world] The Player <Enderlava> has placed COBBLESTONE at X= -840, Y= 91, Z= -735
[2023-07-10 09:21:01] [world] The Player <Enderlava> has placed COBBLESTONE at X= -840, Y= 91, Z= -735
[2023-07-10 09:21:10] [world] The Player <Enderlava> has placed COBBLESTONE at X= -840, Y= 94, Z= -735
[2023-07-10 09:21:10] [world] The Player <Enderlava> has placed COBBLESTONE at X= -840, Y= 95, Z= -735
[2023-07-10 09:21:11] [world] The Player <Enderlava> has placed COBBLESTONE at X= -840, Y= 93, Z= -736
[2023-07-10 09:21:12] [world] The Player <Enderlava> has placed COBBLESTONE at X= -839, Y= 93, Z= -735
[2023-07-10 09:21:12] [world] The Player <Enderlava> has placed COBBLESTONE at X= -839, Y= 94, Z= -735
[2023-07-10 09:21:16] [world] The Player <Enderlava> has placed COBBLESTONE at X= -839, Y= 94, Z= -734
[2023-07-10 09:21:17] [world] The Player <Enderlava> has placed COBBLESTONE at X= -839, Y= 94, Z= -733
[2023-07-10 09:21:18] [world] The Player <Enderlava> has placed COBBLESTONE at X= -838, Y= 94, Z= -733
[2023-07-10 09:21:19] [world] The Player <Enderlava> has placed COBBLESTONE at X= -838, Y= 94, Z= -732
[2023-07-10 09:21:21] [world] The Player <Enderlava> has placed COBBLESTONE at X= -838, Y= 94, Z= -731
[2023-07-10 09:21:23] [world] The Player <Enderlava> has placed COBBLESTONE at X= -839, Y= 94, Z= -731
[2023-07-10 09:21:25] [world] The Player <Enderlava> has placed COBBLESTONE at X= -840, Y= 94, Z= -733
[2023-07-10 09:21:26] [world] The Player <Enderlava> has placed COBBLESTONE at X= -840, Y= 94, Z= -732
[2023-07-10 09:21:27] [world] The Player <Enderlava> has placed COBBLESTONE at X= -840, Y= 94, Z= -731
[2023-07-10 09:21:29] [world] The Player <Enderlava> has placed COBBLESTONE at X= -840, Y= 95, Z= -733
[2023-07-10 09:21:32] [world] The Player <Enderlava> has placed COBBLESTONE at X= -841, Y= 94, Z= -731
[2023-07-10 09:21:34] [world] The Player <Enderlava> has placed COBBLESTONE at X= -841, Y= 94, Z= -730
[2023-07-10 09:21:43] [world] The Player <Enderlava> has placed STICKY_PISTON at X= -838, Y= 94, Z= -730
[2023-07-10 09:21:46] [world] The Player <Enderlava> has placed REDSTONE_WIRE at X= -840, Y= 95, Z= -731
[2023-07-10 09:21:46] [world] The Player <Enderlava> has placed REDSTONE_WIRE at X= -838, Y= 95, Z= -731
[2023-07-10 09:21:47] [world] The Player <Enderlava> has placed REDSTONE_WIRE at X= -838, Y= 95, Z= -733
[2023-07-10 09:21:50] [world] The Player <Enderlava> has placed REDSTONE_WALL_TORCH at X= -839, Y= 95, Z= -735
[2023-07-10 09:21:52] [world] The Player <Enderlava> has placed REDSTONE_TORCH at X= -840, Y= 94, Z= -735
[2023-07-10 09:21:53] [world] The Player <Enderlava> has placed REDSTONE_TORCH at X= -840, Y= 92, Z= -735
[2023-07-10 09:21:55] [world] The Player <Enderlava> has placed REPEATER at X= -839, Y= 95, Z= -734
[2023-07-10 09:22:01] [world] The Player <Enderlava> has placed REPEATER at X= -839, Y= 95, Z= -733
[2023-07-10 09:22:10] [world] The Player <Enderlava> has placed REPEATER at X= -838, Y= 95, Z= -732
[2023-07-10 09:22:16] [world] The Player <Enderlava> has placed REPEATER at X= -838, Y= 95, Z= -732
[2023-07-10 09:22:18] [world] The Player <Enderlava> has placed REPEATER at X= -839, Y= 95, Z= -731
[2023-07-10 09:22:23] [world] The Player <Enderlava> has placed REDSTONE_WALL_TORCH at X= -840, Y= 95, Z= -732
[2023-07-10 09:22:29] [world] The Player <Enderlava> has placed OBSERVER at X= -840, Y= 94, Z= -730
[2023-07-10 09:22:35] [world] The Player <Enderlava> has placed PISTON at X= -842, Y= 94, Z= -730
[2023-07-10 09:22:35] [world] The Player <Enderlava> has placed PISTON at X= -842, Y= 94, Z= -729
[2023-07-10 09:22:46] [world] The Player <Enderlava> has placed COBBLESTONE at X= -842, Y= 94, Z= -731
[2023-07-10 09:22:46] [world] The Player <Enderlava> has placed COBBLESTONE at X= -842, Y= 94, Z= -732
[2023-07-10 09:22:47] [world] The Player <Enderlava> has placed COBBLESTONE at X= -843, Y= 94, Z= -731
[2023-07-10 09:22:50] [world] The Player <Enderlava> has placed COBBLESTONE at X= -844, Y= 94, Z= -731
[2023-07-10 09:22:50] [world] The Player <Enderlava> has placed COBBLESTONE at X= -845, Y= 94, Z= -731
[2023-07-10 09:22:51] [world] The Player <Enderlava> has placed COBBLESTONE at X= -845, Y= 95, Z= -731
[2023-07-10 09:22:53] [world] The Player <Enderlava> has placed COBBLESTONE at X= -845, Y= 95, Z= -731
[2023-07-10 09:22:53] [world] The Player <Enderlava> has placed COBBLESTONE at X= -845, Y= 95, Z= -730
[2023-07-10 09:22:54] [world] The Player <Enderlava> has placed COBBLESTONE at X= -844, Y= 95, Z= -730
[2023-07-10 09:22:56] [world] The Player <Enderlava> has placed COBBLESTONE at X= -845, Y= 95, Z= -730
[2023-07-10 09:22:56] [world] The Player <Enderlava> has placed COBBLESTONE at X= -846, Y= 95, Z= -730
[2023-07-10 09:23:00] [world] The Player <Enderlava> has placed COBBLESTONE at X= -843, Y= 95, Z= -730
[2023-07-10 09:23:06] [world] The Player <Enderlava> has placed OBSERVER at X= -843, Y= 94, Z= -730
[2023-07-10 09:23:08] [world] The Player <Enderlava> has placed OBSERVER at X= -842, Y= 94, Z= -729
[2023-07-10 09:23:10] [world] The Player <Enderlava> has placed OBSERVER at X= -843, Y= 94, Z= -729
[2023-07-10 09:23:14] [world] The Player <Enderlava> has placed OBSERVER at X= -843, Y= 94, Z= -730
[2023-07-10 09:23:44] [world] The Player <Enderlava> has placed GLASS at X= -843, Y= 93, Z= -730
[2023-07-10 09:23:44] [world] The Player <Enderlava> has placed GLASS at X= -843, Y= 92, Z= -730
[2023-07-10 09:23:45] [world] The Player <Enderlava> has placed GLASS at X= -844, Y= 92, Z= -730
[2023-07-10 09:23:45] [world] The Player <Enderlava> has placed GLASS at X= -845, Y= 92, Z= -730
[2023-07-10 09:23:46] [world] The Player <Enderlava> has placed GLASS at X= -846, Y= 92, Z= -730
[2023-07-10 09:23:47] [world] The Player <Enderlava> has placed GLASS at X= -846, Y= 93, Z= -730
[2023-07-10 09:23:48] [world] The Player <Enderlava> has placed GLASS at X= -846, Y= 93, Z= -731
[2023-07-10 09:23:49] [world] The Player <Enderlava> has placed GLASS at X= -845, Y= 93, Z= -731
[2023-07-10 09:23:49] [world] The Player <Enderlava> has placed GLASS at X= -844, Y= 93, Z= -731
[2023-07-10 09:23:55] [world] The Player <Enderlava> has placed GLASS at X= -843, Y= 93, Z= -729
[2023-07-10 09:23:55] [world] The Player <Enderlava> has placed GLASS at X= -844, Y= 93, Z= -729
[2023-07-10 09:23:55] [world] The Player <Enderlava> has placed GLASS at X= -845, Y= 93, Z= -729
[2023-07-10 09:23:56] [world] The Player <Enderlava> has placed GLASS at X= -844, Y= 94, Z= -729
[2023-07-10 09:23:58] [world] The Player <Enderlava> has placed GLASS at X= -845, Y= 94, Z= -729
[2023-07-10 09:24:27] [world] The Player <Enderlava> has placed OAK_FENCE_GATE at X= -845, Y= 92, Z= -730
[2023-07-10 09:24:46] [world] The Player <Enderlava> has placed TNT at X= -844, Y= 94, Z= -731
[2023-07-10 09:24:48] [world] The Player <Enderlava> has placed TNT at X= -844, Y= 94, Z= -730
[2023-07-10 09:24:59] [world] The Player <Enderlava> has placed GLASS at X= -845, Y= 95, Z= -730
[2023-07-10 09:25:11] [world] The Player <Enderlava> has placed REDSTONE_WIRE at X= -844, Y= 94, Z= -731
[2023-07-10 09:25:12] [world] The Player <Enderlava> has placed REDSTONE_WIRE at X= -843, Y= 95, Z= -731
[2023-07-10 09:25:13] [world] The Player <Enderlava> has placed REDSTONE_WIRE at X= -843, Y= 96, Z= -730
[2023-07-10 09:25:13] [world] The Player <Enderlava> has placed REDSTONE_WIRE at X= -844, Y= 96, Z= -730
[2023-07-10 09:25:13] [world] The Player <Enderlava> has placed REDSTONE_WIRE at X= -845, Y= 96, Z= -730
[2023-07-10 09:25:14] [world] The Player <Enderlava> has placed REDSTONE_WIRE at X= -846, Y= 96, Z= -730
[2023-07-10 09:25:31] [world] The Player <Enderlava> has placed LEVER at X= -840, Y= 91, Z= -736
[2023-07-10 09:26:16] [world] The Player <Enderlava> has placed OBSERVER at X= -843, Y= 94, Z= -730
[2023-07-10 09:26:20] [world] The Player <Enderlava> has placed OBSERVER at X= -843, Y= 94, Z= -730
[2023-07-10 09:26:22] [world] The Player <Enderlava> has placed OBSERVER at X= -843, Y= 94, Z= -730
[2023-07-10 09:26:28] [world] The Player <Enderlava> has placed OBSERVER at X= -843, Y= 94, Z= -730
[2023-07-10 09:26:42] [world] The Player <Enderlava> has placed TNT at X= -844, Y= 94, Z= -730
[2023-07-10 09:26:49] [world] The Player <Enderlava> has placed PISTON at X= -846, Y= 94, Z= -730
[2023-07-10 09:26:54] [world] The Player <Enderlava> has placed GLASS at X= -844, Y= 93, Z= -730
[2023-07-10 09:26:59] [world] The Player <Enderlava> has placed GLASS at X= -843, Y= 93, Z= -729
[2023-07-10 09:26:59] [world] The Player <Enderlava> has placed GLASS at X= -844, Y= 93, Z= -729
[2023-07-10 09:27:00] [world] The Player <Enderlava> has placed GLASS at X= -845, Y= 93, Z= -729
[2023-07-10 09:27:13] [world] The Player <Enderlava> has placed GLASS at X= -845, Y= 94, Z= -729
[2023-07-10 09:27:14] [world] The Player <Enderlava> has placed GLASS at X= -845, Y= 95, Z= -729
[2023-07-10 09:27:57] [world] The Player <Enderlava> has placed COBBLESTONE at X= -842, Y= 94, Z= -731
[2023-07-10 09:27:58] [world] The Player <Enderlava> has placed COBBLESTONE at X= -843, Y= 94, Z= -731
[2023-07-10 09:28:27] [world] The Player <Enderlava> has placed COMPARATOR at X= -839, Y= 95, Z= -733
[2023-07-10 09:28:40] [world] The Player <Enderlava> has placed REPEATER at X= -839, Y= 95, Z= -733
[2023-07-10 09:28:43] [world] The Player <Enderlava> has placed REPEATER at X= -839, Y= 95, Z= -734
[2023-07-10 09:28:49] [world] The Player <Enderlava> has placed REDSTONE_WALL_TORCH at X= -839, Y= 95, Z= -735
[2023-07-10 09:28:52] [world] The Player <Enderlava> has placed REPEATER at X= -839, Y= 95, Z= -733
[2023-07-10 09:29:04] [world] The Player <Enderlava> has placed OBSERVER at X= -842, Y= 94, Z= -729
[2023-07-10 09:29:05] [world] The Player <Enderlava> has placed OBSERVER at X= -843, Y= 94, Z= -729
[2023-07-10 09:29:09] [world] The Player <Enderlava> has placed OBSERVER at X= -843, Y= 94, Z= -730
[2023-07-10 09:29:15] [world] The Player <Enderlava> has placed GLASS at X= -843, Y= 93, Z= -730
[2023-07-10 09:29:16] [world] The Player <Enderlava> has placed GLASS at X= -843, Y= 92, Z= -730
[2023-07-10 09:29:18] [world] The Player <Enderlava> has placed GLASS at X= -844, Y= 92, Z= -730
[2023-07-10 09:29:20] [world] The Player <Enderlava> has placed GLASS at X= -843, Y= 93, Z= -729
[2023-07-10 09:29:20] [world] The Player <Enderlava> has placed GLASS at X= -844, Y= 93, Z= -729
[2023-07-10 09:29:22] [world] The Player <Enderlava> has placed GLASS at X= -844, Y= 94, Z= -729
[2023-07-10 09:29:23] [world] The Player <Enderlava> has placed GLASS at X= -845, Y= 93, Z= -729
[2023-07-10 09:29:23] [world] The Player <Enderlava> has placed GLASS at X= -845, Y= 94, Z= -729
[2023-07-10 09:29:25] [world] The Player <Enderlava> has placed GLASS at X= -846, Y= 93, Z= -729
[2023-07-10 09:29:27] [world] The Player <Enderlava> has placed GLASS at X= -846, Y= 93, Z= -730
[2023-07-10 09:29:27] [world] The Player <Enderlava> has placed GLASS at X= -846, Y= 93, Z= -731
[2023-07-10 09:29:29] [world] The Player <Enderlava> has placed GLASS at X= -845, Y= 93, Z= -731
[2023-07-10 09:29:29] [world] The Player <Enderlava> has placed GLASS at X= -844, Y= 93, Z= -731
[2023-07-10 09:29:40] [world] The Player <Enderlava> has placed COBBLESTONE at X= -843, Y= 95, Z= -730
[2023-07-10 09:29:41] [world] The Player <Enderlava> has placed COBBLESTONE at X= -844, Y= 94, Z= -730
[2023-07-10 09:29:43] [world] The Player <Enderlava> has placed COBBLESTONE at X= -844, Y= 94, Z= -730
[2023-07-10 09:29:44] [world] The Player <Enderlava> has placed COBBLESTONE at X= -844, Y= 95, Z= -730
[2023-07-10 09:29:45] [world] The Player <Enderlava> has placed COBBLESTONE at X= -845, Y= 95, Z= -730
[2023-07-10 09:29:45] [world] The Player <Enderlava> has placed COBBLESTONE at X= -846, Y= 95, Z= -730
[2023-07-10 09:29:49] [world] The Player <Enderlava> has placed COBBLESTONE at X= -843, Y= 95, Z= -731
[2023-07-10 09:29:51] [world] The Player <Enderlava> has placed COBBLESTONE at X= -843, Y= 95, Z= -731
[2023-07-10 09:29:54] [world] The Player <Enderlava> has placed COBBLESTONE at X= -844, Y= 94, Z= -731
[2023-07-10 09:29:55] [world] The Player <Enderlava> has placed COBBLESTONE at X= -845, Y= 94, Z= -731
[2023-07-10 09:30:07] [world] The Player <Enderlava> has placed PISTON at X= -846, Y= 94, Z= -730
[2023-07-10 09:30:09] [world] The Player <Enderlava> has placed COBBLESTONE at X= -845, Y= 94, Z= -731
[2023-07-10 09:30:22] [world] The Player <Enderlava> has placed TNT at X= -844, Y= 94, Z= -730
[2023-07-10 09:30:40] [world] The Player <Enderlava> has placed GLASS at X= -845, Y= 95, Z= -730
[2023-07-10 09:30:43] [world] The Player <Enderlava> has placed REDSTONE_WIRE at X= -844, Y= 94, Z= -731
[2023-07-10 09:30:44] [world] The Player <Enderlava> has placed REDSTONE_WIRE at X= -843, Y= 95, Z= -731
[2023-07-10 09:30:44] [world] The Player <Enderlava> has placed REDSTONE_WIRE at X= -843, Y= 96, Z= -730
[2023-07-10 09:30:45] [world] The Player <Enderlava> has placed REDSTONE_WIRE at X= -844, Y= 96, Z= -730
[2023-07-10 09:30:45] [world] The Player <Enderlava> has placed REDSTONE_WIRE at X= -845, Y= 96, Z= -730
[2023-07-10 09:30:45] [world] The Player <Enderlava> has placed REDSTONE_WIRE at X= -846, Y= 96, Z= -730
[2023-07-10 09:30:57] [world] The Player <Enderlava> has placed GLASS at X= -845, Y= 93, Z= -729
[2023-07-10 09:30:57] [world] The Player <Enderlava> has placed GLASS at X= -845, Y= 94, Z= -729
[2023-07-10 09:31:06] [world] The Player <Enderlava> has placed OAK_FENCE_GATE at X= -845, Y= 92, Z= -730
[2023-07-10 09:31:14] [world] The Player <Enderlava> has placed REDSTONE_TORCH at X= -840, Y= 94, Z= -735
[2023-07-10 09:34:47] [world] The Player <Enderlava> has placed COBBLESTONE at X= -838, Y= 80, Z= -734
[2023-07-10 09:34:47] [world] The Player <Enderlava> has placed COBBLESTONE at X= -838, Y= 81, Z= -734
[2023-07-10 09:34:47] [world] The Player <Enderlava> has placed COBBLESTONE at X= -838, Y= 82, Z= -734
[2023-07-10 09:34:48] [world] The Player <Enderlava> has placed COBBLESTONE at X= -838, Y= 83, Z= -734
[2023-07-10 09:34:48] [world] The Player <Enderlava> has placed COBBLESTONE at X= -838, Y= 84, Z= -734
[2023-07-10 09:34:48] [world] The Player <Enderlava> has placed COBBLESTONE at X= -838, Y= 85, Z= -734
[2023-07-10 09:34:48] [world] The Player <Enderlava> has placed COBBLESTONE at X= -838, Y= 86, Z= -734
[2023-07-10 09:34:48] [world] The Player <Enderlava> has placed COBBLESTONE at X= -838, Y= 87, Z= -734
[2023-07-10 09:34:49] [world] The Player <Enderlava> has placed COBBLESTONE at X= -838, Y= 88, Z= -734
[2023-07-10 09:34:49] [world] The Player <Enderlava> has placed COBBLESTONE at X= -838, Y= 89, Z= -734
[2023-07-10 09:34:54] [world] The Player <Enderlava> has placed COBBLESTONE at X= -839, Y= 91, Z= -736
[2023-07-10 09:36:47] [world] The Player <wqe123420> has placed COBBLED_DEEPSLATE at X= -40, Y= -55, Z= -246
[2023-07-10 09:36:48] [world] The Player <wqe123420> has placed COBBLED_DEEPSLATE at X= -40, Y= -57, Z= -247
[2023-07-10 09:36:49] [world] The Player <wqe123420> has placed COBBLED_DEEPSLATE at X= -41, Y= -55, Z= -246
[2023-07-10 09:36:49] [world] The Player <wqe123420> has placed COBBLED_DEEPSLATE at X= -42, Y= -55, Z= -246
[2023-07-10 09:36:50] [world] The Player <wqe123420> has placed COBBLED_DEEPSLATE at X= -43, Y= -55, Z= -246
[2023-07-10 09:37:07] [world] The Player <wqe123420> has placed ANCIENT_DEBRIS at X= -44, Y= -55, Z= -246
[2023-07-10 09:37:07] [world] The Player <wqe123420> has placed ANCIENT_DEBRIS at X= -45, Y= -55, Z= -246
[2023-07-10 09:37:08] [world] The Player <wqe123420> has placed ANCIENT_DEBRIS at X= -46, Y= -55, Z= -246
[2023-07-10 09:39:37] [world] The Player <wqe123420> has placed IRON_BLOCK at X= -38, Y= -53, Z= -246
[2023-07-10 09:39:39] [world] The Player <wqe123420> has placed COBBLESTONE_SLAB at X= -39, Y= -53, Z= -246
[2023-07-10 09:39:50] [world] The Player <wqe123420> has placed SLIME_BLOCK at X= -40, Y= -53, Z= -246
[2023-07-10 09:41:57] [world] The Player <wqe123420> has placed OBSERVER at X= -30, Y= -55, Z= -246
[2023-07-10 09:42:06] [world] The Player <wqe123420> has placed OBSERVER at X= -30, Y= -55, Z= -246
[2023-07-10 09:42:14] [world] The Player <wqe123420> has placed SLIME_BLOCK at X= -30, Y= -54, Z= -246
[2023-07-10 09:42:27] [world] The Player <wqe123420> has placed STICKY_PISTON at X= -30, Y= -54, Z= -247
[2023-07-10 09:42:28] [world] The Player <wqe123420> has placed SLIME_BLOCK at X= -30, Y= -54, Z= -248
[2023-07-10 09:42:40] [world] The Player <wqe123420> has placed PISTON at X= -30, Y= -53, Z= -248
[2023-07-10 09:42:42] [world] The Player <wqe123420> has placed SLIME_BLOCK at X= -30, Y= -53, Z= -247
[2023-07-10 09:42:44] [world] The Player <wqe123420> has placed PISTON at X= -30, Y= -53, Z= -246
[2023-07-10 09:42:56] [world] The Player <wqe123420> has placed NOTE_BLOCK at X= -30, Y= -52, Z= -246
[2023-07-10 09:43:02] [world] The Player <wqe123420> has placed OBSERVER at X= -30, Y= -52, Z= -247
[2023-07-10 09:43:29] [world] The Player <wqe123420> has placed TNT at X= -29, Y= -53, Z= -240
[2023-07-10 09:43:41] [world] The Player <wqe123420> has placed SLIME_BLOCK at X= -30, Y= -54, Z= -245
[2023-07-10 09:43:44] [world] The Player <wqe123420> has placed TNT at X= -29, Y= -53, Z= -239
[2023-07-10 09:43:52] [world] The Player <wqe123420> has placed TNT at X= -27, Y= -53, Z= -238
[2023-07-10 09:43:53] [world] The Player <wqe123420> has placed TNT at X= -31, Y= -52, Z= -238
[2023-07-10 09:44:02] [world] The Player <wqe123420> has placed TNT at X= -32, Y= -53, Z= -237
[2023-07-10 09:44:04] [world] The Player <wqe123420> has placed TNT at X= -32, Y= -51, Z= -237
[2023-07-10 09:44:05] [world] The Player <wqe123420> has placed TNT at X= -26, Y= -55, Z= -237
[2023-07-10 09:44:06] [world] The Player <wqe123420> has placed TNT at X= -26, Y= -52, Z= -237
[2023-07-10 09:44:16] [world] The Player <wqe123420> has placed TNT at X= -34, Y= -54, Z= -238
[2023-07-10 09:44:17] [world] The Player <wqe123420> has placed FIRE at X= -33, Y= -55, Z= -238
[2023-07-10 09:44:27] [world] The Player <wqe123420> has placed TNT at X= -30, Y= -54, Z= -235
[2023-07-10 09:44:33] [world] The Player <wqe123420> has placed TNT at X= -31, Y= -54, Z= -233
[2023-07-10 09:44:35] [world] The Player <wqe123420> has placed TNT at X= -29, Y= -55, Z= -234
[2023-07-10 09:45:18] [world] The Player <wqe123420> has placed IRON_BLOCK at X= -30, Y= -54, Z= -244
[2023-07-10 09:45:18] [world] The Player <wqe123420> has placed IRON_BLOCK at X= -30, Y= -54, Z= -243
[2023-07-10 09:45:24] [world] The Player <wqe123420> has placed SLIME_BLOCK at X= -30, Y= -53, Z= -243
[2023-07-10 09:45:35] [world] The Player <wqe123420> has placed SLIME_BLOCK at X= -30, Y= -54, Z= -242
[2023-07-10 09:45:42] [world] The Player <wqe123420> has placed COBBLESTONE_SLAB at X= -30, Y= -55, Z= -242
[2023-07-10 09:46:02] [world] The Player <wqe123420> has placed COBBLESTONE_WALL at X= -30, Y= -55, Z= -241
[2023-07-10 09:46:04] [world] The Player <wqe123420> has placed OBSERVER at X= -30, Y= -55, Z= -240
[2023-07-10 09:46:15] [world] The Player <wqe123420> has placed PISTON at X= -30, Y= -55, Z= -239
[2023-07-10 09:46:24] [world] The Player <wqe123420> has placed TNT at X= -30, Y= -54, Z= -241
[2023-07-10 09:46:39] [world] The Player <wqe123420> has placed SLIME_BLOCK at X= -30, Y= -53, Z= -242
[2023-07-10 09:46:40] [world] The Player <wqe123420> has placed COBBLESTONE_SLAB at X= -30, Y= -53, Z= -241
[2023-07-10 09:46:48] [world] The Player <wqe123420> has placed SLIME_BLOCK at X= -30, Y= -53, Z= -240
[2023-07-10 09:48:54] [world] The Player <wqe123420> has placed HORN_CORAL at X= -30, Y= -54, Z= -240
[2023-07-10 09:49:33] [world] The Player <wqe123420> has placed TUFF at X= -32, Y= 89, Z= -266
[2023-07-10 09:49:33] [world] The Player <wqe123420> has placed TUFF at X= -31, Y= 89, Z= -265
[2023-07-10 09:52:04] [world_nether] The Player <Xw114> has placed SANDSTONE at X= 6, Y= 75, Z= -36
[2023-07-10 09:52:04] [world_nether] The Player <Xw114> has placed SANDSTONE at X= 6, Y= 76, Z= -36
[2023-07-10 09:52:06] [world_nether] The Player <Xw114> has placed SANDSTONE at X= 7, Y= 76, Z= -34
[2023-07-10 09:52:06] [world_nether] The Player <Xw114> has placed SANDSTONE at X= 7, Y= 77, Z= -34
[2023-07-10 09:52:07] [world_nether] The Player <Xw114> has placed SANDSTONE at X= 7, Y= 77, Z= -35
[2023-07-10 09:52:08] [world_nether] The Player <Xw114> has placed SANDSTONE at X= 9, Y= 76, Z= -34
[2023-07-10 09:52:09] [world_nether] The Player <Xw114> has placed SANDSTONE at X= 9, Y= 77, Z= -34
[2023-07-10 09:52:09] [world_nether] The Player <Xw114> has placed SANDSTONE at X= 8, Y= 77, Z= -34
[2023-07-10 09:52:09] [world_nether] The Player <Xw114> has placed SANDSTONE at X= 9, Y= 76, Z= -35
[2023-07-10 09:52:10] [world_nether] The Player <Xw114> has placed SANDSTONE at X= 8, Y= 76, Z= -34
[2023-07-10 09:52:11] [world_nether] The Player <Xw114> has placed SANDSTONE at X= 9, Y= 77, Z= -35
[2023-07-10 09:52:15] [world_nether] The Player <Xw114> has placed SANDSTONE at X= 6, Y= 77, Z= -36
[2023-07-10 09:52:16] [world_nether] The Player <Xw114> has placed SANDSTONE at X= 7, Y= 76, Z= -35
[2023-07-10 09:56:48] [world] The Player <wqe123420> has placed LIGHT_GRAY_SHULKER_BOX at X= -20, Y= 64, Z= -286
[2023-07-10 09:57:31] [world] The Player <wqe123420> has placed YELLOW_SHULKER_BOX at X= -21, Y= 63, Z= -287
[2023-07-10 09:59:42] [world] The Player <wqe123420> has placed YELLOW_SHULKER_BOX at X= -25, Y= 63, Z= -286
[2023-07-10 10:01:20] [world] The Player <wqe123420> has placed YELLOW_SHULKER_BOX at X= -19, Y= 68, Z= -265
[2023-07-10 10:02:57] [world] The Player <wqe123420> has placed DETECTOR_RAIL at X= -30, Y= -53, Z= -242
[2023-07-10 10:03:00] [world] The Player <wqe123420> has placed COBBLESTONE at X= -29, Y= -54, Z= -242
[2023-07-10 10:03:01] [world] The Player <wqe123420> has placed COBBLESTONE at X= -29, Y= -54, Z= -243
[2023-07-10 10:03:01] [world] The Player <wqe123420> has placed COBBLESTONE at X= -28, Y= -54, Z= -243
[2023-07-10 10:03:01] [world] The Player <wqe123420> has placed COBBLESTONE at X= -28, Y= -54, Z= -242
[2023-07-10 10:03:05] [world] The Player <wqe123420> has placed COBBLESTONE at X= -27, Y= -54, Z= -242
[2023-07-10 10:03:08] [world] The Player <wqe123420> has placed DETECTOR_RAIL at X= -29, Y= -53, Z= -242
[2023-07-10 10:03:53] [world] The Player <wqe123420> has placed DETECTOR_RAIL at X= -29, Y= -53, Z= -242
[2023-07-10 10:03:59] [world] The Player <wqe123420> has placed STICKY_PISTON at X= -28, Y= -53, Z= -242
[2023-07-10 10:04:16] [world] The Player <wqe123420> has placed STONE_BUTTON at X= -28, Y= -53, Z= -243
[2023-07-10 10:04:26] [world] The Player <wqe123420> has placed STONE_PRESSURE_PLATE at X= -27, Y= -53, Z= -242
[2023-07-10 10:04:38] [world] The Player <wqe123420> has placed COBBLESTONE_WALL at X= -30, Y= -55, Z= -241
[2023-07-10 10:04:40] [world] The Player <wqe123420> has placed TNT at X= -30, Y= -54, Z= -241
[2023-07-10 10:09:58] [world] The Player <wqe123420> has placed DETECTOR_RAIL at X= -29, Y= -53, Z= -242
[2023-07-10 10:10:03] [world] The Player <wqe123420> has placed PISTON at X= -28, Y= -53, Z= -242
[2023-07-10 10:10:08] [world] The Player <wqe123420> has placed LEVER at X= -27, Y= -53, Z= -242
[2023-07-10 10:10:32] [world] The Player <wqe123420> has placed SLIME_BLOCK at X= -30, Y= -54, Z= -242
[2023-07-10 10:10:36] [world] The Player <wqe123420> has placed COBBLESTONE_SLAB at X= -29, Y= -54, Z= -242
[2023-07-10 10:10:37] [world] The Player <wqe123420> has placed COBBLESTONE_SLAB at X= -29, Y= -54, Z= -243
[2023-07-10 10:10:38] [world] The Player <wqe123420> has placed COBBLESTONE_SLAB at X= -28, Y= -54, Z= -243
[2023-07-10 10:10:38] [world] The Player <wqe123420> has placed COBBLESTONE_SLAB at X= -28, Y= -54, Z= -242
[2023-07-10 10:10:39] [world] The Player <wqe123420> has placed COBBLESTONE_SLAB at X= -27, Y= -54, Z= -242
[2023-07-10 10:10:43] [world] The Player <wqe123420> has placed DETECTOR_RAIL at X= -29, Y= -53, Z= -242
[2023-07-10 10:10:53] [world] The Player <wqe123420> has placed PISTON at X= -28, Y= -53, Z= -242
[2023-07-10 10:10:56] [world] The Player <wqe123420> has placed LEVER at X= -27, Y= -53, Z= -242
[2023-07-10 10:11:17] [world] The Player <wqe123420> has placed IRON_BLOCK at X= -30, Y= -55, Z= -237
[2023-07-10 10:11:17] [world] The Player <wqe123420> has placed IRON_BLOCK at X= -30, Y= -55, Z= -236
[2023-07-10 10:11:18] [world] The Player <wqe123420> has placed IRON_BLOCK at X= -30, Y= -55, Z= -235
[2023-07-10 10:11:22] [world] The Player <wqe123420> has placed ANCIENT_DEBRIS at X= -30, Y= -55, Z= -234
[2023-07-10 10:11:23] [world] The Player <wqe123420> has placed ANCIENT_DEBRIS at X= -30, Y= -55, Z= -233
[2023-07-10 10:11:24] [world] The Player <wqe123420> has placed ANCIENT_DEBRIS at X= -30, Y= -55, Z= -232
[2023-07-10 10:11:44] [world] The Player <wqe123420> has placed COBBLESTONE_WALL at X= -30, Y= -56, Z= -240
[2023-07-10 10:11:52] [world] The Player <wqe123420> has placed COBBLESTONE_WALL at X= -30, Y= -55, Z= -240
[2023-07-10 10:12:05] [world] The Player <wqe123420> has placed SLIME_BLOCK at X= -30, Y= -53, Z= -239
[2023-07-10 10:15:21] [world] The Player <wqe123420> has placed TNT at X= -30, Y= -54, Z= -239
[2023-07-10 10:15:23] [world] The Player <wqe123420> has placed BRAIN_CORAL_FAN at X= -30, Y= -54, Z= -238
[2023-07-10 10:23:38] [world] The Player <wqe123420> has placed OBSERVER at X= -30, Y= -55, Z= -247
[2023-07-10 10:23:39] [world] The Player <wqe123420> has placed OBSERVER at X= -30, Y= -54, Z= -247
[2023-07-10 10:23:50] [world] The Player <wqe123420> has placed SLIME_BLOCK at X= -30, Y= -54, Z= -247
[2023-07-10 10:24:03] [world] The Player <wqe123420> has placed OBSERVER at X= -30, Y= -55, Z= -245
[2023-07-10 10:24:05] [world] The Player <wqe123420> has placed SLIME_BLOCK at X= -30, Y= -54, Z= -245
[2023-07-10 10:24:08] [world] The Player <wqe123420> has placed STICKY_PISTON at X= -30, Y= -54, Z= -246
[2023-07-10 10:24:12] [world] The Player <wqe123420> has placed SLIME_BLOCK at X= -30, Y= -54, Z= -247
[2023-07-10 10:24:17] [world] The Player <wqe123420> has placed PISTON at X= -30, Y= -53, Z= -247
[2023-07-10 10:24:19] [world] The Player <wqe123420> has placed PISTON at X= -30, Y= -53, Z= -246
[2023-07-10 10:24:23] [world] The Player <wqe123420> has placed PISTON at X= -30, Y= -53, Z= -245
[2023-07-10 10:24:29] [world] The Player <wqe123420> has placed SLIME_BLOCK at X= -30, Y= -53, Z= -246
[2023-07-10 10:24:30] [world] The Player <wqe123420> has placed PISTON at X= -30, Y= -53, Z= -245
[2023-07-10 10:24:37] [world] The Player <wqe123420> has placed NOTE_BLOCK at X= -30, Y= -52, Z= -245
[2023-07-10 10:24:39] [world] The Player <wqe123420> has placed OBSERVER at X= -30, Y= -52, Z= -246
[2023-07-10 10:24:45] [world] The Player <wqe123420> has placed SLIME_BLOCK at X= -30, Y= -54, Z= -244
[2023-07-10 10:24:51] [world] The Player <wqe123420> has placed IRON_BLOCK at X= -30, Y= -54, Z= -243
[2023-07-10 10:24:55] [world] The Player <wqe123420> has placed SLIME_BLOCK at X= -30, Y= -53, Z= -243
[2023-07-10 10:24:57] [world] The Player <wqe123420> has placed SLIME_BLOCK at X= -30, Y= -54, Z= -242
[2023-07-10 10:25:02] [world] The Player <wqe123420> has placed COBBLESTONE_SLAB at X= -30, Y= -55, Z= -242
[2023-07-10 10:25:07] [world] The Player <wqe123420> has placed COBBLESTONE_WALL at X= -30, Y= -55, Z= -241
[2023-07-10 10:25:12] [world] The Player <wqe123420> has placed OBSERVER at X= -30, Y= -55, Z= -240
[2023-07-10 10:25:16] [world] The Player <wqe123420> has placed PISTON at X= -30, Y= -55, Z= -239
[2023-07-10 10:25:26] [world] The Player <wqe123420> has placed PISTON at X= -30, Y= -53, Z= -242
[2023-07-10 10:25:27] [world] The Player <wqe123420> has placed COBBLESTONE_SLAB at X= -30, Y= -53, Z= -241
[2023-07-10 10:25:30] [world] The Player <wqe123420> has placed SLIME_BLOCK at X= -30, Y= -53, Z= -240
[2023-07-10 10:25:42] [world] The Player <wqe123420> has placed TNT at X= -30, Y= -54, Z= -241
[2023-07-10 10:25:46] [world] The Player <wqe123420> has placed BUBBLE_CORAL_FAN at X= -30, Y= -54, Z= -240
[2023-07-10 10:26:01] [world] The Player <wqe123420> has placed COBBLED_DEEPSLATE at X= -29, Y= -54, Z= -243
[2023-07-10 10:26:01] [world] The Player <wqe123420> has placed COBBLED_DEEPSLATE at X= -29, Y= -54, Z= -242
[2023-07-10 10:26:01] [world] The Player <wqe123420> has placed COBBLED_DEEPSLATE at X= -28, Y= -54, Z= -243
[2023-07-10 10:26:01] [world] The Player <wqe123420> has placed COBBLED_DEEPSLATE at X= -28, Y= -54, Z= -242
[2023-07-10 10:26:02] [world] The Player <wqe123420> has placed COBBLED_DEEPSLATE at X= -27, Y= -54, Z= -242
[2023-07-10 10:26:09] [world] The Player <wqe123420> has placed DETECTOR_RAIL at X= -29, Y= -53, Z= -242
[2023-07-10 10:26:14] [world] The Player <wqe123420> has placed PISTON at X= -28, Y= -53, Z= -242
[2023-07-10 10:26:19] [world] The Player <wqe123420> has placed LEVER at X= -27, Y= -53, Z= -242
[2023-07-10 10:26:30] [world] The Player <wqe123420> has placed IRON_BLOCK at X= -30, Y= -55, Z= -237
[2023-07-10 10:26:31] [world] The Player <wqe123420> has placed IRON_BLOCK at X= -30, Y= -55, Z= -236
[2023-07-10 10:26:32] [world] The Player <wqe123420> has placed IRON_BLOCK at X= -30, Y= -55, Z= -235
[2023-07-10 10:26:34] [world] The Player <wqe123420> has placed ANCIENT_DEBRIS at X= -30, Y= -55, Z= -234
[2023-07-10 10:26:35] [world] The Player <wqe123420> has placed ANCIENT_DEBRIS at X= -30, Y= -55, Z= -233
[2023-07-10 10:26:36] [world] The Player <wqe123420> has placed ANCIENT_DEBRIS at X= -30, Y= -55, Z= -232
[2023-07-10 10:34:40] [world] The Player <wqe123420> has placed LEVER at X= -34, Y= -54, Z= -194
[2023-07-10 10:35:08] [world] The Player <wqe123420> has placed COBBLED_DEEPSLATE at X= -26, Y= -54, Z= -190
[2023-07-10 10:35:14] [world] The Player <wqe123420> has placed COBBLED_DEEPSLATE at X= -26, Y= -55, Z= -191
[2023-07-10 10:35:14] [world] The Player <wqe123420> has placed COBBLED_DEEPSLATE at X= -26, Y= -54, Z= -191
[2023-07-10 10:35:14] [world] The Player <wqe123420> has placed COBBLED_DEEPSLATE at X= -26, Y= -55, Z= -192
[2023-07-10 10:35:15] [world] The Player <wqe123420> has placed COBBLED_DEEPSLATE at X= -26, Y= -54, Z= -192
[2023-07-10 10:35:45] [world] The Player <wqe123420> has placed COBBLED_DEEPSLATE at X= -26, Y= -55, Z= -184
[2023-07-10 10:37:24] [world] The Player <wqe123420> has placed COBBLED_DEEPSLATE at X= -34, Y= -54, Z= -173
[2023-07-10 10:39:58] [world] The Player <wqe123420> has placed COBBLED_DEEPSLATE at X= -26, Y= -55, Z= -156
[2023-07-10 10:39:59] [world] The Player <wqe123420> has placed COBBLED_DEEPSLATE at X= -26, Y= -55, Z= -157
[2023-07-10 10:40:28] [world] The Player <wqe123420> has placed COBBLED_DEEPSLATE at X= -31, Y= -55, Z= -141
[2023-07-10 10:40:33] [world] The Player <wqe123420> has placed COBBLED_DEEPSLATE at X= -29, Y= -55, Z= -140
[2023-07-10 10:40:34] [world] The Player <wqe123420> has placed COBBLED_DEEPSLATE at X= -30, Y= -55, Z= -140
[2023-07-10 10:40:39] [world] The Player <wqe123420> has placed COBBLED_DEEPSLATE at X= -30, Y= -55, Z= -141
[2023-07-10 10:40:40] [world] The Player <wqe123420> has placed COBBLED_DEEPSLATE at X= -30, Y= -55, Z= -142
[2023-07-10 10:40:41] [world] The Player <wqe123420> has placed COBBLED_DEEPSLATE at X= -28, Y= -55, Z= -142
[2023-07-10 10:40:41] [world] The Player <wqe123420> has placed COBBLED_DEEPSLATE at X= -29, Y= -55, Z= -142
[2023-07-10 10:40:43] [world] The Player <wqe123420> has placed COBBLED_DEEPSLATE at X= -33, Y= -55, Z= -143
[2023-07-10 12:49:46] [world] The Player <wqe123420> has placed NOTE_BLOCK at X= -30, Y= -52, Z= -113
[2023-07-10 12:55:02] [world] The Player <wqe123420> has placed TUFF at X= -22, Y= -56, Z= -94
[2023-07-10 12:55:02] [world] The Player <wqe123420> has placed TUFF at X= -22, Y= -55, Z= -94
[2023-07-10 13:06:10] [world] The Player <wqe123420> has placed TUFF at X= -29, Y= -54, Z= -60
[2023-07-10 13:06:10] [world] The Player <wqe123420> has placed TUFF at X= -28, Y= -55, Z= -61
[2023-07-10 13:06:10] [world] The Player <wqe123420> has placed TUFF at X= -28, Y= -54, Z= -61
[2023-07-10 13:06:11] [world] The Player <wqe123420> has placed TUFF at X= -28, Y= -54, Z= -62
[2023-07-10 13:06:11] [world] The Player <wqe123420> has placed TUFF at X= -29, Y= -55, Z= -61
[2023-07-10 13:06:11] [world] The Player <wqe123420> has placed TUFF at X= -29, Y= -55, Z= -62
[2023-07-10 13:06:11] [world] The Player <wqe123420> has placed TUFF at X= -29, Y= -54, Z= -61
[2023-07-10 13:06:12] [world] The Player <wqe123420> has placed TUFF at X= -29, Y= -53, Z= -61
[2023-07-10 13:06:12] [world] The Player <wqe123420> has placed TUFF at X= -29, Y= -52, Z= -61
[2023-07-10 13:06:12] [world] The Player <wqe123420> has placed TUFF at X= -29, Y= -52, Z= -62
[2023-07-10 13:06:12] [world] The Player <wqe123420> has placed TUFF at X= -29, Y= -51, Z= -61
[2023-07-10 13:06:12] [world] The Player <wqe123420> has placed TUFF at X= -29, Y= -50, Z= -61
[2023-07-10 13:28:47] [world] The Player <wqe123420> has placed TUFF at X= -833, Y= -58, Z= -737
[2023-07-10 13:28:48] [world] The Player <wqe123420> has placed TUFF at X= -834, Y= -58, Z= -737
[2023-07-10 13:28:52] [world] The Player <wqe123420> has placed TUFF at X= -841, Y= -58, Z= -737
[2023-07-10 13:28:53] [world] The Player <wqe123420> has placed TUFF at X= -840, Y= -58, Z= -737
[2023-07-10 13:28:54] [world] The Player <wqe123420> has placed TUFF at X= -839, Y= -58, Z= -737
[2023-07-10 13:28:54] [world] The Player <wqe123420> has placed TUFF at X= -838, Y= -58, Z= -737
[2023-07-10 13:28:54] [world] The Player <wqe123420> has placed TUFF at X= -837, Y= -58, Z= -737
[2023-07-10 13:28:56] [world] The Player <wqe123420> has placed TUFF at X= -836, Y= -58, Z= -737
[2023-07-10 13:28:56] [world] The Player <wqe123420> has placed TUFF at X= -835, Y= -58, Z= -737
[2023-07-10 13:28:59] [world] The Player <wqe123420> has placed TUFF at X= -833, Y= -58, Z= -745
[2023-07-10 13:29:00] [world] The Player <wqe123420> has placed TUFF at X= -833, Y= -58, Z= -744
[2023-07-10 13:29:00] [world] The Player <wqe123420> has placed TUFF at X= -833, Y= -58, Z= -743
[2023-07-10 13:29:01] [world] The Player <wqe123420> has placed TUFF at X= -833, Y= -58, Z= -742
[2023-07-10 13:29:01] [world] The Player <wqe123420> has placed TUFF at X= -833, Y= -58, Z= -741
[2023-07-10 13:29:01] [world] The Player <wqe123420> has placed TUFF at X= -833, Y= -58, Z= -740
[2023-07-10 13:29:02] [world] The Player <wqe123420> has placed TUFF at X= -833, Y= -58, Z= -739
[2023-07-10 13:29:02] [world] The Player <wqe123420> has placed TUFF at X= -833, Y= -58, Z= -738
[2023-07-10 13:33:28] [world] The Player <wqe123420> has placed AMETHYST_BLOCK at X= -828, Y= 19, Z= -766
[2023-07-10 13:33:28] [world] The Player <wqe123420> has placed AMETHYST_BLOCK at X= -828, Y= 21, Z= -768
[2023-07-10 13:33:29] [world] The Player <wqe123420> has placed AMETHYST_BLOCK at X= -828, Y= 21, Z= -767
[2023-07-10 13:33:29] [world] The Player <wqe123420> has placed AMETHYST_BLOCK at X= -829, Y= 22, Z= -768
[2023-07-10 13:33:30] [world] The Player <wqe123420> has placed AMETHYST_BLOCK at X= -829, Y= 22, Z= -767
[2023-07-10 13:33:32] [world] The Player <wqe123420> has placed AMETHYST_BLOCK at X= -830, Y= 22, Z= -767
[2023-07-10 13:33:59] [world] The Player <wqe123420> has placed GRASS_BLOCK at X= -848, Y= -60, Z= -763
[2023-07-10 13:34:00] [world] The Player <wqe123420> has placed GRASS_BLOCK at X= -842, Y= -60, Z= -762
[2023-07-10 13:38:42] [world] The Player <wqe123420> has placed TUFF at X= -622, Y= -48, Z= -678
[2023-07-10 13:38:43] [world] The Player <wqe123420> has placed TUFF at X= -621, Y= -48, Z= -678
[2023-07-10 13:38:43] [world] The Player <wqe123420> has placed TUFF at X= -621, Y= -47, Z= -678
[2023-07-10 13:38:43] [world] The Player <wqe123420> has placed TUFF at X= -621, Y= -47, Z= -677
[2023-07-10 13:38:43] [world] The Player <wqe123420> has placed TUFF at X= -621, Y= -46, Z= -677
[2023-07-10 13:38:43] [world] The Player <wqe123420> has placed TUFF at X= -620, Y= -48, Z= -677
[2023-07-10 13:38:44] [world] The Player <wqe123420> has placed TUFF at X= -619, Y= -48, Z= -677
[2023-07-10 13:38:44] [world] The Player <wqe123420> has placed TUFF at X= -620, Y= -47, Z= -677
[2023-07-10 13:39:07] [world] The Player <wqe123420> has placed TUFF at X= -621, Y= -45, Z= -677
[2023-07-10 13:39:07] [world] The Player <wqe123420> has placed TUFF at X= -621, Y= -44, Z= -677
[2023-07-10 13:39:07] [world] The Player <wqe123420> has placed TUFF at X= -621, Y= -43, Z= -677
[2023-07-10 13:39:07] [world] The Player <wqe123420> has placed TUFF at X= -621, Y= -42, Z= -677
[2023-07-10 13:39:25] [world] The Player <wqe123420> has placed TUFF at X= -633, Y= -51, Z= -691
[2023-07-10 13:39:26] [world] The Player <wqe123420> has placed TUFF at X= -634, Y= -51, Z= -692
[2023-07-10 13:39:26] [world] The Player <wqe123420> has placed TUFF at X= -635, Y= -51, Z= -693
[2023-07-10 13:39:26] [world] The Player <wqe123420> has placed TUFF at X= -638, Y= -52, Z= -695
[2023-07-10 13:39:27] [world] The Player <wqe123420> has placed TUFF at X= -639, Y= -52, Z= -696
[2023-07-10 13:39:27] [world] The Player <wqe123420> has placed TUFF at X= -642, Y= -52, Z= -698
[2023-07-10 13:39:28] [world] The Player <wqe123420> has placed TUFF at X= -643, Y= -52, Z= -699
[2023-07-10 13:39:28] [world] The Player <wqe123420> has placed TUFF at X= -647, Y= -52, Z= -701
[2023-07-10 13:39:47] [world] The Player <wqe123420> has placed TUFF at X= -688, Y= -41, Z= -675
[2023-07-10 13:39:47] [world] The Player <wqe123420> has placed TUFF at X= -689, Y= -41, Z= -675
[2023-07-10 13:39:47] [world] The Player <wqe123420> has placed TUFF at X= -688, Y= -40, Z= -675
[2023-07-10 13:39:47] [world] The Player <wqe123420> has placed TUFF at X= -690, Y= -41, Z= -675
[2023-07-10 13:39:48] [world] The Player <wqe123420> has placed TUFF at X= -689, Y= -40, Z= -675
[2023-07-10 13:43:28] [world] The Player <wqe123420> has placed TUFF at X= -662, Y= -50, Z= -691
[2023-07-10 13:43:30] [world] The Player <wqe123420> has placed TUFF at X= -658, Y= -52, Z= -699
[2023-07-10 13:43:30] [world] The Player <wqe123420> has placed TUFF at X= -656, Y= -52, Z= -700
[2023-07-10 13:43:30] [world] The Player <wqe123420> has placed TUFF at X= -656, Y= -52, Z= -701
[2023-07-10 13:43:31] [world] The Player <wqe123420> has placed TUFF at X= -652, Y= -52, Z= -704
[2023-07-10 13:43:31] [world] The Player <wqe123420> has placed TUFF at X= -651, Y= -52, Z= -704
[2023-07-10 13:43:32] [world] The Player <wqe123420> has placed TUFF at X= -649, Y= -52, Z= -709
[2023-07-10 13:43:32] [world] The Player <wqe123420> has placed TUFF at X= -648, Y= -52, Z= -710
[2023-07-10 13:43:33] [world] The Player <wqe123420> has placed TUFF at X= -647, Y= -52, Z= -713
[2023-07-10 13:43:33] [world] The Player <wqe123420> has placed TUFF at X= -647, Y= -52, Z= -714
[2023-07-10 13:43:34] [world] The Player <wqe123420> has placed TUFF at X= -647, Y= -53, Z= -718
[2023-07-10 13:43:35] [world] The Player <wqe123420> has placed TUFF at X= -648, Y= -53, Z= -722
[2023-07-10 13:43:35] [world] The Player <wqe123420> has placed TUFF at X= -648, Y= -53, Z= -723
[2023-07-10 13:43:35] [world] The Player <wqe123420> has placed TUFF at X= -649, Y= -53, Z= -724
[2023-07-10 13:43:35] [world] The Player <wqe123420> has placed TUFF at X= -649, Y= -52, Z= -724
[2023-07-10 13:43:35] [world] The Player <wqe123420> has placed TUFF at X= -649, Y= -51, Z= -724
[2023-07-10 13:43:36] [world] The Player <wqe123420> has placed TUFF at X= -649, Y= -53, Z= -728
[2023-07-10 13:43:37] [world] The Player <wqe123420> has placed TUFF at X= -651, Y= -54, Z= -733
[2023-07-10 13:43:38] [world] The Player <wqe123420> has placed TUFF at X= -651, Y= -53, Z= -733
[2023-07-10 13:43:38] [world] The Player <wqe123420> has placed TUFF at X= -652, Y= -54, Z= -734
[2023-07-10 13:43:38] [world] The Player <wqe123420> has placed TUFF at X= -653, Y= -54, Z= -735
[2023-07-10 13:43:38] [world] The Player <wqe123420> has placed TUFF at X= -653, Y= -53, Z= -735
[2023-07-10 13:43:39] [world] The Player <wqe123420> has placed TUFF at X= -656, Y= -54, Z= -737
[2023-07-10 13:43:39] [world] The Player <wqe123420> has placed TUFF at X= -657, Y= -54, Z= -737
[2023-07-10 13:43:40] [world] The Player <wqe123420> has placed TUFF at X= -660, Y= -54, Z= -739
[2023-07-10 13:43:40] [world] The Player <wqe123420> has placed TUFF at X= -660, Y= -55, Z= -740
[2023-07-10 13:43:40] [world] The Player <wqe123420> has placed TUFF at X= -661, Y= -54, Z= -740
[2023-07-10 13:43:40] [world] The Player <wqe123420> has placed TUFF at X= -661, Y= -53, Z= -740
[2023-07-10 13:43:41] [world] The Player <wqe123420> has placed TUFF at X= -664, Y= -54, Z= -742
[2023-07-10 13:43:41] [world] The Player <wqe123420> has placed TUFF at X= -664, Y= -54, Z= -743
[2023-07-10 13:43:41] [world] The Player <wqe123420> has placed TUFF at X= -665, Y= -54, Z= -743
[2023-07-10 13:43:42] [world] The Player <wqe123420> has placed TUFF at X= -668, Y= -54, Z= -745
[2023-07-10 13:43:42] [world] The Player <wqe123420> has placed TUFF at X= -668, Y= -54, Z= -746
[2023-07-10 13:43:42] [world] The Player <wqe123420> has placed TUFF at X= -669, Y= -54, Z= -746
[2023-07-10 13:43:43] [world] The Player <wqe123420> has placed TUFF at X= -672, Y= -54, Z= -748
[2023-07-10 13:43:43] [world] The Player <wqe123420> has placed TUFF at X= -673, Y= -54, Z= -749
[2023-07-10 13:43:43] [world] The Player <wqe123420> has placed TUFF at X= -673, Y= -53, Z= -749
[2023-07-10 13:43:44] [world] The Player <wqe123420> has placed TUFF at X= -674, Y= -54, Z= -751
[2023-07-10 13:43:44] [world] The Player <wqe123420> has placed TUFF at X= -675, Y= -54, Z= -752
[2023-07-10 13:46:56] [world] The Player <wqe123420> has placed COBBLED_DEEPSLATE at X= -842, Y= -58, Z= -737
[2023-07-10 13:47:01] [world] The Player <wqe123420> has placed COBBLED_DEEPSLATE at X= -833, Y= -58, Z= -740
[2023-07-10 13:47:03] [world] The Player <wqe123420> has placed COBBLED_DEEPSLATE at X= -833, Y= -58, Z= -746
[2023-07-10 13:47:35] [world] The Player <wqe123420> has placed COBBLED_DEEPSLATE at X= -834, Y= -57, Z= -737
[2023-07-10 13:47:35] [world] The Player <wqe123420> has placed COBBLED_DEEPSLATE at X= -833, Y= -57, Z= -738
[2023-07-10 13:47:36] [world] The Player <wqe123420> has placed COBBLED_DEEPSLATE at X= -834, Y= -56, Z= -737
[2023-07-10 13:47:36] [world] The Player <wqe123420> has placed COBBLED_DEEPSLATE at X= -833, Y= -56, Z= -738
[2023-07-10 13:51:08] [world] The Player <wqe123420> has placed COBBLED_DEEPSLATE at X= -846, Y= -60, Z= -740
[2023-07-10 13:51:09] [world] The Player <wqe123420> has placed COBBLED_DEEPSLATE at X= -850, Y= -60, Z= -742
[2023-07-10 13:51:10] [world] The Player <wqe123420> has placed COBBLED_DEEPSLATE at X= -855, Y= -60, Z= -745
[2023-07-10 13:51:11] [world] The Player <wqe123420> has placed COBBLED_DEEPSLATE at X= -854, Y= -60, Z= -751
[2023-07-10 13:51:12] [world] The Player <wqe123420> has placed COBBLED_DEEPSLATE at X= -852, Y= -60, Z= -757
[2023-07-10 13:51:13] [world] The Player <wqe123420> has placed COBBLED_DEEPSLATE at X= -848, Y= -60, Z= -762
[2023-07-10 13:51:14] [world] The Player <wqe123420> has placed COBBLED_DEEPSLATE at X= -843, Y= -60, Z= -763
[2023-07-10 13:51:16] [world] The Player <wqe123420> has placed COBBLED_DEEPSLATE at X= -844, Y= -59, Z= -754
[2023-07-10 13:51:18] [world] The Player <wqe123420> has placed COBBLED_DEEPSLATE at X= -854, Y= -60, Z= -753
[2023-07-10 13:51:19] [world] The Player <wqe123420> has placed COBBLED_DEEPSLATE at X= -860, Y= -60, Z= -751
[2023-07-10 13:51:20] [world] The Player <wqe123420> has placed COBBLED_DEEPSLATE at X= -860, Y= -60, Z= -747
[2023-07-10 13:51:22] [world] The Player <wqe123420> has placed COBBLED_DEEPSLATE at X= -851, Y= -60, Z= -746
[2023-07-10 13:51:25] [world] The Player <wqe123420> has placed COBBLED_DEEPSLATE at X= -847, Y= -60, Z= -762
[2023-07-10 13:51:26] [world] The Player <wqe123420> has placed COBBLED_DEEPSLATE at X= -852, Y= -61, Z= -764
[2023-07-10 13:51:27] [world] The Player <wqe123420> has placed COBBLED_DEEPSLATE at X= -855, Y= -60, Z= -760
[2023-07-10 13:51:28] [world] The Player <wqe123420> has placed COBBLED_DEEPSLATE at X= -858, Y= -60, Z= -754
[2023-07-10 13:51:29] [world] The Player <wqe123420> has placed COBBLED_DEEPSLATE at X= -858, Y= -60, Z= -748
[2023-07-10 13:51:31] [world] The Player <wqe123420> has placed COBBLED_DEEPSLATE at X= -853, Y= -60, Z= -739
[2023-07-10 13:51:32] [world] The Player <wqe123420> has placed COBBLED_DEEPSLATE at X= -848, Y= -60, Z= -739
[2023-07-10 13:51:34] [world] The Player <wqe123420> has placed COBBLED_DEEPSLATE at X= -842, Y= -60, Z= -747
[2023-07-10 13:51:35] [world] The Player <wqe123420> has placed COBBLED_DEEPSLATE at X= -843, Y= -60, Z= -741
[2023-07-10 13:51:36] [world] The Player <wqe123420> has placed COBBLED_DEEPSLATE at X= -841, Y= -60, Z= -744
[2023-07-10 13:51:38] [world] The Player <wqe123420> has placed COBBLED_DEEPSLATE at X= -849, Y= -60, Z= -751
[2023-07-10 13:51:39] [world] The Player <wqe123420> has placed COBBLED_DEEPSLATE at X= -851, Y= -61, Z= -753
[2023-07-10 13:51:40] [world] The Player <wqe123420> has placed COBBLED_DEEPSLATE at X= -855, Y= -60, Z= -756
[2023-07-10 13:51:41] [world] The Player <wqe123420> has placed COBBLED_DEEPSLATE at X= -858, Y= -60, Z= -761
[2023-07-10 13:51:42] [world] The Player <wqe123420> has placed COBBLED_DEEPSLATE at X= -855, Y= -60, Z= -766
[2023-07-10 13:51:43] [world] The Player <wqe123420> has placed COBBLED_DEEPSLATE at X= -849, Y= -60, Z= -767
[2023-07-10 13:51:44] [world] The Player <wqe123420> has placed COBBLED_DEEPSLATE at X= -843, Y= -60, Z= -767
[2023-07-10 13:51:45] [world] The Player <wqe123420> has placed COBBLED_DEEPSLATE at X= -837, Y= -60, Z= -767
[2023-07-10 13:51:48] [world] The Player <wqe123420> has placed COBBLED_DEEPSLATE at X= -839, Y= -60, Z= -755
[2023-07-10 13:51:50] [world] The Player <wqe123420> has placed COBBLED_DEEPSLATE at X= -849, Y= -60, Z= -748
[2023-07-10 13:51:50] [world] The Player <wqe123420> has placed COBBLED_DEEPSLATE at X= -853, Y= -60, Z= -750
[2023-07-10 13:59:00] [world] The Player <wqe123420> has placed GRASS_BLOCK at X= 29, Y= 69, Z= -224
[2023-07-10 13:59:00] [world] The Player <wqe123420> has placed GRASS_BLOCK at X= 29, Y= 69, Z= -225
[2023-07-10 13:59:00] [world] The Player <wqe123420> has placed GRASS_BLOCK at X= 28, Y= 69, Z= -225
[2023-07-10 13:59:01] [world] The Player <wqe123420> has placed GRASS_BLOCK at X= 25, Y= 70, Z= -226
[2023-07-10 14:00:57] [world] The Player <wqe123420> has placed GRASS_BLOCK at X= -54, Y= 71, Z= -216
[2023-07-10 14:00:59] [world] The Player <wqe123420> has placed GRASS_BLOCK at X= -66, Y= 72, Z= -212
[2023-07-10 14:08:36] [world_nether] The Player <Enderlava> has placed OAK_SAPLING at X= 7, Y= 134, Z= -48
[2023-07-10 14:08:42] [world_nether] The Player <Enderlava> has placed OAK_SAPLING at X= 7, Y= 134, Z= -48
[2023-07-10 14:08:43] [world_nether] The Player <Enderlava> has placed OAK_SAPLING at X= 7, Y= 134, Z= -48
[2023-07-10 14:08:43] [world_nether] The Player <Enderlava> has placed OAK_SAPLING at X= 7, Y= 134, Z= -48
[2023-07-10 14:08:58] [world_nether] The Player <Enderlava> has placed OAK_SAPLING at X= 7, Y= 134, Z= -48
[2023-07-10 14:08:59] [world_nether] The Player <Enderlava> has placed OAK_SAPLING at X= 7, Y= 134, Z= -48
[2023-07-10 14:09:00] [world_nether] The Player <Enderlava> has placed OAK_SAPLING at X= 7, Y= 134, Z= -48
[2023-07-10 14:09:03] [world_nether] The Player <Enderlava> has placed OAK_SAPLING at X= 7, Y= 134, Z= -48
[2023-07-10 14:09:04] [world_nether] The Player <Enderlava> has placed OAK_SAPLING at X= 7, Y= 134, Z= -48
[2023-07-10 14:09:05] [world_nether] The Player <Enderlava> has placed OAK_SAPLING at X= 7, Y= 134, Z= -48
[2023-07-10 14:09:06] [world_nether] The Player <Enderlava> has placed OAK_SAPLING at X= 7, Y= 134, Z= -48
[2023-07-10 14:09:07] [world_nether] The Player <Enderlava> has placed OAK_SAPLING at X= 7, Y= 134, Z= -48
[2023-07-10 14:09:07] [world_nether] The Player <Enderlava> has placed OAK_SAPLING at X= 7, Y= 134, Z= -48
[2023-07-10 14:09:08] [world_nether] The Player <Enderlava> has placed OAK_SAPLING at X= 7, Y= 134, Z= -48
[2023-07-10 14:09:14] [world_nether] The Player <Enderlava> has placed OAK_SAPLING at X= 7, Y= 134, Z= -48
[2023-07-10 14:09:14] [world_nether] The Player <Enderlava> has placed OAK_SAPLING at X= 7, Y= 134, Z= -48
[2023-07-10 14:09:18] [world_nether] The Player <Enderlava> has placed OAK_SAPLING at X= 7, Y= 134, Z= -48
[2023-07-10 14:09:19] [world_nether] The Player <Enderlava> has placed OAK_SAPLING at X= 7, Y= 134, Z= -48
[2023-07-10 14:10:18] [world_nether] The Player <Enderlava> has placed OAK_SAPLING at X= 7, Y= 134, Z= -48
[2023-07-10 14:10:32] [world_nether] The Player <Enderlava> has placed OAK_SAPLING at X= 7, Y= 134, Z= -48
[2023-07-10 14:10:33] [world_nether] The Player <Enderlava> has placed STRIPPED_OAK_LOG at X= 8, Y= 133, Z= -47
[2023-07-10 14:10:48] [world_nether] The Player <Enderlava> has placed STRIPPED_DARK_OAK_LOG at X= 8, Y= 133, Z= -47
[2023-07-10 14:11:02] [world_nether] The Player <Enderlava> has placed LADDER at X= 8, Y= 137, Z= -45
[2023-07-10 14:11:20] [world_nether] The Player <Enderlava> has placed OAK_SAPLING at X= 7, Y= 134, Z= -48
[2023-07-10 14:11:54] [world_nether] The Player <Enderlava> has placed OAK_SAPLING at X= 7, Y= 134, Z= -48
[2023-07-10 14:25:43] [world] The Player <wqe123420> has placed COBBLED_DEEPSLATE at X= 1322, Y= 54, Z= 206
[2023-07-10 14:25:43] [world] The Player <wqe123420> has placed COBBLED_DEEPSLATE at X= 1322, Y= 55, Z= 206
[2023-07-10 14:25:43] [world] The Player <wqe123420> has placed COBBLED_DEEPSLATE at X= 1323, Y= 55, Z= 206
[2023-07-10 14:25:43] [world] The Player <wqe123420> has placed COBBLED_DEEPSLATE at X= 1322, Y= 56, Z= 206
[2023-07-10 14:25:44] [world] The Player <wqe123420> has placed COBBLED_DEEPSLATE at X= 1322, Y= 57, Z= 206
[2023-07-10 14:25:44] [world] The Player <wqe123420> has placed COBBLED_DEEPSLATE at X= 1322, Y= 58, Z= 206
[2023-07-10 14:25:44] [world] The Player <wqe123420> has placed COBBLED_DEEPSLATE at X= 1322, Y= 59, Z= 206
[2023-07-10 14:25:45] [world] The Player <wqe123420> has placed COBBLED_DEEPSLATE at X= 1322, Y= 60, Z= 206
[2023-07-10 14:25:45] [world] The Player <wqe123420> has placed COBBLED_DEEPSLATE at X= 1322, Y= 61, Z= 206
[2023-07-10 14:25:47] [world] The Player <wqe123420> has placed COBBLED_DEEPSLATE at X= 1322, Y= 62, Z= 206
[2023-07-10 14:25:47] [world] The Player <wqe123420> has placed COBBLED_DEEPSLATE at X= 1322, Y= 63, Z= 206
[2023-07-10 14:34:56] [world] The Player <wqe123420> has placed COBBLED_DEEPSLATE at X= 1110, Y= 62, Z= -2974
[2023-07-10 14:34:56] [world] The Player <wqe123420> has placed COBBLED_DEEPSLATE at X= 1110, Y= 62, Z= -2973
[2023-07-10 14:34:56] [world] The Player <wqe123420> has placed COBBLED_DEEPSLATE at X= 1111, Y= 62, Z= -2975
[2023-07-10 14:34:57] [world] The Player <wqe123420> has placed COBBLED_DEEPSLATE at X= 1114, Y= 62, Z= -2980
[2023-07-10 14:34:57] [world] The Player <wqe123420> has placed COBBLED_DEEPSLATE at X= 1114, Y= 62, Z= -2981
[2023-07-10 14:34:57] [world] The Player <wqe123420> has placed COBBLED_DEEPSLATE at X= 1113, Y= 63, Z= -2981
[2023-07-10 14:34:57] [world] The Player <wqe123420> has placed COBBLED_DEEPSLATE at X= 1113, Y= 64, Z= -2981
[2023-07-10 14:35:02] [world] The Player <wqe123420> has placed COBBLED_DEEPSLATE at X= 1111, Y= 63, Z= -2986
[2023-07-10 14:35:02] [world] The Player <wqe123420> has placed COBBLED_DEEPSLATE at X= 1111, Y= 63, Z= -2985
[2023-07-10 14:35:03] [world] The Player <wqe123420> has placed COBBLED_DEEPSLATE at X= 1110, Y= 63, Z= -2985
[2023-07-10 14:35:03] [world] The Player <wqe123420> has placed COBBLED_DEEPSLATE at X= 1110, Y= 63, Z= -2984
[2023-07-10 14:35:03] [world] The Player <wqe123420> has placed COBBLED_DEEPSLATE at X= 1110, Y= 64, Z= -2984
[2023-07-10 14:35:04] [world] The Player <wqe123420> has placed COBBLED_DEEPSLATE at X= 1109, Y= 63, Z= -2983
[2023-07-10 14:35:04] [world] The Player <wqe123420> has placed COBBLED_DEEPSLATE at X= 1109, Y= 63, Z= -2982
[2023-07-10 14:35:04] [world] The Player <wqe123420> has placed COBBLED_DEEPSLATE at X= 1109, Y= 64, Z= -2983
[2023-07-10 14:35:04] [world] The Player <wqe123420> has placed COBBLED_DEEPSLATE at X= 1108, Y= 63, Z= -2982
[2023-07-10 14:35:04] [world] The Player <wqe123420> has placed COBBLED_DEEPSLATE at X= 1109, Y= 64, Z= -2982
[2023-07-10 14:35:04] [world] The Player <wqe123420> has placed COBBLED_DEEPSLATE at X= 1108, Y= 64, Z= -2982
[2023-07-10 14:35:05] [world] The Player <wqe123420> has placed COBBLED_DEEPSLATE at X= 1108, Y= 65, Z= -2982
[2023-07-10 14:35:05] [world] The Player <wqe123420> has placed COBBLED_DEEPSLATE at X= 1108, Y= 66, Z= -2982
[2023-07-10 14:35:05] [world] The Player <wqe123420> has placed COBBLED_DEEPSLATE at X= 1109, Y= 65, Z= -2983
[2023-07-10 14:35:06] [world] The Player <wqe123420> has placed COBBLED_DEEPSLATE at X= 1109, Y= 66, Z= -2983
[2023-07-10 14:35:07] [world] The Player <wqe123420> has placed COBBLED_DEEPSLATE at X= 1109, Y= 67, Z= -2983
[2023-07-10 14:35:07] [world] The Player <wqe123420> has placed COBBLED_DEEPSLATE at X= 1109, Y= 68, Z= -2983
[2023-07-10 14:35:08] [world] The Player <wqe123420> has placed COBBLED_DEEPSLATE at X= 1109, Y= 69, Z= -2983
[2023-07-10 14:35:08] [world] The Player <wqe123420> has placed COBBLED_DEEPSLATE at X= 1108, Y= 67, Z= -2983
[2023-07-10 14:35:08] [world] The Player <wqe123420> has placed COBBLED_DEEPSLATE at X= 1108, Y= 67, Z= -2982
[2023-07-10 14:35:08] [world] The Player <wqe123420> has placed COBBLED_DEEPSLATE at X= 1108, Y= 68, Z= -2982
[2023-07-10 14:35:09] [world] The Player <wqe123420> has placed COBBLED_DEEPSLATE at X= 1108, Y= 69, Z= -2982
[2023-07-10 14:35:09] [world] The Player <wqe123420> has placed COBBLED_DEEPSLATE at X= 1108, Y= 70, Z= -2982
[2023-07-10 14:35:09] [world] The Player <wqe123420> has placed COBBLED_DEEPSLATE at X= 1108, Y= 71, Z= -2982
[2023-07-10 14:36:04] [world] The Player <wqe123420> has placed COBBLED_DEEPSLATE at X= 998, Y= 61, Z= -3063
[2023-07-10 14:36:04] [world] The Player <wqe123420> has placed COBBLED_DEEPSLATE at X= 998, Y= 61, Z= -3064
[2023-07-10 14:36:05] [world] The Player <wqe123420> has placed COBBLED_DEEPSLATE at X= 997, Y= 61, Z= -3063
[2023-07-10 14:36:05] [world] The Player <wqe123420> has placed COBBLED_DEEPSLATE at X= 996, Y= 60, Z= -3063
[2023-07-10 14:36:05] [world] The Player <wqe123420> has placed COBBLED_DEEPSLATE at X= 995, Y= 60, Z= -3063
[2023-07-10 14:36:06] [world] The Player <wqe123420> has placed COBBLED_DEEPSLATE at X= 995, Y= 61, Z= -3063
[2023-07-10 14:36:06] [world] The Player <wqe123420> has placed COBBLED_DEEPSLATE at X= 994, Y= 60, Z= -3064
[2023-07-10 14:36:06] [world] The Player <wqe123420> has placed COBBLED_DEEPSLATE at X= 993, Y= 60, Z= -3064
[2023-07-10 14:36:06] [world] The Player <wqe123420> has placed COBBLED_DEEPSLATE at X= 993, Y= 61, Z= -3064
[2023-07-10 14:36:07] [world] The Player <wqe123420> has placed COBBLED_DEEPSLATE at X= 991, Y= 60, Z= -3064
[2023-07-10 14:36:07] [world] The Player <wqe123420> has placed COBBLED_DEEPSLATE at X= 991, Y= 61, Z= -3064
[2023-07-10 14:36:07] [world] The Player <wqe123420> has placed COBBLED_DEEPSLATE at X= 990, Y= 60, Z= -3064
[2023-07-10 14:36:08] [world] The Player <wqe123420> has placed COBBLED_DEEPSLATE at X= 989, Y= 60, Z= -3065
[2023-07-10 14:36:08] [world] The Player <wqe123420> has placed COBBLED_DEEPSLATE at X= 989, Y= 61, Z= -3065
[2023-07-10 14:36:08] [world] The Player <wqe123420> has placed COBBLED_DEEPSLATE at X= 988, Y= 60, Z= -3065
[2023-07-10 14:36:08] [world] The Player <wqe123420> has placed COBBLED_DEEPSLATE at X= 987, Y= 61, Z= -3065
[2023-07-10 14:36:08] [world] The Player <wqe123420> has placed COBBLED_DEEPSLATE at X= 987, Y= 61, Z= -3066
[2023-07-10 14:36:08] [world] The Player <wqe123420> has placed COBBLED_DEEPSLATE at X= 986, Y= 61, Z= -3066
[2023-07-10 14:36:09] [world] The Player <wqe123420> has placed COBBLED_DEEPSLATE at X= 985, Y= 61, Z= -3066
[2023-07-10 14:36:09] [world] The Player <wqe123420> has placed COBBLED_DEEPSLATE at X= 984, Y= 61, Z= -3067
[2023-07-10 14:36:09] [world] The Player <wqe123420> has placed COBBLED_DEEPSLATE at X= 983, Y= 61, Z= -3067
[2023-07-10 14:36:10] [world] The Player <wqe123420> has placed COBBLED_DEEPSLATE at X= 982, Y= 61, Z= -3067
[2023-07-10 14:58:37] [world] The Player <wqe123420> has placed CLAY at X= -3206, Y= 58, Z= 4541
[2023-07-10 14:59:28] [world] The Player <wqe123420> has placed TNT at X= -3240, Y= 65, Z= 4587
[2023-07-10 14:59:31] [world] The Player <wqe123420> has placed TNT at X= -3254, Y= 70, Z= 4578
[2023-07-10 14:59:32] [world] The Player <wqe123420> has placed TNT at X= -3258, Y= 70, Z= 4573
[2023-07-10 14:59:33] [world] The Player <wqe123420> has placed TNT at X= -3260, Y= 70, Z= 4568
[2023-07-10 14:59:51] [world] The Player <wqe123420> has placed TUFF at X= -3234, Y= 59, Z= 4510
[2023-07-10 14:59:52] [world] The Player <wqe123420> has placed TUFF at X= -3234, Y= 60, Z= 4510
[2023-07-10 14:59:52] [world] The Player <wqe123420> has placed TUFF at X= -3234, Y= 61, Z= 4510
[2023-07-10 14:59:52] [world] The Player <wqe123420> has placed TUFF at X= -3234, Y= 62, Z= 4510
[2023-07-10 14:59:53] [world] The Player <wqe123420> has placed TUFF at X= -3234, Y= 63, Z= 4510
[2023-07-10 14:59:53] [world] The Player <wqe123420> has placed TUFF at X= -3234, Y= 64, Z= 4510
[2023-07-10 14:59:53] [world] The Player <wqe123420> has placed TUFF at X= -3234, Y= 65, Z= 4510
[2023-07-10 14:59:53] [world] The Player <wqe123420> has placed TUFF at X= -3234, Y= 66, Z= 4510
[2023-07-10 14:59:53] [world] The Player <wqe123420> has placed TUFF at X= -3234, Y= 67, Z= 4510
[2023-07-10 14:59:54] [world] The Player <wqe123420> has placed TUFF at X= -3234, Y= 68, Z= 4510
[2023-07-10 14:59:54] [world] The Player <wqe123420> has placed TUFF at X= -3234, Y= 69, Z= 4510
[2023-07-10 14:59:54] [world] The Player <wqe123420> has placed TUFF at X= -3234, Y= 70, Z= 4510
[2023-07-10 14:59:54] [world] The Player <wqe123420> has placed TUFF at X= -3234, Y= 71, Z= 4510
[2023-07-10 14:59:54] [world] The Player <wqe123420> has placed TUFF at X= -3234, Y= 72, Z= 4510
[2023-07-10 14:59:55] [world] The Player <wqe123420> has placed TUFF at X= -3234, Y= 73, Z= 4510
[2023-07-10 14:59:55] [world] The Player <wqe123420> has placed TUFF at X= -3234, Y= 74, Z= 4510
[2023-07-10 14:59:55] [world] The Player <wqe123420> has placed TUFF at X= -3234, Y= 75, Z= 4510
[2023-07-10 14:59:55] [world] The Player <wqe123420> has placed TUFF at X= -3234, Y= 76, Z= 4510
[2023-07-10 14:59:55] [world] The Player <wqe123420> has placed TUFF at X= -3234, Y= 77, Z= 4510
[2023-07-10 14:59:56] [world] The Player <wqe123420> has placed TUFF at X= -3234, Y= 78, Z= 4510
[2023-07-10 14:59:56] [world] The Player <wqe123420> has placed TUFF at X= -3234, Y= 79, Z= 4510
[2023-07-10 14:59:56] [world] The Player <wqe123420> has placed TUFF at X= -3234, Y= 80, Z= 4510
[2023-07-10 14:59:56] [world] The Player <wqe123420> has placed TUFF at X= -3234, Y= 81, Z= 4510
[2023-07-10 14:59:56] [world] The Player <wqe123420> has placed TUFF at X= -3234, Y= 82, Z= 4510
[2023-07-10 14:59:57] [world] The Player <wqe123420> has placed TUFF at X= -3234, Y= 83, Z= 4510
[2023-07-10 14:59:57] [world] The Player <wqe123420> has placed TUFF at X= -3234, Y= 84, Z= 4510
[2023-07-10 14:59:57] [world] The Player <wqe123420> has placed TUFF at X= -3234, Y= 85, Z= 4510
[2023-07-10 14:59:57] [world] The Player <wqe123420> has placed TUFF at X= -3234, Y= 86, Z= 4510
[2023-07-10 14:59:58] [world] The Player <wqe123420> has placed TUFF at X= -3234, Y= 87, Z= 4510
[2023-07-10 14:59:58] [world] The Player <wqe123420> has placed TUFF at X= -3234, Y= 88, Z= 4510
[2023-07-10 14:59:58] [world] The Player <wqe123420> has placed TUFF at X= -3234, Y= 89, Z= 4510
[2023-07-10 14:59:58] [world] The Player <wqe123420> has placed TUFF at X= -3234, Y= 90, Z= 4510
[2023-07-10 14:59:58] [world] The Player <wqe123420> has placed TUFF at X= -3234, Y= 91, Z= 4510
[2023-07-10 14:59:58] [world] The Player <wqe123420> has placed TUFF at X= -3234, Y= 92, Z= 4510
[2023-07-10 14:59:59] [world] The Player <wqe123420> has placed TUFF at X= -3234, Y= 93, Z= 4510
[2023-07-10 14:59:59] [world] The Player <wqe123420> has placed TUFF at X= -3234, Y= 94, Z= 4510
[2023-07-10 14:59:59] [world] The Player <wqe123420> has placed TUFF at X= -3234, Y= 95, Z= 4510
[2023-07-10 14:59:59] [world] The Player <wqe123420> has placed TUFF at X= -3234, Y= 96, Z= 4510
[2023-07-10 14:59:59] [world] The Player <wqe123420> has placed TUFF at X= -3234, Y= 97, Z= 4510
[2023-07-10 15:00:00] [world] The Player <wqe123420> has placed TUFF at X= -3234, Y= 98, Z= 4510
[2023-07-10 15:00:00] [world] The Player <wqe123420> has placed TUFF at X= -3234, Y= 99, Z= 4510
[2023-07-10 15:00:00] [world] The Player <wqe123420> has placed TUFF at X= -3234, Y= 100, Z= 4510
[2023-07-10 15:00:00] [world] The Player <wqe123420> has placed TUFF at X= -3234, Y= 101, Z= 4510
[2023-07-10 15:00:01] [world] The Player <wqe123420> has placed TUFF at X= -3234, Y= 102, Z= 4510
[2023-07-10 15:00:01] [world] The Player <wqe123420> has placed TUFF at X= -3234, Y= 103, Z= 4510
[2023-07-10 15:00:01] [world] The Player <wqe123420> has placed TUFF at X= -3234, Y= 104, Z= 4510
[2023-07-10 15:00:01] [world] The Player <wqe123420> has placed TUFF at X= -3234, Y= 105, Z= 4510
[2023-07-10 15:00:01] [world] The Player <wqe123420> has placed TUFF at X= -3234, Y= 106, Z= 4510
[2023-07-10 15:00:01] [world] The Player <wqe123420> has placed TUFF at X= -3234, Y= 107, Z= 4510
[2023-07-10 15:00:02] [world] The Player <wqe123420> has placed TUFF at X= -3234, Y= 108, Z= 4510
[2023-07-10 15:00:02] [world] The Player <wqe123420> has placed TUFF at X= -3234, Y= 109, Z= 4510
[2023-07-10 15:00:02] [world] The Player <wqe123420> has placed TUFF at X= -3234, Y= 110, Z= 4510
[2023-07-10 15:00:02] [world] The Player <wqe123420> has placed TUFF at X= -3234, Y= 111, Z= 4510
[2023-07-10 15:00:02] [world] The Player <wqe123420> has placed TUFF at X= -3234, Y= 112, Z= 4510
[2023-07-10 15:00:03] [world] The Player <wqe123420> has placed TUFF at X= -3234, Y= 113, Z= 4510
[2023-07-10 15:00:03] [world] The Player <wqe123420> has placed TUFF at X= -3234, Y= 114, Z= 4510
[2023-07-10 15:00:03] [world] The Player <wqe123420> has placed TUFF at X= -3234, Y= 115, Z= 4510
[2023-07-10 15:00:03] [world] The Player <wqe123420> has placed TUFF at X= -3234, Y= 116, Z= 4510
[2023-07-10 15:00:03] [world] The Player <wqe123420> has placed TUFF at X= -3234, Y= 117, Z= 4510
[2023-07-10 15:00:04] [world] The Player <wqe123420> has placed TUFF at X= -3234, Y= 118, Z= 4510
[2023-07-10 15:00:04] [world] The Player <wqe123420> has placed TUFF at X= -3234, Y= 119, Z= 4510
[2023-07-10 15:00:04] [world] The Player <wqe123420> has placed TUFF at X= -3234, Y= 120, Z= 4510
[2023-07-10 15:00:04] [world] The Player <wqe123420> has placed TUFF at X= -3234, Y= 121, Z= 4510
[2023-07-10 15:00:04] [world] The Player <wqe123420> has placed TUFF at X= -3234, Y= 122, Z= 4510
[2023-07-10 15:00:27] [world] The Player <wqe123420> has placed COBBLED_DEEPSLATE at X= -3178, Y= 63, Z= 4810
[2023-07-10 15:00:28] [world] The Player <wqe123420> has placed COBBLED_DEEPSLATE at X= -3178, Y= 63, Z= 4809
[2023-07-10 15:00:28] [world] The Player <wqe123420> has placed COBBLED_DEEPSLATE at X= -3178, Y= 64, Z= 4809
[2023-07-10 15:00:28] [world] The Player <wqe123420> has placed COBBLED_DEEPSLATE at X= -3178, Y= 64, Z= 4810
[2023-07-10 15:00:29] [world] The Player <wqe123420> has placed COBBLED_DEEPSLATE at X= -3178, Y= 65, Z= 4810
[2023-07-10 15:00:29] [world] The Player <wqe123420> has placed COBBLED_DEEPSLATE at X= -3178, Y= 66, Z= 4810
[2023-07-10 15:00:29] [world] The Player <wqe123420> has placed COBBLED_DEEPSLATE at X= -3178, Y= 67, Z= 4810
[2023-07-10 15:00:29] [world] The Player <wqe123420> has placed COBBLED_DEEPSLATE at X= -3178, Y= 68, Z= 4810
[2023-07-10 15:00:29] [world] The Player <wqe123420> has placed COBBLED_DEEPSLATE at X= -3178, Y= 69, Z= 4810
[2023-07-10 15:00:29] [world] The Player <wqe123420> has placed COBBLED_DEEPSLATE at X= -3178, Y= 70, Z= 4810
[2023-07-10 15:00:30] [world] The Player <wqe123420> has placed COBBLED_DEEPSLATE at X= -3178, Y= 71, Z= 4810
[2023-07-10 15:00:30] [world] The Player <wqe123420> has placed COBBLED_DEEPSLATE at X= -3178, Y= 72, Z= 4810
[2023-07-10 15:00:30] [world] The Player <wqe123420> has placed COBBLED_DEEPSLATE at X= -3178, Y= 73, Z= 4810
[2023-07-10 15:00:30] [world] The Player <wqe123420> has placed COBBLED_DEEPSLATE at X= -3178, Y= 74, Z= 4810
[2023-07-10 15:00:30] [world] The Player <wqe123420> has placed COBBLED_DEEPSLATE at X= -3178, Y= 75, Z= 4810
[2023-07-10 15:00:31] [world] The Player <wqe123420> has placed COBBLED_DEEPSLATE at X= -3178, Y= 76, Z= 4810
[2023-07-10 15:00:31] [world] The Player <wqe123420> has placed COBBLED_DEEPSLATE at X= -3178, Y= 77, Z= 4810
[2023-07-10 15:00:31] [world] The Player <wqe123420> has placed COBBLED_DEEPSLATE at X= -3178, Y= 78, Z= 4810
[2023-07-10 15:00:31] [world] The Player <wqe123420> has placed COBBLED_DEEPSLATE at X= -3178, Y= 79, Z= 4810
[2023-07-10 15:00:32] [world] The Player <wqe123420> has placed COBBLED_DEEPSLATE at X= -3178, Y= 80, Z= 4810
[2023-07-10 15:00:32] [world] The Player <wqe123420> has placed COBBLED_DEEPSLATE at X= -3178, Y= 81, Z= 4810
[2023-07-10 15:00:32] [world] The Player <wqe123420> has placed COBBLED_DEEPSLATE at X= -3178, Y= 82, Z= 4810
[2023-07-10 15:00:32] [world] The Player <wqe123420> has placed COBBLED_DEEPSLATE at X= -3178, Y= 83, Z= 4810
[2023-07-10 15:00:32] [world] The Player <wqe123420> has placed COBBLED_DEEPSLATE at X= -3178, Y= 84, Z= 4810
[2023-07-10 15:00:39] [world] The Player <wqe123420> has placed SPRUCE_PLANKS at X= -3178, Y= 85, Z= 4810
[2023-07-10 15:00:39] [world] The Player <wqe123420> has placed SPRUCE_PLANKS at X= -3178, Y= 86, Z= 4810
[2023-07-10 15:00:39] [world] The Player <wqe123420> has placed SPRUCE_PLANKS at X= -3178, Y= 87, Z= 4810
[2023-07-10 15:00:39] [world] The Player <wqe123420> has placed SPRUCE_PLANKS at X= -3178, Y= 88, Z= 4810
[2023-07-10 15:00:39] [world] The Player <wqe123420> has placed SPRUCE_PLANKS at X= -3178, Y= 89, Z= 4810
[2023-07-10 15:00:39] [world] The Player <wqe123420> has placed SPRUCE_PLANKS at X= -3178, Y= 90, Z= 4810
[2023-07-10 15:00:40] [world] The Player <wqe123420> has placed SPRUCE_PLANKS at X= -3178, Y= 91, Z= 4810
[2023-07-10 15:00:40] [world] The Player <wqe123420> has placed SPRUCE_PLANKS at X= -3178, Y= 92, Z= 4810
[2023-07-10 15:00:40] [world] The Player <wqe123420> has placed SPRUCE_PLANKS at X= -3178, Y= 93, Z= 4810
[2023-07-10 15:00:40] [world] The Player <wqe123420> has placed SPRUCE_PLANKS at X= -3178, Y= 94, Z= 4810
[2023-07-10 15:00:40] [world] The Player <wqe123420> has placed SPRUCE_PLANKS at X= -3178, Y= 95, Z= 4810
[2023-07-10 15:00:41] [world] The Player <wqe123420> has placed SPRUCE_PLANKS at X= -3178, Y= 96, Z= 4810
[2023-07-10 15:00:41] [world] The Player <wqe123420> has placed SPRUCE_PLANKS at X= -3178, Y= 97, Z= 4810
[2023-07-10 15:00:41] [world] The Player <wqe123420> has placed SPRUCE_PLANKS at X= -3178, Y= 98, Z= 4810
[2023-07-10 15:00:41] [world] The Player <wqe123420> has placed SPRUCE_PLANKS at X= -3178, Y= 99, Z= 4810
[2023-07-10 15:00:42] [world] The Player <wqe123420> has placed SPRUCE_PLANKS at X= -3178, Y= 100, Z= 4810
[2023-07-10 15:00:42] [world] The Player <wqe123420> has placed SPRUCE_PLANKS at X= -3178, Y= 101, Z= 4810
[2023-07-10 15:00:42] [world] The Player <wqe123420> has placed SPRUCE_PLANKS at X= -3178, Y= 102, Z= 4810
[2023-07-10 15:00:42] [world] The Player <wqe123420> has placed SPRUCE_PLANKS at X= -3178, Y= 103, Z= 4810
[2023-07-10 15:00:42] [world] The Player <wqe123420> has placed SPRUCE_PLANKS at X= -3178, Y= 104, Z= 4810
[2023-07-10 15:00:42] [world] The Player <wqe123420> has placed SPRUCE_PLANKS at X= -3178, Y= 105, Z= 4810
[2023-07-10 15:00:43] [world] The Player <wqe123420> has placed SPRUCE_PLANKS at X= -3178, Y= 106, Z= 4810
[2023-07-10 15:00:43] [world] The Player <wqe123420> has placed SPRUCE_PLANKS at X= -3178, Y= 107, Z= 4810
[2023-07-10 15:00:43] [world] The Player <wqe123420> has placed SPRUCE_PLANKS at X= -3178, Y= 108, Z= 4810
[2023-07-10 15:00:43] [world] The Player <wqe123420> has placed SPRUCE_PLANKS at X= -3178, Y= 109, Z= 4810
[2023-07-10 15:00:43] [world] The Player <wqe123420> has placed SPRUCE_PLANKS at X= -3178, Y= 110, Z= 4810
[2023-07-10 15:00:44] [world] The Player <wqe123420> has placed SPRUCE_PLANKS at X= -3178, Y= 111, Z= 4810
[2023-07-10 15:00:44] [world] The Player <wqe123420> has placed SPRUCE_PLANKS at X= -3178, Y= 112, Z= 4810
[2023-07-10 15:00:44] [world] The Player <wqe123420> has placed SPRUCE_PLANKS at X= -3178, Y= 113, Z= 4810
[2023-07-10 15:00:44] [world] The Player <wqe123420> has placed SPRUCE_PLANKS at X= -3178, Y= 114, Z= 4810
[2023-07-10 15:00:45] [world] The Player <wqe123420> has placed SPRUCE_PLANKS at X= -3178, Y= 115, Z= 4810
[2023-07-10 15:00:45] [world] The Player <wqe123420> has placed SPRUCE_PLANKS at X= -3178, Y= 116, Z= 4810
[2023-07-10 15:00:45] [world] The Player <wqe123420> has placed SPRUCE_PLANKS at X= -3178, Y= 117, Z= 4810
[2023-07-10 15:00:45] [world] The Player <wqe123420> has placed SPRUCE_PLANKS at X= -3178, Y= 118, Z= 4810
[2023-07-10 15:00:45] [world] The Player <wqe123420> has placed SPRUCE_PLANKS at X= -3178, Y= 119, Z= 4810
[2023-07-10 15:00:45] [world] The Player <wqe123420> has placed SPRUCE_PLANKS at X= -3178, Y= 120, Z= 4810
[2023-07-10 15:00:46] [world] The Player <wqe123420> has placed SPRUCE_PLANKS at X= -3178, Y= 121, Z= 4810
[2023-07-10 15:00:46] [world] The Player <wqe123420> has placed SPRUCE_PLANKS at X= -3178, Y= 122, Z= 4810
[2023-07-10 15:00:46] [world] The Player <wqe123420> has placed SPRUCE_PLANKS at X= -3178, Y= 123, Z= 4810
[2023-07-10 15:00:46] [world] The Player <wqe123420> has placed SPRUCE_PLANKS at X= -3178, Y= 124, Z= 4810
[2023-07-10 15:00:46] [world] The Player <wqe123420> has placed SPRUCE_PLANKS at X= -3178, Y= 125, Z= 4810
[2023-07-10 15:00:47] [world] The Player <wqe123420> has placed SPRUCE_PLANKS at X= -3178, Y= 126, Z= 4810
[2023-07-10 15:00:47] [world] The Player <wqe123420> has placed SPRUCE_PLANKS at X= -3178, Y= 127, Z= 4810
[2023-07-10 15:00:47] [world] The Player <wqe123420> has placed SPRUCE_PLANKS at X= -3178, Y= 128, Z= 4810
[2023-07-10 15:00:47] [world] The Player <wqe123420> has placed SPRUCE_PLANKS at X= -3178, Y= 129, Z= 4810
[2023-07-10 15:00:47] [world] The Player <wqe123420> has placed SPRUCE_PLANKS at X= -3178, Y= 130, Z= 4810
[2023-07-10 15:00:48] [world] The Player <wqe123420> has placed SPRUCE_PLANKS at X= -3178, Y= 131, Z= 4810
[2023-07-10 15:01:18] [world_nether] The Player <wqe123420> has placed CRAFTING_TABLE at X= -404, Y= 128, Z= 526
[2023-07-10 15:14:02] [world] The Player <wqe123420> has placed LIGHT_GRAY_SHULKER_BOX at X= -27, Y= 63, Z= -287
[2023-07-10 15:14:54] [world] The Player <wqe123420> has placed BOOKSHELF at X= -496, Y= 63, Z= -476
[2023-07-10 20:46:12] [world_the_end] The Player <wqe123420> has placed SPRUCE_PLANKS at X= -11, Y= 0, Z= -279
[2023-07-10 20:46:12] [world_the_end] The Player <wqe123420> has placed SPRUCE_PLANKS at X= -11, Y= 1, Z= -279
[2023-07-10 20:47:14] [world_the_end] The Player <wqe123420> has placed OAK_FENCE_GATE at X= 328, Y= 2, Z= 7
[2023-07-10 20:55:38] [world] The Player <wqe123420> has placed CRAFTING_TABLE at X= -26, Y= 75, Z= -286
[2023-07-10 21:00:40] [world] The Player <wqe123420> has placed SPRUCE_PLANKS at X= -11, Y= 64, Z= -275
[2023-07-10 21:00:40] [world] The Player <wqe123420> has placed SPRUCE_PLANKS at X= -11, Y= 65, Z= -275
[2023-07-10 21:00:40] [world] The Player <wqe123420> has placed SPRUCE_PLANKS at X= -11, Y= 66, Z= -275
[2023-07-10 21:00:41] [world] The Player <wqe123420> has placed SPRUCE_PLANKS at X= -11, Y= 67, Z= -275
[2023-07-10 21:00:41] [world] The Player <wqe123420> has placed SPRUCE_PLANKS at X= -11, Y= 68, Z= -275
[2023-07-10 21:00:43] [world] The Player <wqe123420> has placed SPRUCE_PLANKS at X= 0, Y= 70, Z= -270
[2023-07-10 21:00:45] [world] The Player <wqe123420> has placed SPRUCE_PLANKS at X= 10, Y= 70, Z= -271
[2023-07-10 21:00:46] [world] The Player <wqe123420> has placed SPRUCE_PLANKS at X= 17, Y= 70, Z= -271
[2023-07-10 21:00:48] [world] The Player <wqe123420> has placed SPRUCE_PLANKS at X= 31, Y= 68, Z= -269
[2023-07-10 21:00:49] [world] The Player <wqe123420> has placed SPRUCE_PLANKS at X= 37, Y= 67, Z= -269
[2023-07-10 21:00:50] [world] The Player <wqe123420> has placed SPRUCE_PLANKS at X= 36, Y= 68, Z= -273
[2023-07-10 21:00:51] [world] The Player <wqe123420> has placed SPRUCE_PLANKS at X= 35, Y= 63, Z= -280
[2023-07-10 21:02:35] [world_the_end] The Player <Enderlava> has placed OAK_FENCE_GATE at X= 329, Y= 2, Z= 7
[2023-07-10 21:02:42] [world_the_end] The Player <Enderlava> has placed COBBLESTONE_WALL at X= 329, Y= 2, Z= 8
[2023-07-10 21:02:47] [world_the_end] The Player <Enderlava> has placed OAK_LEAVES at X= 328, Y= 2, Z= 6
[2023-07-10 21:27:17] [world] The Player <wqe123420> has placed LEVER at X= -37, Y= 69, Z= -294
[2023-07-10 21:27:26] [world] The Player <wqe123420> has placed MOSS_BLOCK at X= -38, Y= 71, Z= -297
[2023-07-10 21:27:28] [world] The Player <wqe123420> has placed POWERED_RAIL at X= -39, Y= 68, Z= -295
[2023-07-10 21:27:29] [world] The Player <wqe123420> has placed RAIL at X= -40, Y= 68, Z= -295
[2023-07-10 21:27:30] [world] The Player <wqe123420> has placed STICKY_PISTON at X= -41, Y= 67, Z= -295
[2023-07-10 21:27:31] [world] The Player <wqe123420> has placed LEVER at X= -41, Y= 68, Z= -296
[2023-07-10 21:27:34] [world] The Player <wqe123420> has placed SANDSTONE at X= -42, Y= 68, Z= -294
[2023-07-10 21:27:34] [world] The Player <wqe123420> has placed SANDSTONE at X= -42, Y= 68, Z= -296
[2023-07-10 21:27:35] [world] The Player <wqe123420> has placed SANDSTONE at X= -42, Y= 68, Z= -295
[2023-07-10 21:27:36] [world] The Player <wqe123420> has placed SANDSTONE at X= -41, Y= 68, Z= -294
[2023-07-10 21:44:48] [world] The Player <wqe123420> has placed SPRUCE_PLANKS at X= -36, Y= 72, Z= -254
[2023-07-10 21:44:50] [world] The Player <wqe123420> has placed SPRUCE_PLANKS at X= -37, Y= 72, Z= -254
[2023-07-10 21:44:52] [world] The Player <wqe123420> has placed SPRUCE_PLANKS at X= -36, Y= 72, Z= -253
[2023-07-10 21:44:52] [world] The Player <wqe123420> has placed SPRUCE_PLANKS at X= -37, Y= 72, Z= -253
[2023-07-10 21:44:53] [world] The Player <wqe123420> has placed SPRUCE_PLANKS at X= -37, Y= 73, Z= -254
[2023-07-10 21:44:53] [world] The Player <wqe123420> has placed SPRUCE_PLANKS at X= -37, Y= 73, Z= -253
[2023-07-10 21:44:53] [world] The Player <wqe123420> has placed SPRUCE_PLANKS at X= -36, Y= 73, Z= -254
[2023-07-10 21:51:38] [world] The Player <wqe123420> has placed SPRUCE_PLANKS at X= 433, Y= 35, Z= -733
[2023-07-10 21:51:38] [world] The Player <wqe123420> has placed SPRUCE_PLANKS at X= 433, Y= 36, Z= -733
[2023-07-10 21:51:38] [world] The Player <wqe123420> has placed SPRUCE_PLANKS at X= 433, Y= 37, Z= -733
[2023-07-10 21:51:38] [world] The Player <wqe123420> has placed SPRUCE_PLANKS at X= 433, Y= 38, Z= -733
[2023-07-10 21:51:39] [world] The Player <wqe123420> has placed SPRUCE_PLANKS at X= 433, Y= 39, Z= -733
[2023-07-10 21:51:39] [world] The Player <wqe123420> has placed SPRUCE_PLANKS at X= 433, Y= 40, Z= -733
[2023-07-10 21:51:39] [world] The Player <wqe123420> has placed SPRUCE_PLANKS at X= 433, Y= 41, Z= -733
[2023-07-10 21:51:40] [world] The Player <wqe123420> has placed SPRUCE_PLANKS at X= 433, Y= 42, Z= -733
[2023-07-10 21:51:40] [world] The Player <wqe123420> has placed SPRUCE_PLANKS at X= 433, Y= 43, Z= -733
[2023-07-10 21:51:40] [world] The Player <wqe123420> has placed SPRUCE_PLANKS at X= 433, Y= 44, Z= -733
[2023-07-10 21:51:40] [world] The Player <wqe123420> has placed SPRUCE_PLANKS at X= 433, Y= 45, Z= -733
[2023-07-10 21:51:41] [world] The Player <wqe123420> has placed SPRUCE_PLANKS at X= 433, Y= 46, Z= -733
[2023-07-10 21:51:41] [world] The Player <wqe123420> has placed SPRUCE_PLANKS at X= 433, Y= 47, Z= -733
[2023-07-10 21:51:41] [world] The Player <wqe123420> has placed SPRUCE_PLANKS at X= 433, Y= 48, Z= -733
[2023-07-10 21:51:41] [world] The Player <wqe123420> has placed SPRUCE_PLANKS at X= 433, Y= 49, Z= -733
[2023-07-10 21:51:42] [world] The Player <wqe123420> has placed SPRUCE_PLANKS at X= 433, Y= 50, Z= -733
[2023-07-10 21:51:42] [world] The Player <wqe123420> has placed SPRUCE_PLANKS at X= 433, Y= 51, Z= -733
[2023-07-10 21:51:42] [world] The Player <wqe123420> has placed SPRUCE_PLANKS at X= 433, Y= 52, Z= -733
[2023-07-10 21:51:43] [world] The Player <wqe123420> has placed SPRUCE_PLANKS at X= 433, Y= 53, Z= -733
[2023-07-10 21:51:43] [world] The Player <wqe123420> has placed SPRUCE_PLANKS at X= 433, Y= 54, Z= -733
[2023-07-10 21:51:43] [world] The Player <wqe123420> has placed SPRUCE_PLANKS at X= 433, Y= 55, Z= -733
[2023-07-10 21:51:43] [world] The Player <wqe123420> has placed SPRUCE_PLANKS at X= 433, Y= 56, Z= -733
[2023-07-10 21:51:44] [world] The Player <wqe123420> has placed SPRUCE_PLANKS at X= 433, Y= 57, Z= -733
[2023-07-10 21:51:44] [world] The Player <wqe123420> has placed SPRUCE_PLANKS at X= 433, Y= 58, Z= -733
[2023-07-10 21:51:44] [world] The Player <wqe123420> has placed SPRUCE_PLANKS at X= 433, Y= 59, Z= -733
[2023-07-10 21:51:45] [world] The Player <wqe123420> has placed SPRUCE_PLANKS at X= 433, Y= 60, Z= -733
[2023-07-10 21:51:45] [world] The Player <wqe123420> has placed SPRUCE_PLANKS at X= 433, Y= 61, Z= -733
[2023-07-10 21:51:45] [world] The Player <wqe123420> has placed SPRUCE_PLANKS at X= 433, Y= 62, Z= -733
[2023-07-10 21:51:45] [world] The Player <wqe123420> has placed SPRUCE_PLANKS at X= 433, Y= 63, Z= -733
[2023-07-10 21:51:46] [world] The Player <wqe123420> has placed SPRUCE_PLANKS at X= 433, Y= 64, Z= -733
[2023-07-10 21:55:47] [world] The Player <wqe123420> has placed SPRUCE_PLANKS at X= 1179, Y= 90, Z= -485
[2023-07-10 21:55:47] [world] The Player <wqe123420> has placed SPRUCE_PLANKS at X= 1180, Y= 89, Z= -486
[2023-07-10 21:55:48] [world] The Player <wqe123420> has placed SPRUCE_PLANKS at X= 1180, Y= 90, Z= -486
[2023-07-10 21:55:48] [world] The Player <wqe123420> has placed SPRUCE_PLANKS at X= 1180, Y= 91, Z= -485
