[2023-07-17 09:09:26] [world] The Player <Enderlava> has placed SMOOTH_STONE_SLAB at X= 1069, Y= 207, Z= -200
[2023-07-17 09:09:26] [world] The Player <Enderlava> has placed SMOOTH_STONE_SLAB at X= 1069, Y= 207, Z= -201
[2023-07-17 09:09:26] [world] The Player <Enderlava> has placed SMOOTH_STONE_SLAB at X= 1069, Y= 207, Z= -202
[2023-07-17 09:09:28] [world] The Player <Enderlava> has placed SMOOTH_STONE_SLAB at X= 1068, Y= 208, Z= -202
[2023-07-17 09:09:28] [world] The Player <Enderlava> has placed SMOOTH_STONE_SLAB at X= 1068, Y= 208, Z= -201
[2023-07-17 09:09:29] [world] The Player <Enderlava> has placed SMOOTH_STONE_SLAB at X= 1067, Y= 208, Z= -200
[2023-07-17 09:09:30] [world] The Player <Enderlava> has placed SMOOTH_STONE_SLAB at X= 1068, Y= 208, Z= -200
[2023-07-17 09:09:32] [world] The Player <Enderlava> has placed SMOOTH_STONE_SLAB at X= 1067, Y= 210, Z= -201
[2023-07-17 09:09:40] [world] The Player <Enderlava> has placed SMOOTH_STONE_SLAB at X= 1068, Y= 207, Z= -203
[2023-07-17 09:09:41] [world] The Player <Enderlava> has placed SMOOTH_STONE_SLAB at X= 1067, Y= 207, Z= -203
[2023-07-17 09:09:46] [world] The Player <Enderlava> has placed SMOOTH_STONE_SLAB at X= 1066, Y= 207, Z= -203
[2023-07-17 09:09:51] [world] The Player <Enderlava> has placed SMOOTH_STONE_SLAB at X= 1066, Y= 208, Z= -203
[2023-07-17 09:09:52] [world] The Player <Enderlava> has placed SMOOTH_STONE_SLAB at X= 1066, Y= 208, Z= -203
[2023-07-17 09:09:53] [world] The Player <Enderlava> has placed SMOOTH_STONE_SLAB at X= 1066, Y= 208, Z= -204
[2023-07-17 09:09:54] [world] The Player <Enderlava> has placed SMOOTH_STONE_SLAB at X= 1066, Y= 208, Z= -204
[2023-07-17 09:09:56] [world] The Player <Enderlava> has placed SMOOTH_STONE_SLAB at X= 1066, Y= 208, Z= -203
[2023-07-17 09:09:59] [world] The Player <Enderlava> has placed SMOOTH_STONE_SLAB at X= 1067, Y= 208, Z= -203
[2023-07-17 09:09:59] [world] The Player <Enderlava> has placed SMOOTH_STONE_SLAB at X= 1067, Y= 208, Z= -204
[2023-07-17 09:10:08] [world] The Player <Enderlava> has placed REPEATER at X= 1066, Y= 209, Z= -203
[2023-07-17 09:10:10] [world] The Player <Enderlava> has placed REPEATER at X= 1067, Y= 209, Z= -203
[2023-07-17 09:10:12] [world] The Player <Enderlava> has placed REPEATER at X= 1067, Y= 209, Z= -203
[2023-07-17 09:10:17] [world] The Player <Enderlava> has placed REDSTONE_WIRE at X= 1066, Y= 209, Z= -204
[2023-07-17 09:10:17] [world] The Player <Enderlava> has placed REDSTONE_WIRE at X= 1067, Y= 209, Z= -204
[2023-07-17 09:10:21] [world] The Player <Enderlava> has placed LEVER at X= 1067, Y= 210, Z= -202
[2023-07-17 09:12:38] [world] The Player <Enderlava> has placed OBSERVER at X= 1081, Y= 203, Z= -198
[2023-07-17 09:12:41] [world] The Player <Enderlava> has placed OBSERVER at X= 1080, Y= 203, Z= -198
[2023-07-17 09:12:42] [world] The Player <Enderlava> has placed OBSERVER at X= 1081, Y= 203, Z= -198
[2023-07-17 09:13:18] [world] The Player <Enderlava> has placed JUNGLE_PLANKS at X= 1074, Y= 203, Z= -198
[2023-07-17 09:13:22] [world] The Player <Enderlava> has placed JUNGLE_PLANKS at X= 1073, Y= 202, Z= -195
[2023-07-17 09:13:22] [world] The Player <Enderlava> has placed JUNGLE_PLANKS at X= 1074, Y= 202, Z= -195
[2023-07-17 09:13:23] [world] The Player <Enderlava> has placed JUNGLE_PLANKS at X= 1075, Y= 202, Z= -195
[2023-07-17 09:13:23] [world] The Player <Enderlava> has placed JUNGLE_PLANKS at X= 1076, Y= 202, Z= -195
[2023-07-17 09:13:28] [world] The Player <Enderlava> has placed HOPPER at X= 1075, Y= 203, Z= -195
[2023-07-17 09:13:29] [world] The Player <Enderlava> has placed HOPPER at X= 1076, Y= 203, Z= -195
[2023-07-17 09:17:21] [world] The Player <Enderlava> has placed SMOOTH_STONE at X= 1075, Y= 202, Z= -194
[2023-07-17 09:17:22] [world] The Player <Enderlava> has placed SMOOTH_STONE at X= 1075, Y= 202, Z= -193
[2023-07-17 09:17:33] [world] The Player <Enderlava> has placed SMOOTH_STONE at X= 1075, Y= 203, Z= -196
[2023-07-17 09:17:36] [world] The Player <Enderlava> has placed HOPPER at X= 1075, Y= 203, Z= -195
[2023-07-17 09:17:38] [world] The Player <Enderlava> has placed SMOOTH_STONE at X= 1075, Y= 202, Z= -196
[2023-07-17 09:17:40] [world] The Player <Enderlava> has placed HOPPER at X= 1075, Y= 202, Z= -195
[2023-07-17 09:17:41] [world] The Player <Enderlava> has placed SMOOTH_STONE at X= 1075, Y= 201, Z= -196
[2023-07-17 09:17:43] [world] The Player <Enderlava> has placed HOPPER at X= 1075, Y= 201, Z= -195
[2023-07-17 09:17:55] [world] The Player <Enderlava> has placed SMOOTH_STONE at X= 1075, Y= 202, Z= -192
[2023-07-17 09:17:58] [world] The Player <Enderlava> has placed SMOOTH_STONE at X= 1075, Y= 201, Z= -192
[2023-07-17 09:17:58] [world] The Player <Enderlava> has placed SMOOTH_STONE at X= 1075, Y= 201, Z= -191
[2023-07-17 09:18:00] [world] The Player <Enderlava> has placed SMOOTH_STONE at X= 1075, Y= 200, Z= -191
[2023-07-17 09:18:00] [world] The Player <Enderlava> has placed SMOOTH_STONE at X= 1075, Y= 200, Z= -192
[2023-07-17 09:18:01] [world] The Player <Enderlava> has placed SMOOTH_STONE at X= 1075, Y= 200, Z= -193
[2023-07-17 09:18:01] [world] The Player <Enderlava> has placed SMOOTH_STONE at X= 1075, Y= 200, Z= -194
[2023-07-17 09:18:08] [world] The Player <Enderlava> has placed SMOOTH_STONE at X= 1075, Y= 201, Z= -193
[2023-07-17 09:18:14] [world] The Player <Enderlava> has placed REDSTONE_WIRE at X= 1075, Y= 203, Z= -194
[2023-07-17 09:18:15] [world] The Player <Enderlava> has placed REDSTONE_WIRE at X= 1075, Y= 203, Z= -193
[2023-07-17 09:18:15] [world] The Player <Enderlava> has placed REDSTONE_WIRE at X= 1075, Y= 203, Z= -192
[2023-07-17 09:18:16] [world] The Player <Enderlava> has placed REDSTONE_WIRE at X= 1075, Y= 202, Z= -191
[2023-07-17 09:18:22] [world] The Player <Enderlava> has placed REPEATER at X= 1075, Y= 201, Z= -192
[2023-07-17 09:18:24] [world] The Player <Enderlava> has placed REPEATER at X= 1075, Y= 201, Z= -192
[2023-07-17 09:18:29] [world] The Player <Enderlava> has placed REDSTONE_WALL_TORCH at X= 1075, Y= 201, Z= -194
[2023-07-17 09:18:36] [world] The Player <Enderlava> has placed COMPARATOR at X= 1075, Y= 203, Z= -194
[2023-07-17 09:19:08] [world] The Player <Enderlava> has placed SMOOTH_STONE at X= 1076, Y= 202, Z= -194
[2023-07-17 09:19:09] [world] The Player <Enderlava> has placed SMOOTH_STONE at X= 1077, Y= 202, Z= -194
[2023-07-17 09:19:09] [world] The Player <Enderlava> has placed SMOOTH_STONE at X= 1078, Y= 202, Z= -194
[2023-07-17 09:19:09] [world] The Player <Enderlava> has placed SMOOTH_STONE at X= 1079, Y= 202, Z= -194
[2023-07-17 09:19:10] [world] The Player <Enderlava> has placed SMOOTH_STONE at X= 1080, Y= 202, Z= -194
[2023-07-17 09:19:11] [world] The Player <Enderlava> has placed SMOOTH_STONE at X= 1081, Y= 202, Z= -194
[2023-07-17 09:19:42] [world] The Player <Enderlava> has placed COMPARATOR at X= 1076, Y= 203, Z= -194
[2023-07-17 09:19:42] [world] The Player <Enderlava> has placed COMPARATOR at X= 1077, Y= 203, Z= -194
[2023-07-17 09:19:43] [world] The Player <Enderlava> has placed COMPARATOR at X= 1078, Y= 203, Z= -194
[2023-07-17 09:19:43] [world] The Player <Enderlava> has placed COMPARATOR at X= 1079, Y= 203, Z= -194
[2023-07-17 09:19:44] [world] The Player <Enderlava> has placed COMPARATOR at X= 1080, Y= 203, Z= -194
[2023-07-17 09:19:44] [world] The Player <Enderlava> has placed COMPARATOR at X= 1081, Y= 203, Z= -194
[2023-07-17 09:19:57] [world] The Player <Enderlava> has placed SMOOTH_STONE at X= 1076, Y= 202, Z= -193
[2023-07-17 09:19:58] [world] The Player <Enderlava> has placed SMOOTH_STONE at X= 1076, Y= 202, Z= -192
[2023-07-17 09:19:59] [world] The Player <Enderlava> has placed SMOOTH_STONE at X= 1077, Y= 202, Z= -193
[2023-07-17 09:20:04] [world] The Player <Enderlava> has placed SMOOTH_STONE at X= 1077, Y= 202, Z= -192
[2023-07-17 09:20:06] [world] The Player <Enderlava> has placed SMOOTH_STONE at X= 1081, Y= 202, Z= -193
[2023-07-17 09:20:07] [world] The Player <Enderlava> has placed SMOOTH_STONE at X= 1081, Y= 202, Z= -192
[2023-07-17 09:20:08] [world] The Player <Enderlava> has placed SMOOTH_STONE at X= 1080, Y= 202, Z= -192
[2023-07-17 09:20:08] [world] The Player <Enderlava> has placed SMOOTH_STONE at X= 1080, Y= 202, Z= -193
[2023-07-17 09:20:09] [world] The Player <Enderlava> has placed SMOOTH_STONE at X= 1079, Y= 202, Z= -193
[2023-07-17 09:20:09] [world] The Player <Enderlava> has placed SMOOTH_STONE at X= 1079, Y= 202, Z= -192
[2023-07-17 09:20:09] [world] The Player <Enderlava> has placed SMOOTH_STONE at X= 1078, Y= 202, Z= -192
[2023-07-17 09:20:10] [world] The Player <Enderlava> has placed SMOOTH_STONE at X= 1078, Y= 202, Z= -193
[2023-07-17 09:20:23] [world] The Player <Enderlava> has placed REDSTONE_WIRE at X= 1076, Y= 203, Z= -193
[2023-07-17 09:20:23] [world] The Player <Enderlava> has placed REDSTONE_WIRE at X= 1076, Y= 203, Z= -192
[2023-07-17 11:11:58] [world] The Player <Funget114514> has placed BLACK_SHULKER_BOX at X= -28, Y= 63, Z= -288
[2023-07-17 11:13:04] [world] The Player <Funget114514> has placed BLACK_SHULKER_BOX at X= -28, Y= 63, Z= -288
[2023-07-17 11:18:54] [world] The Player <Funget114514> has placed CRAFTING_TABLE at X= -29, Y= 63, Z= -286
[2023-07-17 11:21:19] [world] The Player <Funget114514> has placed BLUE_SHULKER_BOX at X= -28, Y= 63, Z= -287
[2023-07-17 11:24:26] [world] The Player <Funget114514> has placed BLUE_SHULKER_BOX at X= -28, Y= 62, Z= -288
[2023-07-17 11:26:16] [world] The Player <Funget114514> has placed RED_SHULKER_BOX at X= -28, Y= 63, Z= -287
[2023-07-17 11:27:26] [world] The Player <Funget114514> has placed FIRE at X= -22, Y= 63, Z= -287
[2023-07-17 11:31:12] [world] The Player <Funget114514> has placed CRAFTING_TABLE at X= 1068, Y= 200, Z= -193
[2023-07-17 11:35:13] [world] The Player <Funget114514> has placed YELLOW_SHULKER_BOX at X= -28, Y= 63, Z= -287
[2023-07-17 11:35:37] [world] The Player <Funget114514> has placed BLACK_SHULKER_BOX at X= -28, Y= 63, Z= -287
[2023-07-17 11:38:33] [world] The Player <Funget114514> has placed CRAFTING_TABLE at X= -28, Y= 62, Z= -288
[2023-07-17 11:40:19] [world] The Player <Funget114514> has placed WHITE_CARPET at X= -1, Y= 69, Z= -259
[2023-07-17 11:40:20] [world] The Player <Funget114514> has placed WHITE_CARPET at X= -1, Y= 69, Z= -258
[2023-07-17 11:40:20] [world] The Player <Funget114514> has placed WHITE_CARPET at X= -1, Y= 69, Z= -257
[2023-07-17 11:40:20] [world] The Player <Funget114514> has placed WHITE_CARPET at X= 0, Y= 69, Z= -256
[2023-07-17 11:40:20] [world] The Player <Funget114514> has placed WHITE_CARPET at X= 0, Y= 69, Z= -255
[2023-07-17 11:40:21] [world] The Player <Funget114514> has placed WHITE_CARPET at X= 0, Y= 69, Z= -254
[2023-07-17 11:40:21] [world] The Player <Funget114514> has placed WHITE_CARPET at X= -1, Y= 69, Z= -256
[2023-07-17 11:44:12] [world] The Player <Funget114514> has placed SMOOTH_STONE at X= -976, Y= 67, Z= -1016
[2023-07-17 11:44:39] [world] The Player <Funget114514> has placed GLASS at X= -968, Y= 67, Z= -1007
[2023-07-17 11:44:54] [world] The Player <Funget114514> has placed SCAFFOLDING at X= -972, Y= 64, Z= -1012
[2023-07-17 11:45:07] [world] The Player <Funget114514> has placed SCAFFOLDING at X= -973, Y= 67, Z= -1015
