[2023-07-21 15:17:07] [world] The Player <Funget114514> has placed SUGAR_CANE at X= -995, Y= 63, Z= -978
[2023-07-21 15:17:07] [world] The Player <Funget114514> has placed SUGAR_CANE at X= -994, Y= 63, Z= -978
[2023-07-21 15:17:08] [world] The Player <Funget114514> has placed SUGAR_CANE at X= -993, Y= 63, Z= -977
[2023-07-21 15:17:08] [world] The Player <Funget114514> has placed SUGAR_CANE at X= -992, Y= 63, Z= -977
[2023-07-21 15:17:09] [world] The Player <Funget114514> has placed SUGAR_CANE at X= -992, Y= 64, Z= -977
[2023-07-21 15:17:09] [world] The Player <Funget114514> has placed SUGAR_CANE at X= -991, Y= 63, Z= -977
[2023-07-21 15:17:09] [world] The Player <Funget114514> has placed SUGAR_CANE at X= -990, Y= 63, Z= -977
[2023-07-21 15:17:10] [world] The Player <Funget114514> has placed SUGAR_CANE at X= -989, Y= 63, Z= -977
[2023-07-21 15:17:11] [world] The Player <Funget114514> has placed SUGAR_CANE at X= -988, Y= 63, Z= -976
[2023-07-21 15:17:11] [world] The Player <Funget114514> has placed SUGAR_CANE at X= -987, Y= 63, Z= -976
[2023-07-21 15:17:12] [world] The Player <Funget114514> has placed SUGAR_CANE at X= -986, Y= 63, Z= -975
[2023-07-21 15:17:13] [world] The Player <Funget114514> has placed SUGAR_CANE at X= -985, Y= 63, Z= -975
[2023-07-21 15:17:18] [world] The Player <Funget114514> has placed SUGAR_CANE at X= -1003, Y= 63, Z= -975
[2023-07-21 15:17:19] [world] The Player <Funget114514> has placed SUGAR_CANE at X= -1004, Y= 63, Z= -975
[2023-07-21 15:17:20] [world] The Player <Funget114514> has placed SUGAR_CANE at X= -1005, Y= 63, Z= -976
[2023-07-21 15:17:21] [world] The Player <Funget114514> has placed SUGAR_CANE at X= -1005, Y= 63, Z= -977
[2023-07-21 15:17:22] [world] The Player <Funget114514> has placed SUGAR_CANE at X= -1005, Y= 63, Z= -978
[2023-07-21 15:18:13] [world] The Player <Funget114514> has placed OAK_STAIRS at X= -976, Y= 73, Z= -1012
[2023-07-21 15:18:34] [world] The Player <Enderlava> has placed OAK_DOOR at X= -93, Y= 48, Z= -84
[2023-07-21 15:18:57] [world] The Player <Enderlava> has placed OAK_DOOR at X= -96, Y= 49, Z= -76
[2023-07-21 15:19:07] [world] The Player <Funget114514> has placed TNT at X= -975, Y= 69, Z= -1007
[2023-07-21 15:19:09] [world] The Player <Enderlava> has placed OAK_DOOR at X= -94, Y= 49, Z= -75
[2023-07-21 15:19:11] [world] The Player <Enderlava> has placed OAK_DOOR at X= -95, Y= 49, Z= -76
[2023-07-21 15:26:05] [world] The Player <Enderlava> has placed IRON_BLOCK at X= -78, Y= 65, Z= -131
[2023-07-21 15:26:05] [world] The Player <Enderlava> has placed IRON_BLOCK at X= -78, Y= 66, Z= -132
[2023-07-21 15:26:06] [world] The Player <Enderlava> has placed IRON_BLOCK at X= -78, Y= 67, Z= -132
[2023-07-21 15:26:06] [world] The Player <Enderlava> has placed IRON_BLOCK at X= -78, Y= 68, Z= -132
[2023-07-21 15:26:06] [world] The Player <Enderlava> has placed IRON_BLOCK at X= -78, Y= 68, Z= -133
[2023-07-21 16:21:44] [world_nether] The Player <Enderlava> has placed TNT at X= -48, Y= 10, Z= -103
[2023-07-21 16:22:22] [world_nether] The Player <Enderlava> has placed TNT at X= -65, Y= 18, Z= -49
[2023-07-21 16:22:34] [world_nether] The Player <Enderlava> has placed TNT at X= -69, Y= 17, Z= -49
[2023-07-21 16:22:54] [world_nether] The Player <Enderlava> has placed TNT at X= -65, Y= 18, Z= -39
[2023-07-21 16:23:08] [world_nether] The Player <Enderlava> has placed TNT at X= -65, Y= 19, Z= -30
[2023-07-21 16:23:34] [world_nether] The Player <Enderlava> has placed TNT at X= -61, Y= 15, Z= -23
[2023-07-21 16:23:53] [world_nether] The Player <Enderlava> has placed TNT at X= -65, Y= 14, Z= -18
[2023-07-21 16:24:01] [world_nether] The Player <Enderlava> has placed TNT at X= -66, Y= 16, Z= -16
[2023-07-21 16:24:04] [world_nether] The Player <Enderlava> has placed TNT at X= -66, Y= 16, Z= -15
[2023-07-21 16:24:22] [world_nether] The Player <Enderlava> has placed TNT at X= -66, Y= 17, Z= -15
[2023-07-21 16:24:41] [world_nether] The Player <Enderlava> has placed TNT at X= -65, Y= 13, Z= -7
[2023-07-21 16:24:54] [world_nether] The Player <Enderlava> has placed TNT at X= -64, Y= 14, Z= 0
[2023-07-21 16:25:07] [world_nether] The Player <Enderlava> has placed TNT at X= -65, Y= 13, Z= 7
[2023-07-21 16:25:23] [world_nether] The Player <Enderlava> has placed TNT at X= -64, Y= 14, Z= 15
[2023-07-21 16:25:30] [world_nether] The Player <Enderlava> has placed TNT at X= -64, Y= 11, Z= 16
[2023-07-21 16:25:31] [world_nether] The Player <Enderlava> has placed TNT at X= -65, Y= 11, Z= 16
[2023-07-21 16:25:56] [world_nether] The Player <Enderlava> has placed TNT at X= -64, Y= 11, Z= 30
[2023-07-21 16:26:03] [world_nether] The Player <Enderlava> has placed FIRE at X= -64, Y= 8, Z= 21
[2023-07-21 16:26:08] [world_nether] The Player <Enderlava> has placed TNT at X= -64, Y= 12, Z= 38
[2023-07-21 16:26:26] [world_nether] The Player <Enderlava> has placed TNT at X= -64, Y= 11, Z= 45
[2023-07-21 16:26:38] [world_nether] The Player <Enderlava> has placed TNT at X= -64, Y= 11, Z= 53
[2023-07-21 16:27:15] [world_nether] The Player <Enderlava> has placed TNT at X= -65, Y= 10, Z= 59
[2023-07-21 16:27:30] [world_nether] The Player <Enderlava> has placed TNT at X= -65, Y= 10, Z= 66
[2023-07-21 16:28:56] [world_nether] The Player <Enderlava> has placed TNT at X= -65, Y= 10, Z= 73
[2023-07-21 16:29:14] [world_nether] The Player <Enderlava> has placed TNT at X= -65, Y= 9, Z= 81
[2023-07-21 16:29:46] [world_nether] The Player <Enderlava> has placed TNT at X= -65, Y= 8, Z= 88
[2023-07-21 16:30:14] [world_nether] The Player <Enderlava> has placed TNT at X= -65, Y= 14, Z= 100
[2023-07-21 16:30:28] [world_nether] The Player <Enderlava> has placed TNT at X= -65, Y= 11, Z= 109
[2023-07-21 16:31:28] [world_nether] The Player <Funget114514> has placed TNT at X= -76, Y= 14, Z= 69
[2023-07-21 16:32:28] [world_nether] The Player <Enderlava> has placed TNT at X= -55, Y= 13, Z= 151
[2023-07-21 16:32:38] [world_nether] The Player <Enderlava> has placed TNT at X= -55, Y= 14, Z= 156
[2023-07-21 16:32:53] [world_nether] The Player <Enderlava> has placed TNT at X= -55, Y= 16, Z= 165
[2023-07-21 16:32:54] [world_nether] The Player <Funget114514> has placed TNT at X= -73, Y= 17, Z= 77
[2023-07-21 16:33:06] [world_nether] The Player <Funget114514> has placed TNT at X= -73, Y= 15, Z= 83
[2023-07-21 16:33:17] [world_nether] The Player <Funget114514> has placed TNT at X= -66, Y= 13, Z= 84
[2023-07-21 16:33:18] [world_nether] The Player <Funget114514> has placed FIRE at X= -68, Y= 13, Z= 84
[2023-07-21 16:33:33] [world_nether] The Player <Funget114514> has placed NETHERRACK at X= -66, Y= 7, Z= 84
[2023-07-21 16:33:33] [world_nether] The Player <Funget114514> has placed NETHERRACK at X= -66, Y= 8, Z= 84
[2023-07-21 16:33:33] [world_nether] The Player <Funget114514> has placed NETHERRACK at X= -66, Y= 9, Z= 84
[2023-07-21 16:33:33] [world_nether] The Player <Funget114514> has placed NETHERRACK at X= -66, Y= 10, Z= 84
[2023-07-21 16:33:34] [world_nether] The Player <Funget114514> has placed NETHERRACK at X= -66, Y= 11, Z= 84
[2023-07-21 16:33:34] [world_nether] The Player <Enderlava> has placed TNT at X= -65, Y= 15, Z= 176
[2023-07-21 16:33:44] [world_nether] The Player <Funget114514> has placed TNT at X= -62, Y= 13, Z= 85
[2023-07-21 16:33:46] [world_nether] The Player <Enderlava> has placed TNT at X= -65, Y= 15, Z= 183
[2023-07-21 16:33:56] [world_nether] The Player <Enderlava> has placed TNT at X= -64, Y= 15, Z= 190
[2023-07-21 16:34:05] [world_nether] The Player <Funget114514> has placed TNT at X= -55, Y= 12, Z= 86
[2023-07-21 16:34:09] [world_nether] The Player <Enderlava> has placed TNT at X= -65, Y= 15, Z= 197
[2023-07-21 16:34:19] [world_nether] The Player <Enderlava> has placed TNT at X= -64, Y= 15, Z= 205
[2023-07-21 16:34:34] [world_nether] The Player <Enderlava> has placed TNT at X= -64, Y= 15, Z= 212
[2023-07-21 16:34:49] [world_nether] The Player <Enderlava> has placed TNT at X= -65, Y= 14, Z= 215
[2023-07-21 16:35:00] [world_nether] The Player <Enderlava> has placed TNT at X= -65, Y= 14, Z= 226
[2023-07-21 16:35:02] [world_nether] The Player <Enderlava> has placed TNT at X= -65, Y= 14, Z= 222
[2023-07-21 16:35:23] [world_nether] The Player <Enderlava> has placed TNT at X= -65, Y= 13, Z= 239
[2023-07-21 16:35:26] [world_nether] The Player <Enderlava> has placed TNT at X= -65, Y= 13, Z= 234
[2023-07-21 16:35:43] [world_nether] The Player <Funget114514> has placed NETHERRACK at X= -30, Y= 15, Z= 66
[2023-07-21 16:35:50] [world_nether] The Player <Funget114514> has placed NETHERRACK at X= -31, Y= 14, Z= 69
[2023-07-21 16:35:51] [world_nether] The Player <Funget114514> has placed NETHERRACK at X= -30, Y= 14, Z= 68
[2023-07-21 16:35:51] [world_nether] The Player <Funget114514> has placed NETHERRACK at X= -29, Y= 14, Z= 68
[2023-07-21 16:35:56] [world_nether] The Player <Funget114514> has placed NETHERRACK at X= -32, Y= 16, Z= 66
[2023-07-21 16:36:00] [world_nether] The Player <Funget114514> has placed NETHERRACK at X= -32, Y= 16, Z= 65
[2023-07-21 16:36:06] [world_nether] The Player <Enderlava> has placed TNT at X= -65, Y= 12, Z= 249
[2023-07-21 16:36:09] [world_nether] The Player <Funget114514> has placed NETHERRACK at X= -34, Y= 14, Z= 68
[2023-07-21 16:36:10] [world_nether] The Player <Funget114514> has placed NETHERRACK at X= -33, Y= 14, Z= 68
[2023-07-21 16:36:13] [world_nether] The Player <Funget114514> has placed NETHERRACK at X= -35, Y= 15, Z= 66
[2023-07-21 16:36:13] [world_nether] The Player <Funget114514> has placed NETHERRACK at X= -34, Y= 15, Z= 65
[2023-07-21 16:36:14] [world_nether] The Player <Funget114514> has placed NETHERRACK at X= -34, Y= 15, Z= 66
[2023-07-21 16:36:15] [world_nether] The Player <Funget114514> has placed NETHERRACK at X= -33, Y= 16, Z= 65
[2023-07-21 16:36:16] [world_nether] The Player <Funget114514> has placed NETHERRACK at X= -33, Y= 16, Z= 66
[2023-07-21 16:36:16] [world_nether] The Player <Funget114514> has placed NETHERRACK at X= -32, Y= 16, Z= 65
[2023-07-21 16:36:18] [world_nether] The Player <Funget114514> has placed NETHERRACK at X= -33, Y= 15, Z= 66
[2023-07-21 16:36:18] [world_nether] The Player <Funget114514> has placed NETHERRACK at X= -32, Y= 15, Z= 66
[2023-07-21 16:36:19] [world_nether] The Player <Funget114514> has placed NETHERRACK at X= -34, Y= 14, Z= 66
[2023-07-21 16:36:19] [world_nether] The Player <Enderlava> has placed TNT at X= -65, Y= 15, Z= 261
[2023-07-21 16:36:19] [world_nether] The Player <Funget114514> has placed NETHERRACK at X= -34, Y= 14, Z= 67
[2023-07-21 16:36:19] [world_nether] The Player <Funget114514> has placed NETHERRACK at X= -33, Y= 14, Z= 66
[2023-07-21 16:36:20] [world_nether] The Player <Funget114514> has placed NETHERRACK at X= -33, Y= 14, Z= 67
[2023-07-21 16:37:05] [world_nether] The Player <Funget114514> has placed TNT at X= -52, Y= 14, Z= 75
[2023-07-21 16:37:05] [world_nether] The Player <Funget114514> has placed TNT at X= -51, Y= 14, Z= 75
[2023-07-21 16:37:06] [world_nether] The Player <Funget114514> has placed TNT at X= -51, Y= 14, Z= 74
[2023-07-21 16:37:06] [world_nether] The Player <Funget114514> has placed TNT at X= -52, Y= 14, Z= 74
[2023-07-21 16:37:06] [world_nether] The Player <Funget114514> has placed TNT at X= -52, Y= 15, Z= 74
[2023-07-21 16:37:06] [world_nether] The Player <Funget114514> has placed TNT at X= -51, Y= 15, Z= 74
[2023-07-21 16:37:07] [world_nether] The Player <Funget114514> has placed TNT at X= -51, Y= 15, Z= 73
[2023-07-21 16:37:09] [world_nether] The Player <Funget114514> has placed TNT at X= -51, Y= 15, Z= 75
[2023-07-21 16:37:14] [world_nether] The Player <Funget114514> has placed TNT at X= -51, Y= 14, Z= 73
[2023-07-21 16:37:15] [world_nether] The Player <Funget114514> has placed TNT at X= -50, Y= 14, Z= 73
[2023-07-21 16:37:15] [world_nether] The Player <Funget114514> has placed TNT at X= -49, Y= 14, Z= 73
[2023-07-21 16:37:16] [world_nether] The Player <Enderlava> has placed TNT at X= -65, Y= 17, Z= 281
[2023-07-21 16:37:30] [world_nether] The Player <Enderlava> has placed TNT at X= -65, Y= 16, Z= 291
[2023-07-21 16:37:31] [world_nether] The Player <Funget114514> has placed NETHERRACK at X= -54, Y= 16, Z= 76
[2023-07-21 16:37:38] [world_nether] The Player <Funget114514> has placed TNT at X= -54, Y= 17, Z= 81
[2023-07-21 16:37:46] [world_nether] The Player <Enderlava> has placed TNT at X= -63, Y= 15, Z= 298
[2023-07-21 16:37:59] [world_nether] The Player <Enderlava> has placed TNT at X= -64, Y= 15, Z= 307
[2023-07-21 16:38:03] [world_nether] The Player <Funget114514> has placed NETHERRACK at X= -65, Y= 5, Z= 86
[2023-07-21 16:38:04] [world_nether] The Player <Funget114514> has placed NETHERRACK at X= -65, Y= 6, Z= 86
[2023-07-21 16:38:04] [world_nether] The Player <Funget114514> has placed NETHERRACK at X= -65, Y= 7, Z= 86
[2023-07-21 16:38:04] [world_nether] The Player <Funget114514> has placed NETHERRACK at X= -65, Y= 8, Z= 86
[2023-07-21 16:38:04] [world_nether] The Player <Funget114514> has placed NETHERRACK at X= -65, Y= 9, Z= 86
[2023-07-21 16:38:04] [world_nether] The Player <Funget114514> has placed NETHERRACK at X= -65, Y= 10, Z= 86
[2023-07-21 16:38:04] [world_nether] The Player <Funget114514> has placed NETHERRACK at X= -65, Y= 11, Z= 86
[2023-07-21 16:38:07] [world_nether] The Player <Funget114514> has placed NETHERRACK at X= -65, Y= 12, Z= 86
[2023-07-21 16:38:11] [world_nether] The Player <Funget114514> has placed NETHERRACK at X= -65, Y= 13, Z= 86
[2023-07-21 16:38:18] [world_nether] The Player <Funget114514> has placed NETHERRACK at X= -66, Y= 12, Z= 86
[2023-07-21 16:39:04] [world_nether] The Player <Funget114514> has placed TNT at X= -109, Y= 17, Z= 88
[2023-07-21 16:39:28] [world_nether] The Player <Funget114514> has placed TNT at X= -116, Y= 16, Z= 92
[2023-07-21 16:39:38] [world_nether] The Player <Enderlava> has placed TNT at X= -64, Y= 16, Z= 315
[2023-07-21 16:39:43] [world_nether] The Player <Funget114514> has placed TNT at X= -125, Y= 15, Z= 87
[2023-07-21 16:39:49] [world_nether] The Player <Funget114514> has placed TNT at X= -129, Y= 15, Z= 87
[2023-07-21 16:39:52] [world_nether] The Player <Enderlava> has placed TNT at X= -65, Y= 17, Z= 322
[2023-07-21 16:40:05] [world_nether] The Player <Funget114514> has placed TNT at X= -131, Y= 14, Z= 86
[2023-07-21 16:40:09] [world_nether] The Player <Funget114514> has placed TNT at X= -133, Y= 14, Z= 86
[2023-07-21 16:40:11] [world_nether] The Player <Enderlava> has placed TNT at X= -65, Y= 16, Z= 329
[2023-07-21 16:40:13] [world_nether] The Player <Funget114514> has placed TNT at X= -135, Y= 14, Z= 86
[2023-07-21 16:40:15] [world_nether] The Player <Funget114514> has placed TNT at X= -139, Y= 14, Z= 86
[2023-07-21 16:40:18] [world_nether] The Player <Funget114514> has placed TNT at X= -143, Y= 14, Z= 86
[2023-07-21 16:40:23] [world_nether] The Player <Enderlava> has placed TNT at X= -65, Y= 16, Z= 338
[2023-07-21 16:40:27] [world_nether] The Player <Funget114514> has placed TNT at X= -146, Y= 14, Z= 86
[2023-07-21 16:40:35] [world_nether] The Player <Enderlava> has placed TNT at X= -64, Y= 16, Z= 346
[2023-07-21 16:40:46] [world_nether] The Player <Enderlava> has placed TNT at X= -65, Y= 16, Z= 354
[2023-07-21 16:40:58] [world_nether] The Player <Enderlava> has placed TNT at X= -65, Y= 15, Z= 363
[2023-07-21 16:41:12] [world_nether] The Player <Enderlava> has placed ANCIENT_DEBRIS at X= -67, Y= 12, Z= 363
[2023-07-21 16:41:21] [world_nether] The Player <Enderlava> has placed TNT at X= -65, Y= 15, Z= 371
[2023-07-21 16:41:30] [world_nether] The Player <Enderlava> has placed TNT at X= -65, Y= 15, Z= 379
[2023-07-21 16:41:39] [world_nether] The Player <Enderlava> has placed TNT at X= -65, Y= 15, Z= 388
[2023-07-21 16:41:53] [world_nether] The Player <Enderlava> has placed TNT at X= -65, Y= 14, Z= 396
[2023-07-21 16:42:07] [world_nether] The Player <Enderlava> has placed TNT at X= -65, Y= 15, Z= 405
[2023-07-21 16:42:17] [world_nether] The Player <Enderlava> has placed TNT at X= -65, Y= 16, Z= 415
[2023-07-21 16:42:48] [world_nether] The Player <Enderlava> has placed TNT at X= -65, Y= 16, Z= 420
[2023-07-21 16:43:13] [world_nether] The Player <Enderlava> has placed TNT at X= -65, Y= 15, Z= 428
[2023-07-21 16:43:28] [world_nether] The Player <Enderlava> has placed TNT at X= -65, Y= 15, Z= 433
[2023-07-21 16:43:41] [world_nether] The Player <Enderlava> has placed TNT at X= -64, Y= 13, Z= 438
[2023-07-21 16:43:46] [world_nether] The Player <Funget114514> has placed TNT at X= -165, Y= 9, Z= 75
[2023-07-21 16:44:13] [world_nether] The Player <Enderlava> has placed TNT at X= -64, Y= 13, Z= 445
[2023-07-21 16:44:24] [world_nether] The Player <Enderlava> has placed TNT at X= -64, Y= 12, Z= 452
[2023-07-21 16:44:27] [world_nether] The Player <Enderlava> has placed TNT at X= -67, Y= 13, Z= 443
[2023-07-21 16:44:44] [world_nether] The Player <Enderlava> has placed TNT at X= -65, Y= 12, Z= 461
[2023-07-21 16:44:47] [world_nether] The Player <Funget114514> has placed TNT at X= -168, Y= 16, Z= 32
[2023-07-21 16:44:51] [world_nether] The Player <Funget114514> has placed FIRE at X= -168, Y= 15, Z= 36
[2023-07-21 16:45:09] [world_nether] The Player <Enderlava> has placed TNT at X= -65, Y= 12, Z= 464
[2023-07-21 16:45:11] [world_nether] The Player <Enderlava> has placed TNT at X= -65, Y= 14, Z= 465
[2023-07-21 16:45:25] [world_nether] The Player <Enderlava> has placed TNT at X= -65, Y= 11, Z= 473
[2023-07-21 16:45:35] [world_nether] The Player <Funget114514> has placed TNT at X= -167, Y= 16, Z= -2
[2023-07-21 16:45:39] [world_nether] The Player <Funget114514> has placed TNT at X= -167, Y= 16, Z= 1
[2023-07-21 16:45:40] [world_nether] The Player <Enderlava> has placed TNT at X= -65, Y= 10, Z= 481
[2023-07-21 16:45:47] [world_nether] The Player <Funget114514> has placed TNT at X= -167, Y= 16, Z= 14
[2023-07-21 16:45:48] [world_nether] The Player <Funget114514> has placed TNT at X= -167, Y= 16, Z= 12
[2023-07-21 16:45:51] [world_nether] The Player <Enderlava> has placed TNT at X= -56, Y= 10, Z= 479
[2023-07-21 16:45:51] [world_nether] The Player <Funget114514> has placed TNT at X= -167, Y= 16, Z= 9
[2023-07-21 16:45:52] [world_nether] The Player <Funget114514> has placed TNT at X= -167, Y= 16, Z= 7
[2023-07-21 16:45:53] [world_nether] The Player <Funget114514> has placed TNT at X= -167, Y= 16, Z= 5
[2023-07-21 16:45:57] [world_nether] The Player <Enderlava> has placed TNT at X= -75, Y= 9, Z= 480
[2023-07-21 16:46:01] [world_nether] The Player <Funget114514> has placed TNT at X= -167, Y= 16, Z= 2
[2023-07-21 16:46:08] [world_nether] The Player <Funget114514> has placed TNT at X= -167, Y= 16, Z= -4
[2023-07-21 16:46:09] [world_nether] The Player <Funget114514> has placed TNT at X= -167, Y= 16, Z= -6
[2023-07-21 16:46:12] [world_nether] The Player <Funget114514> has placed TNT at X= -167, Y= 16, Z= -8
[2023-07-21 16:46:20] [world_nether] The Player <Enderlava> has placed TNT at X= -64, Y= 9, Z= 490
[2023-07-21 16:46:26] [world_nether] The Player <Funget114514> has placed TNT at X= -167, Y= 16, Z= 17
[2023-07-21 16:46:30] [world_nether] The Player <Funget114514> has placed TNT at X= -167, Y= 16, Z= 21
[2023-07-21 16:46:37] [world_nether] The Player <Enderlava> has placed TNT at X= -65, Y= 10, Z= 495
[2023-07-21 16:46:48] [world_nether] The Player <Enderlava> has placed TNT at X= -64, Y= 10, Z= 502
[2023-07-21 16:47:02] [world_nether] The Player <Enderlava> has placed TNT at X= -65, Y= 15, Z= 512
[2023-07-21 16:47:10] [world_nether] The Player <Enderlava> has placed TNT at X= -65, Y= 15, Z= 506
[2023-07-21 16:47:15] [world_nether] The Player <Enderlava> has placed TNT at X= -65, Y= 15, Z= 518
[2023-07-21 16:47:29] [world_nether] The Player <Enderlava> has placed TNT at X= -64, Y= 16, Z= 525
[2023-07-21 16:47:36] [world_nether] The Player <Funget114514> has placed NETHERRACK at X= -180, Y= 10, Z= -5
[2023-07-21 16:47:50] [world_nether] The Player <Funget114514> has placed NETHERRACK at X= -192, Y= 15, Z= -6
[2023-07-21 16:47:52] [world_nether] The Player <Enderlava> has placed TNT at X= -64, Y= 16, Z= 531
[2023-07-21 16:47:52] [world_nether] The Player <Funget114514> has placed NETHERRACK at X= -193, Y= 15, Z= -6
[2023-07-21 16:47:53] [world_nether] The Player <Funget114514> has placed NETHERRACK at X= -191, Y= 15, Z= -6
[2023-07-21 16:48:02] [world_nether] The Player <Funget114514> has placed TNT at X= -193, Y= 17, Z= -4
[2023-07-21 16:48:03] [world_nether] The Player <Enderlava> has placed TNT at X= -64, Y= 17, Z= 543
[2023-07-21 16:48:04] [world_nether] The Player <Funget114514> has placed TNT at X= -194, Y= 17, Z= -8
[2023-07-21 16:48:05] [world_nether] The Player <Funget114514> has placed TNT at X= -196, Y= 17, Z= -6
[2023-07-21 16:48:05] [world_nether] The Player <Enderlava> has placed TNT at X= -64, Y= 16, Z= 538
[2023-07-21 16:48:06] [world_nether] The Player <Funget114514> has placed TNT at X= -196, Y= 17, Z= -4
[2023-07-21 16:48:08] [world_nether] The Player <Funget114514> has placed TNT at X= -196, Y= 17, Z= -8
[2023-07-21 16:48:21] [world_nether] The Player <Enderlava> has placed TNT at X= -64, Y= 15, Z= 550
[2023-07-21 16:48:35] [world_nether] The Player <Enderlava> has placed TNT at X= -64, Y= 18, Z= 558
[2023-07-21 16:48:52] [world_nether] The Player <Enderlava> has placed TNT at X= -64, Y= 16, Z= 563
[2023-07-21 16:49:02] [world_nether] The Player <Enderlava> has placed TNT at X= -65, Y= 16, Z= 571
[2023-07-21 16:49:02] [world_nether] The Player <Enderlava> has placed TNT at X= -65, Y= 16, Z= 570
[2023-07-21 16:49:15] [world_nether] The Player <Enderlava> has placed TNT at X= -65, Y= 13, Z= 579
[2023-07-21 16:49:26] [world_nether] The Player <Enderlava> has placed TNT at X= -64, Y= 12, Z= 587
[2023-07-21 16:49:29] [world_nether] The Player <Funget114514> has placed TNT at X= -212, Y= 12, Z= 15
[2023-07-21 16:49:40] [world_nether] The Player <Funget114514> has placed TNT at X= -212, Y= 12, Z= 18
[2023-07-21 16:49:50] [world_nether] The Player <Funget114514> has placed TNT at X= -212, Y= 12, Z= 21
[2023-07-21 16:49:55] [world_nether] The Player <Funget114514> has placed TNT at X= -212, Y= 12, Z= 24
[2023-07-21 16:50:01] [world_nether] The Player <Funget114514> has placed TNT at X= -212, Y= 12, Z= 27
[2023-07-21 16:50:06] [world_nether] The Player <Funget114514> has placed TNT at X= -212, Y= 12, Z= 30
[2023-07-21 16:50:07] [world_nether] The Player <Enderlava> has placed TNT at X= -49, Y= 11, Z= 594
[2023-07-21 16:50:10] [world_nether] The Player <Enderlava> has placed TNT at X= -49, Y= 11, Z= 590
[2023-07-21 16:50:12] [world_nether] The Player <Funget114514> has placed TNT at X= -212, Y= 12, Z= 34
[2023-07-21 16:50:16] [world_nether] The Player <Funget114514> has placed TNT at X= -212, Y= 12, Z= 36
[2023-07-21 16:50:19] [world_nether] The Player <Funget114514> has placed TNT at X= -212, Y= 12, Z= 38
[2023-07-21 16:50:29] [world_nether] The Player <Enderlava> has placed TNT at X= -50, Y= 12, Z= 601
[2023-07-21 16:50:39] [world_nether] The Player <Enderlava> has placed TNT at X= -49, Y= 11, Z= 610
[2023-07-21 16:50:50] [world_nether] The Player <Enderlava> has placed TNT at X= -49, Y= 11, Z= 621
[2023-07-21 16:51:37] [world_nether] The Player <Funget114514> has placed TNT at X= -210, Y= 13, Z= 94
[2023-07-21 16:51:39] [world_nether] The Player <Funget114514> has placed TNT at X= -210, Y= 13, Z= 91
[2023-07-21 16:51:41] [world_nether] The Player <Funget114514> has placed TNT at X= -210, Y= 13, Z= 88
[2023-07-21 16:51:44] [world_nether] The Player <Funget114514> has placed TNT at X= -210, Y= 13, Z= 85
[2023-07-21 16:51:46] [world_nether] The Player <Funget114514> has placed TNT at X= -210, Y= 13, Z= 82
[2023-07-21 16:51:51] [world_nether] The Player <Funget114514> has placed TNT at X= -210, Y= 13, Z= 79
[2023-07-21 16:51:53] [world_nether] The Player <Enderlava> has placed TNT at X= -72, Y= 12, Z= 587
[2023-07-21 16:51:54] [world_nether] The Player <Funget114514> has placed TNT at X= -210, Y= 13, Z= 76
[2023-07-21 16:51:56] [world_nether] The Player <Funget114514> has placed TNT at X= -210, Y= 13, Z= 73
[2023-07-21 16:52:06] [world_nether] The Player <Enderlava> has placed TNT at X= -79, Y= 11, Z= 587
[2023-07-21 16:52:23] [world_nether] The Player <Funget114514> has placed NETHERRACK at X= -213, Y= 7, Z= 85
[2023-07-21 16:52:24] [world_nether] The Player <Funget114514> has placed NETHERRACK at X= -213, Y= 8, Z= 85
[2023-07-21 16:52:24] [world_nether] The Player <Enderlava> has placed TNT at X= -84, Y= 13, Z= 584
[2023-07-21 16:52:24] [world_nether] The Player <Funget114514> has placed NETHERRACK at X= -213, Y= 9, Z= 85
[2023-07-21 16:52:24] [world_nether] The Player <Funget114514> has placed NETHERRACK at X= -213, Y= 10, Z= 85
[2023-07-21 16:52:25] [world_nether] The Player <Funget114514> has placed NETHERRACK at X= -213, Y= 11, Z= 85
[2023-07-21 16:52:42] [world_nether] The Player <Enderlava> has placed TNT at X= -91, Y= 14, Z= 584
[2023-07-21 16:53:09] [world_nether] The Player <Funget114514> has placed NETHERRACK at X= -211, Y= 10, Z= 111
[2023-07-21 16:53:12] [world_nether] The Player <Funget114514> has placed NETHERRACK at X= -211, Y= 10, Z= 112
[2023-07-21 16:53:22] [world_nether] The Player <Enderlava> has placed TNT at X= -103, Y= 13, Z= 591
[2023-07-21 16:53:27] [world_nether] The Player <Enderlava> has placed TNT at X= -103, Y= 13, Z= 588
[2023-07-21 16:53:36] [world_nether] The Player <Funget114514> has placed TNT at X= -211, Y= 16, Z= 153
[2023-07-21 16:53:37] [world_nether] The Player <Funget114514> has placed TNT at X= -211, Y= 16, Z= 150
[2023-07-21 16:53:39] [world_nether] The Player <Enderlava> has placed TNT at X= -111, Y= 14, Z= 591
[2023-07-21 16:53:41] [world_nether] The Player <Funget114514> has placed TNT at X= -211, Y= 16, Z= 147
[2023-07-21 16:53:43] [world_nether] The Player <Funget114514> has placed TNT at X= -211, Y= 16, Z= 144
[2023-07-21 16:53:47] [world_nether] The Player <Funget114514> has placed TNT at X= -211, Y= 16, Z= 141
[2023-07-21 16:53:48] [world_nether] The Player <Funget114514> has placed TNT at X= -211, Y= 16, Z= 138
[2023-07-21 16:53:52] [world_nether] The Player <Funget114514> has placed TNT at X= -211, Y= 16, Z= 136
[2023-07-21 16:53:54] [world_nether] The Player <Funget114514> has placed TNT at X= -211, Y= 16, Z= 132
[2023-07-21 16:53:58] [world_nether] The Player <Funget114514> has placed TNT at X= -211, Y= 16, Z= 128
[2023-07-21 16:54:01] [world_nether] The Player <Funget114514> has placed TNT at X= -211, Y= 15, Z= 125
[2023-07-21 16:54:08] [world_nether] The Player <Funget114514> has placed NETHERRACK at X= -211, Y= 12, Z= 122
[2023-07-21 16:54:24] [world_nether] The Player <Enderlava> has placed TNT at X= -136, Y= 15, Z= 591
[2023-07-21 16:54:51] [world_nether] The Player <Funget114514> has placed NETHERRACK at X= -211, Y= 7, Z= 152
[2023-07-21 16:54:51] [world_nether] The Player <Funget114514> has placed NETHERRACK at X= -211, Y= 8, Z= 153
[2023-07-21 16:54:51] [world_nether] The Player <Funget114514> has placed NETHERRACK at X= -211, Y= 10, Z= 154
[2023-07-21 16:54:58] [world_nether] The Player <Enderlava> has placed TNT at X= -152, Y= 15, Z= 591
[2023-07-21 16:55:05] [world_nether] The Player <Funget114514> has placed TNT at X= -209, Y= 16, Z= 166
[2023-07-21 16:55:06] [world_nether] The Player <Funget114514> has placed TNT at X= -206, Y= 16, Z= 168
[2023-07-21 16:55:11] [world_nether] The Player <Funget114514> has placed TNT at X= -209, Y= 16, Z= 170
[2023-07-21 16:55:13] [world_nether] The Player <Enderlava> has placed TNT at X= -159, Y= 15, Z= 592
[2023-07-21 16:55:18] [world_nether] The Player <Funget114514> has placed TNT at X= -209, Y= 16, Z= 173
[2023-07-21 16:55:22] [world_nether] The Player <Funget114514> has placed TNT at X= -210, Y= 16, Z= 176
[2023-07-21 16:55:26] [world_nether] The Player <Funget114514> has placed TNT at X= -209, Y= 16, Z= 176
[2023-07-21 16:55:27] [world_nether] The Player <Funget114514> has placed TNT at X= -209, Y= 16, Z= 178
[2023-07-21 16:55:30] [world_nether] The Player <Enderlava> has placed TNT at X= -167, Y= 14, Z= 591
[2023-07-21 16:55:31] [world_nether] The Player <Funget114514> has placed TNT at X= -209, Y= 16, Z= 180
[2023-07-21 16:55:39] [world_nether] The Player <Funget114514> has placed NETHERRACK at X= -208, Y= 16, Z= 166
[2023-07-21 16:55:39] [world_nether] The Player <Funget114514> has placed NETHERRACK at X= -208, Y= 16, Z= 165
[2023-07-21 16:55:40] [world_nether] The Player <Enderlava> has placed TNT at X= -172, Y= 11, Z= 590
[2023-07-21 16:55:46] [world_nether] The Player <Enderlava> has placed TNT at X= -167, Y= 12, Z= 598
[2023-07-21 16:55:57] [world_nether] The Player <Enderlava> has placed TNT at X= -167, Y= 13, Z= 587
[2023-07-21 16:56:13] [world_nether] The Player <Enderlava> has placed TNT at X= -193, Y= 14, Z= 592
[2023-07-21 16:56:15] [world_nether] The Player <Enderlava> has placed TNT at X= -188, Y= 13, Z= 592
[2023-07-21 16:56:42] [world_nether] The Player <Enderlava> has placed TNT at X= -199, Y= 14, Z= 593
[2023-07-21 16:57:09] [world_nether] The Player <Enderlava> has placed TNT at X= -200, Y= 12, Z= 607
[2023-07-21 16:57:23] [world_nether] The Player <Enderlava> has placed TNT at X= -191, Y= 13, Z= 607
[2023-07-21 16:57:41] [world_nether] The Player <Enderlava> has placed TNT at X= -191, Y= 12, Z= 617
[2023-07-21 16:57:58] [world_nether] The Player <Enderlava> has placed TNT at X= -191, Y= 15, Z= 623
[2023-07-21 16:58:08] [world_nether] The Player <Enderlava> has placed TNT at X= -195, Y= 12, Z= 623
[2023-07-21 16:58:13] [world_nether] The Player <Enderlava> has placed TNT at X= -188, Y= 11, Z= 623
[2023-07-21 16:58:24] [world_nether] The Player <Enderlava> has placed TNT at X= -192, Y= 12, Z= 632
[2023-07-21 16:58:50] [world_nether] The Player <Enderlava> has placed TNT at X= -193, Y= 12, Z= 639
[2023-07-21 16:59:10] [world_nether] The Player <Enderlava> has placed TNT at X= -192, Y= 17, Z= 651
[2023-07-21 16:59:25] [world_nether] The Player <Enderlava> has placed TNT at X= -205, Y= 16, Z= 649
[2023-07-21 16:59:27] [world_nether] The Player <Enderlava> has placed TNT at X= -199, Y= 16, Z= 649
[2023-07-21 16:59:51] [world_nether] The Player <Enderlava> has placed TNT at X= -185, Y= 16, Z= 649
[2023-07-21 16:59:56] [world_nether] The Player <Enderlava> has placed BLACKSTONE at X= -190, Y= 15, Z= 649
[2023-07-21 16:59:56] [world_nether] The Player <Enderlava> has placed BLACKSTONE at X= -190, Y= 16, Z= 649
[2023-07-21 17:00:09] [world_nether] The Player <Enderlava> has placed TNT at X= -186, Y= 15, Z= 658
[2023-07-21 17:00:40] [world_nether] The Player <Enderlava> has placed TNT at X= -185, Y= 13, Z= 685
[2023-07-21 17:00:42] [world_nether] The Player <Enderlava> has placed TNT at X= -185, Y= 13, Z= 676
[2023-07-21 17:00:49] [world_nether] The Player <Enderlava> has placed TNT at X= -185, Y= 13, Z= 669
[2023-07-21 17:14:01] [world] The Player <Enderlava> has placed STONE_BUTTON at X= -9, Y= 66, Z= -283
[2023-07-21 17:14:53] [world] The Player <wqe123420> has placed RED_SHULKER_BOX at X= -21, Y= 72, Z= -280
[2023-07-21 17:17:49] [world] The Player <Funget114514> has placed YELLOW_SHULKER_BOX at X= 16, Y= 188, Z= 34
[2023-07-21 17:19:54] [world] The Player <Funget114514> has placed DAMAGED_ANVIL at X= -29, Y= 69, Z= -280
[2023-07-21 17:19:54] [world] The Player <Funget114514> has placed DAMAGED_ANVIL at X= -28, Y= 69, Z= -280
[2023-07-21 17:19:58] [world] The Player <Funget114514> has placed DAMAGED_ANVIL at X= -27, Y= 69, Z= -280
[2023-07-21 17:19:58] [world] The Player <Funget114514> has placed DAMAGED_ANVIL at X= -26, Y= 69, Z= -280
[2023-07-21 17:26:17] [world] The Player <wqe123420> has placed TNT at X= 8, Y= 65, Z= -293
[2023-07-21 17:26:19] [world] The Player <wqe123420> has placed TNT at X= 8, Y= 65, Z= -292
[2023-07-21 17:26:19] [world] The Player <wqe123420> has placed TNT at X= 8, Y= 65, Z= -291
[2023-07-21 17:26:19] [world] The Player <wqe123420> has placed TNT at X= 8, Y= 65, Z= -290
[2023-07-21 17:26:59] [world] The Player <Funget114514> has placed SANDSTONE at X= -26, Y= 63, Z= -284
[2023-07-21 17:27:00] [world] The Player <Funget114514> has placed SANDSTONE at X= -26, Y= 64, Z= -284
[2023-07-21 17:27:03] [world] The Player <Funget114514> has placed SANDSTONE at X= -21, Y= 64, Z= -284
[2023-07-21 17:32:06] [world_nether] The Player <Funget114514> has placed OBSIDIAN at X= 170, Y= 129, Z= 123
[2023-07-21 17:32:08] [world_nether] The Player <Funget114514> has placed FIRE at X= 170, Y= 129, Z= 122
[2023-07-21 17:49:17] [world_nether] The Player <wqe123420> has placed TNT at X= -323, Y= 14, Z= -763
[2023-07-21 17:52:14] [world_nether] The Player <wqe123420> has placed COBBLESTONE at X= -169, Y= 16, Z= -879
[2023-07-21 17:53:03] [world_nether] The Player <wqe123420> has placed TNT at X= -55, Y= 15, Z= -880
[2023-07-21 17:53:03] [world_nether] The Player <wqe123420> has placed TNT at X= -57, Y= 15, Z= -880
[2023-07-21 17:53:04] [world_nether] The Player <wqe123420> has placed TNT at X= -59, Y= 15, Z= -880
[2023-07-21 17:53:04] [world_nether] The Player <wqe123420> has placed TNT at X= -61, Y= 15, Z= -880
[2023-07-21 17:53:05] [world_nether] The Player <wqe123420> has placed TNT at X= -64, Y= 15, Z= -880
[2023-07-21 17:53:05] [world_nether] The Player <wqe123420> has placed TNT at X= -66, Y= 15, Z= -880
[2023-07-21 17:53:07] [world_nether] The Player <wqe123420> has placed TNT at X= -68, Y= 15, Z= -880
[2023-07-21 17:53:08] [world_nether] The Player <wqe123420> has placed TNT at X= -70, Y= 15, Z= -880
[2023-07-21 17:53:08] [world_nether] The Player <wqe123420> has placed TNT at X= -73, Y= 15, Z= -880
[2023-07-21 17:53:09] [world_nether] The Player <wqe123420> has placed TNT at X= -74, Y= 15, Z= -880
[2023-07-21 17:53:09] [world_nether] The Player <wqe123420> has placed TNT at X= -76, Y= 15, Z= -880
[2023-07-21 17:53:09] [world_nether] The Player <wqe123420> has placed TNT at X= -78, Y= 15, Z= -880
[2023-07-21 17:53:10] [world_nether] The Player <wqe123420> has placed TNT at X= -80, Y= 15, Z= -880
[2023-07-21 17:53:11] [world_nether] The Player <wqe123420> has placed TNT at X= -82, Y= 14, Z= -880
[2023-07-21 17:53:12] [world_nether] The Player <wqe123420> has placed TNT at X= -84, Y= 15, Z= -880
[2023-07-21 17:53:12] [world_nether] The Player <wqe123420> has placed TNT at X= -86, Y= 15, Z= -880
[2023-07-21 17:53:13] [world_nether] The Player <wqe123420> has placed TNT at X= -88, Y= 15, Z= -880
[2023-07-21 17:53:13] [world_nether] The Player <wqe123420> has placed TNT at X= -90, Y= 15, Z= -880
[2023-07-21 17:53:14] [world_nether] The Player <wqe123420> has placed TNT at X= -92, Y= 15, Z= -880
[2023-07-21 17:53:14] [world_nether] The Player <wqe123420> has placed TNT at X= -94, Y= 15, Z= -880
[2023-07-21 17:53:15] [world_nether] The Player <wqe123420> has placed TNT at X= -96, Y= 15, Z= -880
[2023-07-21 17:53:15] [world_nether] The Player <wqe123420> has placed TNT at X= -98, Y= 15, Z= -880
[2023-07-21 17:53:16] [world_nether] The Player <wqe123420> has placed TNT at X= -100, Y= 15, Z= -880
[2023-07-21 17:53:16] [world_nether] The Player <wqe123420> has placed TNT at X= -102, Y= 15, Z= -880
[2023-07-21 17:53:17] [world_nether] The Player <wqe123420> has placed TNT at X= -104, Y= 15, Z= -880
[2023-07-21 17:53:17] [world_nether] The Player <wqe123420> has placed TNT at X= -106, Y= 15, Z= -880
[2023-07-21 17:53:17] [world_nether] The Player <wqe123420> has placed TNT at X= -108, Y= 15, Z= -880
[2023-07-21 17:53:18] [world_nether] The Player <wqe123420> has placed TNT at X= -110, Y= 15, Z= -880
[2023-07-21 17:53:18] [world_nether] The Player <wqe123420> has placed TNT at X= -112, Y= 15, Z= -880
[2023-07-21 17:53:19] [world_nether] The Player <wqe123420> has placed TNT at X= -114, Y= 15, Z= -880
[2023-07-21 17:53:19] [world_nether] The Player <wqe123420> has placed TNT at X= -116, Y= 15, Z= -880
[2023-07-21 17:53:20] [world_nether] The Player <wqe123420> has placed TNT at X= -118, Y= 15, Z= -880
[2023-07-21 17:53:22] [world_nether] The Player <wqe123420> has placed TNT at X= -120, Y= 14, Z= -880
[2023-07-21 17:53:22] [world_nether] The Player <wqe123420> has placed TNT at X= -120, Y= 15, Z= -880
[2023-07-21 17:53:23] [world_nether] The Player <wqe123420> has placed TNT at X= -122, Y= 15, Z= -880
[2023-07-21 17:53:24] [world_nether] The Player <wqe123420> has placed TNT at X= -124, Y= 15, Z= -880
[2023-07-21 17:53:24] [world_nether] The Player <wqe123420> has placed TNT at X= -126, Y= 15, Z= -880
[2023-07-21 17:53:25] [world_nether] The Player <wqe123420> has placed TNT at X= -128, Y= 15, Z= -880
[2023-07-21 17:53:25] [world_nether] The Player <wqe123420> has placed TNT at X= -130, Y= 15, Z= -880
[2023-07-21 17:53:25] [world_nether] The Player <wqe123420> has placed TNT at X= -132, Y= 15, Z= -880
[2023-07-21 17:53:26] [world_nether] The Player <wqe123420> has placed TNT at X= -134, Y= 15, Z= -880
[2023-07-21 17:53:26] [world_nether] The Player <wqe123420> has placed TNT at X= -136, Y= 15, Z= -880
[2023-07-21 17:53:29] [world_nether] The Player <wqe123420> has placed TNT at X= -138, Y= 15, Z= -880
[2023-07-21 17:53:30] [world_nether] The Player <wqe123420> has placed TNT at X= -139, Y= 15, Z= -880
[2023-07-21 17:53:30] [world_nether] The Player <wqe123420> has placed TNT at X= -141, Y= 15, Z= -880
[2023-07-21 17:53:31] [world_nether] The Player <wqe123420> has placed TNT at X= -143, Y= 15, Z= -880
[2023-07-21 17:53:33] [world_nether] The Player <wqe123420> has placed TNT at X= -145, Y= 15, Z= -880
[2023-07-21 17:53:34] [world_nether] The Player <wqe123420> has placed TNT at X= -147, Y= 15, Z= -880
[2023-07-21 17:53:34] [world_nether] The Player <wqe123420> has placed TNT at X= -149, Y= 15, Z= -880
[2023-07-21 17:53:35] [world_nether] The Player <wqe123420> has placed TNT at X= -151, Y= 15, Z= -880
[2023-07-21 17:53:35] [world_nether] The Player <wqe123420> has placed TNT at X= -153, Y= 15, Z= -880
[2023-07-21 17:53:36] [world_nether] The Player <wqe123420> has placed TNT at X= -155, Y= 15, Z= -880
[2023-07-21 17:53:38] [world_nether] The Player <wqe123420> has placed TNT at X= -157, Y= 15, Z= -880
[2023-07-21 17:53:39] [world_nether] The Player <wqe123420> has placed TNT at X= -159, Y= 15, Z= -880
[2023-07-21 17:53:47] [world_nether] The Player <wqe123420> has placed TNT at X= -161, Y= 15, Z= -880
[2023-07-21 17:53:48] [world_nether] The Player <wqe123420> has placed TNT at X= -163, Y= 15, Z= -880
[2023-07-21 17:53:48] [world_nether] The Player <wqe123420> has placed TNT at X= -165, Y= 15, Z= -880
[2023-07-21 17:53:49] [world_nether] The Player <wqe123420> has placed TNT at X= -167, Y= 15, Z= -880
[2023-07-21 17:53:49] [world_nether] The Player <wqe123420> has placed TNT at X= -169, Y= 15, Z= -880
[2023-07-21 17:53:50] [world_nether] The Player <wqe123420> has placed TNT at X= -171, Y= 15, Z= -880
[2023-07-21 17:53:50] [world_nether] The Player <wqe123420> has placed TNT at X= -173, Y= 15, Z= -880
[2023-07-21 17:53:50] [world_nether] The Player <wqe123420> has placed TNT at X= -175, Y= 15, Z= -880
[2023-07-21 17:53:51] [world_nether] The Player <wqe123420> has placed TNT at X= -177, Y= 15, Z= -880
[2023-07-21 17:53:53] [world_nether] The Player <wqe123420> has placed TNT at X= -179, Y= 15, Z= -880
[2023-07-21 17:53:54] [world_nether] The Player <wqe123420> has placed TNT at X= -181, Y= 15, Z= -880
[2023-07-21 17:53:54] [world_nether] The Player <wqe123420> has placed TNT at X= -183, Y= 15, Z= -880
[2023-07-21 17:53:55] [world_nether] The Player <wqe123420> has placed TNT at X= -185, Y= 15, Z= -880
[2023-07-21 17:53:55] [world_nether] The Player <wqe123420> has placed TNT at X= -187, Y= 15, Z= -880
[2023-07-21 17:53:56] [world_nether] The Player <wqe123420> has placed TNT at X= -189, Y= 15, Z= -880
[2023-07-21 17:53:56] [world_nether] The Player <wqe123420> has placed TNT at X= -191, Y= 15, Z= -880
[2023-07-21 17:53:57] [world_nether] The Player <wqe123420> has placed TNT at X= -193, Y= 15, Z= -880
[2023-07-21 17:53:57] [world_nether] The Player <wqe123420> has placed TNT at X= -195, Y= 15, Z= -880
[2023-07-21 17:53:58] [world_nether] The Player <wqe123420> has placed TNT at X= -197, Y= 15, Z= -880
[2023-07-21 17:54:00] [world_nether] The Player <wqe123420> has placed TNT at X= -199, Y= 15, Z= -880
[2023-07-21 17:54:01] [world_nether] The Player <wqe123420> has placed TNT at X= -201, Y= 15, Z= -880
[2023-07-21 17:54:01] [world_nether] The Player <wqe123420> has placed TNT at X= -203, Y= 15, Z= -880
[2023-07-21 17:54:02] [world_nether] The Player <wqe123420> has placed TNT at X= -205, Y= 15, Z= -880
[2023-07-21 17:54:02] [world_nether] The Player <wqe123420> has placed TNT at X= -207, Y= 15, Z= -880
[2023-07-21 17:54:03] [world_nether] The Player <wqe123420> has placed TNT at X= -209, Y= 15, Z= -880
[2023-07-21 17:54:03] [world_nether] The Player <wqe123420> has placed TNT at X= -211, Y= 15, Z= -880
[2023-07-21 17:54:03] [world_nether] The Player <wqe123420> has placed TNT at X= -213, Y= 15, Z= -880
[2023-07-21 17:54:04] [world_nether] The Player <wqe123420> has placed TNT at X= -215, Y= 15, Z= -880
[2023-07-21 17:54:04] [world_nether] The Player <wqe123420> has placed TNT at X= -217, Y= 15, Z= -880
[2023-07-21 17:54:05] [world_nether] The Player <wqe123420> has placed TNT at X= -219, Y= 15, Z= -880
[2023-07-21 17:54:05] [world_nether] The Player <wqe123420> has placed TNT at X= -221, Y= 15, Z= -880
[2023-07-21 17:54:06] [world_nether] The Player <wqe123420> has placed TNT at X= -223, Y= 15, Z= -880
[2023-07-21 17:54:06] [world_nether] The Player <wqe123420> has placed TNT at X= -225, Y= 15, Z= -880
[2023-07-21 17:54:07] [world_nether] The Player <wqe123420> has placed TNT at X= -227, Y= 15, Z= -880
[2023-07-21 17:54:07] [world_nether] The Player <wqe123420> has placed TNT at X= -229, Y= 15, Z= -880
[2023-07-21 17:54:08] [world_nether] The Player <wqe123420> has placed TNT at X= -231, Y= 15, Z= -880
[2023-07-21 17:54:08] [world_nether] The Player <wqe123420> has placed TNT at X= -233, Y= 15, Z= -880
[2023-07-21 17:55:22] [world_nether] The Player <wqe123420> has placed NETHERRACK at X= -164, Y= 8, Z= -881
[2023-07-21 17:55:22] [world_nether] The Player <wqe123420> has placed NETHERRACK at X= -164, Y= 9, Z= -881
[2023-07-21 17:55:22] [world_nether] The Player <wqe123420> has placed NETHERRACK at X= -164, Y= 10, Z= -881
[2023-07-21 17:55:34] [world_nether] The Player <wqe123420> has placed NETHERRACK at X= -159, Y= 9, Z= -883
[2023-07-21 17:55:35] [world_nether] The Player <wqe123420> has placed NETHERRACK at X= -159, Y= 10, Z= -883
[2023-07-21 17:55:35] [world_nether] The Player <wqe123420> has placed NETHERRACK at X= -160, Y= 9, Z= -883
[2023-07-21 17:55:36] [world_nether] The Player <wqe123420> has placed NETHERRACK at X= -160, Y= 10, Z= -883
[2023-07-21 17:55:37] [world_nether] The Player <wqe123420> has placed NETHERRACK at X= -160, Y= 11, Z= -883
[2023-07-21 17:55:41] [world_nether] The Player <wqe123420> has placed NETHERRACK at X= -159, Y= 11, Z= -883
[2023-07-21 17:55:41] [world_nether] The Player <wqe123420> has placed NETHERRACK at X= -159, Y= 12, Z= -883
[2023-07-21 17:55:41] [world_nether] The Player <wqe123420> has placed NETHERRACK at X= -159, Y= 13, Z= -883
[2023-07-21 17:55:42] [world_nether] The Player <wqe123420> has placed NETHERRACK at X= -159, Y= 14, Z= -883
[2023-07-21 17:56:17] [world_nether] The Player <wqe123420> has placed NETHERRACK at X= -95, Y= 4, Z= -882
[2023-07-21 17:56:18] [world_nether] The Player <wqe123420> has placed NETHERRACK at X= -95, Y= 5, Z= -882
[2023-07-21 17:56:18] [world_nether] The Player <wqe123420> has placed NETHERRACK at X= -95, Y= 6, Z= -882
[2023-07-21 17:56:18] [world_nether] The Player <wqe123420> has placed NETHERRACK at X= -95, Y= 7, Z= -882
[2023-07-21 17:56:18] [world_nether] The Player <wqe123420> has placed NETHERRACK at X= -95, Y= 8, Z= -882
[2023-07-21 17:56:18] [world_nether] The Player <wqe123420> has placed NETHERRACK at X= -95, Y= 9, Z= -882
[2023-07-21 17:56:18] [world_nether] The Player <wqe123420> has placed NETHERRACK at X= -95, Y= 10, Z= -882
[2023-07-21 17:56:19] [world_nether] The Player <wqe123420> has placed NETHERRACK at X= -95, Y= 11, Z= -882
[2023-07-21 17:56:36] [world_nether] The Player <wqe123420> has placed NETHERRACK at X= -68, Y= 9, Z= -880
[2023-07-21 17:56:36] [world_nether] The Player <Funget114514> has placed NETHERRACK at X= -67, Y= 10, Z= -881
[2023-07-21 17:56:36] [world_nether] The Player <wqe123420> has placed NETHERRACK at X= -68, Y= 10, Z= -880
[2023-07-21 17:56:36] [world_nether] The Player <wqe123420> has placed NETHERRACK at X= -67, Y= 10, Z= -880
[2023-07-21 17:56:36] [world_nether] The Player <Funget114514> has placed NETHERRACK at X= -67, Y= 11, Z= -881
[2023-07-21 17:56:36] [world_nether] The Player <Funget114514> has placed NETHERRACK at X= -67, Y= 12, Z= -881
[2023-07-21 17:56:36] [world_nether] The Player <wqe123420> has placed NETHERRACK at X= -67, Y= 11, Z= -880
[2023-07-21 17:56:36] [world_nether] The Player <wqe123420> has placed NETHERRACK at X= -67, Y= 12, Z= -880
[2023-07-21 17:56:36] [world_nether] The Player <Funget114514> has placed NETHERRACK at X= -67, Y= 13, Z= -881
[2023-07-21 17:56:36] [world_nether] The Player <wqe123420> has placed NETHERRACK at X= -67, Y= 13, Z= -880
[2023-07-21 17:56:36] [world_nether] The Player <Funget114514> has placed NETHERRACK at X= -67, Y= 14, Z= -881
[2023-07-21 17:56:37] [world_nether] The Player <wqe123420> has placed NETHERRACK at X= -67, Y= 14, Z= -880
[2023-07-21 17:56:37] [world_nether] The Player <Funget114514> has placed NETHERRACK at X= -67, Y= 15, Z= -881
[2023-07-21 17:56:37] [world_nether] The Player <wqe123420> has placed NETHERRACK at X= -67, Y= 15, Z= -880
[2023-07-21 17:56:37] [world_nether] The Player <Funget114514> has placed NETHERRACK at X= -67, Y= 16, Z= -881
[2023-07-21 17:56:37] [world_nether] The Player <Funget114514> has placed NETHERRACK at X= -67, Y= 17, Z= -881
[2023-07-21 17:56:57] [world_nether] The Player <Funget114514> has placed NETHERRACK at X= -56, Y= 6, Z= -878
[2023-07-21 17:56:57] [world_nether] The Player <Funget114514> has placed NETHERRACK at X= -57, Y= 6, Z= -878
[2023-07-21 17:56:58] [world_nether] The Player <Funget114514> has placed NETHERRACK at X= -57, Y= 7, Z= -878
[2023-07-21 17:57:00] [world_nether] The Player <Funget114514> has placed NETHERRACK at X= -53, Y= 7, Z= -878
[2023-07-21 17:57:00] [world_nether] The Player <Funget114514> has placed NETHERRACK at X= -54, Y= 7, Z= -878
[2023-07-21 17:57:01] [world_nether] The Player <Funget114514> has placed NETHERRACK at X= -54, Y= 6, Z= -878
[2023-07-21 17:58:16] [world_nether] The Player <wqe123420> has placed TNT at X= 8, Y= 15, Z= -880
[2023-07-21 17:58:17] [world_nether] The Player <wqe123420> has placed TNT at X= 6, Y= 15, Z= -880
[2023-07-21 17:58:17] [world_nether] The Player <wqe123420> has placed TNT at X= 4, Y= 15, Z= -880
[2023-07-21 17:58:20] [world_nether] The Player <wqe123420> has placed TNT at X= 2, Y= 15, Z= -880
[2023-07-21 17:58:21] [world_nether] The Player <wqe123420> has placed TNT at X= 0, Y= 15, Z= -880
[2023-07-21 17:58:22] [world_nether] The Player <wqe123420> has placed TNT at X= -2, Y= 15, Z= -880
[2023-07-21 17:58:22] [world_nether] The Player <wqe123420> has placed TNT at X= -4, Y= 15, Z= -880
[2023-07-21 17:58:24] [world_nether] The Player <wqe123420> has placed TNT at X= -6, Y= 15, Z= -880
[2023-07-21 17:58:27] [world_nether] The Player <wqe123420> has placed TNT at X= -8, Y= 15, Z= -880
[2023-07-21 17:58:29] [world_nether] The Player <wqe123420> has placed TNT at X= -10, Y= 15, Z= -880
[2023-07-21 17:58:56] [world_nether] The Player <Funget114514> has placed NETHERRACK at X= -3, Y= 8, Z= -883
[2023-07-21 17:58:57] [world_nether] The Player <Funget114514> has placed NETHERRACK at X= -3, Y= 9, Z= -883
[2023-07-21 17:58:57] [world_nether] The Player <Funget114514> has placed NETHERRACK at X= -3, Y= 10, Z= -883
[2023-07-21 17:58:57] [world_nether] The Player <wqe123420> has placed NETHERRACK at X= -6, Y= 9, Z= -878
[2023-07-21 17:58:57] [world_nether] The Player <wqe123420> has placed NETHERRACK at X= -6, Y= 10, Z= -878
[2023-07-21 17:58:57] [world_nether] The Player <wqe123420> has placed NETHERRACK at X= -6, Y= 11, Z= -878
[2023-07-21 17:58:57] [world_nether] The Player <Funget114514> has placed NETHERRACK at X= -3, Y= 11, Z= -883
[2023-07-21 17:58:57] [world_nether] The Player <wqe123420> has placed NETHERRACK at X= -6, Y= 12, Z= -878
[2023-07-21 17:58:57] [world_nether] The Player <Funget114514> has placed NETHERRACK at X= -3, Y= 12, Z= -883
[2023-07-21 17:58:58] [world_nether] The Player <wqe123420> has placed NETHERRACK at X= -6, Y= 13, Z= -878
[2023-07-21 17:58:58] [world_nether] The Player <Funget114514> has placed NETHERRACK at X= -3, Y= 13, Z= -883
[2023-07-21 17:58:58] [world_nether] The Player <wqe123420> has placed NETHERRACK at X= -6, Y= 14, Z= -878
[2023-07-21 17:58:58] [world_nether] The Player <Funget114514> has placed NETHERRACK at X= -3, Y= 14, Z= -883
[2023-07-21 17:58:58] [world_nether] The Player <Funget114514> has placed NETHERRACK at X= -3, Y= 15, Z= -883
[2023-07-21 17:58:58] [world_nether] The Player <Funget114514> has placed NETHERRACK at X= -3, Y= 16, Z= -883
[2023-07-21 17:59:05] [world_nether] The Player <Funget114514> has placed NETHERRACK at X= -3, Y= 16, Z= -882
[2023-07-21 17:59:06] [world_nether] The Player <Funget114514> has placed NETHERRACK at X= -2, Y= 16, Z= -882
[2023-07-21 17:59:07] [world_nether] The Player <Funget114514> has placed NETHERRACK at X= -2, Y= 16, Z= -881
[2023-07-21 17:59:07] [world_nether] The Player <Funget114514> has placed NETHERRACK at X= -1, Y= 16, Z= -881
[2023-07-21 17:59:07] [world_nether] The Player <Funget114514> has placed NETHERRACK at X= -1, Y= 16, Z= -882
[2023-07-21 17:59:46] [world_nether] The Player <wqe123420> has placed ANCIENT_DEBRIS at X= 54, Y= 15, Z= -880
[2023-07-21 17:59:51] [world_nether] The Player <wqe123420> has placed TNT at X= 54, Y= 15, Z= -880
[2023-07-21 17:59:51] [world_nether] The Player <wqe123420> has placed TNT at X= 52, Y= 15, Z= -880
[2023-07-21 17:59:52] [world_nether] The Player <wqe123420> has placed TNT at X= 50, Y= 15, Z= -880
[2023-07-21 17:59:52] [world_nether] The Player <wqe123420> has placed TNT at X= 48, Y= 15, Z= -880
[2023-07-21 17:59:53] [world_nether] The Player <wqe123420> has placed TNT at X= 46, Y= 15, Z= -880
[2023-07-21 17:59:53] [world_nether] The Player <wqe123420> has placed TNT at X= 44, Y= 15, Z= -880
[2023-07-21 17:59:54] [world_nether] The Player <wqe123420> has placed TNT at X= 42, Y= 15, Z= -880
[2023-07-21 17:59:54] [world_nether] The Player <wqe123420> has placed TNT at X= 40, Y= 15, Z= -880
[2023-07-21 17:59:55] [world_nether] The Player <wqe123420> has placed TNT at X= 38, Y= 15, Z= -880
[2023-07-21 17:59:55] [world_nether] The Player <wqe123420> has placed TNT at X= 37, Y= 15, Z= -880
[2023-07-21 17:59:56] [world_nether] The Player <wqe123420> has placed TNT at X= 35, Y= 15, Z= -880
[2023-07-21 17:59:56] [world_nether] The Player <wqe123420> has placed TNT at X= 33, Y= 15, Z= -880
[2023-07-21 17:59:57] [world_nether] The Player <wqe123420> has placed TNT at X= 31, Y= 15, Z= -880
[2023-07-21 17:59:57] [world_nether] The Player <wqe123420> has placed TNT at X= 29, Y= 15, Z= -880
[2023-07-21 17:59:58] [world_nether] The Player <wqe123420> has placed TNT at X= 27, Y= 15, Z= -880
[2023-07-21 17:59:58] [world_nether] The Player <wqe123420> has placed TNT at X= 25, Y= 15, Z= -880
[2023-07-21 17:59:59] [world_nether] The Player <wqe123420> has placed TNT at X= 23, Y= 15, Z= -880
[2023-07-21 17:59:59] [world_nether] The Player <wqe123420> has placed TNT at X= 21, Y= 15, Z= -880
[2023-07-21 18:00:03] [world_nether] The Player <Funget114514> has placed TNT at X= 42, Y= 15, Z= -880
[2023-07-21 18:00:05] [world_nether] The Player <Funget114514> has placed TNT at X= 40, Y= 15, Z= -882
[2023-07-21 18:00:16] [world_nether] The Player <wqe123420> has placed NETHERRACK at X= 33, Y= 9, Z= -875
[2023-07-21 18:00:16] [world_nether] The Player <wqe123420> has placed NETHERRACK at X= 33, Y= 10, Z= -875
[2023-07-21 18:00:16] [world_nether] The Player <wqe123420> has placed NETHERRACK at X= 33, Y= 11, Z= -875
[2023-07-21 18:00:16] [world_nether] The Player <wqe123420> has placed NETHERRACK at X= 33, Y= 12, Z= -875
[2023-07-21 18:00:16] [world_nether] The Player <wqe123420> has placed NETHERRACK at X= 33, Y= 13, Z= -875
[2023-07-21 18:00:17] [world_nether] The Player <wqe123420> has placed NETHERRACK at X= 33, Y= 14, Z= -875
[2023-07-21 18:00:20] [world_nether] The Player <Funget114514> has placed NETHERRACK at X= 42, Y= 5, Z= -879
[2023-07-21 18:00:23] [world_nether] The Player <Funget114514> has placed NETHERRACK at X= 41, Y= 5, Z= -877
[2023-07-21 18:00:24] [world_nether] The Player <Funget114514> has placed NETHERRACK at X= 41, Y= 6, Z= -877
[2023-07-21 18:00:24] [world_nether] The Player <Funget114514> has placed NETHERRACK at X= 41, Y= 7, Z= -877
[2023-07-21 18:00:24] [world_nether] The Player <Funget114514> has placed NETHERRACK at X= 41, Y= 8, Z= -877
[2023-07-21 18:00:24] [world_nether] The Player <Funget114514> has placed NETHERRACK at X= 41, Y= 9, Z= -877
[2023-07-21 18:00:25] [world_nether] The Player <Funget114514> has placed NETHERRACK at X= 41, Y= 10, Z= -877
[2023-07-21 18:00:25] [world_nether] The Player <Funget114514> has placed NETHERRACK at X= 41, Y= 11, Z= -877
[2023-07-21 18:00:25] [world_nether] The Player <Funget114514> has placed NETHERRACK at X= 41, Y= 12, Z= -877
[2023-07-21 18:00:31] [world_nether] The Player <wqe123420> has placed NETHERRACK at X= 40, Y= 3, Z= -879
[2023-07-21 18:00:31] [world_nether] The Player <wqe123420> has placed NETHERRACK at X= 40, Y= 4, Z= -879
[2023-07-21 18:00:31] [world_nether] The Player <wqe123420> has placed NETHERRACK at X= 40, Y= 5, Z= -879
[2023-07-21 18:00:32] [world_nether] The Player <wqe123420> has placed NETHERRACK at X= 40, Y= 6, Z= -879
[2023-07-21 18:00:32] [world_nether] The Player <wqe123420> has placed NETHERRACK at X= 40, Y= 7, Z= -879
[2023-07-21 18:00:32] [world_nether] The Player <wqe123420> has placed NETHERRACK at X= 40, Y= 8, Z= -879
[2023-07-21 18:00:32] [world_nether] The Player <wqe123420> has placed NETHERRACK at X= 40, Y= 9, Z= -879
[2023-07-21 18:00:32] [world_nether] The Player <wqe123420> has placed NETHERRACK at X= 40, Y= 10, Z= -879
[2023-07-21 18:01:13] [world_nether] The Player <Funget114514> has placed NETHERRACK at X= 65, Y= 12, Z= -884
[2023-07-21 18:01:33] [world_nether] The Player <Funget114514> has placed NETHERRACK at X= 64, Y= 12, Z= -885
[2023-07-21 18:01:34] [world_nether] The Player <Funget114514> has placed NETHERRACK at X= 64, Y= 12, Z= -886
[2023-07-21 18:01:35] [world_nether] The Player <Funget114514> has placed NETHERRACK at X= 64, Y= 12, Z= -884
[2023-07-21 18:01:36] [world_nether] The Player <Funget114514> has placed NETHERRACK at X= 65, Y= 12, Z= -885
[2023-07-21 18:01:37] [world_nether] The Player <Funget114514> has placed NETHERRACK at X= 65, Y= 13, Z= -885
[2023-07-21 18:01:37] [world_nether] The Player <Funget114514> has placed NETHERRACK at X= 64, Y= 13, Z= -885
[2023-07-21 18:01:37] [world_nether] The Player <Funget114514> has placed NETHERRACK at X= 65, Y= 12, Z= -886
[2023-07-21 18:01:38] [world_nether] The Player <Funget114514> has placed NETHERRACK at X= 65, Y= 13, Z= -886
[2023-07-21 18:01:39] [world_nether] The Player <Funget114514> has placed NETHERRACK at X= 64, Y= 14, Z= -885
[2023-07-21 18:01:40] [world_nether] The Player <Funget114514> has placed NETHERRACK at X= 64, Y= 13, Z= -886
[2023-07-21 18:01:45] [world_nether] The Player <wqe123420> has placed TNT at X= 63, Y= 11, Z= -808
[2023-07-21 18:01:45] [world_nether] The Player <wqe123420> has placed TNT at X= 63, Y= 11, Z= -810
[2023-07-21 18:01:45] [world_nether] The Player <Funget114514> has placed NETHERRACK at X= 64, Y= 14, Z= -887
[2023-07-21 18:01:46] [world_nether] The Player <wqe123420> has placed TNT at X= 63, Y= 11, Z= -812
[2023-07-21 18:01:46] [world_nether] The Player <wqe123420> has placed TNT at X= 63, Y= 11, Z= -814
[2023-07-21 18:01:47] [world_nether] The Player <wqe123420> has placed TNT at X= 63, Y= 11, Z= -816
[2023-07-21 18:01:47] [world_nether] The Player <wqe123420> has placed TNT at X= 63, Y= 11, Z= -818
[2023-07-21 18:01:48] [world_nether] The Player <wqe123420> has placed TNT at X= 63, Y= 11, Z= -820
[2023-07-21 18:01:48] [world_nether] The Player <wqe123420> has placed TNT at X= 63, Y= 11, Z= -822
[2023-07-21 18:01:52] [world_nether] The Player <wqe123420> has placed TNT at X= 63, Y= 11, Z= -824
[2023-07-21 18:01:53] [world_nether] The Player <wqe123420> has placed TNT at X= 63, Y= 11, Z= -826
[2023-07-21 18:01:53] [world_nether] The Player <wqe123420> has placed TNT at X= 63, Y= 11, Z= -828
[2023-07-21 18:01:54] [world_nether] The Player <wqe123420> has placed TNT at X= 63, Y= 11, Z= -831
[2023-07-21 18:01:55] [world_nether] The Player <wqe123420> has placed TNT at X= 63, Y= 11, Z= -832
[2023-07-21 18:01:55] [world_nether] The Player <wqe123420> has placed TNT at X= 63, Y= 11, Z= -834
[2023-07-21 18:01:56] [world_nether] The Player <wqe123420> has placed TNT at X= 63, Y= 11, Z= -836
[2023-07-21 18:01:56] [world_nether] The Player <wqe123420> has placed TNT at X= 63, Y= 11, Z= -838
[2023-07-21 18:01:58] [world_nether] The Player <wqe123420> has placed TNT at X= 63, Y= 11, Z= -840
[2023-07-21 18:01:59] [world_nether] The Player <wqe123420> has placed TNT at X= 63, Y= 11, Z= -842
[2023-07-21 18:01:59] [world_nether] The Player <wqe123420> has placed TNT at X= 63, Y= 11, Z= -844
[2023-07-21 18:02:00] [world_nether] The Player <wqe123420> has placed TNT at X= 63, Y= 11, Z= -846
[2023-07-21 18:02:00] [world_nether] The Player <wqe123420> has placed TNT at X= 63, Y= 11, Z= -848
[2023-07-21 18:02:01] [world_nether] The Player <wqe123420> has placed TNT at X= 63, Y= 11, Z= -851
[2023-07-21 18:02:02] [world_nether] The Player <wqe123420> has placed TNT at X= 63, Y= 11, Z= -853
[2023-07-21 18:02:03] [world_nether] The Player <wqe123420> has placed TNT at X= 63, Y= 11, Z= -855
[2023-07-21 18:02:04] [world_nether] The Player <wqe123420> has placed TNT at X= 63, Y= 11, Z= -857
[2023-07-21 18:02:09] [world_nether] The Player <wqe123420> has placed TNT at X= 63, Y= 11, Z= -859
[2023-07-21 18:02:10] [world_nether] The Player <wqe123420> has placed TNT at X= 63, Y= 11, Z= -861
[2023-07-21 18:02:10] [world_nether] The Player <wqe123420> has placed TNT at X= 63, Y= 11, Z= -862
[2023-07-21 18:02:11] [world_nether] The Player <wqe123420> has placed TNT at X= 63, Y= 11, Z= -864
[2023-07-21 18:02:13] [world_nether] The Player <wqe123420> has placed TNT at X= 63, Y= 11, Z= -866
[2023-07-21 18:02:13] [world_nether] The Player <wqe123420> has placed TNT at X= 63, Y= 11, Z= -868
[2023-07-21 18:02:14] [world_nether] The Player <wqe123420> has placed TNT at X= 63, Y= 11, Z= -870
[2023-07-21 18:02:15] [world_nether] The Player <wqe123420> has placed TNT at X= 63, Y= 11, Z= -872
[2023-07-21 18:10:40] [world] The Player <Funget114514> has placed NETHERRACK at X= 8, Y= 62, Z= 12
[2023-07-21 18:10:40] [world] The Player <Funget114514> has placed NETHERRACK at X= 8, Y= 63, Z= 12
[2023-07-21 18:10:41] [world] The Player <Funget114514> has placed NETHERRACK at X= 9, Y= 62, Z= 13
[2023-07-21 18:10:56] [world] The Player <wqe123420> has placed ANCIENT_DEBRIS at X= 8, Y= 70, Z= -271
[2023-07-21 18:10:57] [world] The Player <wqe123420> has placed ANCIENT_DEBRIS at X= 8, Y= 71, Z= -271
[2023-07-21 18:10:57] [world] The Player <wqe123420> has placed ANCIENT_DEBRIS at X= 8, Y= 72, Z= -271
[2023-07-21 18:10:57] [world] The Player <wqe123420> has placed ANCIENT_DEBRIS at X= 8, Y= 73, Z= -271
[2023-07-21 18:10:57] [world] The Player <wqe123420> has placed ANCIENT_DEBRIS at X= 8, Y= 74, Z= -271
[2023-07-21 18:10:58] [world] The Player <wqe123420> has placed ANCIENT_DEBRIS at X= 8, Y= 75, Z= -271
[2023-07-21 18:10:58] [world] The Player <wqe123420> has placed ANCIENT_DEBRIS at X= 8, Y= 76, Z= -271
[2023-07-21 18:10:58] [world] The Player <wqe123420> has placed ANCIENT_DEBRIS at X= 8, Y= 77, Z= -271
[2023-07-21 18:10:58] [world] The Player <wqe123420> has placed ANCIENT_DEBRIS at X= 8, Y= 78, Z= -271
[2023-07-21 18:10:58] [world] The Player <wqe123420> has placed ANCIENT_DEBRIS at X= 8, Y= 79, Z= -271
[2023-07-21 18:10:59] [world] The Player <wqe123420> has placed ANCIENT_DEBRIS at X= 8, Y= 80, Z= -271
[2023-07-21 18:10:59] [world] The Player <wqe123420> has placed ANCIENT_DEBRIS at X= 8, Y= 81, Z= -271
[2023-07-21 18:10:59] [world] The Player <wqe123420> has placed ANCIENT_DEBRIS at X= 8, Y= 82, Z= -271
[2023-07-21 18:10:59] [world] The Player <wqe123420> has placed ANCIENT_DEBRIS at X= 8, Y= 83, Z= -271
[2023-07-21 18:11:00] [world] The Player <wqe123420> has placed ANCIENT_DEBRIS at X= 8, Y= 84, Z= -271
[2023-07-21 18:11:00] [world] The Player <wqe123420> has placed ANCIENT_DEBRIS at X= 8, Y= 85, Z= -271
[2023-07-21 18:11:00] [world] The Player <wqe123420> has placed ANCIENT_DEBRIS at X= 8, Y= 86, Z= -271
[2023-07-21 18:11:00] [world] The Player <wqe123420> has placed ANCIENT_DEBRIS at X= 8, Y= 87, Z= -271
[2023-07-21 18:11:00] [world] The Player <wqe123420> has placed ANCIENT_DEBRIS at X= 8, Y= 88, Z= -271
[2023-07-21 18:11:01] [world] The Player <wqe123420> has placed ANCIENT_DEBRIS at X= 8, Y= 89, Z= -271
[2023-07-21 18:11:01] [world] The Player <wqe123420> has placed ANCIENT_DEBRIS at X= 8, Y= 90, Z= -271
[2023-07-21 18:11:01] [world] The Player <wqe123420> has placed ANCIENT_DEBRIS at X= 8, Y= 91, Z= -271
[2023-07-21 18:26:36] [world] The Player <wqe123420> has placed TNT at X= -54, Y= 71, Z= -218
[2023-07-21 18:26:38] [world] The Player <wqe123420> has placed TNT at X= -53, Y= 71, Z= -218
[2023-07-21 18:26:38] [world] The Player <wqe123420> has placed TNT at X= -52, Y= 71, Z= -218
[2023-07-21 18:26:40] [world] The Player <wqe123420> has placed TNT at X= -52, Y= 71, Z= -219
[2023-07-21 18:26:40] [world] The Player <wqe123420> has placed TNT at X= -54, Y= 71, Z= -219
[2023-07-21 18:26:40] [world] The Player <wqe123420> has placed TNT at X= -54, Y= 71, Z= -220
[2023-07-21 18:26:41] [world] The Player <wqe123420> has placed TNT at X= -54, Y= 71, Z= -221
[2023-07-21 18:26:42] [world] The Player <wqe123420> has placed TNT at X= -53, Y= 71, Z= -219
[2023-07-21 18:26:43] [world] The Player <wqe123420> has placed TNT at X= -53, Y= 71, Z= -220
[2023-07-21 18:26:43] [world] The Player <wqe123420> has placed TNT at X= -53, Y= 71, Z= -221
[2023-07-21 18:26:43] [world] The Player <wqe123420> has placed TNT at X= -52, Y= 71, Z= -220
[2023-07-21 18:26:44] [world] The Player <wqe123420> has placed TNT at X= -52, Y= 71, Z= -221
[2023-07-21 18:26:45] [world] The Player <wqe123420> has placed TNT at X= -51, Y= 71, Z= -221
[2023-07-21 18:26:45] [world] The Player <wqe123420> has placed TNT at X= -51, Y= 71, Z= -220
[2023-07-21 18:26:46] [world] The Player <wqe123420> has placed TNT at X= -51, Y= 71, Z= -219
[2023-07-21 18:26:46] [world] The Player <wqe123420> has placed TNT at X= -51, Y= 71, Z= -218
[2023-07-21 20:51:55] [world] The Player <wqe123420> has placed TNT at X= 6692, Y= 55, Z= -6021
[2023-07-21 20:51:55] [world] The Player <wqe123420> has placed TNT at X= 6692, Y= 56, Z= -6021
[2023-07-21 20:51:55] [world] The Player <wqe123420> has placed TNT at X= 6692, Y= 57, Z= -6021
[2023-07-21 20:51:55] [world] The Player <wqe123420> has placed TNT at X= 6692, Y= 58, Z= -6021
[2023-07-21 20:51:56] [world] The Player <wqe123420> has placed TNT at X= 6692, Y= 59, Z= -6021
[2023-07-21 20:51:56] [world] The Player <wqe123420> has placed TNT at X= 6692, Y= 60, Z= -6021
[2023-07-21 20:51:56] [world] The Player <wqe123420> has placed TNT at X= 6692, Y= 61, Z= -6021
[2023-07-21 20:51:56] [world] The Player <wqe123420> has placed TNT at X= 6692, Y= 62, Z= -6021
[2023-07-21 20:55:49] [world] The Player <wqe123420> has placed TNT at X= 8017, Y= -5, Z= -6404
[2023-07-21 20:57:40] [world] The Player <wqe123420> has placed TNT at X= 8005, Y= -32, Z= -6411
[2023-07-21 20:57:40] [world] The Player <wqe123420> has placed TNT at X= 8005, Y= -31, Z= -6411
[2023-07-21 20:57:40] [world] The Player <wqe123420> has placed TNT at X= 8005, Y= -30, Z= -6411
[2023-07-21 20:57:41] [world] The Player <wqe123420> has placed TNT at X= 8005, Y= -29, Z= -6411
[2023-07-21 20:57:41] [world] The Player <wqe123420> has placed TNT at X= 8005, Y= -28, Z= -6411
[2023-07-21 20:57:41] [world] The Player <wqe123420> has placed TNT at X= 8005, Y= -27, Z= -6411
[2023-07-21 20:57:41] [world] The Player <wqe123420> has placed TNT at X= 8005, Y= -26, Z= -6411
[2023-07-21 20:59:59] [world] The Player <wqe123420> has placed TNT at X= 7872, Y= -34, Z= -6352
[2023-07-21 20:59:59] [world] The Player <wqe123420> has placed TNT at X= 7872, Y= -33, Z= -6352
[2023-07-21 20:59:59] [world] The Player <wqe123420> has placed TNT at X= 7872, Y= -32, Z= -6352
[2023-07-21 21:00:00] [world] The Player <wqe123420> has placed TNT at X= 7872, Y= -31, Z= -6352
[2023-07-21 21:00:03] [world] The Player <wqe123420> has placed TNT at X= 7872, Y= -32, Z= -6351
[2023-07-21 21:00:03] [world] The Player <wqe123420> has placed TNT at X= 7872, Y= -31, Z= -6351
[2023-07-21 21:00:04] [world] The Player <wqe123420> has placed TNT at X= 7871, Y= -31, Z= -6351
[2023-07-21 21:00:05] [world] The Player <wqe123420> has placed TNT at X= 7871, Y= -30, Z= -6351
[2023-07-21 21:00:10] [world] The Player <wqe123420> has placed TNT at X= 7871, Y= -29, Z= -6351
[2023-07-21 21:00:11] [world] The Player <wqe123420> has placed TNT at X= 7871, Y= -28, Z= -6351
[2023-07-21 21:00:12] [world] The Player <wqe123420> has placed TNT at X= 7871, Y= -28, Z= -6350
[2023-07-21 21:00:13] [world] The Player <wqe123420> has placed TNT at X= 7871, Y= -27, Z= -6350
[2023-07-21 21:00:19] [world] The Player <wqe123420> has placed TNT at X= 7871, Y= -26, Z= -6350
[2023-07-21 21:24:05] [world_nether] The Player <wqe123420> has placed NETHERRACK at X= 103, Y= 75, Z= 216
[2023-07-21 21:24:06] [world_nether] The Player <wqe123420> has placed NETHERRACK at X= 103, Y= 76, Z= 216
[2023-07-21 21:24:21] [world_nether] The Player <wqe123420> has placed NETHERRACK at X= 102, Y= 73, Z= 216
[2023-07-21 21:24:25] [world_nether] The Player <wqe123420> has placed NETHERRACK at X= 102, Y= 74, Z= 216
[2023-07-21 21:24:25] [world_nether] The Player <wqe123420> has placed NETHERRACK at X= 102, Y= 75, Z= 216
[2023-07-21 21:24:26] [world_nether] The Player <wqe123420> has placed NETHERRACK at X= 102, Y= 76, Z= 216
[2023-07-21 21:24:26] [world_nether] The Player <wqe123420> has placed NETHERRACK at X= 102, Y= 77, Z= 216
[2023-07-21 21:24:26] [world_nether] The Player <wqe123420> has placed NETHERRACK at X= 102, Y= 78, Z= 216
[2023-07-21 21:24:34] [world_nether] The Player <wqe123420> has placed NETHERRACK at X= 102, Y= 79, Z= 216
[2023-07-21 21:24:34] [world_nether] The Player <wqe123420> has placed NETHERRACK at X= 102, Y= 80, Z= 216
[2023-07-21 21:24:34] [world_nether] The Player <wqe123420> has placed NETHERRACK at X= 102, Y= 81, Z= 216
[2023-07-21 21:26:05] [world_nether] The Player <wqe123420> has placed NETHERRACK at X= 236, Y= 45, Z= 1000
[2023-07-21 21:26:05] [world_nether] The Player <wqe123420> has placed NETHERRACK at X= 236, Y= 46, Z= 1000
[2023-07-21 21:26:06] [world_nether] The Player <wqe123420> has placed NETHERRACK at X= 236, Y= 47, Z= 1000
[2023-07-21 21:26:06] [world_nether] The Player <wqe123420> has placed NETHERRACK at X= 236, Y= 48, Z= 1000
[2023-07-21 21:26:06] [world_nether] The Player <wqe123420> has placed NETHERRACK at X= 236, Y= 49, Z= 1000
[2023-07-21 21:26:06] [world_nether] The Player <wqe123420> has placed NETHERRACK at X= 236, Y= 50, Z= 1000
[2023-07-21 21:31:22] [world_nether] The Player <wqe123420> has placed NETHERRACK at X= 233, Y= 37, Z= 1025
[2023-07-21 21:31:22] [world_nether] The Player <wqe123420> has placed NETHERRACK at X= 233, Y= 37, Z= 1026
[2023-07-21 21:31:28] [world_nether] The Player <wqe123420> has placed NETHERRACK at X= 233, Y= 38, Z= 1026
[2023-07-21 21:31:28] [world_nether] The Player <wqe123420> has placed NETHERRACK at X= 233, Y= 39, Z= 1026
[2023-07-21 21:31:29] [world_nether] The Player <wqe123420> has placed NETHERRACK at X= 233, Y= 40, Z= 1026
[2023-07-21 21:31:29] [world_nether] The Player <wqe123420> has placed NETHERRACK at X= 233, Y= 41, Z= 1026
[2023-07-21 21:31:29] [world_nether] The Player <wqe123420> has placed NETHERRACK at X= 233, Y= 42, Z= 1026
[2023-07-21 21:31:29] [world_nether] The Player <wqe123420> has placed NETHERRACK at X= 233, Y= 43, Z= 1026
[2023-07-21 21:31:29] [world_nether] The Player <wqe123420> has placed NETHERRACK at X= 233, Y= 44, Z= 1026
[2023-07-21 21:31:30] [world_nether] The Player <wqe123420> has placed NETHERRACK at X= 233, Y= 45, Z= 1026
[2023-07-21 21:31:30] [world_nether] The Player <wqe123420> has placed NETHERRACK at X= 233, Y= 46, Z= 1026
[2023-07-21 21:31:30] [world_nether] The Player <wqe123420> has placed NETHERRACK at X= 233, Y= 47, Z= 1026
[2023-07-21 21:31:30] [world_nether] The Player <wqe123420> has placed NETHERRACK at X= 233, Y= 48, Z= 1026
[2023-07-21 21:32:14] [world_nether] The Player <wqe123420> has placed NETHERRACK at X= 238, Y= 43, Z= 1025
[2023-07-21 21:32:15] [world_nether] The Player <wqe123420> has placed NETHERRACK at X= 238, Y= 43, Z= 1026
[2023-07-21 21:34:20] [world_nether] The Player <wqe123420> has placed NETHERRACK at X= 285, Y= 29, Z= 1317
[2023-07-21 21:34:20] [world_nether] The Player <wqe123420> has placed NETHERRACK at X= 285, Y= 30, Z= 1317
[2023-07-21 21:34:22] [world_nether] The Player <wqe123420> has placed NETHERRACK at X= 285, Y= 31, Z= 1317
[2023-07-21 21:34:22] [world_nether] The Player <wqe123420> has placed NETHERRACK at X= 285, Y= 32, Z= 1317
[2023-07-21 21:34:23] [world_nether] The Player <wqe123420> has placed NETHERRACK at X= 285, Y= 33, Z= 1317
[2023-07-21 21:35:13] [world_nether] The Player <wqe123420> has placed NETHERRACK at X= 141, Y= 31, Z= 1255
[2023-07-21 21:35:13] [world_nether] The Player <wqe123420> has placed NETHERRACK at X= 142, Y= 31, Z= 1255
[2023-07-21 21:35:14] [world_nether] The Player <wqe123420> has placed NETHERRACK at X= 143, Y= 31, Z= 1255
[2023-07-21 21:35:14] [world_nether] The Player <wqe123420> has placed NETHERRACK at X= 144, Y= 31, Z= 1255
[2023-07-21 21:35:17] [world_nether] The Player <wqe123420> has placed NETHERRACK at X= 145, Y= 31, Z= 1255
[2023-07-21 21:35:17] [world_nether] The Player <wqe123420> has placed NETHERRACK at X= 145, Y= 31, Z= 1254
[2023-07-21 21:35:58] [world_nether] The Player <wqe123420> has placed NETHERRACK at X= 145, Y= 31, Z= 1253
[2023-07-21 21:35:59] [world_nether] The Player <wqe123420> has placed NETHERRACK at X= 146, Y= 31, Z= 1255
[2023-07-21 21:36:00] [world_nether] The Player <wqe123420> has placed NETHERRACK at X= 146, Y= 31, Z= 1254
[2023-07-21 21:36:00] [world_nether] The Player <wqe123420> has placed NETHERRACK at X= 146, Y= 31, Z= 1253
[2023-07-21 21:36:02] [world_nether] The Player <wqe123420> has placed NETHERRACK at X= 147, Y= 31, Z= 1255
[2023-07-21 21:36:02] [world_nether] The Player <wqe123420> has placed NETHERRACK at X= 147, Y= 31, Z= 1254
[2023-07-21 21:36:03] [world_nether] The Player <wqe123420> has placed NETHERRACK at X= 147, Y= 31, Z= 1253
[2023-07-21 21:36:19] [world_nether] The Player <wqe123420> has placed NETHERRACK at X= 146, Y= 31, Z= 1254
[2023-07-21 21:36:23] [world_nether] The Player <wqe123420> has placed NETHERRACK at X= 146, Y= 31, Z= 1254
[2023-07-21 21:36:24] [world_nether] The Player <wqe123420> has placed NETHERRACK at X= 146, Y= 31, Z= 1255
[2023-07-21 21:39:57] [world] The Player <Enderlava> has placed SHULKER_BOX at X= -28, Y= 63, Z= -287
[2023-07-21 21:44:26] [world] The Player <wqe123420> has placed SANDSTONE at X= -28, Y= 63, Z= -285
[2023-07-21 21:44:28] [world] The Player <wqe123420> has placed SANDSTONE at X= -29, Y= 63, Z= -280
[2023-07-21 21:44:36] [world] The Player <wqe123420> has placed COBBLESTONE at X= -28, Y= 62, Z= -285
[2023-07-21 21:44:44] [world] The Player <wqe123420> has placed SMOOTH_STONE at X= -27, Y= 62, Z= -285
[2023-07-21 21:44:45] [world] The Player <wqe123420> has placed SMOOTH_STONE at X= -27, Y= 62, Z= -286
[2023-07-21 21:45:03] [world] The Player <wqe123420> has placed SMITHING_TABLE at X= -4, Y= 68, Z= -274
[2023-07-21 21:46:56] [world] The Player <wqe123420> has placed SMITHING_TABLE at X= -28, Y= 64, Z= -284
[2023-07-21 21:53:26] [world_nether] The Player <wqe123420> has placed COBBLESTONE at X= 17, Y= 16, Z= -398
[2023-07-21 21:53:57] [world_nether] The Player <wqe123420> has placed TNT at X= 16, Y= 15, Z= -469
[2023-07-21 21:54:00] [world_nether] The Player <wqe123420> has placed TNT at X= 16, Y= 15, Z= -467
[2023-07-21 21:54:01] [world_nether] The Player <wqe123420> has placed TNT at X= 16, Y= 15, Z= -465
[2023-07-21 21:54:02] [world_nether] The Player <wqe123420> has placed TNT at X= 16, Y= 15, Z= -463
[2023-07-21 21:54:02] [world_nether] The Player <wqe123420> has placed TNT at X= 16, Y= 15, Z= -461
[2023-07-21 21:54:03] [world_nether] The Player <wqe123420> has placed TNT at X= 16, Y= 15, Z= -459
[2023-07-21 21:54:03] [world_nether] The Player <wqe123420> has placed TNT at X= 16, Y= 15, Z= -457
[2023-07-21 21:54:04] [world_nether] The Player <wqe123420> has placed TNT at X= 16, Y= 15, Z= -455
[2023-07-21 21:54:05] [world_nether] The Player <wqe123420> has placed TNT at X= 16, Y= 15, Z= -453
[2023-07-21 21:54:05] [world_nether] The Player <wqe123420> has placed TNT at X= 16, Y= 15, Z= -451
[2023-07-21 21:54:06] [world_nether] The Player <wqe123420> has placed TNT at X= 16, Y= 15, Z= -449
[2023-07-21 21:54:07] [world_nether] The Player <wqe123420> has placed TNT at X= 16, Y= 15, Z= -447
[2023-07-21 21:54:07] [world_nether] The Player <wqe123420> has placed TNT at X= 16, Y= 15, Z= -445
[2023-07-21 21:54:08] [world_nether] The Player <wqe123420> has placed TNT at X= 16, Y= 15, Z= -443
[2023-07-21 21:54:09] [world_nether] The Player <wqe123420> has placed TNT at X= 16, Y= 15, Z= -441
[2023-07-21 21:54:09] [world_nether] The Player <wqe123420> has placed TNT at X= 16, Y= 15, Z= -439
[2023-07-21 21:54:10] [world_nether] The Player <wqe123420> has placed TNT at X= 16, Y= 15, Z= -437
[2023-07-21 21:54:11] [world_nether] The Player <wqe123420> has placed TNT at X= 16, Y= 15, Z= -435
[2023-07-21 21:54:11] [world_nether] The Player <wqe123420> has placed TNT at X= 16, Y= 15, Z= -433
[2023-07-21 21:54:12] [world_nether] The Player <wqe123420> has placed TNT at X= 16, Y= 15, Z= -431
[2023-07-21 21:54:12] [world_nether] The Player <wqe123420> has placed TNT at X= 16, Y= 15, Z= -429
[2023-07-21 21:54:13] [world_nether] The Player <wqe123420> has placed TNT at X= 16, Y= 15, Z= -427
[2023-07-21 21:54:14] [world_nether] The Player <wqe123420> has placed TNT at X= 16, Y= 15, Z= -425
[2023-07-21 21:54:14] [world_nether] The Player <wqe123420> has placed TNT at X= 16, Y= 15, Z= -423
[2023-07-21 21:54:15] [world_nether] The Player <wqe123420> has placed TNT at X= 16, Y= 15, Z= -421
[2023-07-21 21:54:16] [world_nether] The Player <wqe123420> has placed TNT at X= 16, Y= 15, Z= -419
[2023-07-21 21:54:16] [world_nether] The Player <wqe123420> has placed TNT at X= 16, Y= 15, Z= -417
[2023-07-21 21:54:17] [world_nether] The Player <wqe123420> has placed TNT at X= 16, Y= 15, Z= -415
[2023-07-21 21:54:17] [world_nether] The Player <wqe123420> has placed TNT at X= 16, Y= 15, Z= -413
[2023-07-21 21:54:18] [world_nether] The Player <wqe123420> has placed TNT at X= 16, Y= 15, Z= -411
[2023-07-21 21:54:19] [world_nether] The Player <wqe123420> has placed TNT at X= 16, Y= 15, Z= -409
[2023-07-21 21:54:20] [world_nether] The Player <wqe123420> has placed TNT at X= 16, Y= 15, Z= -407
[2023-07-21 21:54:20] [world_nether] The Player <wqe123420> has placed TNT at X= 16, Y= 15, Z= -405
[2023-07-21 21:54:21] [world_nether] The Player <wqe123420> has placed TNT at X= 16, Y= 15, Z= -403
[2023-07-21 21:54:21] [world_nether] The Player <wqe123420> has placed TNT at X= 16, Y= 15, Z= -401
[2023-07-21 21:54:22] [world_nether] The Player <wqe123420> has placed TNT at X= 16, Y= 15, Z= -399
[2023-07-21 21:54:23] [world_nether] The Player <wqe123420> has placed TNT at X= 16, Y= 15, Z= -397
[2023-07-21 21:54:23] [world_nether] The Player <wqe123420> has placed TNT at X= 16, Y= 15, Z= -395
[2023-07-21 21:54:24] [world_nether] The Player <wqe123420> has placed TNT at X= 16, Y= 15, Z= -393
[2023-07-21 21:54:24] [world_nether] The Player <wqe123420> has placed TNT at X= 16, Y= 15, Z= -391
[2023-07-21 21:54:25] [world_nether] The Player <wqe123420> has placed TNT at X= 16, Y= 15, Z= -389
[2023-07-21 21:54:26] [world_nether] The Player <wqe123420> has placed TNT at X= 16, Y= 15, Z= -387
[2023-07-21 21:54:26] [world_nether] The Player <wqe123420> has placed TNT at X= 16, Y= 15, Z= -385
[2023-07-21 21:54:27] [world_nether] The Player <wqe123420> has placed TNT at X= 16, Y= 15, Z= -383
[2023-07-21 21:54:28] [world_nether] The Player <wqe123420> has placed TNT at X= 16, Y= 15, Z= -381
[2023-07-21 21:54:28] [world_nether] The Player <wqe123420> has placed TNT at X= 16, Y= 15, Z= -379
[2023-07-21 21:54:29] [world_nether] The Player <wqe123420> has placed TNT at X= 16, Y= 15, Z= -377
[2023-07-21 21:54:29] [world_nether] The Player <wqe123420> has placed TNT at X= 16, Y= 15, Z= -375
[2023-07-21 21:54:30] [world_nether] The Player <wqe123420> has placed TNT at X= 16, Y= 15, Z= -373
[2023-07-21 21:54:31] [world_nether] The Player <wqe123420> has placed TNT at X= 16, Y= 15, Z= -371
[2023-07-21 21:54:31] [world_nether] The Player <wqe123420> has placed TNT at X= 16, Y= 15, Z= -369
[2023-07-21 21:54:32] [world_nether] The Player <wqe123420> has placed TNT at X= 16, Y= 15, Z= -367
[2023-07-21 21:54:33] [world_nether] The Player <wqe123420> has placed TNT at X= 16, Y= 15, Z= -365
[2023-07-21 21:54:33] [world_nether] The Player <wqe123420> has placed TNT at X= 16, Y= 15, Z= -363
[2023-07-21 21:54:34] [world_nether] The Player <wqe123420> has placed TNT at X= 16, Y= 15, Z= -361
[2023-07-21 21:54:35] [world_nether] The Player <wqe123420> has placed TNT at X= 16, Y= 15, Z= -359
[2023-07-21 21:54:35] [world_nether] The Player <wqe123420> has placed TNT at X= 16, Y= 15, Z= -357
[2023-07-21 21:54:36] [world_nether] The Player <wqe123420> has placed TNT at X= 16, Y= 15, Z= -355
[2023-07-21 21:54:36] [world_nether] The Player <wqe123420> has placed TNT at X= 16, Y= 15, Z= -353
[2023-07-21 21:54:37] [world_nether] The Player <wqe123420> has placed TNT at X= 16, Y= 15, Z= -351
[2023-07-21 21:54:38] [world_nether] The Player <wqe123420> has placed TNT at X= 16, Y= 15, Z= -349
[2023-07-21 21:54:38] [world_nether] The Player <wqe123420> has placed TNT at X= 16, Y= 15, Z= -347
[2023-07-21 21:54:39] [world_nether] The Player <wqe123420> has placed TNT at X= 16, Y= 15, Z= -345
[2023-07-21 21:54:41] [world_nether] The Player <wqe123420> has placed TNT at X= 16, Y= 15, Z= -343
[2023-07-21 21:57:58] [world_nether] The Player <wqe123420> has placed NETHERRACK at X= 20, Y= 7, Z= -362
[2023-07-21 21:57:58] [world_nether] The Player <wqe123420> has placed NETHERRACK at X= 20, Y= 8, Z= -362
[2023-07-21 21:57:59] [world_nether] The Player <wqe123420> has placed NETHERRACK at X= 20, Y= 9, Z= -362
[2023-07-21 21:57:59] [world_nether] The Player <wqe123420> has placed NETHERRACK at X= 20, Y= 10, Z= -362
[2023-07-21 21:57:59] [world_nether] The Player <wqe123420> has placed NETHERRACK at X= 20, Y= 8, Z= -361
[2023-07-21 21:58:00] [world_nether] The Player <wqe123420> has placed NETHERRACK at X= 20, Y= 9, Z= -361
[2023-07-21 21:58:00] [world_nether] The Player <wqe123420> has placed NETHERRACK at X= 20, Y= 10, Z= -361
[2023-07-21 21:58:00] [world_nether] The Player <wqe123420> has placed NETHERRACK at X= 20, Y= 11, Z= -361
[2023-07-21 21:58:01] [world_nether] The Player <wqe123420> has placed NETHERRACK at X= 20, Y= 9, Z= -360
[2023-07-21 21:58:01] [world_nether] The Player <wqe123420> has placed NETHERRACK at X= 20, Y= 10, Z= -360
[2023-07-21 21:58:02] [world_nether] The Player <wqe123420> has placed NETHERRACK at X= 20, Y= 11, Z= -360
[2023-07-21 21:58:30] [world_nether] The Player <wqe123420> has placed NETHERRACK at X= 19, Y= 7, Z= -358
[2023-07-21 21:59:45] [world_nether] The Player <wqe123420> has placed NETHERRACK at X= 19, Y= 9, Z= -433
[2023-07-21 21:59:45] [world_nether] The Player <wqe123420> has placed NETHERRACK at X= 19, Y= 10, Z= -433
[2023-07-21 21:59:45] [world_nether] The Player <wqe123420> has placed NETHERRACK at X= 19, Y= 11, Z= -433
[2023-07-21 21:59:45] [world_nether] The Player <wqe123420> has placed NETHERRACK at X= 18, Y= 11, Z= -433
[2023-07-21 21:59:45] [world_nether] The Player <wqe123420> has placed NETHERRACK at X= 19, Y= 12, Z= -433
[2023-07-21 21:59:45] [world_nether] The Player <wqe123420> has placed NETHERRACK at X= 18, Y= 12, Z= -433
[2023-07-21 21:59:46] [world_nether] The Player <wqe123420> has placed NETHERRACK at X= 19, Y= 13, Z= -433
[2023-07-21 21:59:46] [world_nether] The Player <wqe123420> has placed NETHERRACK at X= 18, Y= 13, Z= -433
[2023-07-21 21:59:46] [world_nether] The Player <wqe123420> has placed NETHERRACK at X= 19, Y= 14, Z= -433
[2023-07-21 21:59:47] [world_nether] The Player <wqe123420> has placed NETHERRACK at X= 18, Y= 14, Z= -433
[2023-07-21 21:59:49] [world_nether] The Player <wqe123420> has placed NETHERRACK at X= 19, Y= 9, Z= -429
[2023-07-21 21:59:50] [world_nether] The Player <wqe123420> has placed NETHERRACK at X= 19, Y= 10, Z= -429
[2023-07-21 21:59:50] [world_nether] The Player <wqe123420> has placed NETHERRACK at X= 19, Y= 11, Z= -429
[2023-07-21 21:59:50] [world_nether] The Player <wqe123420> has placed NETHERRACK at X= 19, Y= 12, Z= -429
[2023-07-21 21:59:52] [world_nether] The Player <wqe123420> has placed NETHERRACK at X= 19, Y= 11, Z= -428
[2023-07-21 21:59:53] [world_nether] The Player <wqe123420> has placed NETHERRACK at X= 19, Y= 10, Z= -428
[2023-07-21 21:59:53] [world_nether] The Player <wqe123420> has placed NETHERRACK at X= 19, Y= 9, Z= -428
[2023-07-21 21:59:53] [world_nether] The Player <wqe123420> has placed NETHERRACK at X= 19, Y= 10, Z= -427
[2023-07-21 21:59:53] [world_nether] The Player <wqe123420> has placed NETHERRACK at X= 19, Y= 9, Z= -427
[2023-07-21 21:59:54] [world_nether] The Player <wqe123420> has placed NETHERRACK at X= 19, Y= 9, Z= -426
[2023-07-21 21:59:55] [world_nether] The Player <wqe123420> has placed NETHERRACK at X= 19, Y= 8, Z= -425
[2023-07-21 22:00:10] [world_nether] The Player <wqe123420> has placed NETHERRACK at X= 14, Y= 10, Z= -459
[2023-07-21 22:00:10] [world_nether] The Player <wqe123420> has placed NETHERRACK at X= 14, Y= 11, Z= -459
[2023-07-21 22:00:11] [world_nether] The Player <wqe123420> has placed NETHERRACK at X= 14, Y= 12, Z= -459
[2023-07-21 22:00:25] [world_nether] The Player <wqe123420> has placed NETHERRACK at X= 19, Y= 10, Z= -432
[2023-07-21 22:00:25] [world_nether] The Player <wqe123420> has placed NETHERRACK at X= 20, Y= 10, Z= -432
[2023-07-21 22:00:26] [world_nether] The Player <wqe123420> has placed NETHERRACK at X= 19, Y= 11, Z= -432
[2023-07-21 22:00:26] [world_nether] The Player <wqe123420> has placed NETHERRACK at X= 19, Y= 10, Z= -431
[2023-07-21 22:00:26] [world_nether] The Player <wqe123420> has placed NETHERRACK at X= 20, Y= 10, Z= -431
[2023-07-21 22:00:26] [world_nether] The Player <wqe123420> has placed NETHERRACK at X= 20, Y= 11, Z= -432
[2023-07-21 22:00:26] [world_nether] The Player <wqe123420> has placed NETHERRACK at X= 20, Y= 12, Z= -432
[2023-07-21 22:00:27] [world_nether] The Player <wqe123420> has placed NETHERRACK at X= 19, Y= 12, Z= -432
[2023-07-21 22:02:38] [world] The Player <Funget114514> has placed NETHERRACK at X= -28, Y= 66, Z= -287
[2023-07-21 22:02:39] [world] The Player <Funget114514> has placed NETHERRACK at X= -28, Y= 65, Z= -287
[2023-07-21 22:25:22] [world] The Player <wqe123420> has placed NETHERRACK at X= -27, Y= 63, Z= -285
[2023-07-21 22:25:22] [world] The Player <wqe123420> has placed NETHERRACK at X= -28, Y= 63, Z= -285
[2023-07-21 22:26:56] [world] The Player <wqe123420> has placed NETHERRACK at X= 8, Y= 69, Z= -297
[2023-07-21 22:27:18] [world_nether] The Player <Funget114514> has placed SAND at X= 160, Y= 23, Z= -550
[2023-07-21 22:27:19] [world_nether] The Player <Funget114514> has placed SAND at X= 159, Y= 23, Z= -550
[2023-07-21 22:27:19] [world_nether] The Player <Funget114514> has placed SAND at X= 159, Y= 23, Z= -551
[2023-07-21 22:27:19] [world_nether] The Player <Funget114514> has placed SAND at X= 159, Y= 24, Z= -551
[2023-07-21 22:27:20] [world_nether] The Player <Funget114514> has placed SAND at X= 159, Y= 24, Z= -550
[2023-07-21 22:27:21] [world_nether] The Player <Funget114514> has placed SAND at X= 160, Y= 24, Z= -550
[2023-07-21 22:28:28] [world_nether] The Player <Funget114514> has placed IRON_BLOCK at X= 159, Y= 23, Z= -551
[2023-07-21 22:28:28] [world_nether] The Player <Funget114514> has placed IRON_BLOCK at X= 159, Y= 24, Z= -551
[2023-07-21 22:28:29] [world_nether] The Player <Funget114514> has placed IRON_BLOCK at X= 159, Y= 23, Z= -549
[2023-07-21 22:28:29] [world_nether] The Player <Funget114514> has placed IRON_BLOCK at X= 160, Y= 23, Z= -550
[2023-07-21 22:28:30] [world_nether] The Player <Funget114514> has placed IRON_BLOCK at X= 160, Y= 24, Z= -550
[2023-07-21 22:28:30] [world_nether] The Player <Funget114514> has placed IRON_BLOCK at X= 162, Y= 23, Z= -551
[2023-07-21 22:28:30] [world_nether] The Player <Funget114514> has placed IRON_BLOCK at X= 161, Y= 23, Z= -551
[2023-07-21 22:28:30] [world_nether] The Player <Funget114514> has placed IRON_BLOCK at X= 161, Y= 24, Z= -551
[2023-07-21 22:28:31] [world_nether] The Player <Funget114514> has placed IRON_BLOCK at X= 160, Y= 23, Z= -553
[2023-07-21 22:28:31] [world_nether] The Player <Funget114514> has placed IRON_BLOCK at X= 160, Y= 23, Z= -552
[2023-07-21 22:28:31] [world_nether] The Player <Funget114514> has placed IRON_BLOCK at X= 160, Y= 24, Z= -553
[2023-07-21 22:28:32] [world_nether] The Player <Funget114514> has placed IRON_BLOCK at X= 160, Y= 24, Z= -552
[2023-07-21 22:28:34] [world_nether] The Player <Funget114514> has placed IRON_BLOCK at X= 159, Y= 25, Z= -551
[2023-07-21 22:28:35] [world_nether] The Player <Funget114514> has placed IRON_BLOCK at X= 160, Y= 25, Z= -551
[2023-07-21 22:30:18] [world_nether] The Player <Funget114514> has placed IRON_BLOCK at X= 5, Y= 70, Z= -27
[2023-07-21 22:30:18] [world_nether] The Player <Funget114514> has placed IRON_BLOCK at X= 5, Y= 71, Z= -27
[2023-07-21 22:30:22] [world_nether] The Player <Funget114514> has placed IRON_BLOCK at X= 5, Y= 74, Z= -36
[2023-07-21 22:30:23] [world_nether] The Player <Funget114514> has placed IRON_BLOCK at X= 5, Y= 75, Z= -36
[2023-07-21 22:30:23] [world_nether] The Player <Funget114514> has placed IRON_BLOCK at X= 5, Y= 76, Z= -36
[2023-07-21 22:30:50] [world_nether] The Player <Funget114514> has placed IRON_BLOCK at X= 12, Y= 60, Z= -140
[2023-07-21 22:30:51] [world_nether] The Player <Funget114514> has placed IRON_BLOCK at X= 12, Y= 61, Z= -140
[2023-07-21 22:30:51] [world_nether] The Player <Funget114514> has placed IRON_BLOCK at X= 12, Y= 62, Z= -140
[2023-07-21 22:30:52] [world_nether] The Player <Funget114514> has placed IRON_BLOCK at X= 12, Y= 63, Z= -140
[2023-07-21 22:30:52] [world_nether] The Player <Funget114514> has placed IRON_BLOCK at X= 12, Y= 64, Z= -140
[2023-07-21 22:30:53] [world_nether] The Player <Funget114514> has placed IRON_BLOCK at X= 12, Y= 65, Z= -140
[2023-07-21 22:30:57] [world_nether] The Player <Funget114514> has placed IRON_BLOCK at X= 13, Y= 67, Z= -145
[2023-07-21 22:31:02] [world_nether] The Player <Funget114514> has placed IRON_BLOCK at X= 8, Y= 60, Z= -152
[2023-07-21 22:31:03] [world_nether] The Player <Funget114514> has placed IRON_BLOCK at X= 8, Y= 61, Z= -152
[2023-07-21 22:31:03] [world_nether] The Player <Funget114514> has placed IRON_BLOCK at X= 8, Y= 62, Z= -152
[2023-07-21 22:31:05] [world_nether] The Player <Funget114514> has placed IRON_BLOCK at X= 9, Y= 62, Z= -153
[2023-07-21 22:31:05] [world_nether] The Player <Funget114514> has placed IRON_BLOCK at X= 9, Y= 62, Z= -152
[2023-07-21 22:31:32] [world_nether] The Player <Funget114514> has placed IRON_BLOCK at X= 28, Y= 60, Z= -247
[2023-07-21 22:31:33] [world_nether] The Player <Funget114514> has placed IRON_BLOCK at X= 28, Y= 61, Z= -247
[2023-07-21 22:31:33] [world_nether] The Player <Funget114514> has placed IRON_BLOCK at X= 29, Y= 62, Z= -247
[2023-07-21 22:31:34] [world_nether] The Player <Funget114514> has placed IRON_BLOCK at X= 29, Y= 63, Z= -247
[2023-07-21 22:31:34] [world_nether] The Player <Funget114514> has placed IRON_BLOCK at X= 29, Y= 64, Z= -247
[2023-07-21 22:32:13] [world_nether] The Player <Funget114514> has placed CRAFTING_TABLE at X= 35, Y= 66, Z= -271
[2023-07-21 22:33:41] [world_nether] The Player <Funget114514> has placed BLUE_SHULKER_BOX at X= 37, Y= 72, Z= -343
[2023-07-21 22:34:32] [world_nether] The Player <Funget114514> has placed CRIMSON_PLANKS at X= 160, Y= 13, Z= -549
[2023-07-21 22:34:33] [world_nether] The Player <Funget114514> has placed CRIMSON_PLANKS at X= 160, Y= 12, Z= -548
[2023-07-21 22:34:34] [world_nether] The Player <Funget114514> has placed CRIMSON_PLANKS at X= 160, Y= 12, Z= -549
[2023-07-21 22:35:31] [world] The Player <wqe123420> has placed NETHERRACK at X= -74, Y= 40, Z= -226
[2023-07-21 22:35:32] [world] The Player <wqe123420> has placed NETHERRACK at X= -74, Y= 41, Z= -226
[2023-07-21 22:35:42] [world] The Player <Enderlava> has placed SHULKER_BOX at X= -28, Y= 63, Z= -287
