[2023-07-22 13:07:05] [world_nether] The Player <Funget114514> has placed NETHERRACK at X= -32, Y= 59, Z= -46
[2023-07-22 13:07:20] [world_nether] The Player <Funget114514> has placed NETHERRACK at X= -56, Y= 59, Z= -46
[2023-07-22 13:07:20] [world_nether] The Player <Funget114514> has placed NETHERRACK at X= -56, Y= 60, Z= -46
[2023-07-22 13:07:21] [world_nether] The Player <Funget114514> has placed NETHERRACK at X= -55, Y= 61, Z= -47
[2023-07-22 13:07:21] [world_nether] The Player <Funget114514> has placed NETHERRACK at X= -55, Y= 62, Z= -47
[2023-07-22 13:07:30] [world_nether] The Player <Funget114514> has placed NETHERRACK at X= -52, Y= 62, Z= -49
[2023-07-22 13:07:37] [world_nether] The Player <Funget114514> has placed NETHERRACK at X= -48, Y= 58, Z= -41
[2023-07-22 13:07:38] [world_nether] The Player <Funget114514> has placed NETHERRACK at X= -48, Y= 59, Z= -41
[2023-07-22 13:07:38] [world_nether] The Player <Funget114514> has placed NETHERRACK at X= -47, Y= 58, Z= -40
[2023-07-22 13:07:38] [world_nether] The Player <Funget114514> has placed NETHERRACK at X= -47, Y= 59, Z= -40
[2023-07-22 13:07:39] [world_nether] The Player <Funget114514> has placed NETHERRACK at X= -47, Y= 60, Z= -40
[2023-07-22 13:07:39] [world_nether] The Player <Funget114514> has placed NETHERRACK at X= -47, Y= 61, Z= -40
[2023-07-22 13:07:40] [world_nether] The Player <Funget114514> has placed NETHERRACK at X= -47, Y= 62, Z= -40
[2023-07-22 13:07:40] [world_nether] The Player <Funget114514> has placed NETHERRACK at X= -47, Y= 63, Z= -40
[2023-07-22 13:07:41] [world_nether] The Player <Funget114514> has placed NETHERRACK at X= -47, Y= 64, Z= -40
[2023-07-22 13:07:41] [world_nether] The Player <Funget114514> has placed NETHERRACK at X= -47, Y= 65, Z= -40
[2023-07-22 13:07:42] [world_nether] The Player <Funget114514> has placed NETHERRACK at X= -47, Y= 66, Z= -40
[2023-07-22 13:07:42] [world_nether] The Player <Funget114514> has placed NETHERRACK at X= -47, Y= 67, Z= -40
[2023-07-22 13:08:28] [world_nether] The Player <Funget114514> has placed NETHERRACK at X= 138, Y= 36, Z= -557
[2023-07-22 13:08:29] [world_nether] The Player <Funget114514> has placed NETHERRACK at X= 138, Y= 37, Z= -557
[2023-07-22 13:08:30] [world_nether] The Player <Funget114514> has placed NETHERRACK at X= 138, Y= 38, Z= -557
[2023-07-22 13:08:30] [world_nether] The Player <Funget114514> has placed NETHERRACK at X= 137, Y= 39, Z= -557
[2023-07-22 13:08:31] [world_nether] The Player <Funget114514> has placed NETHERRACK at X= 137, Y= 39, Z= -558
[2023-07-22 13:08:31] [world_nether] The Player <Funget114514> has placed NETHERRACK at X= 137, Y= 40, Z= -558
[2023-07-22 13:08:31] [world_nether] The Player <Funget114514> has placed NETHERRACK at X= 137, Y= 41, Z= -558
[2023-07-22 13:08:35] [world_nether] The Player <Funget114514> has placed NETHERRACK at X= 131, Y= 46, Z= -562
[2023-07-22 13:08:36] [world_nether] The Player <Funget114514> has placed NETHERRACK at X= 131, Y= 48, Z= -563
[2023-07-22 13:08:37] [world_nether] The Player <Funget114514> has placed NETHERRACK at X= 131, Y= 49, Z= -563
[2023-07-22 13:08:37] [world_nether] The Player <Funget114514> has placed NETHERRACK at X= 131, Y= 50, Z= -563
[2023-07-22 13:08:38] [world_nether] The Player <Funget114514> has placed NETHERRACK at X= 131, Y= 51, Z= -563
[2023-07-22 13:08:38] [world_nether] The Player <Funget114514> has placed NETHERRACK at X= 131, Y= 52, Z= -563
[2023-07-22 13:09:15] [world_nether] The Player <Funget114514> has placed NETHERRACK at X= 120, Y= 65, Z= -580
[2023-07-22 13:09:21] [world_nether] The Player <Funget114514> has placed NETHERRACK at X= 118, Y= 61, Z= -580
[2023-07-22 13:09:29] [world_nether] The Player <Funget114514> has placed NETHERRACK at X= 119, Y= 63, Z= -580
[2023-07-22 13:12:43] [world_nether] The Player <Funget114514> has placed NETHERRACK at X= 124, Y= 64, Z= -577
[2023-07-22 13:12:44] [world_nether] The Player <Funget114514> has placed NETHERRACK at X= 124, Y= 64, Z= -578
[2023-07-22 13:13:01] [world_nether] The Player <Funget114514> has placed NETHERRACK at X= 131, Y= 62, Z= -573
[2023-07-22 13:13:30] [world_nether] The Player <Funget114514> has placed NETHERRACK at X= 133, Y= 59, Z= -571
[2023-07-22 13:13:30] [world_nether] The Player <Funget114514> has placed NETHERRACK at X= 133, Y= 59, Z= -572
[2023-07-22 13:13:30] [world_nether] The Player <Funget114514> has placed NETHERRACK at X= 133, Y= 59, Z= -573
[2023-07-22 13:13:31] [world_nether] The Player <Funget114514> has placed NETHERRACK at X= 133, Y= 59, Z= -574
[2023-07-22 13:14:20] [world_nether] The Player <Funget114514> has placed NETHERRACK at X= 133, Y= 58, Z= -634
[2023-07-22 13:14:32] [world_nether] The Player <Funget114514> has placed NETHERRACK at X= 127, Y= 59, Z= -636
[2023-07-22 13:14:32] [world_nether] The Player <Funget114514> has placed NETHERRACK at X= 127, Y= 60, Z= -636
[2023-07-22 13:15:10] [world_nether] The Player <Funget114514> has placed NETHERRACK at X= 124, Y= 37, Z= -648
[2023-07-22 13:15:11] [world_nether] The Player <Funget114514> has placed NETHERRACK at X= 124, Y= 38, Z= -648
[2023-07-22 13:16:01] [world_nether] The Player <Funget114514> has placed NETHERRACK at X= 90, Y= 38, Z= -683
[2023-07-22 13:16:01] [world_nether] The Player <Funget114514> has placed NETHERRACK at X= 90, Y= 39, Z= -683
[2023-07-22 13:16:02] [world_nether] The Player <Funget114514> has placed NETHERRACK at X= 90, Y= 40, Z= -682
[2023-07-22 13:16:04] [world_nether] The Player <Funget114514> has placed NETHERRACK at X= 90, Y= 42, Z= -681
[2023-07-22 13:16:04] [world_nether] The Player <Funget114514> has placed NETHERRACK at X= 90, Y= 43, Z= -681
[2023-07-22 13:17:00] [world_nether] The Player <wqe123420> has placed NETHERRACK at X= -10, Y= 12, Z= -276
[2023-07-22 13:17:19] [world_nether] The Player <wqe123420> has placed NETHERRACK at X= -14, Y= 12, Z= -302
[2023-07-22 13:17:20] [world_nether] The Player <wqe123420> has placed NETHERRACK at X= -14, Y= 12, Z= -301
[2023-07-22 13:27:48] [world] The Player <wqe123420> has placed NETHERRACK at X= -3235, Y= 62, Z= 4300
[2023-07-22 13:27:53] [world] The Player <wqe123420> has placed NETHERRACK at X= -3236, Y= 62, Z= 4303
[2023-07-22 13:30:44] [world] The Player <wqe123420> has placed NETHERRACK at X= -28, Y= 68, Z= -289
[2023-07-22 13:30:45] [world] The Player <wqe123420> has placed NETHERRACK at X= -28, Y= 69, Z= -289
[2023-07-22 13:30:46] [world] The Player <wqe123420> has placed NETHERRACK at X= -29, Y= 68, Z= -288
[2023-07-22 13:30:46] [world] The Player <wqe123420> has placed NETHERRACK at X= -29, Y= 69, Z= -288
[2023-07-22 13:30:48] [world] The Player <wqe123420> has placed NETHERRACK at X= -30, Y= 70, Z= -289
[2023-07-22 13:30:49] [world] The Player <wqe123420> has placed NETHERRACK at X= -29, Y= 70, Z= -289
[2023-07-22 13:41:27] [world] The Player <wqe123420> has placed SUGAR_CANE at X= 20, Y= 63, Z= -328
[2023-07-22 13:42:01] [world] The Player <wqe123420> has placed SUGAR_CANE at X= 8, Y= 63, Z= -304
[2023-07-22 13:54:15] [world] The Player <Enderlava> has placed BLACKSTONE at X= -6, Y= 78, Z= -212
[2023-07-22 14:09:02] [world] The Player <Enderlava> has placed TNT at X= -61, Y= 18, Z= -213
[2023-07-22 15:02:02] [world_nether] The Player <wqe123420> has placed ANCIENT_DEBRIS at X= 362, Y= 13, Z= -221
[2023-07-22 15:02:13] [world_nether] The Player <wqe123420> has placed BLACKSTONE at X= 363, Y= 14, Z= -221
[2023-07-22 15:02:14] [world_nether] The Player <wqe123420> has placed BLACKSTONE at X= 362, Y= 14, Z= -221
[2023-07-22 15:02:18] [world_nether] The Player <wqe123420> has placed BLACKSTONE at X= 362, Y= 14, Z= -221
[2023-07-22 15:02:31] [world_nether] The Player <wqe123420> has placed BLACKSTONE at X= 363, Y= 13, Z= -221
[2023-07-22 15:02:32] [world_nether] The Player <wqe123420> has placed BLACKSTONE at X= 363, Y= 14, Z= -221
[2023-07-22 15:03:12] [world_nether] The Player <wqe123420> has placed BLACKSTONE at X= 319, Y= 12, Z= -222
[2023-07-22 15:03:13] [world_nether] The Player <wqe123420> has placed BLACKSTONE at X= 319, Y= 13, Z= -222
[2023-07-22 15:03:13] [world_nether] The Player <wqe123420> has placed BLACKSTONE at X= 319, Y= 14, Z= -222
[2023-07-22 15:05:12] [world] The Player <wqe123420> has placed BLACKSTONE at X= -72, Y= 62, Z= -226
[2023-07-22 15:05:27] [world] The Player <wqe123420> has placed BLACKSTONE at X= -72, Y= 38, Z= -226
[2023-07-22 15:05:41] [world] The Player <wqe123420> has placed BLACKSTONE at X= -72, Y= 18, Z= -226
[2023-07-22 18:25:55] [world_nether] The Player <Enderlava> has placed BLUE_ICE at X= 19, Y= 128, Z= -24
[2023-07-22 18:25:57] [world_nether] The Player <Enderlava> has placed BLUE_ICE at X= 21, Y= 128, Z= -24
[2023-07-22 18:25:58] [world_nether] The Player <Enderlava> has placed BLUE_ICE at X= 23, Y= 128, Z= -24
[2023-07-22 18:25:59] [world_nether] The Player <Enderlava> has placed BLUE_ICE at X= 25, Y= 128, Z= -24
[2023-07-22 18:26:05] [world_nether] The Player <Enderlava> has placed STONE_BUTTON at X= 25, Y= 129, Z= -24
[2023-07-22 18:26:06] [world_nether] The Player <Enderlava> has placed STONE_BUTTON at X= 23, Y= 129, Z= -24
[2023-07-22 18:26:07] [world_nether] The Player <Enderlava> has placed STONE_BUTTON at X= 21, Y= 129, Z= -24
[2023-07-22 18:26:07] [world_nether] The Player <Enderlava> has placed STONE_BUTTON at X= 18, Y= 128, Z= -24
[2023-07-22 18:26:09] [world_nether] The Player <Enderlava> has placed STONE_BUTTON at X= 19, Y= 129, Z= -24
[2023-07-22 18:26:39] [world_nether] The Player <Enderlava> has placed BLUE_ICE at X= 162, Y= 128, Z= 102
[2023-07-22 18:26:40] [world_nether] The Player <Enderlava> has placed BLUE_ICE at X= 164, Y= 128, Z= 102
[2023-07-22 18:26:43] [world_nether] The Player <Enderlava> has placed BLUE_ICE at X= 164, Y= 128, Z= 104
[2023-07-22 18:26:43] [world_nether] The Player <Enderlava> has placed BLUE_ICE at X= 164, Y= 128, Z= 106
[2023-07-22 18:26:44] [world_nether] The Player <Enderlava> has placed BLUE_ICE at X= 164, Y= 128, Z= 108
[2023-07-22 18:26:44] [world_nether] The Player <Enderlava> has placed BLUE_ICE at X= 164, Y= 128, Z= 110
[2023-07-22 18:26:45] [world_nether] The Player <Enderlava> has placed BLUE_ICE at X= 164, Y= 128, Z= 112
[2023-07-22 18:26:45] [world_nether] The Player <Enderlava> has placed BLUE_ICE at X= 164, Y= 128, Z= 114
[2023-07-22 18:26:47] [world_nether] The Player <Enderlava> has placed BLUE_ICE at X= 164, Y= 128, Z= 116
[2023-07-22 18:26:47] [world_nether] The Player <Enderlava> has placed BLUE_ICE at X= 164, Y= 128, Z= 118
[2023-07-22 18:26:52] [world_nether] The Player <Enderlava> has placed BLUE_ICE at X= 161, Y= 128, Z= 116
[2023-07-22 18:26:54] [world_nether] The Player <Enderlava> has placed BLUE_ICE at X= 161, Y= 128, Z= 118
[2023-07-22 18:26:59] [world_nether] The Player <Enderlava> has placed BLUE_ICE at X= 162, Y= 128, Z= 104
[2023-07-22 18:27:00] [world_nether] The Player <Enderlava> has placed BLUE_ICE at X= 162, Y= 128, Z= 106
[2023-07-22 18:27:00] [world_nether] The Player <Enderlava> has placed BLUE_ICE at X= 162, Y= 128, Z= 108
[2023-07-22 18:27:01] [world_nether] The Player <Enderlava> has placed BLUE_ICE at X= 162, Y= 128, Z= 110
[2023-07-22 18:27:01] [world_nether] The Player <Enderlava> has placed BLUE_ICE at X= 162, Y= 128, Z= 112
[2023-07-22 18:27:01] [world_nether] The Player <Enderlava> has placed BLUE_ICE at X= 162, Y= 128, Z= 114
[2023-07-22 18:27:02] [world_nether] The Player <Enderlava> has placed BLUE_ICE at X= 162, Y= 128, Z= 116
[2023-07-22 18:27:02] [world_nether] The Player <Enderlava> has placed BLUE_ICE at X= 162, Y= 128, Z= 118
[2023-07-22 18:27:03] [world_nether] The Player <Enderlava> has placed BLUE_ICE at X= 162, Y= 128, Z= 120
[2023-07-22 18:27:04] [world_nether] The Player <Enderlava> has placed BLUE_ICE at X= 162, Y= 128, Z= 122
[2023-07-22 18:27:07] [world_nether] The Player <Enderlava> has placed BLUE_ICE at X= 164, Y= 128, Z= 120
[2023-07-22 18:27:07] [world_nether] The Player <Enderlava> has placed BLUE_ICE at X= 164, Y= 128, Z= 122
[2023-07-22 18:27:16] [world_nether] The Player <Enderlava> has placed OAK_FENCE at X= 161, Y= 129, Z= 101
[2023-07-22 18:27:17] [world_nether] The Player <Enderlava> has placed OAK_FENCE at X= 161, Y= 129, Z= 102
[2023-07-22 18:27:17] [world_nether] The Player <Enderlava> has placed OAK_FENCE at X= 161, Y= 129, Z= 103
[2023-07-22 18:27:17] [world_nether] The Player <Enderlava> has placed OAK_FENCE at X= 161, Y= 129, Z= 104
[2023-07-22 18:27:17] [world_nether] The Player <Enderlava> has placed OAK_FENCE at X= 161, Y= 129, Z= 105
[2023-07-22 18:27:18] [world_nether] The Player <Enderlava> has placed OAK_FENCE at X= 161, Y= 129, Z= 106
[2023-07-22 18:27:19] [world_nether] The Player <Enderlava> has placed OAK_FENCE at X= 161, Y= 129, Z= 107
[2023-07-22 18:27:19] [world_nether] The Player <Enderlava> has placed OAK_FENCE at X= 161, Y= 129, Z= 108
[2023-07-22 18:27:20] [world_nether] The Player <Enderlava> has placed OAK_FENCE at X= 161, Y= 129, Z= 109
[2023-07-22 18:27:20] [world_nether] The Player <Enderlava> has placed OAK_FENCE at X= 161, Y= 129, Z= 110
[2023-07-22 18:27:20] [world_nether] The Player <Enderlava> has placed OAK_FENCE at X= 161, Y= 129, Z= 111
[2023-07-22 18:27:20] [world_nether] The Player <Enderlava> has placed OAK_FENCE at X= 161, Y= 129, Z= 112
[2023-07-22 18:27:21] [world_nether] The Player <Enderlava> has placed OAK_FENCE at X= 161, Y= 129, Z= 113
[2023-07-22 18:27:21] [world_nether] The Player <Enderlava> has placed OAK_FENCE at X= 161, Y= 129, Z= 114
[2023-07-22 18:27:21] [world_nether] The Player <Enderlava> has placed OAK_FENCE at X= 161, Y= 129, Z= 115
[2023-07-22 18:27:21] [world_nether] The Player <Enderlava> has placed OAK_FENCE at X= 161, Y= 129, Z= 116
[2023-07-22 18:27:21] [world_nether] The Player <Enderlava> has placed OAK_FENCE at X= 161, Y= 129, Z= 117
[2023-07-22 18:27:22] [world_nether] The Player <Enderlava> has placed OAK_FENCE at X= 161, Y= 129, Z= 118
[2023-07-22 18:27:22] [world_nether] The Player <Enderlava> has placed OAK_FENCE at X= 161, Y= 129, Z= 119
[2023-07-22 18:27:22] [world_nether] The Player <Enderlava> has placed OAK_FENCE at X= 161, Y= 129, Z= 120
[2023-07-22 18:27:22] [world_nether] The Player <Enderlava> has placed OAK_FENCE at X= 161, Y= 129, Z= 121
[2023-07-22 18:27:23] [world_nether] The Player <Enderlava> has placed OAK_FENCE at X= 161, Y= 129, Z= 122
[2023-07-22 18:27:23] [world_nether] The Player <Enderlava> has placed OAK_FENCE at X= 161, Y= 129, Z= 123
[2023-07-22 18:27:23] [world_nether] The Player <Enderlava> has placed OAK_FENCE at X= 161, Y= 129, Z= 124
[2023-07-22 18:27:25] [world_nether] The Player <Enderlava> has placed OAK_FENCE at X= 162, Y= 129, Z= 123
[2023-07-22 18:27:27] [world_nether] The Player <Enderlava> has placed OAK_FENCE at X= 163, Y= 129, Z= 123
[2023-07-22 18:27:28] [world_nether] The Player <Enderlava> has placed OAK_FENCE at X= 164, Y= 129, Z= 123
[2023-07-22 18:27:28] [world_nether] The Player <Enderlava> has placed OAK_FENCE at X= 165, Y= 129, Z= 123
[2023-07-22 18:27:28] [world_nether] The Player <Enderlava> has placed OAK_FENCE at X= 166, Y= 129, Z= 123
[2023-07-22 18:27:33] [world_nether] The Player <Enderlava> has placed OAK_FENCE at X= 165, Y= 129, Z= 101
[2023-07-22 18:27:33] [world_nether] The Player <Enderlava> has placed OAK_FENCE at X= 165, Y= 129, Z= 102
[2023-07-22 18:27:33] [world_nether] The Player <Enderlava> has placed OAK_FENCE at X= 165, Y= 129, Z= 103
[2023-07-22 18:27:33] [world_nether] The Player <Enderlava> has placed OAK_FENCE at X= 165, Y= 129, Z= 104
[2023-07-22 18:27:33] [world_nether] The Player <Enderlava> has placed OAK_FENCE at X= 165, Y= 129, Z= 105
[2023-07-22 18:27:34] [world_nether] The Player <Enderlava> has placed OAK_FENCE at X= 165, Y= 129, Z= 106
[2023-07-22 18:27:34] [world_nether] The Player <Enderlava> has placed OAK_FENCE at X= 165, Y= 129, Z= 107
[2023-07-22 18:27:34] [world_nether] The Player <Enderlava> has placed OAK_FENCE at X= 165, Y= 129, Z= 108
[2023-07-22 18:27:34] [world_nether] The Player <Enderlava> has placed OAK_FENCE at X= 165, Y= 129, Z= 109
[2023-07-22 18:27:35] [world_nether] The Player <Enderlava> has placed OAK_FENCE at X= 165, Y= 129, Z= 110
[2023-07-22 18:27:35] [world_nether] The Player <Enderlava> has placed OAK_FENCE at X= 165, Y= 129, Z= 111
[2023-07-22 18:27:35] [world_nether] The Player <Enderlava> has placed OAK_FENCE at X= 165, Y= 129, Z= 112
[2023-07-22 18:27:35] [world_nether] The Player <Enderlava> has placed OAK_FENCE at X= 165, Y= 129, Z= 113
[2023-07-22 18:27:35] [world_nether] The Player <Enderlava> has placed OAK_FENCE at X= 165, Y= 129, Z= 114
[2023-07-22 18:27:36] [world_nether] The Player <Enderlava> has placed OAK_FENCE at X= 165, Y= 129, Z= 115
[2023-07-22 18:27:36] [world_nether] The Player <Enderlava> has placed OAK_FENCE at X= 165, Y= 129, Z= 116
[2023-07-22 18:27:36] [world_nether] The Player <Enderlava> has placed OAK_FENCE at X= 165, Y= 129, Z= 117
[2023-07-22 18:27:36] [world_nether] The Player <Enderlava> has placed OAK_FENCE at X= 165, Y= 129, Z= 118
[2023-07-22 18:27:37] [world_nether] The Player <Enderlava> has placed OAK_FENCE at X= 165, Y= 129, Z= 119
[2023-07-22 18:27:37] [world_nether] The Player <Enderlava> has placed OAK_FENCE at X= 165, Y= 129, Z= 120
[2023-07-22 18:27:37] [world_nether] The Player <Enderlava> has placed OAK_FENCE at X= 165, Y= 129, Z= 121
[2023-07-22 18:27:47] [world_nether] The Player <Enderlava> has placed STONE_BUTTON at X= 162, Y= 129, Z= 102
[2023-07-22 18:27:47] [world_nether] The Player <Enderlava> has placed STONE_BUTTON at X= 162, Y= 129, Z= 104
[2023-07-22 18:27:48] [world_nether] The Player <Enderlava> has placed STONE_BUTTON at X= 162, Y= 129, Z= 106
[2023-07-22 18:27:48] [world_nether] The Player <Enderlava> has placed STONE_BUTTON at X= 162, Y= 129, Z= 108
[2023-07-22 18:27:49] [world_nether] The Player <Enderlava> has placed STONE_BUTTON at X= 162, Y= 128, Z= 109
[2023-07-22 18:27:50] [world_nether] The Player <Enderlava> has placed STONE_BUTTON at X= 162, Y= 129, Z= 112
[2023-07-22 18:27:50] [world_nether] The Player <Enderlava> has placed STONE_BUTTON at X= 162, Y= 129, Z= 110
[2023-07-22 18:27:51] [world_nether] The Player <Enderlava> has placed STONE_BUTTON at X= 162, Y= 129, Z= 114
[2023-07-22 18:27:52] [world_nether] The Player <Enderlava> has placed STONE_BUTTON at X= 162, Y= 129, Z= 116
[2023-07-22 18:27:52] [world_nether] The Player <Enderlava> has placed STONE_BUTTON at X= 162, Y= 129, Z= 118
[2023-07-22 18:27:53] [world_nether] The Player <Enderlava> has placed STONE_BUTTON at X= 162, Y= 129, Z= 120
[2023-07-22 18:27:53] [world_nether] The Player <Enderlava> has placed STONE_BUTTON at X= 162, Y= 129, Z= 122
[2023-07-22 18:27:54] [world_nether] The Player <Enderlava> has placed STONE_BUTTON at X= 164, Y= 129, Z= 122
[2023-07-22 18:27:55] [world_nether] The Player <Enderlava> has placed STONE_BUTTON at X= 164, Y= 129, Z= 120
[2023-07-22 18:27:55] [world_nether] The Player <Enderlava> has placed STONE_BUTTON at X= 164, Y= 129, Z= 118
[2023-07-22 18:27:56] [world_nether] The Player <Enderlava> has placed STONE_BUTTON at X= 164, Y= 129, Z= 116
[2023-07-22 18:27:56] [world_nether] The Player <Enderlava> has placed STONE_BUTTON at X= 164, Y= 129, Z= 114
[2023-07-22 18:27:57] [world_nether] The Player <Enderlava> has placed STONE_BUTTON at X= 164, Y= 129, Z= 112
[2023-07-22 18:27:57] [world_nether] The Player <Enderlava> has placed STONE_BUTTON at X= 164, Y= 128, Z= 111
[2023-07-22 18:27:57] [world_nether] The Player <Enderlava> has placed STONE_BUTTON at X= 164, Y= 128, Z= 109
[2023-07-22 18:27:58] [world_nether] The Player <Enderlava> has placed STONE_BUTTON at X= 164, Y= 129, Z= 108
[2023-07-22 18:27:58] [world_nether] The Player <Enderlava> has placed STONE_BUTTON at X= 164, Y= 129, Z= 106
[2023-07-22 18:27:58] [world_nether] The Player <Enderlava> has placed STONE_BUTTON at X= 164, Y= 129, Z= 104
[2023-07-22 18:27:59] [world_nether] The Player <Enderlava> has placed STONE_BUTTON at X= 164, Y= 129, Z= 102
[2023-07-22 18:28:01] [world_nether] The Player <Enderlava> has placed STONE_BUTTON at X= 164, Y= 129, Z= 110
[2023-07-22 18:28:43] [world_the_end] The Player <Enderlava> has placed REPEATER at X= 0, Y= 56, Z= -1
[2023-07-22 18:28:48] [world_the_end] The Player <Enderlava> has placed REPEATER at X= 0, Y= 56, Z= -2
[2023-07-22 18:29:06] [world_the_end] The Player <Enderlava> has placed OAK_LOG at X= 0, Y= 57, Z= -6
[2023-07-22 18:29:15] [world_the_end] The Player <Enderlava> has placed OAK_LEAVES at X= 0, Y= 58, Z= -6
[2023-07-22 18:29:15] [world_the_end] The Player <Enderlava> has placed OAK_LEAVES at X= 0, Y= 59, Z= -6
[2023-07-22 18:29:16] [world_the_end] The Player <Enderlava> has placed OAK_LEAVES at X= 0, Y= 58, Z= -7
[2023-07-22 18:29:16] [world_the_end] The Player <Enderlava> has placed OAK_LEAVES at X= 0, Y= 59, Z= -7
[2023-07-22 18:29:25] [world_the_end] The Player <Enderlava> has placed OBSERVER at X= 0, Y= 60, Z= -7
[2023-07-22 18:29:25] [world_the_end] The Player <Enderlava> has placed OBSERVER at X= 0, Y= 60, Z= -6
[2023-07-22 18:29:36] [world_the_end] The Player <Enderlava> has placed OBSERVER at X= 0, Y= 57, Z= -3
[2023-07-22 18:29:37] [world_the_end] The Player <Enderlava> has placed OBSERVER at X= 0, Y= 58, Z= -3
[2023-07-22 18:29:47] [world_the_end] The Player <Enderlava> has placed END_STONE at X= -1, Y= 58, Z= -3
[2023-07-22 18:29:48] [world_the_end] The Player <Enderlava> has placed END_STONE at X= 1, Y= 58, Z= -3
[2023-07-22 18:29:49] [world_the_end] The Player <Enderlava> has placed END_STONE at X= 0, Y= 59, Z= -3
[2023-07-22 18:29:52] [world_the_end] The Player <Enderlava> has placed END_STONE at X= 0, Y= 61, Z= -7
[2023-07-22 18:30:01] [world_the_end] The Player <Enderlava> has placed REDSTONE_WIRE at X= -1, Y= 59, Z= -3
[2023-07-22 18:30:02] [world_the_end] The Player <Enderlava> has placed REDSTONE_WIRE at X= 1, Y= 59, Z= -3
[2023-07-22 18:30:55] [world_the_end] The Player <Enderlava> has placed SMOOTH_STONE_SLAB at X= 1, Y= 60, Z= -3
[2023-07-22 18:30:55] [world_the_end] The Player <Enderlava> has placed SMOOTH_STONE_SLAB at X= 0, Y= 60, Z= -3
[2023-07-22 18:30:56] [world_the_end] The Player <Enderlava> has placed SMOOTH_STONE_SLAB at X= -1, Y= 60, Z= -3
[2023-07-22 18:31:03] [world_the_end] The Player <Enderlava> has placed STICKY_PISTON at X= 0, Y= 61, Z= -6
[2023-07-22 18:31:19] [world_the_end] The Player <Enderlava> has placed SLIME_BLOCK at X= 0, Y= 61, Z= -5
[2023-07-22 18:31:20] [world_the_end] The Player <Enderlava> has placed SLIME_BLOCK at X= -1, Y= 61, Z= -5
[2023-07-22 18:31:22] [world_the_end] The Player <Enderlava> has placed SLIME_BLOCK at X= 1, Y= 61, Z= -6
[2023-07-22 18:31:23] [world_the_end] The Player <Enderlava> has placed SLIME_BLOCK at X= 1, Y= 61, Z= -5
[2023-07-22 18:31:31] [world_the_end] The Player <Enderlava> has placed SAND at X= -1, Y= 61, Z= -3
[2023-07-22 18:31:32] [world_the_end] The Player <Enderlava> has placed SAND at X= 0, Y= 61, Z= -3
[2023-07-22 18:31:32] [world_the_end] The Player <Enderlava> has placed SAND at X= 1, Y= 61, Z= -3
[2023-07-22 18:31:38] [world_the_end] The Player <Enderlava> has placed SAND at X= 0, Y= 56, Z= 0
[2023-07-22 18:32:13] [world_the_end] The Player <Enderlava> has placed SAND at X= 1, Y= 61, Z= -3
[2023-07-22 18:32:14] [world_the_end] The Player <Enderlava> has placed SAND at X= 0, Y= 61, Z= -3
[2023-07-22 18:32:14] [world_the_end] The Player <Enderlava> has placed SAND at X= -1, Y= 61, Z= -3
[2023-07-22 18:33:21] [world_the_end] The Player <Enderlava> has placed PISTON at X= 0, Y= 59, Z= -4
[2023-07-22 18:33:23] [world_the_end] The Player <Enderlava> has placed PISTON at X= -1, Y= 59, Z= -4
[2023-07-22 18:33:25] [world_the_end] The Player <Enderlava> has placed PISTON at X= 1, Y= 59, Z= -4
[2023-07-22 18:33:36] [world_the_end] The Player <Enderlava> has placed END_STONE at X= 0, Y= 56, Z= 0
[2023-07-22 18:33:52] [world_the_end] The Player <Enderlava> has placed SAND at X= 1, Y= 61, Z= -3
[2023-07-22 18:33:53] [world_the_end] The Player <Enderlava> has placed SAND at X= 1, Y= 61, Z= -3
[2023-07-22 18:33:54] [world_the_end] The Player <Enderlava> has placed SAND at X= 1, Y= 61, Z= -3
[2023-07-22 18:33:55] [world_the_end] The Player <Enderlava> has placed SAND at X= 1, Y= 61, Z= -3
[2023-07-22 18:33:56] [world_the_end] The Player <Enderlava> has placed SAND at X= 1, Y= 61, Z= -3
[2023-07-22 18:33:56] [world_the_end] The Player <Enderlava> has placed SAND at X= 2, Y= 61, Z= -3
[2023-07-22 18:34:03] [world_the_end] The Player <Enderlava> has placed SAND at X= 0, Y= 61, Z= -3
[2023-07-22 18:34:05] [world_the_end] The Player <Enderlava> has placed SAND at X= 0, Y= 61, Z= -3
[2023-07-22 18:34:06] [world_the_end] The Player <Enderlava> has placed SAND at X= 0, Y= 61, Z= -3
[2023-07-22 18:34:07] [world_the_end] The Player <Enderlava> has placed SAND at X= 0, Y= 61, Z= -3
[2023-07-22 18:34:07] [world_the_end] The Player <Enderlava> has placed SAND at X= 0, Y= 61, Z= -3
[2023-07-22 18:34:07] [world_the_end] The Player <Enderlava> has placed SAND at X= 1, Y= 61, Z= -3
[2023-07-22 18:34:07] [world_the_end] The Player <Enderlava> has placed SAND at X= 0, Y= 61, Z= -3
[2023-07-22 18:34:20] [world_the_end] The Player <Enderlava> has placed SAND at X= 0, Y= 61, Z= -3
[2023-07-22 18:34:22] [world_the_end] The Player <Enderlava> has placed SAND at X= -1, Y= 61, Z= -3
[2023-07-22 18:34:22] [world_the_end] The Player <Enderlava> has placed SAND at X= -2, Y= 61, Z= -3
[2023-07-22 18:34:24] [world_the_end] The Player <Enderlava> has placed SAND at X= -1, Y= 61, Z= -3
[2023-07-22 18:34:29] [world_the_end] The Player <Enderlava> has placed SAND at X= -1, Y= 61, Z= -3
[2023-07-22 18:34:31] [world_the_end] The Player <Enderlava> has placed SAND at X= -1, Y= 61, Z= -3
[2023-07-22 19:25:35] [world_the_end] The Player <Enderlava> has placed OAK_FENCE at X= -1, Y= 60, Z= -2
[2023-07-22 19:25:35] [world_the_end] The Player <Enderlava> has placed OAK_FENCE at X= 0, Y= 60, Z= -2
[2023-07-22 19:25:36] [world_the_end] The Player <Enderlava> has placed OAK_FENCE at X= 1, Y= 60, Z= -2
[2023-07-22 19:25:46] [world_the_end] The Player <Enderlava> has placed SAND at X= -1, Y= 61, Z= -3
[2023-07-22 19:25:49] [world_the_end] The Player <Enderlava> has placed SAND at X= 0, Y= 61, Z= -3
[2023-07-22 19:25:50] [world_the_end] The Player <Enderlava> has placed SAND at X= 1, Y= 61, Z= -3
[2023-07-22 19:27:14] [world] The Player <Enderlava> has placed OAK_TRAPDOOR at X= -128, Y= 62, Z= -112
[2023-07-22 19:29:50] [world] The Player <Enderlava> has placed BLACKSTONE at X= -128, Y= 64, Z= -113
[2023-07-22 19:29:50] [world] The Player <Enderlava> has placed BLACKSTONE at X= -128, Y= 64, Z= -112
[2023-07-22 19:31:48] [world] The Player <Enderlava> has placed SMOOTH_STONE at X= -128, Y= 65, Z= -113
[2023-07-22 19:31:48] [world] The Player <Enderlava> has placed SMOOTH_STONE at X= -128, Y= 66, Z= -113
[2023-07-22 19:31:51] [world] The Player <Enderlava> has placed SMOOTH_STONE at X= -128, Y= 67, Z= -113
[2023-07-22 19:31:51] [world] The Player <Enderlava> has placed SMOOTH_STONE at X= -128, Y= 68, Z= -113
[2023-07-22 19:31:58] [world] The Player <Enderlava> has placed SMOOTH_STONE at X= -127, Y= 68, Z= -113
[2023-07-22 19:32:00] [world] The Player <Enderlava> has placed SMOOTH_STONE at X= -129, Y= 68, Z= -113
[2023-07-22 19:32:01] [world] The Player <Enderlava> has placed SMOOTH_STONE at X= -129, Y= 68, Z= -112
[2023-07-22 19:32:02] [world] The Player <Enderlava> has placed SMOOTH_STONE at X= -127, Y= 68, Z= -112
[2023-07-22 19:32:04] [world] The Player <Enderlava> has placed SMOOTH_STONE at X= -127, Y= 68, Z= -111
[2023-07-22 19:32:04] [world] The Player <Enderlava> has placed SMOOTH_STONE at X= -128, Y= 68, Z= -111
[2023-07-22 19:32:05] [world] The Player <Enderlava> has placed SMOOTH_STONE at X= -129, Y= 68, Z= -111
[2023-07-22 19:32:13] [world] The Player <Enderlava> has placed SMOOTH_STONE at X= -129, Y= 67, Z= -113
[2023-07-22 19:32:14] [world] The Player <Enderlava> has placed SMOOTH_STONE at X= -129, Y= 67, Z= -112
[2023-07-22 19:32:41] [world] The Player <Enderlava> has placed SMOOTH_STONE at X= -127, Y= 67, Z= -113
[2023-07-22 19:32:41] [world] The Player <Enderlava> has placed SMOOTH_STONE at X= -127, Y= 67, Z= -112
[2023-07-22 19:32:46] [world] The Player <Enderlava> has placed SMOOTH_STONE at X= -127, Y= 67, Z= -111
[2023-07-22 19:32:47] [world] The Player <Enderlava> has placed SMOOTH_STONE at X= -127, Y= 66, Z= -111
[2023-07-22 19:32:47] [world] The Player <Enderlava> has placed SMOOTH_STONE at X= -128, Y= 66, Z= -111
[2023-07-22 19:32:50] [world] The Player <Enderlava> has placed SMOOTH_STONE at X= -128, Y= 66, Z= -110
[2023-07-22 19:32:51] [world] The Player <Enderlava> has placed SMOOTH_STONE at X= -129, Y= 67, Z= -111
[2023-07-22 19:32:53] [world] The Player <Enderlava> has placed SMOOTH_STONE at X= -128, Y= 66, Z= -109
[2023-07-22 19:32:53] [world] The Player <Enderlava> has placed SMOOTH_STONE at X= -128, Y= 66, Z= -108
[2023-07-22 19:32:53] [world] The Player <Enderlava> has placed SMOOTH_STONE at X= -128, Y= 66, Z= -107
[2023-07-22 19:32:54] [world] The Player <Enderlava> has placed SMOOTH_STONE at X= -128, Y= 66, Z= -106
[2023-07-22 19:32:54] [world] The Player <Enderlava> has placed SMOOTH_STONE at X= -128, Y= 66, Z= -105
[2023-07-22 19:32:56] [world] The Player <Enderlava> has placed SMOOTH_STONE at X= -129, Y= 67, Z= -110
[2023-07-22 19:32:56] [world] The Player <Enderlava> has placed SMOOTH_STONE at X= -129, Y= 67, Z= -109
[2023-07-22 19:32:56] [world] The Player <Enderlava> has placed SMOOTH_STONE at X= -129, Y= 67, Z= -108
[2023-07-22 19:32:56] [world] The Player <Enderlava> has placed SMOOTH_STONE at X= -129, Y= 67, Z= -107
[2023-07-22 19:32:57] [world] The Player <Enderlava> has placed SMOOTH_STONE at X= -129, Y= 67, Z= -106
[2023-07-22 19:32:58] [world] The Player <Enderlava> has placed SMOOTH_STONE at X= -129, Y= 67, Z= -105
[2023-07-22 19:32:59] [world] The Player <Enderlava> has placed SMOOTH_STONE at X= -127, Y= 67, Z= -110
[2023-07-22 19:32:59] [world] The Player <Enderlava> has placed SMOOTH_STONE at X= -127, Y= 67, Z= -109
[2023-07-22 19:32:59] [world] The Player <Enderlava> has placed SMOOTH_STONE at X= -127, Y= 67, Z= -108
[2023-07-22 19:32:59] [world] The Player <Enderlava> has placed SMOOTH_STONE at X= -127, Y= 67, Z= -107
[2023-07-22 19:33:00] [world] The Player <Enderlava> has placed SMOOTH_STONE at X= -127, Y= 67, Z= -106
[2023-07-22 19:33:01] [world] The Player <Enderlava> has placed SMOOTH_STONE at X= -127, Y= 67, Z= -105
[2023-07-22 19:33:02] [world] The Player <Enderlava> has placed SMOOTH_STONE at X= -128, Y= 66, Z= -104
[2023-07-22 19:33:03] [world] The Player <Enderlava> has placed SMOOTH_STONE at X= -127, Y= 67, Z= -104
[2023-07-22 19:33:03] [world] The Player <Enderlava> has placed SMOOTH_STONE at X= -129, Y= 67, Z= -104
[2023-07-22 19:33:07] [world] The Player <Enderlava> has placed OAK_TRAPDOOR at X= -128, Y= 67, Z= -112
[2023-07-22 19:33:13] [world] The Player <Enderlava> has placed SMOOTH_STONE at X= -128, Y= 66, Z= -112
[2023-07-22 19:34:20] [world] The Player <Enderlava> has placed SMOOTH_STONE at X= -128, Y= 68, Z= -113
[2023-07-22 19:34:21] [world] The Player <Enderlava> has placed SMOOTH_STONE at X= -127, Y= 68, Z= -112
[2023-07-22 19:34:22] [world] The Player <Enderlava> has placed SMOOTH_STONE at X= -129, Y= 68, Z= -112
[2023-07-22 19:38:01] [world] The Player <Enderlava> has placed OAK_LEAVES at X= -15, Y= 63, Z= -283
[2023-07-22 19:38:03] [world] The Player <Enderlava> has placed OAK_LEAVES at X= -15, Y= 63, Z= -283
[2023-07-22 19:38:05] [world] The Player <Enderlava> has placed OAK_LEAVES at X= -15, Y= 63, Z= -283
[2023-07-22 19:38:06] [world] The Player <Enderlava> has placed OAK_LEAVES at X= -15, Y= 63, Z= -283
[2023-07-22 19:38:09] [world] The Player <Enderlava> has placed OAK_LEAVES at X= -15, Y= 63, Z= -283
[2023-07-22 19:38:09] [world] The Player <Enderlava> has placed OAK_LEAVES at X= -15, Y= 64, Z= -283
[2023-07-22 19:38:10] [world] The Player <Enderlava> has placed OAK_LEAVES at X= -15, Y= 65, Z= -283
[2023-07-22 19:38:40] [world] The Player <Enderlava> has placed OAK_SAPLING at X= -24, Y= 70, Z= -256
[2023-07-22 19:42:55] [world] The Player <Enderlava> has placed BARREL at X= -127, Y= 64, Z= -111
[2023-07-22 19:42:56] [world] The Player <Enderlava> has placed BARREL at X= -127, Y= 65, Z= -111
[2023-07-22 19:42:57] [world] The Player <Enderlava> has placed BARREL at X= -127, Y= 64, Z= -110
[2023-07-22 19:42:58] [world] The Player <Enderlava> has placed BARREL at X= -127, Y= 65, Z= -110
[2023-07-22 19:42:59] [world] The Player <Enderlava> has placed BARREL at X= -127, Y= 64, Z= -109
[2023-07-22 19:42:59] [world] The Player <Enderlava> has placed BARREL at X= -127, Y= 65, Z= -109
[2023-07-22 19:43:01] [world] The Player <Enderlava> has placed BARREL at X= -127, Y= 64, Z= -108
[2023-07-22 19:43:02] [world] The Player <Enderlava> has placed BARREL at X= -127, Y= 65, Z= -108
[2023-07-22 19:43:04] [world] The Player <Enderlava> has placed BARREL at X= -127, Y= 64, Z= -107
[2023-07-22 19:43:04] [world] The Player <Enderlava> has placed BARREL at X= -127, Y= 65, Z= -107
[2023-07-22 19:43:07] [world] The Player <Enderlava> has placed BARREL at X= -127, Y= 64, Z= -106
[2023-07-22 19:43:07] [world] The Player <Enderlava> has placed BARREL at X= -127, Y= 65, Z= -106
[2023-07-22 19:43:22] [world] The Player <Enderlava> has placed BARREL at X= -127, Y= 66, Z= -111
[2023-07-22 19:43:24] [world] The Player <Enderlava> has placed BARREL at X= -125, Y= 64, Z= -111
[2023-07-22 19:43:31] [world] The Player <Enderlava> has placed BARREL at X= -127, Y= 66, Z= -111
[2023-07-22 19:43:31] [world] The Player <Enderlava> has placed BARREL at X= -127, Y= 66, Z= -110
[2023-07-22 19:43:39] [world] The Player <Enderlava> has placed HOPPER at X= -128, Y= 66, Z= -111
[2023-07-22 19:43:41] [world] The Player <Enderlava> has placed HOPPER at X= -128, Y= 66, Z= -110
[2023-07-22 19:43:48] [world] The Player <Enderlava> has placed SMOOTH_STONE at X= -128, Y= 66, Z= -109
[2023-07-22 19:44:16] [world] The Player <Enderlava> has placed BARREL at X= -127, Y= 66, Z= -109
[2023-07-22 19:44:16] [world] The Player <Enderlava> has placed BARREL at X= -127, Y= 66, Z= -108
[2023-07-22 19:44:17] [world] The Player <Enderlava> has placed BARREL at X= -127, Y= 66, Z= -107
[2023-07-22 19:44:18] [world] The Player <Enderlava> has placed BARREL at X= -127, Y= 66, Z= -106
[2023-07-22 19:44:19] [world] The Player <Enderlava> has placed BARREL at X= -127, Y= 66, Z= -105
[2023-07-22 19:44:19] [world] The Player <Enderlava> has placed BARREL at X= -127, Y= 66, Z= -104
[2023-07-22 19:44:23] [world] The Player <Enderlava> has placed HOPPER at X= -128, Y= 66, Z= -109
[2023-07-22 19:44:24] [world] The Player <Enderlava> has placed HOPPER at X= -128, Y= 65, Z= -108
[2023-07-22 19:44:26] [world] The Player <Enderlava> has placed HOPPER at X= -128, Y= 66, Z= -108
[2023-07-22 19:44:27] [world] The Player <Enderlava> has placed HOPPER at X= -128, Y= 66, Z= -107
[2023-07-22 19:44:28] [world] The Player <Enderlava> has placed HOPPER at X= -128, Y= 66, Z= -106
[2023-07-22 19:44:29] [world] The Player <Enderlava> has placed HOPPER at X= -128, Y= 66, Z= -105
[2023-07-22 19:44:30] [world] The Player <Enderlava> has placed HOPPER at X= -128, Y= 66, Z= -104
[2023-07-22 19:44:47] [world] The Player <Enderlava> has placed BARREL at X= -127, Y= 65, Z= -111
[2023-07-22 19:44:48] [world] The Player <Enderlava> has placed BARREL at X= -127, Y= 65, Z= -110
[2023-07-22 19:44:48] [world] The Player <Enderlava> has placed BARREL at X= -127, Y= 65, Z= -109
[2023-07-22 19:44:49] [world] The Player <Enderlava> has placed BARREL at X= -127, Y= 65, Z= -108
[2023-07-22 19:44:50] [world] The Player <Enderlava> has placed BARREL at X= -127, Y= 65, Z= -107
[2023-07-22 19:44:51] [world] The Player <Enderlava> has placed BARREL at X= -127, Y= 65, Z= -106
[2023-07-22 19:44:52] [world] The Player <Enderlava> has placed BARREL at X= -127, Y= 65, Z= -105
[2023-07-22 19:45:00] [world] The Player <Enderlava> has placed HOPPER at X= -128, Y= 65, Z= -106
[2023-07-22 19:45:01] [world] The Player <Enderlava> has placed HOPPER at X= -128, Y= 65, Z= -105
[2023-07-22 19:45:02] [world] The Player <Enderlava> has placed HOPPER at X= -128, Y= 65, Z= -107
[2023-07-22 19:45:04] [world] The Player <Enderlava> has placed HOPPER at X= -128, Y= 65, Z= -108
[2023-07-22 19:45:04] [world] The Player <Enderlava> has placed HOPPER at X= -128, Y= 65, Z= -109
[2023-07-22 19:45:05] [world] The Player <Enderlava> has placed HOPPER at X= -128, Y= 65, Z= -110
[2023-07-22 19:45:06] [world] The Player <Enderlava> has placed HOPPER at X= -128, Y= 65, Z= -111
[2023-07-22 19:46:04] [world] The Player <Enderlava> has placed NETHERRACK at X= -128, Y= 66, Z= -104
[2023-07-22 19:46:09] [world] The Player <Enderlava> has placed FIRE at X= -128, Y= 67, Z= -104
[2023-07-22 19:46:23] [world] The Player <Funget114514> has placed NETHERRACK at X= -485, Y= 56, Z= -470
[2023-07-22 19:46:23] [world] The Player <Funget114514> has placed NETHERRACK at X= -485, Y= 57, Z= -470
[2023-07-22 19:46:23] [world] The Player <Funget114514> has placed NETHERRACK at X= -485, Y= 58, Z= -470
[2023-07-22 19:46:23] [world] The Player <Funget114514> has placed NETHERRACK at X= -485, Y= 59, Z= -470
[2023-07-22 19:46:23] [world] The Player <Funget114514> has placed NETHERRACK at X= -485, Y= 60, Z= -470
[2023-07-22 19:46:24] [world] The Player <Funget114514> has placed NETHERRACK at X= -485, Y= 61, Z= -470
[2023-07-22 19:46:24] [world] The Player <Funget114514> has placed NETHERRACK at X= -485, Y= 62, Z= -470
[2023-07-22 19:46:24] [world] The Player <Funget114514> has placed NETHERRACK at X= -485, Y= 63, Z= -470
[2023-07-22 19:46:29] [world] The Player <Funget114514> has placed NETHERRACK at X= -498, Y= 61, Z= -478
[2023-07-22 19:46:30] [world] The Player <Funget114514> has placed NETHERRACK at X= -498, Y= 62, Z= -478
[2023-07-22 19:46:53] [world] The Player <Enderlava> has placed GLASS at X= -128, Y= 68, Z= -113
[2023-07-22 19:46:55] [world] The Player <Enderlava> has placed GLASS at X= -127, Y= 68, Z= -112
[2023-07-22 19:46:57] [world] The Player <Enderlava> has placed GLASS at X= -129, Y= 68, Z= -112
[2023-07-22 19:47:00] [world] The Player <Enderlava> has placed GLASS at X= -129, Y= 66, Z= -113
[2023-07-22 19:47:03] [world] The Player <Enderlava> has placed GLASS at X= -129, Y= 67, Z= -113
[2023-07-22 19:47:04] [world] The Player <Enderlava> has placed GLASS at X= -128, Y= 67, Z= -113
[2023-07-22 19:47:07] [world] The Player <Enderlava> has placed GLASS at X= -127, Y= 67, Z= -113
[2023-07-22 19:47:10] [world] The Player <Enderlava> has placed GLASS at X= -128, Y= 66, Z= -112
[2023-07-22 19:47:12] [world] The Player <Enderlava> has placed GLASS at X= -129, Y= 67, Z= -112
[2023-07-22 19:47:14] [world] The Player <Enderlava> has placed GLASS at X= -129, Y= 67, Z= -111
[2023-07-22 19:47:15] [world] The Player <Enderlava> has placed GLASS at X= -129, Y= 67, Z= -110
[2023-07-22 19:47:16] [world] The Player <Enderlava> has placed GLASS at X= -129, Y= 67, Z= -109
[2023-07-22 19:47:20] [world] The Player <Enderlava> has placed GLASS at X= -129, Y= 67, Z= -108
[2023-07-22 19:47:21] [world] The Player <Enderlava> has placed GLASS at X= -129, Y= 67, Z= -107
[2023-07-22 19:47:22] [world] The Player <Enderlava> has placed GLASS at X= -129, Y= 67, Z= -106
[2023-07-22 19:47:23] [world] The Player <Enderlava> has placed GLASS at X= -129, Y= 67, Z= -105
[2023-07-22 19:47:25] [world] The Player <Enderlava> has placed GLASS at X= -129, Y= 66, Z= -104
[2023-07-22 19:47:28] [world] The Player <Enderlava> has placed GLASS at X= -129, Y= 67, Z= -104
[2023-07-22 19:47:41] [world] The Player <Enderlava> has placed GLASS at X= -127, Y= 67, Z= -111
[2023-07-22 19:47:42] [world] The Player <Enderlava> has placed GLASS at X= -127, Y= 67, Z= -110
[2023-07-22 19:47:44] [world] The Player <Enderlava> has placed GLASS at X= -127, Y= 67, Z= -109
[2023-07-22 19:47:45] [world] The Player <Enderlava> has placed GLASS at X= -127, Y= 67, Z= -108
[2023-07-22 19:47:46] [world] The Player <Enderlava> has placed GLASS at X= -127, Y= 67, Z= -107
[2023-07-22 19:47:47] [world] The Player <Enderlava> has placed GLASS at X= -127, Y= 67, Z= -106
[2023-07-22 19:47:49] [world] The Player <Enderlava> has placed GLASS at X= -127, Y= 67, Z= -105
[2023-07-22 19:47:51] [world] The Player <Enderlava> has placed GLASS at X= -127, Y= 67, Z= -104
[2023-07-22 19:47:55] [world] The Player <Enderlava> has placed GLASS at X= -127, Y= 67, Z= -112
[2023-07-22 19:48:02] [world] The Player <Enderlava> has placed GLASS at X= -129, Y= 68, Z= -111
[2023-07-22 19:48:02] [world] The Player <Enderlava> has placed GLASS at X= -128, Y= 68, Z= -111
[2023-07-22 19:48:05] [world] The Player <Enderlava> has placed GLASS at X= -128, Y= 68, Z= -110
[2023-07-22 19:48:05] [world] The Player <Enderlava> has placed GLASS at X= -128, Y= 68, Z= -109
[2023-07-22 19:48:06] [world] The Player <Enderlava> has placed GLASS at X= -128, Y= 68, Z= -108
[2023-07-22 19:48:06] [world] The Player <Enderlava> has placed GLASS at X= -128, Y= 68, Z= -107
[2023-07-22 19:48:08] [world] The Player <Enderlava> has placed GLASS at X= -128, Y= 68, Z= -106
[2023-07-22 19:48:09] [world] The Player <Enderlava> has placed GLASS at X= -128, Y= 68, Z= -105
[2023-07-22 19:48:10] [world] The Player <Enderlava> has placed GLASS at X= -128, Y= 68, Z= -104
[2023-07-22 19:48:13] [world] The Player <Enderlava> has placed GLASS at X= -128, Y= 69, Z= -113
[2023-07-22 19:48:13] [world] The Player <Enderlava> has placed GLASS at X= -129, Y= 69, Z= -113
[2023-07-22 19:48:13] [world] The Player <Enderlava> has placed GLASS at X= -128, Y= 69, Z= -112
[2023-07-22 19:48:21] [world] The Player <Enderlava> has placed GLASS at X= -127, Y= 67, Z= -103
[2023-07-22 19:48:21] [world] The Player <Enderlava> has placed GLASS at X= -128, Y= 67, Z= -103
[2023-07-22 20:18:44] [world_nether] The Player <wqe123420> has placed CRACKED_POLISHED_BLACKSTONE_BRICKS at X= -814, Y= 30, Z= 1303
[2023-07-22 20:20:58] [world] The Player <wqe123420> has placed BLACK_SHULKER_BOX at X= -26, Y= 63, Z= -288
[2023-07-22 20:22:49] [world] The Player <wqe123420> has placed BLACK_SHULKER_BOX at X= -25, Y= 69, Z= -282
[2023-07-22 20:23:27] [world] The Player <wqe123420> has placed RED_SHULKER_BOX at X= -18, Y= 63, Z= -296
[2023-07-22 20:24:12] [world] The Player <wqe123420> has placed LIGHT_GRAY_SHULKER_BOX at X= -26, Y= 63, Z= -287
[2023-07-22 20:24:17] [world] The Player <wqe123420> has placed RED_SHULKER_BOX at X= -26, Y= 63, Z= -286
[2023-07-22 20:24:18] [world] The Player <wqe123420> has placed YELLOW_SHULKER_BOX at X= -27, Y= 63, Z= -286
[2023-07-22 20:25:26] [world] The Player <wqe123420> has placed YELLOW_SHULKER_BOX at X= -27, Y= 63, Z= -286
[2023-07-22 20:25:37] [world] The Player <wqe123420> has placed YELLOW_SHULKER_BOX at X= -27, Y= 63, Z= -287
[2023-07-22 20:43:35] [world] The Player <wqe123420> has placed BLACK_SHULKER_BOX at X= -33, Y= 70, Z= -277
[2023-07-22 20:45:43] [world] The Player <wqe123420> has placed BLACK_SHULKER_BOX at X= -25, Y= 63, Z= -287
[2023-07-22 20:45:59] [world] The Player <wqe123420> has placed YELLOW_SHULKER_BOX at X= -25, Y= 63, Z= -288
[2023-07-22 21:46:33] [world] The Player <wqe123420> has placed YELLOW_SHULKER_BOX at X= -27, Y= 63, Z= -287
[2023-07-22 21:46:44] [world] The Player <wqe123420> has placed YELLOW_SHULKER_BOX at X= -27, Y= 63, Z= -288
