[2023-07-23 14:52:18] [world_the_end] The Player <Enderlava> has placed SAND at X= 1, Y= 61, Z= -3
[2023-07-23 14:52:25] [world_the_end] The Player <Enderlava> has placed SAND at X= 5, Y= 61, Z= -5
[2023-07-23 14:52:26] [world_the_end] The Player <Enderlava> has placed SAND at X= 5, Y= 62, Z= -5
[2023-07-23 14:52:27] [world_the_end] The Player <Enderlava> has placed SAND at X= 5, Y= 62, Z= -4
[2023-07-23 14:52:39] [world_the_end] The Player <Enderlava> has placed END_STONE at X= 6, Y= 62, Z= -4
[2023-07-23 14:52:45] [world_the_end] The Player <Enderlava> has placed SAND at X= -1, Y= 61, Z= -3
[2023-07-23 14:52:46] [world_the_end] The Player <Enderlava> has placed SAND at X= 0, Y= 61, Z= -3
[2023-07-23 14:53:07] [world_the_end] The Player <Enderlava> has placed SLIME_BLOCK at X= 0, Y= 61, Z= -5
[2023-07-23 14:53:08] [world_the_end] The Player <Enderlava> has placed SLIME_BLOCK at X= 1, Y= 61, Z= -5
[2023-07-23 14:53:09] [world_the_end] The Player <Enderlava> has placed SLIME_BLOCK at X= -1, Y= 61, Z= -5
[2023-07-23 14:53:14] [world_the_end] The Player <Enderlava> has placed END_STONE at X= 0, Y= 56, Z= 0
[2023-07-23 14:54:12] [world_the_end] The Player <Enderlava> has placed END_STONE at X= -3, Y= 62, Z= 6
[2023-07-23 14:54:12] [world_the_end] The Player <Enderlava> has placed END_STONE at X= -3, Y= 62, Z= 7
[2023-07-23 14:54:13] [world_the_end] The Player <Enderlava> has placed END_STONE at X= -2, Y= 62, Z= 7
[2023-07-23 14:54:14] [world_the_end] The Player <Enderlava> has placed END_STONE at X= -4, Y= 62, Z= 6
[2023-07-23 14:54:15] [world_the_end] The Player <Enderlava> has placed END_STONE at X= -5, Y= 62, Z= 6
[2023-07-23 14:54:15] [world_the_end] The Player <Enderlava> has placed END_STONE at X= -6, Y= 62, Z= 5
[2023-07-23 14:54:16] [world_the_end] The Player <Enderlava> has placed END_STONE at X= -7, Y= 62, Z= 4
[2023-07-23 14:54:17] [world_the_end] The Player <Enderlava> has placed END_STONE at X= -8, Y= 62, Z= 4
[2023-07-23 14:54:18] [world_the_end] The Player <Enderlava> has placed END_STONE at X= -9, Y= 62, Z= 3
[2023-07-23 14:54:19] [world_the_end] The Player <Enderlava> has placed END_STONE at X= -10, Y= 62, Z= 2
[2023-07-23 14:54:20] [world_the_end] The Player <Enderlava> has placed END_STONE at X= -12, Y= 62, Z= 2
[2023-07-23 14:54:25] [world_the_end] The Player <Enderlava> has placed END_STONE at X= -2, Y= 62, Z= 8
[2023-07-23 14:54:35] [world_the_end] The Player <Enderlava> has placed END_STONE at X= -11, Y= 62, Z= 3
[2023-07-23 14:54:35] [world_the_end] The Player <Enderlava> has placed END_STONE at X= -12, Y= 62, Z= 4
[2023-07-23 14:54:37] [world_the_end] The Player <Enderlava> has placed END_STONE at X= -12, Y= 62, Z= 5
[2023-07-23 14:54:38] [world_the_end] The Player <Enderlava> has placed END_STONE at X= -12, Y= 62, Z= 6
[2023-07-23 14:54:39] [world_the_end] The Player <Enderlava> has placed END_STONE at X= -12, Y= 62, Z= 7
[2023-07-23 14:54:40] [world_the_end] The Player <Enderlava> has placed END_STONE at X= -12, Y= 62, Z= 8
[2023-07-23 14:54:40] [world_the_end] The Player <Enderlava> has placed END_STONE at X= -12, Y= 62, Z= 9
[2023-07-23 14:54:40] [world_the_end] The Player <Enderlava> has placed END_STONE at X= -12, Y= 62, Z= 10
[2023-07-23 14:54:41] [world_the_end] The Player <Enderlava> has placed END_STONE at X= -12, Y= 62, Z= 11
[2023-07-23 14:54:43] [world_the_end] The Player <Enderlava> has placed END_STONE at X= -11, Y= 62, Z= 11
[2023-07-23 14:54:44] [world_the_end] The Player <Enderlava> has placed END_STONE at X= -11, Y= 62, Z= 10
[2023-07-23 14:54:45] [world_the_end] The Player <Enderlava> has placed END_STONE at X= -11, Y= 62, Z= 8
[2023-07-23 14:54:45] [world_the_end] The Player <Enderlava> has placed END_STONE at X= -11, Y= 62, Z= 9
[2023-07-23 14:54:46] [world_the_end] The Player <Enderlava> has placed END_STONE at X= -11, Y= 62, Z= 7
[2023-07-23 14:54:47] [world_the_end] The Player <Enderlava> has placed END_STONE at X= -11, Y= 62, Z= 6
[2023-07-23 14:54:47] [world_the_end] The Player <Enderlava> has placed END_STONE at X= -11, Y= 62, Z= 5
[2023-07-23 14:54:48] [world_the_end] The Player <Enderlava> has placed END_STONE at X= -11, Y= 62, Z= 4
[2023-07-23 14:54:48] [world_the_end] The Player <Enderlava> has placed END_STONE at X= -10, Y= 62, Z= 3
[2023-07-23 14:54:49] [world_the_end] The Player <Enderlava> has placed END_STONE at X= -9, Y= 62, Z= 4
[2023-07-23 14:54:49] [world_the_end] The Player <Enderlava> has placed END_STONE at X= -10, Y= 62, Z= 4
[2023-07-23 14:55:07] [world_the_end] The Player <Enderlava> has placed END_STONE at X= -6, Y= 63, Z= 10
[2023-07-23 14:55:07] [world_the_end] The Player <Enderlava> has placed END_STONE at X= -6, Y= 64, Z= 10
[2023-07-23 14:55:08] [world_the_end] The Player <Enderlava> has placed END_STONE at X= -6, Y= 65, Z= 10
[2023-07-23 14:55:14] [world_the_end] The Player <Enderlava> has placed END_STONE at X= -6, Y= 65, Z= 9
[2023-07-23 14:55:14] [world_the_end] The Player <Enderlava> has placed END_STONE at X= -5, Y= 65, Z= 9
[2023-07-23 14:55:14] [world_the_end] The Player <Enderlava> has placed END_STONE at X= -5, Y= 64, Z= 9
[2023-07-23 14:55:15] [world_the_end] The Player <Enderlava> has placed END_STONE at X= -5, Y= 63, Z= 9
[2023-07-23 14:55:17] [world_the_end] The Player <Enderlava> has placed END_STONE at X= -5, Y= 63, Z= 8
[2023-07-23 14:55:21] [world_the_end] The Player <Enderlava> has placed END_STONE at X= -6, Y= 63, Z= 8
[2023-07-23 14:55:21] [world_the_end] The Player <Enderlava> has placed END_STONE at X= -6, Y= 64, Z= 8
[2023-07-23 14:55:21] [world_the_end] The Player <Enderlava> has placed END_STONE at X= -6, Y= 65, Z= 8
[2023-07-23 14:55:23] [world_the_end] The Player <Enderlava> has placed END_STONE at X= -7, Y= 63, Z= 9
[2023-07-23 14:55:23] [world_the_end] The Player <Enderlava> has placed END_STONE at X= -7, Y= 64, Z= 9
[2023-07-23 14:55:23] [world_the_end] The Player <Enderlava> has placed END_STONE at X= -7, Y= 65, Z= 9
[2023-07-23 14:55:24] [world_the_end] The Player <Enderlava> has placed END_STONE at X= -8, Y= 63, Z= 8
[2023-07-23 14:55:25] [world_the_end] The Player <Enderlava> has placed END_STONE at X= -8, Y= 64, Z= 8
[2023-07-23 14:55:25] [world_the_end] The Player <Enderlava> has placed END_STONE at X= -8, Y= 65, Z= 8
[2023-07-23 14:55:32] [world_the_end] The Player <Enderlava> has placed END_STONE at X= -9, Y= 62, Z= 7
[2023-07-23 14:55:32] [world_the_end] The Player <Enderlava> has placed END_STONE at X= -9, Y= 63, Z= 7
[2023-07-23 14:55:33] [world_the_end] The Player <Enderlava> has placed END_STONE at X= -9, Y= 64, Z= 7
[2023-07-23 14:55:33] [world_the_end] The Player <Enderlava> has placed END_STONE at X= -9, Y= 65, Z= 7
[2023-07-23 14:55:36] [world_the_end] The Player <Enderlava> has placed END_STONE at X= -8, Y= 63, Z= 6
[2023-07-23 14:55:38] [world_the_end] The Player <Enderlava> has placed END_STONE at X= -8, Y= 64, Z= 6
[2023-07-23 14:55:38] [world_the_end] The Player <Enderlava> has placed END_STONE at X= -8, Y= 65, Z= 6
[2023-07-23 14:55:40] [world_the_end] The Player <Enderlava> has placed END_STONE at X= -7, Y= 62, Z= 5
[2023-07-23 14:55:40] [world_the_end] The Player <Enderlava> has placed END_STONE at X= -7, Y= 63, Z= 5
[2023-07-23 14:55:41] [world_the_end] The Player <Enderlava> has placed END_STONE at X= -7, Y= 64, Z= 5
[2023-07-23 14:55:41] [world_the_end] The Player <Enderlava> has placed END_STONE at X= -7, Y= 65, Z= 5
[2023-07-23 14:55:48] [world_the_end] The Player <Enderlava> has placed END_STONE at X= -5, Y= 62, Z= 7
[2023-07-23 14:55:48] [world_the_end] The Player <Enderlava> has placed END_STONE at X= -5, Y= 63, Z= 7
[2023-07-23 14:55:49] [world_the_end] The Player <Enderlava> has placed END_STONE at X= -5, Y= 64, Z= 7
[2023-07-23 14:55:51] [world_the_end] The Player <Enderlava> has placed END_STONE at X= -5, Y= 65, Z= 7
[2023-07-23 14:56:27] [world_the_end] The Player <Enderlava> has placed END_STONE at X= -6, Y= 62, Z= 6
[2023-07-23 14:56:35] [world_the_end] The Player <Enderlava> has placed END_STONE at X= 5, Y= 62, Z= -8
[2023-07-23 14:56:38] [world_the_end] The Player <Enderlava> has placed END_STONE at X= 5, Y= 62, Z= -10
[2023-07-23 14:56:40] [world_the_end] The Player <Enderlava> has placed END_STONE at X= 4, Y= 62, Z= -10
[2023-07-23 14:56:41] [world_the_end] The Player <Enderlava> has placed END_STONE at X= 4, Y= 62, Z= -9
[2023-07-23 14:56:41] [world_the_end] The Player <Enderlava> has placed END_STONE at X= 4, Y= 62, Z= -8
[2023-07-23 14:56:42] [world_the_end] The Player <Enderlava> has placed END_STONE at X= 5, Y= 62, Z= -7
[2023-07-23 14:56:44] [world_the_end] The Player <Enderlava> has placed END_STONE at X= 6, Y= 62, Z= -7
[2023-07-23 14:56:45] [world_the_end] The Player <Enderlava> has placed END_STONE at X= 7, Y= 62, Z= -7
[2023-07-23 14:56:46] [world_the_end] The Player <Enderlava> has placed END_STONE at X= 7, Y= 62, Z= -8
[2023-07-23 14:56:47] [world_the_end] The Player <Enderlava> has placed END_STONE at X= 8, Y= 62, Z= -9
[2023-07-23 14:56:48] [world_the_end] The Player <Enderlava> has placed END_STONE at X= 7, Y= 62, Z= -10
[2023-07-23 14:56:49] [world_the_end] The Player <Enderlava> has placed END_STONE at X= 6, Y= 62, Z= -11
[2023-07-23 14:56:49] [world_the_end] The Player <Enderlava> has placed END_STONE at X= 7, Y= 62, Z= -11
[2023-07-23 14:57:27] [world_the_end] The Player <Enderlava> has placed OBSERVER at X= 0, Y= 54, Z= 0
[2023-07-23 14:57:33] [world_the_end] The Player <Enderlava> has placed OBSERVER at X= 0, Y= 55, Z= 0
[2023-07-23 14:57:40] [world_the_end] The Player <Enderlava> has placed OBSERVER at X= 0, Y= 54, Z= 0
[2023-07-23 14:57:42] [world_the_end] The Player <Enderlava> has placed OBSERVER at X= 0, Y= 55, Z= 0
[2023-07-23 14:57:50] [world_the_end] The Player <Enderlava> has placed END_STONE at X= 0, Y= 52, Z= 1
[2023-07-23 14:57:50] [world_the_end] The Player <Enderlava> has placed END_STONE at X= 0, Y= 53, Z= 1
[2023-07-23 14:57:51] [world_the_end] The Player <Enderlava> has placed END_STONE at X= 0, Y= 54, Z= 1
[2023-07-23 14:58:19] [world_the_end] The Player <Enderlava> has placed END_STONE at X= -1, Y= 55, Z= 0
[2023-07-23 14:58:19] [world_the_end] The Player <Enderlava> has placed END_STONE at X= -2, Y= 55, Z= 0
[2023-07-23 14:59:03] [world_the_end] The Player <Enderlava> has placed SHULKER_BOX at X= 4, Y= 58, Z= 5
[2023-07-23 14:59:22] [world_the_end] The Player <Enderlava> has placed SHULKER_BOX at X= 3, Y= 58, Z= 5
[2023-07-23 15:08:51] [world_the_end] The Player <Enderlava> has placed END_STONE at X= -10, Y= 55, Z= -2
[2023-07-23 15:08:51] [world_the_end] The Player <Enderlava> has placed END_STONE at X= -10, Y= 55, Z= -1
[2023-07-23 15:08:51] [world_the_end] The Player <Enderlava> has placed END_STONE at X= -10, Y= 55, Z= 0
[2023-07-23 15:08:52] [world_the_end] The Player <Enderlava> has placed END_STONE at X= -10, Y= 56, Z= 1
[2023-07-23 15:08:52] [world_the_end] The Player <Enderlava> has placed END_STONE at X= -10, Y= 56, Z= 0
[2023-07-23 15:08:52] [world_the_end] The Player <Enderlava> has placed END_STONE at X= -10, Y= 56, Z= -1
[2023-07-23 15:08:53] [world_the_end] The Player <Enderlava> has placed END_STONE at X= -10, Y= 56, Z= -2
[2023-07-23 15:08:53] [world_the_end] The Player <Enderlava> has placed END_STONE at X= -10, Y= 57, Z= -2
[2023-07-23 15:08:53] [world_the_end] The Player <Enderlava> has placed END_STONE at X= -10, Y= 57, Z= -1
[2023-07-23 15:08:54] [world_the_end] The Player <Enderlava> has placed END_STONE at X= -10, Y= 57, Z= 0
[2023-07-23 15:08:54] [world_the_end] The Player <Enderlava> has placed END_STONE at X= -10, Y= 57, Z= 2
[2023-07-23 15:08:54] [world_the_end] The Player <Enderlava> has placed END_STONE at X= -10, Y= 57, Z= 1
[2023-07-23 15:08:55] [world_the_end] The Player <Enderlava> has placed END_STONE at X= -10, Y= 58, Z= 1
[2023-07-23 15:08:55] [world_the_end] The Player <Enderlava> has placed END_STONE at X= -10, Y= 58, Z= 0
[2023-07-23 15:08:55] [world_the_end] The Player <Enderlava> has placed END_STONE at X= -10, Y= 58, Z= -1
[2023-07-23 15:08:56] [world_the_end] The Player <Enderlava> has placed END_STONE at X= -9, Y= 55, Z= -2
[2023-07-23 15:08:56] [world_the_end] The Player <Enderlava> has placed END_STONE at X= -9, Y= 55, Z= -1
[2023-07-23 15:08:57] [world_the_end] The Player <Enderlava> has placed END_STONE at X= -9, Y= 55, Z= 0
[2023-07-23 15:08:57] [world_the_end] The Player <Enderlava> has placed END_STONE at X= -9, Y= 55, Z= 1
[2023-07-23 15:08:57] [world_the_end] The Player <Enderlava> has placed END_STONE at X= -9, Y= 56, Z= 1
[2023-07-23 15:08:58] [world_the_end] The Player <Enderlava> has placed END_STONE at X= -9, Y= 56, Z= -2
[2023-07-23 15:08:58] [world_the_end] The Player <Enderlava> has placed END_STONE at X= -9, Y= 56, Z= -1
[2023-07-23 15:08:58] [world_the_end] The Player <Enderlava> has placed END_STONE at X= -9, Y= 56, Z= 0
[2023-07-23 15:08:59] [world_the_end] The Player <Enderlava> has placed END_STONE at X= -9, Y= 57, Z= -2
[2023-07-23 15:08:59] [world_the_end] The Player <Enderlava> has placed END_STONE at X= -9, Y= 57, Z= -1
[2023-07-23 15:08:59] [world_the_end] The Player <Enderlava> has placed END_STONE at X= -9, Y= 57, Z= 0
[2023-07-23 15:08:59] [world_the_end] The Player <Enderlava> has placed END_STONE at X= -9, Y= 57, Z= 1
[2023-07-23 15:09:00] [world_the_end] The Player <Enderlava> has placed END_STONE at X= -9, Y= 57, Z= 2
[2023-07-23 15:09:00] [world_the_end] The Player <Enderlava> has placed END_STONE at X= -9, Y= 58, Z= 2
[2023-07-23 15:09:00] [world_the_end] The Player <Enderlava> has placed END_STONE at X= -9, Y= 58, Z= 1
[2023-07-23 15:09:01] [world_the_end] The Player <Enderlava> has placed END_STONE at X= -9, Y= 58, Z= -2
[2023-07-23 15:09:01] [world_the_end] The Player <Enderlava> has placed END_STONE at X= -9, Y= 58, Z= -1
[2023-07-23 15:09:02] [world_the_end] The Player <Enderlava> has placed END_STONE at X= -9, Y= 58, Z= 0
[2023-07-23 15:09:03] [world_the_end] The Player <Enderlava> has placed END_STONE at X= -8, Y= 55, Z= -1
[2023-07-23 15:09:03] [world_the_end] The Player <Enderlava> has placed END_STONE at X= -8, Y= 56, Z= 0
[2023-07-23 15:09:03] [world_the_end] The Player <Enderlava> has placed END_STONE at X= -8, Y= 56, Z= 1
[2023-07-23 15:09:04] [world_the_end] The Player <Enderlava> has placed END_STONE at X= -8, Y= 56, Z= -2
[2023-07-23 15:09:05] [world_the_end] The Player <Enderlava> has placed END_STONE at X= -8, Y= 56, Z= -1
[2023-07-23 15:09:05] [world_the_end] The Player <Enderlava> has placed END_STONE at X= -8, Y= 57, Z= -2
[2023-07-23 15:09:05] [world_the_end] The Player <Enderlava> has placed END_STONE at X= -8, Y= 57, Z= -1
[2023-07-23 15:09:05] [world_the_end] The Player <Enderlava> has placed END_STONE at X= -8, Y= 57, Z= 0
[2023-07-23 15:09:07] [world_the_end] The Player <Enderlava> has placed END_STONE at X= -8, Y= 59, Z= -1
[2023-07-23 15:09:07] [world_the_end] The Player <Enderlava> has placed END_STONE at X= -8, Y= 59, Z= 0
[2023-07-23 15:09:08] [world_the_end] The Player <Enderlava> has placed END_STONE at X= -8, Y= 58, Z= -2
[2023-07-23 15:09:08] [world_the_end] The Player <Enderlava> has placed END_STONE at X= -8, Y= 58, Z= -1
[2023-07-23 15:09:08] [world_the_end] The Player <Enderlava> has placed END_STONE at X= -8, Y= 58, Z= 0
[2023-07-23 15:09:09] [world_the_end] The Player <Enderlava> has placed END_STONE at X= -8, Y= 57, Z= 2
[2023-07-23 15:09:09] [world_the_end] The Player <Enderlava> has placed END_STONE at X= -8, Y= 57, Z= 1
[2023-07-23 15:09:09] [world_the_end] The Player <Enderlava> has placed END_STONE at X= -8, Y= 58, Z= 1
[2023-07-23 15:09:09] [world_the_end] The Player <Enderlava> has placed END_STONE at X= -8, Y= 58, Z= 2
[2023-07-23 15:10:51] [world_the_end] The Player <Enderlava> has placed END_STONE at X= -2, Y= 55, Z= -7
[2023-07-23 15:10:54] [world_the_end] The Player <Enderlava> has placed END_STONE at X= -4, Y= 57, Z= -12
[2023-07-23 15:10:54] [world_the_end] The Player <Enderlava> has placed END_STONE at X= -4, Y= 58, Z= -12
[2023-07-23 15:10:54] [world_the_end] The Player <Enderlava> has placed END_STONE at X= -4, Y= 57, Z= -11
[2023-07-23 15:10:54] [world_the_end] The Player <Enderlava> has placed END_STONE at X= -4, Y= 58, Z= -11
[2023-07-23 15:10:55] [world_the_end] The Player <Enderlava> has placed END_STONE at X= -2, Y= 57, Z= -10
[2023-07-23 15:10:55] [world_the_end] The Player <Enderlava> has placed END_STONE at X= -3, Y= 57, Z= -10
[2023-07-23 15:10:56] [world_the_end] The Player <Enderlava> has placed END_STONE at X= -2, Y= 58, Z= -10
[2023-07-23 15:10:56] [world_the_end] The Player <Enderlava> has placed END_STONE at X= -3, Y= 58, Z= -10
[2023-07-23 15:10:57] [world_the_end] The Player <Enderlava> has placed END_STONE at X= -4, Y= 57, Z= -10
[2023-07-23 15:10:57] [world_the_end] The Player <Enderlava> has placed END_STONE at X= -4, Y= 58, Z= -10
[2023-07-23 15:10:57] [world_the_end] The Player <Enderlava> has placed END_STONE at X= -4, Y= 57, Z= -9
[2023-07-23 15:10:57] [world_the_end] The Player <Enderlava> has placed END_STONE at X= -4, Y= 58, Z= -9
[2023-07-23 15:10:58] [world_the_end] The Player <Enderlava> has placed END_STONE at X= -4, Y= 57, Z= -8
[2023-07-23 15:10:59] [world_the_end] The Player <Enderlava> has placed END_STONE at X= -4, Y= 58, Z= -8
[2023-07-23 15:11:00] [world_the_end] The Player <Enderlava> has placed END_STONE at X= -2, Y= 57, Z= -9
[2023-07-23 15:11:00] [world_the_end] The Player <Enderlava> has placed END_STONE at X= -2, Y= 58, Z= -9
[2023-07-23 15:11:01] [world_the_end] The Player <Enderlava> has placed END_STONE at X= -2, Y= 57, Z= -8
[2023-07-23 15:11:01] [world_the_end] The Player <Enderlava> has placed END_STONE at X= -2, Y= 58, Z= -8
[2023-07-23 15:11:06] [world_the_end] The Player <Enderlava> has placed END_STONE at X= 0, Y= 56, Z= -8
[2023-07-23 15:11:14] [world_the_end] The Player <Enderlava> has placed END_STONE at X= 1, Y= 56, Z= -9
[2023-07-23 15:11:14] [world_the_end] The Player <Enderlava> has placed END_STONE at X= 0, Y= 56, Z= -9
[2023-07-23 15:11:15] [world_the_end] The Player <Enderlava> has placed END_STONE at X= -1, Y= 56, Z= -8
[2023-07-23 15:11:58] [world_the_end] The Player <Enderlava> has placed END_STONE at X= 6, Y= 62, Z= -7
[2023-07-23 15:14:32] [world_the_end] The Player <Enderlava> has placed END_STONE at X= 14, Y= 61, Z= 1
[2023-07-23 15:14:34] [world_the_end] The Player <Enderlava> has placed END_STONE at X= 18, Y= 61, Z= -2
[2023-07-23 15:14:34] [world_the_end] The Player <Enderlava> has placed END_STONE at X= 18, Y= 61, Z= -1
[2023-07-23 15:14:35] [world_the_end] The Player <Enderlava> has placed END_STONE at X= 19, Y= 61, Z= -1
[2023-07-23 15:14:35] [world_the_end] The Player <Enderlava> has placed END_STONE at X= 19, Y= 61, Z= 0
[2023-07-23 15:14:36] [world_the_end] The Player <Enderlava> has placed END_STONE at X= 17, Y= 61, Z= -1
[2023-07-23 15:14:36] [world_the_end] The Player <Enderlava> has placed END_STONE at X= 18, Y= 60, Z= 0
[2023-07-23 15:14:36] [world_the_end] The Player <Enderlava> has placed END_STONE at X= 17, Y= 60, Z= 0
[2023-07-23 15:14:37] [world_the_end] The Player <Enderlava> has placed END_STONE at X= 18, Y= 61, Z= 0
[2023-07-23 15:14:38] [world_the_end] The Player <Enderlava> has placed END_STONE at X= 19, Y= 61, Z= 3
[2023-07-23 15:14:38] [world_the_end] The Player <Enderlava> has placed END_STONE at X= 19, Y= 61, Z= 2
[2023-07-23 15:14:38] [world_the_end] The Player <Enderlava> has placed END_STONE at X= 18, Y= 59, Z= 3
[2023-07-23 15:14:39] [world_the_end] The Player <Enderlava> has placed END_STONE at X= 18, Y= 60, Z= 3
[2023-07-23 15:14:39] [world_the_end] The Player <Enderlava> has placed END_STONE at X= 18, Y= 61, Z= 5
[2023-07-23 15:14:40] [world_the_end] The Player <Enderlava> has placed END_STONE at X= 18, Y= 61, Z= 4
[2023-07-23 15:14:40] [world_the_end] The Player <Enderlava> has placed END_STONE at X= 18, Y= 61, Z= 3
[2023-07-23 15:14:40] [world_the_end] The Player <Enderlava> has placed END_STONE at X= 18, Y= 61, Z= 2
[2023-07-23 15:14:40] [world_the_end] The Player <Enderlava> has placed END_STONE at X= 18, Y= 61, Z= 1
[2023-07-23 15:14:41] [world_the_end] The Player <Enderlava> has placed END_STONE at X= 17, Y= 60, Z= 3
[2023-07-23 15:14:41] [world_the_end] The Player <Enderlava> has placed END_STONE at X= 17, Y= 60, Z= 2
[2023-07-23 15:14:42] [world_the_end] The Player <Enderlava> has placed END_STONE at X= 15, Y= 60, Z= 4
[2023-07-23 15:14:42] [world_the_end] The Player <Enderlava> has placed END_STONE at X= 15, Y= 61, Z= 4
[2023-07-23 15:14:42] [world_the_end] The Player <Enderlava> has placed END_STONE at X= 15, Y= 60, Z= 3
[2023-07-23 15:14:43] [world_the_end] The Player <Enderlava> has placed END_STONE at X= 16, Y= 61, Z= 4
[2023-07-23 15:14:43] [world_the_end] The Player <Enderlava> has placed END_STONE at X= 17, Y= 61, Z= 4
[2023-07-23 15:14:43] [world_the_end] The Player <Enderlava> has placed END_STONE at X= 17, Y= 61, Z= 3
[2023-07-23 15:14:44] [world_the_end] The Player <Enderlava> has placed END_STONE at X= 16, Y= 61, Z= 3
[2023-07-23 15:14:45] [world_the_end] The Player <Enderlava> has placed END_STONE at X= 19, Y= 62, Z= 2
[2023-07-23 15:14:46] [world_the_end] The Player <Enderlava> has placed END_STONE at X= 17, Y= 61, Z= 2
[2023-07-23 15:14:46] [world_the_end] The Player <Enderlava> has placed END_STONE at X= 17, Y= 61, Z= 1
[2023-07-23 15:14:47] [world_the_end] The Player <Enderlava> has placed END_STONE at X= 15, Y= 61, Z= 1
[2023-07-23 15:14:47] [world_the_end] The Player <Enderlava> has placed END_STONE at X= 16, Y= 61, Z= 1
[2023-07-23 15:14:47] [world_the_end] The Player <Enderlava> has placed END_STONE at X= 15, Y= 61, Z= 0
[2023-07-23 15:14:47] [world_the_end] The Player <Enderlava> has placed END_STONE at X= 16, Y= 61, Z= 0
[2023-07-23 15:14:48] [world_the_end] The Player <Enderlava> has placed END_STONE at X= 17, Y= 61, Z= 0
[2023-07-23 15:14:49] [world_the_end] The Player <Enderlava> has placed END_STONE at X= 12, Y= 61, Z= 5
[2023-07-23 15:14:49] [world_the_end] The Player <Enderlava> has placed END_STONE at X= 12, Y= 61, Z= 4
[2023-07-23 15:14:50] [world_the_end] The Player <Enderlava> has placed END_STONE at X= 13, Y= 61, Z= 5
[2023-07-23 15:14:50] [world_the_end] The Player <Enderlava> has placed END_STONE at X= 13, Y= 61, Z= 4
[2023-07-23 15:14:50] [world_the_end] The Player <Enderlava> has placed END_STONE at X= 14, Y= 61, Z= 5
[2023-07-23 15:14:50] [world_the_end] The Player <Enderlava> has placed END_STONE at X= 14, Y= 61, Z= 4
[2023-07-23 15:14:51] [world_the_end] The Player <Enderlava> has placed END_STONE at X= 14, Y= 61, Z= 3
[2023-07-23 15:14:51] [world_the_end] The Player <Enderlava> has placed END_STONE at X= 14, Y= 61, Z= 2
[2023-07-23 15:14:51] [world_the_end] The Player <Enderlava> has placed END_STONE at X= 15, Y= 61, Z= 3
[2023-07-23 15:14:51] [world_the_end] The Player <Enderlava> has placed END_STONE at X= 15, Y= 61, Z= 2
[2023-07-23 15:14:52] [world_the_end] The Player <Enderlava> has placed END_STONE at X= 16, Y= 61, Z= 2
[2023-07-23 15:14:54] [world_the_end] The Player <Enderlava> has placed END_STONE at X= 17, Y= 62, Z= 3
[2023-07-23 15:14:54] [world_the_end] The Player <Enderlava> has placed END_STONE at X= 18, Y= 62, Z= 2
[2023-07-23 15:14:54] [world_the_end] The Player <Enderlava> has placed END_STONE at X= 18, Y= 62, Z= 1
[2023-07-23 15:14:55] [world_the_end] The Player <Enderlava> has placed END_STONE at X= 17, Y= 62, Z= 0
[2023-07-23 15:14:55] [world_the_end] The Player <Enderlava> has placed END_STONE at X= 17, Y= 62, Z= 1
[2023-07-23 15:14:56] [world_the_end] The Player <Enderlava> has placed END_STONE at X= 17, Y= 62, Z= 2
[2023-07-23 15:14:56] [world_the_end] The Player <Enderlava> has placed END_STONE at X= 16, Y= 62, Z= 1
[2023-07-23 15:14:57] [world_the_end] The Player <Enderlava> has placed END_STONE at X= 16, Y= 62, Z= 3
[2023-07-23 15:14:57] [world_the_end] The Player <Enderlava> has placed END_STONE at X= 16, Y= 62, Z= 2
[2023-07-23 15:14:57] [world_the_end] The Player <Enderlava> has placed END_STONE at X= 15, Y= 62, Z= 3
[2023-07-23 15:14:58] [world_the_end] The Player <Enderlava> has placed END_STONE at X= 14, Y= 62, Z= 5
[2023-07-23 15:14:59] [world_the_end] The Player <Enderlava> has placed END_STONE at X= 14, Y= 62, Z= 4
[2023-07-23 15:14:59] [world_the_end] The Player <Enderlava> has placed END_STONE at X= 12, Y= 62, Z= 5
[2023-07-23 15:15:03] [world_the_end] The Player <Enderlava> has placed END_STONE at X= 12, Y= 62, Z= 4
[2023-07-23 15:15:03] [world_the_end] The Player <Enderlava> has placed END_STONE at X= 13, Y= 62, Z= 4
[2023-07-23 15:15:05] [world_the_end] The Player <Enderlava> has placed END_STONE at X= 14, Y= 62, Z= 3
[2023-07-23 15:15:29] [world_the_end] The Player <Enderlava> has placed SHULKER_BOX at X= 6, Y= 55, Z= 5
[2023-07-23 15:15:32] [world_the_end] The Player <Enderlava> has placed END_STONE at X= 0, Y= 55, Z= 1
[2023-07-23 15:15:33] [world_the_end] The Player <Enderlava> has placed END_STONE at X= 0, Y= 55, Z= 2
[2023-07-23 15:21:17] [world] The Player <Enderlava> has placed OAK_SAPLING at X= -24, Y= 70, Z= -256
[2023-07-23 15:21:37] [world] The Player <Enderlava> has placed SHULKER_BOX at X= -25, Y= 70, Z= -259
[2023-07-23 15:23:34] [world_the_end] The Player <Enderlava> has placed SCAFFOLDING at X= 1, Y= 60, Z= -4
[2023-07-23 15:23:40] [world_the_end] The Player <Enderlava> has placed END_STONE at X= 0, Y= 56, Z= 0
[2023-07-23 15:23:56] [world_the_end] The Player <Enderlava> has placed END_STONE at X= 4, Y= 55, Z= -4
[2023-07-23 15:23:56] [world_the_end] The Player <Enderlava> has placed END_STONE at X= 4, Y= 56, Z= -4
[2023-07-23 15:23:56] [world_the_end] The Player <Enderlava> has placed END_STONE at X= 4, Y= 57, Z= -4
[2023-07-23 15:23:56] [world_the_end] The Player <Enderlava> has placed END_STONE at X= 4, Y= 58, Z= -4
[2023-07-23 15:23:57] [world_the_end] The Player <Enderlava> has placed END_STONE at X= 4, Y= 59, Z= -4
[2023-07-23 15:24:00] [world_the_end] The Player <Enderlava> has placed SAND at X= 1, Y= 60, Z= -4
[2023-07-23 15:24:08] [world_the_end] The Player <Enderlava> has placed END_STONE at X= 0, Y= 56, Z= 0
[2023-07-23 15:27:18] [world] The Player <Enderlava> has placed SCAFFOLDING at X= -6, Y= 77, Z= -245
[2023-07-23 15:27:18] [world] The Player <Enderlava> has placed SCAFFOLDING at X= -6, Y= 78, Z= -245
[2023-07-23 15:27:18] [world] The Player <Enderlava> has placed SCAFFOLDING at X= -6, Y= 79, Z= -245
[2023-07-23 15:27:18] [world] The Player <Enderlava> has placed SCAFFOLDING at X= -6, Y= 80, Z= -245
[2023-07-23 15:27:18] [world] The Player <Enderlava> has placed SCAFFOLDING at X= -6, Y= 81, Z= -245
[2023-07-23 15:27:19] [world] The Player <Enderlava> has placed SCAFFOLDING at X= -6, Y= 82, Z= -245
[2023-07-23 15:27:19] [world] The Player <Enderlava> has placed SCAFFOLDING at X= -6, Y= 83, Z= -245
[2023-07-23 15:27:19] [world] The Player <Enderlava> has placed SCAFFOLDING at X= -6, Y= 84, Z= -245
[2023-07-23 15:27:19] [world] The Player <Enderlava> has placed SCAFFOLDING at X= -6, Y= 85, Z= -245
[2023-07-23 15:27:19] [world] The Player <Enderlava> has placed SCAFFOLDING at X= -6, Y= 86, Z= -245
[2023-07-23 15:27:20] [world] The Player <Enderlava> has placed SCAFFOLDING at X= -6, Y= 87, Z= -245
[2023-07-23 15:27:20] [world] The Player <Enderlava> has placed SCAFFOLDING at X= -6, Y= 88, Z= -245
[2023-07-23 15:27:20] [world] The Player <Enderlava> has placed SCAFFOLDING at X= -6, Y= 89, Z= -245
[2023-07-23 15:27:20] [world] The Player <Enderlava> has placed SCAFFOLDING at X= -6, Y= 90, Z= -245
[2023-07-23 15:27:20] [world] The Player <Enderlava> has placed SCAFFOLDING at X= -6, Y= 91, Z= -245
[2023-07-23 15:27:21] [world] The Player <Enderlava> has placed SCAFFOLDING at X= -6, Y= 92, Z= -245
[2023-07-23 15:27:21] [world] The Player <Enderlava> has placed SCAFFOLDING at X= -6, Y= 93, Z= -245
[2023-07-23 15:27:21] [world] The Player <Enderlava> has placed SCAFFOLDING at X= -6, Y= 94, Z= -245
[2023-07-23 15:27:21] [world] The Player <Enderlava> has placed SCAFFOLDING at X= -6, Y= 95, Z= -245
[2023-07-23 15:27:21] [world] The Player <Enderlava> has placed SCAFFOLDING at X= -6, Y= 96, Z= -245
[2023-07-23 15:27:22] [world] The Player <Enderlava> has placed SCAFFOLDING at X= -6, Y= 97, Z= -245
[2023-07-23 15:27:22] [world] The Player <Enderlava> has placed SCAFFOLDING at X= -6, Y= 98, Z= -245
[2023-07-23 15:27:22] [world] The Player <Enderlava> has placed SCAFFOLDING at X= -6, Y= 99, Z= -245
[2023-07-23 15:27:22] [world] The Player <Enderlava> has placed SCAFFOLDING at X= -6, Y= 100, Z= -245
[2023-07-23 15:27:22] [world] The Player <Enderlava> has placed SCAFFOLDING at X= -6, Y= 101, Z= -245
[2023-07-23 15:27:23] [world] The Player <Enderlava> has placed SCAFFOLDING at X= -6, Y= 102, Z= -245
[2023-07-23 15:27:23] [world] The Player <Enderlava> has placed SCAFFOLDING at X= -6, Y= 103, Z= -245
[2023-07-23 15:27:23] [world] The Player <Enderlava> has placed SCAFFOLDING at X= -6, Y= 104, Z= -245
[2023-07-23 15:27:24] [world] The Player <Enderlava> has placed SCAFFOLDING at X= -6, Y= 105, Z= -245
[2023-07-23 15:27:24] [world] The Player <Enderlava> has placed SCAFFOLDING at X= -6, Y= 106, Z= -245
[2023-07-23 15:27:35] [world] The Player <Enderlava> has placed SCAFFOLDING at X= -6, Y= 107, Z= -245
[2023-07-23 15:27:38] [world] The Player <Enderlava> has placed SCAFFOLDING at X= -7, Y= 107, Z= -245
[2023-07-23 15:27:38] [world] The Player <Enderlava> has placed SCAFFOLDING at X= -8, Y= 107, Z= -245
[2023-07-23 15:27:38] [world] The Player <Enderlava> has placed SCAFFOLDING at X= -9, Y= 107, Z= -245
[2023-07-23 15:27:38] [world] The Player <Enderlava> has placed SCAFFOLDING at X= -10, Y= 107, Z= -245
[2023-07-23 15:27:39] [world] The Player <Enderlava> has placed SCAFFOLDING at X= -11, Y= 107, Z= -245
[2023-07-23 15:27:46] [world] The Player <Enderlava> has placed SCAFFOLDING at X= -11, Y= 108, Z= -245
[2023-07-23 15:27:49] [world] The Player <Enderlava> has placed SCAFFOLDING at X= -11, Y= 109, Z= -245
[2023-07-23 15:27:49] [world] The Player <Enderlava> has placed SCAFFOLDING at X= -11, Y= 110, Z= -245
[2023-07-23 15:27:49] [world] The Player <Enderlava> has placed SCAFFOLDING at X= -11, Y= 111, Z= -245
[2023-07-23 15:27:49] [world] The Player <Enderlava> has placed SCAFFOLDING at X= -11, Y= 112, Z= -245
[2023-07-23 15:27:50] [world] The Player <Enderlava> has placed SCAFFOLDING at X= -11, Y= 113, Z= -245
[2023-07-23 15:27:50] [world] The Player <Enderlava> has placed SCAFFOLDING at X= -11, Y= 114, Z= -245
[2023-07-23 15:29:07] [world] The Player <Enderlava> has placed OAK_SAPLING at X= -13, Y= 75, Z= -245
[2023-07-23 15:29:10] [world] The Player <Enderlava> has placed OAK_SAPLING at X= -13, Y= 75, Z= -245
[2023-07-23 15:29:10] [world] The Player <Enderlava> has placed OAK_SAPLING at X= -13, Y= 75, Z= -245
[2023-07-23 15:29:12] [world] The Player <Enderlava> has placed OAK_SAPLING at X= -13, Y= 75, Z= -245
[2023-07-23 15:29:16] [world] The Player <Enderlava> has placed OAK_SAPLING at X= -13, Y= 75, Z= -245
[2023-07-23 15:29:17] [world] The Player <Enderlava> has placed OAK_SAPLING at X= -13, Y= 75, Z= -245
[2023-07-23 15:29:33] [world] The Player <Enderlava> has placed OAK_SAPLING at X= -13, Y= 75, Z= -245
[2023-07-23 15:29:34] [world] The Player <Enderlava> has placed OAK_SAPLING at X= -13, Y= 75, Z= -245
[2023-07-23 15:29:35] [world] The Player <Enderlava> has placed OAK_SAPLING at X= -13, Y= 75, Z= -245
[2023-07-23 15:29:37] [world] The Player <Enderlava> has placed OAK_SAPLING at X= -13, Y= 75, Z= -245
[2023-07-23 15:29:39] [world] The Player <Enderlava> has placed OAK_SAPLING at X= -13, Y= 75, Z= -245
[2023-07-23 15:30:37] [world] The Player <Enderlava> has placed CHEST at X= -7, Y= 69, Z= -241
[2023-07-23 15:37:09] [world_the_end] The Player <Enderlava> has placed CRAFTING_TABLE at X= 5, Y= 55, Z= -5
[2023-07-23 15:38:24] [world_the_end] The Player <Enderlava> has placed REPEATER at X= -1, Y= 56, Z= 0
[2023-07-23 15:38:29] [world_the_end] The Player <Enderlava> has placed REPEATER at X= -2, Y= 56, Z= 0
[2023-07-23 15:38:33] [world_the_end] The Player <Enderlava> has placed REPEATER at X= 0, Y= 56, Z= 1
[2023-07-23 15:38:36] [world_the_end] The Player <Enderlava> has placed REPEATER at X= 0, Y= 56, Z= 2
[2023-07-23 15:38:37] [world_the_end] The Player <Enderlava> has placed REPEATER at X= 1, Y= 56, Z= 0
[2023-07-23 15:38:39] [world_the_end] The Player <Enderlava> has placed REPEATER at X= 2, Y= 56, Z= 0
[2023-07-23 15:39:17] [world_the_end] The Player <Enderlava> has placed PISTON at X= 3, Y= 56, Z= 0
[2023-07-23 15:39:20] [world_the_end] The Player <Enderlava> has placed PISTON at X= 0, Y= 56, Z= 3
[2023-07-23 15:39:24] [world_the_end] The Player <Enderlava> has placed PISTON at X= -3, Y= 56, Z= 0
[2023-07-23 15:39:41] [world_the_end] The Player <Enderlava> has placed SHULKER_BOX at X= 5, Y= 55, Z= 5
[2023-07-23 15:41:37] [world_the_end] The Player <Enderlava> has placed OBSERVER at X= 3, Y= 57, Z= 0
[2023-07-23 15:41:37] [world_the_end] The Player <Enderlava> has placed OBSERVER at X= 3, Y= 58, Z= 0
[2023-07-23 15:41:48] [world_the_end] The Player <Enderlava> has placed END_STONE at X= 3, Y= 58, Z= -1
[2023-07-23 15:41:50] [world_the_end] The Player <Enderlava> has placed END_STONE at X= 3, Y= 58, Z= 1
[2023-07-23 15:41:53] [world_the_end] The Player <Enderlava> has placed END_STONE at X= 3, Y= 59, Z= 0
[2023-07-23 15:41:55] [world_the_end] The Player <Enderlava> has placed REDSTONE_WIRE at X= 3, Y= 59, Z= 1
[2023-07-23 15:41:56] [world_the_end] The Player <Enderlava> has placed REDSTONE_WIRE at X= 3, Y= 59, Z= -1
[2023-07-23 15:42:03] [world_the_end] The Player <Enderlava> has placed PISTON at X= 4, Y= 59, Z= 0
[2023-07-23 15:42:12] [world_the_end] The Player <Enderlava> has placed END_STONE at X= 4, Y= 59, Z= -1
[2023-07-23 15:42:16] [world_the_end] The Player <Enderlava> has placed PISTON at X= 4, Y= 59, Z= -1
[2023-07-23 15:42:19] [world_the_end] The Player <Enderlava> has placed PISTON at X= 4, Y= 59, Z= 1
[2023-07-23 15:43:04] [world_the_end] The Player <Enderlava> has placed OAK_FENCE at X= 2, Y= 60, Z= -1
[2023-07-23 15:43:05] [world_the_end] The Player <Enderlava> has placed OAK_FENCE at X= 2, Y= 60, Z= 0
[2023-07-23 15:43:05] [world_the_end] The Player <Enderlava> has placed OAK_FENCE at X= 2, Y= 60, Z= 1
[2023-07-23 15:43:40] [world_the_end] The Player <Enderlava> has placed SMOOTH_STONE_SLAB at X= 3, Y= 60, Z= -1
[2023-07-23 15:43:40] [world_the_end] The Player <Enderlava> has placed SMOOTH_STONE_SLAB at X= 3, Y= 60, Z= 0
[2023-07-23 15:43:41] [world_the_end] The Player <Enderlava> has placed SMOOTH_STONE_SLAB at X= 3, Y= 60, Z= 1
[2023-07-23 15:43:48] [world_the_end] The Player <Enderlava> has placed END_STONE at X= 3, Y= 59, Z= 0
[2023-07-23 15:43:57] [world_the_end] The Player <Enderlava> has placed OBSERVER at X= 0, Y= 57, Z= 3
[2023-07-23 15:43:58] [world_the_end] The Player <Enderlava> has placed OBSERVER at X= 0, Y= 58, Z= 3
[2023-07-23 15:44:02] [world_the_end] The Player <Enderlava> has placed END_STONE at X= 1, Y= 58, Z= 3
[2023-07-23 15:44:04] [world_the_end] The Player <Enderlava> has placed END_STONE at X= -1, Y= 58, Z= 3
[2023-07-23 15:44:05] [world_the_end] The Player <Enderlava> has placed REDSTONE_WIRE at X= -1, Y= 59, Z= 3
[2023-07-23 15:44:06] [world_the_end] The Player <Enderlava> has placed REDSTONE_WIRE at X= 1, Y= 59, Z= 3
[2023-07-23 15:44:11] [world_the_end] The Player <Enderlava> has placed PISTON at X= 0, Y= 58, Z= 4
[2023-07-23 15:44:12] [world_the_end] The Player <Enderlava> has placed PISTON at X= 0, Y= 59, Z= 4
[2023-07-23 15:44:14] [world_the_end] The Player <Enderlava> has placed PISTON at X= -1, Y= 59, Z= 4
[2023-07-23 15:44:16] [world_the_end] The Player <Enderlava> has placed PISTON at X= 1, Y= 59, Z= 4
[2023-07-23 15:44:20] [world_the_end] The Player <Enderlava> has placed OAK_FENCE at X= 1, Y= 60, Z= 2
[2023-07-23 15:44:21] [world_the_end] The Player <Enderlava> has placed OAK_FENCE at X= -1, Y= 60, Z= 2
[2023-07-23 15:44:21] [world_the_end] The Player <Enderlava> has placed OAK_FENCE at X= 0, Y= 60, Z= 2
[2023-07-23 15:44:25] [world_the_end] The Player <Enderlava> has placed SMOOTH_STONE_SLAB at X= 1, Y= 60, Z= 3
[2023-07-23 15:44:25] [world_the_end] The Player <Enderlava> has placed SMOOTH_STONE_SLAB at X= 0, Y= 60, Z= 3
[2023-07-23 15:44:26] [world_the_end] The Player <Enderlava> has placed SMOOTH_STONE_SLAB at X= -1, Y= 60, Z= 3
[2023-07-23 15:44:30] [world_the_end] The Player <Enderlava> has placed END_STONE at X= 0, Y= 59, Z= 3
[2023-07-23 15:44:43] [world_the_end] The Player <Enderlava> has placed END_STONE at X= -3, Y= 57, Z= 0
[2023-07-23 15:44:47] [world_the_end] The Player <Enderlava> has placed OBSERVER at X= -3, Y= 57, Z= 0
[2023-07-23 15:44:48] [world_the_end] The Player <Enderlava> has placed OBSERVER at X= -3, Y= 58, Z= 0
[2023-07-23 15:44:52] [world_the_end] The Player <Enderlava> has placed END_STONE at X= -3, Y= 58, Z= -1
[2023-07-23 15:44:54] [world_the_end] The Player <Enderlava> has placed END_STONE at X= -3, Y= 58, Z= 1
[2023-07-23 15:44:55] [world_the_end] The Player <Enderlava> has placed REDSTONE_WIRE at X= -3, Y= 59, Z= 1
[2023-07-23 15:44:55] [world_the_end] The Player <Enderlava> has placed REDSTONE_WIRE at X= -3, Y= 59, Z= -1
[2023-07-23 15:45:10] [world_the_end] The Player <Enderlava> has placed END_STONE at X= -4, Y= 58, Z= 0
[2023-07-23 15:45:11] [world_the_end] The Player <Enderlava> has placed PISTON at X= -4, Y= 59, Z= 0
[2023-07-23 15:45:12] [world_the_end] The Player <Enderlava> has placed PISTON at X= -4, Y= 59, Z= -1
[2023-07-23 15:45:14] [world_the_end] The Player <Enderlava> has placed PISTON at X= -4, Y= 59, Z= 1
[2023-07-23 15:45:18] [world_the_end] The Player <Enderlava> has placed OAK_FENCE at X= -2, Y= 60, Z= 1
[2023-07-23 15:45:18] [world_the_end] The Player <Enderlava> has placed OAK_FENCE at X= -2, Y= 60, Z= 0
[2023-07-23 15:45:19] [world_the_end] The Player <Enderlava> has placed OAK_FENCE at X= -2, Y= 60, Z= -1
[2023-07-23 15:45:22] [world_the_end] The Player <Enderlava> has placed SMOOTH_STONE_SLAB at X= -3, Y= 60, Z= -1
[2023-07-23 15:45:22] [world_the_end] The Player <Enderlava> has placed SMOOTH_STONE_SLAB at X= -3, Y= 60, Z= 0
[2023-07-23 15:45:22] [world_the_end] The Player <Enderlava> has placed SMOOTH_STONE_SLAB at X= -3, Y= 60, Z= 1
[2023-07-23 15:45:25] [world_the_end] The Player <Enderlava> has placed END_STONE at X= -3, Y= 59, Z= 0
[2023-07-23 15:46:11] [world_the_end] The Player <Enderlava> has placed SLIME_BLOCK at X= -4, Y= 56, Z= 0
[2023-07-23 15:46:12] [world_the_end] The Player <Enderlava> has placed SLIME_BLOCK at X= -5, Y= 56, Z= 0
[2023-07-23 15:46:14] [world_the_end] The Player <Enderlava> has placed SLIME_BLOCK at X= -4, Y= 56, Z= 0
[2023-07-23 15:46:38] [world_the_end] The Player <Enderlava> has placed STICKY_PISTON at X= 3, Y= 56, Z= 0
[2023-07-23 15:46:41] [world_the_end] The Player <Enderlava> has placed STICKY_PISTON at X= 0, Y= 56, Z= 3
[2023-07-23 15:46:44] [world_the_end] The Player <Enderlava> has placed STICKY_PISTON at X= -3, Y= 56, Z= 0
[2023-07-23 15:46:48] [world_the_end] The Player <Enderlava> has placed SLIME_BLOCK at X= -4, Y= 56, Z= 0
[2023-07-23 15:46:49] [world_the_end] The Player <Enderlava> has placed SLIME_BLOCK at X= -5, Y= 56, Z= 0
[2023-07-23 15:46:49] [world_the_end] The Player <Enderlava> has placed SLIME_BLOCK at X= -6, Y= 56, Z= 0
[2023-07-23 15:46:53] [world_the_end] The Player <Enderlava> has placed SLIME_BLOCK at X= 0, Y= 56, Z= 4
[2023-07-23 15:46:53] [world_the_end] The Player <Enderlava> has placed SLIME_BLOCK at X= 0, Y= 56, Z= 6
[2023-07-23 15:46:54] [world_the_end] The Player <Enderlava> has placed SLIME_BLOCK at X= 0, Y= 56, Z= 6
[2023-07-23 15:46:58] [world_the_end] The Player <Enderlava> has placed SLIME_BLOCK at X= 5, Y= 56, Z= 0
[2023-07-23 15:46:58] [world_the_end] The Player <Enderlava> has placed SLIME_BLOCK at X= 5, Y= 56, Z= 0
[2023-07-23 15:47:00] [world_the_end] The Player <Enderlava> has placed SLIME_BLOCK at X= 6, Y= 56, Z= 0
[2023-07-23 15:47:14] [world_the_end] The Player <Enderlava> has placed OAK_LOG at X= 8, Y= 56, Z= 0
[2023-07-23 15:47:15] [world_the_end] The Player <Enderlava> has placed OAK_LOG at X= 8, Y= 56, Z= 0
[2023-07-23 15:47:15] [world_the_end] The Player <Enderlava> has placed OAK_LOG at X= 7, Y= 57, Z= 0
[2023-07-23 15:47:16] [world_the_end] The Player <Enderlava> has placed OAK_LOG at X= 6, Y= 57, Z= 0
[2023-07-23 15:47:31] [world_the_end] The Player <Enderlava> has placed SLIME_BLOCK at X= 6, Y= 56, Z= 0
[2023-07-23 15:47:43] [world_the_end] The Player <Enderlava> has placed OAK_LEAVES at X= 7, Y= 58, Z= 0
[2023-07-23 15:47:46] [world_the_end] The Player <Enderlava> has placed OAK_LEAVES at X= 6, Y= 58, Z= 0
[2023-07-23 15:47:47] [world_the_end] The Player <Enderlava> has placed OAK_LEAVES at X= 7, Y= 59, Z= 0
[2023-07-23 15:47:48] [world_the_end] The Player <Enderlava> has placed OAK_LEAVES at X= 6, Y= 59, Z= 0
[2023-07-23 15:47:59] [world_the_end] The Player <Enderlava> has placed OBSERVER at X= 6, Y= 60, Z= 0
[2023-07-23 15:48:00] [world_the_end] The Player <Enderlava> has placed OBSERVER at X= 7, Y= 60, Z= 0
[2023-07-23 15:48:08] [world_the_end] The Player <Enderlava> has placed END_STONE at X= 7, Y= 61, Z= 0
[2023-07-23 15:48:24] [world_the_end] The Player <Enderlava> has placed STICKY_PISTON at X= 7, Y= 62, Z= 0
[2023-07-23 15:48:34] [world_the_end] The Player <Enderlava> has placed OAK_LOG at X= 5, Y= 60, Z= 0
[2023-07-23 15:48:35] [world_the_end] The Player <Enderlava> has placed STICKY_PISTON at X= 6, Y= 61, Z= 0
[2023-07-23 15:49:05] [world_the_end] The Player <Enderlava> has placed SLIME_BLOCK at X= 5, Y= 61, Z= 0
[2023-07-23 15:49:07] [world_the_end] The Player <Enderlava> has placed SLIME_BLOCK at X= 5, Y= 61, Z= 1
[2023-07-23 15:49:10] [world_the_end] The Player <Enderlava> has placed SLIME_BLOCK at X= 5, Y= 61, Z= -1
[2023-07-23 15:49:14] [world_the_end] The Player <Enderlava> has placed SAND at X= 4, Y= 60, Z= 1
[2023-07-23 15:49:14] [world_the_end] The Player <Enderlava> has placed SAND at X= 4, Y= 60, Z= 0
[2023-07-23 15:49:15] [world_the_end] The Player <Enderlava> has placed SAND at X= 4, Y= 60, Z= -1
[2023-07-23 15:49:27] [world_the_end] The Player <Enderlava> has placed OAK_LOG at X= 0, Y= 57, Z= 6
[2023-07-23 15:49:30] [world_the_end] The Player <Enderlava> has placed OAK_LEAVES at X= 0, Y= 58, Z= 6
[2023-07-23 15:49:32] [world_the_end] The Player <Enderlava> has placed OAK_LEAVES at X= 0, Y= 58, Z= 5
[2023-07-23 15:49:33] [world_the_end] The Player <Enderlava> has placed OAK_LEAVES at X= 0, Y= 59, Z= 5
[2023-07-23 15:49:33] [world_the_end] The Player <Enderlava> has placed OAK_LEAVES at X= 0, Y= 59, Z= 6
[2023-07-23 15:49:59] [world_the_end] The Player <Enderlava> has placed OAK_LEAVES at X= 0, Y= 58, Z= 7
[2023-07-23 15:50:00] [world_the_end] The Player <Enderlava> has placed OAK_LEAVES at X= 0, Y= 59, Z= 7
[2023-07-23 15:50:05] [world_the_end] The Player <Enderlava> has placed OBSERVER at X= 0, Y= 60, Z= 6
[2023-07-23 15:50:05] [world_the_end] The Player <Enderlava> has placed OBSERVER at X= 0, Y= 60, Z= 7
[2023-07-23 15:50:09] [world_the_end] The Player <Enderlava> has placed END_STONE at X= 0, Y= 61, Z= 7
[2023-07-23 15:50:20] [world_the_end] The Player <Enderlava> has placed STICKY_PISTON at X= 0, Y= 61, Z= 6
[2023-07-23 15:50:21] [world_the_end] The Player <Enderlava> has placed SLIME_BLOCK at X= 0, Y= 61, Z= 5
[2023-07-23 15:50:22] [world_the_end] The Player <Enderlava> has placed SLIME_BLOCK at X= 1, Y= 61, Z= 5
[2023-07-23 15:50:23] [world_the_end] The Player <Enderlava> has placed SLIME_BLOCK at X= -1, Y= 61, Z= 5
[2023-07-23 15:50:27] [world_the_end] The Player <Enderlava> has placed SAND at X= 1, Y= 61, Z= 3
[2023-07-23 15:50:27] [world_the_end] The Player <Enderlava> has placed SAND at X= 0, Y= 61, Z= 3
[2023-07-23 15:50:28] [world_the_end] The Player <Enderlava> has placed SAND at X= -1, Y= 61, Z= 3
[2023-07-23 15:50:35] [world_the_end] The Player <Enderlava> has placed OAK_LOG at X= -6, Y= 57, Z= 0
[2023-07-23 15:50:40] [world_the_end] The Player <Enderlava> has placed OAK_LEAVES at X= -6, Y= 58, Z= 0
[2023-07-23 15:50:42] [world_the_end] The Player <Enderlava> has placed OAK_LEAVES at X= -7, Y= 58, Z= 0
[2023-07-23 15:50:43] [world_the_end] The Player <Enderlava> has placed OAK_LEAVES at X= -6, Y= 59, Z= 0
[2023-07-23 15:50:43] [world_the_end] The Player <Enderlava> has placed OAK_LEAVES at X= -7, Y= 59, Z= 0
[2023-07-23 15:50:46] [world_the_end] The Player <Enderlava> has placed OBSERVER at X= -7, Y= 60, Z= 0
[2023-07-23 15:50:47] [world_the_end] The Player <Enderlava> has placed OBSERVER at X= -6, Y= 60, Z= 0
[2023-07-23 15:50:52] [world_the_end] The Player <Enderlava> has placed END_STONE at X= -7, Y= 61, Z= 0
[2023-07-23 15:51:01] [world_the_end] The Player <Enderlava> has placed STICKY_PISTON at X= -6, Y= 61, Z= 0
[2023-07-23 15:51:05] [world_the_end] The Player <Enderlava> has placed SLIME_BLOCK at X= -5, Y= 61, Z= 0
[2023-07-23 15:51:05] [world_the_end] The Player <Enderlava> has placed SLIME_BLOCK at X= -5, Y= 61, Z= 1
[2023-07-23 15:51:06] [world_the_end] The Player <Enderlava> has placed SLIME_BLOCK at X= -5, Y= 61, Z= -1
[2023-07-23 15:51:10] [world_the_end] The Player <Enderlava> has placed SAND at X= -3, Y= 61, Z= -1
[2023-07-23 15:51:11] [world_the_end] The Player <Enderlava> has placed SAND at X= -3, Y= 61, Z= 0
[2023-07-23 15:51:11] [world_the_end] The Player <Enderlava> has placed SAND at X= -3, Y= 61, Z= 1
[2023-07-23 15:51:16] [world_the_end] The Player <Enderlava> has placed END_STONE at X= 0, Y= 56, Z= 0
[2023-07-23 15:52:29] [world_the_end] The Player <Enderlava> has placed ANVIL at X= 4, Y= 60, Z= -1
[2023-07-23 15:52:30] [world_the_end] The Player <Enderlava> has placed ANVIL at X= 4, Y= 60, Z= 0
[2023-07-23 15:52:31] [world_the_end] The Player <Enderlava> has placed ANVIL at X= 4, Y= 60, Z= 1
[2023-07-23 15:52:39] [world_the_end] The Player <Enderlava> has placed END_STONE at X= 0, Y= 56, Z= 0
[2023-07-23 15:53:15] [world_the_end] The Player <Enderlava> has placed ANVIL at X= 3, Y= 61, Z= -1
[2023-07-23 15:53:15] [world_the_end] The Player <Enderlava> has placed ANVIL at X= 3, Y= 61, Z= 0
[2023-07-23 15:53:16] [world_the_end] The Player <Enderlava> has placed ANVIL at X= 3, Y= 61, Z= 1
[2023-07-23 15:53:17] [world_the_end] The Player <Enderlava> has placed END_STONE at X= 0, Y= 56, Z= 0
[2023-07-23 15:53:43] [world_the_end] The Player <Enderlava> has placed SAND at X= 3, Y= 61, Z= 1
[2023-07-23 15:53:44] [world_the_end] The Player <Enderlava> has placed SAND at X= 3, Y= 61, Z= 0
[2023-07-23 15:53:44] [world_the_end] The Player <Enderlava> has placed SAND at X= 3, Y= 61, Z= -1
[2023-07-23 15:53:46] [world_the_end] The Player <Enderlava> has placed END_STONE at X= 0, Y= 56, Z= 0
[2023-07-23 17:56:50] [world] The Player <wqe123420> has placed YELLOW_SHULKER_BOX at X= -28, Y= 63, Z= -287
[2023-07-23 18:02:47] [world] The Player <wqe123420> has placed COBBLED_DEEPSLATE at X= -17, Y= -56, Z= -219
[2023-07-23 18:02:47] [world] The Player <wqe123420> has placed COBBLED_DEEPSLATE at X= -17, Y= -55, Z= -219
[2023-07-23 18:18:28] [world] The Player <wqe123420> has placed COBBLED_DEEPSLATE at X= -45, Y= 71, Z= -282
[2023-07-23 18:18:29] [world] The Player <wqe123420> has placed COBBLED_DEEPSLATE at X= -46, Y= 71, Z= -281
[2023-07-23 18:18:29] [world] The Player <wqe123420> has placed COBBLED_DEEPSLATE at X= -44, Y= 71, Z= -281
[2023-07-23 18:18:31] [world] The Player <wqe123420> has placed COBBLED_DEEPSLATE at X= -45, Y= 72, Z= -282
[2023-07-23 18:18:31] [world] The Player <wqe123420> has placed COBBLED_DEEPSLATE at X= -46, Y= 72, Z= -281
[2023-07-23 18:18:32] [world] The Player <wqe123420> has placed COBBLED_DEEPSLATE at X= -44, Y= 72, Z= -281
[2023-07-23 18:18:43] [world] The Player <wqe123420> has placed IRON_BLOCK at X= -45, Y= 71, Z= -280
[2023-07-23 18:19:44] [world] The Player <wqe123420> has placed SAND at X= -45, Y= 70, Z= -280
[2023-07-23 18:19:54] [world] The Player <wqe123420> has placed HOPPER at X= -45, Y= 68, Z= -282
[2023-07-23 18:20:53] [world] The Player <wqe123420> has placed HOPPER at X= -45, Y= 68, Z= -282
[2023-07-23 18:20:54] [world] The Player <wqe123420> has placed HOPPER at X= -45, Y= 68, Z= -281
[2023-07-23 18:20:56] [world] The Player <wqe123420> has placed HOPPER at X= -46, Y= 68, Z= -282
[2023-07-23 18:20:57] [world] The Player <wqe123420> has placed HOPPER at X= -46, Y= 68, Z= -281
[2023-07-23 18:21:40] [world] The Player <wqe123420> has placed SANDSTONE at X= -47, Y= 71, Z= -281
[2023-07-23 18:21:41] [world] The Player <wqe123420> has placed SANDSTONE at X= -47, Y= 71, Z= -282
[2023-07-23 18:21:41] [world] The Player <wqe123420> has placed SANDSTONE at X= -46, Y= 71, Z= -282
[2023-07-23 18:21:42] [world] The Player <wqe123420> has placed SANDSTONE at X= -46, Y= 71, Z= -281
[2023-07-23 18:21:42] [world] The Player <wqe123420> has placed SANDSTONE at X= -45, Y= 71, Z= -282
[2023-07-23 18:21:42] [world] The Player <wqe123420> has placed SANDSTONE at X= -45, Y= 71, Z= -281
[2023-07-23 18:22:04] [world] The Player <wqe123420> has placed CHEST at X= -44, Y= 68, Z= -281
[2023-07-23 18:22:05] [world] The Player <wqe123420> has placed CHEST at X= -44, Y= 68, Z= -282
[2023-07-23 18:22:10] [world] The Player <wqe123420> has placed CHEST at X= -44, Y= 67, Z= -281
[2023-07-23 18:22:11] [world] The Player <wqe123420> has placed CHEST at X= -44, Y= 67, Z= -282
[2023-07-23 18:22:32] [world] The Player <wqe123420> has placed SAND at X= -45, Y= 67, Z= -283
[2023-07-23 18:23:03] [world] The Player <wqe123420> has placed SAND at X= -45, Y= 69, Z= -280
[2023-07-23 18:23:04] [world] The Player <wqe123420> has placed SAND at X= -45, Y= 69, Z= -280
[2023-07-23 18:23:05] [world] The Player <wqe123420> has placed SAND at X= -45, Y= 70, Z= -280
[2023-07-23 18:23:12] [world] The Player <wqe123420> has placed SAND at X= -47, Y= 69, Z= -283
[2023-07-23 18:23:12] [world] The Player <wqe123420> has placed SAND at X= -47, Y= 70, Z= -283
[2023-07-23 18:23:13] [world] The Player <wqe123420> has placed SAND at X= -46, Y= 69, Z= -283
[2023-07-23 18:23:13] [world] The Player <wqe123420> has placed SAND at X= -46, Y= 70, Z= -283
[2023-07-23 18:23:21] [world] The Player <wqe123420> has placed SANDSTONE at X= -45, Y= 71, Z= -281
[2023-07-23 18:23:34] [world] The Player <wqe123420> has placed CHEST at X= -45, Y= 70, Z= -280
[2023-07-23 18:23:54] [world] The Player <wqe123420> has placed SANDSTONE at X= -47, Y= 71, Z= -283
[2023-07-23 18:23:55] [world] The Player <wqe123420> has placed SANDSTONE at X= -46, Y= 71, Z= -283
[2023-07-23 18:24:00] [world] The Player <wqe123420> has placed SANDSTONE at X= -47, Y= 70, Z= -283
[2023-07-23 18:24:00] [world] The Player <wqe123420> has placed SANDSTONE at X= -46, Y= 70, Z= -283
[2023-07-23 18:24:17] [world] The Player <wqe123420> has placed TORCH at X= -47, Y= 68, Z= -281
[2023-07-23 18:26:01] [world] The Player <wqe123420> has placed CHEST at X= -46, Y= 67, Z= -281
[2023-07-23 18:26:01] [world] The Player <wqe123420> has placed CHEST at X= -46, Y= 67, Z= -282
[2023-07-23 18:26:02] [world] The Player <wqe123420> has placed CHEST at X= -45, Y= 67, Z= -281
[2023-07-23 18:26:02] [world] The Player <wqe123420> has placed CHEST at X= -45, Y= 67, Z= -282
[2023-07-23 18:26:07] [world] The Player <wqe123420> has placed CHEST at X= -46, Y= 67, Z= -282
[2023-07-23 18:26:08] [world] The Player <wqe123420> has placed CHEST at X= -45, Y= 67, Z= -282
[2023-07-23 18:26:17] [world] The Player <wqe123420> has placed SANDSTONE at X= -44, Y= 67, Z= -283
[2023-07-23 18:26:17] [world] The Player <wqe123420> has placed SANDSTONE at X= -44, Y= 67, Z= -282
[2023-07-23 18:26:18] [world] The Player <wqe123420> has placed SANDSTONE at X= -44, Y= 67, Z= -281
[2023-07-23 18:26:18] [world] The Player <wqe123420> has placed SANDSTONE at X= -44, Y= 67, Z= -280
[2023-07-23 18:26:19] [world] The Player <wqe123420> has placed SANDSTONE at X= -43, Y= 67, Z= -282
[2023-07-23 18:26:20] [world] The Player <wqe123420> has placed SANDSTONE at X= -43, Y= 67, Z= -281
[2023-07-23 18:26:22] [world] The Player <wqe123420> has placed SANDSTONE at X= -43, Y= 67, Z= -280
[2023-07-23 18:26:24] [world] The Player <wqe123420> has placed SANDSTONE at X= -43, Y= 67, Z= -283
[2023-07-23 18:26:37] [world] The Player <wqe123420> has placed SANDSTONE at X= -43, Y= 70, Z= -283
[2023-07-23 18:26:37] [world] The Player <wqe123420> has placed SANDSTONE at X= -43, Y= 70, Z= -282
[2023-07-23 18:26:38] [world] The Player <wqe123420> has placed SANDSTONE at X= -43, Y= 70, Z= -281
[2023-07-23 18:26:38] [world] The Player <wqe123420> has placed SANDSTONE at X= -43, Y= 70, Z= -280
[2023-07-23 18:31:03] [world] The Player <wqe123420> has placed BIRCH_PLANKS at X= -47, Y= 69, Z= -280
[2023-07-23 18:31:04] [world] The Player <wqe123420> has placed BIRCH_PLANKS at X= -46, Y= 69, Z= -280
[2023-07-23 18:31:04] [world] The Player <wqe123420> has placed BIRCH_PLANKS at X= -45, Y= 69, Z= -280
[2023-07-23 18:31:06] [world] The Player <wqe123420> has placed BIRCH_PLANKS at X= -47, Y= 69, Z= -281
[2023-07-23 18:31:06] [world] The Player <wqe123420> has placed BIRCH_PLANKS at X= -47, Y= 69, Z= -282
[2023-07-23 18:31:07] [world] The Player <wqe123420> has placed BIRCH_PLANKS at X= -47, Y= 69, Z= -283
[2023-07-23 18:31:07] [world] The Player <wqe123420> has placed BIRCH_PLANKS at X= -46, Y= 69, Z= -283
[2023-07-23 18:31:08] [world] The Player <wqe123420> has placed BIRCH_PLANKS at X= -45, Y= 69, Z= -283
[2023-07-23 18:31:27] [world] The Player <wqe123420> has placed OAK_WALL_SIGN at X= -46, Y= 69, Z= -281
[2023-07-23 18:31:29] [world] The Player <wqe123420> has placed OAK_WALL_SIGN at X= -45, Y= 69, Z= -281
[2023-07-23 18:31:32] [world] The Player <wqe123420> has placed OAK_WALL_SIGN at X= -46, Y= 69, Z= -282
[2023-07-23 18:31:34] [world] The Player <wqe123420> has placed OAK_WALL_SIGN at X= -45, Y= 69, Z= -282
[2023-07-23 18:33:54] [world] The Player <wqe123420> has placed BIRCH_PLANKS at X= -44, Y= 70, Z= -282
[2023-07-23 18:34:40] [world] The Player <wqe123420> has placed BIRCH_PLANKS at X= -46, Y= 70, Z= -283
[2023-07-23 18:35:03] [world] The Player <wqe123420> has placed BIRCH_PLANKS at X= -45, Y= 70, Z= -280
[2023-07-23 18:35:03] [world] The Player <wqe123420> has placed BIRCH_PLANKS at X= -45, Y= 71, Z= -280
[2023-07-23 18:35:13] [world] The Player <wqe123420> has placed BIRCH_PLANKS at X= -45, Y= 69, Z= -280
[2023-07-23 18:35:37] [world] The Player <wqe123420> has placed OAK_WALL_SIGN at X= -45, Y= 69, Z= -281
[2023-07-23 18:36:39] [world] The Player <wqe123420> has placed BIRCH_PLANKS at X= -46, Y= 70, Z= -283
[2023-07-23 18:36:40] [world] The Player <wqe123420> has placed BIRCH_PLANKS at X= -45, Y= 70, Z= -280
[2023-07-23 18:36:43] [world] The Player <wqe123420> has placed BIRCH_PLANKS at X= -45, Y= 69, Z= -280
[2023-07-23 18:36:47] [world] The Player <wqe123420> has placed OAK_WALL_SIGN at X= -45, Y= 69, Z= -281
[2023-07-23 18:36:51] [world] The Player <wqe123420> has placed BIRCH_PLANKS at X= -47, Y= 71, Z= -282
[2023-07-23 18:36:52] [world] The Player <wqe123420> has placed BIRCH_PLANKS at X= -47, Y= 71, Z= -281
[2023-07-23 18:36:52] [world] The Player <wqe123420> has placed BIRCH_PLANKS at X= -46, Y= 71, Z= -282
[2023-07-23 18:36:53] [world] The Player <wqe123420> has placed BIRCH_PLANKS at X= -46, Y= 71, Z= -281
[2023-07-23 18:36:55] [world] The Player <wqe123420> has placed BIRCH_PLANKS at X= -45, Y= 71, Z= -281
[2023-07-23 18:36:55] [world] The Player <wqe123420> has placed BIRCH_PLANKS at X= -45, Y= 72, Z= -281
[2023-07-23 18:36:59] [world] The Player <wqe123420> has placed BIRCH_PLANKS at X= -45, Y= 71, Z= -282
[2023-07-23 18:37:07] [world] The Player <wqe123420> has placed BIRCH_PLANKS at X= -46, Y= 71, Z= -283
[2023-07-23 18:37:07] [world] The Player <wqe123420> has placed BIRCH_PLANKS at X= -46, Y= 71, Z= -282
[2023-07-23 18:37:47] [world] The Player <wqe123420> has placed BIRCH_PLANKS at X= -44, Y= 70, Z= -282
[2023-07-23 18:37:57] [world] The Player <wqe123420> has placed BIRCH_PLANKS at X= -47, Y= 71, Z= -282
[2023-07-23 18:37:58] [world] The Player <wqe123420> has placed BIRCH_PLANKS at X= -46, Y= 71, Z= -282
[2023-07-23 18:37:58] [world] The Player <wqe123420> has placed BIRCH_PLANKS at X= -46, Y= 71, Z= -281
[2023-07-23 18:37:59] [world] The Player <wqe123420> has placed BIRCH_PLANKS at X= -45, Y= 71, Z= -282
[2023-07-23 18:37:59] [world] The Player <wqe123420> has placed BIRCH_PLANKS at X= -45, Y= 71, Z= -281
[2023-07-23 18:38:42] [world] The Player <wqe123420> has placed BIRCH_PLANKS at X= -46, Y= 71, Z= -281
[2023-07-23 18:38:50] [world] The Player <wqe123420> has placed BIRCH_PLANKS at X= -46, Y= 71, Z= -282
[2023-07-23 18:49:19] [world] The Player <wqe123420> has placed COBBLESTONE at X= 16, Y= 62, Z= -267
[2023-07-23 18:49:27] [world] The Player <wqe123420> has placed COBBLESTONE at X= 13, Y= 62, Z= -270
[2023-07-23 18:49:35] [world] The Player <wqe123420> has placed COBBLESTONE_SLAB at X= 15, Y= 62, Z= -266
[2023-07-23 18:51:24] [world] The Player <wqe123420> has placed COBBLESTONE at X= 14, Y= 63, Z= -265
[2023-07-23 18:51:27] [world] The Player <wqe123420> has placed COBBLESTONE_SLAB at X= 15, Y= 62, Z= -266
[2023-07-23 18:51:40] [world] The Player <wqe123420> has placed COBBLESTONE at X= 16, Y= 62, Z= -265
[2023-07-23 18:51:40] [world] The Player <wqe123420> has placed COBBLESTONE at X= 16, Y= 63, Z= -265
[2023-07-23 18:51:56] [world] The Player <wqe123420> has placed COBBLESTONE at X= 15, Y= 61, Z= -266
[2023-07-23 21:08:35] [world] The Player <wqe123420> has placed COBBLESTONE at X= -26, Y= 75, Z= -199
[2023-07-23 21:08:37] [world] The Player <wqe123420> has placed COBBLESTONE at X= -35, Y= 72, Z= -190
[2023-07-23 21:08:38] [world] The Player <wqe123420> has placed COBBLESTONE at X= -35, Y= 72, Z= -184
[2023-07-23 21:08:39] [world] The Player <wqe123420> has placed COBBLESTONE at X= -34, Y= 71, Z= -180
[2023-07-23 21:08:40] [world] The Player <wqe123420> has placed COBBLESTONE at X= -36, Y= 71, Z= -174
[2023-07-23 21:08:41] [world] The Player <wqe123420> has placed COBBLESTONE at X= -38, Y= 70, Z= -168
[2023-07-23 21:08:42] [world] The Player <wqe123420> has placed COBBLESTONE at X= -41, Y= 69, Z= -162
[2023-07-23 21:08:43] [world] The Player <wqe123420> has placed COBBLESTONE at X= -46, Y= 69, Z= -159
[2023-07-23 21:13:37] [world_the_end] The Player <wqe123420> has placed HAY_BLOCK at X= -16, Y= 3, Z= -280
