[2023-07-11 10:54:51] [world_nether] The Player <Enderlava> has emptied WATER BUCKET at X= -15, Y= 134, Z= -16
[2023-07-11 11:19:43] [world] The Player <Funget114514> has emptied WATER BUCKET at X= -8, Y= 63, Z= -293
[2023-07-11 11:19:44] [world] The Player <Funget114514> has emptied WATER BUCKET at X= -8, Y= 63, Z= -293
[2023-07-11 11:25:56] [world] The Player <Enderlava> has emptied LAVA BUCKET at X= 7, Y= 73, Z= -317
[2023-07-11 11:25:57] [world] The Player <Enderlava> has emptied LAVA BUCKET at X= 7, Y= 73, Z= -317
[2023-07-11 11:25:58] [world] The Player <Enderlava> has emptied LAVA BUCKET at X= 7, Y= 73, Z= -317
[2023-07-11 11:25:58] [world] The Player <Enderlava> has emptied LAVA BUCKET at X= 7, Y= 74, Z= -317
[2023-07-11 11:25:58] [world] The Player <Enderlava> has emptied LAVA BUCKET at X= 7, Y= 74, Z= -317
[2023-07-11 11:25:58] [world] The Player <Enderlava> has emptied LAVA BUCKET at X= 7, Y= 74, Z= -317
[2023-07-11 11:25:59] [world] The Player <Enderlava> has emptied LAVA BUCKET at X= 7, Y= 74, Z= -317
[2023-07-11 11:25:59] [world] The Player <Enderlava> has emptied LAVA BUCKET at X= 7, Y= 75, Z= -317
[2023-07-11 11:25:59] [world] The Player <Enderlava> has emptied LAVA BUCKET at X= 7, Y= 75, Z= -317
[2023-07-11 11:25:59] [world] The Player <Enderlava> has emptied LAVA BUCKET at X= 7, Y= 75, Z= -317
[2023-07-11 11:25:59] [world] The Player <Enderlava> has emptied LAVA BUCKET at X= 7, Y= 75, Z= -317
[2023-07-11 11:26:00] [world] The Player <Enderlava> has emptied LAVA BUCKET at X= 7, Y= 75, Z= -317
[2023-07-11 11:26:00] [world] The Player <Enderlava> has emptied LAVA BUCKET at X= 7, Y= 75, Z= -317
[2023-07-11 11:26:00] [world] The Player <Enderlava> has emptied LAVA BUCKET at X= 7, Y= 76, Z= -317
[2023-07-11 11:26:00] [world] The Player <Enderlava> has emptied LAVA BUCKET at X= 7, Y= 76, Z= -317
[2023-07-11 11:26:00] [world] The Player <Enderlava> has emptied LAVA BUCKET at X= 7, Y= 76, Z= -317
[2023-07-11 11:26:01] [world] The Player <Enderlava> has emptied LAVA BUCKET at X= 7, Y= 76, Z= -317
[2023-07-11 11:26:01] [world] The Player <Enderlava> has emptied LAVA BUCKET at X= 7, Y= 76, Z= -317
[2023-07-11 11:26:01] [world] The Player <Enderlava> has emptied LAVA BUCKET at X= 7, Y= 76, Z= -317
[2023-07-11 11:26:01] [world] The Player <Enderlava> has emptied LAVA BUCKET at X= 7, Y= 77, Z= -317
[2023-07-11 11:26:01] [world] The Player <Enderlava> has emptied LAVA BUCKET at X= 7, Y= 77, Z= -317
[2023-07-11 11:26:02] [world] The Player <Enderlava> has emptied LAVA BUCKET at X= 7, Y= 77, Z= -317
[2023-07-11 11:26:02] [world] The Player <Enderlava> has emptied LAVA BUCKET at X= 7, Y= 77, Z= -317
[2023-07-11 11:26:02] [world] The Player <Enderlava> has emptied LAVA BUCKET at X= 7, Y= 77, Z= -317
[2023-07-11 11:26:02] [world] The Player <Enderlava> has emptied LAVA BUCKET at X= 7, Y= 78, Z= -317
[2023-07-11 11:26:17] [world] The Player <Enderlava> has emptied LAVA BUCKET at X= 5, Y= 73, Z= -319
[2023-07-11 11:26:17] [world] The Player <Enderlava> has emptied LAVA BUCKET at X= 5, Y= 75, Z= -319
[2023-07-11 11:26:17] [world] The Player <Enderlava> has emptied LAVA BUCKET at X= 5, Y= 76, Z= -319
[2023-07-11 11:26:18] [world] The Player <Enderlava> has emptied LAVA BUCKET at X= 5, Y= 75, Z= -319
[2023-07-11 11:26:18] [world] The Player <Enderlava> has emptied LAVA BUCKET at X= 5, Y= 73, Z= -319
[2023-07-11 11:26:18] [world] The Player <Enderlava> has emptied LAVA BUCKET at X= 5, Y= 73, Z= -319
[2023-07-11 11:26:18] [world] The Player <Enderlava> has emptied LAVA BUCKET at X= 5, Y= 73, Z= -319
[2023-07-11 11:26:18] [world] The Player <Enderlava> has emptied LAVA BUCKET at X= 5, Y= 73, Z= -319
[2023-07-11 11:26:19] [world] The Player <Enderlava> has emptied LAVA BUCKET at X= 5, Y= 73, Z= -319
[2023-07-11 11:26:19] [world] The Player <Enderlava> has emptied LAVA BUCKET at X= 5, Y= 73, Z= -319
[2023-07-11 11:26:19] [world] The Player <Enderlava> has emptied LAVA BUCKET at X= 5, Y= 73, Z= -319
[2023-07-11 11:26:19] [world] The Player <Enderlava> has emptied LAVA BUCKET at X= 5, Y= 74, Z= -319
[2023-07-11 11:26:19] [world] The Player <Enderlava> has emptied LAVA BUCKET at X= 5, Y= 74, Z= -319
[2023-07-11 11:26:20] [world] The Player <Enderlava> has emptied LAVA BUCKET at X= 5, Y= 74, Z= -319
[2023-07-11 11:26:20] [world] The Player <Enderlava> has emptied LAVA BUCKET at X= 5, Y= 74, Z= -319
[2023-07-11 11:26:20] [world] The Player <Enderlava> has emptied LAVA BUCKET at X= 5, Y= 74, Z= -319
[2023-07-11 11:26:20] [world] The Player <Enderlava> has emptied LAVA BUCKET at X= 5, Y= 74, Z= -319
[2023-07-11 11:26:20] [world] The Player <Enderlava> has emptied LAVA BUCKET at X= 5, Y= 75, Z= -319
[2023-07-11 11:26:21] [world] The Player <Enderlava> has emptied LAVA BUCKET at X= 5, Y= 75, Z= -319
[2023-07-11 11:26:22] [world] The Player <Enderlava> has emptied LAVA BUCKET at X= 5, Y= 75, Z= -319
[2023-07-11 11:26:22] [world] The Player <Enderlava> has emptied LAVA BUCKET at X= 5, Y= 75, Z= -319
[2023-07-11 11:26:23] [world] The Player <Enderlava> has emptied LAVA BUCKET at X= 5, Y= 76, Z= -319
[2023-07-11 11:26:23] [world] The Player <Enderlava> has emptied LAVA BUCKET at X= 5, Y= 76, Z= -319
[2023-07-11 11:26:23] [world] The Player <Enderlava> has emptied LAVA BUCKET at X= 5, Y= 76, Z= -319
[2023-07-11 11:26:23] [world] The Player <Enderlava> has emptied LAVA BUCKET at X= 5, Y= 76, Z= -319
[2023-07-11 11:26:24] [world] The Player <Enderlava> has emptied LAVA BUCKET at X= 5, Y= 76, Z= -319
[2023-07-11 11:26:24] [world] The Player <Enderlava> has emptied LAVA BUCKET at X= 5, Y= 77, Z= -319
[2023-07-11 11:26:45] [world] The Player <Enderlava> has emptied LAVA BUCKET at X= 6, Y= 73, Z= -322
[2023-07-11 11:26:45] [world] The Player <Enderlava> has emptied LAVA BUCKET at X= 6, Y= 75, Z= -322
[2023-07-11 11:26:45] [world] The Player <Enderlava> has emptied LAVA BUCKET at X= 6, Y= 76, Z= -322
[2023-07-11 11:26:46] [world] The Player <Enderlava> has emptied LAVA BUCKET at X= 6, Y= 75, Z= -322
[2023-07-11 11:26:46] [world] The Player <Enderlava> has emptied LAVA BUCKET at X= 6, Y= 75, Z= -322
[2023-07-11 11:26:46] [world] The Player <Enderlava> has emptied LAVA BUCKET at X= 6, Y= 75, Z= -322
[2023-07-11 11:26:46] [world] The Player <Enderlava> has emptied LAVA BUCKET at X= 6, Y= 75, Z= -322
[2023-07-11 11:26:46] [world] The Player <Enderlava> has emptied LAVA BUCKET at X= 6, Y= 75, Z= -322
[2023-07-11 11:26:47] [world] The Player <Enderlava> has emptied LAVA BUCKET at X= 6, Y= 75, Z= -322
[2023-07-11 11:26:47] [world] The Player <Enderlava> has emptied LAVA BUCKET at X= 6, Y= 75, Z= -322
[2023-07-11 11:26:47] [world] The Player <Enderlava> has emptied LAVA BUCKET at X= 6, Y= 76, Z= -322
[2023-07-11 11:26:48] [world] The Player <Enderlava> has emptied LAVA BUCKET at X= 6, Y= 76, Z= -322
[2023-07-11 11:26:48] [world] The Player <Enderlava> has emptied LAVA BUCKET at X= 6, Y= 77, Z= -322
[2023-07-11 11:26:52] [world] The Player <Enderlava> has emptied LAVA BUCKET at X= 8, Y= 74, Z= -324
[2023-07-11 11:26:52] [world] The Player <Enderlava> has emptied LAVA BUCKET at X= 8, Y= 76, Z= -324
[2023-07-11 11:26:52] [world] The Player <Enderlava> has emptied LAVA BUCKET at X= 8, Y= 76, Z= -324
[2023-07-11 11:26:52] [world] The Player <Enderlava> has emptied LAVA BUCKET at X= 8, Y= 75, Z= -324
[2023-07-11 11:26:52] [world] The Player <Enderlava> has emptied LAVA BUCKET at X= 8, Y= 75, Z= -324
[2023-07-11 11:26:53] [world] The Player <Enderlava> has emptied LAVA BUCKET at X= 8, Y= 75, Z= -324
[2023-07-11 11:26:53] [world] The Player <Enderlava> has emptied LAVA BUCKET at X= 8, Y= 75, Z= -324
[2023-07-11 11:26:53] [world] The Player <Enderlava> has emptied LAVA BUCKET at X= 8, Y= 75, Z= -324
[2023-07-11 11:26:53] [world] The Player <Enderlava> has emptied LAVA BUCKET at X= 8, Y= 75, Z= -324
[2023-07-11 11:26:54] [world] The Player <Enderlava> has emptied LAVA BUCKET at X= 8, Y= 75, Z= -324
[2023-07-11 11:26:54] [world] The Player <Enderlava> has emptied LAVA BUCKET at X= 8, Y= 75, Z= -324
[2023-07-11 11:26:54] [world] The Player <Enderlava> has emptied LAVA BUCKET at X= 8, Y= 75, Z= -324
[2023-07-11 11:26:54] [world] The Player <Enderlava> has emptied LAVA BUCKET at X= 8, Y= 76, Z= -324
[2023-07-11 11:26:54] [world] The Player <Enderlava> has emptied LAVA BUCKET at X= 8, Y= 76, Z= -324
[2023-07-11 11:26:55] [world] The Player <Enderlava> has emptied LAVA BUCKET at X= 8, Y= 76, Z= -324
[2023-07-11 11:27:01] [world] The Player <Enderlava> has emptied LAVA BUCKET at X= 11, Y= 73, Z= -323
[2023-07-11 11:27:01] [world] The Player <Enderlava> has emptied LAVA BUCKET at X= 11, Y= 73, Z= -323
[2023-07-11 11:27:02] [world] The Player <Enderlava> has emptied LAVA BUCKET at X= 11, Y= 73, Z= -323
[2023-07-11 11:27:02] [world] The Player <Enderlava> has emptied LAVA BUCKET at X= 11, Y= 73, Z= -323
[2023-07-11 11:27:02] [world] The Player <Enderlava> has emptied LAVA BUCKET at X= 11, Y= 73, Z= -323
[2023-07-11 11:27:02] [world] The Player <Enderlava> has emptied LAVA BUCKET at X= 11, Y= 73, Z= -323
[2023-07-11 11:27:02] [world] The Player <Enderlava> has emptied LAVA BUCKET at X= 11, Y= 73, Z= -323
[2023-07-11 11:27:03] [world] The Player <Enderlava> has emptied LAVA BUCKET at X= 11, Y= 74, Z= -323
[2023-07-11 11:27:03] [world] The Player <Enderlava> has emptied LAVA BUCKET at X= 11, Y= 74, Z= -323
[2023-07-11 11:27:03] [world] The Player <Enderlava> has emptied LAVA BUCKET at X= 11, Y= 74, Z= -323
[2023-07-11 11:27:03] [world] The Player <Enderlava> has emptied LAVA BUCKET at X= 11, Y= 74, Z= -323
[2023-07-11 11:27:03] [world] The Player <Enderlava> has emptied LAVA BUCKET at X= 11, Y= 74, Z= -323
[2023-07-11 11:27:04] [world] The Player <Enderlava> has emptied LAVA BUCKET at X= 11, Y= 74, Z= -323
[2023-07-11 11:27:04] [world] The Player <Enderlava> has emptied LAVA BUCKET at X= 11, Y= 75, Z= -323
[2023-07-11 11:27:04] [world] The Player <Enderlava> has emptied LAVA BUCKET at X= 11, Y= 75, Z= -323
[2023-07-11 11:27:04] [world] The Player <Enderlava> has emptied LAVA BUCKET at X= 11, Y= 75, Z= -323
[2023-07-11 11:27:05] [world] The Player <Enderlava> has emptied LAVA BUCKET at X= 11, Y= 75, Z= -323
[2023-07-11 11:27:06] [world] The Player <Enderlava> has emptied LAVA BUCKET at X= 11, Y= 76, Z= -323
[2023-07-11 11:27:11] [world] The Player <Enderlava> has emptied LAVA BUCKET at X= 13, Y= 73, Z= -321
[2023-07-11 11:27:11] [world] The Player <Enderlava> has emptied LAVA BUCKET at X= 13, Y= 73, Z= -321
[2023-07-11 11:27:11] [world] The Player <Enderlava> has emptied LAVA BUCKET at X= 13, Y= 73, Z= -321
[2023-07-11 11:27:11] [world] The Player <Enderlava> has emptied LAVA BUCKET at X= 13, Y= 73, Z= -321
[2023-07-11 11:27:12] [world] The Player <Enderlava> has emptied LAVA BUCKET at X= 13, Y= 73, Z= -321
[2023-07-11 11:27:12] [world] The Player <Enderlava> has emptied LAVA BUCKET at X= 13, Y= 73, Z= -321
[2023-07-11 11:27:13] [world] The Player <Enderlava> has emptied LAVA BUCKET at X= 13, Y= 74, Z= -321
[2023-07-11 11:27:13] [world] The Player <Enderlava> has emptied LAVA BUCKET at X= 13, Y= 75, Z= -321
[2023-07-11 11:27:15] [world] The Player <Enderlava> has emptied LAVA BUCKET at X= 13, Y= 76, Z= -321
[2023-07-11 11:27:21] [world] The Player <Enderlava> has emptied LAVA BUCKET at X= 12, Y= 73, Z= -318
[2023-07-11 11:27:21] [world] The Player <Enderlava> has emptied LAVA BUCKET at X= 12, Y= 73, Z= -318
[2023-07-11 11:27:21] [world] The Player <Enderlava> has emptied LAVA BUCKET at X= 12, Y= 73, Z= -318
[2023-07-11 11:27:21] [world] The Player <Enderlava> has emptied LAVA BUCKET at X= 12, Y= 73, Z= -318
[2023-07-11 11:27:22] [world] The Player <Enderlava> has emptied LAVA BUCKET at X= 12, Y= 73, Z= -318
[2023-07-11 11:27:22] [world] The Player <Enderlava> has emptied LAVA BUCKET at X= 12, Y= 73, Z= -318
[2023-07-11 11:27:22] [world] The Player <Enderlava> has emptied LAVA BUCKET at X= 12, Y= 74, Z= -318
[2023-07-11 11:27:23] [world] The Player <Enderlava> has emptied LAVA BUCKET at X= 12, Y= 74, Z= -318
[2023-07-11 11:27:24] [world] The Player <Enderlava> has emptied LAVA BUCKET at X= 12, Y= 75, Z= -318
[2023-07-11 11:27:25] [world] The Player <Enderlava> has emptied LAVA BUCKET at X= 12, Y= 75, Z= -318
[2023-07-11 11:27:32] [world] The Player <Enderlava> has emptied LAVA BUCKET at X= 10, Y= 74, Z= -316
[2023-07-11 11:27:32] [world] The Player <Enderlava> has emptied LAVA BUCKET at X= 10, Y= 75, Z= -316
[2023-07-11 11:27:34] [world] The Player <Enderlava> has emptied LAVA BUCKET at X= 10, Y= 75, Z= -316
[2023-07-11 11:27:34] [world] The Player <Enderlava> has emptied LAVA BUCKET at X= 10, Y= 75, Z= -316
[2023-07-11 11:27:34] [world] The Player <Enderlava> has emptied LAVA BUCKET at X= 10, Y= 75, Z= -316
[2023-07-11 11:27:34] [world] The Player <Enderlava> has emptied LAVA BUCKET at X= 10, Y= 74, Z= -316
[2023-07-11 11:27:35] [world] The Player <Enderlava> has emptied LAVA BUCKET at X= 10, Y= 74, Z= -316
[2023-07-11 11:27:35] [world] The Player <Enderlava> has emptied LAVA BUCKET at X= 10, Y= 74, Z= -316
[2023-07-11 11:27:35] [world] The Player <Enderlava> has emptied LAVA BUCKET at X= 10, Y= 74, Z= -316
[2023-07-11 11:27:35] [world] The Player <Enderlava> has emptied LAVA BUCKET at X= 10, Y= 74, Z= -316
[2023-07-11 11:27:36] [world] The Player <Enderlava> has emptied LAVA BUCKET at X= 10, Y= 74, Z= -316
[2023-07-11 11:27:36] [world] The Player <Enderlava> has emptied LAVA BUCKET at X= 10, Y= 74, Z= -316
[2023-07-11 11:27:36] [world] The Player <Enderlava> has emptied LAVA BUCKET at X= 10, Y= 74, Z= -316
[2023-07-11 11:27:36] [world] The Player <Enderlava> has emptied LAVA BUCKET at X= 10, Y= 74, Z= -316
[2023-07-11 11:27:37] [world] The Player <Enderlava> has emptied LAVA BUCKET at X= 10, Y= 74, Z= -316
[2023-07-11 11:27:37] [world] The Player <Enderlava> has emptied LAVA BUCKET at X= 10, Y= 74, Z= -316
[2023-07-11 11:27:37] [world] The Player <Enderlava> has emptied LAVA BUCKET at X= 10, Y= 74, Z= -316
[2023-07-11 11:27:37] [world] The Player <Enderlava> has emptied LAVA BUCKET at X= 10, Y= 75, Z= -316
[2023-07-11 11:27:37] [world] The Player <Enderlava> has emptied LAVA BUCKET at X= 10, Y= 75, Z= -316
[2023-07-11 11:27:38] [world] The Player <Enderlava> has emptied LAVA BUCKET at X= 10, Y= 75, Z= -316
[2023-07-11 11:27:38] [world] The Player <Enderlava> has emptied LAVA BUCKET at X= 10, Y= 75, Z= -316
[2023-07-11 11:27:38] [world] The Player <Enderlava> has emptied LAVA BUCKET at X= 10, Y= 75, Z= -316
[2023-07-11 11:27:38] [world] The Player <Enderlava> has emptied LAVA BUCKET at X= 10, Y= 75, Z= -316
[2023-07-11 11:27:38] [world] The Player <Enderlava> has emptied LAVA BUCKET at X= 10, Y= 76, Z= -316
[2023-07-11 11:27:39] [world] The Player <Enderlava> has emptied LAVA BUCKET at X= 10, Y= 76, Z= -316
[2023-07-11 11:27:39] [world] The Player <Enderlava> has emptied LAVA BUCKET at X= 10, Y= 76, Z= -316
[2023-07-11 11:27:41] [world] The Player <Enderlava> has emptied LAVA BUCKET at X= 10, Y= 77, Z= -316
[2023-07-11 11:27:42] [world] The Player <Enderlava> has emptied LAVA BUCKET at X= 10, Y= 77, Z= -316
[2023-07-11 11:32:43] [world] The Player <Enderlava> has emptied WATER BUCKET at X= 7, Y= 80, Z= -323
[2023-07-11 11:32:48] [world] The Player <Enderlava> has emptied WATER BUCKET at X= 9, Y= 80, Z= -324
[2023-07-11 11:32:49] [world] The Player <Enderlava> has emptied WATER BUCKET at X= 10, Y= 80, Z= -323
[2023-07-11 11:32:50] [world] The Player <Enderlava> has emptied WATER BUCKET at X= 12, Y= 80, Z= -321
[2023-07-11 11:32:51] [world] The Player <Enderlava> has emptied WATER BUCKET at X= 12, Y= 80, Z= -319
[2023-07-11 11:32:53] [world] The Player <Enderlava> has emptied WATER BUCKET at X= 10, Y= 80, Z= -317
[2023-07-11 11:32:55] [world] The Player <Enderlava> has emptied WATER BUCKET at X= 8, Y= 80, Z= -317
[2023-07-11 11:32:56] [world] The Player <Enderlava> has emptied WATER BUCKET at X= 6, Y= 80, Z= -319
[2023-07-11 11:36:45] [world] The Player <Enderlava> has emptied WATER BUCKET at X= 7, Y= 87, Z= -320
[2023-07-11 11:43:47] [world] The Player <Enderlava> has emptied WATER BUCKET at X= 6, Y= 67, Z= -323
[2023-07-11 11:43:48] [world] The Player <Enderlava> has emptied WATER BUCKET at X= 11, Y= 67, Z= -324
[2023-07-11 11:43:50] [world] The Player <Enderlava> has emptied WATER BUCKET at X= 12, Y= 67, Z= -318
[2023-07-11 11:43:54] [world] The Player <Enderlava> has emptied WATER BUCKET at X= 12, Y= 67, Z= -316
[2023-07-11 11:43:56] [world] The Player <Enderlava> has emptied WATER BUCKET at X= 7, Y= 67, Z= -317
[2023-07-11 11:49:53] [world] The Player <Enderlava> has emptied WATER BUCKET at X= 9, Y= 63, Z= -319
[2023-07-11 12:01:44] [world] The Player <Funget114514> has emptied WATER BUCKET at X= 9, Y= 65, Z= -320
[2023-07-11 12:01:53] [world] The Player <Funget114514> has emptied WATER BUCKET at X= 8, Y= 67, Z= -319
[2023-07-11 12:02:07] [world] The Player <Funget114514> has emptied WATER BUCKET at X= 14, Y= 51, Z= -313
[2023-07-11 12:02:34] [world] The Player <Funget114514> has emptied WATER BUCKET at X= 13, Y= 61, Z= -307
[2023-07-11 12:02:35] [world] The Player <Funget114514> has emptied WATER BUCKET at X= 13, Y= 60, Z= -306
[2023-07-11 12:02:35] [world] The Player <Funget114514> has emptied WATER BUCKET at X= 13, Y= 60, Z= -306
[2023-07-11 12:02:35] [world] The Player <Funget114514> has emptied WATER BUCKET at X= 13, Y= 59, Z= -306
[2023-07-11 12:02:36] [world] The Player <Funget114514> has emptied WATER BUCKET at X= 13, Y= 59, Z= -306
[2023-07-11 12:02:36] [world] The Player <Funget114514> has emptied WATER BUCKET at X= 13, Y= 59, Z= -306
[2023-07-11 12:02:37] [world] The Player <Funget114514> has emptied WATER BUCKET at X= 13, Y= 60, Z= -306
[2023-07-11 12:02:37] [world] The Player <Funget114514> has emptied WATER BUCKET at X= 13, Y= 61, Z= -306
[2023-07-11 12:02:37] [world] The Player <Funget114514> has emptied WATER BUCKET at X= 13, Y= 61, Z= -306
[2023-07-11 12:02:38] [world] The Player <Funget114514> has emptied WATER BUCKET at X= 13, Y= 62, Z= -304
[2023-07-11 12:02:58] [world] The Player <Funget114514> has emptied WATER BUCKET at X= 38, Y= 63, Z= -272
[2023-07-11 12:03:07] [world] The Player <Funget114514> has emptied WATER BUCKET at X= 38, Y= 63, Z= -272
[2023-07-11 12:06:44] [world] The Player <Enderlava> has emptied WATER BUCKET at X= 4, Y= 63, Z= -287
[2023-07-11 12:06:47] [world] The Player <Enderlava> has emptied WATER BUCKET at X= 1, Y= 63, Z= -284
[2023-07-11 12:06:48] [world] The Player <Enderlava> has emptied WATER BUCKET at X= 1, Y= 63, Z= -284
[2023-07-11 12:25:27] [world] The Player <Enderlava> has emptied WATER BUCKET at X= 9, Y= 65, Z= -320
[2023-07-11 12:25:51] [world] The Player <Enderlava> has emptied WATER BUCKET at X= 9, Y= 65, Z= -320
[2023-07-11 20:23:59] [world] The Player <Funget114514> has emptied LAVA BUCKET at X= -14, Y= 63, Z= -282
[2023-07-11 20:24:06] [world] The Player <Funget114514> has emptied LAVA BUCKET at X= -14, Y= 63, Z= -282
[2023-07-11 20:24:19] [world] The Player <Funget114514> has emptied LAVA BUCKET at X= -16, Y= 68, Z= -273
[2023-07-11 20:28:18] [world] The Player <Funget114514> has emptied LAVA BUCKET at X= -26, Y= 65, Z= -283
[2023-07-11 20:28:20] [world] The Player <Funget114514> has emptied LAVA BUCKET at X= -26, Y= 65, Z= -283
[2023-07-11 20:29:45] [world] The Player <Funget114514> has emptied LAVA BUCKET at X= -25, Y= 65, Z= -283
[2023-07-11 20:30:24] [world] The Player <Funget114514> has emptied LAVA BUCKET at X= -24, Y= 63, Z= -287
[2023-07-11 20:30:25] [world] The Player <Funget114514> has emptied LAVA BUCKET at X= -24, Y= 63, Z= -287
[2023-07-11 20:30:41] [world] The Player <Funget114514> has emptied LAVA BUCKET at X= -25, Y= 63, Z= -286
[2023-07-11 20:30:42] [world] The Player <Funget114514> has emptied LAVA BUCKET at X= -25, Y= 63, Z= -286
[2023-07-11 20:31:16] [world] The Player <Funget114514> has emptied LAVA BUCKET at X= -23, Y= 63, Z= -286
