[2023-07-06 15:31:00] [world] The Player <wqe123420> has left at -692, 77, -622
[2023-07-06 16:55:01] [world] The Player <Enderlava> has left at -21, 63, -280
[2023-07-06 17:39:14] [world] The Player <Enderlava> has left at -22, 63, -299
[2023-07-06 17:45:58] [world] The Player <wqe123420> has left at 44, 62, -340
[2023-07-06 17:47:15] [world] The Player <Funget114514> has left at 14, 63, -287
[2023-07-06 18:01:31] [world] The Player <Enderlava> has left at -36, 63, -303
[2023-07-06 18:13:35] [world] The Player <Enderlava> has left at -34, 63, -303
[2023-07-06 18:36:51] [world] The Player <Enderlava> has left at -24, 72, -247
[2023-07-06 19:13:33] [world] The Player <Funget114514> has left at -66, 58, -296
[2023-07-06 19:15:59] [world] The Player <Funget114514> has left at -66, 58, -296
[2023-07-06 19:17:06] [world] The Player <Funget114514> has left at -26, 63, -284
[2023-07-06 19:23:14] [world] The Player <Enderlava> has left at -26, 73, -267
[2023-07-06 19:25:56] [world] The Player <Funget114514> has left at -20, 63, -288
[2023-07-06 19:26:59] [world] The Player <Enderlava> has left at -23, 70, -273
[2023-07-06 20:12:40] [world] The Player <Enderlava> has left at -406, 89, -471
[2023-07-06 20:50:41] [world] The Player <wqe123420> has left at -850, -60, -760
[2023-07-06 21:09:31] [world] The Player <Funget114514> has left at -16, 73, -241
[2023-07-06 22:00:14] [world] The Player <wqe123420> has left at -7, 69, -281
[2023-07-06 22:00:44] [world] The Player <Funget114514> has left at 1, 63, -287
[2023-07-06 22:42:05] [world] The Player <Enderlava> has left at -127, 64, -111
