[2023-07-10 09:53:27] [world] The Player <Xw114> has left at 9, 62, -268
[2023-07-10 10:00:19] [world] The Player <Xw114> has left at -8, 63, -279
[2023-07-10 10:14:21] [world] The Player <Enderlava> has left at -15, 69, -273
[2023-07-10 10:23:48] [world] The Player <Enderlava> has left at -26, 68, -281
[2023-07-10 10:47:53] [world] The Player <wqe123420> has left at -29, -55, -139
[2023-07-10 10:53:01] [world] The Player <Enderlava> has left at -31, -55, -247
[2023-07-10 11:21:19] [world] The Player <Enderlava> has left at -81, 72, -229
[2023-07-10 11:50:19] [world] The Player <Enderlava> has left at -35, 73, -244
[2023-07-10 13:11:51] [world] The Player <Enderlava> has left at 12, 62, -268
[2023-07-10 13:11:53] [world] The Player <wqe123420> has left at 10, 62, -271
[2023-07-10 14:34:16] [world] The Player <Enderlava> has left at -56, 60, -296
[2023-07-10 15:16:27] [world] The Player <wqe123420> has left at -55, 66, -275
[2023-07-10 15:47:15] [world_the_end] The Player <wqe123420> has left at -14, 1, -282
[2023-07-10 15:52:06] [world] The Player <Enderlava> has left at 136, 54, -223
[2023-07-10 16:15:10] [world] The Player <Enderlava> has left at 12, 72, -258
[2023-07-10 16:37:06] [world] The Player <Enderlava> has left at -20, 70, -187
[2023-07-10 16:40:17] [world] The Player <Enderlava> has left at -32, 73, -190
[2023-07-10 16:52:59] [world] The Player <Enderlava> has left at -14, 75, -204
[2023-07-10 17:06:50] [world] The Player <Enderlava> has left at -23, 63, -287
[2023-07-10 18:26:06] [world] The Player <Enderlava> has left at -4, 63, -279
[2023-07-10 18:38:24] [world] The Player <Enderlava> has left at -211, 55, 12
[2023-07-10 20:22:30] [world_the_end] The Player <Enderlava> has left at 320, 1, 6
[2023-07-10 21:06:38] [world] The Player <Enderlava> has left at -19, 66, -282
[2023-07-10 21:10:31] [world] The Player <wqe123420> has left at -39, 68, -294
[2023-07-10 21:13:39] [world] The Player <wqe123420> has left at -39, 68, -294
[2023-07-10 21:25:59] [world] The Player <wqe123420> has left at -21, 63, -280
[2023-07-10 21:28:37] [world] The Player <wqe123420> has left at -17, 70, -281
[2023-07-10 21:39:13] [world] The Player <wqe123420> has left at -21, 63, -282
[2023-07-10 21:55:38] [world] The Player <Enderlava> has left at 1170, 80, -488
[2023-07-10 21:55:57] [world] The Player <wqe123420> has left at 1180, 89, -485
