[2023-07-11 08:42:20] [world] The Player <Funget114514> has left at -9, 66, -276
[2023-07-11 09:10:57] [world_the_end] The Player <Funget114514> has left at 329, 1, 7
[2023-07-11 09:18:41] [world_the_end] The Player <Funget114514> has left at 329, 1, 7
[2023-07-11 09:19:27] [world_the_end] The Player <Funget114514> has left at 329, 1, 7
[2023-07-11 09:32:03] [world_nether] The Player <Funget114514> has left at 40, 128, -26
[2023-07-11 09:59:01] [world] The Player <Funget114514> has left at -22, 63, -287
[2023-07-11 12:08:04] [world] The Player <Funget114514> has left at -27, 63, -282
[2023-07-11 12:08:30] [world] The Player <Enderlava> has left at -21, 64, -284
[2023-07-11 12:28:03] [world] The Player <Enderlava> has left at 36, 63, -318
[2023-07-11 13:25:46] [world] The Player <wqe123420> has left at 1180, 89, -485
[2023-07-11 14:22:35] [world_the_end] The Player <Enderlava> has left at 329, 1, 7
[2023-07-11 17:00:47] [world] The Player <Funget114514> has left at -25, 69, -281
[2023-07-11 17:09:01] [world] The Player <Funget114514> has left at -26, 72, -223
[2023-07-11 17:18:11] [world] The Player <wqe123420> has left at 44, 61, -186
[2023-07-11 17:25:10] [world_the_end] The Player <Funget114514> has left at 329, 1, 7
[2023-07-11 18:05:32] [world] The Player <wqe123420> has left at -26, 63, -282
[2023-07-11 18:11:56] [world] The Player <Enderlava> has left at -24, 63, -287
[2023-07-11 18:39:01] [world_the_end] The Player <Funget114514> has left at 329, 1, 7
[2023-07-11 19:05:25] [world] The Player <Funget114514> has left at -22, 63, -280
[2023-07-11 19:10:11] [world] The Player <Enderlava> has left at -24, 63, -287
[2023-07-11 19:52:02] [world] The Player <Enderlava> has left at -23, 63, -298
[2023-07-11 20:01:51] [world] The Player <Funget114514> has left at -126, 64, -109
[2023-07-11 20:42:51] [world] The Player <Funget114514> has left at -23, 63, -287
