[2023-07-20 10:23:44] [world_the_end] The Player <wqe123420> has left at -14, 1, -281
[2023-07-20 10:25:48] [world] The Player <Enderlava> has left at -14, 63, -287
[2023-07-20 10:46:31] [world] The Player <wqe123420> has left at -29, 69, -282
[2023-07-20 11:20:17] [world] The Player <Enderlava> has left at -19, 63, -278
[2023-07-20 11:58:51] [em_adventurers_guild] The Player <Enderlava> has left at 282, 91, 227
[2023-07-20 12:26:22] [world] The Player <Funget114514> has left at -3097, 75, 4431
[2023-07-20 12:29:43] [world] The Player <Enderlava> has left at -3141, 57, 4721
[2023-07-20 12:43:26] [world] The Player <Funget114514> has left at -3135, 54, 4449
[2023-07-20 12:44:57] [world_the_end] The Player <Enderlava> has left at -6, 61, -4
[2023-07-20 12:52:12] [world] The Player <wqe123420> has left at -27, 63, -286
[2023-07-20 13:07:14] [world_the_end] The Player <Funget114514> has left at -43, 60, -21
[2023-07-20 13:13:22] [world] The Player <Funget114514> has left at -34, 70, -274
[2023-07-20 13:32:19] [world_nether] The Player <Enderlava> has left at 26, 128, -5
[2023-07-20 13:34:47] [world_nether] The Player <wqe123420> has left at 30, 128, -6
[2023-07-20 14:09:49] [world] The Player <wqe123420> has left at -19, 63, -287
[2023-07-20 14:11:18] [world] The Player <Funget114514> has left at -21, 63, -281
[2023-07-20 14:13:15] [world_the_end] The Player <wqe123420> has left at -4, 57, -5
[2023-07-20 14:13:20] [world_the_end] The Player <Funget114514> has left at -6, 60, 0
[2023-07-20 14:20:29] [world_the_end] The Player <Funget114514> has left at -1, 64, -7
[2023-07-20 14:22:23] [world] The Player <Funget114514> has left at -27, 63, -287
[2023-07-20 14:24:28] [world_nether] The Player <Funget114514> has left at 2, 128, -24
[2023-07-20 14:51:46] [world_nether] The Player <Enderlava> has left at 168, 81, -151
[2023-07-20 14:52:58] [world_nether] The Player <Funget114514> has left at 181, 73, -188
[2023-07-20 14:54:07] [world] The Player <Funget114514> has left at -16, 63, -300
[2023-07-20 15:00:57] [world] The Player <Funget114514> has left at -14, 63, -283
[2023-07-20 15:20:06] [world] The Player <Enderlava> has left at 3, 75, -261
[2023-07-20 15:21:26] [world] The Player <Funget114514> has left at -83, 71, -174
[2023-07-20 15:44:42] [world] The Player <wqe123420> has left at -25, 69, -280
[2023-07-20 15:44:42] [world] The Player <Xw114> has left at -15, 64, -281
[2023-07-20 15:44:42] [world] The Player <Funget114514> has left at 1081, 199, -173
[2023-07-20 15:45:05] [world] The Player <wqe123420> has left at -21, 64, -285
[2023-07-20 15:48:03] [world] The Player <Xw114> has left at 5, 63, -298
[2023-07-20 15:58:59] [world] The Player <Funget114514> has left at 1081, 199, -173
[2023-07-20 16:09:58] [world] The Player <Funget114514> has left at 1076, 199, -173
[2023-07-20 16:11:24] [world_the_end] The Player <Xw114> has left at -9, 61, -8
[2023-07-20 16:13:09] [world_the_end] The Player <Enderlava> has left at 1, 62, -11
[2023-07-20 16:13:10] [world_the_end] The Player <Funget114514> has left at 1, 61, -8
[2023-07-20 16:14:57] [world_the_end] The Player <Funget114514> has left at 68, 91, 42
[2023-07-20 16:14:59] [world] The Player <wqe123420> has left at -21, 63, -281
[2023-07-20 16:15:36] [world_the_end] The Player <Funget114514> has left at -9, 62, 6
[2023-07-20 16:17:28] [world_the_end] The Player <Funget114514> has left at -6, 63, -3
[2023-07-20 16:32:29] [world_nether] The Player <wqe123420> has left at 4, 16, -720
[2023-07-20 18:10:10] [world] The Player <wqe123420> has left at 2853, -21, -1727
[2023-07-20 19:30:38] [world_nether] The Player <wqe123420> has left at -180, 14, 496
[2023-07-20 19:57:52] [world] The Player <wqe123420> has left at 8, 64, -298
[2023-07-20 20:06:46] [world] The Player <wqe123420> has left at -20, 63, -288
[2023-07-20 21:26:37] [world] The Player <Enderlava> has left at -1071, 55, -954
[2023-07-20 21:31:26] [world] The Player <wqe123420> has left at -835, 78, -841
[2023-07-20 21:55:07] [em_shadow_of_the_binder_of_worlds] The Player <Funget114514> has left at -127, 16, -112
[2023-07-20 22:27:11] [world] The Player <Funget114514> has left at -971, 69, -1006
[2023-07-20 22:28:41] [world] The Player <wqe123420> has left at -66, 74, -248
[2023-07-20 22:51:47] [world] The Player <Enderlava> has left at -969, 71, -1007
