[2023-07-21 15:23:57] [world] The Player <Funget114514> has left at -86, 48, -100
[2023-07-21 15:29:44] [world] The Player <Enderlava> has left at -20, 71, -291
[2023-07-21 15:29:48] [world] The Player <Funget114514> has left at -58, 69, -168
[2023-07-21 15:31:46] [world] The Player <Funget114514> has left at -58, 69, -168
[2023-07-21 15:34:18] [world] The Player <Funget114514> has left at -41, 67, -295
[2023-07-21 16:16:38] [world] The Player <Funget114514> has left at -26, 68, -291
[2023-07-21 17:09:07] [world] The Player <Enderlava> has left at -24, 68, -286
[2023-07-21 17:27:59] [world] The Player <wqe123420> has left at -27, 75, -281
[2023-07-21 17:37:34] [world] The Player <Enderlava> has left at -15, 64, -306
[2023-07-21 17:45:18] [world_nether] The Player <wqe123420> has left at -323, 14, -763
[2023-07-21 18:03:10] [world_nether] The Player <Funget114514> has left at 59, 14, -893
[2023-07-21 18:05:10] [world] The Player <Enderlava> has left at -9, 63, -292
[2023-07-21 18:10:08] [world] The Player <Enderlava1234> has left at -19, 63, -288
[2023-07-21 18:10:48] [world] The Player <Funget114514> has left at 9, 63, 13
[2023-07-21 18:14:02] [world] The Player <Funget114514> has left at 9, 63, 13
[2023-07-21 18:21:25] [world] The Player <Enderlava> has left at -5, 63, -284
[2023-07-21 18:26:55] [world] The Player <wqe123420> has left at -58, 72, -219
[2023-07-21 21:43:56] [world] The Player <Enderlava> has left at -17, 62, -327
[2023-07-21 21:45:15] [world] The Player <wqe123420> has left at -5, 68, -275
[2023-07-21 21:46:53] [world] The Player <Funget114514> has left at -177, 94, -504
[2023-07-21 22:32:43] [world_nether] The Player <wqe123420> has left at 38, 65, -271
[2023-07-21 22:41:45] [world] The Player <Enderlava> has left at 11, 62, -267
[2023-07-21 22:41:58] [world] The Player <Funget114514> has left at 24, 59, -285
