[2023-07-22 13:01:35] [world_the_end] The Player <Enderlava> has left at 329, 1, 7
[2023-07-22 13:25:56] [world_nether] The Player <wqe123420> has left at -116, 10, -334
[2023-07-22 13:39:36] [world] The Player <Funget114514> has left at -22, 58, -302
[2023-07-22 13:44:56] [world] The Player <wqe123420> has left at 1069, 199, -173
[2023-07-22 13:46:11] [world] The Player <Funget114514> has left at 15, 59, -305
[2023-07-22 14:04:13] [world] The Player <Enderlava> has left at -45, 71, -277
[2023-07-22 14:04:27] [world] The Player <Enderlava> has left at -41, 71, -274
[2023-07-22 14:09:44] [world] The Player <Enderlava> has left at 5, 69, -236
[2023-07-22 14:47:41] [world_nether] The Player <wqe123420> has left at 85, 128, -12
[2023-07-22 15:06:47] [world] The Player <wqe123420> has left at -70, -40, -212
[2023-07-22 15:12:30] [world] The Player <Funget114514> has left at -23, 63, -287
[2023-07-22 18:32:15] [world_the_end] The Player <Enderlava> has left at -1, 61, -4
[2023-07-22 19:14:09] [world_the_end] The Player <Enderlava> has left at 5, 61, -3
[2023-07-22 19:38:01] [world] The Player <Funget114514> has left at -503, 62, -432
[2023-07-22 19:48:46] [world] The Player <Funget114514> has left at -503, 62, -473
[2023-07-22 19:49:12] [world] The Player <Enderlava> has left at -39, 76, -296
[2023-07-22 20:47:16] [world] The Player <Enderlava> has left at 2, 69, -236
[2023-07-22 20:49:10] [world] The Player <wqe123420> has left at -17, 63, -303
[2023-07-22 21:57:21] [em_adventurers_guild] The Player <wqe123420> has left at 304, 115, 295
[2023-07-22 22:24:04] [em_adventurers_guild] The Player <Enderlava> has left at 233, 71, 275
[2023-07-22 22:24:07] [em_adventurers_guild] The Player <wqe123420> has left at 231, 71, 274
